2023-04-11 Tuesday 11:06:28: Run: 3 for Training experiment: DE-6 - route: ../nets/roundabout/input_routes_roundabout_auto_v1-6.rou.xml - first seed: 370 - alpha: 0.5 - gamma: 0.99 - epsilon: 0.2 - reward: diff-waiting-time
2023-04-11 Tuesday 11:32:03: Run: 1 - First Epsilon: 0.2 - Last Epsilon: 0.2
2023-04-11 Tuesday 11:46:21: Run: 2 - First Epsilon: 0.2 - Last Epsilon: 0.2
2023-04-11 Tuesday 11:55:36: Run: 3 - First Epsilon: 0.2 - Last Epsilon: 0.2
2023-04-11 Tuesday 12:05:08: Run: 4 - First Epsilon: 0.2 - Last Epsilon: 0.2
2023-04-11 Tuesday 12:14:23: Run: 5 - First Epsilon: 0.2 - Last Epsilon: 0.2
2023-04-11 Tuesday 12:14:23: Q-Table Total Distinct States: 1521
2023-04-11 Tuesday 12:14:23: Mean_reward=-3.44 +/- 2.54
2023-04-11 Tuesday 12:14:23: Mean_Stopped=219553.60 +/- 211462.49
2023-04-11 Tuesday 12:14:23: Mean_Stopped=219711.00 +/- 211468.71
2023-04-11 Tuesday 12:14:23: Mean_waiting_time=6605385.20 +/- 7000781.83
2023-04-11 Tuesday 12:14:23: Mean_avg_speed=2792.06 +/- 1056.54
2023-04-11 Tuesday 12:14:23: Mean_avg_speed_2=51835.07 +/- 19594.92
2023-04-11 Tuesday 12:14:23: Mean_avg_speed_cross_check=63909.35 +/- 19743.39
2023-04-11 Tuesday 12:14:23: ****************************************
2023-04-11 Tuesday 12:14:23: Calculation 1 - Overall 
2023-04-11 Tuesday 12:14:23: ****************************************
2023-04-11 Tuesday 12:14:23: Inner X Outer Loops Mean Reward= -0.000 +/- 1.366
2023-04-11 Tuesday 12:14:23: Inner X Outer Loops Mean Stopped= 21.953 +/- 24.068
2023-04-11 Tuesday 12:14:23: Inner X Outer Loops Mean Stopped Cross Check= 21.969 +/- 24.070
2023-04-11 Tuesday 12:14:23: Inner X Outer Loops Mean Waiting Time= 660.472 +/- 1026.223
2023-04-11 Tuesday 12:14:23: Inner X Outer Loops Mean Avg Speed= 0.279 +/- 0.129
2023-04-11 Tuesday 12:14:23: Inner X Outer Loops Mean Avg Speed 2= 5.183 +/- 2.387
2023-04-11 Tuesday 12:14:23: Inner X Outer Loops Mean Avg Speed Cross Check= 6.390 +/- 2.306
2023-04-11 Tuesday 12:14:23: ****************************************
2023-04-11 Tuesday 12:14:23: Calculation 2 - Per Episode
2023-04-11 Tuesday 12:14:23: ****************************************
2023-04-11 Tuesday 12:14:23: Episode:0 Mean Reward= -0.001 +/- 2.248
2023-04-11 Tuesday 12:14:23: Episode:1 Mean Reward= -0.000 +/- 1.469
2023-04-11 Tuesday 12:14:23: Episode:2 Mean Reward= -0.000 +/- 0.859
2023-04-11 Tuesday 12:14:23: Episode:3 Mean Reward= -0.001 +/- 0.797
2023-04-11 Tuesday 12:14:23: Episode:4 Mean Reward= -0.000 +/- 0.865
2023-04-11 Tuesday 12:14:23: 1-Total Mean Reward= -0.000 +/- 0.000
2023-04-11 Tuesday 12:14:23: 2-Total Mean Reward= -0.000 +/- 1.248
2023-04-11 Tuesday 12:14:23: ****
2023-04-11 Tuesday 12:14:23: Episode:0 Mean Stopped= 62.163 +/- 16.859
2023-04-11 Tuesday 12:14:23: Episode:1 Mean Stopped= 24.571 +/- 18.875
2023-04-11 Tuesday 12:14:23: Episode:2 Mean Stopped= 7.804 +/- 2.666
2023-04-11 Tuesday 12:14:23: Episode:3 Mean Stopped= 7.264 +/- 2.553
2023-04-11 Tuesday 12:14:23: Episode:4 Mean Stopped= 7.964 +/- 2.640
2023-04-11 Tuesday 12:14:23: 1-Total Mean Stopped= 21.953 +/- 21.144
2023-04-11 Tuesday 12:14:23: 2-Total Mean Stopped= 21.953 +/- 8.719
2023-04-11 Tuesday 12:14:23: ****
2023-04-11 Tuesday 12:14:23: Episode:0 Mean Stopped Cross Check= 62.180 +/- 16.857
2023-04-11 Tuesday 12:14:23: Episode:1 Mean Stopped Cross Check= 24.587 +/- 18.878
2023-04-11 Tuesday 12:14:23: Episode:2 Mean Stopped Cross Check= 7.820 +/- 2.671
2023-04-11 Tuesday 12:14:23: Episode:3 Mean Stopped Cross Check= 7.275 +/- 2.557
2023-04-11 Tuesday 12:14:23: Episode:4 Mean Stopped Cross Check= 7.982 +/- 2.645
2023-04-11 Tuesday 12:14:23: 1-Total Mean Stopped Cross Check= 21.969 +/- 21.145
2023-04-11 Tuesday 12:14:23: 2-Total Mean Stopped Cross Check= 21.969 +/- 8.722
2023-04-11 Tuesday 12:14:23: ****
2023-04-11 Tuesday 12:14:23: Episode:0 Mean Waiting Time= 1999.119 +/- 1366.371
2023-04-11 Tuesday 12:14:23: Episode:1 Mean Waiting Time= 722.230 +/- 915.300
2023-04-11 Tuesday 12:14:23: Episode:2 Mean Waiting Time= 201.557 +/- 197.320
2023-04-11 Tuesday 12:14:23: Episode:3 Mean Waiting Time= 174.484 +/- 181.826
2023-04-11 Tuesday 12:14:23: Episode:4 Mean Waiting Time= 204.972 +/- 197.161
2023-04-11 Tuesday 12:14:23: 1-Total Mean Waiting Time= 660.472 +/- 700.008
2023-04-11 Tuesday 12:14:23: 2-Total Mean Waiting Time= 660.472 +/- 571.596
2023-04-11 Tuesday 12:14:23: Episode:0 Mean Avg Speed= 0.090 +/- 0.032
2023-04-11 Tuesday 12:14:23: Episode:1 Mean Avg Speed= 0.236 +/- 0.121
2023-04-11 Tuesday 12:14:23: Episode:2 Mean Avg Speed= 0.354 +/- 0.063
2023-04-11 Tuesday 12:14:23: Episode:3 Mean Avg Speed= 0.366 +/- 0.063
2023-04-11 Tuesday 12:14:23: Episode:4 Mean Avg Speed= 0.351 +/- 0.063
2023-04-11 Tuesday 12:14:23: 1-Total Mean Avg Speed= 0.279 +/- 0.106
2023-04-11 Tuesday 12:14:23: 2-Total Mean Avg Speed= 0.279 +/- 0.068
2023-04-11 Tuesday 12:14:23: Episode:0 Mean Avg Speed 2= 1.675 +/- 0.602
2023-04-11 Tuesday 12:14:23: Episode:1 Mean Avg Speed 2= 4.379 +/- 2.236
2023-04-11 Tuesday 12:14:23: Episode:2 Mean Avg Speed 2= 6.571 +/- 1.137
2023-04-11 Tuesday 12:14:23: Episode:3 Mean Avg Speed 2= 6.786 +/- 1.154
2023-04-11 Tuesday 12:14:23: Episode:4 Mean Avg Speed 2= 6.504 +/- 1.142
2023-04-11 Tuesday 12:14:23: 1-Total Mean Avg Speed 2= 5.183 +/- 1.959
2023-04-11 Tuesday 12:14:23: 2-Total Mean Avg Speed 2= 5.183 +/- 1.254
2023-04-11 Tuesday 12:14:23: Episode:0 Mean Avg Speed Cross Check= 2.804 +/- 0.723
2023-04-11 Tuesday 12:14:23: Episode:1 Mean Avg Speed Cross Check= 5.692 +/- 2.128
2023-04-11 Tuesday 12:14:23: Episode:2 Mean Avg Speed Cross Check= 7.783 +/- 0.825
2023-04-11 Tuesday 12:14:23: Episode:3 Mean Avg Speed Cross Check= 7.937 +/- 0.825
2023-04-11 Tuesday 12:14:23: Episode:4 Mean Avg Speed Cross Check= 7.735 +/- 0.830
2023-04-11 Tuesday 12:14:23: 1-Total Mean Avg Speed Cross Check= 6.390 +/- 1.974
2023-04-11 Tuesday 12:14:23: 2-Total Mean Avg Speed Cross Check= 6.390 +/- 1.066
2023-04-11 Tuesday 12:14:23: ****************************************
