2023-02-13 Monday 14:50:58: Run: 1 - First Epsilon: 0.4 - Last Epsilon: 0.4
2023-02-13 Monday 15:02:31: Run: 2 - First Epsilon: 0.4 - Last Epsilon: 0.4
2023-02-13 Monday 15:15:04: Run: 3 - First Epsilon: 0.4 - Last Epsilon: 0.4
2023-02-13 Monday 15:26:47: Run: 4 - First Epsilon: 0.4 - Last Epsilon: 0.4
2023-02-13 Monday 15:38:57: Run: 5 - First Epsilon: 0.4 - Last Epsilon: 0.4
2023-02-13 Monday 15:38:58: Q-Table Total Distinct States: 151
2023-02-13 Monday 15:38:58: Mean_reward=13949.96 +/- 754.41
2023-02-13 Monday 15:38:58: Mean_Stopped=562603.40 +/- 17320.81
2023-02-13 Monday 15:38:58: Mean_Stopped=562688.60 +/- 17325.23
2023-02-13 Monday 15:38:58: Mean_waiting_time=307969858.80 +/- 70522203.25
2023-02-13 Monday 15:38:58: Mean_avg_speed=7350.92 +/- 6620.63
2023-02-13 Monday 15:38:58: Mean_avg_speed_2=nan +/- nan
2023-02-13 Monday 15:38:58: Mean_avg_speed_cross_check=23736.58 +/- 1163.40
2023-02-13 Monday 15:38:58: ****************************************
2023-02-13 Monday 15:38:58: Calculation 1 - Overall 
2023-02-13 Monday 15:38:58: ****************************************
2023-02-13 Monday 15:38:58: Inner X Outer Loops Mean Reward= 1.395 +/- 0.595
2023-02-13 Monday 15:38:58: Inner X Outer Loops Mean Stopped= 56.255 +/- 10.101
2023-02-13 Monday 15:38:58: Inner X Outer Loops Mean Stopped Cross Check= 56.263 +/- 10.091
2023-02-13 Monday 15:38:58: Inner X Outer Loops Mean Waiting Time= 30793.906 +/- 20931.337
2023-02-13 Monday 15:38:58: Inner X Outer Loops Mean Avg Speed= 0.075 +/- 0.032
2023-02-13 Monday 15:38:58: Inner X Outer Loops Mean Avg Speed 2= 1.395 +/- 0.595
2023-02-13 Monday 15:38:58: Inner X Outer Loops Mean Avg Speed Cross Check= 2.373 +/- 0.730
2023-02-13 Monday 15:38:58: ****************************************
2023-02-13 Monday 15:38:58: Calculation 2 - Per Episode
2023-02-13 Monday 15:38:58: ****************************************
2023-02-13 Monday 15:38:58: Episode:0 Mean Reward= 1.390 +/- 0.601
2023-02-13 Monday 15:38:58: Episode:1 Mean Reward= 1.480 +/- 0.607
2023-02-13 Monday 15:38:58: Episode:2 Mean Reward= 1.276 +/- 0.578
2023-02-13 Monday 15:38:58: Episode:3 Mean Reward= 1.358 +/- 0.582
2023-02-13 Monday 15:38:58: Episode:4 Mean Reward= 1.471 +/- 0.583
2023-02-13 Monday 15:38:58: 1-Total Mean Reward= 1.395 +/- 0.075
2023-02-13 Monday 15:38:58: 2-Total Mean Reward= 1.395 +/- 0.590
2023-02-13 Monday 15:38:58: ****
2023-02-13 Monday 15:38:58: Episode:0 Mean Stopped= 56.965 +/- 10.655
2023-02-13 Monday 15:38:58: Episode:1 Mean Stopped= 54.244 +/- 9.492
2023-02-13 Monday 15:38:58: Episode:2 Mean Stopped= 58.840 +/- 9.850
2023-02-13 Monday 15:38:58: Episode:3 Mean Stopped= 56.825 +/- 9.802
2023-02-13 Monday 15:38:58: Episode:4 Mean Stopped= 54.399 +/- 9.922
2023-02-13 Monday 15:38:58: 1-Total Mean Stopped= 56.255 +/- 1.732
2023-02-13 Monday 15:38:58: 2-Total Mean Stopped= 56.255 +/- 9.944
2023-02-13 Monday 15:38:58: ****
2023-02-13 Monday 15:38:58: Episode:0 Mean Stopped Cross Check= 56.983 +/- 10.632
2023-02-13 Monday 15:38:58: Episode:1 Mean Stopped Cross Check= 54.248 +/- 9.488
2023-02-13 Monday 15:38:58: Episode:2 Mean Stopped Cross Check= 58.844 +/- 9.846
2023-02-13 Monday 15:38:58: Episode:3 Mean Stopped Cross Check= 56.834 +/- 9.790
2023-02-13 Monday 15:38:58: Episode:4 Mean Stopped Cross Check= 54.408 +/- 9.914
2023-02-13 Monday 15:38:58: 1-Total Mean Stopped Cross Check= 56.263 +/- 1.732
2023-02-13 Monday 15:38:58: 2-Total Mean Stopped Cross Check= 56.263 +/- 9.934
2023-02-13 Monday 15:38:58: ****
2023-02-13 Monday 15:38:58: Episode:0 Mean Waiting Time= 26445.683 +/- 14308.960
2023-02-13 Monday 15:38:58: Episode:1 Mean Waiting Time= 26427.844 +/- 18299.929
2023-02-13 Monday 15:38:58: Episode:2 Mean Waiting Time= 42555.282 +/- 24552.396
2023-02-13 Monday 15:38:58: Episode:3 Mean Waiting Time= 35087.469 +/- 24026.422
2023-02-13 Monday 15:38:58: Episode:4 Mean Waiting Time= 23453.256 +/- 14908.458
2023-02-13 Monday 15:38:58: 1-Total Mean Waiting Time= 30793.906 +/- 7051.515
2023-02-13 Monday 15:38:58: 2-Total Mean Waiting Time= 30793.906 +/- 19219.233
2023-02-13 Monday 15:38:58: Episode:0 Mean Avg Speed= 0.075 +/- 0.032
2023-02-13 Monday 15:38:58: Episode:1 Mean Avg Speed= 0.080 +/- 0.032
2023-02-13 Monday 15:38:58: Episode:2 Mean Avg Speed= 0.069 +/- 0.031
2023-02-13 Monday 15:38:58: Episode:3 Mean Avg Speed= 0.073 +/- 0.031
2023-02-13 Monday 15:38:58: Episode:4 Mean Avg Speed= 0.079 +/- 0.031
2023-02-13 Monday 15:38:58: 1-Total Mean Avg Speed= 0.075 +/- 0.004
2023-02-13 Monday 15:38:58: 2-Total Mean Avg Speed= 0.075 +/- 0.031
2023-02-13 Monday 15:38:58: Episode:0 Mean Avg Speed 2= 1.390 +/- 0.601
2023-02-13 Monday 15:38:58: Episode:1 Mean Avg Speed 2= 1.480 +/- 0.607
2023-02-13 Monday 15:38:58: Episode:2 Mean Avg Speed 2= 1.276 +/- 0.578
2023-02-13 Monday 15:38:58: Episode:3 Mean Avg Speed 2= 1.358 +/- 0.582
2023-02-13 Monday 15:38:58: Episode:4 Mean Avg Speed 2= 1.471 +/- 0.583
2023-02-13 Monday 15:38:58: 1-Total Mean Avg Speed 2= 1.395 +/- 0.075
2023-02-13 Monday 15:38:58: 2-Total Mean Avg Speed 2= 1.395 +/- 0.590
2023-02-13 Monday 15:38:58: Episode:0 Mean Avg Speed Cross Check= 2.371 +/- 0.723
2023-02-13 Monday 15:38:58: Episode:1 Mean Avg Speed Cross Check= 2.499 +/- 0.734
2023-02-13 Monday 15:38:58: Episode:2 Mean Avg Speed Cross Check= 2.188 +/- 0.716
2023-02-13 Monday 15:38:58: Episode:3 Mean Avg Speed Cross Check= 2.316 +/- 0.718
2023-02-13 Monday 15:38:58: Episode:4 Mean Avg Speed Cross Check= 2.492 +/- 0.714
2023-02-13 Monday 15:38:58: 1-Total Mean Avg Speed Cross Check= 2.373 +/- 0.116
2023-02-13 Monday 15:38:58: 2-Total Mean Avg Speed Cross Check= 2.373 +/- 0.721
2023-02-13 Monday 15:38:58: ****************************************
