2023-01-14 Saturday 11:10:25: Run: 1 - First Epsilon: 0.1 - Last Epsilon: 0.1
2023-01-14 Saturday 11:38:22: Run: 2 - First Epsilon: 0.1 - Last Epsilon: 0.1
2023-01-14 Saturday 12:07:15: Run: 3 - First Epsilon: 0.1 - Last Epsilon: 0.1
2023-01-14 Saturday 12:35:44: Run: 4 - First Epsilon: 0.1 - Last Epsilon: 0.1
2023-01-14 Saturday 13:05:36: Run: 5 - First Epsilon: 0.1 - Last Epsilon: 0.1
2023-01-14 Saturday 13:05:37: Q-Table Total Distinct States: 18864
2023-01-14 Saturday 13:05:37: Mean_reward=-734.52 +/- 59.18
2023-01-14 Saturday 13:05:37: Mean_Stopped=1699481.80 +/- 60632.10
2023-01-14 Saturday 13:05:37: Mean_waiting_time=677481459.80 +/- 34811304.17
2023-01-14 Saturday 13:05:37: ****************************************
2023-01-14 Saturday 13:05:37: Calculation 1 - Overall 
2023-01-14 Saturday 13:05:37: ****************************************
2023-01-14 Saturday 13:05:37: Inner X Outer Loops Mean Reward= -0.073 +/- 6.156
2023-01-14 Saturday 13:05:37: Inner X Outer Loops Mean Stopped= 169.931 +/- 20.446
2023-01-14 Saturday 13:05:37: Inner X Outer Loops Mean Waiting Time= 67741.372 +/- 11088.035
2023-01-14 Saturday 13:05:37: ****************************************
2023-01-14 Saturday 13:05:37: Calculation 2 - Per Episode
2023-01-14 Saturday 13:05:37: ****************************************
2023-01-14 Saturday 13:05:37: Episode:0 Mean Reward= -0.068 +/- 6.680
2023-01-14 Saturday 13:05:37: Episode:1 Mean Reward= -0.073 +/- 6.164
2023-01-14 Saturday 13:05:37: Episode:2 Mean Reward= -0.069 +/- 6.172
2023-01-14 Saturday 13:05:37: Episode:3 Mean Reward= -0.073 +/- 5.988
2023-01-14 Saturday 13:05:37: Episode:4 Mean Reward= -0.085 +/- 5.736
2023-01-14 Saturday 13:05:37: 1-Total Mean Reward= -0.073 +/- 0.006
2023-01-14 Saturday 13:05:37: 2-Total Mean Reward= -0.073 +/- 6.148
2023-01-14 Saturday 13:05:37: ****
2023-01-14 Saturday 13:05:37: Episode:0 Mean Stopped= 161.656 +/- 15.196
2023-01-14 Saturday 13:05:37: Episode:1 Mean Stopped= 166.139 +/- 19.063
2023-01-14 Saturday 13:05:37: Episode:2 Mean Stopped= 172.699 +/- 20.552
2023-01-14 Saturday 13:05:37: Episode:3 Mean Stopped= 169.581 +/- 22.525
2023-01-14 Saturday 13:05:37: Episode:4 Mean Stopped= 179.581 +/- 19.552
2023-01-14 Saturday 13:05:37: 1-Total Mean Stopped= 169.931 +/- 6.063
2023-01-14 Saturday 13:05:37: 2-Total Mean Stopped= 169.931 +/- 19.378
2023-01-14 Saturday 13:05:37: ****
2023-01-14 Saturday 13:05:37: Episode:0 Mean Waiting Time= 73520.349 +/- 10772.509
2023-01-14 Saturday 13:05:37: Episode:1 Mean Waiting Time= 69578.108 +/- 11105.703
2023-01-14 Saturday 13:05:37: Episode:2 Mean Waiting Time= 66927.762 +/- 10304.906
2023-01-14 Saturday 13:05:37: Episode:3 Mean Waiting Time= 64420.249 +/- 10922.831
2023-01-14 Saturday 13:05:37: Episode:4 Mean Waiting Time= 64260.391 +/- 9447.776
2023-01-14 Saturday 13:05:37: 1-Total Mean Waiting Time= 67741.372 +/- 3480.782
2023-01-14 Saturday 13:05:37: 2-Total Mean Waiting Time= 67741.372 +/- 10510.745
2023-01-14 Saturday 13:05:37: ****************************************
