2023-04-12 Wednesday 19:08:40: Run: 5 for Training experiment: DE-7 - route: ../nets/roundabout/input_routes_roundabout_auto_v1-7.rou.xml - first seed: 570 - alpha: 0.5 - gamma: 0.99 - epsilon: 0.2 - reward: diff-waiting-time
2023-04-12 Wednesday 19:25:15: Run: 1 - First Epsilon: 0.2 - Last Epsilon: 0.2
2023-04-12 Wednesday 19:34:50: Run: 2 - First Epsilon: 0.2 - Last Epsilon: 0.2
2023-04-12 Wednesday 19:44:53: Run: 3 - First Epsilon: 0.2 - Last Epsilon: 0.2
2023-04-12 Wednesday 19:56:03: Run: 4 - First Epsilon: 0.2 - Last Epsilon: 0.2
2023-04-12 Wednesday 20:08:11: Run: 5 - First Epsilon: 0.2 - Last Epsilon: 0.2
2023-04-12 Wednesday 20:08:11: Q-Table Total Distinct States: 771
2023-04-12 Wednesday 20:08:11: Mean_reward=-2.27 +/- 0.88
2023-04-12 Wednesday 20:08:11: Mean_Stopped=110985.60 +/- 74127.27
2023-04-12 Wednesday 20:08:11: Mean_Stopped=111128.60 +/- 74138.93
2023-04-12 Wednesday 20:08:11: Mean_waiting_time=3224250.80 +/- 2731073.70
2023-04-12 Wednesday 20:08:11: Mean_avg_speed=3390.56 +/- 454.29
2023-04-12 Wednesday 20:08:11: Mean_avg_speed_2=62999.50 +/- 8453.61
2023-04-12 Wednesday 20:08:11: Mean_avg_speed_cross_check=74880.25 +/- 8228.99
2023-04-12 Wednesday 20:08:11: ****************************************
2023-04-12 Wednesday 20:08:11: Calculation 1 - Overall 
2023-04-12 Wednesday 20:08:11: ****************************************
2023-04-12 Wednesday 20:08:11: Inner X Outer Loops Mean Reward= -0.000 +/- 1.031
2023-04-12 Wednesday 20:08:11: Inner X Outer Loops Mean Stopped= 11.097 +/- 12.954
2023-04-12 Wednesday 20:08:11: Inner X Outer Loops Mean Stopped Cross Check= 11.112 +/- 12.957
2023-04-12 Wednesday 20:08:11: Inner X Outer Loops Mean Waiting Time= 322.393 +/- 723.098
2023-04-12 Wednesday 20:08:11: Inner X Outer Loops Mean Avg Speed= 0.339 +/- 0.093
2023-04-12 Wednesday 20:08:11: Inner X Outer Loops Mean Avg Speed 2= 6.299 +/- 1.706
2023-04-12 Wednesday 20:08:11: Inner X Outer Loops Mean Avg Speed Cross Check= 7.487 +/- 1.520
2023-04-12 Wednesday 20:08:11: ****************************************
2023-04-12 Wednesday 20:08:11: Calculation 2 - Per Episode
2023-04-12 Wednesday 20:08:11: ****************************************
2023-04-12 Wednesday 20:08:11: Episode:0 Mean Reward= -0.000 +/- 1.602
2023-04-12 Wednesday 20:08:11: Episode:1 Mean Reward= -0.000 +/- 0.862
2023-04-12 Wednesday 20:08:11: Episode:2 Mean Reward= -0.000 +/- 0.872
2023-04-12 Wednesday 20:08:11: Episode:3 Mean Reward= -0.000 +/- 0.778
2023-04-12 Wednesday 20:08:11: Episode:4 Mean Reward= -0.000 +/- 0.799
2023-04-12 Wednesday 20:08:11: 1-Total Mean Reward= -0.000 +/- 0.000
2023-04-12 Wednesday 20:08:11: 2-Total Mean Reward= -0.000 +/- 0.982
2023-04-12 Wednesday 20:08:11: ****
2023-04-12 Wednesday 20:08:11: Episode:0 Mean Stopped= 25.918 +/- 23.273
2023-04-12 Wednesday 20:08:11: Episode:1 Mean Stopped= 7.572 +/- 2.528
2023-04-12 Wednesday 20:08:11: Episode:2 Mean Stopped= 7.532 +/- 2.367
2023-04-12 Wednesday 20:08:11: Episode:3 Mean Stopped= 7.123 +/- 2.308
2023-04-12 Wednesday 20:08:11: Episode:4 Mean Stopped= 7.343 +/- 2.318
2023-04-12 Wednesday 20:08:11: 1-Total Mean Stopped= 11.097 +/- 7.412
2023-04-12 Wednesday 20:08:11: 2-Total Mean Stopped= 11.097 +/- 6.559
2023-04-12 Wednesday 20:08:11: ****
2023-04-12 Wednesday 20:08:11: Episode:0 Mean Stopped Cross Check= 25.935 +/- 23.279
2023-04-12 Wednesday 20:08:11: Episode:1 Mean Stopped Cross Check= 7.587 +/- 2.530
2023-04-12 Wednesday 20:08:11: Episode:2 Mean Stopped Cross Check= 7.545 +/- 2.369
2023-04-12 Wednesday 20:08:11: Episode:3 Mean Stopped Cross Check= 7.136 +/- 2.310
2023-04-12 Wednesday 20:08:11: Episode:4 Mean Stopped Cross Check= 7.356 +/- 2.319
2023-04-12 Wednesday 20:08:11: 1-Total Mean Stopped Cross Check= 11.112 +/- 7.413
2023-04-12 Wednesday 20:08:11: 2-Total Mean Stopped Cross Check= 11.112 +/- 6.561
2023-04-12 Wednesday 20:08:11: ****
2023-04-12 Wednesday 20:08:11: Episode:0 Mean Waiting Time= 867.731 +/- 1453.239
2023-04-12 Wednesday 20:08:11: Episode:1 Mean Waiting Time= 200.436 +/- 198.899
2023-04-12 Wednesday 20:08:11: Episode:2 Mean Waiting Time= 204.329 +/- 198.486
2023-04-12 Wednesday 20:08:11: Episode:3 Mean Waiting Time= 164.867 +/- 153.883
2023-04-12 Wednesday 20:08:11: Episode:4 Mean Waiting Time= 174.600 +/- 164.163
2023-04-12 Wednesday 20:08:11: 1-Total Mean Waiting Time= 322.393 +/- 273.080
2023-04-12 Wednesday 20:08:11: 2-Total Mean Waiting Time= 322.393 +/- 433.734
2023-04-12 Wednesday 20:08:11: Episode:0 Mean Avg Speed= 0.248 +/- 0.134
2023-04-12 Wednesday 20:08:11: Episode:1 Mean Avg Speed= 0.358 +/- 0.062
2023-04-12 Wednesday 20:08:11: Episode:2 Mean Avg Speed= 0.359 +/- 0.060
2023-04-12 Wednesday 20:08:11: Episode:3 Mean Avg Speed= 0.367 +/- 0.061
2023-04-12 Wednesday 20:08:11: Episode:4 Mean Avg Speed= 0.362 +/- 0.060
2023-04-12 Wednesday 20:08:11: 1-Total Mean Avg Speed= 0.339 +/- 0.045
2023-04-12 Wednesday 20:08:11: 2-Total Mean Avg Speed= 0.339 +/- 0.075
2023-04-12 Wednesday 20:08:11: Episode:0 Mean Avg Speed 2= 4.613 +/- 2.475
2023-04-12 Wednesday 20:08:11: Episode:1 Mean Avg Speed 2= 6.664 +/- 1.123
2023-04-12 Wednesday 20:08:11: Episode:2 Mean Avg Speed 2= 6.669 +/- 1.080
2023-04-12 Wednesday 20:08:11: Episode:3 Mean Avg Speed 2= 6.821 +/- 1.113
2023-04-12 Wednesday 20:08:11: Episode:4 Mean Avg Speed 2= 6.730 +/- 1.090
2023-04-12 Wednesday 20:08:11: 1-Total Mean Avg Speed 2= 6.299 +/- 0.845
2023-04-12 Wednesday 20:08:11: 2-Total Mean Avg Speed 2= 6.299 +/- 1.376
2023-04-12 Wednesday 20:08:11: Episode:0 Mean Avg Speed Cross Check= 5.844 +/- 2.385
2023-04-12 Wednesday 20:08:11: Episode:1 Mean Avg Speed Cross Check= 7.853 +/- 0.810
2023-04-12 Wednesday 20:08:11: Episode:2 Mean Avg Speed Cross Check= 7.861 +/- 0.779
2023-04-12 Wednesday 20:08:11: Episode:3 Mean Avg Speed Cross Check= 7.971 +/- 0.785
2023-04-12 Wednesday 20:08:11: Episode:4 Mean Avg Speed Cross Check= 7.908 +/- 0.774
2023-04-12 Wednesday 20:08:11: 1-Total Mean Avg Speed Cross Check= 7.487 +/- 0.823
2023-04-12 Wednesday 20:08:11: 2-Total Mean Avg Speed Cross Check= 7.487 +/- 1.106
2023-04-12 Wednesday 20:08:11: ****************************************
