2023-04-12 Wednesday 20:21:03 root:INFO:Run: 5 for Baseline experiment: DE-7 - route: ../nets/roundabout/input_routes_roundabout_auto_v1-7.rou.xml - first seed: 580 - alpha: 0.5 - gamma: 0.99 - epsilon: 0.2 - reward: diff-waiting-time
2023-04-12 Wednesday 21:03:48 root:INFO:Total Missing States: 0
2023-04-12 Wednesday 21:03:48 root:INFO:Mean Reward=-1269810.00 +/- 0.00
2023-04-12 Wednesday 21:03:48 root:INFO:Mean Stopped=1269810.00 +/- 0.00
2023-04-12 Wednesday 21:03:48 root:INFO:Mean_Stopped=1269841.00 +/- 0.00
2023-04-12 Wednesday 21:03:48 root:INFO:Mean Waiting Time=29055491.00 +/- 0.00
2023-04-12 Wednesday 21:03:48 root:INFO:Mean_avg_speed=408.30 +/- 0.00
2023-04-12 Wednesday 21:03:48 root:INFO:Mean_avg_speed_2=7592.75 +/- 0.00
2023-04-12 Wednesday 21:03:48 root:INFO:Mean_avg_speed_cross_check=13588.43 +/- 0.00
2023-04-12 Wednesday 21:03:48 root:INFO:****************************************
2023-04-12 Wednesday 21:03:48 root:INFO:Calculation 1 - Overall 
2023-04-12 Wednesday 21:03:48 root:INFO:****************************************
2023-04-12 Wednesday 21:03:48 root:INFO:Inner X Outer Loops Mean Reward=-126.968 +/- 23.340
2023-04-12 Wednesday 21:03:48 root:INFO:Inner X Outer Loops Mean Stopped= 126.968 +/- 23.340
2023-04-12 Wednesday 21:03:48 root:INFO:Inner X Outer Loops Mean Stopped Cross Check= 126.971 +/- 23.340
2023-04-12 Wednesday 21:03:48 root:INFO:Inner X Outer Loops Mean Waiting Time= 2905.259 +/- 573.643
2023-04-12 Wednesday 21:03:48 root:INFO:Inner X Outer Loops Mean Avg Speed= 0.041 +/- 0.031
2023-04-12 Wednesday 21:03:48 root:INFO:Inner X Outer Loops Mean Avg Speed 2= 0.759 +/- 0.584
2023-04-12 Wednesday 21:03:48 root:INFO:Inner X Outer Loops Mean Avg Speed Cross Check= 1.359 +/- 0.654
2023-04-12 Wednesday 21:03:48 root:INFO:****************************************
2023-04-12 Wednesday 21:03:48 root:INFO:Calculation 2 - Per Episode
2023-04-12 Wednesday 21:03:48 root:INFO:****************************************
2023-04-12 Wednesday 21:03:48 root:INFO:Episode:0 Mean Waiting Time=-126.968 +/- 23.340
2023-04-12 Wednesday 21:03:48 root:INFO:1-Total Mean Reward= -126.968 +/- 0.000
2023-04-12 Wednesday 21:03:48 root:INFO:2-Total Mean Reward= -126.968 +/- 23.340
2023-04-12 Wednesday 21:03:48 root:INFO:****
2023-04-12 Wednesday 21:03:48 root:INFO:Episode:0 Mean Stopped= 126.968 +/- 23.340
2023-04-12 Wednesday 21:03:48 root:INFO:1-Total Mean Stopped= 126.968 +/- 0.000
2023-04-12 Wednesday 21:03:48 root:INFO:2-Total Mean Stopped= 126.968 +/- 23.340
2023-04-12 Wednesday 21:03:48 root:INFO:****
2023-04-12 Wednesday 21:03:48 root:INFO:Episode:0 Mean Stopped Cross Check= 126.971 +/- 23.340
2023-04-12 Wednesday 21:03:48 root:INFO:1-Total Mean Stopped Cross Check= 126.971 +/- 0.000
2023-04-12 Wednesday 21:03:48 root:INFO:2-Total Mean Stopped Cross Check= 126.971 +/- 23.340
2023-04-12 Wednesday 21:03:48 root:INFO:****
2023-04-12 Wednesday 21:03:48 root:INFO:Episode:0 Mean Waiting Time= 2905.259 +/- 573.643
2023-04-12 Wednesday 21:03:48 root:INFO:1-Total Mean Waiting Time= 2905.259 +/- 0.000
2023-04-12 Wednesday 21:03:48 root:INFO:2-Total Mean Waiting Time= 2905.259 +/- 573.643
2023-04-12 Wednesday 21:03:48 root:INFO:Episode:0 Mean Avg Speed= 0.041 +/- 0.031
2023-04-12 Wednesday 21:03:48 root:INFO:1-Total Mean Avg Speed= 0.041 +/- 0.000
2023-04-12 Wednesday 21:03:48 root:INFO:2-Total Mean Avg Speed= 0.041 +/- 0.031
2023-04-12 Wednesday 21:03:48 root:INFO:Episode:0 Mean Avg Speed 2= 0.759 +/- 0.584
2023-04-12 Wednesday 21:03:48 root:INFO:1-Total Mean Avg Speed 2= 0.759 +/- 0.000
2023-04-12 Wednesday 21:03:48 root:INFO:2-Total Mean Avg Speed 2= 0.759 +/- 0.584
2023-04-12 Wednesday 21:03:48 root:INFO:Episode:0 Mean Avg Speed Cross Check= 1.359 +/- 0.654
2023-04-12 Wednesday 21:03:48 root:INFO:1-Total Mean Avg Speed Cross Check= 1.359 +/- 0.000
2023-04-12 Wednesday 21:03:48 root:INFO:2-Total Mean Avg Speed Cross Check= 1.359 +/- 0.654
2023-04-12 Wednesday 21:03:48 root:INFO:****************************************
