2023-03-14 Tuesday 15:32:47: Run: 5 for Training experiment: DoE-10 - first seed: 570 - alpha: 0.1 - gamma: 0.9 - epsilon: 0.3 - reward: average-speed-2
2023-03-14 Tuesday 15:51:17: Run: 1 - First Epsilon: 0.3 - Last Epsilon: 0.3
2023-03-14 Tuesday 16:08:43: Run: 2 - First Epsilon: 0.3 - Last Epsilon: 0.3
2023-03-14 Tuesday 16:25:54: Run: 3 - First Epsilon: 0.3 - Last Epsilon: 0.3
2023-03-14 Tuesday 16:43:04: Run: 4 - First Epsilon: 0.3 - Last Epsilon: 0.3
2023-03-14 Tuesday 16:59:52: Run: 5 - First Epsilon: 0.3 - Last Epsilon: 0.3
2023-03-14 Tuesday 16:59:52: Q-Table Total Distinct States: 568
2023-03-14 Tuesday 16:59:52: Mean_reward=11790.91 +/- 832.38
2023-03-14 Tuesday 16:59:52: Mean_Stopped=899627.40 +/- 50561.79
2023-03-14 Tuesday 16:59:52: Mean_Stopped=899824.00 +/- 50597.95
2023-03-14 Tuesday 16:59:52: Mean_waiting_time=44276440.00 +/- 13512404.03
2023-03-14 Tuesday 16:59:52: Mean_avg_speed=634.75 +/- 44.47
2023-03-14 Tuesday 16:59:52: Mean_avg_speed_2=11790.91 +/- 832.38
2023-03-14 Tuesday 16:59:52: Mean_avg_speed_cross_check=20552.92 +/- 1320.49
2023-03-14 Tuesday 16:59:52: ****************************************
2023-03-14 Tuesday 16:59:52: Calculation 1 - Overall 
2023-03-14 Tuesday 16:59:52: ****************************************
2023-03-14 Tuesday 16:59:52: Inner X Outer Loops Mean Reward= 1.179 +/- 0.554
2023-03-14 Tuesday 16:59:52: Inner X Outer Loops Mean Stopped= 89.954 +/- 14.317
2023-03-14 Tuesday 16:59:52: Inner X Outer Loops Mean Stopped Cross Check= 89.973 +/- 14.314
2023-03-14 Tuesday 16:59:52: Inner X Outer Loops Mean Waiting Time= 4427.201 +/- 4009.912
2023-03-14 Tuesday 16:59:52: Inner X Outer Loops Mean Avg Speed= 0.063 +/- 0.030
2023-03-14 Tuesday 16:59:52: Inner X Outer Loops Mean Avg Speed 2= 1.179 +/- 0.554
2023-03-14 Tuesday 16:59:52: Inner X Outer Loops Mean Avg Speed Cross Check= 2.055 +/- 0.620
2023-03-14 Tuesday 16:59:52: ****************************************
2023-03-14 Tuesday 16:59:52: Calculation 2 - Per Episode
2023-03-14 Tuesday 16:59:52: ****************************************
2023-03-14 Tuesday 16:59:52: Episode:0 Mean Reward= 1.036 +/- 0.534
2023-03-14 Tuesday 16:59:52: Episode:1 Mean Reward= 1.137 +/- 0.499
2023-03-14 Tuesday 16:59:52: Episode:2 Mean Reward= 1.216 +/- 0.542
2023-03-14 Tuesday 16:59:52: Episode:3 Mean Reward= 1.242 +/- 0.547
2023-03-14 Tuesday 16:59:52: Episode:4 Mean Reward= 1.263 +/- 0.613
2023-03-14 Tuesday 16:59:52: 1-Total Mean Reward= 1.179 +/- 0.083
2023-03-14 Tuesday 16:59:52: 2-Total Mean Reward= 1.179 +/- 0.547
2023-03-14 Tuesday 16:59:52: ****
2023-03-14 Tuesday 16:59:52: Episode:0 Mean Stopped= 99.282 +/- 16.475
2023-03-14 Tuesday 16:59:52: Episode:1 Mean Stopped= 91.119 +/- 12.059
2023-03-14 Tuesday 16:59:52: Episode:2 Mean Stopped= 87.477 +/- 12.426
2023-03-14 Tuesday 16:59:52: Episode:3 Mean Stopped= 86.705 +/- 12.558
2023-03-14 Tuesday 16:59:52: Episode:4 Mean Stopped= 85.186 +/- 12.966
2023-03-14 Tuesday 16:59:52: 1-Total Mean Stopped= 89.954 +/- 5.056
2023-03-14 Tuesday 16:59:52: 2-Total Mean Stopped= 89.954 +/- 13.297
2023-03-14 Tuesday 16:59:52: ****
2023-03-14 Tuesday 16:59:52: Episode:0 Mean Stopped Cross Check= 99.308 +/- 16.471
2023-03-14 Tuesday 16:59:52: Episode:1 Mean Stopped Cross Check= 91.139 +/- 12.057
2023-03-14 Tuesday 16:59:52: Episode:2 Mean Stopped Cross Check= 87.493 +/- 12.422
2023-03-14 Tuesday 16:59:52: Episode:3 Mean Stopped Cross Check= 86.727 +/- 12.551
2023-03-14 Tuesday 16:59:52: Episode:4 Mean Stopped Cross Check= 85.199 +/- 12.961
2023-03-14 Tuesday 16:59:52: 1-Total Mean Stopped Cross Check= 89.973 +/- 5.059
2023-03-14 Tuesday 16:59:52: 2-Total Mean Stopped Cross Check= 89.973 +/- 13.292
2023-03-14 Tuesday 16:59:52: ****
2023-03-14 Tuesday 16:59:52: Episode:0 Mean Waiting Time= 7071.825 +/- 6476.234
2023-03-14 Tuesday 16:59:52: Episode:1 Mean Waiting Time= 4276.025 +/- 2858.024
2023-03-14 Tuesday 16:59:52: Episode:2 Mean Waiting Time= 3615.772 +/- 2442.439
2023-03-14 Tuesday 16:59:52: Episode:3 Mean Waiting Time= 3449.210 +/- 2388.337
2023-03-14 Tuesday 16:59:52: Episode:4 Mean Waiting Time= 3723.174 +/- 3080.583
2023-03-14 Tuesday 16:59:52: 1-Total Mean Waiting Time= 4427.201 +/- 1351.105
2023-03-14 Tuesday 16:59:52: 2-Total Mean Waiting Time= 4427.201 +/- 3449.123
2023-03-14 Tuesday 16:59:52: Episode:0 Mean Avg Speed= 0.056 +/- 0.029
2023-03-14 Tuesday 16:59:52: Episode:1 Mean Avg Speed= 0.061 +/- 0.026
2023-03-14 Tuesday 16:59:52: Episode:2 Mean Avg Speed= 0.065 +/- 0.029
2023-03-14 Tuesday 16:59:52: Episode:3 Mean Avg Speed= 0.067 +/- 0.029
2023-03-14 Tuesday 16:59:52: Episode:4 Mean Avg Speed= 0.068 +/- 0.033
2023-03-14 Tuesday 16:59:52: 1-Total Mean Avg Speed= 0.063 +/- 0.004
2023-03-14 Tuesday 16:59:52: 2-Total Mean Avg Speed= 0.063 +/- 0.029
2023-03-14 Tuesday 16:59:52: Episode:0 Mean Avg Speed 2= 1.036 +/- 0.534
2023-03-14 Tuesday 16:59:52: Episode:1 Mean Avg Speed 2= 1.137 +/- 0.499
2023-03-14 Tuesday 16:59:52: Episode:2 Mean Avg Speed 2= 1.216 +/- 0.542
2023-03-14 Tuesday 16:59:52: Episode:3 Mean Avg Speed 2= 1.242 +/- 0.547
2023-03-14 Tuesday 16:59:52: Episode:4 Mean Avg Speed 2= 1.263 +/- 0.613
2023-03-14 Tuesday 16:59:52: 1-Total Mean Avg Speed 2= 1.179 +/- 0.083
2023-03-14 Tuesday 16:59:52: 2-Total Mean Avg Speed 2= 1.179 +/- 0.547
2023-03-14 Tuesday 16:59:52: Episode:0 Mean Avg Speed Cross Check= 1.825 +/- 0.618
2023-03-14 Tuesday 16:59:52: Episode:1 Mean Avg Speed Cross Check= 1.994 +/- 0.545
2023-03-14 Tuesday 16:59:52: Episode:2 Mean Avg Speed Cross Check= 2.116 +/- 0.589
2023-03-14 Tuesday 16:59:52: Episode:3 Mean Avg Speed Cross Check= 2.157 +/- 0.599
2023-03-14 Tuesday 16:59:52: Episode:4 Mean Avg Speed Cross Check= 2.183 +/- 0.669
2023-03-14 Tuesday 16:59:52: 1-Total Mean Avg Speed Cross Check= 2.055 +/- 0.132
2023-03-14 Tuesday 16:59:52: 2-Total Mean Avg Speed Cross Check= 2.055 +/- 0.604
2023-03-14 Tuesday 16:59:52: ****************************************
