2023-05-29 Monday 00:50:28 root:INFO:Run: 1 for Baseline experiment: DE-Enhanced-S3-4 - route: ../nets/roundabout/input_routes_roundabout_auto_v1-4.rou.xml - first seed: 180 - alpha: 0.5 - gamma: 0.99 - epsilon: 0.2 - reward: diff-waiting-time
2023-05-29 Monday 00:54:08 root:INFO:Total Missing States: 0
2023-05-29 Monday 00:54:08 root:INFO:Mean Reward=-11912.00 +/- 0.00
2023-05-29 Monday 00:54:08 root:INFO:Mean Stopped=11912.00 +/- 0.00
2023-05-29 Monday 00:54:08 root:INFO:Mean_Stopped=11912.00 +/- 0.00
2023-05-29 Monday 00:54:08 root:INFO:Mean Waiting Time=123339.00 +/- 0.00
2023-05-29 Monday 00:54:08 root:INFO:Mean_avg_speed=4068.99 +/- 0.00
2023-05-29 Monday 00:54:08 root:INFO:Mean_avg_speed_2=74628.08 +/- 0.00
2023-05-29 Monday 00:54:08 root:INFO:Mean_avg_speed_cross_check=89515.57 +/- 0.00
2023-05-29 Monday 00:54:08 root:INFO:Mean_average_co2_emission_tl=29566964.41 +/- 0.00
2023-05-29 Monday 00:54:08 root:INFO:Mean_average_co_emission_tl=848896.08 +/- 0.00
2023-05-29 Monday 00:54:08 root:INFO:Mean_average_fuel_consumption_tl=12709.88 +/- 0.00
2023-05-29 Monday 00:54:08 root:INFO:Mean_average_noise_emission_tl=603265.89 +/- 0.00
2023-05-29 Monday 00:54:08 root:INFO:Mean_average_co2_emission=27435431.31 +/- 0.00
2023-05-29 Monday 00:54:08 root:INFO:Mean_average_co_emission=566455.68 +/- 0.00
2023-05-29 Monday 00:54:08 root:INFO:Mean_average_fuel_consumptions=11793.59 +/- 0.00
2023-05-29 Monday 00:54:08 root:INFO:Mean_average_noise_emissions=614902.74 +/- 0.00
2023-05-29 Monday 00:54:08 root:INFO:****************************************
2023-05-29 Monday 00:54:08 root:INFO:Calculation 1 - Overall 
2023-05-29 Monday 00:54:08 root:INFO:****************************************
2023-05-29 Monday 00:54:08 root:INFO:Inner X Outer Loops Mean Reward=-1.191 +/- 1.032
2023-05-29 Monday 00:54:08 root:INFO:Inner X Outer Loops Mean Stopped= 1.191 +/- 1.032
2023-05-29 Monday 00:54:08 root:INFO:Inner X Outer Loops Mean Stopped Cross Check= 1.191 +/- 1.032
2023-05-29 Monday 00:54:08 root:INFO:Inner X Outer Loops Mean Waiting Time= 12.333 +/- 20.111
2023-05-29 Monday 00:54:08 root:INFO:Inner X Outer Loops Mean Avg Speed= 0.407 +/- 0.344
2023-05-29 Monday 00:54:08 root:INFO:Inner X Outer Loops Mean Avg Speed 2= 7.462 +/- 6.707
2023-05-29 Monday 00:54:08 root:INFO:Inner X Outer Loops Mean Avg Speed Cross Check= 8.951 +/- 3.699
2023-05-29 Monday 00:54:08 root:INFO:Inner X Outer Loops Mean Average CO2 Emission TL= 2956.401 +/- 1322.997
2023-05-29 Monday 00:54:08 root:INFO:Inner X Outer Loops Mean Average CO Emission TL= 84.881 +/- 54.218
2023-05-29 Monday 00:54:08 root:INFO:Inner X Outer Loops Mean Average Fuel Consumption TL= 1.271 +/- 0.569
2023-05-29 Monday 00:54:08 root:INFO:Inner X Outer Loops Mean Average Noise Emission TL= 60.321 +/- 5.260
2023-05-29 Monday 00:54:08 root:INFO:Inner X Outer Loops Mean Average CO2 Emission= 2743.269 +/- 770.618
2023-05-29 Monday 00:54:08 root:INFO:Inner X Outer Loops Mean Average CO Emission= 56.640 +/- 28.735
2023-05-29 Monday 00:54:08 root:INFO:Inner X Outer Loops Mean Average Fuel Consumptions= 1.179 +/- 0.331
2023-05-29 Monday 00:54:08 root:INFO:Inner X Outer Loops Mean Average Noise Emissions= 61.484 +/- 2.824
2023-05-29 Monday 00:54:08 root:INFO:****************************************
2023-05-29 Monday 00:54:08 root:INFO:Calculation 2 - Per Episode
2023-05-29 Monday 00:54:08 root:INFO:****************************************
2023-05-29 Monday 00:54:08 root:INFO:Episode:0 Mean Waiting Time=-1.191 +/- 1.032
2023-05-29 Monday 00:54:08 root:INFO:1-Total Mean Reward= -1.191 +/- 0.000
2023-05-29 Monday 00:54:08 root:INFO:2-Total Mean Reward= -1.191 +/- 1.032
2023-05-29 Monday 00:54:08 root:INFO:****
2023-05-29 Monday 00:54:08 root:INFO:Episode:0 Mean Stopped= 1.191 +/- 1.032
2023-05-29 Monday 00:54:08 root:INFO:1-Total Mean Stopped= 1.191 +/- 0.000
2023-05-29 Monday 00:54:08 root:INFO:2-Total Mean Stopped= 1.191 +/- 1.032
2023-05-29 Monday 00:54:08 root:INFO:****
2023-05-29 Monday 00:54:08 root:INFO:Episode:0 Mean Stopped Cross Check= 1.191 +/- 1.032
2023-05-29 Monday 00:54:08 root:INFO:1-Total Mean Stopped Cross Check= 1.191 +/- 0.000
2023-05-29 Monday 00:54:08 root:INFO:2-Total Mean Stopped Cross Check= 1.191 +/- 1.032
2023-05-29 Monday 00:54:08 root:INFO:****
2023-05-29 Monday 00:54:08 root:INFO:Episode:0 Mean Waiting Time= 12.333 +/- 20.111
2023-05-29 Monday 00:54:08 root:INFO:1-Total Mean Waiting Time= 12.333 +/- 0.000
2023-05-29 Monday 00:54:08 root:INFO:2-Total Mean Waiting Time= 12.333 +/- 20.111
2023-05-29 Monday 00:54:08 root:INFO:Episode:0 Mean Avg Speed= 0.407 +/- 0.344
2023-05-29 Monday 00:54:08 root:INFO:1-Total Mean Avg Speed= 0.407 +/- 0.000
2023-05-29 Monday 00:54:08 root:INFO:2-Total Mean Avg Speed= 0.407 +/- 0.344
2023-05-29 Monday 00:54:08 root:INFO:Episode:0 Mean Avg Speed 2= 7.462 +/- 6.707
2023-05-29 Monday 00:54:08 root:INFO:1-Total Mean Avg Speed 2= 7.462 +/- 0.000
2023-05-29 Monday 00:54:08 root:INFO:2-Total Mean Avg Speed 2= 7.462 +/- 6.707
2023-05-29 Monday 00:54:08 root:INFO:Episode:0 Mean Avg Speed Cross Check= 8.951 +/- 3.699
2023-05-29 Monday 00:54:08 root:INFO:1-Total Mean Avg Speed Cross Check= 8.951 +/- 0.000
2023-05-29 Monday 00:54:08 root:INFO:2-Total Mean Avg Speed Cross Check= 8.951 +/- 3.699
2023-05-29 Monday 00:54:08 root:INFO:Episode:0 Mean Average CO2 Emission TL= 2956.401 +/- 1322.997
2023-05-29 Monday 00:54:08 root:INFO:1-Total Mean Average CO2 Emission TL= 2956.401 +/- 0.000
2023-05-29 Monday 00:54:08 root:INFO:2-Total Mean Average CO2 Emission TL= 2956.401 +/- 1322.997
2023-05-29 Monday 00:54:08 root:INFO:Episode:0 Mean Average CO Emission TL= 84.881 +/- 54.218
2023-05-29 Monday 00:54:08 root:INFO:1-Total Mean Average CO Emission TL= 84.881 +/- 0.000
2023-05-29 Monday 00:54:08 root:INFO:2-Total Mean Average CO Emission TL= 84.881 +/- 54.218
2023-05-29 Monday 00:54:08 root:INFO:Episode:0 Mean Average Fuel Consumption TL= 1.271 +/- 0.569
2023-05-29 Monday 00:54:08 root:INFO:1-Total Mean Average Fuel Consumption TL= 1.271 +/- 0.000
2023-05-29 Monday 00:54:08 root:INFO:2-Total Mean Average Fuel Consumption TL= 1.271 +/- 0.569
2023-05-29 Monday 00:54:08 root:INFO:Episode:0 Mean Average Noise Emission TL= 60.321 +/- 5.260
2023-05-29 Monday 00:54:08 root:INFO:1-Total Mean Average Noise Emission TL= 60.321 +/- 0.000
2023-05-29 Monday 00:54:08 root:INFO:2-Total Mean Average Noise Emission TL= 60.321 +/- 5.260
2023-05-29 Monday 00:54:08 root:INFO:Episode:0 Mean Average CO2 Emission= 2743.269 +/- 770.618
2023-05-29 Monday 00:54:08 root:INFO:1-Total Mean Average CO2 Emission= 2743.269 +/- 0.000
2023-05-29 Monday 00:54:08 root:INFO:2-Total Mean Average CO2 Emission= 2743.269 +/- 770.618
2023-05-29 Monday 00:54:08 root:INFO:Episode:0 Mean Average CO Emission= 56.640 +/- 28.735
2023-05-29 Monday 00:54:08 root:INFO:1-Total Mean Average CO Emission= 56.640 +/- 0.000
2023-05-29 Monday 00:54:08 root:INFO:2-Total Mean Average CO Emission= 56.640 +/- 28.735
2023-05-29 Monday 00:54:08 root:INFO:Episode:0 Mean Average Fuel Consumption= 1.179 +/- 0.331
2023-05-29 Monday 00:54:08 root:INFO:1-Total Mean Average Fuel Consumption= 1.179 +/- 0.000
2023-05-29 Monday 00:54:08 root:INFO:2-Total Mean Average Fuel Consumption= 1.179 +/- 0.331
2023-05-29 Monday 00:54:08 root:INFO:Episode:0 Mean Average Noise Emission= 61.484 +/- 2.824
2023-05-29 Monday 00:54:08 root:INFO:1-Total Mean Average Noise Emission= 61.484 +/- 0.000
2023-05-29 Monday 00:54:08 root:INFO:2-Total Mean Average Noise Emission= 61.484 +/- 2.824
2023-05-29 Monday 00:54:08 root:INFO:****************************************
