2023-03-12 Sunday 14:48:32: Run: 4 for Training experiment: DoE-27 - first seed: 470 - alpha: 0.3 - gamma: 0.9 - epsilon: 0.3 - reward: diff-waiting-time
2023-03-12 Sunday 14:53:54: Run: 1 - First Epsilon: 0.3 - Last Epsilon: 0.3
2023-03-12 Sunday 14:59:15: Run: 2 - First Epsilon: 0.3 - Last Epsilon: 0.3
2023-03-12 Sunday 15:04:45: Run: 3 - First Epsilon: 0.3 - Last Epsilon: 0.3
2023-03-12 Sunday 15:10:19: Run: 4 - First Epsilon: 0.3 - Last Epsilon: 0.3
2023-03-12 Sunday 15:15:53: Run: 5 - First Epsilon: 0.3 - Last Epsilon: 0.3
2023-03-12 Sunday 15:15:53: Q-Table Total Distinct States: 319
2023-03-12 Sunday 15:15:53: Mean_reward=-1.84 +/- 1.22
2023-03-12 Sunday 15:15:53: Mean_Stopped=77902.20 +/- 2535.44
2023-03-12 Sunday 15:15:53: Mean_Stopped=78041.20 +/- 2532.02
2023-03-12 Sunday 15:15:53: Mean_waiting_time=1657820.20 +/- 96054.81
2023-03-12 Sunday 15:15:53: Mean_avg_speed=3540.75 +/- 39.20
2023-03-12 Sunday 15:15:53: Mean_avg_speed_2=65790.08 +/- 719.68
2023-03-12 Sunday 15:15:53: Mean_avg_speed_cross_check=77893.96 +/- 533.47
2023-03-12 Sunday 15:15:53: ****************************************
2023-03-12 Sunday 15:15:53: Calculation 1 - Overall 
2023-03-12 Sunday 15:15:53: ****************************************
2023-03-12 Sunday 15:15:53: Inner X Outer Loops Mean Reward= -0.000 +/- 0.771
2023-03-12 Sunday 15:15:53: Inner X Outer Loops Mean Stopped= 7.789 +/- 2.782
2023-03-12 Sunday 15:15:53: Inner X Outer Loops Mean Stopped Cross Check= 7.803 +/- 2.783
2023-03-12 Sunday 15:15:53: Inner X Outer Loops Mean Waiting Time= 165.765 +/- 163.039
2023-03-12 Sunday 15:15:53: Inner X Outer Loops Mean Avg Speed= 0.354 +/- 0.063
2023-03-12 Sunday 15:15:53: Inner X Outer Loops Mean Avg Speed 2= 6.578 +/- 1.136
2023-03-12 Sunday 15:15:53: Inner X Outer Loops Mean Avg Speed Cross Check= 7.789 +/- 0.832
2023-03-12 Sunday 15:15:53: ****************************************
2023-03-12 Sunday 15:15:53: Calculation 2 - Per Episode
2023-03-12 Sunday 15:15:53: ****************************************
2023-03-12 Sunday 15:15:53: Episode:0 Mean Reward= -0.000 +/- 0.816
2023-03-12 Sunday 15:15:53: Episode:1 Mean Reward= -0.000 +/- 0.762
2023-03-12 Sunday 15:15:53: Episode:2 Mean Reward= -0.000 +/- 0.751
2023-03-12 Sunday 15:15:53: Episode:3 Mean Reward= -0.000 +/- 0.757
2023-03-12 Sunday 15:15:53: Episode:4 Mean Reward= -0.000 +/- 0.768
2023-03-12 Sunday 15:15:53: 1-Total Mean Reward= -0.000 +/- 0.000
2023-03-12 Sunday 15:15:53: 2-Total Mean Reward= -0.000 +/- 0.771
2023-03-12 Sunday 15:15:53: ****
2023-03-12 Sunday 15:15:53: Episode:0 Mean Stopped= 8.218 +/- 3.493
2023-03-12 Sunday 15:15:53: Episode:1 Mean Stopped= 7.846 +/- 2.465
2023-03-12 Sunday 15:15:53: Episode:2 Mean Stopped= 7.455 +/- 2.367
2023-03-12 Sunday 15:15:53: Episode:3 Mean Stopped= 7.640 +/- 2.734
2023-03-12 Sunday 15:15:53: Episode:4 Mean Stopped= 7.789 +/- 2.650
2023-03-12 Sunday 15:15:53: 1-Total Mean Stopped= 7.789 +/- 0.254
2023-03-12 Sunday 15:15:53: 2-Total Mean Stopped= 7.789 +/- 2.742
2023-03-12 Sunday 15:15:53: ****
2023-03-12 Sunday 15:15:53: Episode:0 Mean Stopped Cross Check= 8.230 +/- 3.495
2023-03-12 Sunday 15:15:53: Episode:1 Mean Stopped Cross Check= 7.860 +/- 2.463
2023-03-12 Sunday 15:15:53: Episode:2 Mean Stopped Cross Check= 7.468 +/- 2.368
2023-03-12 Sunday 15:15:53: Episode:3 Mean Stopped Cross Check= 7.654 +/- 2.738
2023-03-12 Sunday 15:15:53: Episode:4 Mean Stopped Cross Check= 7.804 +/- 2.649
2023-03-12 Sunday 15:15:53: 1-Total Mean Stopped Cross Check= 7.803 +/- 0.253
2023-03-12 Sunday 15:15:53: 2-Total Mean Stopped Cross Check= 7.803 +/- 2.742
2023-03-12 Sunday 15:15:53: ****
2023-03-12 Sunday 15:15:53: Episode:0 Mean Waiting Time= 184.404 +/- 226.899
2023-03-12 Sunday 15:15:53: Episode:1 Mean Waiting Time= 163.128 +/- 131.765
2023-03-12 Sunday 15:15:53: Episode:2 Mean Waiting Time= 157.253 +/- 138.782
2023-03-12 Sunday 15:15:53: Episode:3 Mean Waiting Time= 160.236 +/- 143.915
2023-03-12 Sunday 15:15:53: Episode:4 Mean Waiting Time= 163.806 +/- 153.722
2023-03-12 Sunday 15:15:53: 1-Total Mean Waiting Time= 165.765 +/- 9.605
2023-03-12 Sunday 15:15:53: 2-Total Mean Waiting Time= 165.765 +/- 159.016
2023-03-12 Sunday 15:15:53: Episode:0 Mean Avg Speed= 0.349 +/- 0.067
2023-03-12 Sunday 15:15:53: Episode:1 Mean Avg Speed= 0.351 +/- 0.059
2023-03-12 Sunday 15:15:53: Episode:2 Mean Avg Speed= 0.359 +/- 0.060
2023-03-12 Sunday 15:15:53: Episode:3 Mean Avg Speed= 0.357 +/- 0.064
2023-03-12 Sunday 15:15:53: Episode:4 Mean Avg Speed= 0.354 +/- 0.062
2023-03-12 Sunday 15:15:53: 1-Total Mean Avg Speed= 0.354 +/- 0.004
2023-03-12 Sunday 15:15:53: 2-Total Mean Avg Speed= 0.354 +/- 0.062
2023-03-12 Sunday 15:15:53: Episode:0 Mean Avg Speed 2= 6.480 +/- 1.225
2023-03-12 Sunday 15:15:53: Episode:1 Mean Avg Speed 2= 6.529 +/- 1.066
2023-03-12 Sunday 15:15:53: Episode:2 Mean Avg Speed 2= 6.679 +/- 1.086
2023-03-12 Sunday 15:15:53: Episode:3 Mean Avg Speed 2= 6.638 +/- 1.169
2023-03-12 Sunday 15:15:53: Episode:4 Mean Avg Speed 2= 6.566 +/- 1.116
2023-03-12 Sunday 15:15:53: 1-Total Mean Avg Speed 2= 6.578 +/- 0.072
2023-03-12 Sunday 15:15:53: 2-Total Mean Avg Speed 2= 6.578 +/- 1.132
2023-03-12 Sunday 15:15:53: Episode:0 Mean Avg Speed Cross Check= 7.712 +/- 0.920
2023-03-12 Sunday 15:15:53: Episode:1 Mean Avg Speed Cross Check= 7.759 +/- 0.781
2023-03-12 Sunday 15:15:53: Episode:2 Mean Avg Speed Cross Check= 7.866 +/- 0.783
2023-03-12 Sunday 15:15:53: Episode:3 Mean Avg Speed Cross Check= 7.825 +/- 0.846
2023-03-12 Sunday 15:15:53: Episode:4 Mean Avg Speed Cross Check= 7.781 +/- 0.815
2023-03-12 Sunday 15:15:53: 1-Total Mean Avg Speed Cross Check= 7.789 +/- 0.053
2023-03-12 Sunday 15:15:53: 2-Total Mean Avg Speed Cross Check= 7.789 +/- 0.829
2023-03-12 Sunday 15:15:53: ****************************************
