2023-02-25 Saturday 21:12:50: Run: 1 for Training experiment: DoE-11 - first seed: 170 - alpha: 0.1 - gamma: 0.9 - epsilon: 0.4 - reward: diff-waiting-time
2023-02-25 Saturday 21:24:41: Run: 1 - First Epsilon: 0.4 - Last Epsilon: 0.4
2023-02-25 Saturday 21:30:33: Run: 2 - First Epsilon: 0.4 - Last Epsilon: 0.4
2023-02-25 Saturday 21:36:27: Run: 3 - First Epsilon: 0.4 - Last Epsilon: 0.4
2023-02-25 Saturday 21:42:02: Run: 4 - First Epsilon: 0.4 - Last Epsilon: 0.4
2023-02-25 Saturday 21:47:37: Run: 5 - First Epsilon: 0.4 - Last Epsilon: 0.4
2023-02-25 Saturday 21:47:38: Q-Table Total Distinct States: 1453
2023-02-25 Saturday 21:47:38: Mean_reward=-2.48 +/- 1.92
2023-02-25 Saturday 21:47:38: Mean_Stopped=170880.60 +/- 153936.64
2023-02-25 Saturday 21:47:38: Mean_Stopped=171059.60 +/- 153974.02
2023-02-25 Saturday 21:47:38: Mean_waiting_time=4969143.20 +/- 5780660.09
2023-02-25 Saturday 21:47:38: Mean_avg_speed=2893.29 +/- 763.49
2023-02-25 Saturday 21:47:38: Mean_avg_speed_2=53758.76 +/- 14174.70
2023-02-25 Saturday 21:47:38: Mean_avg_speed_cross_check=66904.05 +/- 14311.05
2023-02-25 Saturday 21:47:38: ****************************************
2023-02-25 Saturday 21:47:38: Calculation 1 - Overall 
2023-02-25 Saturday 21:47:38: ****************************************
2023-02-25 Saturday 21:47:38: Inner X Outer Loops Mean Reward= -0.000 +/- 1.217
2023-02-25 Saturday 21:47:38: Inner X Outer Loops Mean Stopped= 17.086 +/- 19.633
2023-02-25 Saturday 21:47:38: Inner X Outer Loops Mean Stopped Cross Check= 17.104 +/- 19.635
2023-02-25 Saturday 21:47:38: Inner X Outer Loops Mean Waiting Time= 496.865 +/- 882.342
2023-02-25 Saturday 21:47:38: Inner X Outer Loops Mean Avg Speed= 0.289 +/- 0.103
2023-02-25 Saturday 21:47:38: Inner X Outer Loops Mean Avg Speed 2= 5.375 +/- 1.905
2023-02-25 Saturday 21:47:38: Inner X Outer Loops Mean Avg Speed Cross Check= 6.690 +/- 1.828
2023-02-25 Saturday 21:47:38: ****************************************
2023-02-25 Saturday 21:47:38: Calculation 2 - Per Episode
2023-02-25 Saturday 21:47:38: ****************************************
2023-02-25 Saturday 21:47:38: Episode:0 Mean Reward= -0.000 +/- 2.110
2023-02-25 Saturday 21:47:38: Episode:1 Mean Reward= -0.001 +/- 0.940
2023-02-25 Saturday 21:47:38: Episode:2 Mean Reward= -0.000 +/- 0.872
2023-02-25 Saturday 21:47:38: Episode:3 Mean Reward= -0.000 +/- 0.853
2023-02-25 Saturday 21:47:38: Episode:4 Mean Reward= -0.000 +/- 0.759
2023-02-25 Saturday 21:47:38: 1-Total Mean Reward= -0.000 +/- 0.000
2023-02-25 Saturday 21:47:38: 2-Total Mean Reward= -0.000 +/- 1.107
2023-02-25 Saturday 21:47:38: ****
2023-02-25 Saturday 21:47:38: Episode:0 Mean Stopped= 47.806 +/- 26.279
2023-02-25 Saturday 21:47:38: Episode:1 Mean Stopped= 10.928 +/- 4.415
2023-02-25 Saturday 21:47:38: Episode:2 Mean Stopped= 9.585 +/- 3.732
2023-02-25 Saturday 21:47:38: Episode:3 Mean Stopped= 9.332 +/- 3.493
2023-02-25 Saturday 21:47:38: Episode:4 Mean Stopped= 7.781 +/- 2.531
2023-02-25 Saturday 21:47:38: 1-Total Mean Stopped= 17.086 +/- 15.392
2023-02-25 Saturday 21:47:38: 2-Total Mean Stopped= 17.086 +/- 8.090
2023-02-25 Saturday 21:47:38: ****
2023-02-25 Saturday 21:47:38: Episode:0 Mean Stopped Cross Check= 47.831 +/- 26.278
2023-02-25 Saturday 21:47:38: Episode:1 Mean Stopped Cross Check= 10.948 +/- 4.416
2023-02-25 Saturday 21:47:38: Episode:2 Mean Stopped Cross Check= 9.602 +/- 3.733
2023-02-25 Saturday 21:47:38: Episode:3 Mean Stopped Cross Check= 9.349 +/- 3.494
2023-02-25 Saturday 21:47:38: Episode:4 Mean Stopped Cross Check= 7.791 +/- 2.531
2023-02-25 Saturday 21:47:38: 1-Total Mean Stopped Cross Check= 17.104 +/- 15.396
2023-02-25 Saturday 21:47:38: 2-Total Mean Stopped Cross Check= 17.104 +/- 8.090
2023-02-25 Saturday 21:47:38: ****
2023-02-25 Saturday 21:47:38: Episode:0 Mean Waiting Time= 1651.440 +/- 1450.988
2023-02-25 Saturday 21:47:38: Episode:1 Mean Waiting Time= 251.841 +/- 204.826
2023-02-25 Saturday 21:47:38: Episode:2 Mean Waiting Time= 214.504 +/- 178.769
2023-02-25 Saturday 21:47:38: Episode:3 Mean Waiting Time= 205.350 +/- 164.832
2023-02-25 Saturday 21:47:38: Episode:4 Mean Waiting Time= 161.188 +/- 125.375
2023-02-25 Saturday 21:47:38: 1-Total Mean Waiting Time= 496.865 +/- 578.008
2023-02-25 Saturday 21:47:38: 2-Total Mean Waiting Time= 496.865 +/- 424.958
2023-02-25 Saturday 21:47:38: Episode:0 Mean Avg Speed= 0.140 +/- 0.087
2023-02-25 Saturday 21:47:38: Episode:1 Mean Avg Speed= 0.303 +/- 0.066
2023-02-25 Saturday 21:47:38: Episode:2 Mean Avg Speed= 0.323 +/- 0.066
2023-02-25 Saturday 21:47:38: Episode:3 Mean Avg Speed= 0.326 +/- 0.065
2023-02-25 Saturday 21:47:38: Episode:4 Mean Avg Speed= 0.354 +/- 0.060
2023-02-25 Saturday 21:47:38: 1-Total Mean Avg Speed= 0.289 +/- 0.076
2023-02-25 Saturday 21:47:38: 2-Total Mean Avg Speed= 0.289 +/- 0.069
2023-02-25 Saturday 21:47:38: Episode:0 Mean Avg Speed 2= 2.603 +/- 1.615
2023-02-25 Saturday 21:47:38: Episode:1 Mean Avg Speed 2= 5.643 +/- 1.219
2023-02-25 Saturday 21:47:38: Episode:2 Mean Avg Speed 2= 5.997 +/- 1.196
2023-02-25 Saturday 21:47:38: Episode:3 Mean Avg Speed 2= 6.060 +/- 1.174
2023-02-25 Saturday 21:47:38: Episode:4 Mean Avg Speed 2= 6.572 +/- 1.091
2023-02-25 Saturday 21:47:38: 1-Total Mean Avg Speed 2= 5.375 +/- 1.417
2023-02-25 Saturday 21:47:38: 2-Total Mean Avg Speed 2= 5.375 +/- 1.259
2023-02-25 Saturday 21:47:38: Episode:0 Mean Avg Speed Cross Check= 3.866 +/- 1.774
2023-02-25 Saturday 21:47:38: Episode:1 Mean Avg Speed Cross Check= 7.058 +/- 0.992
2023-02-25 Saturday 21:47:38: Episode:2 Mean Avg Speed Cross Check= 7.344 +/- 0.931
2023-02-25 Saturday 21:47:38: Episode:3 Mean Avg Speed Cross Check= 7.389 +/- 0.910
2023-02-25 Saturday 21:47:38: Episode:4 Mean Avg Speed Cross Check= 7.792 +/- 0.801
2023-02-25 Saturday 21:47:38: 1-Total Mean Avg Speed Cross Check= 6.690 +/- 1.431
2023-02-25 Saturday 21:47:38: 2-Total Mean Avg Speed Cross Check= 6.690 +/- 1.082
2023-02-25 Saturday 21:47:38: ****************************************
