2023-03-17 Friday 08:37:37: Run: 5 for Training experiment: DoE-49 - first seed: 570 - alpha: 0.5 - gamma: 0.99 - epsilon: 0.2 - reward: diff-waiting-time
2023-03-17 Friday 08:43:28: Run: 1 - First Epsilon: 0.2 - Last Epsilon: 0.2
2023-03-17 Friday 08:48:57: Run: 2 - First Epsilon: 0.2 - Last Epsilon: 0.2
2023-03-17 Friday 08:54:30: Run: 3 - First Epsilon: 0.2 - Last Epsilon: 0.2
2023-03-17 Friday 08:59:46: Run: 4 - First Epsilon: 0.2 - Last Epsilon: 0.2
2023-03-17 Friday 09:05:25: Run: 5 - First Epsilon: 0.2 - Last Epsilon: 0.2
2023-03-17 Friday 09:05:25: Q-Table Total Distinct States: 314
2023-03-17 Friday 09:05:25: Mean_reward=-1.54 +/- 0.75
2023-03-17 Friday 09:05:25: Mean_Stopped=75598.60 +/- 3335.25
2023-03-17 Friday 09:05:25: Mean_Stopped=75748.00 +/- 3350.04
2023-03-17 Friday 09:05:25: Mean_waiting_time=1957228.20 +/- 141725.36
2023-03-17 Friday 09:05:25: Mean_avg_speed=3589.70 +/- 48.59
2023-03-17 Friday 09:05:25: Mean_avg_speed_2=66694.72 +/- 907.73
2023-03-17 Friday 09:05:25: Mean_avg_speed_cross_check=78575.62 +/- 739.15
2023-03-17 Friday 09:05:25: ****************************************
2023-03-17 Friday 09:05:25: Calculation 1 - Overall 
2023-03-17 Friday 09:05:25: ****************************************
2023-03-17 Friday 09:05:25: Inner X Outer Loops Mean Reward= -0.000 +/- 0.852
2023-03-17 Friday 09:05:25: Inner X Outer Loops Mean Stopped= 7.559 +/- 2.711
2023-03-17 Friday 09:05:25: Inner X Outer Loops Mean Stopped Cross Check= 7.574 +/- 2.711
2023-03-17 Friday 09:05:25: Inner X Outer Loops Mean Waiting Time= 195.703 +/- 213.918
2023-03-17 Friday 09:05:25: Inner X Outer Loops Mean Avg Speed= 0.359 +/- 0.061
2023-03-17 Friday 09:05:25: Inner X Outer Loops Mean Avg Speed 2= 6.669 +/- 1.112
2023-03-17 Friday 09:05:25: Inner X Outer Loops Mean Avg Speed Cross Check= 7.857 +/- 0.805
2023-03-17 Friday 09:05:25: ****************************************
2023-03-17 Friday 09:05:25: Calculation 2 - Per Episode
2023-03-17 Friday 09:05:25: ****************************************
2023-03-17 Friday 09:05:25: Episode:0 Mean Reward= -0.000 +/- 0.912
2023-03-17 Friday 09:05:25: Episode:1 Mean Reward= -0.000 +/- 0.839
2023-03-17 Friday 09:05:25: Episode:2 Mean Reward= -0.000 +/- 0.832
2023-03-17 Friday 09:05:25: Episode:3 Mean Reward= -0.000 +/- 0.814
2023-03-17 Friday 09:05:25: Episode:4 Mean Reward= -0.000 +/- 0.860
2023-03-17 Friday 09:05:25: 1-Total Mean Reward= -0.000 +/- 0.000
2023-03-17 Friday 09:05:25: 2-Total Mean Reward= -0.000 +/- 0.851
2023-03-17 Friday 09:05:25: ****
2023-03-17 Friday 09:05:25: Episode:0 Mean Stopped= 8.132 +/- 3.798
2023-03-17 Friday 09:05:25: Episode:1 Mean Stopped= 7.292 +/- 2.243
2023-03-17 Friday 09:05:25: Episode:2 Mean Stopped= 7.307 +/- 2.229
2023-03-17 Friday 09:05:25: Episode:3 Mean Stopped= 7.319 +/- 2.311
2023-03-17 Friday 09:05:25: Episode:4 Mean Stopped= 7.745 +/- 2.532
2023-03-17 Friday 09:05:25: 1-Total Mean Stopped= 7.559 +/- 0.333
2023-03-17 Friday 09:05:25: 2-Total Mean Stopped= 7.559 +/- 2.623
2023-03-17 Friday 09:05:25: ****
2023-03-17 Friday 09:05:25: Episode:0 Mean Stopped Cross Check= 8.150 +/- 3.798
2023-03-17 Friday 09:05:25: Episode:1 Mean Stopped Cross Check= 7.305 +/- 2.241
2023-03-17 Friday 09:05:25: Episode:2 Mean Stopped Cross Check= 7.320 +/- 2.230
2023-03-17 Friday 09:05:25: Episode:3 Mean Stopped Cross Check= 7.333 +/- 2.311
2023-03-17 Friday 09:05:25: Episode:4 Mean Stopped Cross Check= 7.762 +/- 2.535
2023-03-17 Friday 09:05:25: 1-Total Mean Stopped Cross Check= 7.574 +/- 0.335
2023-03-17 Friday 09:05:25: 2-Total Mean Stopped Cross Check= 7.574 +/- 2.623
2023-03-17 Friday 09:05:25: ****
2023-03-17 Friday 09:05:25: Episode:0 Mean Waiting Time= 220.500 +/- 299.031
2023-03-17 Friday 09:05:25: Episode:1 Mean Waiting Time= 189.391 +/- 193.915
2023-03-17 Friday 09:05:25: Episode:2 Mean Waiting Time= 188.124 +/- 190.486
2023-03-17 Friday 09:05:25: Episode:3 Mean Waiting Time= 179.470 +/- 167.388
2023-03-17 Friday 09:05:25: Episode:4 Mean Waiting Time= 201.031 +/- 190.982
2023-03-17 Friday 09:05:25: 1-Total Mean Waiting Time= 195.703 +/- 14.171
2023-03-17 Friday 09:05:25: 2-Total Mean Waiting Time= 195.703 +/- 208.360
2023-03-17 Friday 09:05:25: Episode:0 Mean Avg Speed= 0.352 +/- 0.068
2023-03-17 Friday 09:05:25: Episode:1 Mean Avg Speed= 0.363 +/- 0.058
2023-03-17 Friday 09:05:25: Episode:2 Mean Avg Speed= 0.362 +/- 0.058
2023-03-17 Friday 09:05:25: Episode:3 Mean Avg Speed= 0.363 +/- 0.060
2023-03-17 Friday 09:05:25: Episode:4 Mean Avg Speed= 0.354 +/- 0.060
2023-03-17 Friday 09:05:25: 1-Total Mean Avg Speed= 0.359 +/- 0.005
2023-03-17 Friday 09:05:25: 2-Total Mean Avg Speed= 0.359 +/- 0.061
2023-03-17 Friday 09:05:25: Episode:0 Mean Avg Speed 2= 6.534 +/- 1.230
2023-03-17 Friday 09:05:25: Episode:1 Mean Avg Speed 2= 6.749 +/- 1.058
2023-03-17 Friday 09:05:25: Episode:2 Mean Avg Speed 2= 6.735 +/- 1.053
2023-03-17 Friday 09:05:25: Episode:3 Mean Avg Speed 2= 6.741 +/- 1.085
2023-03-17 Friday 09:05:25: Episode:4 Mean Avg Speed 2= 6.585 +/- 1.104
2023-03-17 Friday 09:05:25: 1-Total Mean Avg Speed 2= 6.669 +/- 0.091
2023-03-17 Friday 09:05:25: 2-Total Mean Avg Speed 2= 6.669 +/- 1.106
2023-03-17 Friday 09:05:25: Episode:0 Mean Avg Speed Cross Check= 7.736 +/- 0.933
2023-03-17 Friday 09:05:25: Episode:1 Mean Avg Speed Cross Check= 7.919 +/- 0.746
2023-03-17 Friday 09:05:25: Episode:2 Mean Avg Speed Cross Check= 7.911 +/- 0.746
2023-03-17 Friday 09:05:25: Episode:3 Mean Avg Speed Cross Check= 7.913 +/- 0.776
2023-03-17 Friday 09:05:25: Episode:4 Mean Avg Speed Cross Check= 7.804 +/- 0.793
2023-03-17 Friday 09:05:25: 1-Total Mean Avg Speed Cross Check= 7.857 +/- 0.074
2023-03-17 Friday 09:05:25: 2-Total Mean Avg Speed Cross Check= 7.857 +/- 0.799
2023-03-17 Friday 09:05:25: ****************************************
