2023-03-07 Tuesday 16:10:10: Run: 3 for Training experiment: DoE-30 - first seed: 370 - alpha: 0.3 - gamma: 0.9 - epsilon: 0.4 - reward: average-speed-2
2023-03-07 Tuesday 16:23:43: Run: 1 - First Epsilon: 0.4 - Last Epsilon: 0.4
2023-03-07 Tuesday 16:38:30: Run: 2 - First Epsilon: 0.4 - Last Epsilon: 0.4
2023-03-07 Tuesday 16:51:44: Run: 3 - First Epsilon: 0.4 - Last Epsilon: 0.4
2023-03-07 Tuesday 17:04:22: Run: 4 - First Epsilon: 0.4 - Last Epsilon: 0.4
2023-03-07 Tuesday 17:16:29: Run: 5 - First Epsilon: 0.4 - Last Epsilon: 0.4
2023-03-07 Tuesday 17:16:29: Q-Table Total Distinct States: 1337
2023-03-07 Tuesday 17:16:29: Mean_reward=16816.45 +/- 1238.49
2023-03-07 Tuesday 17:16:29: Mean_Stopped=629311.00 +/- 58536.64
2023-03-07 Tuesday 17:16:29: Mean_Stopped=629531.20 +/- 58532.92
2023-03-07 Tuesday 17:16:29: Mean_waiting_time=29412855.20 +/- 4953137.77
2023-03-07 Tuesday 17:16:29: Mean_avg_speed=905.32 +/- 67.16
2023-03-07 Tuesday 17:16:29: Mean_avg_speed_2=16816.45 +/- 1238.49
2023-03-07 Tuesday 17:16:29: Mean_avg_speed_cross_check=28083.05 +/- 1789.58
2023-03-07 Tuesday 17:16:29: ****************************************
2023-03-07 Tuesday 17:16:29: Calculation 1 - Overall 
2023-03-07 Tuesday 17:16:29: ****************************************
2023-03-07 Tuesday 17:16:29: Inner X Outer Loops Mean Reward= 1.681 +/- 0.657
2023-03-07 Tuesday 17:16:29: Inner X Outer Loops Mean Stopped= 62.925 +/- 15.812
2023-03-07 Tuesday 17:16:29: Inner X Outer Loops Mean Stopped Cross Check= 62.947 +/- 15.810
2023-03-07 Tuesday 17:16:29: Inner X Outer Loops Mean Waiting Time= 2940.991 +/- 3044.090
2023-03-07 Tuesday 17:16:29: Inner X Outer Loops Mean Avg Speed= 0.091 +/- 0.035
2023-03-07 Tuesday 17:16:29: Inner X Outer Loops Mean Avg Speed 2= 1.681 +/- 0.657
2023-03-07 Tuesday 17:16:29: Inner X Outer Loops Mean Avg Speed Cross Check= 2.808 +/- 0.764
2023-03-07 Tuesday 17:16:29: ****************************************
2023-03-07 Tuesday 17:16:29: Calculation 2 - Per Episode
2023-03-07 Tuesday 17:16:29: ****************************************
2023-03-07 Tuesday 17:16:29: Episode:0 Mean Reward= 1.575 +/- 0.601
2023-03-07 Tuesday 17:16:29: Episode:1 Mean Reward= 1.550 +/- 0.640
2023-03-07 Tuesday 17:16:29: Episode:2 Mean Reward= 1.622 +/- 0.637
2023-03-07 Tuesday 17:16:29: Episode:3 Mean Reward= 1.839 +/- 0.686
2023-03-07 Tuesday 17:16:29: Episode:4 Mean Reward= 1.821 +/- 0.660
2023-03-07 Tuesday 17:16:29: 1-Total Mean Reward= 1.681 +/- 0.124
2023-03-07 Tuesday 17:16:29: 2-Total Mean Reward= 1.681 +/- 0.645
2023-03-07 Tuesday 17:16:29: ****
2023-03-07 Tuesday 17:16:29: Episode:0 Mean Stopped= 67.284 +/- 13.349
2023-03-07 Tuesday 17:16:29: Episode:1 Mean Stopped= 70.206 +/- 19.135
2023-03-07 Tuesday 17:16:29: Episode:2 Mean Stopped= 65.038 +/- 14.128
2023-03-07 Tuesday 17:16:29: Episode:3 Mean Stopped= 55.712 +/- 12.347
2023-03-07 Tuesday 17:16:29: Episode:4 Mean Stopped= 56.384 +/- 13.505
2023-03-07 Tuesday 17:16:29: 1-Total Mean Stopped= 62.925 +/- 5.853
2023-03-07 Tuesday 17:16:29: 2-Total Mean Stopped= 62.925 +/- 14.493
2023-03-07 Tuesday 17:16:29: ****
2023-03-07 Tuesday 17:16:29: Episode:0 Mean Stopped Cross Check= 67.304 +/- 13.352
2023-03-07 Tuesday 17:16:29: Episode:1 Mean Stopped Cross Check= 70.227 +/- 19.134
2023-03-07 Tuesday 17:16:29: Episode:2 Mean Stopped Cross Check= 65.062 +/- 14.125
2023-03-07 Tuesday 17:16:29: Episode:3 Mean Stopped Cross Check= 55.733 +/- 12.343
2023-03-07 Tuesday 17:16:29: Episode:4 Mean Stopped Cross Check= 56.407 +/- 13.502
2023-03-07 Tuesday 17:16:29: 1-Total Mean Stopped Cross Check= 62.947 +/- 5.853
2023-03-07 Tuesday 17:16:29: 2-Total Mean Stopped Cross Check= 62.947 +/- 14.491
2023-03-07 Tuesday 17:16:29: ****
2023-03-07 Tuesday 17:16:29: Episode:0 Mean Waiting Time= 3110.397 +/- 2772.975
2023-03-07 Tuesday 17:16:29: Episode:1 Mean Waiting Time= 3675.404 +/- 4411.656
2023-03-07 Tuesday 17:16:29: Episode:2 Mean Waiting Time= 3145.313 +/- 2968.606
2023-03-07 Tuesday 17:16:29: Episode:3 Mean Waiting Time= 2350.588 +/- 2051.547
2023-03-07 Tuesday 17:16:29: Episode:4 Mean Waiting Time= 2423.255 +/- 2220.905
2023-03-07 Tuesday 17:16:29: 1-Total Mean Waiting Time= 2940.991 +/- 495.264
2023-03-07 Tuesday 17:16:29: 2-Total Mean Waiting Time= 2940.991 +/- 2885.138
2023-03-07 Tuesday 17:16:29: Episode:0 Mean Avg Speed= 0.085 +/- 0.032
2023-03-07 Tuesday 17:16:29: Episode:1 Mean Avg Speed= 0.083 +/- 0.034
2023-03-07 Tuesday 17:16:29: Episode:2 Mean Avg Speed= 0.087 +/- 0.034
2023-03-07 Tuesday 17:16:29: Episode:3 Mean Avg Speed= 0.099 +/- 0.037
2023-03-07 Tuesday 17:16:29: Episode:4 Mean Avg Speed= 0.098 +/- 0.035
2023-03-07 Tuesday 17:16:29: 1-Total Mean Avg Speed= 0.091 +/- 0.007
2023-03-07 Tuesday 17:16:29: 2-Total Mean Avg Speed= 0.091 +/- 0.034
2023-03-07 Tuesday 17:16:29: Episode:0 Mean Avg Speed 2= 1.575 +/- 0.601
2023-03-07 Tuesday 17:16:29: Episode:1 Mean Avg Speed 2= 1.550 +/- 0.640
2023-03-07 Tuesday 17:16:29: Episode:2 Mean Avg Speed 2= 1.622 +/- 0.637
2023-03-07 Tuesday 17:16:29: Episode:3 Mean Avg Speed 2= 1.839 +/- 0.686
2023-03-07 Tuesday 17:16:29: Episode:4 Mean Avg Speed 2= 1.821 +/- 0.660
2023-03-07 Tuesday 17:16:29: 1-Total Mean Avg Speed 2= 1.681 +/- 0.124
2023-03-07 Tuesday 17:16:29: 2-Total Mean Avg Speed 2= 1.681 +/- 0.645
2023-03-07 Tuesday 17:16:29: Episode:0 Mean Avg Speed Cross Check= 2.658 +/- 0.696
2023-03-07 Tuesday 17:16:29: Episode:1 Mean Avg Speed Cross Check= 2.613 +/- 0.777
2023-03-07 Tuesday 17:16:29: Episode:2 Mean Avg Speed Cross Check= 2.724 +/- 0.725
2023-03-07 Tuesday 17:16:29: Episode:3 Mean Avg Speed Cross Check= 3.036 +/- 0.755
2023-03-07 Tuesday 17:16:29: Episode:4 Mean Avg Speed Cross Check= 3.010 +/- 0.759
2023-03-07 Tuesday 17:16:29: 1-Total Mean Avg Speed Cross Check= 2.808 +/- 0.179
2023-03-07 Tuesday 17:16:29: 2-Total Mean Avg Speed Cross Check= 2.808 +/- 0.742
2023-03-07 Tuesday 17:16:29: ****************************************
