2023-03-03 Friday 01:32:19: Run: 2 for Training experiment: DoE-5 - first seed: 270 - alpha: 0.1 - gamma: 0.8 - epsilon: 0.4 - reward: diff-waiting-time
2023-03-03 Friday 01:37:59: Run: 1 - First Epsilon: 0.4 - Last Epsilon: 0.4
2023-03-03 Friday 01:43:44: Run: 2 - First Epsilon: 0.4 - Last Epsilon: 0.4
2023-03-03 Friday 01:49:26: Run: 3 - First Epsilon: 0.4 - Last Epsilon: 0.4
2023-03-03 Friday 01:55:00: Run: 4 - First Epsilon: 0.4 - Last Epsilon: 0.4
2023-03-03 Friday 02:00:36: Run: 5 - First Epsilon: 0.4 - Last Epsilon: 0.4
2023-03-03 Friday 02:00:36: Q-Table Total Distinct States: 407
2023-03-03 Friday 02:00:36: Mean_reward=-1.75 +/- 1.28
2023-03-03 Friday 02:00:36: Mean_Stopped=95964.40 +/- 6511.35
2023-03-03 Friday 02:00:36: Mean_Stopped=96148.00 +/- 6530.44
2023-03-03 Friday 02:00:36: Mean_waiting_time=2116234.40 +/- 242403.70
2023-03-03 Friday 02:00:36: Mean_avg_speed=3217.93 +/- 97.17
2023-03-03 Friday 02:00:36: Mean_avg_speed_2=59832.71 +/- 1780.94
2023-03-03 Friday 02:00:36: Mean_avg_speed_cross_check=73363.28 +/- 1399.22
2023-03-03 Friday 02:00:36: ****************************************
2023-03-03 Friday 02:00:36: Calculation 1 - Overall 
2023-03-03 Friday 02:00:36: ****************************************
2023-03-03 Friday 02:00:36: Inner X Outer Loops Mean Reward= -0.000 +/- 0.865
2023-03-03 Friday 02:00:36: Inner X Outer Loops Mean Stopped= 9.595 +/- 3.611
2023-03-03 Friday 02:00:36: Inner X Outer Loops Mean Stopped Cross Check= 9.614 +/- 3.614
2023-03-03 Friday 02:00:36: Inner X Outer Loops Mean Waiting Time= 211.602 +/- 169.500
2023-03-03 Friday 02:00:36: Inner X Outer Loops Mean Avg Speed= 0.322 +/- 0.064
2023-03-03 Friday 02:00:36: Inner X Outer Loops Mean Avg Speed 2= 5.983 +/- 1.161
2023-03-03 Friday 02:00:36: Inner X Outer Loops Mean Avg Speed Cross Check= 7.336 +/- 0.909
2023-03-03 Friday 02:00:36: ****************************************
2023-03-03 Friday 02:00:36: Calculation 2 - Per Episode
2023-03-03 Friday 02:00:36: ****************************************
2023-03-03 Friday 02:00:36: Episode:0 Mean Reward= -0.000 +/- 0.948
2023-03-03 Friday 02:00:36: Episode:1 Mean Reward= -0.000 +/- 0.836
2023-03-03 Friday 02:00:36: Episode:2 Mean Reward= 0.000 +/- 0.796
2023-03-03 Friday 02:00:36: Episode:3 Mean Reward= -0.000 +/- 0.862
2023-03-03 Friday 02:00:36: Episode:4 Mean Reward= -0.000 +/- 0.874
2023-03-03 Friday 02:00:36: 1-Total Mean Reward= -0.000 +/- 0.000
2023-03-03 Friday 02:00:36: 2-Total Mean Reward= -0.000 +/- 0.863
2023-03-03 Friday 02:00:36: ****
2023-03-03 Friday 02:00:36: Episode:0 Mean Stopped= 10.548 +/- 4.447
2023-03-03 Friday 02:00:36: Episode:1 Mean Stopped= 9.108 +/- 3.445
2023-03-03 Friday 02:00:36: Episode:2 Mean Stopped= 8.695 +/- 2.775
2023-03-03 Friday 02:00:36: Episode:3 Mean Stopped= 9.627 +/- 3.283
2023-03-03 Friday 02:00:36: Episode:4 Mean Stopped= 10.000 +/- 3.599
2023-03-03 Friday 02:00:36: 1-Total Mean Stopped= 9.595 +/- 0.651
2023-03-03 Friday 02:00:36: 2-Total Mean Stopped= 9.595 +/- 3.510
2023-03-03 Friday 02:00:36: ****
2023-03-03 Friday 02:00:36: Episode:0 Mean Stopped Cross Check= 10.568 +/- 4.449
2023-03-03 Friday 02:00:36: Episode:1 Mean Stopped Cross Check= 9.123 +/- 3.446
2023-03-03 Friday 02:00:36: Episode:2 Mean Stopped Cross Check= 8.712 +/- 2.776
2023-03-03 Friday 02:00:36: Episode:3 Mean Stopped Cross Check= 9.646 +/- 3.287
2023-03-03 Friday 02:00:36: Episode:4 Mean Stopped Cross Check= 10.020 +/- 3.605
2023-03-03 Friday 02:00:36: 1-Total Mean Stopped Cross Check= 9.614 +/- 0.653
2023-03-03 Friday 02:00:36: 2-Total Mean Stopped Cross Check= 9.614 +/- 3.513
2023-03-03 Friday 02:00:36: ****
2023-03-03 Friday 02:00:36: Episode:0 Mean Waiting Time= 251.689 +/- 226.002
2023-03-03 Friday 02:00:36: Episode:1 Mean Waiting Time= 196.810 +/- 161.095
2023-03-03 Friday 02:00:36: Episode:2 Mean Waiting Time= 179.134 +/- 124.640
2023-03-03 Friday 02:00:36: Episode:3 Mean Waiting Time= 211.203 +/- 152.271
2023-03-03 Friday 02:00:36: Episode:4 Mean Waiting Time= 219.175 +/- 157.999
2023-03-03 Friday 02:00:36: 1-Total Mean Waiting Time= 211.602 +/- 24.238
2023-03-03 Friday 02:00:36: 2-Total Mean Waiting Time= 211.602 +/- 164.401
2023-03-03 Friday 02:00:36: Episode:0 Mean Avg Speed= 0.309 +/- 0.066
2023-03-03 Friday 02:00:36: Episode:1 Mean Avg Speed= 0.331 +/- 0.065
2023-03-03 Friday 02:00:36: Episode:2 Mean Avg Speed= 0.335 +/- 0.060
2023-03-03 Friday 02:00:36: Episode:3 Mean Avg Speed= 0.320 +/- 0.062
2023-03-03 Friday 02:00:36: Episode:4 Mean Avg Speed= 0.314 +/- 0.064
2023-03-03 Friday 02:00:36: 1-Total Mean Avg Speed= 0.322 +/- 0.010
2023-03-03 Friday 02:00:36: 2-Total Mean Avg Speed= 0.322 +/- 0.063
2023-03-03 Friday 02:00:36: Episode:0 Mean Avg Speed 2= 5.752 +/- 1.205
2023-03-03 Friday 02:00:36: Episode:1 Mean Avg Speed 2= 6.150 +/- 1.179
2023-03-03 Friday 02:00:36: Episode:2 Mean Avg Speed 2= 6.223 +/- 1.072
2023-03-03 Friday 02:00:36: Episode:3 Mean Avg Speed 2= 5.939 +/- 1.114
2023-03-03 Friday 02:00:36: Episode:4 Mean Avg Speed 2= 5.849 +/- 1.161
2023-03-03 Friday 02:00:36: 1-Total Mean Avg Speed 2= 5.983 +/- 0.178
2023-03-03 Friday 02:00:36: 2-Total Mean Avg Speed 2= 5.983 +/- 1.146
2023-03-03 Friday 02:00:36: Episode:0 Mean Avg Speed Cross Check= 7.153 +/- 0.975
2023-03-03 Friday 02:00:36: Episode:1 Mean Avg Speed Cross Check= 7.462 +/- 0.912
2023-03-03 Friday 02:00:36: Episode:2 Mean Avg Speed Cross Check= 7.528 +/- 0.807
2023-03-03 Friday 02:00:36: Episode:3 Mean Avg Speed Cross Check= 7.302 +/- 0.866
2023-03-03 Friday 02:00:36: Episode:4 Mean Avg Speed Cross Check= 7.233 +/- 0.922
2023-03-03 Friday 02:00:36: 1-Total Mean Avg Speed Cross Check= 7.336 +/- 0.140
2023-03-03 Friday 02:00:36: 2-Total Mean Avg Speed Cross Check= 7.336 +/- 0.896
2023-03-03 Friday 02:00:36: ****************************************
