2023-03-08 Wednesday 16:19:15: Run: 3 for Training experiment: DoE-48 - first seed: 370 - alpha: 0.5 - gamma: 0.9 - epsilon: 0.4 - reward: average-speed-2
2023-03-08 Wednesday 16:38:05: Run: 1 - First Epsilon: 0.4 - Last Epsilon: 0.4
2023-03-08 Wednesday 16:51:50: Run: 2 - First Epsilon: 0.4 - Last Epsilon: 0.4
2023-03-08 Wednesday 17:05:34: Run: 3 - First Epsilon: 0.4 - Last Epsilon: 0.4
2023-03-08 Wednesday 17:17:05: Run: 4 - First Epsilon: 0.4 - Last Epsilon: 0.4
2023-03-08 Wednesday 17:31:41: Run: 5 - First Epsilon: 0.4 - Last Epsilon: 0.4
2023-03-08 Wednesday 17:31:41: Q-Table Total Distinct States: 1298
2023-03-08 Wednesday 17:31:41: Mean_reward=15376.85 +/- 2397.63
2023-03-08 Wednesday 17:31:41: Mean_Stopped=708190.20 +/- 145387.51
2023-03-08 Wednesday 17:31:41: Mean_Stopped=708440.80 +/- 145409.87
2023-03-08 Wednesday 17:31:41: Mean_waiting_time=32449194.00 +/- 9800357.68
2023-03-08 Wednesday 17:31:41: Mean_avg_speed=827.74 +/- 129.72
2023-03-08 Wednesday 17:31:41: Mean_avg_speed_2=15376.85 +/- 2397.63
2023-03-08 Wednesday 17:31:41: Mean_avg_speed_cross_check=25952.59 +/- 3608.61
2023-03-08 Wednesday 17:31:41: ****************************************
2023-03-08 Wednesday 17:31:41: Calculation 1 - Overall 
2023-03-08 Wednesday 17:31:41: ****************************************
2023-03-08 Wednesday 17:31:41: Inner X Outer Loops Mean Reward= 1.538 +/- 0.652
2023-03-08 Wednesday 17:31:41: Inner X Outer Loops Mean Stopped= 70.812 +/- 21.978
2023-03-08 Wednesday 17:31:41: Inner X Outer Loops Mean Stopped Cross Check= 70.837 +/- 21.976
2023-03-08 Wednesday 17:31:41: Inner X Outer Loops Mean Waiting Time= 3244.595 +/- 3420.288
2023-03-08 Wednesday 17:31:41: Inner X Outer Loops Mean Avg Speed= 0.083 +/- 0.035
2023-03-08 Wednesday 17:31:41: Inner X Outer Loops Mean Avg Speed 2= 1.538 +/- 0.652
2023-03-08 Wednesday 17:31:41: Inner X Outer Loops Mean Avg Speed Cross Check= 2.595 +/- 0.785
2023-03-08 Wednesday 17:31:41: ****************************************
2023-03-08 Wednesday 17:31:41: Calculation 2 - Per Episode
2023-03-08 Wednesday 17:31:41: ****************************************
2023-03-08 Wednesday 17:31:41: Episode:0 Mean Reward= 1.130 +/- 0.570
2023-03-08 Wednesday 17:31:41: Episode:1 Mean Reward= 1.636 +/- 0.603
2023-03-08 Wednesday 17:31:41: Episode:2 Mean Reward= 1.573 +/- 0.647
2023-03-08 Wednesday 17:31:41: Episode:3 Mean Reward= 1.866 +/- 0.610
2023-03-08 Wednesday 17:31:41: Episode:4 Mean Reward= 1.483 +/- 0.596
2023-03-08 Wednesday 17:31:41: 1-Total Mean Reward= 1.538 +/- 0.240
2023-03-08 Wednesday 17:31:41: 2-Total Mean Reward= 1.538 +/- 0.605
2023-03-08 Wednesday 17:31:41: ****
2023-03-08 Wednesday 17:31:41: Episode:0 Mean Stopped= 97.335 +/- 17.111
2023-03-08 Wednesday 17:31:41: Episode:1 Mean Stopped= 63.442 +/- 16.267
2023-03-08 Wednesday 17:31:41: Episode:2 Mean Stopped= 68.916 +/- 21.358
2023-03-08 Wednesday 17:31:41: Episode:3 Mean Stopped= 53.628 +/- 10.154
2023-03-08 Wednesday 17:31:41: Episode:4 Mean Stopped= 70.740 +/- 15.555
2023-03-08 Wednesday 17:31:41: 1-Total Mean Stopped= 70.812 +/- 14.537
2023-03-08 Wednesday 17:31:41: 2-Total Mean Stopped= 70.812 +/- 16.089
2023-03-08 Wednesday 17:31:41: ****
2023-03-08 Wednesday 17:31:41: Episode:0 Mean Stopped Cross Check= 97.364 +/- 17.103
2023-03-08 Wednesday 17:31:41: Episode:1 Mean Stopped Cross Check= 63.467 +/- 16.264
2023-03-08 Wednesday 17:31:41: Episode:2 Mean Stopped Cross Check= 68.939 +/- 21.351
2023-03-08 Wednesday 17:31:41: Episode:3 Mean Stopped Cross Check= 53.651 +/- 10.145
2023-03-08 Wednesday 17:31:41: Episode:4 Mean Stopped Cross Check= 70.764 +/- 15.551
2023-03-08 Wednesday 17:31:41: 1-Total Mean Stopped Cross Check= 70.837 +/- 14.540
2023-03-08 Wednesday 17:31:41: 2-Total Mean Stopped Cross Check= 70.837 +/- 16.083
2023-03-08 Wednesday 17:31:41: ****
2023-03-08 Wednesday 17:31:41: Episode:0 Mean Waiting Time= 4687.440 +/- 4182.496
2023-03-08 Wednesday 17:31:41: Episode:1 Mean Waiting Time= 2456.075 +/- 2450.045
2023-03-08 Wednesday 17:31:41: Episode:2 Mean Waiting Time= 2898.822 +/- 2710.788
2023-03-08 Wednesday 17:31:41: Episode:3 Mean Waiting Time= 2107.806 +/- 1670.199
2023-03-08 Wednesday 17:31:41: Episode:4 Mean Waiting Time= 4072.832 +/- 4478.451
2023-03-08 Wednesday 17:31:41: 1-Total Mean Waiting Time= 3244.595 +/- 979.938
2023-03-08 Wednesday 17:31:41: 2-Total Mean Waiting Time= 3244.595 +/- 3098.396
2023-03-08 Wednesday 17:31:41: Episode:0 Mean Avg Speed= 0.061 +/- 0.030
2023-03-08 Wednesday 17:31:41: Episode:1 Mean Avg Speed= 0.088 +/- 0.032
2023-03-08 Wednesday 17:31:42: Episode:2 Mean Avg Speed= 0.085 +/- 0.035
2023-03-08 Wednesday 17:31:42: Episode:3 Mean Avg Speed= 0.101 +/- 0.033
2023-03-08 Wednesday 17:31:42: Episode:4 Mean Avg Speed= 0.080 +/- 0.032
2023-03-08 Wednesday 17:31:42: 1-Total Mean Avg Speed= 0.083 +/- 0.013
2023-03-08 Wednesday 17:31:42: 2-Total Mean Avg Speed= 0.083 +/- 0.032
2023-03-08 Wednesday 17:31:42: Episode:0 Mean Avg Speed 2= 1.130 +/- 0.570
2023-03-08 Wednesday 17:31:42: Episode:1 Mean Avg Speed 2= 1.636 +/- 0.603
2023-03-08 Wednesday 17:31:42: Episode:2 Mean Avg Speed 2= 1.573 +/- 0.647
2023-03-08 Wednesday 17:31:42: Episode:3 Mean Avg Speed 2= 1.866 +/- 0.610
2023-03-08 Wednesday 17:31:42: Episode:4 Mean Avg Speed 2= 1.483 +/- 0.596
2023-03-08 Wednesday 17:31:42: 1-Total Mean Avg Speed 2= 1.538 +/- 0.240
2023-03-08 Wednesday 17:31:42: 2-Total Mean Avg Speed 2= 1.538 +/- 0.605
2023-03-08 Wednesday 17:31:42: Episode:0 Mean Avg Speed Cross Check= 1.976 +/- 0.647
2023-03-08 Wednesday 17:31:42: Episode:1 Mean Avg Speed Cross Check= 2.750 +/- 0.693
2023-03-08 Wednesday 17:31:42: Episode:2 Mean Avg Speed Cross Check= 2.649 +/- 0.788
2023-03-08 Wednesday 17:31:42: Episode:3 Mean Avg Speed Cross Check= 3.080 +/- 0.669
2023-03-08 Wednesday 17:31:42: Episode:4 Mean Avg Speed Cross Check= 2.520 +/- 0.683
2023-03-08 Wednesday 17:31:42: 1-Total Mean Avg Speed Cross Check= 2.595 +/- 0.361
2023-03-08 Wednesday 17:31:42: 2-Total Mean Avg Speed Cross Check= 2.595 +/- 0.696
2023-03-08 Wednesday 17:31:42: ****************************************
