2023-03-10 Friday 06:24:53: Run: 4 for Training experiment: DoE-7 - first seed: 470 - alpha: 0.1 - gamma: 0.9 - epsilon: 0.2 - reward: diff-waiting-time
2023-03-10 Friday 06:30:10: Run: 1 - First Epsilon: 0.2 - Last Epsilon: 0.2
2023-03-10 Friday 06:35:25: Run: 2 - First Epsilon: 0.2 - Last Epsilon: 0.2
2023-03-10 Friday 06:40:52: Run: 3 - First Epsilon: 0.2 - Last Epsilon: 0.2
2023-03-10 Friday 06:46:01: Run: 4 - First Epsilon: 0.2 - Last Epsilon: 0.2
2023-03-10 Friday 06:51:12: Run: 5 - First Epsilon: 0.2 - Last Epsilon: 0.2
2023-03-10 Friday 06:51:12: Q-Table Total Distinct States: 268
2023-03-10 Friday 06:51:12: Mean_reward=-0.89 +/- 0.41
2023-03-10 Friday 06:51:12: Mean_Stopped=69779.60 +/- 3997.54
2023-03-10 Friday 06:51:12: Mean_Stopped=69885.40 +/- 3995.54
2023-03-10 Friday 06:51:12: Mean_waiting_time=1274071.00 +/- 156592.38
2023-03-10 Friday 06:51:12: Mean_avg_speed=3723.13 +/- 36.70
2023-03-10 Friday 06:51:12: Mean_avg_speed_2=69173.36 +/- 672.78
2023-03-10 Friday 06:51:12: Mean_avg_speed_cross_check=80323.47 +/- 605.14
2023-03-10 Friday 06:51:12: ****************************************
2023-03-10 Friday 06:51:12: Calculation 1 - Overall 
2023-03-10 Friday 06:51:12: ****************************************
2023-03-10 Friday 06:51:12: Inner X Outer Loops Mean Reward= -0.000 +/- 0.664
2023-03-10 Friday 06:51:12: Inner X Outer Loops Mean Stopped= 6.977 +/- 3.032
2023-03-10 Friday 06:51:12: Inner X Outer Loops Mean Stopped Cross Check= 6.988 +/- 3.033
2023-03-10 Friday 06:51:12: Inner X Outer Loops Mean Waiting Time= 127.394 +/- 125.330
2023-03-10 Friday 06:51:12: Inner X Outer Loops Mean Avg Speed= 0.372 +/- 0.064
2023-03-10 Friday 06:51:12: Inner X Outer Loops Mean Avg Speed 2= 6.917 +/- 1.160
2023-03-10 Friday 06:51:12: Inner X Outer Loops Mean Avg Speed Cross Check= 8.032 +/- 0.833
2023-03-10 Friday 06:51:12: ****************************************
2023-03-10 Friday 06:51:12: Calculation 2 - Per Episode
2023-03-10 Friday 06:51:12: ****************************************
2023-03-10 Friday 06:51:12: Episode:0 Mean Reward= -0.000 +/- 0.733
2023-03-10 Friday 06:51:12: Episode:1 Mean Reward= -0.000 +/- 0.649
2023-03-10 Friday 06:51:12: Episode:2 Mean Reward= -0.000 +/- 0.636
2023-03-10 Friday 06:51:12: Episode:3 Mean Reward= -0.000 +/- 0.642
2023-03-10 Friday 06:51:12: Episode:4 Mean Reward= -0.000 +/- 0.658
2023-03-10 Friday 06:51:12: 1-Total Mean Reward= -0.000 +/- 0.000
2023-03-10 Friday 06:51:12: 2-Total Mean Reward= -0.000 +/- 0.664
2023-03-10 Friday 06:51:12: ****
2023-03-10 Friday 06:51:12: Episode:0 Mean Stopped= 7.765 +/- 5.208
2023-03-10 Friday 06:51:12: Episode:1 Mean Stopped= 6.873 +/- 2.137
2023-03-10 Friday 06:51:12: Episode:2 Mean Stopped= 6.675 +/- 2.177
2023-03-10 Friday 06:51:12: Episode:3 Mean Stopped= 6.745 +/- 2.085
2023-03-10 Friday 06:51:12: Episode:4 Mean Stopped= 6.828 +/- 2.093
2023-03-10 Friday 06:51:12: 1-Total Mean Stopped= 6.977 +/- 0.400
2023-03-10 Friday 06:51:12: 2-Total Mean Stopped= 6.977 +/- 2.740
2023-03-10 Friday 06:51:12: ****
2023-03-10 Friday 06:51:12: Episode:0 Mean Stopped Cross Check= 7.775 +/- 5.212
2023-03-10 Friday 06:51:12: Episode:1 Mean Stopped Cross Check= 6.885 +/- 2.136
2023-03-10 Friday 06:51:12: Episode:2 Mean Stopped Cross Check= 6.683 +/- 2.179
2023-03-10 Friday 06:51:12: Episode:3 Mean Stopped Cross Check= 6.758 +/- 2.084
2023-03-10 Friday 06:51:12: Episode:4 Mean Stopped Cross Check= 6.838 +/- 2.094
2023-03-10 Friday 06:51:12: 1-Total Mean Stopped Cross Check= 6.988 +/- 0.400
2023-03-10 Friday 06:51:12: 2-Total Mean Stopped Cross Check= 6.988 +/- 2.741
2023-03-10 Friday 06:51:12: ****
2023-03-10 Friday 06:51:12: Episode:0 Mean Waiting Time= 158.323 +/- 209.595
2023-03-10 Friday 06:51:12: Episode:1 Mean Waiting Time= 121.080 +/- 87.715
2023-03-10 Friday 06:51:12: Episode:2 Mean Waiting Time= 116.222 +/- 85.340
2023-03-10 Friday 06:51:12: Episode:3 Mean Waiting Time= 118.013 +/- 89.485
2023-03-10 Friday 06:51:13: Episode:4 Mean Waiting Time= 123.334 +/- 101.969
2023-03-10 Friday 06:51:13: 1-Total Mean Waiting Time= 127.394 +/- 15.658
2023-03-10 Friday 06:51:13: 2-Total Mean Waiting Time= 127.394 +/- 114.821
2023-03-10 Friday 06:51:13: Episode:0 Mean Avg Speed= 0.366 +/- 0.078
2023-03-10 Friday 06:51:13: Episode:1 Mean Avg Speed= 0.372 +/- 0.059
2023-03-10 Friday 06:51:13: Episode:2 Mean Avg Speed= 0.376 +/- 0.061
2023-03-10 Friday 06:51:13: Episode:3 Mean Avg Speed= 0.375 +/- 0.059
2023-03-10 Friday 06:51:13: Episode:4 Mean Avg Speed= 0.373 +/- 0.059
2023-03-10 Friday 06:51:13: 1-Total Mean Avg Speed= 0.372 +/- 0.004
2023-03-10 Friday 06:51:13: 2-Total Mean Avg Speed= 0.372 +/- 0.063
2023-03-10 Friday 06:51:13: Episode:0 Mean Avg Speed 2= 6.795 +/- 1.428
2023-03-10 Friday 06:51:13: Episode:1 Mean Avg Speed 2= 6.907 +/- 1.065
2023-03-10 Friday 06:51:13: Episode:2 Mean Avg Speed 2= 6.994 +/- 1.101
2023-03-10 Friday 06:51:13: Episode:3 Mean Avg Speed 2= 6.957 +/- 1.079
2023-03-10 Friday 06:51:13: Episode:4 Mean Avg Speed 2= 6.930 +/- 1.077
2023-03-10 Friday 06:51:13: 1-Total Mean Avg Speed 2= 6.917 +/- 0.067
2023-03-10 Friday 06:51:13: 2-Total Mean Avg Speed 2= 6.917 +/- 1.150
2023-03-10 Friday 06:51:13: Episode:0 Mean Avg Speed Cross Check= 7.916 +/- 1.103
2023-03-10 Friday 06:51:13: Episode:1 Mean Avg Speed Cross Check= 8.037 +/- 0.741
2023-03-10 Friday 06:51:13: Episode:2 Mean Avg Speed Cross Check= 8.092 +/- 0.762
2023-03-10 Friday 06:51:13: Episode:3 Mean Avg Speed Cross Check= 8.063 +/- 0.739
2023-03-10 Friday 06:51:13: Episode:4 Mean Avg Speed Cross Check= 8.049 +/- 0.745
2023-03-10 Friday 06:51:13: 1-Total Mean Avg Speed Cross Check= 8.032 +/- 0.061
2023-03-10 Friday 06:51:13: 2-Total Mean Avg Speed Cross Check= 8.032 +/- 0.818
2023-03-10 Friday 06:51:13: ****************************************
