2023-04-11 Tuesday 05:26:11 root:INFO:Run: 3 for Baseline experiment: DE-4 - route: ../nets/roundabout/input_routes_roundabout_auto_v1-4.rou.xml - first seed: 380 - alpha: 0.5 - gamma: 0.99 - epsilon: 0.2 - reward: diff-waiting-time
2023-04-11 Tuesday 05:30:05 root:INFO:Total Missing States: 0
2023-04-11 Tuesday 05:30:05 root:INFO:Mean Reward=-11978.00 +/- 0.00
2023-04-11 Tuesday 05:30:05 root:INFO:Mean Stopped=11978.00 +/- 0.00
2023-04-11 Tuesday 05:30:05 root:INFO:Mean_Stopped=11978.00 +/- 0.00
2023-04-11 Tuesday 05:30:05 root:INFO:Mean Waiting Time=123530.00 +/- 0.00
2023-04-11 Tuesday 05:30:05 root:INFO:Mean_avg_speed=4051.23 +/- 0.00
2023-04-11 Tuesday 05:30:05 root:INFO:Mean_avg_speed_2=74599.27 +/- 0.00
2023-04-11 Tuesday 05:30:05 root:INFO:Mean_avg_speed_cross_check=89617.97 +/- 0.00
2023-04-11 Tuesday 05:30:05 root:INFO:****************************************
2023-04-11 Tuesday 05:30:05 root:INFO:Calculation 1 - Overall 
2023-04-11 Tuesday 05:30:05 root:INFO:****************************************
2023-04-11 Tuesday 05:30:05 root:INFO:Inner X Outer Loops Mean Reward=-1.198 +/- 1.039
2023-04-11 Tuesday 05:30:05 root:INFO:Inner X Outer Loops Mean Stopped= 1.198 +/- 1.039
2023-04-11 Tuesday 05:30:05 root:INFO:Inner X Outer Loops Mean Stopped Cross Check= 1.198 +/- 1.039
2023-04-11 Tuesday 05:30:05 root:INFO:Inner X Outer Loops Mean Waiting Time= 12.352 +/- 20.117
2023-04-11 Tuesday 05:30:05 root:INFO:Inner X Outer Loops Mean Avg Speed= 0.405 +/- 0.345
2023-04-11 Tuesday 05:30:05 root:INFO:Inner X Outer Loops Mean Avg Speed 2= 7.459 +/- 6.726
2023-04-11 Tuesday 05:30:05 root:INFO:Inner X Outer Loops Mean Avg Speed Cross Check= 8.961 +/- 3.713
2023-04-11 Tuesday 05:30:05 root:INFO:****************************************
2023-04-11 Tuesday 05:30:05 root:INFO:Calculation 2 - Per Episode
2023-04-11 Tuesday 05:30:05 root:INFO:****************************************
2023-04-11 Tuesday 05:30:05 root:INFO:Episode:0 Mean Waiting Time=-1.198 +/- 1.039
2023-04-11 Tuesday 05:30:05 root:INFO:1-Total Mean Reward= -1.198 +/- 0.000
2023-04-11 Tuesday 05:30:05 root:INFO:2-Total Mean Reward= -1.198 +/- 1.039
2023-04-11 Tuesday 05:30:05 root:INFO:****
2023-04-11 Tuesday 05:30:05 root:INFO:Episode:0 Mean Stopped= 1.198 +/- 1.039
2023-04-11 Tuesday 05:30:05 root:INFO:1-Total Mean Stopped= 1.198 +/- 0.000
2023-04-11 Tuesday 05:30:05 root:INFO:2-Total Mean Stopped= 1.198 +/- 1.039
2023-04-11 Tuesday 05:30:05 root:INFO:****
2023-04-11 Tuesday 05:30:05 root:INFO:Episode:0 Mean Stopped Cross Check= 1.198 +/- 1.039
2023-04-11 Tuesday 05:30:05 root:INFO:1-Total Mean Stopped Cross Check= 1.198 +/- 0.000
2023-04-11 Tuesday 05:30:05 root:INFO:2-Total Mean Stopped Cross Check= 1.198 +/- 1.039
2023-04-11 Tuesday 05:30:05 root:INFO:****
2023-04-11 Tuesday 05:30:05 root:INFO:Episode:0 Mean Waiting Time= 12.352 +/- 20.117
2023-04-11 Tuesday 05:30:05 root:INFO:1-Total Mean Waiting Time= 12.352 +/- 0.000
2023-04-11 Tuesday 05:30:05 root:INFO:2-Total Mean Waiting Time= 12.352 +/- 20.117
2023-04-11 Tuesday 05:30:05 root:INFO:Episode:0 Mean Avg Speed= 0.405 +/- 0.345
2023-04-11 Tuesday 05:30:05 root:INFO:1-Total Mean Avg Speed= 0.405 +/- 0.000
2023-04-11 Tuesday 05:30:05 root:INFO:2-Total Mean Avg Speed= 0.405 +/- 0.345
2023-04-11 Tuesday 05:30:05 root:INFO:Episode:0 Mean Avg Speed 2= 7.459 +/- 6.726
2023-04-11 Tuesday 05:30:05 root:INFO:1-Total Mean Avg Speed 2= 7.459 +/- 0.000
2023-04-11 Tuesday 05:30:05 root:INFO:2-Total Mean Avg Speed 2= 7.459 +/- 6.726
2023-04-11 Tuesday 05:30:05 root:INFO:Episode:0 Mean Avg Speed Cross Check= 8.961 +/- 3.713
2023-04-11 Tuesday 05:30:05 root:INFO:1-Total Mean Avg Speed Cross Check= 8.961 +/- 0.000
2023-04-11 Tuesday 05:30:05 root:INFO:2-Total Mean Avg Speed Cross Check= 8.961 +/- 3.713
2023-04-11 Tuesday 05:30:05 root:INFO:****************************************
