2023-04-11 Tuesday 18:25:49: Run: 4 for Training experiment: DE-3 - route: ../nets/roundabout/input_routes_roundabout_auto_v1-3.rou.xml - first seed: 470 - alpha: 0.5 - gamma: 0.99 - epsilon: 0.2 - reward: diff-waiting-time
2023-04-11 Tuesday 18:33:25: Run: 1 - First Epsilon: 0.2 - Last Epsilon: 0.2
2023-04-11 Tuesday 18:40:59: Run: 2 - First Epsilon: 0.2 - Last Epsilon: 0.2
2023-04-11 Tuesday 18:48:14: Run: 3 - First Epsilon: 0.2 - Last Epsilon: 0.2
2023-04-11 Tuesday 18:55:48: Run: 4 - First Epsilon: 0.2 - Last Epsilon: 0.2
2023-04-11 Tuesday 19:03:24: Run: 5 - First Epsilon: 0.2 - Last Epsilon: 0.2
2023-04-11 Tuesday 19:03:25: Q-Table Total Distinct States: 147
2023-04-11 Tuesday 19:03:25: Mean_reward=-0.55 +/- 0.29
2023-04-11 Tuesday 19:03:25: Mean_Stopped=48043.40 +/- 1306.26
2023-04-11 Tuesday 19:03:25: Mean_Stopped=48132.80 +/- 1314.26
2023-04-11 Tuesday 19:03:25: Mean_waiting_time=1190665.20 +/- 215083.64
2023-04-11 Tuesday 19:03:25: Mean_avg_speed=3869.91 +/- 36.09
2023-04-11 Tuesday 19:03:25: Mean_avg_speed_2=71858.89 +/- 656.97
2023-04-11 Tuesday 19:03:25: Mean_avg_speed_cross_check=82278.73 +/- 464.01
2023-04-11 Tuesday 19:03:25: ****************************************
2023-04-11 Tuesday 19:03:25: Calculation 1 - Overall 
2023-04-11 Tuesday 19:03:25: ****************************************
2023-04-11 Tuesday 19:03:25: Inner X Outer Loops Mean Reward= -0.000 +/- 0.672
2023-04-11 Tuesday 19:03:25: Inner X Outer Loops Mean Stopped= 4.804 +/- 1.856
2023-04-11 Tuesday 19:03:25: Inner X Outer Loops Mean Stopped Cross Check= 4.813 +/- 1.852
2023-04-11 Tuesday 19:03:25: Inner X Outer Loops Mean Waiting Time= 119.055 +/- 145.630
2023-04-11 Tuesday 19:03:25: Inner X Outer Loops Mean Avg Speed= 0.387 +/- 0.081
2023-04-11 Tuesday 19:03:25: Inner X Outer Loops Mean Avg Speed 2= 7.185 +/- 1.473
2023-04-11 Tuesday 19:03:25: Inner X Outer Loops Mean Avg Speed Cross Check= 8.227 +/- 0.956
2023-04-11 Tuesday 19:03:25: ****************************************
2023-04-11 Tuesday 19:03:25: Calculation 2 - Per Episode
2023-04-11 Tuesday 19:03:25: ****************************************
2023-04-11 Tuesday 19:03:25: Episode:0 Mean Reward= -0.000 +/- 0.782
2023-04-11 Tuesday 19:03:25: Episode:1 Mean Reward= -0.000 +/- 0.627
2023-04-11 Tuesday 19:03:25: Episode:2 Mean Reward= -0.000 +/- 0.695
2023-04-11 Tuesday 19:03:25: Episode:3 Mean Reward= -0.000 +/- 0.649
2023-04-11 Tuesday 19:03:25: Episode:4 Mean Reward= -0.000 +/- 0.593
2023-04-11 Tuesday 19:03:25: 1-Total Mean Reward= -0.000 +/- 0.000
2023-04-11 Tuesday 19:03:25: 2-Total Mean Reward= -0.000 +/- 0.669
2023-04-11 Tuesday 19:03:25: ****
2023-04-11 Tuesday 19:03:25: Episode:0 Mean Stopped= 4.919 +/- 1.949
2023-04-11 Tuesday 19:03:25: Episode:1 Mean Stopped= 4.697 +/- 1.823
2023-04-11 Tuesday 19:03:25: Episode:2 Mean Stopped= 5.002 +/- 1.918
2023-04-11 Tuesday 19:03:25: Episode:3 Mean Stopped= 4.704 +/- 1.813
2023-04-11 Tuesday 19:03:25: Episode:4 Mean Stopped= 4.697 +/- 1.747
2023-04-11 Tuesday 19:03:25: 1-Total Mean Stopped= 4.804 +/- 0.131
2023-04-11 Tuesday 19:03:25: 2-Total Mean Stopped= 4.804 +/- 1.850
2023-04-11 Tuesday 19:03:25: ****
2023-04-11 Tuesday 19:03:25: Episode:0 Mean Stopped Cross Check= 4.929 +/- 1.943
2023-04-11 Tuesday 19:03:25: Episode:1 Mean Stopped Cross Check= 4.706 +/- 1.820
2023-04-11 Tuesday 19:03:25: Episode:2 Mean Stopped Cross Check= 5.012 +/- 1.914
2023-04-11 Tuesday 19:03:25: Episode:3 Mean Stopped Cross Check= 4.711 +/- 1.810
2023-04-11 Tuesday 19:03:25: Episode:4 Mean Stopped Cross Check= 4.706 +/- 1.742
2023-04-11 Tuesday 19:03:25: 1-Total Mean Stopped Cross Check= 4.813 +/- 0.131
2023-04-11 Tuesday 19:03:25: 2-Total Mean Stopped Cross Check= 4.813 +/- 1.846
2023-04-11 Tuesday 19:03:25: ****
2023-04-11 Tuesday 19:03:25: Episode:0 Mean Waiting Time= 156.618 +/- 194.596
2023-04-11 Tuesday 19:03:25: Episode:1 Mean Waiting Time= 103.994 +/- 122.304
2023-04-11 Tuesday 19:03:25: Episode:2 Mean Waiting Time= 127.004 +/- 154.500
2023-04-11 Tuesday 19:03:25: Episode:3 Mean Waiting Time= 112.426 +/- 134.715
2023-04-11 Tuesday 19:03:25: Episode:4 Mean Waiting Time= 95.230 +/- 94.256
2023-04-11 Tuesday 19:03:25: 1-Total Mean Waiting Time= 119.055 +/- 21.506
2023-04-11 Tuesday 19:03:25: 2-Total Mean Waiting Time= 119.055 +/- 140.074
2023-04-11 Tuesday 19:03:25: Episode:0 Mean Avg Speed= 0.385 +/- 0.081
2023-04-11 Tuesday 19:03:25: Episode:1 Mean Avg Speed= 0.390 +/- 0.082
2023-04-11 Tuesday 19:03:25: Episode:2 Mean Avg Speed= 0.381 +/- 0.079
2023-04-11 Tuesday 19:03:25: Episode:3 Mean Avg Speed= 0.390 +/- 0.081
2023-04-11 Tuesday 19:03:25: Episode:4 Mean Avg Speed= 0.389 +/- 0.080
2023-04-11 Tuesday 19:03:25: 1-Total Mean Avg Speed= 0.387 +/- 0.004
2023-04-11 Tuesday 19:03:25: 2-Total Mean Avg Speed= 0.387 +/- 0.081
2023-04-11 Tuesday 19:03:25: Episode:0 Mean Avg Speed 2= 7.155 +/- 1.487
2023-04-11 Tuesday 19:03:25: Episode:1 Mean Avg Speed 2= 7.239 +/- 1.494
2023-04-11 Tuesday 19:03:25: Episode:2 Mean Avg Speed 2= 7.070 +/- 1.447
2023-04-11 Tuesday 19:03:25: Episode:3 Mean Avg Speed 2= 7.245 +/- 1.475
2023-04-11 Tuesday 19:03:25: Episode:4 Mean Avg Speed 2= 7.216 +/- 1.457
2023-04-11 Tuesday 19:03:25: 1-Total Mean Avg Speed 2= 7.185 +/- 0.066
2023-04-11 Tuesday 19:03:25: 2-Total Mean Avg Speed 2= 7.185 +/- 1.472
2023-04-11 Tuesday 19:03:25: Episode:0 Mean Avg Speed Cross Check= 8.206 +/- 0.971
2023-04-11 Tuesday 19:03:25: Episode:1 Mean Avg Speed Cross Check= 8.263 +/- 0.960
2023-04-11 Tuesday 19:03:25: Episode:2 Mean Avg Speed Cross Check= 8.145 +/- 0.963
2023-04-11 Tuesday 19:03:25: Episode:3 Mean Avg Speed Cross Check= 8.263 +/- 0.952
2023-04-11 Tuesday 19:03:25: Episode:4 Mean Avg Speed Cross Check= 8.258 +/- 0.928
2023-04-11 Tuesday 19:03:25: 1-Total Mean Avg Speed Cross Check= 8.227 +/- 0.046
2023-04-11 Tuesday 19:03:25: 2-Total Mean Avg Speed Cross Check= 8.227 +/- 0.955
2023-04-11 Tuesday 19:03:25: ****************************************
