2023-03-06 Monday 20:32:48: Run: 3 for Training experiment: DoE-13 - first seed: 370 - alpha: 0.1 - gamma: 0.99 - epsilon: 0.2 - reward: diff-waiting-time
2023-03-06 Monday 20:38:53: Run: 1 - First Epsilon: 0.2 - Last Epsilon: 0.2
2023-03-06 Monday 20:44:34: Run: 2 - First Epsilon: 0.2 - Last Epsilon: 0.2
2023-03-06 Monday 20:50:42: Run: 3 - First Epsilon: 0.2 - Last Epsilon: 0.2
2023-03-06 Monday 20:56:45: Run: 4 - First Epsilon: 0.2 - Last Epsilon: 0.2
2023-03-06 Monday 21:02:38: Run: 5 - First Epsilon: 0.2 - Last Epsilon: 0.2
2023-03-06 Monday 21:02:38: Q-Table Total Distinct States: 185
2023-03-06 Monday 21:02:38: Mean_reward=-2.58 +/- 1.28
2023-03-06 Monday 21:02:38: Mean_Stopped=68362.60 +/- 1962.05
2023-03-06 Monday 21:02:38: Mean_Stopped=68480.20 +/- 1981.08
2023-03-06 Monday 21:02:38: Mean_waiting_time=1348946.00 +/- 72717.05
2023-03-06 Monday 21:02:38: Mean_avg_speed=3726.71 +/- 45.46
2023-03-06 Monday 21:02:38: Mean_avg_speed_2=69241.26 +/- 826.39
2023-03-06 Monday 21:02:38: Mean_avg_speed_cross_check=80466.97 +/- 572.97
2023-03-06 Monday 21:02:38: ****************************************
2023-03-06 Monday 21:02:38: Calculation 1 - Overall 
2023-03-06 Monday 21:02:38: ****************************************
2023-03-06 Monday 21:02:38: Inner X Outer Loops Mean Reward= -0.000 +/- 0.693
2023-03-06 Monday 21:02:38: Inner X Outer Loops Mean Stopped= 6.836 +/- 2.142
2023-03-06 Monday 21:02:38: Inner X Outer Loops Mean Stopped Cross Check= 6.847 +/- 2.142
2023-03-06 Monday 21:02:38: Inner X Outer Loops Mean Waiting Time= 134.881 +/- 123.012
2023-03-06 Monday 21:02:38: Inner X Outer Loops Mean Avg Speed= 0.373 +/- 0.060
2023-03-06 Monday 21:02:38: Inner X Outer Loops Mean Avg Speed 2= 6.923 +/- 1.081
2023-03-06 Monday 21:02:38: Inner X Outer Loops Mean Avg Speed Cross Check= 8.046 +/- 0.755
2023-03-06 Monday 21:02:38: ****************************************
2023-03-06 Monday 21:02:38: Calculation 2 - Per Episode
2023-03-06 Monday 21:02:38: ****************************************
2023-03-06 Monday 21:02:38: Episode:0 Mean Reward= -0.000 +/- 0.702
2023-03-06 Monday 21:02:38: Episode:1 Mean Reward= -0.000 +/- 0.664
2023-03-06 Monday 21:02:38: Episode:2 Mean Reward= -0.000 +/- 0.712
2023-03-06 Monday 21:02:38: Episode:3 Mean Reward= -0.000 +/- 0.679
2023-03-06 Monday 21:02:38: Episode:4 Mean Reward= -0.000 +/- 0.709
2023-03-06 Monday 21:02:38: 1-Total Mean Reward= -0.000 +/- 0.000
2023-03-06 Monday 21:02:38: 2-Total Mean Reward= -0.000 +/- 0.693
2023-03-06 Monday 21:02:38: ****
2023-03-06 Monday 21:02:38: Episode:0 Mean Stopped= 6.944 +/- 2.126
2023-03-06 Monday 21:02:38: Episode:1 Mean Stopped= 6.539 +/- 2.048
2023-03-06 Monday 21:02:38: Episode:2 Mean Stopped= 6.840 +/- 2.125
2023-03-06 Monday 21:02:38: Episode:3 Mean Stopped= 6.732 +/- 2.101
2023-03-06 Monday 21:02:38: Episode:4 Mean Stopped= 7.122 +/- 2.260
2023-03-06 Monday 21:02:38: 1-Total Mean Stopped= 6.836 +/- 0.196
2023-03-06 Monday 21:02:38: 2-Total Mean Stopped= 6.836 +/- 2.132
2023-03-06 Monday 21:02:38: ****
2023-03-06 Monday 21:02:38: Episode:0 Mean Stopped Cross Check= 6.956 +/- 2.125
2023-03-06 Monday 21:02:38: Episode:1 Mean Stopped Cross Check= 6.549 +/- 2.047
2023-03-06 Monday 21:02:38: Episode:2 Mean Stopped Cross Check= 6.851 +/- 2.125
2023-03-06 Monday 21:02:38: Episode:3 Mean Stopped Cross Check= 6.743 +/- 2.101
2023-03-06 Monday 21:02:38: Episode:4 Mean Stopped Cross Check= 7.137 +/- 2.258
2023-03-06 Monday 21:02:38: 1-Total Mean Stopped Cross Check= 6.847 +/- 0.198
2023-03-06 Monday 21:02:38: 2-Total Mean Stopped Cross Check= 6.847 +/- 2.131
2023-03-06 Monday 21:02:38: ****
2023-03-06 Monday 21:02:38: Episode:0 Mean Waiting Time= 138.268 +/- 125.898
2023-03-06 Monday 21:02:38: Episode:1 Mean Waiting Time= 123.579 +/- 107.701
2023-03-06 Monday 21:02:38: Episode:2 Mean Waiting Time= 139.436 +/- 145.692
2023-03-06 Monday 21:02:38: Episode:3 Mean Waiting Time= 129.535 +/- 110.487
2023-03-06 Monday 21:02:38: Episode:4 Mean Waiting Time= 143.588 +/- 120.466
2023-03-06 Monday 21:02:38: 1-Total Mean Waiting Time= 134.881 +/- 7.271
2023-03-06 Monday 21:02:38: 2-Total Mean Waiting Time= 134.881 +/- 122.049
2023-03-06 Monday 21:02:38: Episode:0 Mean Avg Speed= 0.369 +/- 0.060
2023-03-06 Monday 21:02:38: Episode:1 Mean Avg Speed= 0.380 +/- 0.060
2023-03-06 Monday 21:02:38: Episode:2 Mean Avg Speed= 0.372 +/- 0.060
2023-03-06 Monday 21:02:38: Episode:3 Mean Avg Speed= 0.375 +/- 0.059
2023-03-06 Monday 21:02:38: Episode:4 Mean Avg Speed= 0.367 +/- 0.059
2023-03-06 Monday 21:02:38: 1-Total Mean Avg Speed= 0.373 +/- 0.005
2023-03-06 Monday 21:02:38: 2-Total Mean Avg Speed= 0.373 +/- 0.060
2023-03-06 Monday 21:02:38: Episode:0 Mean Avg Speed 2= 6.874 +/- 1.073
2023-03-06 Monday 21:02:38: Episode:1 Mean Avg Speed 2= 7.047 +/- 1.086
2023-03-06 Monday 21:02:38: Episode:2 Mean Avg Speed 2= 6.924 +/- 1.080
2023-03-06 Monday 21:02:38: Episode:3 Mean Avg Speed 2= 6.968 +/- 1.082
2023-03-06 Monday 21:02:38: Episode:4 Mean Avg Speed 2= 6.804 +/- 1.069
2023-03-06 Monday 21:02:38: 1-Total Mean Avg Speed 2= 6.923 +/- 0.083
2023-03-06 Monday 21:02:38: 2-Total Mean Avg Speed 2= 6.923 +/- 1.078
2023-03-06 Monday 21:02:38: Episode:0 Mean Avg Speed Cross Check= 8.018 +/- 0.748
2023-03-06 Monday 21:02:38: Episode:1 Mean Avg Speed Cross Check= 8.131 +/- 0.752
2023-03-06 Monday 21:02:38: Episode:2 Mean Avg Speed Cross Check= 8.046 +/- 0.752
2023-03-06 Monday 21:02:38: Episode:3 Mean Avg Speed Cross Check= 8.074 +/- 0.756
2023-03-06 Monday 21:02:38: Episode:4 Mean Avg Speed Cross Check= 7.959 +/- 0.757
2023-03-06 Monday 21:02:38: 1-Total Mean Avg Speed Cross Check= 8.046 +/- 0.057
2023-03-06 Monday 21:02:38: 2-Total Mean Avg Speed Cross Check= 8.046 +/- 0.753
2023-03-06 Monday 21:02:38: ****************************************
