2023-03-02 Thursday 08:12:35: Run: 1 for Training experiment: DoE-44 - first seed: 170 - alpha: 0.5 - gamma: 0.9 - epsilon: 0.2 - reward: average-speed-2
2023-03-02 Thursday 08:31:35: Run: 1 - First Epsilon: 0.2 - Last Epsilon: 0.2
2023-03-02 Thursday 08:44:32: Run: 2 - First Epsilon: 0.2 - Last Epsilon: 0.2
2023-03-02 Thursday 08:57:03: Run: 3 - First Epsilon: 0.2 - Last Epsilon: 0.2
2023-03-02 Thursday 09:12:57: Run: 4 - First Epsilon: 0.2 - Last Epsilon: 0.2
2023-03-02 Thursday 09:27:10: Run: 5 - First Epsilon: 0.2 - Last Epsilon: 0.2
2023-03-02 Thursday 09:27:10: Q-Table Total Distinct States: 890
2023-03-02 Thursday 09:27:10: Mean_reward=14552.97 +/- 2082.43
2023-03-02 Thursday 09:27:10: Mean_Stopped=748044.20 +/- 140986.21
2023-03-02 Thursday 09:27:10: Mean_Stopped=748292.00 +/- 141013.27
2023-03-02 Thursday 09:27:10: Mean_waiting_time=46176260.40 +/- 14804232.14
2023-03-02 Thursday 09:27:10: Mean_avg_speed=783.42 +/- 112.34
2023-03-02 Thursday 09:27:10: Mean_avg_speed_2=14552.97 +/- 2082.43
2023-03-02 Thursday 09:27:10: Mean_avg_speed_cross_check=24742.58 +/- 3199.42
2023-03-02 Thursday 09:27:10: ****************************************
2023-03-02 Thursday 09:27:10: Calculation 1 - Overall 
2023-03-02 Thursday 09:27:10: ****************************************
2023-03-02 Thursday 09:27:10: Inner X Outer Loops Mean Reward= 1.455 +/- 0.620
2023-03-02 Thursday 09:27:10: Inner X Outer Loops Mean Stopped= 74.797 +/- 20.449
2023-03-02 Thursday 09:27:10: Inner X Outer Loops Mean Stopped Cross Check= 74.822 +/- 20.449
2023-03-02 Thursday 09:27:10: Inner X Outer Loops Mean Waiting Time= 4617.164 +/- 6133.744
2023-03-02 Thursday 09:27:10: Inner X Outer Loops Mean Avg Speed= 0.078 +/- 0.033
2023-03-02 Thursday 09:27:10: Inner X Outer Loops Mean Avg Speed 2= 1.455 +/- 0.620
2023-03-02 Thursday 09:27:10: Inner X Outer Loops Mean Avg Speed Cross Check= 2.474 +/- 0.739
2023-03-02 Thursday 09:27:10: ****************************************
2023-03-02 Thursday 09:27:10: Calculation 2 - Per Episode
2023-03-02 Thursday 09:27:10: ****************************************
2023-03-02 Thursday 09:27:10: Episode:0 Mean Reward= 1.069 +/- 0.488
2023-03-02 Thursday 09:27:10: Episode:1 Mean Reward= 1.562 +/- 0.541
2023-03-02 Thursday 09:27:10: Episode:2 Mean Reward= 1.655 +/- 0.541
2023-03-02 Thursday 09:27:10: Episode:3 Mean Reward= 1.415 +/- 0.705
2023-03-02 Thursday 09:27:10: Episode:4 Mean Reward= 1.575 +/- 0.623
2023-03-02 Thursday 09:27:10: 1-Total Mean Reward= 1.455 +/- 0.208
2023-03-02 Thursday 09:27:10: 2-Total Mean Reward= 1.455 +/- 0.579
2023-03-02 Thursday 09:27:10: ****
2023-03-02 Thursday 09:27:10: Episode:0 Mean Stopped= 100.974 +/- 13.837
2023-03-02 Thursday 09:27:10: Episode:1 Mean Stopped= 65.413 +/- 10.738
2023-03-02 Thursday 09:27:10: Episode:2 Mean Stopped= 61.907 +/- 10.523
2023-03-02 Thursday 09:27:10: Episode:3 Mean Stopped= 77.672 +/- 19.680
2023-03-02 Thursday 09:27:10: Episode:4 Mean Stopped= 68.019 +/- 17.100
2023-03-02 Thursday 09:27:10: 1-Total Mean Stopped= 74.797 +/- 14.097
2023-03-02 Thursday 09:27:10: 2-Total Mean Stopped= 74.797 +/- 14.375
2023-03-02 Thursday 09:27:10: ****
2023-03-02 Thursday 09:27:10: Episode:0 Mean Stopped Cross Check= 101.003 +/- 13.831
2023-03-02 Thursday 09:27:10: Episode:1 Mean Stopped Cross Check= 65.433 +/- 10.737
2023-03-02 Thursday 09:27:10: Episode:2 Mean Stopped Cross Check= 61.928 +/- 10.518
2023-03-02 Thursday 09:27:10: Episode:3 Mean Stopped Cross Check= 77.699 +/- 19.677
2023-03-02 Thursday 09:27:10: Episode:4 Mean Stopped Cross Check= 68.045 +/- 17.099
2023-03-02 Thursday 09:27:10: 1-Total Mean Stopped Cross Check= 74.822 +/- 14.100
2023-03-02 Thursday 09:27:10: 2-Total Mean Stopped Cross Check= 74.822 +/- 14.372
2023-03-02 Thursday 09:27:10: ****
2023-03-02 Thursday 09:27:10: Episode:0 Mean Waiting Time= 7335.939 +/- 6974.677
2023-03-02 Thursday 09:27:10: Episode:1 Mean Waiting Time= 5002.866 +/- 8402.852
2023-03-02 Thursday 09:27:10: Episode:2 Mean Waiting Time= 3272.875 +/- 4001.868
2023-03-02 Thursday 09:27:10: Episode:3 Mean Waiting Time= 3909.304 +/- 4696.025
2023-03-02 Thursday 09:27:10: Episode:4 Mean Waiting Time= 3564.838 +/- 4453.803
2023-03-02 Thursday 09:27:10: 1-Total Mean Waiting Time= 4617.164 +/- 1480.275
2023-03-02 Thursday 09:27:10: 2-Total Mean Waiting Time= 4617.164 +/- 5705.845
2023-03-02 Thursday 09:27:10: Episode:0 Mean Avg Speed= 0.057 +/- 0.026
2023-03-02 Thursday 09:27:10: Episode:1 Mean Avg Speed= 0.084 +/- 0.028
2023-03-02 Thursday 09:27:10: Episode:2 Mean Avg Speed= 0.089 +/- 0.029
2023-03-02 Thursday 09:27:10: Episode:3 Mean Avg Speed= 0.076 +/- 0.038
2023-03-02 Thursday 09:27:10: Episode:4 Mean Avg Speed= 0.085 +/- 0.034
2023-03-02 Thursday 09:27:10: 1-Total Mean Avg Speed= 0.078 +/- 0.011
2023-03-02 Thursday 09:27:10: 2-Total Mean Avg Speed= 0.078 +/- 0.031
2023-03-02 Thursday 09:27:10: Episode:0 Mean Avg Speed 2= 1.069 +/- 0.488
2023-03-02 Thursday 09:27:10: Episode:1 Mean Avg Speed 2= 1.562 +/- 0.541
2023-03-02 Thursday 09:27:10: Episode:2 Mean Avg Speed 2= 1.655 +/- 0.541
2023-03-02 Thursday 09:27:10: Episode:3 Mean Avg Speed 2= 1.415 +/- 0.705
2023-03-02 Thursday 09:27:10: Episode:4 Mean Avg Speed 2= 1.575 +/- 0.623
2023-03-02 Thursday 09:27:10: 1-Total Mean Avg Speed 2= 1.455 +/- 0.208
2023-03-02 Thursday 09:27:10: 2-Total Mean Avg Speed 2= 1.455 +/- 0.579
2023-03-02 Thursday 09:27:10: Episode:0 Mean Avg Speed Cross Check= 1.883 +/- 0.560
2023-03-02 Thursday 09:27:10: Episode:1 Mean Avg Speed Cross Check= 2.647 +/- 0.605
2023-03-02 Thursday 09:27:10: Episode:2 Mean Avg Speed Cross Check= 2.783 +/- 0.595
2023-03-02 Thursday 09:27:10: Episode:3 Mean Avg Speed Cross Check= 2.403 +/- 0.806
2023-03-02 Thursday 09:27:10: Episode:4 Mean Avg Speed Cross Check= 2.654 +/- 0.731
2023-03-02 Thursday 09:27:10: 1-Total Mean Avg Speed Cross Check= 2.474 +/- 0.320
2023-03-02 Thursday 09:27:10: 2-Total Mean Avg Speed Cross Check= 2.474 +/- 0.659
2023-03-02 Thursday 09:27:10: ****************************************
