2023-03-13 Monday 14:47:17: Run: 4 for Training experiment: DoE-45 - first seed: 470 - alpha: 0.5 - gamma: 0.9 - epsilon: 0.3 - reward: diff-waiting-time
2023-03-13 Monday 14:56:41: Run: 1 - First Epsilon: 0.3 - Last Epsilon: 0.3
2023-03-13 Monday 15:01:55: Run: 2 - First Epsilon: 0.3 - Last Epsilon: 0.3
2023-03-13 Monday 15:07:15: Run: 3 - First Epsilon: 0.3 - Last Epsilon: 0.3
2023-03-13 Monday 15:12:32: Run: 4 - First Epsilon: 0.3 - Last Epsilon: 0.3
2023-03-13 Monday 15:17:47: Run: 5 - First Epsilon: 0.3 - Last Epsilon: 0.3
2023-03-13 Monday 15:17:47: Q-Table Total Distinct States: 1064
2023-03-13 Monday 15:17:47: Mean_reward=-0.84 +/- 0.72
2023-03-13 Monday 15:17:47: Mean_Stopped=122162.40 +/- 88182.52
2023-03-13 Monday 15:17:47: Mean_Stopped=122307.00 +/- 88206.70
2023-03-13 Monday 15:17:47: Mean_waiting_time=3257435.20 +/- 3109453.14
2023-03-13 Monday 15:17:47: Mean_avg_speed=3285.80 +/- 488.94
2023-03-13 Monday 15:17:47: Mean_avg_speed_2=61045.82 +/- 9069.56
2023-03-13 Monday 15:17:47: Mean_avg_speed_cross_check=73261.35 +/- 8983.28
2023-03-13 Monday 15:17:47: ****************************************
2023-03-13 Monday 15:17:47: Calculation 1 - Overall 
2023-03-13 Monday 15:17:47: ****************************************
2023-03-13 Monday 15:17:47: Inner X Outer Loops Mean Reward= -0.000 +/- 1.009
2023-03-13 Monday 15:17:47: Inner X Outer Loops Mean Stopped= 12.215 +/- 14.594
2023-03-13 Monday 15:17:47: Inner X Outer Loops Mean Stopped Cross Check= 12.229 +/- 14.596
2023-03-13 Monday 15:17:47: Inner X Outer Loops Mean Waiting Time= 325.711 +/- 619.405
2023-03-13 Monday 15:17:48: Inner X Outer Loops Mean Avg Speed= 0.329 +/- 0.094
2023-03-13 Monday 15:17:48: Inner X Outer Loops Mean Avg Speed 2= 6.104 +/- 1.731
2023-03-13 Monday 15:17:48: Inner X Outer Loops Mean Avg Speed Cross Check= 7.325 +/- 1.581
2023-03-13 Monday 15:17:48: ****************************************
2023-03-13 Monday 15:17:48: Calculation 2 - Per Episode
2023-03-13 Monday 15:17:48: ****************************************
2023-03-13 Monday 15:17:48: Episode:0 Mean Reward= 0.000 +/- 1.628
2023-03-13 Monday 15:17:48: Episode:1 Mean Reward= -0.000 +/- 0.759
2023-03-13 Monday 15:17:48: Episode:2 Mean Reward= -0.000 +/- 0.816
2023-03-13 Monday 15:17:48: Episode:3 Mean Reward= -0.000 +/- 0.763
2023-03-13 Monday 15:17:48: Episode:4 Mean Reward= -0.000 +/- 0.788
2023-03-13 Monday 15:17:48: 1-Total Mean Reward= -0.000 +/- 0.000
2023-03-13 Monday 15:17:48: 2-Total Mean Reward= -0.000 +/- 0.951
2023-03-13 Monday 15:17:48: ****
2023-03-13 Monday 15:17:48: Episode:0 Mean Stopped= 29.848 +/- 25.477
2023-03-13 Monday 15:17:48: Episode:1 Mean Stopped= 7.723 +/- 2.654
2023-03-13 Monday 15:17:48: Episode:2 Mean Stopped= 8.072 +/- 2.813
2023-03-13 Monday 15:17:48: Episode:3 Mean Stopped= 7.695 +/- 2.452
2023-03-13 Monday 15:17:48: Episode:4 Mean Stopped= 7.738 +/- 2.473
2023-03-13 Monday 15:17:48: 1-Total Mean Stopped= 12.215 +/- 8.817
2023-03-13 Monday 15:17:48: 2-Total Mean Stopped= 12.215 +/- 7.174
2023-03-13 Monday 15:17:48: ****
2023-03-13 Monday 15:17:48: Episode:0 Mean Stopped Cross Check= 29.867 +/- 25.479
2023-03-13 Monday 15:17:48: Episode:1 Mean Stopped Cross Check= 7.735 +/- 2.655
2023-03-13 Monday 15:17:48: Episode:2 Mean Stopped Cross Check= 8.085 +/- 2.815
2023-03-13 Monday 15:17:48: Episode:3 Mean Stopped Cross Check= 7.710 +/- 2.453
2023-03-13 Monday 15:17:48: Episode:4 Mean Stopped Cross Check= 7.750 +/- 2.473
2023-03-13 Monday 15:17:48: 1-Total Mean Stopped Cross Check= 12.229 +/- 8.820
2023-03-13 Monday 15:17:48: 2-Total Mean Stopped Cross Check= 12.229 +/- 7.175
2023-03-13 Monday 15:17:48: ****
2023-03-13 Monday 15:17:48: Episode:0 Mean Waiting Time= 947.345 +/- 1161.848
2023-03-13 Monday 15:17:48: Episode:1 Mean Waiting Time= 162.902 +/- 132.311
2023-03-13 Monday 15:17:48: Episode:2 Mean Waiting Time= 184.083 +/- 174.423
2023-03-13 Monday 15:17:48: Episode:3 Mean Waiting Time= 162.847 +/- 126.048
2023-03-13 Monday 15:17:48: Episode:4 Mean Waiting Time= 171.378 +/- 145.827
2023-03-13 Monday 15:17:48: 1-Total Mean Waiting Time= 325.711 +/- 310.914
2023-03-13 Monday 15:17:48: 2-Total Mean Waiting Time= 325.711 +/- 348.091
2023-03-13 Monday 15:17:48: Episode:0 Mean Avg Speed= 0.231 +/- 0.133
2023-03-13 Monday 15:17:48: Episode:1 Mean Avg Speed= 0.355 +/- 0.061
2023-03-13 Monday 15:17:48: Episode:2 Mean Avg Speed= 0.348 +/- 0.061
2023-03-13 Monday 15:17:48: Episode:3 Mean Avg Speed= 0.354 +/- 0.059
2023-03-13 Monday 15:17:48: Episode:4 Mean Avg Speed= 0.354 +/- 0.060
2023-03-13 Monday 15:17:48: 1-Total Mean Avg Speed= 0.329 +/- 0.049
2023-03-13 Monday 15:17:48: 2-Total Mean Avg Speed= 0.329 +/- 0.075
2023-03-13 Monday 15:17:48: Episode:0 Mean Avg Speed 2= 4.293 +/- 2.470
2023-03-13 Monday 15:17:48: Episode:1 Mean Avg Speed 2= 6.595 +/- 1.111
2023-03-13 Monday 15:17:48: Episode:2 Mean Avg Speed 2= 6.468 +/- 1.112
2023-03-13 Monday 15:17:48: Episode:3 Mean Avg Speed 2= 6.582 +/- 1.072
2023-03-13 Monday 15:17:48: Episode:4 Mean Avg Speed 2= 6.583 +/- 1.075
2023-03-13 Monday 15:17:48: 1-Total Mean Avg Speed 2= 6.104 +/- 0.907
2023-03-13 Monday 15:17:48: 2-Total Mean Avg Speed 2= 6.104 +/- 1.368
2023-03-13 Monday 15:17:48: Episode:0 Mean Avg Speed Cross Check= 5.530 +/- 2.428
2023-03-13 Monday 15:17:48: Episode:1 Mean Avg Speed Cross Check= 7.799 +/- 0.814
2023-03-13 Monday 15:17:48: Episode:2 Mean Avg Speed Cross Check= 7.711 +/- 0.828
2023-03-13 Monday 15:17:48: Episode:3 Mean Avg Speed Cross Check= 7.792 +/- 0.773
2023-03-13 Monday 15:17:48: Episode:4 Mean Avg Speed Cross Check= 7.794 +/- 0.787
2023-03-13 Monday 15:17:48: 1-Total Mean Avg Speed Cross Check= 7.325 +/- 0.898
2023-03-13 Monday 15:17:48: 2-Total Mean Avg Speed Cross Check= 7.325 +/- 1.126
2023-03-13 Monday 15:17:48: ****************************************
