2023-03-07 Tuesday 20:46:52: Run: 3 for Training experiment: DoE-33 - first seed: 370 - alpha: 0.3 - gamma: 0.99 - epsilon: 0.3 - reward: diff-waiting-time
2023-03-07 Tuesday 20:54:53: Run: 1 - First Epsilon: 0.3 - Last Epsilon: 0.3
2023-03-07 Tuesday 21:00:33: Run: 2 - First Epsilon: 0.3 - Last Epsilon: 0.3
2023-03-07 Tuesday 21:06:26: Run: 3 - First Epsilon: 0.3 - Last Epsilon: 0.3
2023-03-07 Tuesday 21:11:47: Run: 4 - First Epsilon: 0.3 - Last Epsilon: 0.3
2023-03-07 Tuesday 21:17:01: Run: 5 - First Epsilon: 0.3 - Last Epsilon: 0.3
2023-03-07 Tuesday 21:17:01: Q-Table Total Distinct States: 853
2023-03-07 Tuesday 21:17:01: Mean_reward=-2.25 +/- 1.89
2023-03-07 Tuesday 21:17:01: Mean_Stopped=108379.40 +/- 55181.12
2023-03-07 Tuesday 21:17:01: Mean_Stopped=108526.60 +/- 55207.74
2023-03-07 Tuesday 21:17:01: Mean_waiting_time=3040057.80 +/- 2197577.82
2023-03-07 Tuesday 21:17:01: Mean_avg_speed=3322.72 +/- 333.91
2023-03-07 Tuesday 21:17:01: Mean_avg_speed_2=61737.08 +/- 6132.49
2023-03-07 Tuesday 21:17:01: Mean_avg_speed_cross_check=74272.29 +/- 5801.79
2023-03-07 Tuesday 21:17:01: ****************************************
2023-03-07 Tuesday 21:17:01: Calculation 1 - Overall 
2023-03-07 Tuesday 21:17:01: ****************************************
2023-03-07 Tuesday 21:17:01: Inner X Outer Loops Mean Reward= -0.000 +/- 1.009
2023-03-07 Tuesday 21:17:01: Inner X Outer Loops Mean Stopped= 10.837 +/- 12.222
2023-03-07 Tuesday 21:17:01: Inner X Outer Loops Mean Stopped Cross Check= 10.852 +/- 12.225
2023-03-07 Tuesday 21:17:01: Inner X Outer Loops Mean Waiting Time= 303.975 +/- 599.251
2023-03-07 Tuesday 21:17:01: Inner X Outer Loops Mean Avg Speed= 0.332 +/- 0.082
2023-03-07 Tuesday 21:17:01: Inner X Outer Loops Mean Avg Speed 2= 6.173 +/- 1.505
2023-03-07 Tuesday 21:17:01: Inner X Outer Loops Mean Avg Speed Cross Check= 7.426 +/- 1.330
2023-03-07 Tuesday 21:17:01: ****************************************
2023-03-07 Tuesday 21:17:01: Calculation 2 - Per Episode
2023-03-07 Tuesday 21:17:01: ****************************************
2023-03-07 Tuesday 21:17:01: Episode:0 Mean Reward= -0.000 +/- 1.502
2023-03-07 Tuesday 21:17:01: Episode:1 Mean Reward= -0.000 +/- 0.839
2023-03-07 Tuesday 21:17:01: Episode:2 Mean Reward= -0.000 +/- 0.915
2023-03-07 Tuesday 21:17:01: Episode:3 Mean Reward= -0.000 +/- 0.805
2023-03-07 Tuesday 21:17:01: Episode:4 Mean Reward= -0.001 +/- 0.802
2023-03-07 Tuesday 21:17:01: 1-Total Mean Reward= -0.000 +/- 0.000
2023-03-07 Tuesday 21:17:01: 2-Total Mean Reward= -0.000 +/- 0.973
2023-03-07 Tuesday 21:17:01: ****
2023-03-07 Tuesday 21:17:01: Episode:0 Mean Stopped= 21.813 +/- 23.768
2023-03-07 Tuesday 21:17:01: Episode:1 Mean Stopped= 7.995 +/- 2.677
2023-03-07 Tuesday 21:17:01: Episode:2 Mean Stopped= 9.152 +/- 3.229
2023-03-07 Tuesday 21:17:01: Episode:3 Mean Stopped= 7.744 +/- 2.585
2023-03-07 Tuesday 21:17:01: Episode:4 Mean Stopped= 7.480 +/- 2.339
2023-03-07 Tuesday 21:17:01: 1-Total Mean Stopped= 10.837 +/- 5.518
2023-03-07 Tuesday 21:17:01: 2-Total Mean Stopped= 10.837 +/- 6.920
2023-03-07 Tuesday 21:17:01: ****
2023-03-07 Tuesday 21:17:01: Episode:0 Mean Stopped Cross Check= 21.832 +/- 23.772
2023-03-07 Tuesday 21:17:01: Episode:1 Mean Stopped Cross Check= 8.007 +/- 2.677
2023-03-07 Tuesday 21:17:01: Episode:2 Mean Stopped Cross Check= 9.170 +/- 3.229
2023-03-07 Tuesday 21:17:01: Episode:3 Mean Stopped Cross Check= 7.757 +/- 2.585
2023-03-07 Tuesday 21:17:01: Episode:4 Mean Stopped Cross Check= 7.492 +/- 2.339
2023-03-07 Tuesday 21:17:01: 1-Total Mean Stopped Cross Check= 10.852 +/- 5.520
2023-03-07 Tuesday 21:17:01: 2-Total Mean Stopped Cross Check= 10.852 +/- 6.920
2023-03-07 Tuesday 21:17:01: ****
2023-03-07 Tuesday 21:17:01: Episode:0 Mean Waiting Time= 741.758 +/- 1198.818
2023-03-07 Tuesday 21:17:01: Episode:1 Mean Waiting Time= 192.162 +/- 166.020
2023-03-07 Tuesday 21:17:01: Episode:2 Mean Waiting Time= 230.361 +/- 196.359
2023-03-07 Tuesday 21:17:01: Episode:3 Mean Waiting Time= 178.891 +/- 156.949
2023-03-07 Tuesday 21:17:01: Episode:4 Mean Waiting Time= 176.706 +/- 161.786
2023-03-07 Tuesday 21:17:01: 1-Total Mean Waiting Time= 303.975 +/- 219.736
2023-03-07 Tuesday 21:17:01: 2-Total Mean Waiting Time= 303.975 +/- 375.986
2023-03-07 Tuesday 21:17:01: Episode:0 Mean Avg Speed= 0.269 +/- 0.117
2023-03-07 Tuesday 21:17:01: Episode:1 Mean Avg Speed= 0.350 +/- 0.060
2023-03-07 Tuesday 21:17:01: Episode:2 Mean Avg Speed= 0.328 +/- 0.061
2023-03-07 Tuesday 21:17:01: Episode:3 Mean Avg Speed= 0.354 +/- 0.060
2023-03-07 Tuesday 21:17:01: Episode:4 Mean Avg Speed= 0.360 +/- 0.059
2023-03-07 Tuesday 21:17:01: 1-Total Mean Avg Speed= 0.332 +/- 0.033
2023-03-07 Tuesday 21:17:01: 2-Total Mean Avg Speed= 0.332 +/- 0.071
2023-03-07 Tuesday 21:17:01: Episode:0 Mean Avg Speed 2= 5.009 +/- 2.164
2023-03-07 Tuesday 21:17:01: Episode:1 Mean Avg Speed 2= 6.498 +/- 1.096
2023-03-07 Tuesday 21:17:01: Episode:2 Mean Avg Speed 2= 6.105 +/- 1.107
2023-03-07 Tuesday 21:17:01: Episode:3 Mean Avg Speed 2= 6.579 +/- 1.098
2023-03-07 Tuesday 21:17:01: Episode:4 Mean Avg Speed 2= 6.674 +/- 1.061
2023-03-07 Tuesday 21:17:01: 1-Total Mean Avg Speed 2= 6.173 +/- 0.613
2023-03-07 Tuesday 21:17:01: 2-Total Mean Avg Speed 2= 6.173 +/- 1.305
2023-03-07 Tuesday 21:17:01: Episode:0 Mean Avg Speed Cross Check= 6.303 +/- 2.130
2023-03-07 Tuesday 21:17:01: Episode:1 Mean Avg Speed Cross Check= 7.733 +/- 0.809
2023-03-07 Tuesday 21:17:01: Episode:2 Mean Avg Speed Cross Check= 7.438 +/- 0.853
2023-03-07 Tuesday 21:17:01: Episode:3 Mean Avg Speed Cross Check= 7.791 +/- 0.809
2023-03-07 Tuesday 21:17:01: Episode:4 Mean Avg Speed Cross Check= 7.867 +/- 0.765
2023-03-07 Tuesday 21:17:01: 1-Total Mean Avg Speed Cross Check= 7.426 +/- 0.580
2023-03-07 Tuesday 21:17:01: 2-Total Mean Avg Speed Cross Check= 7.426 +/- 1.073
2023-03-07 Tuesday 21:17:01: ****************************************
