2023-03-04 Saturday 16:10:29: Run: 2 for Training experiment: DoE-27 - first seed: 270 - alpha: 0.3 - gamma: 0.9 - epsilon: 0.3 - reward: diff-waiting-time
2023-03-04 Saturday 16:16:10: Run: 1 - First Epsilon: 0.3 - Last Epsilon: 0.3
2023-03-04 Saturday 16:21:25: Run: 2 - First Epsilon: 0.3 - Last Epsilon: 0.3
2023-03-04 Saturday 16:26:40: Run: 3 - First Epsilon: 0.3 - Last Epsilon: 0.3
2023-03-04 Saturday 16:32:01: Run: 4 - First Epsilon: 0.3 - Last Epsilon: 0.3
2023-03-04 Saturday 16:37:12: Run: 5 - First Epsilon: 0.3 - Last Epsilon: 0.3
2023-03-04 Saturday 16:37:12: Q-Table Total Distinct States: 279
2023-03-04 Saturday 16:37:12: Mean_reward=-2.10 +/- 2.31
2023-03-04 Saturday 16:37:12: Mean_Stopped=78189.60 +/- 3741.86
2023-03-04 Saturday 16:37:12: Mean_Stopped=78333.40 +/- 3751.27
2023-03-04 Saturday 16:37:12: Mean_waiting_time=1645188.40 +/- 137911.71
2023-03-04 Saturday 16:37:12: Mean_avg_speed=3523.58 +/- 64.84
2023-03-04 Saturday 16:37:12: Mean_avg_speed_2=65513.97 +/- 1204.79
2023-03-04 Saturday 16:37:12: Mean_avg_speed_cross_check=77726.86 +/- 931.14
2023-03-04 Saturday 16:37:12: ****************************************
2023-03-04 Saturday 16:37:12: Calculation 1 - Overall 
2023-03-04 Saturday 16:37:12: ****************************************
2023-03-04 Saturday 16:37:12: Inner X Outer Loops Mean Reward= -0.000 +/- 0.764
2023-03-04 Saturday 16:37:12: Inner X Outer Loops Mean Stopped= 7.818 +/- 2.679
2023-03-04 Saturday 16:37:12: Inner X Outer Loops Mean Stopped Cross Check= 7.833 +/- 2.680
2023-03-04 Saturday 16:37:12: Inner X Outer Loops Mean Waiting Time= 164.502 +/- 135.020
2023-03-04 Saturday 16:37:12: Inner X Outer Loops Mean Avg Speed= 0.352 +/- 0.061
2023-03-04 Saturday 16:37:12: Inner X Outer Loops Mean Avg Speed 2= 6.551 +/- 1.114
2023-03-04 Saturday 16:37:12: Inner X Outer Loops Mean Avg Speed Cross Check= 7.772 +/- 0.816
2023-03-04 Saturday 16:37:12: ****************************************
2023-03-04 Saturday 16:37:12: Calculation 2 - Per Episode
2023-03-04 Saturday 16:37:12: ****************************************
2023-03-04 Saturday 16:37:12: Episode:0 Mean Reward= -0.000 +/- 0.814
2023-03-04 Saturday 16:37:12: Episode:1 Mean Reward= -0.000 +/- 0.756
2023-03-04 Saturday 16:37:12: Episode:2 Mean Reward= -0.001 +/- 0.737
2023-03-04 Saturday 16:37:12: Episode:3 Mean Reward= -0.000 +/- 0.789
2023-03-04 Saturday 16:37:12: Episode:4 Mean Reward= -0.000 +/- 0.720
2023-03-04 Saturday 16:37:12: 1-Total Mean Reward= -0.000 +/- 0.000
2023-03-04 Saturday 16:37:12: 2-Total Mean Reward= -0.000 +/- 0.763
2023-03-04 Saturday 16:37:12: ****
2023-03-04 Saturday 16:37:12: Episode:0 Mean Stopped= 8.397 +/- 3.353
2023-03-04 Saturday 16:37:12: Episode:1 Mean Stopped= 7.627 +/- 2.323
2023-03-04 Saturday 16:37:12: Episode:2 Mean Stopped= 7.603 +/- 2.503
2023-03-04 Saturday 16:37:12: Episode:3 Mean Stopped= 8.097 +/- 2.666
2023-03-04 Saturday 16:37:12: Episode:4 Mean Stopped= 7.366 +/- 2.274
2023-03-04 Saturday 16:37:12: 1-Total Mean Stopped= 7.818 +/- 0.374
2023-03-04 Saturday 16:37:12: 2-Total Mean Stopped= 7.818 +/- 2.624
2023-03-04 Saturday 16:37:12: ****
2023-03-04 Saturday 16:37:12: Episode:0 Mean Stopped Cross Check= 8.412 +/- 3.355
2023-03-04 Saturday 16:37:13: Episode:1 Mean Stopped Cross Check= 7.641 +/- 2.322
2023-03-04 Saturday 16:37:13: Episode:2 Mean Stopped Cross Check= 7.617 +/- 2.505
2023-03-04 Saturday 16:37:13: Episode:3 Mean Stopped Cross Check= 8.114 +/- 2.669
2023-03-04 Saturday 16:37:13: Episode:4 Mean Stopped Cross Check= 7.379 +/- 2.271
2023-03-04 Saturday 16:37:13: 1-Total Mean Stopped Cross Check= 7.833 +/- 0.375
2023-03-04 Saturday 16:37:13: 2-Total Mean Stopped Cross Check= 7.833 +/- 2.625
2023-03-04 Saturday 16:37:13: ****
2023-03-04 Saturday 16:37:13: Episode:0 Mean Waiting Time= 184.496 +/- 163.644
2023-03-04 Saturday 16:37:13: Episode:1 Mean Waiting Time= 160.382 +/- 121.765
2023-03-04 Saturday 16:37:13: Episode:2 Mean Waiting Time= 154.296 +/- 120.975
2023-03-04 Saturday 16:37:13: Episode:3 Mean Waiting Time= 176.053 +/- 149.166
2023-03-04 Saturday 16:37:13: Episode:4 Mean Waiting Time= 147.284 +/- 108.211
2023-03-04 Saturday 16:37:13: 1-Total Mean Waiting Time= 164.502 +/- 13.790
2023-03-04 Saturday 16:37:13: 2-Total Mean Waiting Time= 164.502 +/- 132.752
2023-03-04 Saturday 16:37:13: Episode:0 Mean Avg Speed= 0.343 +/- 0.066
2023-03-04 Saturday 16:37:13: Episode:1 Mean Avg Speed= 0.355 +/- 0.058
2023-03-04 Saturday 16:37:13: Episode:2 Mean Avg Speed= 0.356 +/- 0.061
2023-03-04 Saturday 16:37:13: Episode:3 Mean Avg Speed= 0.346 +/- 0.060
2023-03-04 Saturday 16:37:13: Episode:4 Mean Avg Speed= 0.361 +/- 0.059
2023-03-04 Saturday 16:37:13: 1-Total Mean Avg Speed= 0.352 +/- 0.006
2023-03-04 Saturday 16:37:13: 2-Total Mean Avg Speed= 0.352 +/- 0.061
2023-03-04 Saturday 16:37:13: Episode:0 Mean Avg Speed 2= 6.391 +/- 1.214
2023-03-04 Saturday 16:37:13: Episode:1 Mean Avg Speed 2= 6.601 +/- 1.048
2023-03-04 Saturday 16:37:13: Episode:2 Mean Avg Speed 2= 6.623 +/- 1.107
2023-03-04 Saturday 16:37:13: Episode:3 Mean Avg Speed 2= 6.431 +/- 1.096
2023-03-04 Saturday 16:37:13: Episode:4 Mean Avg Speed 2= 6.708 +/- 1.062
2023-03-04 Saturday 16:37:13: 1-Total Mean Avg Speed 2= 6.551 +/- 0.120
2023-03-04 Saturday 16:37:13: 2-Total Mean Avg Speed 2= 6.551 +/- 1.105
2023-03-04 Saturday 16:37:13: Episode:0 Mean Avg Speed Cross Check= 7.648 +/- 0.915
2023-03-04 Saturday 16:37:13: Episode:1 Mean Avg Speed Cross Check= 7.814 +/- 0.754
2023-03-04 Saturday 16:37:13: Episode:2 Mean Avg Speed Cross Check= 7.824 +/- 0.803
2023-03-04 Saturday 16:37:13: Episode:3 Mean Avg Speed Cross Check= 7.680 +/- 0.810
2023-03-04 Saturday 16:37:13: Episode:4 Mean Avg Speed Cross Check= 7.895 +/- 0.762
2023-03-04 Saturday 16:37:13: 1-Total Mean Avg Speed Cross Check= 7.772 +/- 0.093
2023-03-04 Saturday 16:37:13: 2-Total Mean Avg Speed Cross Check= 7.772 +/- 0.809
2023-03-04 Saturday 16:37:13: ****************************************
