2023-03-09 Thursday 22:18:25: Run: 4 for Training experiment: DoE-3 - first seed: 470 - alpha: 0.1 - gamma: 0.8 - epsilon: 0.3 - reward: diff-waiting-time
2023-03-09 Thursday 22:23:44: Run: 1 - First Epsilon: 0.3 - Last Epsilon: 0.3
2023-03-09 Thursday 22:29:00: Run: 2 - First Epsilon: 0.3 - Last Epsilon: 0.3
2023-03-09 Thursday 22:34:38: Run: 3 - First Epsilon: 0.3 - Last Epsilon: 0.3
2023-03-09 Thursday 22:40:10: Run: 4 - First Epsilon: 0.3 - Last Epsilon: 0.3
2023-03-09 Thursday 22:45:26: Run: 5 - First Epsilon: 0.3 - Last Epsilon: 0.3
2023-03-09 Thursday 22:45:26: Q-Table Total Distinct States: 255
2023-03-09 Thursday 22:45:26: Mean_reward=-1.86 +/- 1.07
2023-03-09 Thursday 22:45:26: Mean_Stopped=77644.60 +/- 4977.94
2023-03-09 Thursday 22:45:26: Mean_Stopped=77770.40 +/- 5013.34
2023-03-09 Thursday 22:45:26: Mean_waiting_time=1547452.20 +/- 169092.47
2023-03-09 Thursday 22:45:26: Mean_avg_speed=3539.01 +/- 98.94
2023-03-09 Thursday 22:45:26: Mean_avg_speed_2=65756.10 +/- 1827.78
2023-03-09 Thursday 22:45:26: Mean_avg_speed_cross_check=77917.28 +/- 1369.81
2023-03-09 Thursday 22:45:26: ****************************************
2023-03-09 Thursday 22:45:26: Calculation 1 - Overall 
2023-03-09 Thursday 22:45:26: ****************************************
2023-03-09 Thursday 22:45:26: Inner X Outer Loops Mean Reward= -0.000 +/- 0.743
2023-03-09 Thursday 22:45:26: Inner X Outer Loops Mean Stopped= 7.764 +/- 2.628
2023-03-09 Thursday 22:45:26: Inner X Outer Loops Mean Stopped Cross Check= 7.776 +/- 2.629
2023-03-09 Thursday 22:45:26: Inner X Outer Loops Mean Waiting Time= 154.730 +/- 128.189
2023-03-09 Thursday 22:45:26: Inner X Outer Loops Mean Avg Speed= 0.354 +/- 0.061
2023-03-09 Thursday 22:45:26: Inner X Outer Loops Mean Avg Speed 2= 6.575 +/- 1.107
2023-03-09 Thursday 22:45:26: Inner X Outer Loops Mean Avg Speed Cross Check= 7.791 +/- 0.807
2023-03-09 Thursday 22:45:26: ****************************************
2023-03-09 Thursday 22:45:26: Calculation 2 - Per Episode
2023-03-09 Thursday 22:45:26: ****************************************
2023-03-09 Thursday 22:45:26: Episode:0 Mean Reward= -0.000 +/- 0.730
2023-03-09 Thursday 22:45:26: Episode:1 Mean Reward= -0.000 +/- 0.722
2023-03-09 Thursday 22:45:26: Episode:2 Mean Reward= -0.000 +/- 0.750
2023-03-09 Thursday 22:45:26: Episode:3 Mean Reward= -0.000 +/- 0.812
2023-03-09 Thursday 22:45:26: Episode:4 Mean Reward= -0.000 +/- 0.693
2023-03-09 Thursday 22:45:26: 1-Total Mean Reward= -0.000 +/- 0.000
2023-03-09 Thursday 22:45:26: 2-Total Mean Reward= -0.000 +/- 0.742
2023-03-09 Thursday 22:45:26: ****
2023-03-09 Thursday 22:45:26: Episode:0 Mean Stopped= 7.623 +/- 2.644
2023-03-09 Thursday 22:45:26: Episode:1 Mean Stopped= 7.366 +/- 2.390
2023-03-09 Thursday 22:45:26: Episode:2 Mean Stopped= 7.942 +/- 2.429
2023-03-09 Thursday 22:45:26: Episode:3 Mean Stopped= 8.638 +/- 3.038
2023-03-09 Thursday 22:45:26: Episode:4 Mean Stopped= 7.249 +/- 2.339
2023-03-09 Thursday 22:45:26: 1-Total Mean Stopped= 7.764 +/- 0.498
2023-03-09 Thursday 22:45:26: 2-Total Mean Stopped= 7.764 +/- 2.568
2023-03-09 Thursday 22:45:26: ****
2023-03-09 Thursday 22:45:26: Episode:0 Mean Stopped Cross Check= 7.634 +/- 2.643
2023-03-09 Thursday 22:45:26: Episode:1 Mean Stopped Cross Check= 7.379 +/- 2.389
2023-03-09 Thursday 22:45:26: Episode:2 Mean Stopped Cross Check= 7.957 +/- 2.428
2023-03-09 Thursday 22:45:26: Episode:3 Mean Stopped Cross Check= 8.656 +/- 3.039
2023-03-09 Thursday 22:45:26: Episode:4 Mean Stopped Cross Check= 7.256 +/- 2.338
2023-03-09 Thursday 22:45:26: 1-Total Mean Stopped Cross Check= 7.776 +/- 0.501
2023-03-09 Thursday 22:45:26: 2-Total Mean Stopped Cross Check= 7.776 +/- 2.567
2023-03-09 Thursday 22:45:26: ****
2023-03-09 Thursday 22:45:26: Episode:0 Mean Waiting Time= 149.198 +/- 127.240
2023-03-09 Thursday 22:45:26: Episode:1 Mean Waiting Time= 145.793 +/- 134.224
2023-03-09 Thursday 22:45:26: Episode:2 Mean Waiting Time= 158.202 +/- 114.419
2023-03-09 Thursday 22:45:26: Episode:3 Mean Waiting Time= 185.191 +/- 155.084
2023-03-09 Thursday 22:45:26: Episode:4 Mean Waiting Time= 135.264 +/- 96.872
2023-03-09 Thursday 22:45:26: 1-Total Mean Waiting Time= 154.730 +/- 16.908
2023-03-09 Thursday 22:45:26: 2-Total Mean Waiting Time= 154.730 +/- 125.568
2023-03-09 Thursday 22:45:26: Episode:0 Mean Avg Speed= 0.357 +/- 0.062
2023-03-09 Thursday 22:45:26: Episode:1 Mean Avg Speed= 0.362 +/- 0.060
2023-03-09 Thursday 22:45:26: Episode:2 Mean Avg Speed= 0.349 +/- 0.057
2023-03-09 Thursday 22:45:26: Episode:3 Mean Avg Speed= 0.337 +/- 0.062
2023-03-09 Thursday 22:45:26: Episode:4 Mean Avg Speed= 0.364 +/- 0.061
2023-03-09 Thursday 22:45:26: 1-Total Mean Avg Speed= 0.354 +/- 0.010
2023-03-09 Thursday 22:45:26: 2-Total Mean Avg Speed= 0.354 +/- 0.060
2023-03-09 Thursday 22:45:26: Episode:0 Mean Avg Speed 2= 6.638 +/- 1.118
2023-03-09 Thursday 22:45:26: Episode:1 Mean Avg Speed 2= 6.723 +/- 1.083
2023-03-09 Thursday 22:45:26: Episode:2 Mean Avg Speed 2= 6.479 +/- 1.033
2023-03-09 Thursday 22:45:26: Episode:3 Mean Avg Speed 2= 6.267 +/- 1.122
2023-03-09 Thursday 22:45:26: Episode:4 Mean Avg Speed 2= 6.768 +/- 1.100
2023-03-09 Thursday 22:45:26: 1-Total Mean Avg Speed 2= 6.575 +/- 0.183
2023-03-09 Thursday 22:45:26: 2-Total Mean Avg Speed 2= 6.575 +/- 1.091
2023-03-09 Thursday 22:45:26: Episode:0 Mean Avg Speed Cross Check= 7.839 +/- 0.810
2023-03-09 Thursday 22:45:26: Episode:1 Mean Avg Speed Cross Check= 7.901 +/- 0.779
2023-03-09 Thursday 22:45:26: Episode:2 Mean Avg Speed Cross Check= 7.726 +/- 0.759
2023-03-09 Thursday 22:45:26: Episode:3 Mean Avg Speed Cross Check= 7.556 +/- 0.847
2023-03-09 Thursday 22:45:26: Episode:4 Mean Avg Speed Cross Check= 7.932 +/- 0.781
2023-03-09 Thursday 22:45:26: 1-Total Mean Avg Speed Cross Check= 7.791 +/- 0.137
2023-03-09 Thursday 22:45:26: 2-Total Mean Avg Speed Cross Check= 7.791 +/- 0.795
2023-03-09 Thursday 22:45:26: ****************************************
