2023-04-14 Friday 17:41:34: Run: 2 for Training experiment: DE-Enhanced-1 - route: ../nets/roundabout/input_routes_roundabout_auto_v1-1.rou.xml - first seed: 270 - alpha: 0.5 - gamma: 0.99 - epsilon: 0.2 - reward: diff-waiting-time
2023-04-14 Friday 17:53:38: Run: 1 - First Epsilon: 0.2 - Last Epsilon: 0.2
2023-04-14 Friday 18:03:08: Run: 2 - First Epsilon: 0.2 - Last Epsilon: 0.2
2023-04-14 Friday 18:12:18: Run: 3 - First Epsilon: 0.2 - Last Epsilon: 0.2
2023-04-14 Friday 18:21:32: Run: 4 - First Epsilon: 0.2 - Last Epsilon: 0.2
2023-04-14 Friday 18:31:23: Run: 5 - First Epsilon: 0.2 - Last Epsilon: 0.2
2023-04-14 Friday 18:31:24: Q-Table Total Distinct States: 719
2023-04-14 Friday 18:31:24: Mean_reward=-1.52 +/- 0.61
2023-04-14 Friday 18:31:24: Mean_Stopped=89813.20 +/- 31252.09
2023-04-14 Friday 18:31:24: Mean_Stopped=89946.00 +/- 31250.51
2023-04-14 Friday 18:31:24: Mean_waiting_time=2545520.40 +/- 1272974.24
2023-04-14 Friday 18:31:24: Mean_avg_speed=3500.13 +/- 209.84
2023-04-14 Friday 18:31:24: Mean_avg_speed_2=65046.76 +/- 3889.11
2023-04-14 Friday 18:31:24: Mean_avg_speed_cross_check=77000.02 +/- 3711.06
2023-04-14 Friday 18:31:24: Mean_average_co2_emission_tl=30785127.59 +/- 337667.35
2023-04-14 Friday 18:31:24: Mean_average_co_emission_tl=975827.36 +/- 33920.07
2023-04-14 Friday 18:31:24: Mean_average_fuel_consumption_tl=13233.58 +/- 145.13
2023-04-14 Friday 18:31:24: Mean_average_noise_emission_tl=604042.40 +/- 2726.95
2023-04-14 Friday 18:31:24: Mean_average_co2_emission=25628012.97 +/- 30367.37
2023-04-14 Friday 18:31:24: Mean_average_co_emission=693293.27 +/- 41165.38
2023-04-14 Friday 18:31:24: Mean_average_fuel_consumptions=11016.68 +/- 13.04
2023-04-14 Friday 18:31:24: Mean_average_noise_emissions=610454.20 +/- 2510.48
2023-04-14 Friday 18:31:24: ****************************************
2023-04-14 Friday 18:31:24: Calculation 1 - Overall 
2023-04-14 Friday 18:31:24: ****************************************
2023-04-14 Friday 18:31:24: Inner X Outer Loops Mean Reward= -0.000 +/- 0.957
2023-04-14 Friday 18:31:24: Inner X Outer Loops Mean Stopped= 8.980 +/- 7.998
2023-04-14 Friday 18:31:24: Inner X Outer Loops Mean Stopped Cross Check= 8.994 +/- 7.999
2023-04-14 Friday 18:31:24: Inner X Outer Loops Mean Waiting Time= 254.527 +/- 433.744
2023-04-14 Friday 18:31:24: Inner X Outer Loops Mean Avg Speed= 0.350 +/- 0.076
2023-04-14 Friday 18:31:24: Inner X Outer Loops Mean Avg Speed 2= 6.504 +/- 1.389
2023-04-14 Friday 18:31:24: Inner X Outer Loops Mean Avg Speed Cross Check= 7.699 +/- 1.157
2023-04-14 Friday 18:31:24: Inner X Outer Loops Mean Average CO2 Emission TL= 3078.205 +/- 240.484
2023-04-14 Friday 18:31:24: Inner X Outer Loops Mean Average CO Emission TL= 97.573 +/- 12.500
2023-04-14 Friday 18:31:24: Inner X Outer Loops Mean Average Fuel Consumption TL= 1.323 +/- 0.103
2023-04-14 Friday 18:31:24: Inner X Outer Loops Mean Average Noise Emission TL= 60.398 +/- 1.237
2023-04-14 Friday 18:31:24: Inner X Outer Loops Mean Average CO2 Emission= 2562.545 +/- 202.469
2023-04-14 Friday 18:31:24: Inner X Outer Loops Mean Average CO Emission= 69.322 +/- 12.957
2023-04-14 Friday 18:31:24: Inner X Outer Loops Mean Average Fuel Consumptions= 1.102 +/- 0.087
2023-04-14 Friday 18:31:24: Inner X Outer Loops Mean Average Noise Emissions= 61.039 +/- 0.910
2023-04-14 Friday 18:31:24: ****************************************
2023-04-14 Friday 18:31:24: Calculation 2 - Per Episode
2023-04-14 Friday 18:31:24: ****************************************
2023-04-14 Friday 18:31:24: Episode:0 Mean Reward= -0.000 +/- 1.317
2023-04-14 Friday 18:31:24: Episode:1 Mean Reward= -0.000 +/- 0.824
2023-04-14 Friday 18:31:24: Episode:2 Mean Reward= -0.000 +/- 0.894
2023-04-14 Friday 18:31:24: Episode:3 Mean Reward= -0.000 +/- 0.832
2023-04-14 Friday 18:31:24: Episode:4 Mean Reward= -0.000 +/- 0.820
2023-04-14 Friday 18:31:24: 1-Total Mean Reward= -0.000 +/- 0.000
2023-04-14 Friday 18:31:24: 2-Total Mean Reward= -0.000 +/- 0.938
2023-04-14 Friday 18:31:24: ****
2023-04-14 Friday 18:31:24: Episode:0 Mean Stopped= 15.223 +/- 15.833
2023-04-14 Friday 18:31:24: Episode:1 Mean Stopped= 7.184 +/- 2.208
2023-04-14 Friday 18:31:24: Episode:2 Mean Stopped= 7.351 +/- 2.130
2023-04-14 Friday 18:31:24: Episode:3 Mean Stopped= 7.505 +/- 2.240
2023-04-14 Friday 18:31:24: Episode:4 Mean Stopped= 7.640 +/- 2.426
2023-04-14 Friday 18:31:24: 1-Total Mean Stopped= 8.980 +/- 3.125
2023-04-14 Friday 18:31:24: 2-Total Mean Stopped= 8.980 +/- 4.967
2023-04-14 Friday 18:31:24: ****
2023-04-14 Friday 18:31:24: Episode:0 Mean Stopped Cross Check= 15.235 +/- 15.837
2023-04-14 Friday 18:31:24: Episode:1 Mean Stopped Cross Check= 7.194 +/- 2.206
2023-04-14 Friday 18:31:24: Episode:2 Mean Stopped Cross Check= 7.361 +/- 2.130
2023-04-14 Friday 18:31:24: Episode:3 Mean Stopped Cross Check= 7.523 +/- 2.239
2023-04-14 Friday 18:31:24: Episode:4 Mean Stopped Cross Check= 7.656 +/- 2.427
2023-04-14 Friday 18:31:24: 1-Total Mean Stopped Cross Check= 8.994 +/- 3.125
2023-04-14 Friday 18:31:24: 2-Total Mean Stopped Cross Check= 8.994 +/- 4.968
2023-04-14 Friday 18:31:24: ****
2023-04-14 Friday 18:31:24: Episode:0 Mean Waiting Time= 508.454 +/- 838.457
2023-04-14 Friday 18:31:24: Episode:1 Mean Waiting Time= 182.043 +/- 180.129
2023-04-14 Friday 18:31:24: Episode:2 Mean Waiting Time= 208.066 +/- 238.851
2023-04-14 Friday 18:31:24: Episode:3 Mean Waiting Time= 188.656 +/- 188.490
2023-04-14 Friday 18:31:24: Episode:4 Mean Waiting Time= 185.414 +/- 177.842
2023-04-14 Friday 18:31:24: 1-Total Mean Waiting Time= 254.527 +/- 127.285
2023-04-14 Friday 18:31:24: 2-Total Mean Waiting Time= 254.527 +/- 324.754
2023-04-14 Friday 18:31:24: Episode:0 Mean Avg Speed= 0.309 +/- 0.114
2023-04-14 Friday 18:31:24: Episode:1 Mean Avg Speed= 0.366 +/- 0.059
2023-04-14 Friday 18:31:24: Episode:2 Mean Avg Speed= 0.363 +/- 0.057
2023-04-14 Friday 18:31:24: Episode:3 Mean Avg Speed= 0.358 +/- 0.058
2023-04-14 Friday 18:31:24: Episode:4 Mean Avg Speed= 0.355 +/- 0.060
2023-04-14 Friday 18:31:24: 1-Total Mean Avg Speed= 0.350 +/- 0.021
2023-04-14 Friday 18:31:24: 2-Total Mean Avg Speed= 0.350 +/- 0.069
2023-04-14 Friday 18:31:24: Episode:0 Mean Avg Speed 2= 5.739 +/- 2.099
2023-04-14 Friday 18:31:24: Episode:1 Mean Avg Speed 2= 6.802 +/- 1.065
2023-04-14 Friday 18:31:24: Episode:2 Mean Avg Speed 2= 6.736 +/- 1.027
2023-04-14 Friday 18:31:24: Episode:3 Mean Avg Speed 2= 6.641 +/- 1.052
2023-04-14 Friday 18:31:24: Episode:4 Mean Avg Speed 2= 6.602 +/- 1.092
2023-04-14 Friday 18:31:24: 1-Total Mean Avg Speed 2= 6.504 +/- 0.389
2023-04-14 Friday 18:31:24: 2-Total Mean Avg Speed 2= 6.504 +/- 1.267
2023-04-14 Friday 18:31:24: Episode:0 Mean Avg Speed Cross Check= 6.965 +/- 1.934
2023-04-14 Friday 18:31:24: Episode:1 Mean Avg Speed Cross Check= 7.962 +/- 0.754
2023-04-14 Friday 18:31:24: Episode:2 Mean Avg Speed Cross Check= 7.918 +/- 0.722
2023-04-14 Friday 18:31:24: Episode:3 Mean Avg Speed Cross Check= 7.839 +/- 0.749
2023-04-14 Friday 18:31:24: Episode:4 Mean Avg Speed Cross Check= 7.811 +/- 0.787
2023-04-14 Friday 18:31:24: 1-Total Mean Avg Speed Cross Check= 7.699 +/- 0.371
2023-04-14 Friday 18:31:24: 2-Total Mean Avg Speed Cross Check= 7.699 +/- 0.989
2023-04-14 Friday 18:31:24: Episode:0 Mean Average CO2 Emission TL= 3012.707 +/- 264.831
2023-04-14 Friday 18:31:24: Episode:1 Mean Average CO2 Emission TL= 3107.058 +/- 231.386
2023-04-14 Friday 18:31:24: Episode:2 Mean Average CO2 Emission TL= 3099.719 +/- 230.759
2023-04-14 Friday 18:31:24: Episode:3 Mean Average CO2 Emission TL= 3085.868 +/- 232.517
2023-04-14 Friday 18:31:24: Episode:4 Mean Average CO2 Emission TL= 3085.672 +/- 229.072
2023-04-14 Friday 18:31:24: 1-Total Mean Average CO2 Emission TL= 3078.205 +/- 33.763
2023-04-14 Friday 18:31:24: 2-Total Mean Average CO2 Emission TL= 3078.205 +/- 237.713
2023-04-14 Friday 18:31:24: Episode:0 Mean Average CO Emission TL= 104.286 +/- 18.690
2023-04-14 Friday 18:31:24: Episode:1 Mean Average CO Emission TL= 95.105 +/- 9.704
2023-04-14 Friday 18:31:24: Episode:2 Mean Average CO Emission TL= 95.712 +/- 9.535
2023-04-14 Friday 18:31:24: Episode:3 Mean Average CO Emission TL= 96.222 +/- 9.548
2023-04-14 Friday 18:31:24: Episode:4 Mean Average CO Emission TL= 96.539 +/- 9.907
2023-04-14 Friday 18:31:24: 1-Total Mean Average CO Emission TL= 97.573 +/- 3.392
2023-04-14 Friday 18:31:24: 2-Total Mean Average CO Emission TL= 97.573 +/- 11.477
2023-04-14 Friday 18:31:24: Episode:0 Mean Average Fuel Consumption TL= 1.295 +/- 0.114
2023-04-14 Friday 18:31:24: Episode:1 Mean Average Fuel Consumption TL= 1.336 +/- 0.099
2023-04-14 Friday 18:31:24: Episode:2 Mean Average Fuel Consumption TL= 1.332 +/- 0.099
2023-04-14 Friday 18:31:24: Episode:3 Mean Average Fuel Consumption TL= 1.327 +/- 0.100
2023-04-14 Friday 18:31:24: Episode:4 Mean Average Fuel Consumption TL= 1.326 +/- 0.098
2023-04-14 Friday 18:31:24: 1-Total Mean Average Fuel Consumption TL= 1.323 +/- 0.015
2023-04-14 Friday 18:31:24: 2-Total Mean Average Fuel Consumption TL= 1.323 +/- 0.102
2023-04-14 Friday 18:31:24: Episode:0 Mean Average Noise Emission TL= 59.862 +/- 1.630
2023-04-14 Friday 18:31:24: Episode:1 Mean Average Noise Emission TL= 60.607 +/- 1.076
2023-04-14 Friday 18:31:24: Episode:2 Mean Average Noise Emission TL= 60.564 +/- 1.064
2023-04-14 Friday 18:31:24: Episode:3 Mean Average Noise Emission TL= 60.495 +/- 1.068
2023-04-14 Friday 18:31:24: Episode:4 Mean Average Noise Emission TL= 60.463 +/- 1.091
2023-04-14 Friday 18:31:24: 1-Total Mean Average Noise Emission TL= 60.398 +/- 0.273
2023-04-14 Friday 18:31:24: 2-Total Mean Average Noise Emission TL= 60.398 +/- 1.186
2023-04-14 Friday 18:31:24: Episode:0 Mean Average CO2 Emission= 2556.947 +/- 191.085
2023-04-14 Friday 18:31:24: Episode:1 Mean Average CO2 Emission= 2562.391 +/- 206.615
2023-04-14 Friday 18:31:24: Episode:2 Mean Average CO2 Emission= 2565.035 +/- 205.380
2023-04-14 Friday 18:31:24: Episode:3 Mean Average CO2 Emission= 2562.907 +/- 204.060
2023-04-14 Friday 18:31:24: Episode:4 Mean Average CO2 Emission= 2565.446 +/- 204.689
2023-04-14 Friday 18:31:24: 1-Total Mean Average CO2 Emission= 2562.545 +/- 3.036
2023-04-14 Friday 18:31:24: 2-Total Mean Average CO2 Emission= 2562.545 +/- 202.366
2023-04-14 Friday 18:31:24: Episode:0 Mean Average CO Emission= 77.489 +/- 21.520
2023-04-14 Friday 18:31:24: Episode:1 Mean Average CO Emission= 66.489 +/- 8.550
2023-04-14 Friday 18:31:24: Episode:2 Mean Average CO Emission= 67.006 +/- 8.215
2023-04-14 Friday 18:31:24: Episode:3 Mean Average CO Emission= 67.630 +/- 8.398
2023-04-14 Friday 18:31:24: Episode:4 Mean Average CO Emission= 67.998 +/- 8.974
2023-04-14 Friday 18:31:24: 1-Total Mean Average CO Emission= 69.322 +/- 4.116
2023-04-14 Friday 18:31:24: 2-Total Mean Average CO Emission= 69.322 +/- 11.131
2023-04-14 Friday 18:31:24: Episode:0 Mean Average Fuel Consumption= 1.099 +/- 0.082
2023-04-14 Friday 18:31:24: Episode:1 Mean Average Fuel Consumption= 1.101 +/- 0.089
2023-04-14 Friday 18:31:24: Episode:2 Mean Average Fuel Consumption= 1.103 +/- 0.088
2023-04-14 Friday 18:31:24: Episode:3 Mean Average Fuel Consumption= 1.102 +/- 0.088
2023-04-14 Friday 18:31:24: Episode:4 Mean Average Fuel Consumption= 1.103 +/- 0.088
2023-04-14 Friday 18:31:24: 1-Total Mean Average Fuel Consumption= 1.102 +/- 0.001
2023-04-14 Friday 18:31:24: 2-Total Mean Average Fuel Consumption= 1.102 +/- 0.087
2023-04-14 Friday 18:31:24: Episode:0 Mean Average Noise Emission= 60.543 +/- 1.375
2023-04-14 Friday 18:31:24: Episode:1 Mean Average Noise Emission= 61.216 +/- 0.692
2023-04-14 Friday 18:31:24: Episode:2 Mean Average Noise Emission= 61.189 +/- 0.685
2023-04-14 Friday 18:31:24: Episode:3 Mean Average Noise Emission= 61.135 +/- 0.692
2023-04-14 Friday 18:31:24: Episode:4 Mean Average Noise Emission= 61.114 +/- 0.713
2023-04-14 Friday 18:31:24: 1-Total Mean Average Noise Emission= 61.039 +/- 0.251
2023-04-14 Friday 18:31:24: 2-Total Mean Average Noise Emission= 61.039 +/- 0.832
2023-04-14 Friday 18:31:24: ****************************************
