2023-04-15 Saturday 06:37:18: Run: 2 for Training experiment: DE-Enhanced-6 - route: ../nets/roundabout/input_routes_roundabout_auto_v1-6.rou.xml - first seed: 270 - alpha: 0.5 - gamma: 0.99 - epsilon: 0.2 - reward: diff-waiting-time
2023-04-15 Saturday 07:04:33: Run: 1 - First Epsilon: 0.2 - Last Epsilon: 0.2
2023-04-15 Saturday 07:14:38: Run: 2 - First Epsilon: 0.2 - Last Epsilon: 0.2
2023-04-15 Saturday 07:24:11: Run: 3 - First Epsilon: 0.2 - Last Epsilon: 0.2
2023-04-15 Saturday 07:33:21: Run: 4 - First Epsilon: 0.2 - Last Epsilon: 0.2
2023-04-15 Saturday 07:43:00: Run: 5 - First Epsilon: 0.2 - Last Epsilon: 0.2
2023-04-15 Saturday 07:43:01: Q-Table Total Distinct States: 1173
2023-04-15 Saturday 07:43:01: Mean_reward=-10.49 +/- 18.96
2023-04-15 Saturday 07:43:01: Mean_Stopped=196430.40 +/- 234774.06
2023-04-15 Saturday 07:43:01: Mean_Stopped=196556.80 +/- 234811.83
2023-04-15 Saturday 07:43:01: Mean_waiting_time=6126966.60 +/- 8307737.83
2023-04-15 Saturday 07:43:01: Mean_avg_speed=3044.97 +/- 1107.69
2023-04-15 Saturday 07:43:01: Mean_avg_speed_2=56543.85 +/- 20553.85
2023-04-15 Saturday 07:43:01: Mean_avg_speed_cross_check=68035.91 +/- 20858.43
2023-04-15 Saturday 07:43:01: Mean_average_co2_emission_tl=30016897.93 +/- 1895286.73
2023-04-15 Saturday 07:43:01: Mean_average_co_emission_tl=1048150.34 +/- 174392.51
2023-04-15 Saturday 07:43:01: Mean_average_fuel_consumption_tl=12903.39 +/- 814.60
2023-04-15 Saturday 07:43:01: Mean_average_noise_emission_tl=598084.34 +/- 14447.38
2023-04-15 Saturday 07:43:01: Mean_average_co2_emission=25519025.63 +/- 198092.28
2023-04-15 Saturday 07:43:01: Mean_average_co_emission=790324.92 +/- 226615.18
2023-04-15 Saturday 07:43:01: Mean_average_fuel_consumptions=10969.88 +/- 85.04
2023-04-15 Saturday 07:43:01: Mean_average_noise_emissions=604363.96 +/- 14106.32
2023-04-15 Saturday 07:43:01: ****************************************
2023-04-15 Saturday 07:43:01: Calculation 1 - Overall 
2023-04-15 Saturday 07:43:01: ****************************************
2023-04-15 Saturday 07:43:01: Inner X Outer Loops Mean Reward= -0.001 +/- 1.307
2023-04-15 Saturday 07:43:01: Inner X Outer Loops Mean Stopped= 19.641 +/- 25.039
2023-04-15 Saturday 07:43:01: Inner X Outer Loops Mean Stopped Cross Check= 19.654 +/- 25.042
2023-04-15 Saturday 07:43:01: Inner X Outer Loops Mean Waiting Time= 612.635 +/- 1335.777
2023-04-15 Saturday 07:43:01: Inner X Outer Loops Mean Avg Speed= 0.304 +/- 0.128
2023-04-15 Saturday 07:43:01: Inner X Outer Loops Mean Avg Speed 2= 5.654 +/- 2.358
2023-04-15 Saturday 07:43:01: Inner X Outer Loops Mean Avg Speed Cross Check= 6.803 +/- 2.278
2023-04-15 Saturday 07:43:01: Inner X Outer Loops Mean Average CO2 Emission TL= 3001.390 +/- 287.122
2023-04-15 Saturday 07:43:01: Inner X Outer Loops Mean Average CO Emission TL= 104.805 +/- 20.486
2023-04-15 Saturday 07:43:01: Inner X Outer Loops Mean Average Fuel Consumption TL= 1.290 +/- 0.123
2023-04-15 Saturday 07:43:01: Inner X Outer Loops Mean Average Noise Emission TL= 59.802 +/- 1.795
2023-04-15 Saturday 07:43:01: Inner X Outer Loops Mean Average CO2 Emission= 2551.647 +/- 189.365
2023-04-15 Saturday 07:43:01: Inner X Outer Loops Mean Average CO Emission= 79.025 +/- 25.021
2023-04-15 Saturday 07:43:01: Inner X Outer Loops Mean Average Fuel Consumptions= 1.097 +/- 0.081
2023-04-15 Saturday 07:43:01: Inner X Outer Loops Mean Average Noise Emissions= 60.430 +/- 1.596
2023-04-15 Saturday 07:43:01: ****************************************
2023-04-15 Saturday 07:43:01: Calculation 2 - Per Episode
2023-04-15 Saturday 07:43:01: ****************************************
2023-04-15 Saturday 07:43:01: Episode:0 Mean Reward= -0.005 +/- 2.376
2023-04-15 Saturday 07:43:01: Episode:1 Mean Reward= -0.000 +/- 1.014
2023-04-15 Saturday 07:43:01: Episode:2 Mean Reward= -0.000 +/- 0.783
2023-04-15 Saturday 07:43:01: Episode:3 Mean Reward= -0.000 +/- 0.768
2023-04-15 Saturday 07:43:01: Episode:4 Mean Reward= -0.000 +/- 0.812
2023-04-15 Saturday 07:43:01: 1-Total Mean Reward= -0.001 +/- 0.002
2023-04-15 Saturday 07:43:01: 2-Total Mean Reward= -0.001 +/- 1.151
2023-04-15 Saturday 07:43:01: ****
2023-04-15 Saturday 07:43:01: Episode:0 Mean Stopped= 66.529 +/- 17.303
2023-04-15 Saturday 07:43:01: Episode:1 Mean Stopped= 10.255 +/- 8.008
2023-04-15 Saturday 07:43:01: Episode:2 Mean Stopped= 7.036 +/- 2.232
2023-04-15 Saturday 07:43:01: Episode:3 Mean Stopped= 7.044 +/- 2.311
2023-04-15 Saturday 07:43:01: Episode:4 Mean Stopped= 7.342 +/- 2.323
2023-04-15 Saturday 07:43:01: 1-Total Mean Stopped= 19.641 +/- 23.475
2023-04-15 Saturday 07:43:01: 2-Total Mean Stopped= 19.641 +/- 6.436
2023-04-15 Saturday 07:43:01: ****
2023-04-15 Saturday 07:43:01: Episode:0 Mean Stopped Cross Check= 66.549 +/- 17.300
2023-04-15 Saturday 07:43:01: Episode:1 Mean Stopped Cross Check= 10.266 +/- 8.010
2023-04-15 Saturday 07:43:01: Episode:2 Mean Stopped Cross Check= 7.047 +/- 2.231
2023-04-15 Saturday 07:43:01: Episode:3 Mean Stopped Cross Check= 7.055 +/- 2.312
2023-04-15 Saturday 07:43:01: Episode:4 Mean Stopped Cross Check= 7.352 +/- 2.326
2023-04-15 Saturday 07:43:01: 1-Total Mean Stopped Cross Check= 19.654 +/- 23.479
2023-04-15 Saturday 07:43:01: 2-Total Mean Stopped Cross Check= 19.654 +/- 6.436
2023-04-15 Saturday 07:43:01: ****
2023-04-15 Saturday 07:43:01: Episode:0 Mean Waiting Time= 2271.633 +/- 2279.296
2023-04-15 Saturday 07:43:01: Episode:1 Mean Waiting Time= 283.319 +/- 435.204
2023-04-15 Saturday 07:43:01: Episode:2 Mean Waiting Time= 166.992 +/- 171.024
2023-04-15 Saturday 07:43:01: Episode:3 Mean Waiting Time= 161.870 +/- 159.152
2023-04-15 Saturday 07:43:01: Episode:4 Mean Waiting Time= 179.363 +/- 179.149
2023-04-15 Saturday 07:43:01: 1-Total Mean Waiting Time= 612.635 +/- 830.691
2023-04-15 Saturday 07:43:01: 2-Total Mean Waiting Time= 612.635 +/- 644.765
2023-04-15 Saturday 07:43:01: Episode:0 Mean Avg Speed= 0.084 +/- 0.031
2023-04-15 Saturday 07:43:01: Episode:1 Mean Avg Speed= 0.335 +/- 0.090
2023-04-15 Saturday 07:43:01: Episode:2 Mean Avg Speed= 0.369 +/- 0.060
2023-04-15 Saturday 07:43:01: Episode:3 Mean Avg Speed= 0.370 +/- 0.061
2023-04-15 Saturday 07:43:01: Episode:4 Mean Avg Speed= 0.363 +/- 0.061
2023-04-15 Saturday 07:43:01: 1-Total Mean Avg Speed= 0.304 +/- 0.111
2023-04-15 Saturday 07:43:01: 2-Total Mean Avg Speed= 0.304 +/- 0.061
2023-04-15 Saturday 07:43:01: Episode:0 Mean Avg Speed 2= 1.570 +/- 0.581
2023-04-15 Saturday 07:43:01: Episode:1 Mean Avg Speed 2= 6.228 +/- 1.655
2023-04-15 Saturday 07:43:01: Episode:2 Mean Avg Speed 2= 6.858 +/- 1.081
2023-04-15 Saturday 07:43:01: Episode:3 Mean Avg Speed 2= 6.868 +/- 1.113
2023-04-15 Saturday 07:43:01: Episode:4 Mean Avg Speed 2= 6.746 +/- 1.099
2023-04-15 Saturday 07:43:01: 1-Total Mean Avg Speed 2= 5.654 +/- 2.055
2023-04-15 Saturday 07:43:01: 2-Total Mean Avg Speed 2= 5.654 +/- 1.106
2023-04-15 Saturday 07:43:01: Episode:0 Mean Avg Speed Cross Check= 2.651 +/- 0.699
2023-04-15 Saturday 07:43:01: Episode:1 Mean Avg Speed Cross Check= 7.453 +/- 1.383
2023-04-15 Saturday 07:43:01: Episode:2 Mean Avg Speed Cross Check= 7.995 +/- 0.759
2023-04-15 Saturday 07:43:01: Episode:3 Mean Avg Speed Cross Check= 7.998 +/- 0.780
2023-04-15 Saturday 07:43:01: Episode:4 Mean Avg Speed Cross Check= 7.917 +/- 0.781
2023-04-15 Saturday 07:43:01: 1-Total Mean Avg Speed Cross Check= 6.803 +/- 2.086
2023-04-15 Saturday 07:43:01: 2-Total Mean Avg Speed Cross Check= 6.803 +/- 0.880
2023-04-15 Saturday 07:43:01: Episode:0 Mean Average CO2 Emission TL= 2624.304 +/- 87.198
2023-04-15 Saturday 07:43:01: Episode:1 Mean Average CO2 Emission TL= 3059.078 +/- 243.646
2023-04-15 Saturday 07:43:01: Episode:2 Mean Average CO2 Emission TL= 3110.993 +/- 235.980
2023-04-15 Saturday 07:43:01: Episode:3 Mean Average CO2 Emission TL= 3110.060 +/- 237.849
2023-04-15 Saturday 07:43:01: Episode:4 Mean Average CO2 Emission TL= 3102.514 +/- 231.083
2023-04-15 Saturday 07:43:01: 1-Total Mean Average CO2 Emission TL= 3001.390 +/- 189.510
2023-04-15 Saturday 07:43:01: 2-Total Mean Average CO2 Emission TL= 3001.390 +/- 207.151
2023-04-15 Saturday 07:43:01: Episode:0 Mean Average CO Emission TL= 139.438 +/- 7.840
2023-04-15 Saturday 07:43:01: Episode:1 Mean Average CO Emission TL= 100.040 +/- 14.912
2023-04-15 Saturday 07:43:01: Episode:2 Mean Average CO Emission TL= 94.534 +/- 9.656
2023-04-15 Saturday 07:43:01: Episode:3 Mean Average CO Emission TL= 94.464 +/- 9.968
2023-04-15 Saturday 07:43:01: Episode:4 Mean Average CO Emission TL= 95.547 +/- 10.077
2023-04-15 Saturday 07:43:01: 1-Total Mean Average CO Emission TL= 104.805 +/- 17.438
2023-04-15 Saturday 07:43:01: 2-Total Mean Average CO Emission TL= 104.805 +/- 10.491
2023-04-15 Saturday 07:43:01: Episode:0 Mean Average Fuel Consumption TL= 1.128 +/- 0.037
2023-04-15 Saturday 07:43:01: Episode:1 Mean Average Fuel Consumption TL= 1.315 +/- 0.105
2023-04-15 Saturday 07:43:01: Episode:2 Mean Average Fuel Consumption TL= 1.337 +/- 0.101
2023-04-15 Saturday 07:43:01: Episode:3 Mean Average Fuel Consumption TL= 1.337 +/- 0.102
2023-04-15 Saturday 07:43:01: Episode:4 Mean Average Fuel Consumption TL= 1.334 +/- 0.099
2023-04-15 Saturday 07:43:01: 1-Total Mean Average Fuel Consumption TL= 1.290 +/- 0.081
2023-04-15 Saturday 07:43:01: 2-Total Mean Average Fuel Consumption TL= 1.290 +/- 0.089
2023-04-15 Saturday 07:43:01: Episode:0 Mean Average Noise Emission TL= 56.932 +/- 0.443
2023-04-15 Saturday 07:43:01: Episode:1 Mean Average Noise Emission TL= 60.209 +/- 1.362
2023-04-15 Saturday 07:43:01: Episode:2 Mean Average Noise Emission TL= 60.646 +/- 1.101
2023-04-15 Saturday 07:43:01: Episode:3 Mean Average Noise Emission TL= 60.657 +/- 1.105
2023-04-15 Saturday 07:43:01: Episode:4 Mean Average Noise Emission TL= 60.568 +/- 1.092
2023-04-15 Saturday 07:43:01: 1-Total Mean Average Noise Emission TL= 59.802 +/- 1.445
2023-04-15 Saturday 07:43:01: 2-Total Mean Average Noise Emission TL= 59.802 +/- 1.020
2023-04-15 Saturday 07:43:01: Episode:0 Mean Average CO2 Emission= 2512.248 +/- 92.945
2023-04-15 Saturday 07:43:01: Episode:1 Mean Average CO2 Emission= 2559.893 +/- 198.185
2023-04-15 Saturday 07:43:01: Episode:2 Mean Average CO2 Emission= 2564.502 +/- 207.098
2023-04-15 Saturday 07:43:01: Episode:3 Mean Average CO2 Emission= 2558.716 +/- 208.082
2023-04-15 Saturday 07:43:01: Episode:4 Mean Average CO2 Emission= 2562.877 +/- 207.917
2023-04-15 Saturday 07:43:01: 1-Total Mean Average CO2 Emission= 2551.647 +/- 19.807
2023-04-15 Saturday 07:43:01: 2-Total Mean Average CO2 Emission= 2551.647 +/- 182.846
2023-04-15 Saturday 07:43:01: Episode:0 Mean Average CO Emission= 124.121 +/- 9.495
2023-04-15 Saturday 07:43:01: Episode:1 Mean Average CO Emission= 72.043 +/- 15.604
2023-04-15 Saturday 07:43:01: Episode:2 Mean Average CO Emission= 66.066 +/- 8.534
2023-04-15 Saturday 07:43:01: Episode:3 Mean Average CO Emission= 65.957 +/- 8.789
2023-04-15 Saturday 07:43:01: Episode:4 Mean Average CO Emission= 66.936 +/- 8.912
2023-04-15 Saturday 07:43:01: 1-Total Mean Average CO Emission= 79.025 +/- 22.659
2023-04-15 Saturday 07:43:01: 2-Total Mean Average CO Emission= 79.025 +/- 10.267
2023-04-15 Saturday 07:43:01: Episode:0 Mean Average Fuel Consumption= 1.080 +/- 0.040
2023-04-15 Saturday 07:43:01: Episode:1 Mean Average Fuel Consumption= 1.100 +/- 0.085
2023-04-15 Saturday 07:43:01: Episode:2 Mean Average Fuel Consumption= 1.102 +/- 0.089
2023-04-15 Saturday 07:43:01: Episode:3 Mean Average Fuel Consumption= 1.100 +/- 0.089
2023-04-15 Saturday 07:43:01: Episode:4 Mean Average Fuel Consumption= 1.102 +/- 0.089
2023-04-15 Saturday 07:43:01: 1-Total Mean Average Fuel Consumption= 1.097 +/- 0.009
2023-04-15 Saturday 07:43:01: 2-Total Mean Average Fuel Consumption= 1.097 +/- 0.079
2023-04-15 Saturday 07:43:01: Episode:0 Mean Average Noise Emission= 57.623 +/- 0.495
2023-04-15 Saturday 07:43:01: Episode:1 Mean Average Noise Emission= 60.871 +/- 1.028
2023-04-15 Saturday 07:43:01: Episode:2 Mean Average Noise Emission= 61.236 +/- 0.702
2023-04-15 Saturday 07:43:01: Episode:3 Mean Average Noise Emission= 61.239 +/- 0.704
2023-04-15 Saturday 07:43:01: Episode:4 Mean Average Noise Emission= 61.183 +/- 0.707
2023-04-15 Saturday 07:43:01: 1-Total Mean Average Noise Emission= 60.430 +/- 1.410
2023-04-15 Saturday 07:43:01: 2-Total Mean Average Noise Emission= 60.430 +/- 0.727
2023-04-15 Saturday 07:43:01: ****************************************
