2023-03-05 Sunday 14:10:40: Run: 2 for Training experiment: DoE-45 - first seed: 270 - alpha: 0.5 - gamma: 0.9 - epsilon: 0.3 - reward: diff-waiting-time
2023-03-05 Sunday 14:16:28: Run: 1 - First Epsilon: 0.3 - Last Epsilon: 0.3
2023-03-05 Sunday 14:22:10: Run: 2 - First Epsilon: 0.3 - Last Epsilon: 0.3
2023-03-05 Sunday 14:27:35: Run: 3 - First Epsilon: 0.3 - Last Epsilon: 0.3
2023-03-05 Sunday 14:32:52: Run: 4 - First Epsilon: 0.3 - Last Epsilon: 0.3
2023-03-05 Sunday 14:38:08: Run: 5 - First Epsilon: 0.3 - Last Epsilon: 0.3
2023-03-05 Sunday 14:38:08: Q-Table Total Distinct States: 339
2023-03-05 Sunday 14:38:09: Mean_reward=-1.35 +/- 1.17
2023-03-05 Sunday 14:38:09: Mean_Stopped=83246.00 +/- 4429.65
2023-03-05 Sunday 14:38:09: Mean_Stopped=83416.40 +/- 4460.43
2023-03-05 Sunday 14:38:09: Mean_waiting_time=1864601.20 +/- 252105.76
2023-03-05 Sunday 14:38:09: Mean_avg_speed=3430.50 +/- 76.42
2023-03-05 Sunday 14:38:09: Mean_avg_speed_2=63784.30 +/- 1402.88
2023-03-05 Sunday 14:38:09: Mean_avg_speed_cross_check=76417.80 +/- 1040.08
2023-03-05 Sunday 14:38:09: ****************************************
2023-03-05 Sunday 14:38:09: Calculation 1 - Overall 
2023-03-05 Sunday 14:38:09: ****************************************
2023-03-05 Sunday 14:38:09: Inner X Outer Loops Mean Reward= -0.000 +/- 0.817
2023-03-05 Sunday 14:38:09: Inner X Outer Loops Mean Stopped= 8.324 +/- 2.944
2023-03-05 Sunday 14:38:09: Inner X Outer Loops Mean Stopped Cross Check= 8.341 +/- 2.946
2023-03-05 Sunday 14:38:09: Inner X Outer Loops Mean Waiting Time= 186.441 +/- 177.673
2023-03-05 Sunday 14:38:09: Inner X Outer Loops Mean Avg Speed= 0.343 +/- 0.063
2023-03-05 Sunday 14:38:09: Inner X Outer Loops Mean Avg Speed 2= 6.378 +/- 1.136
2023-03-05 Sunday 14:38:09: Inner X Outer Loops Mean Avg Speed Cross Check= 7.641 +/- 0.848
2023-03-05 Sunday 14:38:09: ****************************************
2023-03-05 Sunday 14:38:09: Calculation 2 - Per Episode
2023-03-05 Sunday 14:38:09: ****************************************
2023-03-05 Sunday 14:38:09: Episode:0 Mean Reward= -0.000 +/- 0.927
2023-03-05 Sunday 14:38:09: Episode:1 Mean Reward= -0.000 +/- 0.795
2023-03-05 Sunday 14:38:09: Episode:2 Mean Reward= -0.000 +/- 0.820
2023-03-05 Sunday 14:38:09: Episode:3 Mean Reward= -0.000 +/- 0.767
2023-03-05 Sunday 14:38:09: Episode:4 Mean Reward= -0.000 +/- 0.767
2023-03-05 Sunday 14:38:09: 1-Total Mean Reward= -0.000 +/- 0.000
2023-03-05 Sunday 14:38:09: 2-Total Mean Reward= -0.000 +/- 0.815
2023-03-05 Sunday 14:38:09: ****
2023-03-05 Sunday 14:38:09: Episode:0 Mean Stopped= 8.976 +/- 3.599
2023-03-05 Sunday 14:38:09: Episode:1 Mean Stopped= 8.345 +/- 2.760
2023-03-05 Sunday 14:38:09: Episode:2 Mean Stopped= 8.614 +/- 2.830
2023-03-05 Sunday 14:38:09: Episode:3 Mean Stopped= 7.893 +/- 2.673
2023-03-05 Sunday 14:38:09: Episode:4 Mean Stopped= 7.790 +/- 2.576
2023-03-05 Sunday 14:38:09: 1-Total Mean Stopped= 8.324 +/- 0.443
2023-03-05 Sunday 14:38:09: 2-Total Mean Stopped= 8.324 +/- 2.888
2023-03-05 Sunday 14:38:09: ****
2023-03-05 Sunday 14:38:09: Episode:0 Mean Stopped Cross Check= 8.997 +/- 3.600
2023-03-05 Sunday 14:38:09: Episode:1 Mean Stopped Cross Check= 8.363 +/- 2.760
2023-03-05 Sunday 14:38:09: Episode:2 Mean Stopped Cross Check= 8.635 +/- 2.832
2023-03-05 Sunday 14:38:09: Episode:3 Mean Stopped Cross Check= 7.907 +/- 2.673
2023-03-05 Sunday 14:38:09: Episode:4 Mean Stopped Cross Check= 7.803 +/- 2.579
2023-03-05 Sunday 14:38:09: 1-Total Mean Stopped Cross Check= 8.341 +/- 0.446
2023-03-05 Sunday 14:38:09: 2-Total Mean Stopped Cross Check= 8.341 +/- 2.889
2023-03-05 Sunday 14:38:09: ****
2023-03-05 Sunday 14:38:09: Episode:0 Mean Waiting Time= 232.879 +/- 282.969
2023-03-05 Sunday 14:38:09: Episode:1 Mean Waiting Time= 178.182 +/- 134.320
2023-03-05 Sunday 14:38:09: Episode:2 Mean Waiting Time= 191.349 +/- 148.552
2023-03-05 Sunday 14:38:09: Episode:3 Mean Waiting Time= 165.252 +/- 129.331
2023-03-05 Sunday 14:38:09: Episode:4 Mean Waiting Time= 164.545 +/- 133.241
2023-03-05 Sunday 14:38:09: 1-Total Mean Waiting Time= 186.441 +/- 25.208
2023-03-05 Sunday 14:38:09: 2-Total Mean Waiting Time= 186.441 +/- 165.682
2023-03-05 Sunday 14:38:09: Episode:0 Mean Avg Speed= 0.334 +/- 0.065
2023-03-05 Sunday 14:38:09: Episode:1 Mean Avg Speed= 0.341 +/- 0.060
2023-03-05 Sunday 14:38:09: Episode:2 Mean Avg Speed= 0.336 +/- 0.061
2023-03-05 Sunday 14:38:09: Episode:3 Mean Avg Speed= 0.351 +/- 0.062
2023-03-05 Sunday 14:38:09: Episode:4 Mean Avg Speed= 0.353 +/- 0.061
2023-03-05 Sunday 14:38:09: 1-Total Mean Avg Speed= 0.343 +/- 0.008
2023-03-05 Sunday 14:38:09: 2-Total Mean Avg Speed= 0.343 +/- 0.062
2023-03-05 Sunday 14:38:09: Episode:0 Mean Avg Speed 2= 6.208 +/- 1.194
2023-03-05 Sunday 14:38:09: Episode:1 Mean Avg Speed 2= 6.349 +/- 1.096
2023-03-05 Sunday 14:38:09: Episode:2 Mean Avg Speed 2= 6.253 +/- 1.107
2023-03-05 Sunday 14:38:09: Episode:3 Mean Avg Speed 2= 6.523 +/- 1.123
2023-03-05 Sunday 14:38:09: Episode:4 Mean Avg Speed 2= 6.557 +/- 1.113
2023-03-05 Sunday 14:38:09: 1-Total Mean Avg Speed 2= 6.378 +/- 0.140
2023-03-05 Sunday 14:38:09: 2-Total Mean Avg Speed 2= 6.378 +/- 1.127
2023-03-05 Sunday 14:38:09: Episode:0 Mean Avg Speed Cross Check= 7.513 +/- 0.919
2023-03-05 Sunday 14:38:09: Episode:1 Mean Avg Speed Cross Check= 7.624 +/- 0.818
2023-03-05 Sunday 14:38:09: Episode:2 Mean Avg Speed Cross Check= 7.548 +/- 0.831
2023-03-05 Sunday 14:38:09: Episode:3 Mean Avg Speed Cross Check= 7.743 +/- 0.827
2023-03-05 Sunday 14:38:09: Episode:4 Mean Avg Speed Cross Check= 7.776 +/- 0.810
2023-03-05 Sunday 14:38:09: 1-Total Mean Avg Speed Cross Check= 7.641 +/- 0.104
2023-03-05 Sunday 14:38:09: 2-Total Mean Avg Speed Cross Check= 7.641 +/- 0.841
2023-03-05 Sunday 14:38:09: ****************************************
