2023-01-29 Sunday 16:58:29 root:INFO:Total Missing States: 0
2023-01-29 Sunday 16:58:29 root:INFO:Mean Reward=-187.59 +/- 7.03
2023-01-29 Sunday 16:58:29 root:INFO:Mean Stopped=518773.80 +/- 274.48
2023-01-29 Sunday 16:58:29 root:INFO:Mean Waiting Time=190191919.00 +/- 1032160.08
2023-01-29 Sunday 16:58:29 root:INFO:****************************************
2023-01-29 Sunday 16:58:29 root:INFO:Calculation 1 - Overall 
2023-01-29 Sunday 16:58:29 root:INFO:****************************************
2023-01-29 Sunday 16:58:29 root:INFO:Inner X Outer Loops Mean Reward=-0.019 +/- 4.607
2023-01-29 Sunday 16:58:29 root:INFO:Inner X Outer Loops Mean Stopped= 51.872 +/- 3.857
2023-01-29 Sunday 16:58:29 root:INFO:Inner X Outer Loops Mean Waiting Time= 19017.290 +/- 2074.323
2023-01-29 Sunday 16:58:29 root:INFO:****************************************
2023-01-29 Sunday 16:58:29 root:INFO:Calculation 2 - Per Episode
2023-01-29 Sunday 16:58:29 root:INFO:****************************************
2023-01-29 Sunday 16:58:29 root:INFO:Episode:0 Mean Waiting Time=-0.019 +/- 4.606
2023-01-29 Sunday 16:58:29 root:INFO:Episode:1 Mean Waiting Time=-0.018 +/- 4.597
2023-01-29 Sunday 16:58:29 root:INFO:Episode:2 Mean Waiting Time=-0.018 +/- 4.618
2023-01-29 Sunday 16:58:29 root:INFO:Episode:3 Mean Waiting Time=-0.020 +/- 4.619
2023-01-29 Sunday 16:58:29 root:INFO:Episode:4 Mean Waiting Time=-0.019 +/- 4.604
2023-01-29 Sunday 16:58:29 root:INFO:Episode:5 Mean Waiting Time=-0.020 +/- 4.598
2023-01-29 Sunday 16:58:29 root:INFO:Episode:6 Mean Waiting Time=-0.018 +/- 4.598
2023-01-29 Sunday 16:58:29 root:INFO:Episode:7 Mean Waiting Time=-0.018 +/- 4.614
2023-01-29 Sunday 16:58:29 root:INFO:Episode:8 Mean Waiting Time=-0.019 +/- 4.593
2023-01-29 Sunday 16:58:29 root:INFO:Episode:9 Mean Waiting Time=-0.018 +/- 4.627
2023-01-29 Sunday 16:58:29 root:INFO:1-Total Mean Reward= -0.019 +/- 0.001
2023-01-29 Sunday 16:58:29 root:INFO:2-Total Mean Reward= -0.019 +/- 4.607
2023-01-29 Sunday 16:58:29 root:INFO:****
2023-01-29 Sunday 16:58:29 root:INFO:Episode:0 Mean Stopped= 51.838 +/- 3.853
2023-01-29 Sunday 16:58:29 root:INFO:Episode:1 Mean Stopped= 51.848 +/- 3.857
2023-01-29 Sunday 16:58:29 root:INFO:Episode:2 Mean Stopped= 51.896 +/- 3.855
2023-01-29 Sunday 16:58:29 root:INFO:Episode:3 Mean Stopped= 51.919 +/- 3.865
2023-01-29 Sunday 16:58:29 root:INFO:Episode:4 Mean Stopped= 51.872 +/- 3.870
2023-01-29 Sunday 16:58:29 root:INFO:Episode:5 Mean Stopped= 51.856 +/- 3.869
2023-01-29 Sunday 16:58:29 root:INFO:Episode:6 Mean Stopped= 51.847 +/- 3.845
2023-01-29 Sunday 16:58:29 root:INFO:Episode:7 Mean Stopped= 51.903 +/- 3.790
2023-01-29 Sunday 16:58:29 root:INFO:Episode:8 Mean Stopped= 51.847 +/- 3.871
2023-01-29 Sunday 16:58:29 root:INFO:Episode:9 Mean Stopped= 51.895 +/- 3.890
2023-01-29 Sunday 16:58:29 root:INFO:1-Total Mean Stopped= 51.872 +/- 0.027
2023-01-29 Sunday 16:58:29 root:INFO:2-Total Mean Stopped= 51.872 +/- 3.857
2023-01-29 Sunday 16:58:29 root:INFO:****
2023-01-29 Sunday 16:58:29 root:INFO:Episode:0 Mean Waiting Time= 18938.522 +/- 2069.004
2023-01-29 Sunday 16:58:29 root:INFO:Episode:1 Mean Waiting Time= 18963.393 +/- 2062.630
2023-01-29 Sunday 16:58:29 root:INFO:Episode:2 Mean Waiting Time= 19101.309 +/- 2082.790
2023-01-29 Sunday 16:58:29 root:INFO:Episode:3 Mean Waiting Time= 19080.459 +/- 2077.295
2023-01-29 Sunday 16:58:29 root:INFO:Episode:4 Mean Waiting Time= 19029.339 +/- 2090.427
2023-01-29 Sunday 16:58:29 root:INFO:Episode:5 Mean Waiting Time= 18954.881 +/- 2071.589
2023-01-29 Sunday 16:58:29 root:INFO:Episode:6 Mean Waiting Time= 18884.901 +/- 2020.718
2023-01-29 Sunday 16:58:29 root:INFO:Episode:7 Mean Waiting Time= 19094.619 +/- 2077.532
2023-01-29 Sunday 16:58:29 root:INFO:Episode:8 Mean Waiting Time= 18897.395 +/- 2008.013
2023-01-29 Sunday 16:58:29 root:INFO:Episode:9 Mean Waiting Time= 19228.083 +/- 2154.141
2023-01-29 Sunday 16:58:29 root:INFO:1-Total Mean Waiting Time= 19017.290 +/- 103.206
2023-01-29 Sunday 16:58:29 root:INFO:2-Total Mean Waiting Time= 19017.290 +/- 2071.414
2023-01-29 Sunday 16:58:29 root:INFO:****************************************
