2023-03-06 Monday 07:26:51: Run: 3 for Training experiment: DoE-1 - first seed: 370 - alpha: 0.1 - gamma: 0.8 - epsilon: 0.2 - reward: diff-waiting-time
2023-03-06 Monday 07:32:08: Run: 1 - First Epsilon: 0.2 - Last Epsilon: 0.2
2023-03-06 Monday 07:37:30: Run: 2 - First Epsilon: 0.2 - Last Epsilon: 0.2
2023-03-06 Monday 07:42:38: Run: 3 - First Epsilon: 0.2 - Last Epsilon: 0.2
2023-03-06 Monday 07:48:01: Run: 4 - First Epsilon: 0.2 - Last Epsilon: 0.2
2023-03-06 Monday 07:53:28: Run: 5 - First Epsilon: 0.2 - Last Epsilon: 0.2
2023-03-06 Monday 07:53:29: Q-Table Total Distinct States: 176
2023-03-06 Monday 07:53:29: Mean_reward=-1.71 +/- 0.98
2023-03-06 Monday 07:53:29: Mean_Stopped=68883.00 +/- 2581.48
2023-03-06 Monday 07:53:29: Mean_Stopped=68982.00 +/- 2591.58
2023-03-06 Monday 07:53:29: Mean_waiting_time=1250525.20 +/- 84997.78
2023-03-06 Monday 07:53:29: Mean_avg_speed=3720.11 +/- 56.03
2023-03-06 Monday 07:53:29: Mean_avg_speed_2=69111.93 +/- 1023.38
2023-03-06 Monday 07:53:29: Mean_avg_speed_cross_check=80342.83 +/- 710.27
2023-03-06 Monday 07:53:29: ****************************************
2023-03-06 Monday 07:53:29: Calculation 1 - Overall 
2023-03-06 Monday 07:53:29: ****************************************
2023-03-06 Monday 07:53:29: Inner X Outer Loops Mean Reward= -0.000 +/- 0.662
2023-03-06 Monday 07:53:29: Inner X Outer Loops Mean Stopped= 6.888 +/- 2.283
2023-03-06 Monday 07:53:29: Inner X Outer Loops Mean Stopped Cross Check= 6.898 +/- 2.285
2023-03-06 Monday 07:53:29: Inner X Outer Loops Mean Waiting Time= 125.040 +/- 96.613
2023-03-06 Monday 07:53:29: Inner X Outer Loops Mean Avg Speed= 0.372 +/- 0.062
2023-03-06 Monday 07:53:29: Inner X Outer Loops Mean Avg Speed 2= 6.911 +/- 1.125
2023-03-06 Monday 07:53:29: Inner X Outer Loops Mean Avg Speed Cross Check= 8.033 +/- 0.784
2023-03-06 Monday 07:53:29: ****************************************
2023-03-06 Monday 07:53:29: Calculation 2 - Per Episode
2023-03-06 Monday 07:53:29: ****************************************
2023-03-06 Monday 07:53:29: Episode:0 Mean Reward= -0.000 +/- 0.690
2023-03-06 Monday 07:53:29: Episode:1 Mean Reward= -0.000 +/- 0.624
2023-03-06 Monday 07:53:29: Episode:2 Mean Reward= -0.000 +/- 0.655
2023-03-06 Monday 07:53:29: Episode:3 Mean Reward= -0.000 +/- 0.652
2023-03-06 Monday 07:53:29: Episode:4 Mean Reward= -0.000 +/- 0.687
2023-03-06 Monday 07:53:29: 1-Total Mean Reward= -0.000 +/- 0.000
2023-03-06 Monday 07:53:29: 2-Total Mean Reward= -0.000 +/- 0.662
2023-03-06 Monday 07:53:29: ****
2023-03-06 Monday 07:53:29: Episode:0 Mean Stopped= 7.145 +/- 2.413
2023-03-06 Monday 07:53:29: Episode:1 Mean Stopped= 6.467 +/- 2.117
2023-03-06 Monday 07:53:29: Episode:2 Mean Stopped= 6.832 +/- 2.159
2023-03-06 Monday 07:53:29: Episode:3 Mean Stopped= 6.820 +/- 2.208
2023-03-06 Monday 07:53:29: Episode:4 Mean Stopped= 7.175 +/- 2.427
2023-03-06 Monday 07:53:29: 1-Total Mean Stopped= 6.888 +/- 0.258
2023-03-06 Monday 07:53:29: 2-Total Mean Stopped= 6.888 +/- 2.265
2023-03-06 Monday 07:53:29: ****
2023-03-06 Monday 07:53:29: Episode:0 Mean Stopped Cross Check= 7.153 +/- 2.415
2023-03-06 Monday 07:53:29: Episode:1 Mean Stopped Cross Check= 6.476 +/- 2.117
2023-03-06 Monday 07:53:29: Episode:2 Mean Stopped Cross Check= 6.840 +/- 2.160
2023-03-06 Monday 07:53:29: Episode:3 Mean Stopped Cross Check= 6.830 +/- 2.210
2023-03-06 Monday 07:53:29: Episode:4 Mean Stopped Cross Check= 7.188 +/- 2.429
2023-03-06 Monday 07:53:29: 1-Total Mean Stopped Cross Check= 6.898 +/- 0.259
2023-03-06 Monday 07:53:29: 2-Total Mean Stopped Cross Check= 6.898 +/- 2.266
2023-03-06 Monday 07:53:29: ****
2023-03-06 Monday 07:53:29: Episode:0 Mean Waiting Time= 134.798 +/- 106.745
2023-03-06 Monday 07:53:29: Episode:1 Mean Waiting Time= 112.173 +/- 82.509
2023-03-06 Monday 07:53:29: Episode:2 Mean Waiting Time= 122.369 +/- 96.001
2023-03-06 Monday 07:53:29: Episode:3 Mean Waiting Time= 121.744 +/- 91.050
2023-03-06 Monday 07:53:29: Episode:4 Mean Waiting Time= 134.116 +/- 102.960
2023-03-06 Monday 07:53:29: 1-Total Mean Waiting Time= 125.040 +/- 8.499
2023-03-06 Monday 07:53:29: 2-Total Mean Waiting Time= 125.040 +/- 95.853
2023-03-06 Monday 07:53:29: Episode:0 Mean Avg Speed= 0.367 +/- 0.063
2023-03-06 Monday 07:53:29: Episode:1 Mean Avg Speed= 0.381 +/- 0.062
2023-03-06 Monday 07:53:29: Episode:2 Mean Avg Speed= 0.373 +/- 0.060
2023-03-06 Monday 07:53:29: Episode:3 Mean Avg Speed= 0.373 +/- 0.061
2023-03-06 Monday 07:53:29: Episode:4 Mean Avg Speed= 0.366 +/- 0.063
2023-03-06 Monday 07:53:29: 1-Total Mean Avg Speed= 0.372 +/- 0.006
2023-03-06 Monday 07:53:29: 2-Total Mean Avg Speed= 0.372 +/- 0.062
2023-03-06 Monday 07:53:29: Episode:0 Mean Avg Speed 2= 6.824 +/- 1.133
2023-03-06 Monday 07:53:29: Episode:1 Mean Avg Speed 2= 7.082 +/- 1.130
2023-03-06 Monday 07:53:29: Episode:2 Mean Avg Speed 2= 6.928 +/- 1.090
2023-03-06 Monday 07:53:29: Episode:3 Mean Avg Speed 2= 6.930 +/- 1.111
2023-03-06 Monday 07:53:29: Episode:4 Mean Avg Speed 2= 6.789 +/- 1.137
2023-03-06 Monday 07:53:29: 1-Total Mean Avg Speed 2= 6.911 +/- 0.102
2023-03-06 Monday 07:53:29: 2-Total Mean Avg Speed 2= 6.911 +/- 1.120
2023-03-06 Monday 07:53:29: Episode:0 Mean Avg Speed Cross Check= 7.976 +/- 0.794
2023-03-06 Monday 07:53:29: Episode:1 Mean Avg Speed Cross Check= 8.149 +/- 0.776
2023-03-06 Monday 07:53:29: Episode:2 Mean Avg Speed Cross Check= 8.050 +/- 0.759
2023-03-06 Monday 07:53:29: Episode:3 Mean Avg Speed Cross Check= 8.049 +/- 0.771
2023-03-06 Monday 07:53:29: Episode:4 Mean Avg Speed Cross Check= 7.943 +/- 0.803
2023-03-06 Monday 07:53:29: 1-Total Mean Avg Speed Cross Check= 8.033 +/- 0.071
2023-03-06 Monday 07:53:29: 2-Total Mean Avg Speed Cross Check= 8.033 +/- 0.781
2023-03-06 Monday 07:53:29: ****************************************
