2023-02-20 Monday 18:24:52: Run: 1 - First Epsilon: 0.4 - Last Epsilon: 0.4
2023-02-20 Monday 18:35:32: Run: 2 - First Epsilon: 0.4 - Last Epsilon: 0.4
2023-02-20 Monday 18:46:27: Run: 3 - First Epsilon: 0.4 - Last Epsilon: 0.4
2023-02-20 Monday 18:57:50: Run: 4 - First Epsilon: 0.4 - Last Epsilon: 0.4
2023-02-20 Monday 19:09:23: Run: 5 - First Epsilon: 0.4 - Last Epsilon: 0.4
2023-02-20 Monday 19:09:23: Q-Table Total Distinct States: 293
2023-02-20 Monday 19:09:23: Mean_reward=-485764.00 +/- 7835.36
2023-02-20 Monday 19:09:23: Mean_Stopped=485764.00 +/- 7835.36
2023-02-20 Monday 19:09:23: Mean_Stopped=486310.60 +/- 7747.18
2023-02-20 Monday 19:09:23: Mean_waiting_time=15178457.40 +/- 582051.73
2023-02-20 Monday 19:09:23: Mean_avg_speed=10439.99 +/- 9393.62
2023-02-20 Monday 19:09:23: Mean_avg_speed_2=nan +/- nan
2023-02-20 Monday 19:09:23: Mean_avg_speed_cross_check=32183.60 +/- 1202.17
2023-02-20 Monday 19:09:23: ****************************************
2023-02-20 Monday 19:09:23: Calculation 1 - Overall 
2023-02-20 Monday 19:09:23: ****************************************
2023-02-20 Monday 19:09:23: Inner X Outer Loops Mean Reward= -48.572 +/- 11.286
2023-02-20 Monday 19:09:23: Inner X Outer Loops Mean Stopped= 48.572 +/- 11.286
2023-02-20 Monday 19:09:23: Inner X Outer Loops Mean Stopped Cross Check= 48.626 +/- 11.232
2023-02-20 Monday 19:09:23: Inner X Outer Loops Mean Waiting Time= 1517.694 +/- 1263.121
2023-02-20 Monday 19:09:24: Inner X Outer Loops Mean Avg Speed= 0.107 +/- 0.039
2023-02-20 Monday 19:09:24: Inner X Outer Loops Mean Avg Speed 2= 1.981 +/- 0.739
2023-02-20 Monday 19:09:24: Inner X Outer Loops Mean Avg Speed Cross Check= 3.218 +/- 0.837
2023-02-20 Monday 19:09:24: ****************************************
2023-02-20 Monday 19:09:24: Calculation 2 - Per Episode
2023-02-20 Monday 19:09:24: ****************************************
2023-02-20 Monday 19:09:24: Episode:0 Mean Reward= -49.638 +/- 10.869
2023-02-20 Monday 19:09:24: Episode:1 Mean Reward= -48.220 +/- 10.554
2023-02-20 Monday 19:09:24: Episode:2 Mean Reward= -48.650 +/- 10.980
2023-02-20 Monday 19:09:24: Episode:3 Mean Reward= -47.313 +/- 11.924
2023-02-20 Monday 19:09:24: Episode:4 Mean Reward= -49.037 +/- 11.896
2023-02-20 Monday 19:09:24: 1-Total Mean Reward= -48.572 +/- 0.783
2023-02-20 Monday 19:09:24: 2-Total Mean Reward= -48.572 +/- 11.245
2023-02-20 Monday 19:09:24: ****
2023-02-20 Monday 19:09:24: Episode:0 Mean Stopped= 49.638 +/- 10.869
2023-02-20 Monday 19:09:24: Episode:1 Mean Stopped= 48.220 +/- 10.554
2023-02-20 Monday 19:09:24: Episode:2 Mean Stopped= 48.650 +/- 10.980
2023-02-20 Monday 19:09:24: Episode:3 Mean Stopped= 47.313 +/- 11.924
2023-02-20 Monday 19:09:24: Episode:4 Mean Stopped= 49.037 +/- 11.896
2023-02-20 Monday 19:09:24: 1-Total Mean Stopped= 48.572 +/- 0.783
2023-02-20 Monday 19:09:24: 2-Total Mean Stopped= 48.572 +/- 11.245
2023-02-20 Monday 19:09:24: ****
2023-02-20 Monday 19:09:24: Episode:0 Mean Stopped Cross Check= 49.667 +/- 10.839
2023-02-20 Monday 19:09:24: Episode:1 Mean Stopped Cross Check= 48.262 +/- 10.512
2023-02-20 Monday 19:09:24: Episode:2 Mean Stopped Cross Check= 48.707 +/- 10.927
2023-02-20 Monday 19:09:24: Episode:3 Mean Stopped Cross Check= 47.384 +/- 11.859
2023-02-20 Monday 19:09:24: Episode:4 Mean Stopped Cross Check= 49.111 +/- 11.823
2023-02-20 Monday 19:09:24: 1-Total Mean Stopped Cross Check= 48.626 +/- 0.775
2023-02-20 Monday 19:09:24: 2-Total Mean Stopped Cross Check= 48.626 +/- 11.192
2023-02-20 Monday 19:09:24: ****
2023-02-20 Monday 19:09:24: Episode:0 Mean Waiting Time= 1628.587 +/- 1436.901
2023-02-20 Monday 19:09:24: Episode:1 Mean Waiting Time= 1508.338 +/- 1616.806
2023-02-20 Monday 19:09:24: Episode:2 Mean Waiting Time= 1473.416 +/- 1031.001
2023-02-20 Monday 19:09:24: Episode:3 Mean Waiting Time= 1467.257 +/- 1118.144
2023-02-20 Monday 19:09:24: Episode:4 Mean Waiting Time= 1510.871 +/- 984.112
2023-02-20 Monday 19:09:24: 1-Total Mean Waiting Time= 1517.694 +/- 58.199
2023-02-20 Monday 19:09:24: 2-Total Mean Waiting Time= 1517.694 +/- 1237.393
2023-02-20 Monday 19:09:24: Episode:0 Mean Avg Speed= 0.098 +/- 0.037
2023-02-20 Monday 19:09:24: Episode:1 Mean Avg Speed= 0.105 +/- 0.038
2023-02-20 Monday 19:09:24: Episode:2 Mean Avg Speed= 0.108 +/- 0.038
2023-02-20 Monday 19:09:24: Episode:3 Mean Avg Speed= 0.112 +/- 0.041
2023-02-20 Monday 19:09:24: Episode:4 Mean Avg Speed= 0.110 +/- 0.041
2023-02-20 Monday 19:09:24: 1-Total Mean Avg Speed= 0.107 +/- 0.005
2023-02-20 Monday 19:09:24: 2-Total Mean Avg Speed= 0.107 +/- 0.039
2023-02-20 Monday 19:09:24: Episode:0 Mean Avg Speed 2= 1.829 +/- 0.699
2023-02-20 Monday 19:09:24: Episode:1 Mean Avg Speed 2= 1.947 +/- 0.715
2023-02-20 Monday 19:09:24: Episode:2 Mean Avg Speed 2= 2.004 +/- 0.714
2023-02-20 Monday 19:09:24: Episode:3 Mean Avg Speed 2= 2.081 +/- 0.776
2023-02-20 Monday 19:09:24: Episode:4 Mean Avg Speed 2= 2.044 +/- 0.760
2023-02-20 Monday 19:09:24: 1-Total Mean Avg Speed 2= 1.981 +/- 0.088
2023-02-20 Monday 19:09:24: 2-Total Mean Avg Speed 2= 1.981 +/- 0.733
2023-02-20 Monday 19:09:24: Episode:0 Mean Avg Speed Cross Check= 3.008 +/- 0.831
2023-02-20 Monday 19:09:24: Episode:1 Mean Avg Speed Cross Check= 3.174 +/- 0.821
2023-02-20 Monday 19:09:24: Episode:2 Mean Avg Speed Cross Check= 3.254 +/- 0.797
2023-02-20 Monday 19:09:24: Episode:3 Mean Avg Speed Cross Check= 3.350 +/- 0.861
2023-02-20 Monday 19:09:24: Episode:4 Mean Avg Speed Cross Check= 3.304 +/- 0.830
2023-02-20 Monday 19:09:24: 1-Total Mean Avg Speed Cross Check= 3.218 +/- 0.120
2023-02-20 Monday 19:09:24: 2-Total Mean Avg Speed Cross Check= 3.218 +/- 0.828
2023-02-20 Monday 19:09:24: ****************************************
