2023-03-08 Wednesday 18:12:04: Run: 3 for Training experiment: DoE-50 - first seed: 370 - alpha: 0.5 - gamma: 0.99 - epsilon: 0.2 - reward: average-speed-2
2023-03-08 Wednesday 18:30:38: Run: 1 - First Epsilon: 0.2 - Last Epsilon: 0.2
2023-03-08 Wednesday 18:46:36: Run: 2 - First Epsilon: 0.2 - Last Epsilon: 0.2
2023-03-08 Wednesday 19:03:23: Run: 3 - First Epsilon: 0.2 - Last Epsilon: 0.2
2023-03-08 Wednesday 19:18:18: Run: 4 - First Epsilon: 0.2 - Last Epsilon: 0.2
2023-03-08 Wednesday 19:34:02: Run: 5 - First Epsilon: 0.2 - Last Epsilon: 0.2
2023-03-08 Wednesday 19:34:02: Q-Table Total Distinct States: 521
2023-03-08 Wednesday 19:34:02: Mean_reward=11826.79 +/- 1508.43
2023-03-08 Wednesday 19:34:02: Mean_Stopped=876676.40 +/- 112927.25
2023-03-08 Wednesday 19:34:02: Mean_Stopped=876888.80 +/- 112967.99
2023-03-08 Wednesday 19:34:02: Mean_waiting_time=73209650.20 +/- 46880890.44
2023-03-08 Wednesday 19:34:02: Mean_avg_speed=636.86 +/- 81.89
2023-03-08 Wednesday 19:34:02: Mean_avg_speed_2=11826.79 +/- 1508.43
2023-03-08 Wednesday 19:34:02: Mean_avg_speed_cross_check=20611.21 +/- 2407.44
2023-03-08 Wednesday 19:34:02: ****************************************
2023-03-08 Wednesday 19:34:02: Calculation 1 - Overall 
2023-03-08 Wednesday 19:34:02: ****************************************
2023-03-08 Wednesday 19:34:02: Inner X Outer Loops Mean Reward= 1.183 +/- 0.533
2023-03-08 Wednesday 19:34:02: Inner X Outer Loops Mean Stopped= 87.659 +/- 17.383
2023-03-08 Wednesday 19:34:02: Inner X Outer Loops Mean Stopped Cross Check= 87.680 +/- 17.380
2023-03-08 Wednesday 19:34:02: Inner X Outer Loops Mean Waiting Time= 7320.233 +/- 9479.136
2023-03-08 Wednesday 19:34:02: Inner X Outer Loops Mean Avg Speed= 0.064 +/- 0.028
2023-03-08 Wednesday 19:34:02: Inner X Outer Loops Mean Avg Speed 2= 1.183 +/- 0.533
2023-03-08 Wednesday 19:34:02: Inner X Outer Loops Mean Avg Speed Cross Check= 2.061 +/- 0.620
2023-03-08 Wednesday 19:34:02: ****************************************
2023-03-08 Wednesday 19:34:02: Calculation 2 - Per Episode
2023-03-08 Wednesday 19:34:02: ****************************************
2023-03-08 Wednesday 19:34:02: Episode:0 Mean Reward= 0.941 +/- 0.481
2023-03-08 Wednesday 19:34:02: Episode:1 Mean Reward= 1.203 +/- 0.519
2023-03-08 Wednesday 19:34:02: Episode:2 Mean Reward= 1.098 +/- 0.498
2023-03-08 Wednesday 19:34:02: Episode:3 Mean Reward= 1.314 +/- 0.541
2023-03-08 Wednesday 19:34:02: Episode:4 Mean Reward= 1.357 +/- 0.514
2023-03-08 Wednesday 19:34:02: 1-Total Mean Reward= 1.183 +/- 0.151
2023-03-08 Wednesday 19:34:02: 2-Total Mean Reward= 1.183 +/- 0.511
2023-03-08 Wednesday 19:34:02: ****
2023-03-08 Wednesday 19:34:02: Episode:0 Mean Stopped= 107.093 +/- 14.540
2023-03-08 Wednesday 19:34:02: Episode:1 Mean Stopped= 82.619 +/- 12.048
2023-03-08 Wednesday 19:34:02: Episode:2 Mean Stopped= 93.298 +/- 15.682
2023-03-08 Wednesday 19:34:02: Episode:3 Mean Stopped= 78.625 +/- 11.950
2023-03-08 Wednesday 19:34:02: Episode:4 Mean Stopped= 76.659 +/- 11.315
2023-03-08 Wednesday 19:34:02: 1-Total Mean Stopped= 87.659 +/- 11.292
2023-03-08 Wednesday 19:34:02: 2-Total Mean Stopped= 87.659 +/- 13.107
2023-03-08 Wednesday 19:34:02: ****
2023-03-08 Wednesday 19:34:02: Episode:0 Mean Stopped Cross Check= 107.125 +/- 14.531
2023-03-08 Wednesday 19:34:02: Episode:1 Mean Stopped Cross Check= 82.630 +/- 12.041
2023-03-08 Wednesday 19:34:02: Episode:2 Mean Stopped Cross Check= 93.317 +/- 15.679
2023-03-08 Wednesday 19:34:02: Episode:3 Mean Stopped Cross Check= 78.644 +/- 11.940
2023-03-08 Wednesday 19:34:02: Episode:4 Mean Stopped Cross Check= 76.684 +/- 11.304
2023-03-08 Wednesday 19:34:02: 1-Total Mean Stopped Cross Check= 87.680 +/- 11.296
2023-03-08 Wednesday 19:34:02: 2-Total Mean Stopped Cross Check= 87.680 +/- 13.099
2023-03-08 Wednesday 19:34:02: ****
2023-03-08 Wednesday 19:34:02: Episode:0 Mean Waiting Time= 16186.034 +/- 14754.555
2023-03-08 Wednesday 19:34:02: Episode:1 Mean Waiting Time= 6244.622 +/- 6224.392
2023-03-08 Wednesday 19:34:02: Episode:2 Mean Waiting Time= 7280.916 +/- 8153.080
2023-03-08 Wednesday 19:34:02: Episode:3 Mean Waiting Time= 3631.873 +/- 2920.935
2023-03-08 Wednesday 19:34:02: Episode:4 Mean Waiting Time= 3257.721 +/- 2820.758
2023-03-08 Wednesday 19:34:02: 1-Total Mean Waiting Time= 7320.233 +/- 4687.620
2023-03-08 Wednesday 19:34:02: 2-Total Mean Waiting Time= 7320.233 +/- 6974.744
2023-03-08 Wednesday 19:34:02: Episode:0 Mean Avg Speed= 0.051 +/- 0.025
2023-03-08 Wednesday 19:34:02: Episode:1 Mean Avg Speed= 0.065 +/- 0.027
2023-03-08 Wednesday 19:34:02: Episode:2 Mean Avg Speed= 0.059 +/- 0.027
2023-03-08 Wednesday 19:34:02: Episode:3 Mean Avg Speed= 0.071 +/- 0.029
2023-03-08 Wednesday 19:34:02: Episode:4 Mean Avg Speed= 0.073 +/- 0.027
2023-03-08 Wednesday 19:34:02: 1-Total Mean Avg Speed= 0.064 +/- 0.008
2023-03-08 Wednesday 19:34:02: 2-Total Mean Avg Speed= 0.064 +/- 0.027
2023-03-08 Wednesday 19:34:02: Episode:0 Mean Avg Speed 2= 0.941 +/- 0.481
2023-03-08 Wednesday 19:34:02: Episode:1 Mean Avg Speed 2= 1.203 +/- 0.519
2023-03-08 Wednesday 19:34:02: Episode:2 Mean Avg Speed 2= 1.098 +/- 0.498
2023-03-08 Wednesday 19:34:02: Episode:3 Mean Avg Speed 2= 1.314 +/- 0.541
2023-03-08 Wednesday 19:34:02: Episode:4 Mean Avg Speed 2= 1.357 +/- 0.514
2023-03-08 Wednesday 19:34:02: 1-Total Mean Avg Speed 2= 1.183 +/- 0.151
2023-03-08 Wednesday 19:34:02: 2-Total Mean Avg Speed 2= 1.183 +/- 0.511
2023-03-08 Wednesday 19:34:02: Episode:0 Mean Avg Speed Cross Check= 1.673 +/- 0.562
2023-03-08 Wednesday 19:34:02: Episode:1 Mean Avg Speed Cross Check= 2.094 +/- 0.578
2023-03-08 Wednesday 19:34:02: Episode:2 Mean Avg Speed Cross Check= 1.929 +/- 0.568
2023-03-08 Wednesday 19:34:02: Episode:3 Mean Avg Speed Cross Check= 2.269 +/- 0.590
2023-03-08 Wednesday 19:34:02: Episode:4 Mean Avg Speed Cross Check= 2.340 +/- 0.558
2023-03-08 Wednesday 19:34:02: 1-Total Mean Avg Speed Cross Check= 2.061 +/- 0.241
2023-03-08 Wednesday 19:34:02: 2-Total Mean Avg Speed Cross Check= 2.061 +/- 0.571
2023-03-08 Wednesday 19:34:02: ****************************************
