2023-02-25 Saturday 19:29:42: Run: 1 for Training experiment: DoE-10 - first seed: 170 - alpha: 0.1 - gamma: 0.9 - epsilon: 0.3 - reward: average-speed-2
2023-02-25 Saturday 19:48:13: Run: 1 - First Epsilon: 0.3 - Last Epsilon: 0.3
2023-02-25 Saturday 20:06:39: Run: 2 - First Epsilon: 0.3 - Last Epsilon: 0.3
2023-02-25 Saturday 20:23:52: Run: 3 - First Epsilon: 0.3 - Last Epsilon: 0.3
2023-02-25 Saturday 20:41:29: Run: 4 - First Epsilon: 0.3 - Last Epsilon: 0.3
2023-02-25 Saturday 20:59:10: Run: 5 - First Epsilon: 0.3 - Last Epsilon: 0.3
2023-02-25 Saturday 20:59:10: Q-Table Total Distinct States: 637
2023-02-25 Saturday 20:59:10: Mean_reward=11550.60 +/- 640.76
2023-02-25 Saturday 20:59:10: Mean_Stopped=924624.40 +/- 34396.28
2023-02-25 Saturday 20:59:10: Mean_Stopped=924794.80 +/- 34403.34
2023-02-25 Saturday 20:59:10: Mean_waiting_time=42253693.80 +/- 6967324.96
2023-02-25 Saturday 20:59:10: Mean_avg_speed=621.88 +/- 34.89
2023-02-25 Saturday 20:59:10: Mean_avg_speed_2=11550.60 +/- 640.76
2023-02-25 Saturday 20:59:10: Mean_avg_speed_cross_check=20153.10 +/- 1023.27
2023-02-25 Saturday 20:59:10: ****************************************
2023-02-25 Saturday 20:59:10: Calculation 1 - Overall 
2023-02-25 Saturday 20:59:10: ****************************************
2023-02-25 Saturday 20:59:10: Inner X Outer Loops Mean Reward= 1.155 +/- 0.555
2023-02-25 Saturday 20:59:10: Inner X Outer Loops Mean Stopped= 92.453 +/- 14.299
2023-02-25 Saturday 20:59:10: Inner X Outer Loops Mean Stopped Cross Check= 92.470 +/- 14.293
2023-02-25 Saturday 20:59:10: Inner X Outer Loops Mean Waiting Time= 4224.947 +/- 3791.869
2023-02-25 Saturday 20:59:10: Inner X Outer Loops Mean Avg Speed= 0.062 +/- 0.029
2023-02-25 Saturday 20:59:10: Inner X Outer Loops Mean Avg Speed 2= 1.155 +/- 0.555
2023-02-25 Saturday 20:59:10: Inner X Outer Loops Mean Avg Speed Cross Check= 2.015 +/- 0.630
2023-02-25 Saturday 20:59:10: ****************************************
2023-02-25 Saturday 20:59:10: Calculation 2 - Per Episode
2023-02-25 Saturday 20:59:10: ****************************************
2023-02-25 Saturday 20:59:10: Episode:0 Mean Reward= 1.048 +/- 0.502
2023-02-25 Saturday 20:59:10: Episode:1 Mean Reward= 1.133 +/- 0.598
2023-02-25 Saturday 20:59:10: Episode:2 Mean Reward= 1.154 +/- 0.556
2023-02-25 Saturday 20:59:10: Episode:3 Mean Reward= 1.229 +/- 0.575
2023-02-25 Saturday 20:59:10: Episode:4 Mean Reward= 1.210 +/- 0.521
2023-02-25 Saturday 20:59:10: 1-Total Mean Reward= 1.155 +/- 0.064
2023-02-25 Saturday 20:59:10: 2-Total Mean Reward= 1.155 +/- 0.550
2023-02-25 Saturday 20:59:10: ****
2023-02-25 Saturday 20:59:10: Episode:0 Mean Stopped= 96.782 +/- 12.458
2023-02-25 Saturday 20:59:10: Episode:1 Mean Stopped= 95.258 +/- 16.236
2023-02-25 Saturday 20:59:10: Episode:2 Mean Stopped= 93.293 +/- 13.537
2023-02-25 Saturday 20:59:10: Episode:3 Mean Stopped= 88.313 +/- 14.568
2023-02-25 Saturday 20:59:10: Episode:4 Mean Stopped= 88.620 +/- 12.200
2023-02-25 Saturday 20:59:10: 1-Total Mean Stopped= 92.453 +/- 3.439
2023-02-25 Saturday 20:59:10: 2-Total Mean Stopped= 92.453 +/- 13.800
2023-02-25 Saturday 20:59:10: ****
2023-02-25 Saturday 20:59:10: Episode:0 Mean Stopped Cross Check= 96.795 +/- 12.452
2023-02-25 Saturday 20:59:10: Episode:1 Mean Stopped Cross Check= 95.279 +/- 16.232
2023-02-25 Saturday 20:59:10: Episode:2 Mean Stopped Cross Check= 93.315 +/- 13.531
2023-02-25 Saturday 20:59:10: Episode:3 Mean Stopped Cross Check= 88.327 +/- 14.560
2023-02-25 Saturday 20:59:10: Episode:4 Mean Stopped Cross Check= 88.636 +/- 12.193
2023-02-25 Saturday 20:59:10: 1-Total Mean Stopped Cross Check= 92.470 +/- 3.440
2023-02-25 Saturday 20:59:10: 2-Total Mean Stopped Cross Check= 92.470 +/- 13.794
2023-02-25 Saturday 20:59:10: ****
2023-02-25 Saturday 20:59:10: Episode:0 Mean Waiting Time= 5100.483 +/- 4668.085
2023-02-25 Saturday 20:59:10: Episode:1 Mean Waiting Time= 4759.545 +/- 4247.894
2023-02-25 Saturday 20:59:10: Episode:2 Mean Waiting Time= 4428.941 +/- 4293.787
2023-02-25 Saturday 20:59:10: Episode:3 Mean Waiting Time= 3540.397 +/- 2612.879
2023-02-25 Saturday 20:59:10: Episode:4 Mean Waiting Time= 3295.369 +/- 2089.329
2023-02-25 Saturday 20:59:10: 1-Total Mean Waiting Time= 4224.947 +/- 696.663
2023-02-25 Saturday 20:59:10: 2-Total Mean Waiting Time= 4224.947 +/- 3582.395
2023-02-25 Saturday 20:59:10: Episode:0 Mean Avg Speed= 0.056 +/- 0.026
2023-02-25 Saturday 20:59:10: Episode:1 Mean Avg Speed= 0.061 +/- 0.031
2023-02-25 Saturday 20:59:10: Episode:2 Mean Avg Speed= 0.062 +/- 0.030
2023-02-25 Saturday 20:59:10: Episode:3 Mean Avg Speed= 0.066 +/- 0.031
2023-02-25 Saturday 20:59:10: Episode:4 Mean Avg Speed= 0.065 +/- 0.028
2023-02-25 Saturday 20:59:10: 1-Total Mean Avg Speed= 0.062 +/- 0.003
2023-02-25 Saturday 20:59:10: 2-Total Mean Avg Speed= 0.062 +/- 0.029
2023-02-25 Saturday 20:59:10: Episode:0 Mean Avg Speed 2= 1.048 +/- 0.502
2023-02-25 Saturday 20:59:10: Episode:1 Mean Avg Speed 2= 1.133 +/- 0.598
2023-02-25 Saturday 20:59:10: Episode:2 Mean Avg Speed 2= 1.154 +/- 0.556
2023-02-25 Saturday 20:59:10: Episode:3 Mean Avg Speed 2= 1.229 +/- 0.575
2023-02-25 Saturday 20:59:10: Episode:4 Mean Avg Speed 2= 1.210 +/- 0.521
2023-02-25 Saturday 20:59:10: 1-Total Mean Avg Speed 2= 1.155 +/- 0.064
2023-02-25 Saturday 20:59:10: 2-Total Mean Avg Speed 2= 1.155 +/- 0.550
2023-02-25 Saturday 20:59:10: Episode:0 Mean Avg Speed Cross Check= 1.847 +/- 0.555
2023-02-25 Saturday 20:59:10: Episode:1 Mean Avg Speed Cross Check= 1.974 +/- 0.692
2023-02-25 Saturday 20:59:10: Episode:2 Mean Avg Speed Cross Check= 2.013 +/- 0.610
2023-02-25 Saturday 20:59:10: Episode:3 Mean Avg Speed Cross Check= 2.132 +/- 0.671
2023-02-25 Saturday 20:59:10: Episode:4 Mean Avg Speed Cross Check= 2.109 +/- 0.572
2023-02-25 Saturday 20:59:10: 1-Total Mean Avg Speed Cross Check= 2.015 +/- 0.102
2023-02-25 Saturday 20:59:10: 2-Total Mean Avg Speed Cross Check= 2.015 +/- 0.620
2023-02-25 Saturday 20:59:10: ****************************************
