2023-03-02 Thursday 15:25:46: Run: 1 for Training experiment: DoE-51 - first seed: 170 - alpha: 0.5 - gamma: 0.99 - epsilon: 0.3 - reward: diff-waiting-time
2023-03-02 Thursday 15:31:31: Run: 1 - First Epsilon: 0.3 - Last Epsilon: 0.3
2023-03-02 Thursday 15:36:47: Run: 2 - First Epsilon: 0.3 - Last Epsilon: 0.3
2023-03-02 Thursday 15:42:33: Run: 3 - First Epsilon: 0.3 - Last Epsilon: 0.3
2023-03-02 Thursday 15:47:52: Run: 4 - First Epsilon: 0.3 - Last Epsilon: 0.3
2023-03-02 Thursday 15:53:16: Run: 5 - First Epsilon: 0.3 - Last Epsilon: 0.3
2023-03-02 Thursday 15:53:16: Q-Table Total Distinct States: 323
2023-03-02 Thursday 15:53:16: Mean_reward=-1.39 +/- 1.52
2023-03-02 Thursday 15:53:16: Mean_Stopped=84135.80 +/- 2827.57
2023-03-02 Thursday 15:53:16: Mean_Stopped=84304.00 +/- 2837.31
2023-03-02 Thursday 15:53:16: Mean_waiting_time=2199609.20 +/- 125268.38
2023-03-02 Thursday 15:53:16: Mean_avg_speed=3422.80 +/- 53.97
2023-03-02 Thursday 15:53:16: Mean_avg_speed_2=63592.83 +/- 995.46
2023-03-02 Thursday 15:53:16: Mean_avg_speed_cross_check=76284.52 +/- 747.60
2023-03-02 Thursday 15:53:16: ****************************************
2023-03-02 Thursday 15:53:16: Calculation 1 - Overall 
2023-03-02 Thursday 15:53:16: ****************************************
2023-03-02 Thursday 15:53:16: Inner X Outer Loops Mean Reward= -0.000 +/- 0.901
2023-03-02 Thursday 15:53:16: Inner X Outer Loops Mean Stopped= 8.413 +/- 2.944
2023-03-02 Thursday 15:53:16: Inner X Outer Loops Mean Stopped Cross Check= 8.430 +/- 2.945
2023-03-02 Thursday 15:53:16: Inner X Outer Loops Mean Waiting Time= 219.939 +/- 214.972
2023-03-02 Thursday 15:53:16: Inner X Outer Loops Mean Avg Speed= 0.342 +/- 0.061
2023-03-02 Thursday 15:53:16: Inner X Outer Loops Mean Avg Speed 2= 6.359 +/- 1.119
2023-03-02 Thursday 15:53:16: Inner X Outer Loops Mean Avg Speed Cross Check= 7.628 +/- 0.843
2023-03-02 Thursday 15:53:16: ****************************************
2023-03-02 Thursday 15:53:16: Calculation 2 - Per Episode
2023-03-02 Thursday 15:53:16: ****************************************
2023-03-02 Thursday 15:53:16: Episode:0 Mean Reward= -0.000 +/- 0.952
2023-03-02 Thursday 15:53:16: Episode:1 Mean Reward= -0.000 +/- 0.902
2023-03-02 Thursday 15:53:16: Episode:2 Mean Reward= -0.000 +/- 0.894
2023-03-02 Thursday 15:53:16: Episode:3 Mean Reward= -0.000 +/- 0.862
2023-03-02 Thursday 15:53:16: Episode:4 Mean Reward= -0.000 +/- 0.891
2023-03-02 Thursday 15:53:16: 1-Total Mean Reward= -0.000 +/- 0.000
2023-03-02 Thursday 15:53:16: 2-Total Mean Reward= -0.000 +/- 0.900
2023-03-02 Thursday 15:53:16: ****
2023-03-02 Thursday 15:53:16: Episode:0 Mean Stopped= 8.592 +/- 3.648
2023-03-02 Thursday 15:53:16: Episode:1 Mean Stopped= 8.059 +/- 2.646
2023-03-02 Thursday 15:53:16: Episode:2 Mean Stopped= 8.689 +/- 2.784
2023-03-02 Thursday 15:53:16: Episode:3 Mean Stopped= 8.079 +/- 2.591
2023-03-02 Thursday 15:53:16: Episode:4 Mean Stopped= 8.645 +/- 2.858
2023-03-02 Thursday 15:53:16: 1-Total Mean Stopped= 8.413 +/- 0.283
2023-03-02 Thursday 15:53:16: 2-Total Mean Stopped= 8.413 +/- 2.905
2023-03-02 Thursday 15:53:16: ****
2023-03-02 Thursday 15:53:16: Episode:0 Mean Stopped Cross Check= 8.607 +/- 3.649
2023-03-02 Thursday 15:53:16: Episode:1 Mean Stopped Cross Check= 8.075 +/- 2.646
2023-03-02 Thursday 15:53:16: Episode:2 Mean Stopped Cross Check= 8.706 +/- 2.787
2023-03-02 Thursday 15:53:16: Episode:3 Mean Stopped Cross Check= 8.094 +/- 2.589
2023-03-02 Thursday 15:53:16: Episode:4 Mean Stopped Cross Check= 8.666 +/- 2.858
2023-03-02 Thursday 15:53:16: 1-Total Mean Stopped Cross Check= 8.430 +/- 0.284
2023-03-02 Thursday 15:53:16: 2-Total Mean Stopped Cross Check= 8.430 +/- 2.906
2023-03-02 Thursday 15:53:16: ****
2023-03-02 Thursday 15:53:16: Episode:0 Mean Waiting Time= 241.374 +/- 302.849
2023-03-02 Thursday 15:53:16: Episode:1 Mean Waiting Time= 217.898 +/- 203.799
2023-03-02 Thursday 15:53:16: Episode:2 Mean Waiting Time= 218.836 +/- 184.155
2023-03-02 Thursday 15:53:16: Episode:3 Mean Waiting Time= 202.066 +/- 171.632
2023-03-02 Thursday 15:53:16: Episode:4 Mean Waiting Time= 219.520 +/- 183.461
2023-03-02 Thursday 15:53:16: 1-Total Mean Waiting Time= 219.939 +/- 12.526
2023-03-02 Thursday 15:53:16: 2-Total Mean Waiting Time= 219.939 +/- 209.179
2023-03-02 Thursday 15:53:16: Episode:0 Mean Avg Speed= 0.342 +/- 0.067
2023-03-02 Thursday 15:53:16: Episode:1 Mean Avg Speed= 0.349 +/- 0.060
2023-03-02 Thursday 15:53:16: Episode:2 Mean Avg Speed= 0.336 +/- 0.060
2023-03-02 Thursday 15:53:16: Episode:3 Mean Avg Speed= 0.348 +/- 0.059
2023-03-02 Thursday 15:53:16: Episode:4 Mean Avg Speed= 0.337 +/- 0.060
2023-03-02 Thursday 15:53:16: 1-Total Mean Avg Speed= 0.342 +/- 0.005
2023-03-02 Thursday 15:53:16: 2-Total Mean Avg Speed= 0.342 +/- 0.061
2023-03-02 Thursday 15:53:16: Episode:0 Mean Avg Speed 2= 6.362 +/- 1.220
2023-03-02 Thursday 15:53:16: Episode:1 Mean Avg Speed 2= 6.480 +/- 1.094
2023-03-02 Thursday 15:53:16: Episode:2 Mean Avg Speed 2= 6.237 +/- 1.088
2023-03-02 Thursday 15:53:16: Episode:3 Mean Avg Speed 2= 6.457 +/- 1.079
2023-03-02 Thursday 15:53:16: Episode:4 Mean Avg Speed 2= 6.257 +/- 1.087
2023-03-02 Thursday 15:53:16: 1-Total Mean Avg Speed 2= 6.359 +/- 0.100
2023-03-02 Thursday 15:53:16: 2-Total Mean Avg Speed 2= 6.359 +/- 1.114
2023-03-02 Thursday 15:53:16: Episode:0 Mean Avg Speed Cross Check= 7.619 +/- 0.932
2023-03-02 Thursday 15:53:16: Episode:1 Mean Avg Speed Cross Check= 7.726 +/- 0.806
2023-03-02 Thursday 15:53:16: Episode:2 Mean Avg Speed Cross Check= 7.543 +/- 0.821
2023-03-02 Thursday 15:53:16: Episode:3 Mean Avg Speed Cross Check= 7.699 +/- 0.804
2023-03-02 Thursday 15:53:16: Episode:4 Mean Avg Speed Cross Check= 7.551 +/- 0.828
2023-03-02 Thursday 15:53:16: 1-Total Mean Avg Speed Cross Check= 7.628 +/- 0.075
2023-03-02 Thursday 15:53:16: 2-Total Mean Avg Speed Cross Check= 7.628 +/- 0.838
2023-03-02 Thursday 15:53:16: ****************************************
