2023-05-21 Sunday 16:48:46 root:INFO:Run: 4 for Baseline experiment: DE-Enhanced-S2-2 - route: ../nets/roundabout/input_routes_roundabout_auto_v1-2.rou.xml - first seed: 480 - alpha: 0.5 - gamma: 0.99 - epsilon: 0.2 - reward: diff-waiting-time
2023-05-21 Sunday 16:55:30 root:INFO:Total Missing States: 0
2023-05-21 Sunday 16:55:30 root:INFO:Mean Reward=-50600.00 +/- 0.00
2023-05-21 Sunday 16:55:30 root:INFO:Mean Stopped=50600.00 +/- 0.00
2023-05-21 Sunday 16:55:30 root:INFO:Mean_Stopped=50648.00 +/- 0.00
2023-05-21 Sunday 16:55:30 root:INFO:Mean Waiting Time=716381.00 +/- 0.00
2023-05-21 Sunday 16:55:30 root:INFO:Mean_avg_speed=3727.65 +/- 0.00
2023-05-21 Sunday 16:55:30 root:INFO:Mean_avg_speed_2=69459.47 +/- 0.00
2023-05-21 Sunday 16:55:30 root:INFO:Mean_avg_speed_cross_check=80867.03 +/- 0.00
2023-05-21 Sunday 16:55:30 root:INFO:Mean_average_co2_emission_tl=31384716.99 +/- 0.00
2023-05-21 Sunday 16:55:30 root:INFO:Mean_average_co_emission_tl=950014.84 +/- 0.00
2023-05-21 Sunday 16:55:30 root:INFO:Mean_average_fuel_consumption_tl=13491.30 +/- 0.00
2023-05-21 Sunday 16:55:30 root:INFO:Mean_average_noise_emission_tl=607663.87 +/- 0.00
2023-05-21 Sunday 16:55:30 root:INFO:Mean_average_co2_emission=26024887.11 +/- 0.00
2023-05-21 Sunday 16:55:30 root:INFO:Mean_average_co_emission=659412.28 +/- 0.00
2023-05-21 Sunday 16:55:30 root:INFO:Mean_average_fuel_consumptions=11187.27 +/- 0.00
2023-05-21 Sunday 16:55:30 root:INFO:Mean_average_noise_emissions=613711.20 +/- 0.00
2023-05-21 Sunday 16:55:30 root:INFO:****************************************
2023-05-21 Sunday 16:55:30 root:INFO:Calculation 1 - Overall 
2023-05-21 Sunday 16:55:30 root:INFO:****************************************
2023-05-21 Sunday 16:55:30 root:INFO:Inner X Outer Loops Mean Reward=-5.059 +/- 1.237
2023-05-21 Sunday 16:55:30 root:INFO:Inner X Outer Loops Mean Stopped= 5.059 +/- 1.237
2023-05-21 Sunday 16:55:30 root:INFO:Inner X Outer Loops Mean Stopped Cross Check= 5.064 +/- 1.237
2023-05-21 Sunday 16:55:30 root:INFO:Inner X Outer Loops Mean Waiting Time= 71.631 +/- 40.119
2023-05-21 Sunday 16:55:30 root:INFO:Inner X Outer Loops Mean Avg Speed= 0.373 +/- 0.065
2023-05-21 Sunday 16:55:30 root:INFO:Inner X Outer Loops Mean Avg Speed 2= 6.945 +/- 1.188
2023-05-21 Sunday 16:55:30 root:INFO:Inner X Outer Loops Mean Avg Speed Cross Check= 8.086 +/- 0.717
2023-05-21 Sunday 16:55:30 root:INFO:Inner X Outer Loops Mean Average CO2 Emission TL= 3138.158 +/- 289.695
2023-05-21 Sunday 16:55:30 root:INFO:Inner X Outer Loops Mean Average CO Emission TL= 94.992 +/- 11.190
2023-05-21 Sunday 16:55:30 root:INFO:Inner X Outer Loops Mean Average Fuel Consumption TL= 1.349 +/- 0.125
2023-05-21 Sunday 16:55:30 root:INFO:Inner X Outer Loops Mean Average Noise Emission TL= 60.760 +/- 1.131
2023-05-21 Sunday 16:55:30 root:INFO:Inner X Outer Loops Mean Average CO2 Emission= 2602.228 +/- 253.001
2023-05-21 Sunday 16:55:30 root:INFO:Inner X Outer Loops Mean Average CO Emission= 65.935 +/- 6.624
2023-05-21 Sunday 16:55:30 root:INFO:Inner X Outer Loops Mean Average Fuel Consumptions= 1.119 +/- 0.109
2023-05-21 Sunday 16:55:30 root:INFO:Inner X Outer Loops Mean Average Noise Emissions= 61.365 +/- 0.668
2023-05-21 Sunday 16:55:30 root:INFO:****************************************
2023-05-21 Sunday 16:55:30 root:INFO:Calculation 2 - Per Episode
2023-05-21 Sunday 16:55:30 root:INFO:****************************************
2023-05-21 Sunday 16:55:30 root:INFO:Episode:0 Mean Waiting Time=-5.059 +/- 1.237
2023-05-21 Sunday 16:55:30 root:INFO:1-Total Mean Reward= -5.059 +/- 0.000
2023-05-21 Sunday 16:55:30 root:INFO:2-Total Mean Reward= -5.059 +/- 1.237
2023-05-21 Sunday 16:55:30 root:INFO:****
2023-05-21 Sunday 16:55:30 root:INFO:Episode:0 Mean Stopped= 5.059 +/- 1.237
2023-05-21 Sunday 16:55:30 root:INFO:1-Total Mean Stopped= 5.059 +/- 0.000
2023-05-21 Sunday 16:55:30 root:INFO:2-Total Mean Stopped= 5.059 +/- 1.237
2023-05-21 Sunday 16:55:30 root:INFO:****
2023-05-21 Sunday 16:55:30 root:INFO:Episode:0 Mean Stopped Cross Check= 5.064 +/- 1.237
2023-05-21 Sunday 16:55:30 root:INFO:1-Total Mean Stopped Cross Check= 5.064 +/- 0.000
2023-05-21 Sunday 16:55:30 root:INFO:2-Total Mean Stopped Cross Check= 5.064 +/- 1.237
2023-05-21 Sunday 16:55:30 root:INFO:****
2023-05-21 Sunday 16:55:30 root:INFO:Episode:0 Mean Waiting Time= 71.631 +/- 40.119
2023-05-21 Sunday 16:55:30 root:INFO:1-Total Mean Waiting Time= 71.631 +/- 0.000
2023-05-21 Sunday 16:55:30 root:INFO:2-Total Mean Waiting Time= 71.631 +/- 40.119
2023-05-21 Sunday 16:55:30 root:INFO:Episode:0 Mean Avg Speed= 0.373 +/- 0.065
2023-05-21 Sunday 16:55:30 root:INFO:1-Total Mean Avg Speed= 0.373 +/- 0.000
2023-05-21 Sunday 16:55:30 root:INFO:2-Total Mean Avg Speed= 0.373 +/- 0.065
2023-05-21 Sunday 16:55:30 root:INFO:Episode:0 Mean Avg Speed 2= 6.945 +/- 1.188
2023-05-21 Sunday 16:55:30 root:INFO:1-Total Mean Avg Speed 2= 6.945 +/- 0.000
2023-05-21 Sunday 16:55:30 root:INFO:2-Total Mean Avg Speed 2= 6.945 +/- 1.188
2023-05-21 Sunday 16:55:30 root:INFO:Episode:0 Mean Avg Speed Cross Check= 8.086 +/- 0.717
2023-05-21 Sunday 16:55:30 root:INFO:1-Total Mean Avg Speed Cross Check= 8.086 +/- 0.000
2023-05-21 Sunday 16:55:30 root:INFO:2-Total Mean Avg Speed Cross Check= 8.086 +/- 0.717
2023-05-21 Sunday 16:55:30 root:INFO:Episode:0 Mean Average CO2 Emission TL= 3138.158 +/- 289.695
2023-05-21 Sunday 16:55:30 root:INFO:1-Total Mean Average CO2 Emission TL= 3138.158 +/- 0.000
2023-05-21 Sunday 16:55:30 root:INFO:2-Total Mean Average CO2 Emission TL= 3138.158 +/- 289.695
2023-05-21 Sunday 16:55:30 root:INFO:Episode:0 Mean Average CO Emission TL= 94.992 +/- 11.190
2023-05-21 Sunday 16:55:30 root:INFO:1-Total Mean Average CO Emission TL= 94.992 +/- 0.000
2023-05-21 Sunday 16:55:30 root:INFO:2-Total Mean Average CO Emission TL= 94.992 +/- 11.190
2023-05-21 Sunday 16:55:30 root:INFO:Episode:0 Mean Average Fuel Consumption TL= 1.349 +/- 0.125
2023-05-21 Sunday 16:55:30 root:INFO:1-Total Mean Average Fuel Consumption TL= 1.349 +/- 0.000
2023-05-21 Sunday 16:55:30 root:INFO:2-Total Mean Average Fuel Consumption TL= 1.349 +/- 0.125
2023-05-21 Sunday 16:55:30 root:INFO:Episode:0 Mean Average Noise Emission TL= 60.760 +/- 1.131
2023-05-21 Sunday 16:55:30 root:INFO:1-Total Mean Average Noise Emission TL= 60.760 +/- 0.000
2023-05-21 Sunday 16:55:30 root:INFO:2-Total Mean Average Noise Emission TL= 60.760 +/- 1.131
2023-05-21 Sunday 16:55:30 root:INFO:Episode:0 Mean Average CO2 Emission= 2602.228 +/- 253.001
2023-05-21 Sunday 16:55:30 root:INFO:1-Total Mean Average CO2 Emission= 2602.228 +/- 0.000
2023-05-21 Sunday 16:55:30 root:INFO:2-Total Mean Average CO2 Emission= 2602.228 +/- 253.001
2023-05-21 Sunday 16:55:30 root:INFO:Episode:0 Mean Average CO Emission= 65.935 +/- 6.624
2023-05-21 Sunday 16:55:30 root:INFO:1-Total Mean Average CO Emission= 65.935 +/- 0.000
2023-05-21 Sunday 16:55:30 root:INFO:2-Total Mean Average CO Emission= 65.935 +/- 6.624
2023-05-21 Sunday 16:55:30 root:INFO:Episode:0 Mean Average Fuel Consumption= 1.119 +/- 0.109
2023-05-21 Sunday 16:55:30 root:INFO:1-Total Mean Average Fuel Consumption= 1.119 +/- 0.000
2023-05-21 Sunday 16:55:30 root:INFO:2-Total Mean Average Fuel Consumption= 1.119 +/- 0.109
2023-05-21 Sunday 16:55:30 root:INFO:Episode:0 Mean Average Noise Emission= 61.365 +/- 0.668
2023-05-21 Sunday 16:55:30 root:INFO:1-Total Mean Average Noise Emission= 61.365 +/- 0.000
2023-05-21 Sunday 16:55:30 root:INFO:2-Total Mean Average Noise Emission= 61.365 +/- 0.668
2023-05-21 Sunday 16:55:30 root:INFO:****************************************
