2023-04-12 Wednesday 07:32:35: Run: 5 for Training experiment: DE-1 - route: ../nets/roundabout/input_routes_roundabout_auto_v1-1.rou.xml - first seed: 570 - alpha: 0.5 - gamma: 0.99 - epsilon: 0.2 - reward: diff-waiting-time
2023-04-12 Wednesday 07:42:27: Run: 1 - First Epsilon: 0.2 - Last Epsilon: 0.2
2023-04-12 Wednesday 07:51:46: Run: 2 - First Epsilon: 0.2 - Last Epsilon: 0.2
2023-04-12 Wednesday 08:00:45: Run: 3 - First Epsilon: 0.2 - Last Epsilon: 0.2
2023-04-12 Wednesday 08:11:42: Run: 4 - First Epsilon: 0.2 - Last Epsilon: 0.2
2023-04-12 Wednesday 08:21:00: Run: 5 - First Epsilon: 0.2 - Last Epsilon: 0.2
2023-04-12 Wednesday 08:21:01: Q-Table Total Distinct States: 523
2023-04-12 Wednesday 08:21:01: Mean_reward=-1.02 +/- 0.48
2023-04-12 Wednesday 08:21:01: Mean_Stopped=85194.60 +/- 28084.69
2023-04-12 Wednesday 08:21:01: Mean_Stopped=85323.00 +/- 28096.31
2023-04-12 Wednesday 08:21:01: Mean_waiting_time=2351987.40 +/- 1202985.32
2023-04-12 Wednesday 08:21:01: Mean_avg_speed=3584.95 +/- 181.43
2023-04-12 Wednesday 08:21:01: Mean_avg_speed_2=66596.16 +/- 3412.95
2023-04-12 Wednesday 08:21:01: Mean_avg_speed_cross_check=78140.20 +/- 3249.53
2023-04-12 Wednesday 08:21:01: ****************************************
2023-04-12 Wednesday 08:21:01: Calculation 1 - Overall 
2023-04-12 Wednesday 08:21:01: ****************************************
2023-04-12 Wednesday 08:21:01: Inner X Outer Loops Mean Reward= -0.000 +/- 0.912
2023-04-12 Wednesday 08:21:01: Inner X Outer Loops Mean Stopped= 8.519 +/- 8.153
2023-04-12 Wednesday 08:21:01: Inner X Outer Loops Mean Stopped Cross Check= 8.531 +/- 8.156
2023-04-12 Wednesday 08:21:01: Inner X Outer Loops Mean Waiting Time= 235.175 +/- 449.205
2023-04-12 Wednesday 08:21:01: Inner X Outer Loops Mean Avg Speed= 0.358 +/- 0.074
2023-04-12 Wednesday 08:21:01: Inner X Outer Loops Mean Avg Speed 2= 6.659 +/- 1.357
2023-04-12 Wednesday 08:21:01: Inner X Outer Loops Mean Avg Speed Cross Check= 7.813 +/- 1.118
2023-04-12 Wednesday 08:21:01: ****************************************
2023-04-12 Wednesday 08:21:01: Calculation 2 - Per Episode
2023-04-12 Wednesday 08:21:01: ****************************************
2023-04-12 Wednesday 08:21:01: Episode:0 Mean Reward= -0.000 +/- 0.833
2023-04-12 Wednesday 08:21:01: Episode:1 Mean Reward= -0.000 +/- 0.817
2023-04-12 Wednesday 08:21:01: Episode:2 Mean Reward= -0.000 +/- 0.823
2023-04-12 Wednesday 08:21:01: Episode:3 Mean Reward= -0.000 +/- 1.248
2023-04-12 Wednesday 08:21:01: Episode:4 Mean Reward= -0.000 +/- 0.747
2023-04-12 Wednesday 08:21:01: 1-Total Mean Reward= -0.000 +/- 0.000
2023-04-12 Wednesday 08:21:01: 2-Total Mean Reward= -0.000 +/- 0.894
2023-04-12 Wednesday 08:21:01: ****
2023-04-12 Wednesday 08:21:01: Episode:0 Mean Stopped= 7.257 +/- 2.334
2023-04-12 Wednesday 08:21:01: Episode:1 Mean Stopped= 7.021 +/- 2.154
2023-04-12 Wednesday 08:21:01: Episode:2 Mean Stopped= 7.284 +/- 2.264
2023-04-12 Wednesday 08:21:01: Episode:3 Mean Stopped= 14.128 +/- 16.540
2023-04-12 Wednesday 08:21:01: Episode:4 Mean Stopped= 6.903 +/- 2.044
2023-04-12 Wednesday 08:21:01: 1-Total Mean Stopped= 8.519 +/- 2.808
2023-04-12 Wednesday 08:21:01: 2-Total Mean Stopped= 8.519 +/- 5.067
2023-04-12 Wednesday 08:21:01: ****
2023-04-12 Wednesday 08:21:01: Episode:0 Mean Stopped Cross Check= 7.270 +/- 2.334
2023-04-12 Wednesday 08:21:01: Episode:1 Mean Stopped Cross Check= 7.035 +/- 2.157
2023-04-12 Wednesday 08:21:01: Episode:2 Mean Stopped Cross Check= 7.294 +/- 2.264
2023-04-12 Wednesday 08:21:01: Episode:3 Mean Stopped Cross Check= 14.143 +/- 16.544
2023-04-12 Wednesday 08:21:01: Episode:4 Mean Stopped Cross Check= 6.915 +/- 2.046
2023-04-12 Wednesday 08:21:01: 1-Total Mean Stopped Cross Check= 8.531 +/- 2.809
2023-04-12 Wednesday 08:21:01: 2-Total Mean Stopped Cross Check= 8.531 +/- 5.069
2023-04-12 Wednesday 08:21:01: ****
2023-04-12 Wednesday 08:21:01: Episode:0 Mean Waiting Time= 185.926 +/- 213.349
2023-04-12 Wednesday 08:21:01: Episode:1 Mean Waiting Time= 180.190 +/- 188.784
2023-04-12 Wednesday 08:21:01: Episode:2 Mean Waiting Time= 181.665 +/- 190.975
2023-04-12 Wednesday 08:21:01: Episode:3 Mean Waiting Time= 474.656 +/- 891.051
2023-04-12 Wednesday 08:21:01: Episode:4 Mean Waiting Time= 153.439 +/- 158.053
2023-04-12 Wednesday 08:21:01: 1-Total Mean Waiting Time= 235.175 +/- 120.287
2023-04-12 Wednesday 08:21:01: 2-Total Mean Waiting Time= 235.175 +/- 328.443
2023-04-12 Wednesday 08:21:01: Episode:0 Mean Avg Speed= 0.365 +/- 0.060
2023-04-12 Wednesday 08:21:01: Episode:1 Mean Avg Speed= 0.369 +/- 0.059
2023-04-12 Wednesday 08:21:01: Episode:2 Mean Avg Speed= 0.364 +/- 0.058
2023-04-12 Wednesday 08:21:01: Episode:3 Mean Avg Speed= 0.323 +/- 0.110
2023-04-12 Wednesday 08:21:01: Episode:4 Mean Avg Speed= 0.371 +/- 0.058
2023-04-12 Wednesday 08:21:01: 1-Total Mean Avg Speed= 0.358 +/- 0.018
2023-04-12 Wednesday 08:21:01: 2-Total Mean Avg Speed= 0.358 +/- 0.069
2023-04-12 Wednesday 08:21:01: Episode:0 Mean Avg Speed 2= 6.782 +/- 1.085
2023-04-12 Wednesday 08:21:01: Episode:1 Mean Avg Speed 2= 6.869 +/- 1.075
2023-04-12 Wednesday 08:21:01: Episode:2 Mean Avg Speed 2= 6.756 +/- 1.058
2023-04-12 Wednesday 08:21:01: Episode:3 Mean Avg Speed 2= 5.985 +/- 2.021
2023-04-12 Wednesday 08:21:01: Episode:4 Mean Avg Speed 2= 6.902 +/- 1.046
2023-04-12 Wednesday 08:21:01: 1-Total Mean Avg Speed 2= 6.659 +/- 0.341
2023-04-12 Wednesday 08:21:01: 2-Total Mean Avg Speed 2= 6.659 +/- 1.257
2023-04-12 Wednesday 08:21:01: Episode:0 Mean Avg Speed Cross Check= 7.938 +/- 0.771
2023-04-12 Wednesday 08:21:01: Episode:1 Mean Avg Speed Cross Check= 8.000 +/- 0.753
2023-04-12 Wednesday 08:21:01: Episode:2 Mean Avg Speed Cross Check= 7.924 +/- 0.752
2023-04-12 Wednesday 08:21:01: Episode:3 Mean Avg Speed Cross Check= 7.168 +/- 1.861
2023-04-12 Wednesday 08:21:01: Episode:4 Mean Avg Speed Cross Check= 8.035 +/- 0.729
2023-04-12 Wednesday 08:21:01: 1-Total Mean Avg Speed Cross Check= 7.813 +/- 0.325
2023-04-12 Wednesday 08:21:01: 2-Total Mean Avg Speed Cross Check= 7.813 +/- 0.973
2023-04-12 Wednesday 08:21:01: ****************************************
