2023-03-07 Tuesday 14:11:12: Run: 3 for Training experiment: DoE-28 - first seed: 370 - alpha: 0.3 - gamma: 0.9 - epsilon: 0.3 - reward: average-speed-2
2023-03-07 Tuesday 14:29:43: Run: 1 - First Epsilon: 0.3 - Last Epsilon: 0.3
2023-03-07 Tuesday 14:45:55: Run: 2 - First Epsilon: 0.3 - Last Epsilon: 0.3
2023-03-07 Tuesday 14:58:43: Run: 3 - First Epsilon: 0.3 - Last Epsilon: 0.3
2023-03-07 Tuesday 15:11:10: Run: 4 - First Epsilon: 0.3 - Last Epsilon: 0.3
2023-03-07 Tuesday 15:23:09: Run: 5 - First Epsilon: 0.3 - Last Epsilon: 0.3
2023-03-07 Tuesday 15:23:10: Q-Table Total Distinct States: 823
2023-03-07 Tuesday 15:23:10: Mean_reward=14991.52 +/- 3065.95
2023-03-07 Tuesday 15:23:10: Mean_Stopped=727442.00 +/- 184202.69
2023-03-07 Tuesday 15:23:10: Mean_Stopped=727654.60 +/- 184218.32
2023-03-07 Tuesday 15:23:10: Mean_waiting_time=41475339.00 +/- 19949096.12
2023-03-07 Tuesday 15:23:10: Mean_avg_speed=807.38 +/- 165.86
2023-03-07 Tuesday 15:23:10: Mean_avg_speed_2=14991.52 +/- 3065.95
2023-03-07 Tuesday 15:23:10: Mean_avg_speed_cross_check=25367.97 +/- 4659.32
2023-03-07 Tuesday 15:23:10: ****************************************
2023-03-07 Tuesday 15:23:10: Calculation 1 - Overall 
2023-03-07 Tuesday 15:23:10: ****************************************
2023-03-07 Tuesday 15:23:10: Inner X Outer Loops Mean Reward= 1.499 +/- 0.635
2023-03-07 Tuesday 15:23:10: Inner X Outer Loops Mean Stopped= 72.737 +/- 23.225
2023-03-07 Tuesday 15:23:10: Inner X Outer Loops Mean Stopped Cross Check= 72.758 +/- 23.223
2023-03-07 Tuesday 15:23:10: Inner X Outer Loops Mean Waiting Time= 4147.119 +/- 5674.950
2023-03-07 Tuesday 15:23:10: Inner X Outer Loops Mean Avg Speed= 0.081 +/- 0.034
2023-03-07 Tuesday 15:23:10: Inner X Outer Loops Mean Avg Speed 2= 1.499 +/- 0.635
2023-03-07 Tuesday 15:23:10: Inner X Outer Loops Mean Avg Speed Cross Check= 2.537 +/- 0.780
2023-03-07 Tuesday 15:23:10: ****************************************
2023-03-07 Tuesday 15:23:10: Calculation 2 - Per Episode
2023-03-07 Tuesday 15:23:10: ****************************************
2023-03-07 Tuesday 15:23:10: Episode:0 Mean Reward= 1.044 +/- 0.500
2023-03-07 Tuesday 15:23:10: Episode:1 Mean Reward= 1.227 +/- 0.599
2023-03-07 Tuesday 15:23:10: Episode:2 Mean Reward= 1.654 +/- 0.531
2023-03-07 Tuesday 15:23:10: Episode:3 Mean Reward= 1.757 +/- 0.613
2023-03-07 Tuesday 15:23:10: Episode:4 Mean Reward= 1.812 +/- 0.529
2023-03-07 Tuesday 15:23:10: 1-Total Mean Reward= 1.499 +/- 0.307
2023-03-07 Tuesday 15:23:10: 2-Total Mean Reward= 1.499 +/- 0.554
2023-03-07 Tuesday 15:23:10: ****
2023-03-07 Tuesday 15:23:10: Episode:0 Mean Stopped= 101.856 +/- 14.237
2023-03-07 Tuesday 15:23:10: Episode:1 Mean Stopped= 86.905 +/- 19.865
2023-03-07 Tuesday 15:23:10: Episode:2 Mean Stopped= 61.536 +/- 11.184
2023-03-07 Tuesday 15:23:10: Episode:3 Mean Stopped= 58.607 +/- 12.670
2023-03-07 Tuesday 15:23:10: Episode:4 Mean Stopped= 54.780 +/- 10.858
2023-03-07 Tuesday 15:23:10: 1-Total Mean Stopped= 72.737 +/- 18.418
2023-03-07 Tuesday 15:23:10: 2-Total Mean Stopped= 72.737 +/- 13.763
2023-03-07 Tuesday 15:23:10: ****
2023-03-07 Tuesday 15:23:10: Episode:0 Mean Stopped Cross Check= 101.883 +/- 14.231
2023-03-07 Tuesday 15:23:10: Episode:1 Mean Stopped Cross Check= 86.923 +/- 19.868
2023-03-07 Tuesday 15:23:10: Episode:2 Mean Stopped Cross Check= 61.557 +/- 11.168
2023-03-07 Tuesday 15:23:10: Episode:3 Mean Stopped Cross Check= 58.624 +/- 12.663
2023-03-07 Tuesday 15:23:10: Episode:4 Mean Stopped Cross Check= 54.804 +/- 10.850
2023-03-07 Tuesday 15:23:10: 1-Total Mean Stopped Cross Check= 72.758 +/- 18.420
2023-03-07 Tuesday 15:23:10: 2-Total Mean Stopped Cross Check= 72.758 +/- 13.756
2023-03-07 Tuesday 15:23:10: ****
2023-03-07 Tuesday 15:23:10: Episode:0 Mean Waiting Time= 7428.504 +/- 9162.131
2023-03-07 Tuesday 15:23:10: Episode:1 Mean Waiting Time= 5298.468 +/- 5145.763
2023-03-07 Tuesday 15:23:10: Episode:2 Mean Waiting Time= 3572.742 +/- 4501.916
2023-03-07 Tuesday 15:23:10: Episode:3 Mean Waiting Time= 2336.009 +/- 2361.665
2023-03-07 Tuesday 15:23:10: Episode:4 Mean Waiting Time= 2099.872 +/- 2205.155
2023-03-07 Tuesday 15:23:10: 1-Total Mean Waiting Time= 4147.119 +/- 1994.710
2023-03-07 Tuesday 15:23:10: 2-Total Mean Waiting Time= 4147.119 +/- 4675.326
2023-03-07 Tuesday 15:23:10: Episode:0 Mean Avg Speed= 0.056 +/- 0.026
2023-03-07 Tuesday 15:23:10: Episode:1 Mean Avg Speed= 0.066 +/- 0.032
2023-03-07 Tuesday 15:23:10: Episode:2 Mean Avg Speed= 0.089 +/- 0.028
2023-03-07 Tuesday 15:23:10: Episode:3 Mean Avg Speed= 0.095 +/- 0.033
2023-03-07 Tuesday 15:23:10: Episode:4 Mean Avg Speed= 0.098 +/- 0.028
2023-03-07 Tuesday 15:23:10: 1-Total Mean Avg Speed= 0.081 +/- 0.017
2023-03-07 Tuesday 15:23:10: 2-Total Mean Avg Speed= 0.081 +/- 0.029
2023-03-07 Tuesday 15:23:10: Episode:0 Mean Avg Speed 2= 1.044 +/- 0.500
2023-03-07 Tuesday 15:23:10: Episode:1 Mean Avg Speed 2= 1.227 +/- 0.599
2023-03-07 Tuesday 15:23:10: Episode:2 Mean Avg Speed 2= 1.654 +/- 0.531
2023-03-07 Tuesday 15:23:10: Episode:3 Mean Avg Speed 2= 1.757 +/- 0.613
2023-03-07 Tuesday 15:23:10: Episode:4 Mean Avg Speed 2= 1.812 +/- 0.529
2023-03-07 Tuesday 15:23:10: 1-Total Mean Avg Speed 2= 1.499 +/- 0.307
2023-03-07 Tuesday 15:23:10: 2-Total Mean Avg Speed 2= 1.499 +/- 0.554
2023-03-07 Tuesday 15:23:10: Episode:0 Mean Avg Speed Cross Check= 1.843 +/- 0.569
2023-03-07 Tuesday 15:23:10: Episode:1 Mean Avg Speed Cross Check= 2.124 +/- 0.696
2023-03-07 Tuesday 15:23:10: Episode:2 Mean Avg Speed Cross Check= 2.781 +/- 0.586
2023-03-07 Tuesday 15:23:10: Episode:3 Mean Avg Speed Cross Check= 2.923 +/- 0.687
2023-03-07 Tuesday 15:23:10: Episode:4 Mean Avg Speed Cross Check= 3.012 +/- 0.581
2023-03-07 Tuesday 15:23:10: 1-Total Mean Avg Speed Cross Check= 2.537 +/- 0.466
2023-03-07 Tuesday 15:23:10: 2-Total Mean Avg Speed Cross Check= 2.537 +/- 0.624
2023-03-07 Tuesday 15:23:10: ****************************************
