2023-02-18 Saturday 23:25:06: Run: 1 - First Epsilon: 0.4 - Last Epsilon: 0.4
2023-02-18 Saturday 23:37:55: Run: 2 - First Epsilon: 0.4 - Last Epsilon: 0.4
2023-02-18 Saturday 23:50:20: Run: 3 - First Epsilon: 0.4 - Last Epsilon: 0.4
2023-02-19 Sunday 00:03:13: Run: 4 - First Epsilon: 0.4 - Last Epsilon: 0.4
2023-02-19 Sunday 00:16:09: Run: 5 - First Epsilon: 0.4 - Last Epsilon: 0.4
2023-02-19 Sunday 00:16:09: Q-Table Total Distinct States: 101
2023-02-19 Sunday 00:16:09: Mean_reward=-6.85 +/- 1.79
2023-02-19 Sunday 00:16:09: Mean_Stopped=454303.60 +/- 5690.68
2023-02-19 Sunday 00:16:09: Mean_Stopped=454571.60 +/- 5679.25
2023-02-19 Sunday 00:16:09: Mean_waiting_time=9828294.20 +/- 264565.64
2023-02-19 Sunday 00:16:09: Mean_avg_speed=10212.50 +/- 9176.33
2023-02-19 Sunday 00:16:09: Mean_avg_speed_2=nan +/- nan
2023-02-19 Sunday 00:16:09: Mean_avg_speed_cross_check=31776.72 +/- 681.17
2023-02-19 Sunday 00:16:09: ****************************************
2023-02-19 Sunday 00:16:09: Calculation 1 - Overall 
2023-02-19 Sunday 00:16:09: ****************************************
2023-02-19 Sunday 00:16:09: Inner X Outer Loops Mean Reward= -0.001 +/- 1.406
2023-02-19 Sunday 00:16:09: Inner X Outer Loops Mean Stopped= 45.426 +/- 8.428
2023-02-19 Sunday 00:16:09: Inner X Outer Loops Mean Stopped Cross Check= 45.453 +/- 8.411
2023-02-19 Sunday 00:16:09: Inner X Outer Loops Mean Waiting Time= 982.731 +/- 698.825
2023-02-19 Sunday 00:16:09: Inner X Outer Loops Mean Avg Speed= 0.104 +/- 0.033
2023-02-19 Sunday 00:16:09: Inner X Outer Loops Mean Avg Speed 2= 1.938 +/- 0.624
2023-02-19 Sunday 00:16:09: Inner X Outer Loops Mean Avg Speed Cross Check= 3.177 +/- 0.688
2023-02-19 Sunday 00:16:09: ****************************************
2023-02-19 Sunday 00:16:09: Calculation 2 - Per Episode
2023-02-19 Sunday 00:16:09: ****************************************
2023-02-19 Sunday 00:16:09: Episode:0 Mean Reward= -0.000 +/- 1.381
2023-02-19 Sunday 00:16:09: Episode:1 Mean Reward= -0.001 +/- 1.441
2023-02-19 Sunday 00:16:09: Episode:2 Mean Reward= -0.001 +/- 1.416
2023-02-19 Sunday 00:16:09: Episode:3 Mean Reward= -0.001 +/- 1.361
2023-02-19 Sunday 00:16:09: Episode:4 Mean Reward= -0.001 +/- 1.429
2023-02-19 Sunday 00:16:09: 1-Total Mean Reward= -0.001 +/- 0.000
2023-02-19 Sunday 00:16:09: 2-Total Mean Reward= -0.001 +/- 1.406
2023-02-19 Sunday 00:16:09: ****
2023-02-19 Sunday 00:16:09: Episode:0 Mean Stopped= 44.378 +/- 8.562
2023-02-19 Sunday 00:16:09: Episode:1 Mean Stopped= 45.771 +/- 8.717
2023-02-19 Sunday 00:16:09: Episode:2 Mean Stopped= 45.924 +/- 8.366
2023-02-19 Sunday 00:16:09: Episode:3 Mean Stopped= 45.786 +/- 8.069
2023-02-19 Sunday 00:16:09: Episode:4 Mean Stopped= 45.270 +/- 8.317
2023-02-19 Sunday 00:16:09: 1-Total Mean Stopped= 45.426 +/- 0.569
2023-02-19 Sunday 00:16:09: 2-Total Mean Stopped= 45.426 +/- 8.406
2023-02-19 Sunday 00:16:09: ****
2023-02-19 Sunday 00:16:09: Episode:0 Mean Stopped Cross Check= 44.407 +/- 8.541
2023-02-19 Sunday 00:16:09: Episode:1 Mean Stopped Cross Check= 45.796 +/- 8.701
2023-02-19 Sunday 00:16:09: Episode:2 Mean Stopped Cross Check= 45.950 +/- 8.349
2023-02-19 Sunday 00:16:09: Episode:3 Mean Stopped Cross Check= 45.813 +/- 8.052
2023-02-19 Sunday 00:16:09: Episode:4 Mean Stopped Cross Check= 45.296 +/- 8.300
2023-02-19 Sunday 00:16:09: 1-Total Mean Stopped Cross Check= 45.453 +/- 0.568
2023-02-19 Sunday 00:16:09: 2-Total Mean Stopped Cross Check= 45.453 +/- 8.389
2023-02-19 Sunday 00:16:09: ****
2023-02-19 Sunday 00:16:09: Episode:0 Mean Waiting Time= 960.329 +/- 630.874
2023-02-19 Sunday 00:16:09: Episode:1 Mean Waiting Time= 1027.653 +/- 778.572
2023-02-19 Sunday 00:16:09: Episode:2 Mean Waiting Time= 998.445 +/- 685.952
2023-02-19 Sunday 00:16:09: Episode:3 Mean Waiting Time= 962.789 +/- 610.212
2023-02-19 Sunday 00:16:09: Episode:4 Mean Waiting Time= 964.439 +/- 768.908
2023-02-19 Sunday 00:16:09: 1-Total Mean Waiting Time= 982.731 +/- 26.454
2023-02-19 Sunday 00:16:09: 2-Total Mean Waiting Time= 982.731 +/- 694.904
2023-02-19 Sunday 00:16:09: Episode:0 Mean Avg Speed= 0.109 +/- 0.034
2023-02-19 Sunday 00:16:09: Episode:1 Mean Avg Speed= 0.104 +/- 0.034
2023-02-19 Sunday 00:16:09: Episode:2 Mean Avg Speed= 0.102 +/- 0.034
2023-02-19 Sunday 00:16:09: Episode:3 Mean Avg Speed= 0.102 +/- 0.031
2023-02-19 Sunday 00:16:09: Episode:4 Mean Avg Speed= 0.104 +/- 0.033
2023-02-19 Sunday 00:16:09: 1-Total Mean Avg Speed= 0.104 +/- 0.003
2023-02-19 Sunday 00:16:09: 2-Total Mean Avg Speed= 0.104 +/- 0.033
2023-02-19 Sunday 00:16:09: Episode:0 Mean Avg Speed 2= 2.037 +/- 0.640
2023-02-19 Sunday 00:16:09: Episode:1 Mean Avg Speed 2= 1.925 +/- 0.638
2023-02-19 Sunday 00:16:09: Episode:2 Mean Avg Speed 2= 1.903 +/- 0.628
2023-02-19 Sunday 00:16:09: Episode:3 Mean Avg Speed 2= 1.902 +/- 0.584
2023-02-19 Sunday 00:16:09: Episode:4 Mean Avg Speed 2= 1.923 +/- 0.618
2023-02-19 Sunday 00:16:09: 1-Total Mean Avg Speed 2= 1.938 +/- 0.050
2023-02-19 Sunday 00:16:09: 2-Total Mean Avg Speed 2= 1.938 +/- 0.622
2023-02-19 Sunday 00:16:09: Episode:0 Mean Avg Speed Cross Check= 3.311 +/- 0.705
2023-02-19 Sunday 00:16:09: Episode:1 Mean Avg Speed Cross Check= 3.156 +/- 0.711
2023-02-19 Sunday 00:16:09: Episode:2 Mean Avg Speed Cross Check= 3.129 +/- 0.685
2023-02-19 Sunday 00:16:09: Episode:3 Mean Avg Speed Cross Check= 3.131 +/- 0.641
2023-02-19 Sunday 00:16:09: Episode:4 Mean Avg Speed Cross Check= 3.159 +/- 0.677
2023-02-19 Sunday 00:16:09: 1-Total Mean Avg Speed Cross Check= 3.177 +/- 0.068
2023-02-19 Sunday 00:16:09: 2-Total Mean Avg Speed Cross Check= 3.177 +/- 0.684
2023-02-19 Sunday 00:16:09: ****************************************
