2023-03-05 Sunday 12:13:51: Run: 2 for Training experiment: DoE-43 - first seed: 270 - alpha: 0.5 - gamma: 0.9 - epsilon: 0.2 - reward: diff-waiting-time
2023-03-05 Sunday 12:19:09: Run: 1 - First Epsilon: 0.2 - Last Epsilon: 0.2
2023-03-05 Sunday 12:24:38: Run: 2 - First Epsilon: 0.2 - Last Epsilon: 0.2
2023-03-05 Sunday 12:30:08: Run: 3 - First Epsilon: 0.2 - Last Epsilon: 0.2
2023-03-05 Sunday 12:35:44: Run: 4 - First Epsilon: 0.2 - Last Epsilon: 0.2
2023-03-05 Sunday 12:40:55: Run: 5 - First Epsilon: 0.2 - Last Epsilon: 0.2
2023-03-05 Sunday 12:40:55: Q-Table Total Distinct States: 361
2023-03-05 Sunday 12:40:55: Mean_reward=-1.91 +/- 0.69
2023-03-05 Sunday 12:40:55: Mean_Stopped=74765.20 +/- 3461.19
2023-03-05 Sunday 12:40:55: Mean_Stopped=74904.20 +/- 3451.95
2023-03-05 Sunday 12:40:55: Mean_waiting_time=1644844.80 +/- 210870.10
2023-03-05 Sunday 12:40:55: Mean_avg_speed=3611.87 +/- 40.52
2023-03-05 Sunday 12:40:55: Mean_avg_speed_2=67140.60 +/- 746.90
2023-03-05 Sunday 12:40:55: Mean_avg_speed_cross_check=78866.53 +/- 607.84
2023-03-05 Sunday 12:40:55: ****************************************
2023-03-05 Sunday 12:40:55: Calculation 1 - Overall 
2023-03-05 Sunday 12:40:55: ****************************************
2023-03-05 Sunday 12:40:55: Inner X Outer Loops Mean Reward= -0.000 +/- 0.766
2023-03-05 Sunday 12:40:55: Inner X Outer Loops Mean Stopped= 7.476 +/- 3.127
2023-03-05 Sunday 12:40:55: Inner X Outer Loops Mean Stopped Cross Check= 7.490 +/- 3.127
2023-03-05 Sunday 12:40:55: Inner X Outer Loops Mean Waiting Time= 164.468 +/- 201.395
2023-03-05 Sunday 12:40:55: Inner X Outer Loops Mean Avg Speed= 0.361 +/- 0.064
2023-03-05 Sunday 12:40:55: Inner X Outer Loops Mean Avg Speed 2= 6.713 +/- 1.158
2023-03-05 Sunday 12:40:55: Inner X Outer Loops Mean Avg Speed Cross Check= 7.886 +/- 0.849
2023-03-05 Sunday 12:40:55: ****************************************
2023-03-05 Sunday 12:40:55: Calculation 2 - Per Episode
2023-03-05 Sunday 12:40:55: ****************************************
2023-03-05 Sunday 12:40:55: Episode:0 Mean Reward= -0.000 +/- 0.867
2023-03-05 Sunday 12:40:55: Episode:1 Mean Reward= -0.000 +/- 0.746
2023-03-05 Sunday 12:40:55: Episode:2 Mean Reward= -0.000 +/- 0.727
2023-03-05 Sunday 12:40:55: Episode:3 Mean Reward= -0.000 +/- 0.750
2023-03-05 Sunday 12:40:55: Episode:4 Mean Reward= -0.000 +/- 0.733
2023-03-05 Sunday 12:40:55: 1-Total Mean Reward= -0.000 +/- 0.000
2023-03-05 Sunday 12:40:55: 2-Total Mean Reward= -0.000 +/- 0.765
2023-03-05 Sunday 12:40:55: ****
2023-03-05 Sunday 12:40:55: Episode:0 Mean Stopped= 8.112 +/- 4.905
2023-03-05 Sunday 12:40:55: Episode:1 Mean Stopped= 7.265 +/- 2.758
2023-03-05 Sunday 12:40:55: Episode:2 Mean Stopped= 7.160 +/- 2.310
2023-03-05 Sunday 12:40:55: Episode:3 Mean Stopped= 7.568 +/- 2.497
2023-03-05 Sunday 12:40:55: Episode:4 Mean Stopped= 7.274 +/- 2.250
2023-03-05 Sunday 12:40:55: 1-Total Mean Stopped= 7.476 +/- 0.346
2023-03-05 Sunday 12:40:55: 2-Total Mean Stopped= 7.476 +/- 2.944
2023-03-05 Sunday 12:40:55: ****
2023-03-05 Sunday 12:40:55: Episode:0 Mean Stopped Cross Check= 8.123 +/- 4.906
2023-03-05 Sunday 12:40:55: Episode:1 Mean Stopped Cross Check= 7.278 +/- 2.758
2023-03-05 Sunday 12:40:55: Episode:2 Mean Stopped Cross Check= 7.173 +/- 2.312
2023-03-05 Sunday 12:40:55: Episode:3 Mean Stopped Cross Check= 7.585 +/- 2.495
2023-03-05 Sunday 12:40:55: Episode:4 Mean Stopped Cross Check= 7.289 +/- 2.251
2023-03-05 Sunday 12:40:55: 1-Total Mean Stopped Cross Check= 7.490 +/- 0.345
2023-03-05 Sunday 12:40:55: 2-Total Mean Stopped Cross Check= 7.490 +/- 2.944
2023-03-05 Sunday 12:40:55: ****
2023-03-05 Sunday 12:40:55: Episode:0 Mean Waiting Time= 205.926 +/- 345.106
2023-03-05 Sunday 12:40:55: Episode:1 Mean Waiting Time= 155.998 +/- 165.265
2023-03-05 Sunday 12:40:55: Episode:2 Mean Waiting Time= 148.390 +/- 134.180
2023-03-05 Sunday 12:40:55: Episode:3 Mean Waiting Time= 159.940 +/- 138.073
2023-03-05 Sunday 12:40:55: Episode:4 Mean Waiting Time= 152.086 +/- 130.759
2023-03-05 Sunday 12:40:55: 1-Total Mean Waiting Time= 164.468 +/- 21.085
2023-03-05 Sunday 12:40:55: 2-Total Mean Waiting Time= 164.468 +/- 182.677
2023-03-05 Sunday 12:40:55: Episode:0 Mean Avg Speed= 0.356 +/- 0.073
2023-03-05 Sunday 12:40:55: Episode:1 Mean Avg Speed= 0.365 +/- 0.063
2023-03-05 Sunday 12:40:55: Episode:2 Mean Avg Speed= 0.366 +/- 0.061
2023-03-05 Sunday 12:40:55: Episode:3 Mean Avg Speed= 0.357 +/- 0.061
2023-03-05 Sunday 12:40:55: Episode:4 Mean Avg Speed= 0.362 +/- 0.060
2023-03-05 Sunday 12:40:55: 1-Total Mean Avg Speed= 0.361 +/- 0.004
2023-03-05 Sunday 12:40:55: 2-Total Mean Avg Speed= 0.361 +/- 0.064
2023-03-05 Sunday 12:40:55: Episode:0 Mean Avg Speed 2= 6.629 +/- 1.328
2023-03-05 Sunday 12:40:55: Episode:1 Mean Avg Speed 2= 6.786 +/- 1.138
2023-03-05 Sunday 12:40:55: Episode:2 Mean Avg Speed 2= 6.795 +/- 1.114
2023-03-05 Sunday 12:40:55: Episode:3 Mean Avg Speed 2= 6.622 +/- 1.099
2023-03-05 Sunday 12:40:55: Episode:4 Mean Avg Speed 2= 6.736 +/- 1.082
2023-03-05 Sunday 12:40:55: 1-Total Mean Avg Speed 2= 6.713 +/- 0.075
2023-03-05 Sunday 12:40:55: 2-Total Mean Avg Speed 2= 6.713 +/- 1.152
2023-03-05 Sunday 12:40:55: Episode:0 Mean Avg Speed Cross Check= 7.805 +/- 1.042
2023-03-05 Sunday 12:40:55: Episode:1 Mean Avg Speed Cross Check= 7.944 +/- 0.819
2023-03-05 Sunday 12:40:55: Episode:2 Mean Avg Speed Cross Check= 7.947 +/- 0.786
2023-03-05 Sunday 12:40:55: Episode:3 Mean Avg Speed Cross Check= 7.822 +/- 0.796
2023-03-05 Sunday 12:40:55: Episode:4 Mean Avg Speed Cross Check= 7.911 +/- 0.763
2023-03-05 Sunday 12:40:55: 1-Total Mean Avg Speed Cross Check= 7.886 +/- 0.061
2023-03-05 Sunday 12:40:55: 2-Total Mean Avg Speed Cross Check= 7.886 +/- 0.841
2023-03-05 Sunday 12:40:55: ****************************************
