2023-02-25 Saturday 12:41:01: Run: 1 for Training experiment: DoE-3 - first seed: 170 - alpha: 0.1 - gamma: 0.8 - epsilon: 0.3 - reward: diff-waiting-time
2023-02-25 Saturday 12:46:46: Run: 1 - First Epsilon: 0.3 - Last Epsilon: 0.3
2023-02-25 Saturday 12:52:24: Run: 2 - First Epsilon: 0.3 - Last Epsilon: 0.3
2023-02-25 Saturday 12:57:38: Run: 3 - First Epsilon: 0.3 - Last Epsilon: 0.3
2023-02-25 Saturday 13:02:50: Run: 4 - First Epsilon: 0.3 - Last Epsilon: 0.3
2023-02-25 Saturday 13:08:04: Run: 5 - First Epsilon: 0.3 - Last Epsilon: 0.3
2023-02-25 Saturday 13:08:04: Q-Table Total Distinct States: 291
2023-02-25 Saturday 13:08:04: Mean_reward=-1.40 +/- 0.56
2023-02-25 Saturday 13:08:04: Mean_Stopped=81431.20 +/- 12151.05
2023-02-25 Saturday 13:08:04: Mean_Stopped=81583.80 +/- 12192.56
2023-02-25 Saturday 13:08:04: Mean_waiting_time=1632826.00 +/- 358882.19
2023-02-25 Saturday 13:08:04: Mean_avg_speed=3473.58 +/- 214.98
2023-02-25 Saturday 13:08:04: Mean_avg_speed_2=64547.57 +/- 3966.83
2023-02-25 Saturday 13:08:04: Mean_avg_speed_cross_check=76956.94 +/- 3046.68
2023-02-25 Saturday 13:08:04: ****************************************
2023-02-25 Saturday 13:08:04: Calculation 1 - Overall 
2023-02-25 Saturday 13:08:04: ****************************************
2023-02-25 Saturday 13:08:04: Inner X Outer Loops Mean Reward= -0.000 +/- 0.757
2023-02-25 Saturday 13:08:04: Inner X Outer Loops Mean Stopped= 8.142 +/- 2.991
2023-02-25 Saturday 13:08:04: Inner X Outer Loops Mean Stopped Cross Check= 8.158 +/- 2.994
2023-02-25 Saturday 13:08:04: Inner X Outer Loops Mean Waiting Time= 163.266 +/- 135.722
2023-02-25 Saturday 13:08:04: Inner X Outer Loops Mean Avg Speed= 0.347 +/- 0.065
2023-02-25 Saturday 13:08:04: Inner X Outer Loops Mean Avg Speed 2= 6.454 +/- 1.171
2023-02-25 Saturday 13:08:04: Inner X Outer Loops Mean Avg Speed Cross Check= 7.695 +/- 0.869
2023-02-25 Saturday 13:08:04: ****************************************
2023-02-25 Saturday 13:08:04: Calculation 2 - Per Episode
2023-02-25 Saturday 13:08:04: ****************************************
2023-02-25 Saturday 13:08:04: Episode:0 Mean Reward= -0.000 +/- 0.900
2023-02-25 Saturday 13:08:04: Episode:1 Mean Reward= -0.000 +/- 0.742
2023-02-25 Saturday 13:08:04: Episode:2 Mean Reward= -0.000 +/- 0.692
2023-02-25 Saturday 13:08:04: Episode:3 Mean Reward= -0.000 +/- 0.684
2023-02-25 Saturday 13:08:04: Episode:4 Mean Reward= -0.000 +/- 0.748
2023-02-25 Saturday 13:08:04: 1-Total Mean Reward= -0.000 +/- 0.000
2023-02-25 Saturday 13:08:04: 2-Total Mean Reward= -0.000 +/- 0.753
2023-02-25 Saturday 13:08:04: ****
2023-02-25 Saturday 13:08:04: Episode:0 Mean Stopped= 10.535 +/- 3.531
2023-02-25 Saturday 13:08:04: Episode:1 Mean Stopped= 7.929 +/- 2.599
2023-02-25 Saturday 13:08:04: Episode:2 Mean Stopped= 7.405 +/- 2.528
2023-02-25 Saturday 13:08:04: Episode:3 Mean Stopped= 7.306 +/- 2.171
2023-02-25 Saturday 13:08:04: Episode:4 Mean Stopped= 7.536 +/- 2.647
2023-02-25 Saturday 13:08:04: 1-Total Mean Stopped= 8.142 +/- 1.215
2023-02-25 Saturday 13:08:04: 2-Total Mean Stopped= 8.142 +/- 2.695
2023-02-25 Saturday 13:08:04: ****
2023-02-25 Saturday 13:08:04: Episode:0 Mean Stopped Cross Check= 10.558 +/- 3.532
2023-02-25 Saturday 13:08:04: Episode:1 Mean Stopped Cross Check= 7.945 +/- 2.602
2023-02-25 Saturday 13:08:04: Episode:2 Mean Stopped Cross Check= 7.417 +/- 2.530
2023-02-25 Saturday 13:08:04: Episode:3 Mean Stopped Cross Check= 7.318 +/- 2.171
2023-02-25 Saturday 13:08:04: Episode:4 Mean Stopped Cross Check= 7.550 +/- 2.649
2023-02-25 Saturday 13:08:04: 1-Total Mean Stopped Cross Check= 8.158 +/- 1.219
2023-02-25 Saturday 13:08:04: 2-Total Mean Stopped Cross Check= 8.158 +/- 2.697
2023-02-25 Saturday 13:08:04: ****
2023-02-25 Saturday 13:08:04: Episode:0 Mean Waiting Time= 232.619 +/- 171.218
2023-02-25 Saturday 13:08:04: Episode:1 Mean Waiting Time= 156.547 +/- 123.809
2023-02-25 Saturday 13:08:04: Episode:2 Mean Waiting Time= 136.534 +/- 102.752
2023-02-25 Saturday 13:08:04: Episode:3 Mean Waiting Time= 134.720 +/- 95.615
2023-02-25 Saturday 13:08:04: Episode:4 Mean Waiting Time= 155.912 +/- 146.012
2023-02-25 Saturday 13:08:04: 1-Total Mean Waiting Time= 163.266 +/- 35.885
2023-02-25 Saturday 13:08:04: 2-Total Mean Waiting Time= 163.266 +/- 127.881
2023-02-25 Saturday 13:08:04: Episode:0 Mean Avg Speed= 0.305 +/- 0.061
2023-02-25 Saturday 13:08:04: Episode:1 Mean Avg Speed= 0.350 +/- 0.061
2023-02-25 Saturday 13:08:04: Episode:2 Mean Avg Speed= 0.361 +/- 0.062
2023-02-25 Saturday 13:08:04: Episode:3 Mean Avg Speed= 0.362 +/- 0.058
2023-02-25 Saturday 13:08:04: Episode:4 Mean Avg Speed= 0.359 +/- 0.063
2023-02-25 Saturday 13:08:04: 1-Total Mean Avg Speed= 0.347 +/- 0.021
2023-02-25 Saturday 13:08:04: 2-Total Mean Avg Speed= 0.347 +/- 0.061
2023-02-25 Saturday 13:08:04: Episode:0 Mean Avg Speed 2= 5.677 +/- 1.104
2023-02-25 Saturday 13:08:05: Episode:1 Mean Avg Speed 2= 6.501 +/- 1.103
2023-02-25 Saturday 13:08:05: Episode:2 Mean Avg Speed 2= 6.710 +/- 1.117
2023-02-25 Saturday 13:08:05: Episode:3 Mean Avg Speed 2= 6.720 +/- 1.048
2023-02-25 Saturday 13:08:05: Episode:4 Mean Avg Speed 2= 6.663 +/- 1.133
2023-02-25 Saturday 13:08:05: 1-Total Mean Avg Speed 2= 6.454 +/- 0.397
2023-02-25 Saturday 13:08:05: 2-Total Mean Avg Speed 2= 6.454 +/- 1.101
2023-02-25 Saturday 13:08:05: Episode:0 Mean Avg Speed Cross Check= 7.097 +/- 0.871
2023-02-25 Saturday 13:08:05: Episode:1 Mean Avg Speed Cross Check= 7.737 +/- 0.815
2023-02-25 Saturday 13:08:05: Episode:2 Mean Avg Speed Cross Check= 7.889 +/- 0.813
2023-02-25 Saturday 13:08:05: Episode:3 Mean Avg Speed Cross Check= 7.900 +/- 0.744
2023-02-25 Saturday 13:08:05: Episode:4 Mean Avg Speed Cross Check= 7.852 +/- 0.819
2023-02-25 Saturday 13:08:05: 1-Total Mean Avg Speed Cross Check= 7.695 +/- 0.305
2023-02-25 Saturday 13:08:05: 2-Total Mean Avg Speed Cross Check= 7.695 +/- 0.812
2023-02-25 Saturday 13:08:05: ****************************************
