2023-04-10 Monday 17:23:19: Run: 2 for Training experiment: DE-6 - route: ../nets/roundabout/input_routes_roundabout_auto_v1-6.rou.xml - first seed: 270 - alpha: 0.5 - gamma: 0.99 - epsilon: 0.2 - reward: diff-waiting-time
2023-04-10 Monday 17:48:05: Run: 1 - First Epsilon: 0.2 - Last Epsilon: 0.2
2023-04-10 Monday 17:57:51: Run: 2 - First Epsilon: 0.2 - Last Epsilon: 0.2
2023-04-10 Monday 18:06:45: Run: 3 - First Epsilon: 0.2 - Last Epsilon: 0.2
2023-04-10 Monday 18:15:40: Run: 4 - First Epsilon: 0.2 - Last Epsilon: 0.2
2023-04-10 Monday 18:24:35: Run: 5 - First Epsilon: 0.2 - Last Epsilon: 0.2
2023-04-10 Monday 18:24:36: Q-Table Total Distinct States: 1285
2023-04-10 Monday 18:24:36: Mean_reward=-3.61 +/- 3.67
2023-04-10 Monday 18:24:36: Mean_Stopped=164492.60 +/- 170632.41
2023-04-10 Monday 18:24:36: Mean_Stopped=164600.40 +/- 170675.69
2023-04-10 Monday 18:24:36: Mean_waiting_time=5564929.20 +/- 7204332.46
2023-04-10 Monday 18:24:36: Mean_avg_speed=3096.43 +/- 996.74
2023-04-10 Monday 18:24:36: Mean_avg_speed_2=57491.53 +/- 18487.32
2023-04-10 Monday 18:24:36: Mean_avg_speed_cross_check=69386.43 +/- 18109.32
2023-04-10 Monday 18:24:36: ****************************************
2023-04-10 Monday 18:24:36: Calculation 1 - Overall 
2023-04-10 Monday 18:24:36: ****************************************
2023-04-10 Monday 18:24:36: Inner X Outer Loops Mean Reward= -0.000 +/- 1.311
2023-04-10 Monday 18:24:36: Inner X Outer Loops Mean Stopped= 16.448 +/- 19.420
2023-04-10 Monday 18:24:36: Inner X Outer Loops Mean Stopped Cross Check= 16.458 +/- 19.424
2023-04-10 Monday 18:24:36: Inner X Outer Loops Mean Waiting Time= 556.437 +/- 1333.335
2023-04-10 Monday 18:24:36: Inner X Outer Loops Mean Avg Speed= 0.310 +/- 0.118
2023-04-10 Monday 18:24:36: Inner X Outer Loops Mean Avg Speed 2= 5.749 +/- 2.177
2023-04-10 Monday 18:24:36: Inner X Outer Loops Mean Avg Speed Cross Check= 6.938 +/- 2.044
2023-04-10 Monday 18:24:36: ****************************************
2023-04-10 Monday 18:24:36: Calculation 2 - Per Episode
2023-04-10 Monday 18:24:36: ****************************************
2023-04-10 Monday 18:24:36: Episode:0 Mean Reward= -0.001 +/- 2.403
2023-04-10 Monday 18:24:36: Episode:1 Mean Reward= -0.000 +/- 0.935
2023-04-10 Monday 18:24:36: Episode:2 Mean Reward= -0.000 +/- 0.832
2023-04-10 Monday 18:24:36: Episode:3 Mean Reward= -0.000 +/- 0.817
2023-04-10 Monday 18:24:36: Episode:4 Mean Reward= -0.000 +/- 0.766
2023-04-10 Monday 18:24:36: 1-Total Mean Reward= -0.000 +/- 0.000
2023-04-10 Monday 18:24:36: 2-Total Mean Reward= -0.000 +/- 1.150
2023-04-10 Monday 18:24:36: ****
2023-04-10 Monday 18:24:36: Episode:0 Mean Stopped= 50.504 +/- 18.541
2023-04-10 Monday 18:24:36: Episode:1 Mean Stopped= 9.993 +/- 8.405
2023-04-10 Monday 18:24:36: Episode:2 Mean Stopped= 7.258 +/- 2.480
2023-04-10 Monday 18:24:36: Episode:3 Mean Stopped= 7.231 +/- 2.176
2023-04-10 Monday 18:24:36: Episode:4 Mean Stopped= 7.253 +/- 2.237
2023-04-10 Monday 18:24:36: 1-Total Mean Stopped= 16.448 +/- 17.062
2023-04-10 Monday 18:24:36: 2-Total Mean Stopped= 16.448 +/- 6.768
2023-04-10 Monday 18:24:36: ****
2023-04-10 Monday 18:24:36: Episode:0 Mean Stopped Cross Check= 50.524 +/- 18.540
2023-04-10 Monday 18:24:36: Episode:1 Mean Stopped Cross Check= 10.005 +/- 8.408
2023-04-10 Monday 18:24:36: Episode:2 Mean Stopped Cross Check= 7.263 +/- 2.481
2023-04-10 Monday 18:24:36: Episode:3 Mean Stopped Cross Check= 7.240 +/- 2.175
2023-04-10 Monday 18:24:36: Episode:4 Mean Stopped Cross Check= 7.260 +/- 2.237
2023-04-10 Monday 18:24:36: 1-Total Mean Stopped Cross Check= 16.458 +/- 17.066
2023-04-10 Monday 18:24:36: 2-Total Mean Stopped Cross Check= 16.458 +/- 6.768
2023-04-10 Monday 18:24:36: ****
2023-04-10 Monday 18:24:36: Episode:0 Mean Waiting Time= 1995.641 +/- 2458.691
2023-04-10 Monday 18:24:36: Episode:1 Mean Waiting Time= 258.996 +/- 396.140
2023-04-10 Monday 18:24:36: Episode:2 Mean Waiting Time= 184.444 +/- 194.195
2023-04-10 Monday 18:24:36: Episode:3 Mean Waiting Time= 180.827 +/- 183.263
2023-04-10 Monday 18:24:36: Episode:4 Mean Waiting Time= 162.278 +/- 144.681
2023-04-10 Monday 18:24:36: 1-Total Mean Waiting Time= 556.437 +/- 720.361
2023-04-10 Monday 18:24:36: 2-Total Mean Waiting Time= 556.437 +/- 675.394
2023-04-10 Monday 18:24:36: Episode:0 Mean Avg Speed= 0.111 +/- 0.043
2023-04-10 Monday 18:24:36: Episode:1 Mean Avg Speed= 0.339 +/- 0.086
2023-04-10 Monday 18:24:36: Episode:2 Mean Avg Speed= 0.367 +/- 0.061
2023-04-10 Monday 18:24:36: Episode:3 Mean Avg Speed= 0.366 +/- 0.058
2023-04-10 Monday 18:24:36: Episode:4 Mean Avg Speed= 0.365 +/- 0.059
2023-04-10 Monday 18:24:36: 1-Total Mean Avg Speed= 0.310 +/- 0.100
2023-04-10 Monday 18:24:36: 2-Total Mean Avg Speed= 0.310 +/- 0.062
2023-04-10 Monday 18:24:36: Episode:0 Mean Avg Speed 2= 2.072 +/- 0.793
2023-04-10 Monday 18:24:36: Episode:1 Mean Avg Speed 2= 6.295 +/- 1.582
2023-04-10 Monday 18:24:36: Episode:2 Mean Avg Speed 2= 6.809 +/- 1.111
2023-04-10 Monday 18:24:36: Episode:3 Mean Avg Speed 2= 6.782 +/- 1.057
2023-04-10 Monday 18:24:36: Episode:4 Mean Avg Speed 2= 6.785 +/- 1.062
2023-04-10 Monday 18:24:36: 1-Total Mean Avg Speed 2= 5.749 +/- 1.849
2023-04-10 Monday 18:24:36: 2-Total Mean Avg Speed 2= 5.749 +/- 1.121
2023-04-10 Monday 18:24:36: Episode:0 Mean Avg Speed Cross Check= 3.332 +/- 0.981
2023-04-10 Monday 18:24:36: Episode:1 Mean Avg Speed Cross Check= 7.512 +/- 1.338
2023-04-10 Monday 18:24:36: Episode:2 Mean Avg Speed Cross Check= 7.959 +/- 0.790
2023-04-10 Monday 18:24:36: Episode:3 Mean Avg Speed Cross Check= 7.941 +/- 0.747
2023-04-10 Monday 18:24:36: Episode:4 Mean Avg Speed Cross Check= 7.945 +/- 0.753
2023-04-10 Monday 18:24:36: 1-Total Mean Avg Speed Cross Check= 6.938 +/- 1.811
2023-04-10 Monday 18:24:36: 2-Total Mean Avg Speed Cross Check= 6.938 +/- 0.922
2023-04-10 Monday 18:24:36: ****************************************
