2023-04-17 Monday 08:51:38: Run: 5 for Training experiment: DE-Enhanced-8 - route: ../nets/roundabout/input_routes_roundabout_auto_v1-8.rou.xml - first seed: 570 - alpha: 0.5 - gamma: 0.99 - epsilon: 0.2 - reward: diff-waiting-time
2023-04-17 Monday 08:58:22: Run: 1 - First Epsilon: 0.2 - Last Epsilon: 0.2
2023-04-17 Monday 09:04:05: Run: 2 - First Epsilon: 0.2 - Last Epsilon: 0.2
2023-04-17 Monday 09:10:05: Run: 3 - First Epsilon: 0.2 - Last Epsilon: 0.2
2023-04-17 Monday 09:15:51: Run: 4 - First Epsilon: 0.2 - Last Epsilon: 0.2
2023-04-17 Monday 09:21:36: Run: 5 - First Epsilon: 0.2 - Last Epsilon: 0.2
2023-04-17 Monday 09:21:36: Q-Table Total Distinct States: 297
2023-04-17 Monday 09:21:36: Mean_reward=-0.57 +/- 0.72
2023-04-17 Monday 09:21:36: Mean_Stopped=36952.60 +/- 9890.41
2023-04-17 Monday 09:21:36: Mean_Stopped=36991.60 +/- 9890.39
2023-04-17 Monday 09:21:36: Mean_waiting_time=1239232.80 +/- 590417.57
2023-04-17 Monday 09:21:36: Mean_avg_speed=3905.11 +/- 109.80
2023-04-17 Monday 09:21:36: Mean_avg_speed_2=72366.52 +/- 2137.76
2023-04-17 Monday 09:21:36: Mean_avg_speed_cross_check=82264.04 +/- 2036.45
2023-04-17 Monday 09:21:36: Mean_average_co2_emission_tl=31168916.54 +/- 197306.67
2023-04-17 Monday 09:21:36: Mean_average_co_emission_tl=912773.31 +/- 18487.70
2023-04-17 Monday 09:21:36: Mean_average_fuel_consumption_tl=13398.52 +/- 84.80
2023-04-17 Monday 09:21:36: Mean_average_noise_emission_tl=607905.26 +/- 1523.73
2023-04-17 Monday 09:21:36: Mean_average_co2_emission=26255062.54 +/- 38675.59
2023-04-17 Monday 09:21:36: Mean_average_co_emission=646782.16 +/- 22408.96
2023-04-17 Monday 09:21:36: Mean_average_fuel_consumptions=11286.21 +/- 16.62
2023-04-17 Monday 09:21:36: Mean_average_noise_emissions=613387.99 +/- 1419.39
2023-04-17 Monday 09:21:36: ****************************************
2023-04-17 Monday 09:21:36: Calculation 1 - Overall 
2023-04-17 Monday 09:21:36: ****************************************
2023-04-17 Monday 09:21:36: Inner X Outer Loops Mean Reward= -0.000 +/- 0.685
2023-04-17 Monday 09:21:36: Inner X Outer Loops Mean Stopped= 3.695 +/- 4.256
2023-04-17 Monday 09:21:36: Inner X Outer Loops Mean Stopped Cross Check= 3.699 +/- 4.256
2023-04-17 Monday 09:21:37: Inner X Outer Loops Mean Waiting Time= 123.911 +/- 305.918
2023-04-17 Monday 09:21:37: Inner X Outer Loops Mean Avg Speed= 0.390 +/- 0.135
2023-04-17 Monday 09:21:37: Inner X Outer Loops Mean Avg Speed 2= 7.236 +/- 2.571
2023-04-17 Monday 09:21:37: Inner X Outer Loops Mean Avg Speed Cross Check= 8.226 +/- 1.736
2023-04-17 Monday 09:21:37: Inner X Outer Loops Mean Average CO2 Emission TL= 3116.580 +/- 504.852
2023-04-17 Monday 09:21:37: Inner X Outer Loops Mean Average CO Emission TL= 91.268 +/- 21.491
2023-04-17 Monday 09:21:37: Inner X Outer Loops Mean Average Fuel Consumption TL= 1.340 +/- 0.217
2023-04-17 Monday 09:21:37: Inner X Outer Loops Mean Average Noise Emission TL= 60.784 +/- 2.045
2023-04-17 Monday 09:21:37: Inner X Outer Loops Mean Average CO2 Emission= 2625.244 +/- 401.451
2023-04-17 Monday 09:21:37: Inner X Outer Loops Mean Average CO Emission= 64.672 +/- 17.585
2023-04-17 Monday 09:21:37: Inner X Outer Loops Mean Average Fuel Consumptions= 1.129 +/- 0.173
2023-04-17 Monday 09:21:37: Inner X Outer Loops Mean Average Noise Emissions= 61.333 +/- 1.313
2023-04-17 Monday 09:21:37: ****************************************
2023-04-17 Monday 09:21:37: Calculation 2 - Per Episode
2023-04-17 Monday 09:21:37: ****************************************
2023-04-17 Monday 09:21:37: Episode:0 Mean Reward= 0.000 +/- 0.941
2023-04-17 Monday 09:21:37: Episode:1 Mean Reward= -0.000 +/- 0.567
2023-04-17 Monday 09:21:37: Episode:2 Mean Reward= -0.000 +/- 0.562
2023-04-17 Monday 09:21:37: Episode:3 Mean Reward= -0.000 +/- 0.644
2023-04-17 Monday 09:21:37: Episode:4 Mean Reward= -0.000 +/- 0.640
2023-04-17 Monday 09:21:37: 1-Total Mean Reward= -0.000 +/- 0.000
2023-04-17 Monday 09:21:37: 2-Total Mean Reward= -0.000 +/- 0.671
2023-04-17 Monday 09:21:37: ****
2023-04-17 Monday 09:21:37: Episode:0 Mean Stopped= 5.669 +/- 8.633
2023-04-17 Monday 09:21:37: Episode:1 Mean Stopped= 3.145 +/- 1.627
2023-04-17 Monday 09:21:37: Episode:2 Mean Stopped= 3.127 +/- 1.608
2023-04-17 Monday 09:21:37: Episode:3 Mean Stopped= 3.281 +/- 1.707
2023-04-17 Monday 09:21:37: Episode:4 Mean Stopped= 3.252 +/- 1.733
2023-04-17 Monday 09:21:37: 1-Total Mean Stopped= 3.695 +/- 0.989
2023-04-17 Monday 09:21:37: 2-Total Mean Stopped= 3.695 +/- 3.062
2023-04-17 Monday 09:21:37: ****
2023-04-17 Monday 09:21:37: Episode:0 Mean Stopped Cross Check= 5.673 +/- 8.634
2023-04-17 Monday 09:21:37: Episode:1 Mean Stopped Cross Check= 3.151 +/- 1.623
2023-04-17 Monday 09:21:37: Episode:2 Mean Stopped Cross Check= 3.131 +/- 1.606
2023-04-17 Monday 09:21:37: Episode:3 Mean Stopped Cross Check= 3.283 +/- 1.706
2023-04-17 Monday 09:21:37: Episode:4 Mean Stopped Cross Check= 3.255 +/- 1.731
2023-04-17 Monday 09:21:37: 1-Total Mean Stopped Cross Check= 3.699 +/- 0.989
2023-04-17 Monday 09:21:37: 2-Total Mean Stopped Cross Check= 3.699 +/- 3.060
2023-04-17 Monday 09:21:37: ****
2023-04-17 Monday 09:21:37: Episode:0 Mean Waiting Time= 240.236 +/- 612.102
2023-04-17 Monday 09:21:37: Episode:1 Mean Waiting Time= 84.298 +/- 119.867
2023-04-17 Monday 09:21:37: Episode:2 Mean Waiting Time= 82.784 +/- 114.936
2023-04-17 Monday 09:21:37: Episode:3 Mean Waiting Time= 106.755 +/- 155.690
2023-04-17 Monday 09:21:37: Episode:4 Mean Waiting Time= 105.481 +/- 154.974
2023-04-17 Monday 09:21:37: 1-Total Mean Waiting Time= 123.911 +/- 59.036
2023-04-17 Monday 09:21:37: 2-Total Mean Waiting Time= 123.911 +/- 231.514
2023-04-17 Monday 09:21:37: Episode:0 Mean Avg Speed= 0.369 +/- 0.150
2023-04-17 Monday 09:21:37: Episode:1 Mean Avg Speed= 0.397 +/- 0.130
2023-04-17 Monday 09:21:37: Episode:2 Mean Avg Speed= 0.399 +/- 0.129
2023-04-17 Monday 09:21:37: Episode:3 Mean Avg Speed= 0.394 +/- 0.129
2023-04-17 Monday 09:21:37: Episode:4 Mean Avg Speed= 0.394 +/- 0.134
2023-04-17 Monday 09:21:37: 1-Total Mean Avg Speed= 0.390 +/- 0.011
2023-04-17 Monday 09:21:37: 2-Total Mean Avg Speed= 0.390 +/- 0.134
2023-04-17 Monday 09:21:37: Episode:0 Mean Avg Speed 2= 6.814 +/- 2.822
2023-04-17 Monday 09:21:37: Episode:1 Mean Avg Speed 2= 7.377 +/- 2.485
2023-04-17 Monday 09:21:37: Episode:2 Mean Avg Speed 2= 7.383 +/- 2.461
2023-04-17 Monday 09:21:37: Episode:3 Mean Avg Speed 2= 7.293 +/- 2.471
2023-04-17 Monday 09:21:37: Episode:4 Mean Avg Speed 2= 7.312 +/- 2.555
2023-04-17 Monday 09:21:37: 1-Total Mean Avg Speed 2= 7.236 +/- 0.214
2023-04-17 Monday 09:21:37: 2-Total Mean Avg Speed 2= 7.236 +/- 2.559
2023-04-17 Monday 09:21:37: Episode:0 Mean Avg Speed Cross Check= 7.821 +/- 2.159
2023-04-17 Monday 09:21:37: Episode:1 Mean Avg Speed Cross Check= 8.350 +/- 1.599
2023-04-17 Monday 09:21:37: Episode:2 Mean Avg Speed Cross Check= 8.347 +/- 1.568
2023-04-17 Monday 09:21:37: Episode:3 Mean Avg Speed Cross Check= 8.291 +/- 1.598
2023-04-17 Monday 09:21:37: Episode:4 Mean Avg Speed Cross Check= 8.319 +/- 1.625
2023-04-17 Monday 09:21:37: 1-Total Mean Avg Speed Cross Check= 8.226 +/- 0.204
2023-04-17 Monday 09:21:37: 2-Total Mean Avg Speed Cross Check= 8.226 +/- 1.710
2023-04-17 Monday 09:21:37: Episode:0 Mean Average CO2 Emission TL= 3077.951 +/- 494.337
2023-04-17 Monday 09:21:37: Episode:1 Mean Average CO2 Emission TL= 3133.628 +/- 513.288
2023-04-17 Monday 09:21:37: Episode:2 Mean Average CO2 Emission TL= 3125.280 +/- 508.362
2023-04-17 Monday 09:21:37: Episode:3 Mean Average CO2 Emission TL= 3121.508 +/- 500.897
2023-04-17 Monday 09:21:37: Episode:4 Mean Average CO2 Emission TL= 3124.534 +/- 505.242
2023-04-17 Monday 09:21:37: 1-Total Mean Average CO2 Emission TL= 3116.580 +/- 19.729
2023-04-17 Monday 09:21:37: 2-Total Mean Average CO2 Emission TL= 3116.580 +/- 504.425
2023-04-17 Monday 09:21:37: Episode:0 Mean Average CO Emission TL= 94.881 +/- 24.389
2023-04-17 Monday 09:21:37: Episode:1 Mean Average CO Emission TL= 90.091 +/- 20.358
2023-04-17 Monday 09:21:37: Episode:2 Mean Average CO Emission TL= 89.787 +/- 20.231
2023-04-17 Monday 09:21:37: Episode:3 Mean Average CO Emission TL= 90.817 +/- 20.553
2023-04-17 Monday 09:21:37: Episode:4 Mean Average CO Emission TL= 90.766 +/- 21.241
2023-04-17 Monday 09:21:37: 1-Total Mean Average CO Emission TL= 91.268 +/- 1.849
2023-04-17 Monday 09:21:37: 2-Total Mean Average CO Emission TL= 91.268 +/- 21.355
2023-04-17 Monday 09:21:37: Episode:0 Mean Average Fuel Consumption TL= 1.323 +/- 0.212
2023-04-17 Monday 09:21:37: Episode:1 Mean Average Fuel Consumption TL= 1.347 +/- 0.221
2023-04-17 Monday 09:21:37: Episode:2 Mean Average Fuel Consumption TL= 1.343 +/- 0.219
2023-04-17 Monday 09:21:37: Episode:3 Mean Average Fuel Consumption TL= 1.342 +/- 0.215
2023-04-17 Monday 09:21:37: Episode:4 Mean Average Fuel Consumption TL= 1.343 +/- 0.217
2023-04-17 Monday 09:21:37: 1-Total Mean Average Fuel Consumption TL= 1.340 +/- 0.008
2023-04-17 Monday 09:21:37: 2-Total Mean Average Fuel Consumption TL= 1.340 +/- 0.217
2023-04-17 Monday 09:21:37: Episode:0 Mean Average Noise Emission TL= 60.485 +/- 2.180
2023-04-17 Monday 09:21:37: Episode:1 Mean Average Noise Emission TL= 60.896 +/- 1.997
2023-04-17 Monday 09:21:37: Episode:2 Mean Average Noise Emission TL= 60.883 +/- 1.987
2023-04-17 Monday 09:21:37: Episode:3 Mean Average Noise Emission TL= 60.818 +/- 1.984
2023-04-17 Monday 09:21:37: Episode:4 Mean Average Noise Emission TL= 60.841 +/- 2.041
2023-04-17 Monday 09:21:37: 1-Total Mean Average Noise Emission TL= 60.784 +/- 0.152
2023-04-17 Monday 09:21:37: 2-Total Mean Average Noise Emission TL= 60.784 +/- 2.038
2023-04-17 Monday 09:21:37: Episode:0 Mean Average CO2 Emission= 2621.080 +/- 372.574
2023-04-17 Monday 09:21:37: Episode:1 Mean Average CO2 Emission= 2629.674 +/- 409.358
2023-04-17 Monday 09:21:37: Episode:2 Mean Average CO2 Emission= 2621.263 +/- 404.911
2023-04-17 Monday 09:21:37: Episode:3 Mean Average CO2 Emission= 2624.356 +/- 402.094
2023-04-17 Monday 09:21:37: Episode:4 Mean Average CO2 Emission= 2629.845 +/- 416.802
2023-04-17 Monday 09:21:37: 1-Total Mean Average CO2 Emission= 2625.244 +/- 3.867
2023-04-17 Monday 09:21:37: 2-Total Mean Average CO2 Emission= 2625.244 +/- 401.148
2023-04-17 Monday 09:21:37: Episode:0 Mean Average CO Emission= 69.106 +/- 23.148
2023-04-17 Monday 09:21:37: Episode:1 Mean Average CO Emission= 63.310 +/- 15.561
2023-04-17 Monday 09:21:37: Episode:2 Mean Average CO Emission= 63.126 +/- 15.437
2023-04-17 Monday 09:21:37: Episode:3 Mean Average CO Emission= 64.031 +/- 15.967
2023-04-17 Monday 09:21:37: Episode:4 Mean Average CO Emission= 63.786 +/- 15.808
2023-04-17 Monday 09:21:37: 1-Total Mean Average CO Emission= 64.672 +/- 2.241
2023-04-17 Monday 09:21:37: 2-Total Mean Average CO Emission= 64.672 +/- 17.184
2023-04-17 Monday 09:21:37: Episode:0 Mean Average Fuel Consumption= 1.127 +/- 0.160
2023-04-17 Monday 09:21:37: Episode:1 Mean Average Fuel Consumption= 1.130 +/- 0.176
2023-04-17 Monday 09:21:37: Episode:2 Mean Average Fuel Consumption= 1.127 +/- 0.174
2023-04-17 Monday 09:21:37: Episode:3 Mean Average Fuel Consumption= 1.128 +/- 0.173
2023-04-17 Monday 09:21:37: Episode:4 Mean Average Fuel Consumption= 1.130 +/- 0.179
2023-04-17 Monday 09:21:37: 1-Total Mean Average Fuel Consumption= 1.129 +/- 0.002
2023-04-17 Monday 09:21:37: 2-Total Mean Average Fuel Consumption= 1.129 +/- 0.172
2023-04-17 Monday 09:21:37: Episode:0 Mean Average Noise Emission= 61.051 +/- 1.560
2023-04-17 Monday 09:21:37: Episode:1 Mean Average Noise Emission= 61.425 +/- 1.234
2023-04-17 Monday 09:21:37: Episode:2 Mean Average Noise Emission= 61.414 +/- 1.215
2023-04-17 Monday 09:21:37: Episode:3 Mean Average Noise Emission= 61.373 +/- 1.227
2023-04-17 Monday 09:21:37: Episode:4 Mean Average Noise Emission= 61.400 +/- 1.260
2023-04-17 Monday 09:21:37: 1-Total Mean Average Noise Emission= 61.333 +/- 0.142
2023-04-17 Monday 09:21:37: 2-Total Mean Average Noise Emission= 61.333 +/- 1.299
2023-04-17 Monday 09:21:37: ****************************************
