2023-03-11 Saturday 03:36:03: Run: 4 for Training experiment: DoE-21 - first seed: 470 - alpha: 0.3 - gamma: 0.8 - epsilon: 0.3 - reward: diff-waiting-time
2023-03-11 Saturday 03:41:42: Run: 1 - First Epsilon: 0.3 - Last Epsilon: 0.3
2023-03-11 Saturday 03:47:01: Run: 2 - First Epsilon: 0.3 - Last Epsilon: 0.3
2023-03-11 Saturday 03:52:28: Run: 3 - First Epsilon: 0.3 - Last Epsilon: 0.3
2023-03-11 Saturday 03:57:53: Run: 4 - First Epsilon: 0.3 - Last Epsilon: 0.3
2023-03-11 Saturday 04:03:18: Run: 5 - First Epsilon: 0.3 - Last Epsilon: 0.3
2023-03-11 Saturday 04:03:18: Q-Table Total Distinct States: 336
2023-03-11 Saturday 04:03:18: Mean_reward=-0.88 +/- 0.31
2023-03-11 Saturday 04:03:18: Mean_Stopped=79853.80 +/- 2945.89
2023-03-11 Saturday 04:03:18: Mean_Stopped=80012.00 +/- 2963.44
2023-03-11 Saturday 04:03:18: Mean_waiting_time=1669152.80 +/- 66491.09
2023-03-11 Saturday 04:03:18: Mean_avg_speed=3499.21 +/- 58.86
2023-03-11 Saturday 04:03:18: Mean_avg_speed_2=65023.69 +/- 1100.09
2023-03-11 Saturday 04:03:18: Mean_avg_speed_cross_check=77323.17 +/- 839.51
2023-03-11 Saturday 04:03:18: ****************************************
2023-03-11 Saturday 04:03:18: Calculation 1 - Overall 
2023-03-11 Saturday 04:03:18: ****************************************
2023-03-11 Saturday 04:03:18: Inner X Outer Loops Mean Reward= -0.000 +/- 0.771
2023-03-11 Saturday 04:03:18: Inner X Outer Loops Mean Stopped= 7.985 +/- 2.894
2023-03-11 Saturday 04:03:18: Inner X Outer Loops Mean Stopped Cross Check= 8.000 +/- 2.896
2023-03-11 Saturday 04:03:18: Inner X Outer Loops Mean Waiting Time= 166.899 +/- 151.428
2023-03-11 Saturday 04:03:18: Inner X Outer Loops Mean Avg Speed= 0.350 +/- 0.063
2023-03-11 Saturday 04:03:18: Inner X Outer Loops Mean Avg Speed 2= 6.502 +/- 1.151
2023-03-11 Saturday 04:03:18: Inner X Outer Loops Mean Avg Speed Cross Check= 7.732 +/- 0.849
2023-03-11 Saturday 04:03:18: ****************************************
2023-03-11 Saturday 04:03:18: Calculation 2 - Per Episode
2023-03-11 Saturday 04:03:18: ****************************************
2023-03-11 Saturday 04:03:18: Episode:0 Mean Reward= -0.000 +/- 0.792
2023-03-11 Saturday 04:03:18: Episode:1 Mean Reward= -0.000 +/- 0.748
2023-03-11 Saturday 04:03:18: Episode:2 Mean Reward= -0.000 +/- 0.782
2023-03-11 Saturday 04:03:18: Episode:3 Mean Reward= -0.000 +/- 0.764
2023-03-11 Saturday 04:03:18: Episode:4 Mean Reward= -0.000 +/- 0.770
2023-03-11 Saturday 04:03:18: 1-Total Mean Reward= -0.000 +/- 0.000
2023-03-11 Saturday 04:03:18: 2-Total Mean Reward= -0.000 +/- 0.771
2023-03-11 Saturday 04:03:18: ****
2023-03-11 Saturday 04:03:18: Episode:0 Mean Stopped= 7.964 +/- 2.967
2023-03-11 Saturday 04:03:18: Episode:1 Mean Stopped= 7.422 +/- 2.443
2023-03-11 Saturday 04:03:18: Episode:2 Mean Stopped= 8.229 +/- 3.244
2023-03-11 Saturday 04:03:18: Episode:3 Mean Stopped= 8.149 +/- 2.940
2023-03-11 Saturday 04:03:18: Episode:4 Mean Stopped= 8.159 +/- 2.741
2023-03-11 Saturday 04:03:18: 1-Total Mean Stopped= 7.985 +/- 0.295
2023-03-11 Saturday 04:03:18: 2-Total Mean Stopped= 7.985 +/- 2.867
2023-03-11 Saturday 04:03:18: ****
2023-03-11 Saturday 04:03:18: Episode:0 Mean Stopped Cross Check= 7.978 +/- 2.969
2023-03-11 Saturday 04:03:18: Episode:1 Mean Stopped Cross Check= 7.435 +/- 2.444
2023-03-11 Saturday 04:03:18: Episode:2 Mean Stopped Cross Check= 8.249 +/- 3.245
2023-03-11 Saturday 04:03:18: Episode:3 Mean Stopped Cross Check= 8.162 +/- 2.942
2023-03-11 Saturday 04:03:18: Episode:4 Mean Stopped Cross Check= 8.178 +/- 2.745
2023-03-11 Saturday 04:03:18: 1-Total Mean Stopped Cross Check= 8.000 +/- 0.296
2023-03-11 Saturday 04:03:18: 2-Total Mean Stopped Cross Check= 8.000 +/- 2.869
2023-03-11 Saturday 04:03:18: ****
2023-03-11 Saturday 04:03:18: Episode:0 Mean Waiting Time= 173.636 +/- 176.343
2023-03-11 Saturday 04:03:18: Episode:1 Mean Waiting Time= 155.146 +/- 138.946
2023-03-11 Saturday 04:03:18: Episode:2 Mean Waiting Time= 172.769 +/- 169.645
2023-03-11 Saturday 04:03:18: Episode:3 Mean Waiting Time= 165.317 +/- 128.427
2023-03-11 Saturday 04:03:18: Episode:4 Mean Waiting Time= 167.626 +/- 136.951
2023-03-11 Saturday 04:03:18: 1-Total Mean Waiting Time= 166.899 +/- 6.648
2023-03-11 Saturday 04:03:18: 2-Total Mean Waiting Time= 166.899 +/- 150.062
2023-03-11 Saturday 04:03:18: Episode:0 Mean Avg Speed= 0.351 +/- 0.064
2023-03-11 Saturday 04:03:18: Episode:1 Mean Avg Speed= 0.361 +/- 0.060
2023-03-11 Saturday 04:03:18: Episode:2 Mean Avg Speed= 0.345 +/- 0.066
2023-03-11 Saturday 04:03:18: Episode:3 Mean Avg Speed= 0.347 +/- 0.063
2023-03-11 Saturday 04:03:18: Episode:4 Mean Avg Speed= 0.345 +/- 0.062
2023-03-11 Saturday 04:03:18: 1-Total Mean Avg Speed= 0.350 +/- 0.006
2023-03-11 Saturday 04:03:18: 2-Total Mean Avg Speed= 0.350 +/- 0.063
2023-03-11 Saturday 04:03:18: Episode:0 Mean Avg Speed 2= 6.531 +/- 1.165
2023-03-11 Saturday 04:03:18: Episode:1 Mean Avg Speed 2= 6.705 +/- 1.102
2023-03-11 Saturday 04:03:18: Episode:2 Mean Avg Speed 2= 6.421 +/- 1.189
2023-03-11 Saturday 04:03:18: Episode:3 Mean Avg Speed 2= 6.443 +/- 1.146
2023-03-11 Saturday 04:03:18: Episode:4 Mean Avg Speed 2= 6.409 +/- 1.126
2023-03-11 Saturday 04:03:18: 1-Total Mean Avg Speed 2= 6.502 +/- 0.110
2023-03-11 Saturday 04:03:18: 2-Total Mean Avg Speed 2= 6.502 +/- 1.145
2023-03-11 Saturday 04:03:18: Episode:0 Mean Avg Speed Cross Check= 7.757 +/- 0.862
2023-03-11 Saturday 04:03:18: Episode:1 Mean Avg Speed Cross Check= 7.885 +/- 0.793
2023-03-11 Saturday 04:03:18: Episode:2 Mean Avg Speed Cross Check= 7.667 +/- 0.888
2023-03-11 Saturday 04:03:18: Episode:3 Mean Avg Speed Cross Check= 7.688 +/- 0.852
2023-03-11 Saturday 04:03:18: Episode:4 Mean Avg Speed Cross Check= 7.661 +/- 0.826
2023-03-11 Saturday 04:03:18: 1-Total Mean Avg Speed Cross Check= 7.732 +/- 0.084
2023-03-11 Saturday 04:03:18: 2-Total Mean Avg Speed Cross Check= 7.732 +/- 0.844
2023-03-11 Saturday 04:03:18: ****************************************
