2023-04-11 Tuesday 19:58:04 root:INFO:Run: 4 for Baseline experiment: DE-4 - route: ../nets/roundabout/input_routes_roundabout_auto_v1-4.rou.xml - first seed: 480 - alpha: 0.5 - gamma: 0.99 - epsilon: 0.2 - reward: diff-waiting-time
2023-04-11 Tuesday 20:01:48 root:INFO:Total Missing States: 0
2023-04-11 Tuesday 20:01:48 root:INFO:Mean Reward=-11897.00 +/- 0.00
2023-04-11 Tuesday 20:01:48 root:INFO:Mean Stopped=11897.00 +/- 0.00
2023-04-11 Tuesday 20:01:48 root:INFO:Mean_Stopped=11897.00 +/- 0.00
2023-04-11 Tuesday 20:01:48 root:INFO:Mean Waiting Time=122998.00 +/- 0.00
2023-04-11 Tuesday 20:01:48 root:INFO:Mean_avg_speed=4067.02 +/- 0.00
2023-04-11 Tuesday 20:01:48 root:INFO:Mean_avg_speed_2=74603.65 +/- 0.00
2023-04-11 Tuesday 20:01:48 root:INFO:Mean_avg_speed_cross_check=89479.13 +/- 0.00
2023-04-11 Tuesday 20:01:48 root:INFO:****************************************
2023-04-11 Tuesday 20:01:48 root:INFO:Calculation 1 - Overall 
2023-04-11 Tuesday 20:01:48 root:INFO:****************************************
2023-04-11 Tuesday 20:01:48 root:INFO:Inner X Outer Loops Mean Reward=-1.190 +/- 1.029
2023-04-11 Tuesday 20:01:48 root:INFO:Inner X Outer Loops Mean Stopped= 1.190 +/- 1.029
2023-04-11 Tuesday 20:01:48 root:INFO:Inner X Outer Loops Mean Stopped Cross Check= 1.190 +/- 1.029
2023-04-11 Tuesday 20:01:48 root:INFO:Inner X Outer Loops Mean Waiting Time= 12.299 +/- 20.076
2023-04-11 Tuesday 20:01:48 root:INFO:Inner X Outer Loops Mean Avg Speed= 0.407 +/- 0.345
2023-04-11 Tuesday 20:01:48 root:INFO:Inner X Outer Loops Mean Avg Speed 2= 7.460 +/- 6.705
2023-04-11 Tuesday 20:01:48 root:INFO:Inner X Outer Loops Mean Avg Speed Cross Check= 8.947 +/- 3.697
2023-04-11 Tuesday 20:01:48 root:INFO:****************************************
2023-04-11 Tuesday 20:01:48 root:INFO:Calculation 2 - Per Episode
2023-04-11 Tuesday 20:01:48 root:INFO:****************************************
2023-04-11 Tuesday 20:01:48 root:INFO:Episode:0 Mean Waiting Time=-1.190 +/- 1.029
2023-04-11 Tuesday 20:01:48 root:INFO:1-Total Mean Reward= -1.190 +/- 0.000
2023-04-11 Tuesday 20:01:48 root:INFO:2-Total Mean Reward= -1.190 +/- 1.029
2023-04-11 Tuesday 20:01:48 root:INFO:****
2023-04-11 Tuesday 20:01:48 root:INFO:Episode:0 Mean Stopped= 1.190 +/- 1.029
2023-04-11 Tuesday 20:01:48 root:INFO:1-Total Mean Stopped= 1.190 +/- 0.000
2023-04-11 Tuesday 20:01:48 root:INFO:2-Total Mean Stopped= 1.190 +/- 1.029
2023-04-11 Tuesday 20:01:48 root:INFO:****
2023-04-11 Tuesday 20:01:48 root:INFO:Episode:0 Mean Stopped Cross Check= 1.190 +/- 1.029
2023-04-11 Tuesday 20:01:48 root:INFO:1-Total Mean Stopped Cross Check= 1.190 +/- 0.000
2023-04-11 Tuesday 20:01:48 root:INFO:2-Total Mean Stopped Cross Check= 1.190 +/- 1.029
2023-04-11 Tuesday 20:01:48 root:INFO:****
2023-04-11 Tuesday 20:01:48 root:INFO:Episode:0 Mean Waiting Time= 12.299 +/- 20.076
2023-04-11 Tuesday 20:01:48 root:INFO:1-Total Mean Waiting Time= 12.299 +/- 0.000
2023-04-11 Tuesday 20:01:48 root:INFO:2-Total Mean Waiting Time= 12.299 +/- 20.076
2023-04-11 Tuesday 20:01:48 root:INFO:Episode:0 Mean Avg Speed= 0.407 +/- 0.345
2023-04-11 Tuesday 20:01:48 root:INFO:1-Total Mean Avg Speed= 0.407 +/- 0.000
2023-04-11 Tuesday 20:01:48 root:INFO:2-Total Mean Avg Speed= 0.407 +/- 0.345
2023-04-11 Tuesday 20:01:48 root:INFO:Episode:0 Mean Avg Speed 2= 7.460 +/- 6.705
2023-04-11 Tuesday 20:01:48 root:INFO:1-Total Mean Avg Speed 2= 7.460 +/- 0.000
2023-04-11 Tuesday 20:01:48 root:INFO:2-Total Mean Avg Speed 2= 7.460 +/- 6.705
2023-04-11 Tuesday 20:01:48 root:INFO:Episode:0 Mean Avg Speed Cross Check= 8.947 +/- 3.697
2023-04-11 Tuesday 20:01:48 root:INFO:1-Total Mean Avg Speed Cross Check= 8.947 +/- 0.000
2023-04-11 Tuesday 20:01:48 root:INFO:2-Total Mean Avg Speed Cross Check= 8.947 +/- 3.697
2023-04-11 Tuesday 20:01:48 root:INFO:****************************************
