2023-04-16 Sunday 12:44:00: Run: 4 for Training experiment: DE-Enhanced-6 - route: ../nets/roundabout/input_routes_roundabout_auto_v1-6.rou.xml - first seed: 470 - alpha: 0.5 - gamma: 0.99 - epsilon: 0.2 - reward: diff-waiting-time
2023-04-16 Sunday 13:06:41: Run: 1 - First Epsilon: 0.2 - Last Epsilon: 0.2
2023-04-16 Sunday 13:19:32: Run: 2 - First Epsilon: 0.2 - Last Epsilon: 0.2
2023-04-16 Sunday 13:29:07: Run: 3 - First Epsilon: 0.2 - Last Epsilon: 0.2
2023-04-16 Sunday 13:38:37: Run: 4 - First Epsilon: 0.2 - Last Epsilon: 0.2
2023-04-16 Sunday 13:48:10: Run: 5 - First Epsilon: 0.2 - Last Epsilon: 0.2
2023-04-16 Sunday 13:48:11: Q-Table Total Distinct States: 1125
2023-04-16 Sunday 13:48:11: Mean_reward=-2.46 +/- 2.24
2023-04-16 Sunday 13:48:11: Mean_Stopped=183131.80 +/- 171369.42
2023-04-16 Sunday 13:48:11: Mean_Stopped=183254.00 +/- 171406.18
2023-04-16 Sunday 13:48:11: Mean_waiting_time=5578820.40 +/- 5867143.34
2023-04-16 Sunday 13:48:11: Mean_avg_speed=3005.64 +/- 1027.81
2023-04-16 Sunday 13:48:11: Mean_avg_speed_2=55788.29 +/- 19065.67
2023-04-16 Sunday 13:48:11: Mean_avg_speed_cross_check=67569.62 +/- 18647.01
2023-04-16 Sunday 13:48:11: Mean_average_co2_emission_tl=29960521.55 +/- 1752471.19
2023-04-16 Sunday 13:48:11: Mean_average_co_emission_tl=1054540.10 +/- 161344.19
2023-04-16 Sunday 13:48:11: Mean_average_fuel_consumption_tl=12879.16 +/- 753.21
2023-04-16 Sunday 13:48:11: Mean_average_noise_emission_tl=597563.11 +/- 13399.45
2023-04-16 Sunday 13:48:11: Mean_average_co2_emission=25537565.21 +/- 153011.86
2023-04-16 Sunday 13:48:11: Mean_average_co_emission=795437.92 +/- 202509.04
2023-04-16 Sunday 13:48:11: Mean_average_fuel_consumptions=10977.85 +/- 65.68
2023-04-16 Sunday 13:48:11: Mean_average_noise_emissions=604057.96 +/- 12604.19
2023-04-16 Sunday 13:48:11: ****************************************
2023-04-16 Sunday 13:48:11: Calculation 1 - Overall 
2023-04-16 Sunday 13:48:11: ****************************************
2023-04-16 Sunday 13:48:11: Inner X Outer Loops Mean Reward= -0.000 +/- 1.286
2023-04-16 Sunday 13:48:11: Inner X Outer Loops Mean Stopped= 18.311 +/- 20.858
2023-04-16 Sunday 13:48:11: Inner X Outer Loops Mean Stopped Cross Check= 18.324 +/- 20.861
2023-04-16 Sunday 13:48:11: Inner X Outer Loops Mean Waiting Time= 557.826 +/- 1070.783
2023-04-16 Sunday 13:48:11: Inner X Outer Loops Mean Avg Speed= 0.301 +/- 0.126
2023-04-16 Sunday 13:48:11: Inner X Outer Loops Mean Avg Speed 2= 5.578 +/- 2.322
2023-04-16 Sunday 13:48:11: Inner X Outer Loops Mean Avg Speed Cross Check= 6.756 +/- 2.192
2023-04-16 Sunday 13:48:11: Inner X Outer Loops Mean Average CO2 Emission TL= 2995.753 +/- 282.687
2023-04-16 Sunday 13:48:11: Inner X Outer Loops Mean Average CO Emission TL= 105.443 +/- 20.196
2023-04-16 Sunday 13:48:11: Inner X Outer Loops Mean Average Fuel Consumption TL= 1.288 +/- 0.122
2023-04-16 Sunday 13:48:11: Inner X Outer Loops Mean Average Noise Emission TL= 59.750 +/- 1.769
2023-04-16 Sunday 13:48:11: Inner X Outer Loops Mean Average CO2 Emission= 2553.501 +/- 187.661
2023-04-16 Sunday 13:48:11: Inner X Outer Loops Mean Average CO Emission= 79.536 +/- 24.112
2023-04-16 Sunday 13:48:11: Inner X Outer Loops Mean Average Fuel Consumptions= 1.098 +/- 0.081
2023-04-16 Sunday 13:48:11: Inner X Outer Loops Mean Average Noise Emissions= 60.400 +/- 1.540
2023-04-16 Sunday 13:48:11: ****************************************
2023-04-16 Sunday 13:48:11: Calculation 2 - Per Episode
2023-04-16 Sunday 13:48:11: ****************************************
2023-04-16 Sunday 13:48:11: Episode:0 Mean Reward= -0.001 +/- 2.138
2023-04-16 Sunday 13:48:11: Episode:1 Mean Reward= -0.000 +/- 1.401
2023-04-16 Sunday 13:48:11: Episode:2 Mean Reward= -0.000 +/- 0.806
2023-04-16 Sunday 13:48:11: Episode:3 Mean Reward= -0.000 +/- 0.753
2023-04-16 Sunday 13:48:11: Episode:4 Mean Reward= -0.000 +/- 0.723
2023-04-16 Sunday 13:48:11: 1-Total Mean Reward= -0.000 +/- 0.000
2023-04-16 Sunday 13:48:11: 2-Total Mean Reward= -0.000 +/- 1.164
2023-04-16 Sunday 13:48:11: ****
2023-04-16 Sunday 13:48:11: Episode:0 Mean Stopped= 51.265 +/- 13.784
2023-04-16 Sunday 13:48:11: Episode:1 Mean Stopped= 19.183 +/- 22.436
2023-04-16 Sunday 13:48:11: Episode:2 Mean Stopped= 7.161 +/- 2.228
2023-04-16 Sunday 13:48:11: Episode:3 Mean Stopped= 6.927 +/- 2.054
2023-04-16 Sunday 13:48:11: Episode:4 Mean Stopped= 7.021 +/- 2.140
2023-04-16 Sunday 13:48:11: 1-Total Mean Stopped= 18.311 +/- 17.135
2023-04-16 Sunday 13:48:11: 2-Total Mean Stopped= 18.311 +/- 8.528
2023-04-16 Sunday 13:48:11: ****
2023-04-16 Sunday 13:48:11: Episode:0 Mean Stopped Cross Check= 51.284 +/- 13.781
2023-04-16 Sunday 13:48:11: Episode:1 Mean Stopped Cross Check= 19.197 +/- 22.440
2023-04-16 Sunday 13:48:11: Episode:2 Mean Stopped Cross Check= 7.172 +/- 2.229
2023-04-16 Sunday 13:48:11: Episode:3 Mean Stopped Cross Check= 6.935 +/- 2.052
2023-04-16 Sunday 13:48:11: Episode:4 Mean Stopped Cross Check= 7.030 +/- 2.140
2023-04-16 Sunday 13:48:11: 1-Total Mean Stopped Cross Check= 18.324 +/- 17.139
2023-04-16 Sunday 13:48:11: 2-Total Mean Stopped Cross Check= 18.324 +/- 8.528
2023-04-16 Sunday 13:48:11: ****
2023-04-16 Sunday 13:48:11: Episode:0 Mean Waiting Time= 1670.123 +/- 1579.084
2023-04-16 Sunday 13:48:11: Episode:1 Mean Waiting Time= 640.847 +/- 1203.583
2023-04-16 Sunday 13:48:11: Episode:2 Mean Waiting Time= 175.979 +/- 180.462
2023-04-16 Sunday 13:48:11: Episode:3 Mean Waiting Time= 156.192 +/- 144.125
2023-04-16 Sunday 13:48:11: Episode:4 Mean Waiting Time= 145.989 +/- 128.843
2023-04-16 Sunday 13:48:11: 1-Total Mean Waiting Time= 557.826 +/- 586.656
2023-04-16 Sunday 13:48:11: 2-Total Mean Waiting Time= 557.826 +/- 647.219
2023-04-16 Sunday 13:48:11: Episode:0 Mean Avg Speed= 0.104 +/- 0.032
2023-04-16 Sunday 13:48:11: Episode:1 Mean Avg Speed= 0.290 +/- 0.121
2023-04-16 Sunday 13:48:11: Episode:2 Mean Avg Speed= 0.367 +/- 0.060
2023-04-16 Sunday 13:48:11: Episode:3 Mean Avg Speed= 0.372 +/- 0.058
2023-04-16 Sunday 13:48:11: Episode:4 Mean Avg Speed= 0.370 +/- 0.060
2023-04-16 Sunday 13:48:11: 1-Total Mean Avg Speed= 0.301 +/- 0.103
2023-04-16 Sunday 13:48:11: 2-Total Mean Avg Speed= 0.301 +/- 0.066
2023-04-16 Sunday 13:48:11: Episode:0 Mean Avg Speed 2= 1.940 +/- 0.593
2023-04-16 Sunday 13:48:11: Episode:1 Mean Avg Speed 2= 5.386 +/- 2.240
2023-04-16 Sunday 13:48:11: Episode:2 Mean Avg Speed 2= 6.812 +/- 1.078
2023-04-16 Sunday 13:48:11: Episode:3 Mean Avg Speed 2= 6.896 +/- 1.047
2023-04-16 Sunday 13:48:11: Episode:4 Mean Avg Speed 2= 6.858 +/- 1.077
2023-04-16 Sunday 13:48:11: 1-Total Mean Avg Speed 2= 5.578 +/- 1.906
2023-04-16 Sunday 13:48:11: 2-Total Mean Avg Speed 2= 5.578 +/- 1.207
2023-04-16 Sunday 13:48:11: Episode:0 Mean Avg Speed Cross Check= 3.183 +/- 0.694
2023-04-16 Sunday 13:48:11: Episode:1 Mean Avg Speed Cross Check= 6.616 +/- 2.121
2023-04-16 Sunday 13:48:11: Episode:2 Mean Avg Speed Cross Check= 7.965 +/- 0.762
2023-04-16 Sunday 13:48:11: Episode:3 Mean Avg Speed Cross Check= 8.022 +/- 0.727
2023-04-16 Sunday 13:48:11: Episode:4 Mean Avg Speed Cross Check= 7.995 +/- 0.750
2023-04-16 Sunday 13:48:11: 1-Total Mean Avg Speed Cross Check= 6.756 +/- 1.865
2023-04-16 Sunday 13:48:11: 2-Total Mean Avg Speed Cross Check= 6.756 +/- 1.011
2023-04-16 Sunday 13:48:11: Episode:0 Mean Average CO2 Emission TL= 2660.331 +/- 99.170
2023-04-16 Sunday 13:48:11: Episode:1 Mean Average CO2 Emission TL= 2981.406 +/- 272.307
2023-04-16 Sunday 13:48:11: Episode:2 Mean Average CO2 Emission TL= 3108.473 +/- 230.800
2023-04-16 Sunday 13:48:11: Episode:3 Mean Average CO2 Emission TL= 3116.682 +/- 231.927
2023-04-16 Sunday 13:48:11: Episode:4 Mean Average CO2 Emission TL= 3111.871 +/- 234.492
2023-04-16 Sunday 13:48:11: 1-Total Mean Average CO2 Emission TL= 2995.753 +/- 175.230
2023-04-16 Sunday 13:48:11: 2-Total Mean Average CO2 Emission TL= 2995.753 +/- 213.739
2023-04-16 Sunday 13:48:11: Episode:0 Mean Average CO Emission TL= 136.193 +/- 8.382
2023-04-16 Sunday 13:48:11: Episode:1 Mean Average CO Emission TL= 107.207 +/- 19.690
2023-04-16 Sunday 13:48:11: Episode:2 Mean Average CO Emission TL= 95.021 +/- 9.771
2023-04-16 Sunday 13:48:11: Episode:3 Mean Average CO Emission TL= 94.258 +/- 9.429
2023-04-16 Sunday 13:48:11: Episode:4 Mean Average CO Emission TL= 94.538 +/- 9.786
2023-04-16 Sunday 13:48:11: 1-Total Mean Average CO Emission TL= 105.443 +/- 16.133
2023-04-16 Sunday 13:48:11: 2-Total Mean Average CO Emission TL= 105.443 +/- 11.412
2023-04-16 Sunday 13:48:11: Episode:0 Mean Average Fuel Consumption TL= 1.144 +/- 0.043
2023-04-16 Sunday 13:48:11: Episode:1 Mean Average Fuel Consumption TL= 1.282 +/- 0.117
2023-04-16 Sunday 13:48:11: Episode:2 Mean Average Fuel Consumption TL= 1.336 +/- 0.099
2023-04-16 Sunday 13:48:11: Episode:3 Mean Average Fuel Consumption TL= 1.340 +/- 0.100
2023-04-16 Sunday 13:48:11: Episode:4 Mean Average Fuel Consumption TL= 1.338 +/- 0.101
2023-04-16 Sunday 13:48:11: 1-Total Mean Average Fuel Consumption TL= 1.288 +/- 0.075
2023-04-16 Sunday 13:48:11: 2-Total Mean Average Fuel Consumption TL= 1.288 +/- 0.092
2023-04-16 Sunday 13:48:11: Episode:0 Mean Average Noise Emission TL= 57.192 +/- 0.476
2023-04-16 Sunday 13:48:11: Episode:1 Mean Average Noise Emission TL= 59.619 +/- 1.707
2023-04-16 Sunday 13:48:11: Episode:2 Mean Average Noise Emission TL= 60.623 +/- 1.078
2023-04-16 Sunday 13:48:11: Episode:3 Mean Average Noise Emission TL= 60.670 +/- 1.079
2023-04-16 Sunday 13:48:11: Episode:4 Mean Average Noise Emission TL= 60.648 +/- 1.100
2023-04-16 Sunday 13:48:11: 1-Total Mean Average Noise Emission TL= 59.750 +/- 1.340
2023-04-16 Sunday 13:48:11: 2-Total Mean Average Noise Emission TL= 59.750 +/- 1.088
2023-04-16 Sunday 13:48:11: Episode:0 Mean Average CO2 Emission= 2523.501 +/- 101.607
2023-04-16 Sunday 13:48:11: Episode:1 Mean Average CO2 Emission= 2555.861 +/- 187.337
2023-04-16 Sunday 13:48:11: Episode:2 Mean Average CO2 Emission= 2564.943 +/- 204.831
2023-04-16 Sunday 13:48:11: Episode:3 Mean Average CO2 Emission= 2562.756 +/- 208.568
2023-04-16 Sunday 13:48:11: Episode:4 Mean Average CO2 Emission= 2560.445 +/- 209.851
2023-04-16 Sunday 13:48:11: 1-Total Mean Average CO2 Emission= 2553.501 +/- 15.300
2023-04-16 Sunday 13:48:11: 2-Total Mean Average CO2 Emission= 2553.501 +/- 182.439
2023-04-16 Sunday 13:48:11: Episode:0 Mean Average CO Emission= 118.306 +/- 9.423
2023-04-16 Sunday 13:48:11: Episode:1 Mean Average CO Emission= 81.163 +/- 23.487
2023-04-16 Sunday 13:48:11: Episode:2 Mean Average CO Emission= 66.484 +/- 8.656
2023-04-16 Sunday 13:48:11: Episode:3 Mean Average CO Emission= 65.711 +/- 8.285
2023-04-16 Sunday 13:48:11: Episode:4 Mean Average CO Emission= 66.014 +/- 8.544
2023-04-16 Sunday 13:48:11: 1-Total Mean Average CO Emission= 79.536 +/- 20.249
2023-04-16 Sunday 13:48:11: 2-Total Mean Average CO Emission= 79.536 +/- 11.679
2023-04-16 Sunday 13:48:11: Episode:0 Mean Average Fuel Consumption= 1.085 +/- 0.044
2023-04-16 Sunday 13:48:11: Episode:1 Mean Average Fuel Consumption= 1.099 +/- 0.081
2023-04-16 Sunday 13:48:11: Episode:2 Mean Average Fuel Consumption= 1.103 +/- 0.088
2023-04-16 Sunday 13:48:11: Episode:3 Mean Average Fuel Consumption= 1.102 +/- 0.090
2023-04-16 Sunday 13:48:11: Episode:4 Mean Average Fuel Consumption= 1.101 +/- 0.090
2023-04-16 Sunday 13:48:11: 1-Total Mean Average Fuel Consumption= 1.098 +/- 0.007
2023-04-16 Sunday 13:48:11: 2-Total Mean Average Fuel Consumption= 1.098 +/- 0.078
2023-04-16 Sunday 13:48:11: Episode:0 Mean Average Noise Emission= 57.984 +/- 0.509
2023-04-16 Sunday 13:48:11: Episode:1 Mean Average Noise Emission= 60.307 +/- 1.492
2023-04-16 Sunday 13:48:11: Episode:2 Mean Average Noise Emission= 61.222 +/- 0.691
2023-04-16 Sunday 13:48:11: Episode:3 Mean Average Noise Emission= 61.251 +/- 0.682
2023-04-16 Sunday 13:48:11: Episode:4 Mean Average Noise Emission= 61.236 +/- 0.699
2023-04-16 Sunday 13:48:11: 1-Total Mean Average Noise Emission= 60.400 +/- 1.260
2023-04-16 Sunday 13:48:11: 2-Total Mean Average Noise Emission= 60.400 +/- 0.815
2023-04-16 Sunday 13:48:11: ****************************************
