2023-01-22 Sunday 23:08:58 root:INFO:Total Missing States: 0
2023-01-22 Sunday 23:08:58 root:INFO:Mean Reward=-192.51 +/- 5.57
2023-01-22 Sunday 23:08:58 root:INFO:Mean Stopped=518880.60 +/- 400.99
2023-01-22 Sunday 23:08:58 root:INFO:Mean Waiting Time=190648037.00 +/- 753712.54
2023-01-22 Sunday 23:08:58 root:INFO:****************************************
2023-01-22 Sunday 23:08:58 root:INFO:Calculation 1 - Overall 
2023-01-22 Sunday 23:08:58 root:INFO:****************************************
2023-01-22 Sunday 23:08:58 root:INFO:Inner X Outer Loops Mean Reward=-0.019 +/- 4.609
2023-01-22 Sunday 23:08:58 root:INFO:Inner X Outer Loops Mean Stopped= 51.883 +/- 3.857
2023-01-22 Sunday 23:08:58 root:INFO:Inner X Outer Loops Mean Waiting Time= 19062.897 +/- 2063.231
2023-01-22 Sunday 23:08:58 root:INFO:****************************************
2023-01-22 Sunday 23:08:58 root:INFO:Calculation 2 - Per Episode
2023-01-22 Sunday 23:08:58 root:INFO:****************************************
2023-01-22 Sunday 23:08:58 root:INFO:Episode:0 Mean Waiting Time=-0.019 +/- 4.612
2023-01-22 Sunday 23:08:58 root:INFO:Episode:1 Mean Waiting Time=-0.020 +/- 4.625
2023-01-22 Sunday 23:08:58 root:INFO:Episode:2 Mean Waiting Time=-0.019 +/- 4.609
2023-01-22 Sunday 23:08:58 root:INFO:Episode:3 Mean Waiting Time=-0.019 +/- 4.596
2023-01-22 Sunday 23:08:58 root:INFO:Episode:4 Mean Waiting Time=-0.020 +/- 4.604
2023-01-22 Sunday 23:08:58 root:INFO:1-Total Mean Reward= -0.019 +/- 0.001
2023-01-22 Sunday 23:08:58 root:INFO:2-Total Mean Reward= -0.019 +/- 4.609
2023-01-22 Sunday 23:08:58 root:INFO:****
2023-01-22 Sunday 23:08:58 root:INFO:Episode:0 Mean Stopped= 51.869 +/- 3.879
2023-01-22 Sunday 23:08:58 root:INFO:Episode:1 Mean Stopped= 51.957 +/- 3.854
2023-01-22 Sunday 23:08:58 root:INFO:Episode:2 Mean Stopped= 51.837 +/- 3.811
2023-01-22 Sunday 23:08:58 root:INFO:Episode:3 Mean Stopped= 51.869 +/- 3.862
2023-01-22 Sunday 23:08:58 root:INFO:Episode:4 Mean Stopped= 51.882 +/- 3.878
2023-01-22 Sunday 23:08:58 root:INFO:1-Total Mean Stopped= 51.883 +/- 0.040
2023-01-22 Sunday 23:08:58 root:INFO:2-Total Mean Stopped= 51.883 +/- 3.857
2023-01-22 Sunday 23:08:58 root:INFO:****
2023-01-22 Sunday 23:08:58 root:INFO:Episode:0 Mean Waiting Time= 19077.076 +/- 2085.582
2023-01-22 Sunday 23:08:58 root:INFO:Episode:1 Mean Waiting Time= 19187.836 +/- 2052.493
2023-01-22 Sunday 23:08:58 root:INFO:Episode:2 Mean Waiting Time= 18973.126 +/- 2008.988
2023-01-22 Sunday 23:08:58 root:INFO:Episode:3 Mean Waiting Time= 18997.535 +/- 2067.941
2023-01-22 Sunday 23:08:58 root:INFO:Episode:4 Mean Waiting Time= 19078.914 +/- 2093.185
2023-01-22 Sunday 23:08:58 root:INFO:1-Total Mean Waiting Time= 19062.897 +/- 75.364
2023-01-22 Sunday 23:08:58 root:INFO:2-Total Mean Waiting Time= 19062.897 +/- 2061.638
2023-01-22 Sunday 23:08:58 root:INFO:****************************************
