2023-05-29 Monday 21:09:55 root:INFO:Run: 4 for Baseline experiment: DE-Enhanced-S3-1 - route: ../nets/roundabout/input_routes_roundabout_auto_v1-1.rou.xml - first seed: 480 - alpha: 0.5 - gamma: 0.99 - epsilon: 0.2 - reward: diff-waiting-time
2023-05-29 Monday 21:53:07 root:INFO:Total Missing States: 0
2023-05-29 Monday 21:53:07 root:INFO:Mean Reward=-1439623.00 +/- 0.00
2023-05-29 Monday 21:53:07 root:INFO:Mean Stopped=1439623.00 +/- 0.00
2023-05-29 Monday 21:53:07 root:INFO:Mean_Stopped=1439632.00 +/- 0.00
2023-05-29 Monday 21:53:07 root:INFO:Mean Waiting Time=32387521.00 +/- 0.00
2023-05-29 Monday 21:53:07 root:INFO:Mean_avg_speed=381.80 +/- 0.00
2023-05-29 Monday 21:53:07 root:INFO:Mean_avg_speed_2=7097.24 +/- 0.00
2023-05-29 Monday 21:53:07 root:INFO:Mean_avg_speed_cross_check=12652.79 +/- 0.00
2023-05-29 Monday 21:53:07 root:INFO:Mean_average_co2_emission_tl=25403516.35 +/- 0.00
2023-05-29 Monday 21:53:07 root:INFO:Mean_average_co_emission_tl=1473873.81 +/- 0.00
2023-05-29 Monday 21:53:07 root:INFO:Mean_average_fuel_consumption_tl=10920.56 +/- 0.00
2023-05-29 Monday 21:53:07 root:INFO:Mean_average_noise_emission_tl=563394.75 +/- 0.00
2023-05-29 Monday 21:53:07 root:INFO:Mean_average_co2_emission=25042600.49 +/- 0.00
2023-05-29 Monday 21:53:07 root:INFO:Mean_average_co_emission=1398907.79 +/- 0.00
2023-05-29 Monday 21:53:07 root:INFO:Mean_average_fuel_consumptions=10765.39 +/- 0.00
2023-05-29 Monday 21:53:07 root:INFO:Mean_average_noise_emissions=567054.15 +/- 0.00
2023-05-29 Monday 21:53:07 root:INFO:****************************************
2023-05-29 Monday 21:53:07 root:INFO:Calculation 1 - Overall 
2023-05-29 Monday 21:53:07 root:INFO:****************************************
2023-05-29 Monday 21:53:07 root:INFO:Inner X Outer Loops Mean Reward=-143.948 +/- 24.820
2023-05-29 Monday 21:53:07 root:INFO:Inner X Outer Loops Mean Stopped= 143.948 +/- 24.820
2023-05-29 Monday 21:53:07 root:INFO:Inner X Outer Loops Mean Stopped Cross Check= 143.949 +/- 24.820
2023-05-29 Monday 21:53:07 root:INFO:Inner X Outer Loops Mean Waiting Time= 3238.428 +/- 587.128
2023-05-29 Monday 21:53:07 root:INFO:Inner X Outer Loops Mean Avg Speed= 0.038 +/- 0.034
2023-05-29 Monday 21:53:07 root:INFO:Inner X Outer Loops Mean Avg Speed 2= 0.710 +/- 0.626
2023-05-29 Monday 21:53:07 root:INFO:Inner X Outer Loops Mean Avg Speed Cross Check= 1.265 +/- 0.716
2023-05-29 Monday 21:53:07 root:INFO:Inner X Outer Loops Mean Average CO2 Emission TL= 2540.098 +/- 68.736
2023-05-29 Monday 21:53:07 root:INFO:Inner X Outer Loops Mean Average CO Emission TL= 147.373 +/- 5.792
2023-05-29 Monday 21:53:07 root:INFO:Inner X Outer Loops Mean Average Fuel Consumption TL= 1.092 +/- 0.030
2023-05-29 Monday 21:53:07 root:INFO:Inner X Outer Loops Mean Average Noise Emission TL= 56.334 +/- 0.458
2023-05-29 Monday 21:53:07 root:INFO:Inner X Outer Loops Mean Average CO2 Emission= 2504.010 +/- 55.751
2023-05-29 Monday 21:53:07 root:INFO:Inner X Outer Loops Mean Average CO Emission= 139.877 +/- 7.616
2023-05-29 Monday 21:53:07 root:INFO:Inner X Outer Loops Mean Average Fuel Consumptions= 1.076 +/- 0.024
2023-05-29 Monday 21:53:07 root:INFO:Inner X Outer Loops Mean Average Noise Emissions= 56.700 +/- 0.507
2023-05-29 Monday 21:53:07 root:INFO:****************************************
2023-05-29 Monday 21:53:07 root:INFO:Calculation 2 - Per Episode
2023-05-29 Monday 21:53:07 root:INFO:****************************************
2023-05-29 Monday 21:53:07 root:INFO:Episode:0 Mean Waiting Time=-143.948 +/- 24.820
2023-05-29 Monday 21:53:07 root:INFO:1-Total Mean Reward= -143.948 +/- 0.000
2023-05-29 Monday 21:53:07 root:INFO:2-Total Mean Reward= -143.948 +/- 24.820
2023-05-29 Monday 21:53:07 root:INFO:****
2023-05-29 Monday 21:53:07 root:INFO:Episode:0 Mean Stopped= 143.948 +/- 24.820
2023-05-29 Monday 21:53:07 root:INFO:1-Total Mean Stopped= 143.948 +/- 0.000
2023-05-29 Monday 21:53:07 root:INFO:2-Total Mean Stopped= 143.948 +/- 24.820
2023-05-29 Monday 21:53:07 root:INFO:****
2023-05-29 Monday 21:53:07 root:INFO:Episode:0 Mean Stopped Cross Check= 143.949 +/- 24.820
2023-05-29 Monday 21:53:07 root:INFO:1-Total Mean Stopped Cross Check= 143.949 +/- 0.000
2023-05-29 Monday 21:53:07 root:INFO:2-Total Mean Stopped Cross Check= 143.949 +/- 24.820
2023-05-29 Monday 21:53:07 root:INFO:****
2023-05-29 Monday 21:53:07 root:INFO:Episode:0 Mean Waiting Time= 3238.428 +/- 587.128
2023-05-29 Monday 21:53:07 root:INFO:1-Total Mean Waiting Time= 3238.428 +/- 0.000
2023-05-29 Monday 21:53:07 root:INFO:2-Total Mean Waiting Time= 3238.428 +/- 587.128
2023-05-29 Monday 21:53:07 root:INFO:Episode:0 Mean Avg Speed= 0.038 +/- 0.034
2023-05-29 Monday 21:53:07 root:INFO:1-Total Mean Avg Speed= 0.038 +/- 0.000
2023-05-29 Monday 21:53:07 root:INFO:2-Total Mean Avg Speed= 0.038 +/- 0.034
2023-05-29 Monday 21:53:07 root:INFO:Episode:0 Mean Avg Speed 2= 0.710 +/- 0.626
2023-05-29 Monday 21:53:07 root:INFO:1-Total Mean Avg Speed 2= 0.710 +/- 0.000
2023-05-29 Monday 21:53:07 root:INFO:2-Total Mean Avg Speed 2= 0.710 +/- 0.626
2023-05-29 Monday 21:53:07 root:INFO:Episode:0 Mean Avg Speed Cross Check= 1.265 +/- 0.716
2023-05-29 Monday 21:53:07 root:INFO:1-Total Mean Avg Speed Cross Check= 1.265 +/- 0.000
2023-05-29 Monday 21:53:07 root:INFO:2-Total Mean Avg Speed Cross Check= 1.265 +/- 0.716
2023-05-29 Monday 21:53:07 root:INFO:Episode:0 Mean Average CO2 Emission TL= 2540.098 +/- 68.736
2023-05-29 Monday 21:53:07 root:INFO:1-Total Mean Average CO2 Emission TL= 2540.098 +/- 0.000
2023-05-29 Monday 21:53:07 root:INFO:2-Total Mean Average CO2 Emission TL= 2540.098 +/- 68.736
2023-05-29 Monday 21:53:07 root:INFO:Episode:0 Mean Average CO Emission TL= 147.373 +/- 5.792
2023-05-29 Monday 21:53:07 root:INFO:1-Total Mean Average CO Emission TL= 147.373 +/- 0.000
2023-05-29 Monday 21:53:07 root:INFO:2-Total Mean Average CO Emission TL= 147.373 +/- 5.792
2023-05-29 Monday 21:53:07 root:INFO:Episode:0 Mean Average Fuel Consumption TL= 1.092 +/- 0.030
2023-05-29 Monday 21:53:07 root:INFO:1-Total Mean Average Fuel Consumption TL= 1.092 +/- 0.000
2023-05-29 Monday 21:53:07 root:INFO:2-Total Mean Average Fuel Consumption TL= 1.092 +/- 0.030
2023-05-29 Monday 21:53:07 root:INFO:Episode:0 Mean Average Noise Emission TL= 56.334 +/- 0.458
2023-05-29 Monday 21:53:07 root:INFO:1-Total Mean Average Noise Emission TL= 56.334 +/- 0.000
2023-05-29 Monday 21:53:07 root:INFO:2-Total Mean Average Noise Emission TL= 56.334 +/- 0.458
2023-05-29 Monday 21:53:07 root:INFO:Episode:0 Mean Average CO2 Emission= 2504.010 +/- 55.751
2023-05-29 Monday 21:53:07 root:INFO:1-Total Mean Average CO2 Emission= 2504.010 +/- 0.000
2023-05-29 Monday 21:53:07 root:INFO:2-Total Mean Average CO2 Emission= 2504.010 +/- 55.751
2023-05-29 Monday 21:53:07 root:INFO:Episode:0 Mean Average CO Emission= 139.877 +/- 7.616
2023-05-29 Monday 21:53:07 root:INFO:1-Total Mean Average CO Emission= 139.877 +/- 0.000
2023-05-29 Monday 21:53:07 root:INFO:2-Total Mean Average CO Emission= 139.877 +/- 7.616
2023-05-29 Monday 21:53:07 root:INFO:Episode:0 Mean Average Fuel Consumption= 1.076 +/- 0.024
2023-05-29 Monday 21:53:07 root:INFO:1-Total Mean Average Fuel Consumption= 1.076 +/- 0.000
2023-05-29 Monday 21:53:07 root:INFO:2-Total Mean Average Fuel Consumption= 1.076 +/- 0.024
2023-05-29 Monday 21:53:07 root:INFO:Episode:0 Mean Average Noise Emission= 56.700 +/- 0.507
2023-05-29 Monday 21:53:07 root:INFO:1-Total Mean Average Noise Emission= 56.700 +/- 0.000
2023-05-29 Monday 21:53:07 root:INFO:2-Total Mean Average Noise Emission= 56.700 +/- 0.507
2023-05-29 Monday 21:53:07 root:INFO:****************************************
