2023-02-07 Tuesday 00:23:46 root:INFO:Total Missing States: 0
2023-02-07 Tuesday 00:23:46 root:INFO:Mean Reward=-698.94 +/- 0.00
2023-02-07 Tuesday 00:23:46 root:INFO:Mean Stopped=1441186.00 +/- 0.00
2023-02-07 Tuesday 00:23:46 root:INFO:Mean Waiting Time=643183412.00 +/- 0.00
2023-02-07 Tuesday 00:23:46 root:INFO:****************************************
2023-02-07 Tuesday 00:23:46 root:INFO:Calculation 1 - Overall 
2023-02-07 Tuesday 00:23:46 root:INFO:****************************************
2023-02-07 Tuesday 00:23:46 root:INFO:Inner X Outer Loops Mean Reward=-0.070 +/- 5.085
2023-02-07 Tuesday 00:23:46 root:INFO:Inner X Outer Loops Mean Stopped= 144.104 +/- 24.619
2023-02-07 Tuesday 00:23:46 root:INFO:Inner X Outer Loops Mean Waiting Time= 64311.910 +/- 14287.350
2023-02-07 Tuesday 00:23:46 root:INFO:****************************************
2023-02-07 Tuesday 00:23:46 root:INFO:Calculation 2 - Per Episode
2023-02-07 Tuesday 00:23:46 root:INFO:****************************************
2023-02-07 Tuesday 00:23:46 root:INFO:Episode:0 Mean Waiting Time=-0.070 +/- 5.085
2023-02-07 Tuesday 00:23:46 root:INFO:1-Total Mean Reward= -0.070 +/- 0.000
2023-02-07 Tuesday 00:23:46 root:INFO:2-Total Mean Reward= -0.070 +/- 5.085
2023-02-07 Tuesday 00:23:46 root:INFO:****
2023-02-07 Tuesday 00:23:46 root:INFO:Episode:0 Mean Stopped= 144.104 +/- 24.619
2023-02-07 Tuesday 00:23:46 root:INFO:1-Total Mean Stopped= 144.104 +/- 0.000
2023-02-07 Tuesday 00:23:46 root:INFO:2-Total Mean Stopped= 144.104 +/- 24.619
2023-02-07 Tuesday 00:23:46 root:INFO:****
2023-02-07 Tuesday 00:23:46 root:INFO:Episode:0 Mean Waiting Time= 64311.910 +/- 14287.350
2023-02-07 Tuesday 00:23:46 root:INFO:1-Total Mean Waiting Time= 64311.910 +/- 0.000
2023-02-07 Tuesday 00:23:46 root:INFO:2-Total Mean Waiting Time= 64311.910 +/- 14287.350
2023-02-07 Tuesday 00:23:46 root:INFO:****************************************
