2023-03-11 Saturday 05:34:15: Run: 4 for Training experiment: DoE-23 - first seed: 470 - alpha: 0.3 - gamma: 0.8 - epsilon: 0.4 - reward: diff-waiting-time
2023-03-11 Saturday 05:40:45: Run: 1 - First Epsilon: 0.4 - Last Epsilon: 0.4
2023-03-11 Saturday 05:46:37: Run: 2 - First Epsilon: 0.4 - Last Epsilon: 0.4
2023-03-11 Saturday 05:52:30: Run: 3 - First Epsilon: 0.4 - Last Epsilon: 0.4
2023-03-11 Saturday 05:58:23: Run: 4 - First Epsilon: 0.4 - Last Epsilon: 0.4
2023-03-11 Saturday 06:04:20: Run: 5 - First Epsilon: 0.4 - Last Epsilon: 0.4
2023-03-11 Saturday 06:04:20: Q-Table Total Distinct States: 556
2023-03-11 Saturday 06:04:20: Mean_reward=-0.70 +/- 0.53
2023-03-11 Saturday 06:04:20: Mean_Stopped=97091.20 +/- 14547.98
2023-03-11 Saturday 06:04:20: Mean_Stopped=97268.20 +/- 14563.46
2023-03-11 Saturday 06:04:20: Mean_waiting_time=2239697.40 +/- 586636.47
2023-03-11 Saturday 06:04:20: Mean_avg_speed=3243.08 +/- 151.54
2023-03-11 Saturday 06:04:20: Mean_avg_speed_2=60263.80 +/- 2807.53
2023-03-11 Saturday 06:04:20: Mean_avg_speed_cross_check=73564.58 +/- 2431.05
2023-03-11 Saturday 06:04:20: ****************************************
2023-03-11 Saturday 06:04:20: Calculation 1 - Overall 
2023-03-11 Saturday 06:04:20: ****************************************
2023-03-11 Saturday 06:04:20: Inner X Outer Loops Mean Reward= -0.000 +/- 0.890
2023-03-11 Saturday 06:04:20: Inner X Outer Loops Mean Stopped= 9.708 +/- 4.803
2023-03-11 Saturday 06:04:20: Inner X Outer Loops Mean Stopped Cross Check= 9.726 +/- 4.806
2023-03-11 Saturday 06:04:20: Inner X Outer Loops Mean Waiting Time= 223.947 +/- 243.732
2023-03-11 Saturday 06:04:20: Inner X Outer Loops Mean Avg Speed= 0.324 +/- 0.069
2023-03-11 Saturday 06:04:20: Inner X Outer Loops Mean Avg Speed 2= 6.026 +/- 1.249
2023-03-11 Saturday 06:04:20: Inner X Outer Loops Mean Avg Speed Cross Check= 7.356 +/- 0.999
2023-03-11 Saturday 06:04:20: ****************************************
2023-03-11 Saturday 06:04:20: Calculation 2 - Per Episode
2023-03-11 Saturday 06:04:20: ****************************************
2023-03-11 Saturday 06:04:20: Episode:0 Mean Reward= -0.000 +/- 1.089
2023-03-11 Saturday 06:04:20: Episode:1 Mean Reward= -0.000 +/- 0.821
2023-03-11 Saturday 06:04:20: Episode:2 Mean Reward= -0.000 +/- 0.837
2023-03-11 Saturday 06:04:20: Episode:3 Mean Reward= 0.000 +/- 0.824
2023-03-11 Saturday 06:04:20: Episode:4 Mean Reward= -0.000 +/- 0.849
2023-03-11 Saturday 06:04:20: 1-Total Mean Reward= -0.000 +/- 0.000
2023-03-11 Saturday 06:04:20: 2-Total Mean Reward= -0.000 +/- 0.884
2023-03-11 Saturday 06:04:20: ****
2023-03-11 Saturday 06:04:20: Episode:0 Mean Stopped= 12.605 +/- 7.987
2023-03-11 Saturday 06:04:20: Episode:1 Mean Stopped= 8.837 +/- 3.291
2023-03-11 Saturday 06:04:20: Episode:2 Mean Stopped= 8.903 +/- 3.152
2023-03-11 Saturday 06:04:20: Episode:3 Mean Stopped= 8.967 +/- 3.239
2023-03-11 Saturday 06:04:20: Episode:4 Mean Stopped= 9.229 +/- 3.120
2023-03-11 Saturday 06:04:20: 1-Total Mean Stopped= 9.708 +/- 1.455
2023-03-11 Saturday 06:04:20: 2-Total Mean Stopped= 9.708 +/- 4.158
2023-03-11 Saturday 06:04:20: ****
2023-03-11 Saturday 06:04:20: Episode:0 Mean Stopped Cross Check= 12.626 +/- 7.988
2023-03-11 Saturday 06:04:20: Episode:1 Mean Stopped Cross Check= 8.850 +/- 3.295
2023-03-11 Saturday 06:04:20: Episode:2 Mean Stopped Cross Check= 8.920 +/- 3.155
2023-03-11 Saturday 06:04:20: Episode:3 Mean Stopped Cross Check= 8.985 +/- 3.241
2023-03-11 Saturday 06:04:20: Episode:4 Mean Stopped Cross Check= 9.248 +/- 3.124
2023-03-11 Saturday 06:04:20: 1-Total Mean Stopped Cross Check= 9.726 +/- 1.456
2023-03-11 Saturday 06:04:20: 2-Total Mean Stopped Cross Check= 9.726 +/- 4.161
2023-03-11 Saturday 06:04:20: ****
2023-03-11 Saturday 06:04:20: Episode:0 Mean Waiting Time= 340.969 +/- 438.044
2023-03-11 Saturday 06:04:20: Episode:1 Mean Waiting Time= 189.462 +/- 147.619
2023-03-11 Saturday 06:04:20: Episode:2 Mean Waiting Time= 195.322 +/- 160.877
2023-03-11 Saturday 06:04:20: Episode:3 Mean Waiting Time= 192.111 +/- 140.598
2023-03-11 Saturday 06:04:20: Episode:4 Mean Waiting Time= 201.873 +/- 143.175
2023-03-11 Saturday 06:04:20: 1-Total Mean Waiting Time= 223.947 +/- 58.658
2023-03-11 Saturday 06:04:20: 2-Total Mean Waiting Time= 223.947 +/- 206.063
2023-03-11 Saturday 06:04:20: Episode:0 Mean Avg Speed= 0.294 +/- 0.080
2023-03-11 Saturday 06:04:20: Episode:1 Mean Avg Speed= 0.335 +/- 0.064
2023-03-11 Saturday 06:04:20: Episode:2 Mean Avg Speed= 0.333 +/- 0.064
2023-03-11 Saturday 06:04:20: Episode:3 Mean Avg Speed= 0.332 +/- 0.063
2023-03-11 Saturday 06:04:20: Episode:4 Mean Avg Speed= 0.327 +/- 0.062
2023-03-11 Saturday 06:04:20: 1-Total Mean Avg Speed= 0.324 +/- 0.015
2023-03-11 Saturday 06:04:20: 2-Total Mean Avg Speed= 0.324 +/- 0.067
2023-03-11 Saturday 06:04:20: Episode:0 Mean Avg Speed 2= 5.473 +/- 1.473
2023-03-11 Saturday 06:04:20: Episode:1 Mean Avg Speed 2= 6.223 +/- 1.167
2023-03-11 Saturday 06:04:20: Episode:2 Mean Avg Speed 2= 6.189 +/- 1.152
2023-03-11 Saturday 06:04:20: Episode:3 Mean Avg Speed 2= 6.172 +/- 1.143
2023-03-11 Saturday 06:04:20: Episode:4 Mean Avg Speed 2= 6.071 +/- 1.117
2023-03-11 Saturday 06:04:20: 1-Total Mean Avg Speed 2= 6.026 +/- 0.281
2023-03-11 Saturday 06:04:20: 2-Total Mean Avg Speed 2= 6.026 +/- 1.210
2023-03-11 Saturday 06:04:20: Episode:0 Mean Avg Speed Cross Check= 6.875 +/- 1.277
2023-03-11 Saturday 06:04:20: Episode:1 Mean Avg Speed Cross Check= 7.518 +/- 0.895
2023-03-11 Saturday 06:04:20: Episode:2 Mean Avg Speed Cross Check= 7.497 +/- 0.876
2023-03-11 Saturday 06:04:20: Episode:3 Mean Avg Speed Cross Check= 7.479 +/- 0.875
2023-03-11 Saturday 06:04:20: Episode:4 Mean Avg Speed Cross Check= 7.410 +/- 0.853
2023-03-11 Saturday 06:04:20: 1-Total Mean Avg Speed Cross Check= 7.356 +/- 0.243
2023-03-11 Saturday 06:04:20: 2-Total Mean Avg Speed Cross Check= 7.356 +/- 0.955
2023-03-11 Saturday 06:04:20: ****************************************
