2023-02-27 Monday 09:33:12: Run: 1 for Training experiment: DoE-21 - first seed: 170 - alpha: 0.3 - gamma: 0.8 - epsilon: 0.3 - reward: diff-waiting-time
2023-02-27 Monday 09:38:40: Run: 1 - First Epsilon: 0.3 - Last Epsilon: 0.3
2023-02-27 Monday 09:44:21: Run: 2 - First Epsilon: 0.3 - Last Epsilon: 0.3
2023-02-27 Monday 09:49:47: Run: 3 - First Epsilon: 0.3 - Last Epsilon: 0.3
2023-02-27 Monday 09:55:27: Run: 4 - First Epsilon: 0.3 - Last Epsilon: 0.3
2023-02-27 Monday 10:01:04: Run: 5 - First Epsilon: 0.3 - Last Epsilon: 0.3
2023-02-27 Monday 10:01:04: Q-Table Total Distinct States: 371
2023-02-27 Monday 10:01:04: Mean_reward=-2.03 +/- 0.64
2023-02-27 Monday 10:01:04: Mean_Stopped=86247.80 +/- 5349.62
2023-02-27 Monday 10:01:04: Mean_Stopped=86425.40 +/- 5379.51
2023-02-27 Monday 10:01:04: Mean_waiting_time=1862310.60 +/- 158514.96
2023-02-27 Monday 10:01:04: Mean_avg_speed=3389.41 +/- 99.73
2023-02-27 Monday 10:01:04: Mean_avg_speed_2=62983.04 +/- 1872.57
2023-02-27 Monday 10:01:04: Mean_avg_speed_cross_check=75745.32 +/- 1438.97
2023-02-27 Monday 10:01:04: ****************************************
2023-02-27 Monday 10:01:04: Calculation 1 - Overall 
2023-02-27 Monday 10:01:04: ****************************************
2023-02-27 Monday 10:01:04: Inner X Outer Loops Mean Reward= -0.000 +/- 0.811
2023-02-27 Monday 10:01:04: Inner X Outer Loops Mean Stopped= 8.624 +/- 3.333
2023-02-27 Monday 10:01:04: Inner X Outer Loops Mean Stopped Cross Check= 8.642 +/- 3.336
2023-02-27 Monday 10:01:04: Inner X Outer Loops Mean Waiting Time= 186.212 +/- 165.168
2023-02-27 Monday 10:01:04: Inner X Outer Loops Mean Avg Speed= 0.339 +/- 0.065
2023-02-27 Monday 10:01:04: Inner X Outer Loops Mean Avg Speed 2= 6.298 +/- 1.189
2023-02-27 Monday 10:01:04: Inner X Outer Loops Mean Avg Speed Cross Check= 7.574 +/- 0.898
2023-02-27 Monday 10:01:04: ****************************************
2023-02-27 Monday 10:01:04: Calculation 2 - Per Episode
2023-02-27 Monday 10:01:04: ****************************************
2023-02-27 Monday 10:01:04: Episode:0 Mean Reward= -0.000 +/- 0.821
2023-02-27 Monday 10:01:04: Episode:1 Mean Reward= -0.000 +/- 0.759
2023-02-27 Monday 10:01:04: Episode:2 Mean Reward= -0.000 +/- 0.794
2023-02-27 Monday 10:01:04: Episode:3 Mean Reward= -0.000 +/- 0.863
2023-02-27 Monday 10:01:04: Episode:4 Mean Reward= -0.000 +/- 0.815
2023-02-27 Monday 10:01:04: 1-Total Mean Reward= -0.000 +/- 0.000
2023-02-27 Monday 10:01:04: 2-Total Mean Reward= -0.000 +/- 0.810
2023-02-27 Monday 10:01:04: ****
2023-02-27 Monday 10:01:04: Episode:0 Mean Stopped= 8.410 +/- 4.053
2023-02-27 Monday 10:01:04: Episode:1 Mean Stopped= 8.083 +/- 2.909
2023-02-27 Monday 10:01:04: Episode:2 Mean Stopped= 8.139 +/- 2.793
2023-02-27 Monday 10:01:04: Episode:3 Mean Stopped= 9.454 +/- 3.487
2023-02-27 Monday 10:01:04: Episode:4 Mean Stopped= 9.034 +/- 3.044
2023-02-27 Monday 10:01:04: 1-Total Mean Stopped= 8.624 +/- 0.535
2023-02-27 Monday 10:01:04: 2-Total Mean Stopped= 8.624 +/- 3.257
2023-02-27 Monday 10:01:04: ****
2023-02-27 Monday 10:01:04: Episode:0 Mean Stopped Cross Check= 8.424 +/- 4.053
2023-02-27 Monday 10:01:04: Episode:1 Mean Stopped Cross Check= 8.099 +/- 2.913
2023-02-27 Monday 10:01:04: Episode:2 Mean Stopped Cross Check= 8.155 +/- 2.795
2023-02-27 Monday 10:01:04: Episode:3 Mean Stopped Cross Check= 9.477 +/- 3.492
2023-02-27 Monday 10:01:04: Episode:4 Mean Stopped Cross Check= 9.054 +/- 3.047
2023-02-27 Monday 10:01:04: 1-Total Mean Stopped Cross Check= 8.642 +/- 0.538
2023-02-27 Monday 10:01:04: 2-Total Mean Stopped Cross Check= 8.642 +/- 3.260
2023-02-27 Monday 10:01:04: ****
2023-02-27 Monday 10:01:04: Episode:0 Mean Waiting Time= 188.129 +/- 214.686
2023-02-27 Monday 10:01:04: Episode:1 Mean Waiting Time= 164.118 +/- 127.739
2023-02-27 Monday 10:01:04: Episode:2 Mean Waiting Time= 176.081 +/- 151.984
2023-02-27 Monday 10:01:04: Episode:3 Mean Waiting Time= 211.424 +/- 178.330
2023-02-27 Monday 10:01:04: Episode:4 Mean Waiting Time= 191.310 +/- 133.559
2023-02-27 Monday 10:01:04: 1-Total Mean Waiting Time= 186.212 +/- 15.850
2023-02-27 Monday 10:01:04: 2-Total Mean Waiting Time= 186.212 +/- 161.259
2023-02-27 Monday 10:01:04: Episode:0 Mean Avg Speed= 0.347 +/- 0.068
2023-02-27 Monday 10:01:04: Episode:1 Mean Avg Speed= 0.348 +/- 0.064
2023-02-27 Monday 10:01:04: Episode:2 Mean Avg Speed= 0.346 +/- 0.062
2023-02-27 Monday 10:01:04: Episode:3 Mean Avg Speed= 0.324 +/- 0.066
2023-02-27 Monday 10:01:04: Episode:4 Mean Avg Speed= 0.329 +/- 0.063
2023-02-27 Monday 10:01:04: 1-Total Mean Avg Speed= 0.339 +/- 0.010
2023-02-27 Monday 10:01:04: 2-Total Mean Avg Speed= 0.339 +/- 0.065
2023-02-27 Monday 10:01:04: Episode:0 Mean Avg Speed 2= 6.441 +/- 1.240
2023-02-27 Monday 10:01:04: Episode:1 Mean Avg Speed 2= 6.465 +/- 1.159
2023-02-27 Monday 10:01:04: Episode:2 Mean Avg Speed 2= 6.440 +/- 1.128
2023-02-27 Monday 10:01:04: Episode:3 Mean Avg Speed 2= 6.026 +/- 1.205
2023-02-27 Monday 10:01:04: Episode:4 Mean Avg Speed 2= 6.117 +/- 1.136
2023-02-27 Monday 10:01:04: 1-Total Mean Avg Speed 2= 6.298 +/- 0.187
2023-02-27 Monday 10:01:04: 2-Total Mean Avg Speed 2= 6.298 +/- 1.173
2023-02-27 Monday 10:01:04: Episode:0 Mean Avg Speed Cross Check= 7.671 +/- 0.946
2023-02-27 Monday 10:01:04: Episode:1 Mean Avg Speed Cross Check= 7.705 +/- 0.863
2023-02-27 Monday 10:01:04: Episode:2 Mean Avg Speed Cross Check= 7.691 +/- 0.834
2023-02-27 Monday 10:01:04: Episode:3 Mean Avg Speed Cross Check= 7.362 +/- 0.925
2023-02-27 Monday 10:01:04: Episode:4 Mean Avg Speed Cross Check= 7.439 +/- 0.861
2023-02-27 Monday 10:01:04: 1-Total Mean Avg Speed Cross Check= 7.574 +/- 0.144
2023-02-27 Monday 10:01:04: 2-Total Mean Avg Speed Cross Check= 7.574 +/- 0.886
2023-02-27 Monday 10:01:04: ****************************************
