2023-02-06 Monday 01:33:52 root:INFO:Total Missing States: 0
2023-02-06 Monday 01:33:52 root:INFO:Mean Reward=-10.25 +/- 0.00
2023-02-06 Monday 01:33:52 root:INFO:Mean Stopped=518916.00 +/- 0.00
2023-02-06 Monday 01:33:52 root:INFO:Mean Waiting Time=11505279.00 +/- 0.00
2023-02-06 Monday 01:33:52 root:INFO:****************************************
2023-02-06 Monday 01:33:52 root:INFO:Calculation 1 - Overall 
2023-02-06 Monday 01:33:52 root:INFO:****************************************
2023-02-06 Monday 01:33:52 root:INFO:Inner X Outer Loops Mean Reward=-0.001 +/- 0.727
2023-02-06 Monday 01:33:52 root:INFO:Inner X Outer Loops Mean Stopped= 51.886 +/- 3.877
2023-02-06 Monday 01:33:52 root:INFO:Inner X Outer Loops Mean Waiting Time= 1150.413 +/- 113.732
2023-02-06 Monday 01:33:52 root:INFO:****************************************
2023-02-06 Monday 01:33:52 root:INFO:Calculation 2 - Per Episode
2023-02-06 Monday 01:33:52 root:INFO:****************************************
2023-02-06 Monday 01:33:53 root:INFO:Episode:0 Mean Waiting Time=-0.001 +/- 0.727
2023-02-06 Monday 01:33:53 root:INFO:Episode:1 Mean Waiting Time=-0.001 +/- 0.727
2023-02-06 Monday 01:33:53 root:INFO:Episode:2 Mean Waiting Time=-0.001 +/- 0.727
2023-02-06 Monday 01:33:53 root:INFO:Episode:3 Mean Waiting Time=-0.001 +/- 0.727
2023-02-06 Monday 01:33:53 root:INFO:Episode:4 Mean Waiting Time=-0.001 +/- 0.727
2023-02-06 Monday 01:33:53 root:INFO:1-Total Mean Reward= -0.001 +/- 0.000
2023-02-06 Monday 01:33:53 root:INFO:2-Total Mean Reward= -0.001 +/- 0.727
2023-02-06 Monday 01:33:53 root:INFO:****
2023-02-06 Monday 01:33:53 root:INFO:Episode:0 Mean Stopped= 51.886 +/- 3.877
2023-02-06 Monday 01:33:53 root:INFO:Episode:1 Mean Stopped= 51.886 +/- 3.877
2023-02-06 Monday 01:33:53 root:INFO:Episode:2 Mean Stopped= 51.886 +/- 3.877
2023-02-06 Monday 01:33:53 root:INFO:Episode:3 Mean Stopped= 51.886 +/- 3.877
2023-02-06 Monday 01:33:53 root:INFO:Episode:4 Mean Stopped= 51.886 +/- 3.877
2023-02-06 Monday 01:33:53 root:INFO:1-Total Mean Stopped= 51.886 +/- 0.000
2023-02-06 Monday 01:33:53 root:INFO:2-Total Mean Stopped= 51.886 +/- 3.877
2023-02-06 Monday 01:33:53 root:INFO:****
2023-02-06 Monday 01:33:53 root:INFO:Episode:0 Mean Waiting Time= 1150.413 +/- 113.732
2023-02-06 Monday 01:33:53 root:INFO:Episode:1 Mean Waiting Time= 1150.413 +/- 113.732
2023-02-06 Monday 01:33:53 root:INFO:Episode:2 Mean Waiting Time= 1150.413 +/- 113.732
2023-02-06 Monday 01:33:53 root:INFO:Episode:3 Mean Waiting Time= 1150.413 +/- 113.732
2023-02-06 Monday 01:33:53 root:INFO:Episode:4 Mean Waiting Time= 1150.413 +/- 113.732
2023-02-06 Monday 01:33:53 root:INFO:1-Total Mean Waiting Time= 1150.413 +/- 0.000
2023-02-06 Monday 01:33:53 root:INFO:2-Total Mean Waiting Time= 1150.413 +/- 113.732
2023-02-06 Monday 01:33:53 root:INFO:****************************************
