2023-03-05 Sunday 00:15:46: Run: 2 for Training experiment: DoE-35 - first seed: 270 - alpha: 0.3 - gamma: 0.99 - epsilon: 0.4 - reward: diff-waiting-time
2023-03-05 Sunday 00:22:54: Run: 1 - First Epsilon: 0.4 - Last Epsilon: 0.4
2023-03-05 Sunday 00:28:35: Run: 2 - First Epsilon: 0.4 - Last Epsilon: 0.4
2023-03-05 Sunday 00:33:55: Run: 3 - First Epsilon: 0.4 - Last Epsilon: 0.4
2023-03-05 Sunday 00:39:40: Run: 4 - First Epsilon: 0.4 - Last Epsilon: 0.4
2023-03-05 Sunday 00:45:19: Run: 5 - First Epsilon: 0.4 - Last Epsilon: 0.4
2023-03-05 Sunday 00:45:19: Q-Table Total Distinct States: 837
2023-03-05 Sunday 00:45:19: Mean_reward=-2.84 +/- 1.68
2023-03-05 Sunday 00:45:19: Mean_Stopped=103059.20 +/- 42816.81
2023-03-05 Sunday 00:45:19: Mean_Stopped=103197.40 +/- 42831.35
2023-03-05 Sunday 00:45:19: Mean_waiting_time=2879981.00 +/- 1809173.22
2023-03-05 Sunday 00:45:19: Mean_avg_speed=3333.28 +/- 285.83
2023-03-05 Sunday 00:45:19: Mean_avg_speed_2=61951.54 +/- 5289.50
2023-03-05 Sunday 00:45:19: Mean_avg_speed_cross_check=74509.14 +/- 5004.95
2023-03-05 Sunday 00:45:19: ****************************************
2023-03-05 Sunday 00:45:19: Calculation 1 - Overall 
2023-03-05 Sunday 00:45:19: ****************************************
2023-03-05 Sunday 00:45:19: Inner X Outer Loops Mean Reward= -0.000 +/- 0.999
2023-03-05 Sunday 00:45:19: Inner X Outer Loops Mean Stopped= 10.305 +/- 9.544
2023-03-05 Sunday 00:45:19: Inner X Outer Loops Mean Stopped Cross Check= 10.319 +/- 9.546
2023-03-05 Sunday 00:45:19: Inner X Outer Loops Mean Waiting Time= 287.969 +/- 579.292
2023-03-05 Sunday 00:45:19: Inner X Outer Loops Mean Avg Speed= 0.333 +/- 0.080
2023-03-05 Sunday 00:45:19: Inner X Outer Loops Mean Avg Speed 2= 6.195 +/- 1.467
2023-03-05 Sunday 00:45:19: Inner X Outer Loops Mean Avg Speed Cross Check= 7.450 +/- 1.267
2023-03-05 Sunday 00:45:19: ****************************************
2023-03-05 Sunday 00:45:19: Calculation 2 - Per Episode
2023-03-05 Sunday 00:45:19: ****************************************
2023-03-05 Sunday 00:45:19: Episode:0 Mean Reward= -0.000 +/- 1.447
2023-03-05 Sunday 00:45:19: Episode:1 Mean Reward= -0.000 +/- 0.893
2023-03-05 Sunday 00:45:19: Episode:2 Mean Reward= -0.000 +/- 0.800
2023-03-05 Sunday 00:45:19: Episode:3 Mean Reward= -0.000 +/- 0.882
2023-03-05 Sunday 00:45:19: Episode:4 Mean Reward= -0.000 +/- 0.825
2023-03-05 Sunday 00:45:19: 1-Total Mean Reward= -0.000 +/- 0.000
2023-03-05 Sunday 00:45:19: 2-Total Mean Reward= -0.000 +/- 0.969
2023-03-05 Sunday 00:45:19: ****
2023-03-05 Sunday 00:45:19: Episode:0 Mean Stopped= 18.845 +/- 18.214
2023-03-05 Sunday 00:45:19: Episode:1 Mean Stopped= 8.296 +/- 2.828
2023-03-05 Sunday 00:45:19: Episode:2 Mean Stopped= 7.659 +/- 2.528
2023-03-05 Sunday 00:45:19: Episode:3 Mean Stopped= 8.623 +/- 3.208
2023-03-05 Sunday 00:45:19: Episode:4 Mean Stopped= 8.103 +/- 2.705
2023-03-05 Sunday 00:45:19: 1-Total Mean Stopped= 10.305 +/- 4.281
2023-03-05 Sunday 00:45:19: 2-Total Mean Stopped= 10.305 +/- 5.897
2023-03-05 Sunday 00:45:19: ****
2023-03-05 Sunday 00:45:19: Episode:0 Mean Stopped Cross Check= 18.861 +/- 18.218
2023-03-05 Sunday 00:45:19: Episode:1 Mean Stopped Cross Check= 8.308 +/- 2.827
2023-03-05 Sunday 00:45:19: Episode:2 Mean Stopped Cross Check= 7.669 +/- 2.528
2023-03-05 Sunday 00:45:19: Episode:3 Mean Stopped Cross Check= 8.641 +/- 3.209
2023-03-05 Sunday 00:45:19: Episode:4 Mean Stopped Cross Check= 8.116 +/- 2.707
2023-03-05 Sunday 00:45:19: 1-Total Mean Stopped Cross Check= 10.319 +/- 4.283
2023-03-05 Sunday 00:45:19: 2-Total Mean Stopped Cross Check= 10.319 +/- 5.898
2023-03-05 Sunday 00:45:19: ****
2023-03-05 Sunday 00:45:19: Episode:0 Mean Waiting Time= 648.395 +/- 1180.316
2023-03-05 Sunday 00:45:19: Episode:1 Mean Waiting Time= 214.191 +/- 204.107
2023-03-05 Sunday 00:45:19: Episode:2 Mean Waiting Time= 174.513 +/- 145.156
2023-03-05 Sunday 00:45:19: Episode:3 Mean Waiting Time= 215.568 +/- 181.122
2023-03-05 Sunday 00:45:19: Episode:4 Mean Waiting Time= 187.179 +/- 159.971
2023-03-05 Sunday 00:45:19: 1-Total Mean Waiting Time= 287.969 +/- 180.899
2023-03-05 Sunday 00:45:19: 2-Total Mean Waiting Time= 287.969 +/- 374.134
2023-03-05 Sunday 00:45:19: Episode:0 Mean Avg Speed= 0.277 +/- 0.113
2023-03-05 Sunday 00:45:19: Episode:1 Mean Avg Speed= 0.345 +/- 0.061
2023-03-05 Sunday 00:45:19: Episode:2 Mean Avg Speed= 0.357 +/- 0.060
2023-03-05 Sunday 00:45:19: Episode:3 Mean Avg Speed= 0.340 +/- 0.065
2023-03-05 Sunday 00:45:19: Episode:4 Mean Avg Speed= 0.347 +/- 0.060
2023-03-05 Sunday 00:45:19: 1-Total Mean Avg Speed= 0.333 +/- 0.029
2023-03-05 Sunday 00:45:19: 2-Total Mean Avg Speed= 0.333 +/- 0.072
2023-03-05 Sunday 00:45:19: Episode:0 Mean Avg Speed 2= 5.157 +/- 2.083
2023-03-05 Sunday 00:45:19: Episode:1 Mean Avg Speed 2= 6.418 +/- 1.110
2023-03-05 Sunday 00:45:19: Episode:2 Mean Avg Speed 2= 6.631 +/- 1.097
2023-03-05 Sunday 00:45:19: Episode:3 Mean Avg Speed 2= 6.309 +/- 1.170
2023-03-05 Sunday 00:45:19: Episode:4 Mean Avg Speed 2= 6.458 +/- 1.101
2023-03-05 Sunday 00:45:19: 1-Total Mean Avg Speed 2= 6.195 +/- 0.529
2023-03-05 Sunday 00:45:19: 2-Total Mean Avg Speed 2= 6.195 +/- 1.312
2023-03-05 Sunday 00:45:19: Episode:0 Mean Avg Speed Cross Check= 6.462 +/- 1.992
2023-03-05 Sunday 00:45:19: Episode:1 Mean Avg Speed Cross Check= 7.675 +/- 0.835
2023-03-05 Sunday 00:45:19: Episode:2 Mean Avg Speed Cross Check= 7.831 +/- 0.800
2023-03-05 Sunday 00:45:19: Episode:3 Mean Avg Speed Cross Check= 7.579 +/- 0.894
2023-03-05 Sunday 00:45:19: Episode:4 Mean Avg Speed Cross Check= 7.704 +/- 0.820
2023-03-05 Sunday 00:45:19: 1-Total Mean Avg Speed Cross Check= 7.450 +/- 0.500
2023-03-05 Sunday 00:45:19: 2-Total Mean Avg Speed Cross Check= 7.450 +/- 1.068
2023-03-05 Sunday 00:45:19: ****************************************
