2023-05-20 Saturday 16:49:19: Run: 1 for Training experiment: DE-Enhanced-S2-1 - route: ../nets/roundabout/input_routes_roundabout_auto_v1-1.rou.xml - first seed: 170 - alpha: 0.5 - gamma: 0.99 - epsilon: 0.2 - reward: diff-waiting-time
2023-05-20 Saturday 17:00:56: Run: 1 - First Epsilon: 0.2 - Last Epsilon: 0.2
2023-05-20 Saturday 17:09:42: Run: 2 - First Epsilon: 0.2 - Last Epsilon: 0.2
2023-05-20 Saturday 17:18:21: Run: 3 - First Epsilon: 0.2 - Last Epsilon: 0.2
2023-05-20 Saturday 17:27:02: Run: 4 - First Epsilon: 0.2 - Last Epsilon: 0.2
2023-05-20 Saturday 17:35:42: Run: 5 - First Epsilon: 0.2 - Last Epsilon: 0.2
2023-05-20 Saturday 17:35:43: Q-Table Total Distinct States: 217
2023-05-20 Saturday 17:35:43: Mean_reward=-0.88 +/- 1.00
2023-05-20 Saturday 17:35:43: Mean_Stopped=72727.80 +/- 623.65
2023-05-20 Saturday 17:35:43: Mean_Stopped=72862.20 +/- 629.66
2023-05-20 Saturday 17:35:43: Mean_waiting_time=1891464.80 +/- 160655.46
2023-05-20 Saturday 17:35:43: Mean_avg_speed=3638.16 +/- 12.41
2023-05-20 Saturday 17:35:43: Mean_avg_speed_2=67583.77 +/- 211.69
2023-05-20 Saturday 17:35:43: Mean_avg_speed_cross_check=79275.01 +/- 138.11
2023-05-20 Saturday 17:35:43: Mean_average_co2_emission_tl=31023637.82 +/- 13785.78
2023-05-20 Saturday 17:35:43: Mean_average_co_emission_tl=954595.04 +/- 2221.02
2023-05-20 Saturday 17:35:43: Mean_average_fuel_consumption_tl=13336.09 +/- 5.92
2023-05-20 Saturday 17:35:43: Mean_average_noise_emission_tl=605832.98 +/- 143.30
2023-05-20 Saturday 17:35:43: Mean_average_co2_emission=25645706.43 +/- 36025.96
2023-05-20 Saturday 17:35:43: Mean_average_co_emission=668255.18 +/- 1914.23
2023-05-20 Saturday 17:35:43: Mean_average_fuel_consumptions=11024.27 +/- 15.49
2023-05-20 Saturday 17:35:43: Mean_average_noise_emissions=611977.44 +/- 90.78
2023-05-20 Saturday 17:35:43: ****************************************
2023-05-20 Saturday 17:35:43: Calculation 1 - Overall 
2023-05-20 Saturday 17:35:43: ****************************************
2023-05-20 Saturday 17:35:43: Inner X Outer Loops Mean Reward= -0.000 +/- 0.839
2023-05-20 Saturday 17:35:43: Inner X Outer Loops Mean Stopped= 7.272 +/- 2.213
2023-05-20 Saturday 17:35:43: Inner X Outer Loops Mean Stopped Cross Check= 7.285 +/- 2.212
2023-05-20 Saturday 17:35:43: Inner X Outer Loops Mean Waiting Time= 189.128 +/- 194.457
2023-05-20 Saturday 17:35:43: Inner X Outer Loops Mean Avg Speed= 0.364 +/- 0.059
2023-05-20 Saturday 17:35:43: Inner X Outer Loops Mean Avg Speed 2= 6.758 +/- 1.062
2023-05-20 Saturday 17:35:43: Inner X Outer Loops Mean Avg Speed Cross Check= 7.927 +/- 0.756
2023-05-20 Saturday 17:35:43: Inner X Outer Loops Mean Average CO2 Emission TL= 3102.054 +/- 231.488
2023-05-20 Saturday 17:35:43: Inner X Outer Loops Mean Average CO Emission TL= 95.450 +/- 9.642
2023-05-20 Saturday 17:35:43: Inner X Outer Loops Mean Average Fuel Consumption TL= 1.333 +/- 0.100
2023-05-20 Saturday 17:35:43: Inner X Outer Loops Mean Average Noise Emission TL= 60.577 +/- 1.078
2023-05-20 Saturday 17:35:43: Inner X Outer Loops Mean Average CO2 Emission= 2564.314 +/- 206.778
2023-05-20 Saturday 17:35:43: Inner X Outer Loops Mean Average CO Emission= 66.819 +/- 8.584
2023-05-20 Saturday 17:35:43: Inner X Outer Loops Mean Average Fuel Consumptions= 1.102 +/- 0.089
2023-05-20 Saturday 17:35:43: Inner X Outer Loops Mean Average Noise Emissions= 61.192 +/- 0.697
2023-05-20 Saturday 17:35:43: ****************************************
2023-05-20 Saturday 17:35:43: Calculation 2 - Per Episode
2023-05-20 Saturday 17:35:43: ****************************************
2023-05-20 Saturday 17:35:43: Episode:0 Mean Reward= -0.000 +/- 0.867
2023-05-20 Saturday 17:35:43: Episode:1 Mean Reward= -0.000 +/- 0.901
2023-05-20 Saturday 17:35:43: Episode:2 Mean Reward= -0.000 +/- 0.792
2023-05-20 Saturday 17:35:43: Episode:3 Mean Reward= 0.000 +/- 0.818
2023-05-20 Saturday 17:35:43: Episode:4 Mean Reward= -0.000 +/- 0.810
2023-05-20 Saturday 17:35:43: 1-Total Mean Reward= -0.000 +/- 0.000
2023-05-20 Saturday 17:35:43: 2-Total Mean Reward= -0.000 +/- 0.838
2023-05-20 Saturday 17:35:43: ****
2023-05-20 Saturday 17:35:43: Episode:0 Mean Stopped= 7.365 +/- 2.319
2023-05-20 Saturday 17:35:43: Episode:1 Mean Stopped= 7.291 +/- 2.063
2023-05-20 Saturday 17:35:43: Episode:2 Mean Stopped= 7.174 +/- 2.132
2023-05-20 Saturday 17:35:43: Episode:3 Mean Stopped= 7.246 +/- 2.324
2023-05-20 Saturday 17:35:43: Episode:4 Mean Stopped= 7.284 +/- 2.209
2023-05-20 Saturday 17:35:43: 1-Total Mean Stopped= 7.272 +/- 0.062
2023-05-20 Saturday 17:35:43: 2-Total Mean Stopped= 7.272 +/- 2.209
2023-05-20 Saturday 17:35:43: ****
2023-05-20 Saturday 17:35:43: Episode:0 Mean Stopped Cross Check= 7.380 +/- 2.318
2023-05-20 Saturday 17:35:43: Episode:1 Mean Stopped Cross Check= 7.303 +/- 2.062
2023-05-20 Saturday 17:35:43: Episode:2 Mean Stopped Cross Check= 7.187 +/- 2.130
2023-05-20 Saturday 17:35:43: Episode:3 Mean Stopped Cross Check= 7.260 +/- 2.324
2023-05-20 Saturday 17:35:43: Episode:4 Mean Stopped Cross Check= 7.297 +/- 2.210
2023-05-20 Saturday 17:35:43: 1-Total Mean Stopped Cross Check= 7.285 +/- 0.063
2023-05-20 Saturday 17:35:43: 2-Total Mean Stopped Cross Check= 7.285 +/- 2.209
2023-05-20 Saturday 17:35:43: ****
2023-05-20 Saturday 17:35:43: Episode:0 Mean Waiting Time= 197.978 +/- 225.036
2023-05-20 Saturday 17:35:43: Episode:1 Mean Waiting Time= 216.263 +/- 218.513
2023-05-20 Saturday 17:35:43: Episode:2 Mean Waiting Time= 171.989 +/- 155.891
2023-05-20 Saturday 17:35:43: Episode:3 Mean Waiting Time= 181.163 +/- 176.978
2023-05-20 Saturday 17:35:43: Episode:4 Mean Waiting Time= 178.246 +/- 183.753
2023-05-20 Saturday 17:35:43: 1-Total Mean Waiting Time= 189.128 +/- 16.064
2023-05-20 Saturday 17:35:43: 2-Total Mean Waiting Time= 189.128 +/- 192.034
2023-05-20 Saturday 17:35:43: Episode:0 Mean Avg Speed= 0.362 +/- 0.058
2023-05-20 Saturday 17:35:43: Episode:1 Mean Avg Speed= 0.363 +/- 0.056
2023-05-20 Saturday 17:35:43: Episode:2 Mean Avg Speed= 0.365 +/- 0.058
2023-05-20 Saturday 17:35:43: Episode:3 Mean Avg Speed= 0.365 +/- 0.060
2023-05-20 Saturday 17:35:43: Episode:4 Mean Avg Speed= 0.363 +/- 0.059
2023-05-20 Saturday 17:35:43: 1-Total Mean Avg Speed= 0.364 +/- 0.001
2023-05-20 Saturday 17:35:43: 2-Total Mean Avg Speed= 0.364 +/- 0.058
2023-05-20 Saturday 17:35:43: Episode:0 Mean Avg Speed 2= 6.726 +/- 1.065
2023-05-20 Saturday 17:35:43: Episode:1 Mean Avg Speed 2= 6.751 +/- 1.024
2023-05-20 Saturday 17:35:43: Episode:2 Mean Avg Speed 2= 6.784 +/- 1.052
2023-05-20 Saturday 17:35:43: Episode:3 Mean Avg Speed 2= 6.778 +/- 1.098
2023-05-20 Saturday 17:35:43: Episode:4 Mean Avg Speed 2= 6.750 +/- 1.067
2023-05-20 Saturday 17:35:43: 1-Total Mean Avg Speed 2= 6.758 +/- 0.021
2023-05-20 Saturday 17:35:43: 2-Total Mean Avg Speed 2= 6.758 +/- 1.061
2023-05-20 Saturday 17:35:43: Episode:0 Mean Avg Speed Cross Check= 7.905 +/- 0.767
2023-05-20 Saturday 17:35:43: Episode:1 Mean Avg Speed Cross Check= 7.927 +/- 0.722
2023-05-20 Saturday 17:35:43: Episode:2 Mean Avg Speed Cross Check= 7.945 +/- 0.740
2023-05-20 Saturday 17:35:43: Episode:3 Mean Avg Speed Cross Check= 7.936 +/- 0.788
2023-05-20 Saturday 17:35:43: Episode:4 Mean Avg Speed Cross Check= 7.921 +/- 0.762
2023-05-20 Saturday 17:35:43: 1-Total Mean Avg Speed Cross Check= 7.927 +/- 0.014
2023-05-20 Saturday 17:35:43: 2-Total Mean Avg Speed Cross Check= 7.927 +/- 0.756
2023-05-20 Saturday 17:35:43: Episode:0 Mean Average CO2 Emission TL= 3099.600 +/- 229.902
2023-05-20 Saturday 17:35:43: Episode:1 Mean Average CO2 Emission TL= 3101.515 +/- 230.588
2023-05-20 Saturday 17:35:43: Episode:2 Mean Average CO2 Emission TL= 3103.200 +/- 230.575
2023-05-20 Saturday 17:35:43: Episode:3 Mean Average CO2 Emission TL= 3103.271 +/- 233.567
2023-05-20 Saturday 17:35:43: Episode:4 Mean Average CO2 Emission TL= 3102.682 +/- 232.765
2023-05-20 Saturday 17:35:43: 1-Total Mean Average CO2 Emission TL= 3102.054 +/- 1.378
2023-05-20 Saturday 17:35:43: 2-Total Mean Average CO2 Emission TL= 3102.054 +/- 231.479
2023-05-20 Saturday 17:35:43: Episode:0 Mean Average CO Emission TL= 95.775 +/- 9.749
2023-05-20 Saturday 17:35:43: Episode:1 Mean Average CO Emission TL= 95.587 +/- 9.302
2023-05-20 Saturday 17:35:43: Episode:2 Mean Average CO Emission TL= 95.153 +/- 9.571
2023-05-20 Saturday 17:35:43: Episode:3 Mean Average CO Emission TL= 95.267 +/- 9.893
2023-05-20 Saturday 17:35:43: Episode:4 Mean Average CO Emission TL= 95.467 +/- 9.670
2023-05-20 Saturday 17:35:43: 1-Total Mean Average CO Emission TL= 95.450 +/- 0.222
2023-05-20 Saturday 17:35:43: 2-Total Mean Average CO Emission TL= 95.450 +/- 9.637
2023-05-20 Saturday 17:35:43: Episode:0 Mean Average Fuel Consumption TL= 1.332 +/- 0.099
2023-05-20 Saturday 17:35:43: Episode:1 Mean Average Fuel Consumption TL= 1.333 +/- 0.099
2023-05-20 Saturday 17:35:43: Episode:2 Mean Average Fuel Consumption TL= 1.334 +/- 0.099
2023-05-20 Saturday 17:35:43: Episode:3 Mean Average Fuel Consumption TL= 1.334 +/- 0.100
2023-05-20 Saturday 17:35:43: Episode:4 Mean Average Fuel Consumption TL= 1.334 +/- 0.100
2023-05-20 Saturday 17:35:43: 1-Total Mean Average Fuel Consumption TL= 1.333 +/- 0.001
2023-05-20 Saturday 17:35:43: 2-Total Mean Average Fuel Consumption TL= 1.333 +/- 0.100
2023-05-20 Saturday 17:35:43: Episode:0 Mean Average Noise Emission TL= 60.559 +/- 1.072
2023-05-20 Saturday 17:35:43: Episode:1 Mean Average Noise Emission TL= 60.571 +/- 1.058
2023-05-20 Saturday 17:35:43: Episode:2 Mean Average Noise Emission TL= 60.595 +/- 1.075
2023-05-20 Saturday 17:35:43: Episode:3 Mean Average Noise Emission TL= 60.593 +/- 1.098
2023-05-20 Saturday 17:35:43: Episode:4 Mean Average Noise Emission TL= 60.569 +/- 1.088
2023-05-20 Saturday 17:35:43: 1-Total Mean Average Noise Emission TL= 60.577 +/- 0.014
2023-05-20 Saturday 17:35:43: 2-Total Mean Average Noise Emission TL= 60.577 +/- 1.078
2023-05-20 Saturday 17:35:43: Episode:0 Mean Average CO2 Emission= 2563.856 +/- 206.337
2023-05-20 Saturday 17:35:43: Episode:1 Mean Average CO2 Emission= 2568.356 +/- 206.498
2023-05-20 Saturday 17:35:43: Episode:2 Mean Average CO2 Emission= 2564.047 +/- 205.918
2023-05-20 Saturday 17:35:43: Episode:3 Mean Average CO2 Emission= 2558.032 +/- 208.893
2023-05-20 Saturday 17:35:43: Episode:4 Mean Average CO2 Emission= 2567.280 +/- 206.074
2023-05-20 Saturday 17:35:43: 1-Total Mean Average CO2 Emission= 2564.314 +/- 3.602
2023-05-20 Saturday 17:35:43: 2-Total Mean Average CO2 Emission= 2564.314 +/- 206.744
2023-05-20 Saturday 17:35:43: Episode:0 Mean Average CO Emission= 67.080 +/- 8.633
2023-05-20 Saturday 17:35:43: Episode:1 Mean Average CO Emission= 66.950 +/- 8.193
2023-05-20 Saturday 17:35:43: Episode:2 Mean Average CO Emission= 66.582 +/- 8.473
2023-05-20 Saturday 17:35:43: Episode:3 Mean Average CO Emission= 66.619 +/- 8.918
2023-05-20 Saturday 17:35:43: Episode:4 Mean Average CO Emission= 66.864 +/- 8.678
2023-05-20 Saturday 17:35:43: 1-Total Mean Average CO Emission= 66.819 +/- 0.191
2023-05-20 Saturday 17:35:43: 2-Total Mean Average CO Emission= 66.819 +/- 8.579
2023-05-20 Saturday 17:35:43: Episode:0 Mean Average Fuel Consumption= 1.102 +/- 0.089
2023-05-20 Saturday 17:35:43: Episode:1 Mean Average Fuel Consumption= 1.104 +/- 0.089
2023-05-20 Saturday 17:35:43: Episode:2 Mean Average Fuel Consumption= 1.102 +/- 0.089
2023-05-20 Saturday 17:35:43: Episode:3 Mean Average Fuel Consumption= 1.100 +/- 0.090
2023-05-20 Saturday 17:35:43: Episode:4 Mean Average Fuel Consumption= 1.104 +/- 0.089
2023-05-20 Saturday 17:35:43: 1-Total Mean Average Fuel Consumption= 1.102 +/- 0.002
2023-05-20 Saturday 17:35:43: 2-Total Mean Average Fuel Consumption= 1.102 +/- 0.089
2023-05-20 Saturday 17:35:43: Episode:0 Mean Average Noise Emission= 61.178 +/- 0.699
2023-05-20 Saturday 17:35:43: Episode:1 Mean Average Noise Emission= 61.194 +/- 0.679
2023-05-20 Saturday 17:35:43: Episode:2 Mean Average Noise Emission= 61.205 +/- 0.690
2023-05-20 Saturday 17:35:43: Episode:3 Mean Average Noise Emission= 61.195 +/- 0.715
2023-05-20 Saturday 17:35:43: Episode:4 Mean Average Noise Emission= 61.186 +/- 0.702
2023-05-20 Saturday 17:35:43: 1-Total Mean Average Noise Emission= 61.192 +/- 0.009
2023-05-20 Saturday 17:35:43: 2-Total Mean Average Noise Emission= 61.192 +/- 0.697
2023-05-20 Saturday 17:35:43: ****************************************
