2023-04-16 Sunday 18:14:08: Run: 5 for Training experiment: DE-Enhanced-1 - route: ../nets/roundabout/input_routes_roundabout_auto_v1-1.rou.xml - first seed: 570 - alpha: 0.5 - gamma: 0.99 - epsilon: 0.2 - reward: diff-waiting-time
2023-04-16 Sunday 18:23:12: Run: 1 - First Epsilon: 0.2 - Last Epsilon: 0.2
2023-04-16 Sunday 18:32:11: Run: 2 - First Epsilon: 0.2 - Last Epsilon: 0.2
2023-04-16 Sunday 18:41:43: Run: 3 - First Epsilon: 0.2 - Last Epsilon: 0.2
2023-04-16 Sunday 18:51:13: Run: 4 - First Epsilon: 0.2 - Last Epsilon: 0.2
2023-04-16 Sunday 19:00:20: Run: 5 - First Epsilon: 0.2 - Last Epsilon: 0.2
2023-04-16 Sunday 19:00:20: Q-Table Total Distinct States: 184
2023-04-16 Sunday 19:00:20: Mean_reward=-0.92 +/- 0.63
2023-04-16 Sunday 19:00:20: Mean_Stopped=70667.20 +/- 1775.09
2023-04-16 Sunday 19:00:20: Mean_Stopped=70764.60 +/- 1787.33
2023-04-16 Sunday 19:00:20: Mean_waiting_time=1719122.00 +/- 134239.67
2023-04-16 Sunday 19:00:20: Mean_avg_speed=3688.03 +/- 35.84
2023-04-16 Sunday 19:00:20: Mean_avg_speed_2=68503.22 +/- 677.58
2023-04-16 Sunday 19:00:20: Mean_avg_speed_cross_check=79924.75 +/- 474.60
2023-04-16 Sunday 19:00:20: Mean_average_co2_emission_tl=31119744.36 +/- 65943.72
2023-04-16 Sunday 19:00:20: Mean_average_co_emission_tl=947578.18 +/- 5828.55
2023-04-16 Sunday 19:00:20: Mean_average_fuel_consumption_tl=13377.40 +/- 28.34
2023-04-16 Sunday 19:00:20: Mean_average_noise_emission_tl=606469.95 +/- 448.33
2023-04-16 Sunday 19:00:20: Mean_average_co2_emission=25609907.65 +/- 34806.14
2023-04-16 Sunday 19:00:20: Mean_average_co_emission=661236.98 +/- 5572.91
2023-04-16 Sunday 19:00:20: Mean_average_fuel_consumptions=11008.88 +/- 14.96
2023-04-16 Sunday 19:00:20: Mean_average_noise_emissions=612408.49 +/- 308.29
2023-04-16 Sunday 19:00:20: ****************************************
2023-04-16 Sunday 19:00:20: Calculation 1 - Overall 
2023-04-16 Sunday 19:00:20: ****************************************
2023-04-16 Sunday 19:00:20: Inner X Outer Loops Mean Reward= -0.000 +/- 0.796
2023-04-16 Sunday 19:00:20: Inner X Outer Loops Mean Stopped= 7.066 +/- 2.145
2023-04-16 Sunday 19:00:20: Inner X Outer Loops Mean Stopped Cross Check= 7.076 +/- 2.145
2023-04-16 Sunday 19:00:20: Inner X Outer Loops Mean Waiting Time= 171.895 +/- 172.688
2023-04-16 Sunday 19:00:20: Inner X Outer Loops Mean Avg Speed= 0.369 +/- 0.059
2023-04-16 Sunday 19:00:21: Inner X Outer Loops Mean Avg Speed 2= 6.850 +/- 1.064
2023-04-16 Sunday 19:00:21: Inner X Outer Loops Mean Avg Speed Cross Check= 7.992 +/- 0.745
2023-04-16 Sunday 19:00:21: Inner X Outer Loops Mean Average CO2 Emission TL= 3111.663 +/- 233.585
2023-04-16 Sunday 19:00:21: Inner X Outer Loops Mean Average CO Emission TL= 94.748 +/- 9.683
2023-04-16 Sunday 19:00:21: Inner X Outer Loops Mean Average Fuel Consumption TL= 1.338 +/- 0.100
2023-04-16 Sunday 19:00:21: Inner X Outer Loops Mean Average Noise Emission TL= 60.641 +/- 1.085
2023-04-16 Sunday 19:00:21: Inner X Outer Loops Mean Average CO2 Emission= 2560.735 +/- 208.638
2023-04-16 Sunday 19:00:21: Inner X Outer Loops Mean Average CO Emission= 66.117 +/- 8.508
2023-04-16 Sunday 19:00:21: Inner X Outer Loops Mean Average Fuel Consumptions= 1.101 +/- 0.090
2023-04-16 Sunday 19:00:21: Inner X Outer Loops Mean Average Noise Emissions= 61.235 +/- 0.693
2023-04-16 Sunday 19:00:21: ****************************************
2023-04-16 Sunday 19:00:21: Calculation 2 - Per Episode
2023-04-16 Sunday 19:00:21: ****************************************
2023-04-16 Sunday 19:00:21: Episode:0 Mean Reward= -0.000 +/- 0.848
2023-04-16 Sunday 19:00:21: Episode:1 Mean Reward= -0.000 +/- 0.780
2023-04-16 Sunday 19:00:21: Episode:2 Mean Reward= -0.000 +/- 0.813
2023-04-16 Sunday 19:00:21: Episode:3 Mean Reward= -0.000 +/- 0.742
2023-04-16 Sunday 19:00:21: Episode:4 Mean Reward= -0.000 +/- 0.794
2023-04-16 Sunday 19:00:21: 1-Total Mean Reward= -0.000 +/- 0.000
2023-04-16 Sunday 19:00:21: 2-Total Mean Reward= -0.000 +/- 0.795
2023-04-16 Sunday 19:00:21: ****
2023-04-16 Sunday 19:00:21: Episode:0 Mean Stopped= 7.309 +/- 2.191
2023-04-16 Sunday 19:00:21: Episode:1 Mean Stopped= 6.819 +/- 2.082
2023-04-16 Sunday 19:00:21: Episode:2 Mean Stopped= 7.107 +/- 2.227
2023-04-16 Sunday 19:00:21: Episode:3 Mean Stopped= 6.915 +/- 2.025
2023-04-16 Sunday 19:00:21: Episode:4 Mean Stopped= 7.180 +/- 2.159
2023-04-16 Sunday 19:00:21: 1-Total Mean Stopped= 7.066 +/- 0.177
2023-04-16 Sunday 19:00:21: 2-Total Mean Stopped= 7.066 +/- 2.137
2023-04-16 Sunday 19:00:21: ****
2023-04-16 Sunday 19:00:21: Episode:0 Mean Stopped Cross Check= 7.321 +/- 2.190
2023-04-16 Sunday 19:00:21: Episode:1 Mean Stopped Cross Check= 6.828 +/- 2.082
2023-04-16 Sunday 19:00:21: Episode:2 Mean Stopped Cross Check= 7.114 +/- 2.228
2023-04-16 Sunday 19:00:21: Episode:3 Mean Stopped Cross Check= 6.924 +/- 2.024
2023-04-16 Sunday 19:00:21: Episode:4 Mean Stopped Cross Check= 7.192 +/- 2.159
2023-04-16 Sunday 19:00:21: 1-Total Mean Stopped Cross Check= 7.076 +/- 0.179
2023-04-16 Sunday 19:00:21: 2-Total Mean Stopped Cross Check= 7.076 +/- 2.137
2023-04-16 Sunday 19:00:21: ****
2023-04-16 Sunday 19:00:21: Episode:0 Mean Waiting Time= 192.106 +/- 192.219
2023-04-16 Sunday 19:00:21: Episode:1 Mean Waiting Time= 164.974 +/- 173.246
2023-04-16 Sunday 19:00:21: Episode:2 Mean Waiting Time= 178.577 +/- 178.985
2023-04-16 Sunday 19:00:21: Episode:3 Mean Waiting Time= 151.900 +/- 140.318
2023-04-16 Sunday 19:00:21: Episode:4 Mean Waiting Time= 171.919 +/- 171.809
2023-04-16 Sunday 19:00:21: 1-Total Mean Waiting Time= 171.895 +/- 13.423
2023-04-16 Sunday 19:00:21: 2-Total Mean Waiting Time= 171.895 +/- 171.315
2023-04-16 Sunday 19:00:21: Episode:0 Mean Avg Speed= 0.364 +/- 0.058
2023-04-16 Sunday 19:00:21: Episode:1 Mean Avg Speed= 0.374 +/- 0.059
2023-04-16 Sunday 19:00:21: Episode:2 Mean Avg Speed= 0.369 +/- 0.059
2023-04-16 Sunday 19:00:21: Episode:3 Mean Avg Speed= 0.371 +/- 0.058
2023-04-16 Sunday 19:00:21: Episode:4 Mean Avg Speed= 0.366 +/- 0.059
2023-04-16 Sunday 19:00:21: 1-Total Mean Avg Speed= 0.369 +/- 0.004
2023-04-16 Sunday 19:00:21: 2-Total Mean Avg Speed= 0.369 +/- 0.059
2023-04-16 Sunday 19:00:21: Episode:0 Mean Avg Speed 2= 6.761 +/- 1.048
2023-04-16 Sunday 19:00:21: Episode:1 Mean Avg Speed 2= 6.951 +/- 1.077
2023-04-16 Sunday 19:00:21: Episode:2 Mean Avg Speed 2= 6.848 +/- 1.076
2023-04-16 Sunday 19:00:21: Episode:3 Mean Avg Speed 2= 6.893 +/- 1.045
2023-04-16 Sunday 19:00:21: Episode:4 Mean Avg Speed 2= 6.796 +/- 1.063
2023-04-16 Sunday 19:00:21: 1-Total Mean Avg Speed 2= 6.850 +/- 0.068
2023-04-16 Sunday 19:00:21: 2-Total Mean Avg Speed 2= 6.850 +/- 1.062
2023-04-16 Sunday 19:00:21: Episode:0 Mean Avg Speed Cross Check= 7.924 +/- 0.740
2023-04-16 Sunday 19:00:21: Episode:1 Mean Avg Speed Cross Check= 8.060 +/- 0.744
2023-04-16 Sunday 19:00:21: Episode:2 Mean Avg Speed Cross Check= 7.991 +/- 0.759
2023-04-16 Sunday 19:00:21: Episode:3 Mean Avg Speed Cross Check= 8.023 +/- 0.727
2023-04-16 Sunday 19:00:21: Episode:4 Mean Avg Speed Cross Check= 7.960 +/- 0.748
2023-04-16 Sunday 19:00:21: 1-Total Mean Avg Speed Cross Check= 7.992 +/- 0.047
2023-04-16 Sunday 19:00:21: 2-Total Mean Avg Speed Cross Check= 7.992 +/- 0.743
2023-04-16 Sunday 19:00:21: Episode:0 Mean Average CO2 Emission TL= 3103.678 +/- 228.127
2023-04-16 Sunday 19:00:21: Episode:1 Mean Average CO2 Emission TL= 3122.616 +/- 237.693
2023-04-16 Sunday 19:00:21: Episode:2 Mean Average CO2 Emission TL= 3112.736 +/- 232.950
2023-04-16 Sunday 19:00:21: Episode:3 Mean Average CO2 Emission TL= 3113.131 +/- 236.045
2023-04-16 Sunday 19:00:21: Episode:4 Mean Average CO2 Emission TL= 3106.155 +/- 232.527
2023-04-16 Sunday 19:00:21: 1-Total Mean Average CO2 Emission TL= 3111.663 +/- 6.594
2023-04-16 Sunday 19:00:21: 2-Total Mean Average CO2 Emission TL= 3111.663 +/- 233.469
2023-04-16 Sunday 19:00:21: Episode:0 Mean Average CO Emission TL= 95.558 +/- 9.689
2023-04-16 Sunday 19:00:21: Episode:1 Mean Average CO Emission TL= 93.958 +/- 9.760
2023-04-16 Sunday 19:00:21: Episode:2 Mean Average CO Emission TL= 94.827 +/- 9.798
2023-04-16 Sunday 19:00:21: Episode:3 Mean Average CO Emission TL= 94.248 +/- 9.456
2023-04-16 Sunday 19:00:21: Episode:4 Mean Average CO Emission TL= 95.150 +/- 9.619
2023-04-16 Sunday 19:00:21: 1-Total Mean Average CO Emission TL= 94.748 +/- 0.583
2023-04-16 Sunday 19:00:21: 2-Total Mean Average CO Emission TL= 94.748 +/- 9.664
2023-04-16 Sunday 19:00:21: Episode:0 Mean Average Fuel Consumption TL= 1.334 +/- 0.098
2023-04-16 Sunday 19:00:21: Episode:1 Mean Average Fuel Consumption TL= 1.342 +/- 0.102
2023-04-16 Sunday 19:00:21: Episode:2 Mean Average Fuel Consumption TL= 1.338 +/- 0.100
2023-04-16 Sunday 19:00:21: Episode:3 Mean Average Fuel Consumption TL= 1.338 +/- 0.101
2023-04-16 Sunday 19:00:21: Episode:4 Mean Average Fuel Consumption TL= 1.335 +/- 0.100
2023-04-16 Sunday 19:00:21: 1-Total Mean Average Fuel Consumption TL= 1.338 +/- 0.003
2023-04-16 Sunday 19:00:21: 2-Total Mean Average Fuel Consumption TL= 1.338 +/- 0.100
2023-04-16 Sunday 19:00:21: Episode:0 Mean Average Noise Emission TL= 60.584 +/- 1.062
2023-04-16 Sunday 19:00:21: Episode:1 Mean Average Noise Emission TL= 60.711 +/- 1.097
2023-04-16 Sunday 19:00:21: Episode:2 Mean Average Noise Emission TL= 60.638 +/- 1.087
2023-04-16 Sunday 19:00:21: Episode:3 Mean Average Noise Emission TL= 60.666 +/- 1.093
2023-04-16 Sunday 19:00:21: Episode:4 Mean Average Noise Emission TL= 60.605 +/- 1.084
2023-04-16 Sunday 19:00:21: 1-Total Mean Average Noise Emission TL= 60.641 +/- 0.045
2023-04-16 Sunday 19:00:21: 2-Total Mean Average Noise Emission TL= 60.641 +/- 1.084
2023-04-16 Sunday 19:00:21: Episode:0 Mean Average CO2 Emission= 2562.188 +/- 206.266
2023-04-16 Sunday 19:00:21: Episode:1 Mean Average CO2 Emission= 2556.836 +/- 209.216
2023-04-16 Sunday 19:00:21: Episode:2 Mean Average CO2 Emission= 2561.916 +/- 207.771
2023-04-16 Sunday 19:00:21: Episode:3 Mean Average CO2 Emission= 2556.836 +/- 211.694
2023-04-16 Sunday 19:00:21: Episode:4 Mean Average CO2 Emission= 2565.897 +/- 208.060
2023-04-16 Sunday 19:00:21: 1-Total Mean Average CO2 Emission= 2560.735 +/- 3.480
2023-04-16 Sunday 19:00:21: 2-Total Mean Average CO2 Emission= 2560.735 +/- 208.601
2023-04-16 Sunday 19:00:21: Episode:0 Mean Average CO Emission= 66.858 +/- 8.631
2023-04-16 Sunday 19:00:21: Episode:1 Mean Average CO Emission= 65.342 +/- 8.496
2023-04-16 Sunday 19:00:21: Episode:2 Mean Average CO Emission= 66.184 +/- 8.646
2023-04-16 Sunday 19:00:21: Episode:3 Mean Average CO Emission= 65.655 +/- 8.197
2023-04-16 Sunday 19:00:21: Episode:4 Mean Average CO Emission= 66.546 +/- 8.471
2023-04-16 Sunday 19:00:21: 1-Total Mean Average CO Emission= 66.117 +/- 0.557
2023-04-16 Sunday 19:00:21: 2-Total Mean Average CO Emission= 66.117 +/- 8.488
2023-04-16 Sunday 19:00:21: Episode:0 Mean Average Fuel Consumption= 1.101 +/- 0.089
2023-04-16 Sunday 19:00:21: Episode:1 Mean Average Fuel Consumption= 1.099 +/- 0.090
2023-04-16 Sunday 19:00:21: Episode:2 Mean Average Fuel Consumption= 1.101 +/- 0.089
2023-04-16 Sunday 19:00:21: Episode:3 Mean Average Fuel Consumption= 1.099 +/- 0.091
2023-04-16 Sunday 19:00:21: Episode:4 Mean Average Fuel Consumption= 1.103 +/- 0.089
2023-04-16 Sunday 19:00:21: 1-Total Mean Average Fuel Consumption= 1.101 +/- 0.001
2023-04-16 Sunday 19:00:21: 2-Total Mean Average Fuel Consumption= 1.101 +/- 0.090
2023-04-16 Sunday 19:00:21: Episode:0 Mean Average Noise Emission= 61.190 +/- 0.684
2023-04-16 Sunday 19:00:21: Episode:1 Mean Average Noise Emission= 61.281 +/- 0.690
2023-04-16 Sunday 19:00:21: Episode:2 Mean Average Noise Emission= 61.233 +/- 0.698
2023-04-16 Sunday 19:00:21: Episode:3 Mean Average Noise Emission= 61.253 +/- 0.694
2023-04-16 Sunday 19:00:21: Episode:4 Mean Average Noise Emission= 61.217 +/- 0.695
2023-04-16 Sunday 19:00:21: 1-Total Mean Average Noise Emission= 61.235 +/- 0.031
2023-04-16 Sunday 19:00:21: 2-Total Mean Average Noise Emission= 61.235 +/- 0.692
2023-04-16 Sunday 19:00:21: ****************************************
