2023-03-10 Friday 18:28:01: Run: 4 for Training experiment: DoE-13 - first seed: 470 - alpha: 0.1 - gamma: 0.99 - epsilon: 0.2 - reward: diff-waiting-time
2023-03-10 Friday 18:33:32: Run: 1 - First Epsilon: 0.2 - Last Epsilon: 0.2
2023-03-10 Friday 18:38:58: Run: 2 - First Epsilon: 0.2 - Last Epsilon: 0.2
2023-03-10 Friday 18:44:20: Run: 3 - First Epsilon: 0.2 - Last Epsilon: 0.2
2023-03-10 Friday 18:49:38: Run: 4 - First Epsilon: 0.2 - Last Epsilon: 0.2
2023-03-10 Friday 18:56:00: Run: 5 - First Epsilon: 0.2 - Last Epsilon: 0.2
2023-03-10 Friday 18:56:00: Q-Table Total Distinct States: 548
2023-03-10 Friday 18:56:00: Mean_reward=-1.25 +/- 0.97
2023-03-10 Friday 18:56:00: Mean_Stopped=88537.00 +/- 23895.03
2023-03-10 Friday 18:56:00: Mean_Stopped=88701.80 +/- 23892.40
2023-03-10 Friday 18:56:00: Mean_waiting_time=2183907.20 +/- 1062290.31
2023-03-10 Friday 18:56:00: Mean_avg_speed=3481.01 +/- 136.51
2023-03-10 Friday 18:56:00: Mean_avg_speed_2=64691.85 +/- 2553.04
2023-03-10 Friday 18:56:00: Mean_avg_speed_cross_check=76789.41 +/- 2570.21
2023-03-10 Friday 18:56:00: ****************************************
2023-03-10 Friday 18:56:00: Calculation 1 - Overall 
2023-03-10 Friday 18:56:00: ****************************************
2023-03-10 Friday 18:56:00: Inner X Outer Loops Mean Reward= -0.000 +/- 0.871
2023-03-10 Friday 18:56:00: Inner X Outer Loops Mean Stopped= 8.853 +/- 7.561
2023-03-10 Friday 18:56:00: Inner X Outer Loops Mean Stopped Cross Check= 8.869 +/- 7.562
2023-03-10 Friday 18:56:00: Inner X Outer Loops Mean Waiting Time= 218.369 +/- 451.353
2023-03-10 Friday 18:56:00: Inner X Outer Loops Mean Avg Speed= 0.348 +/- 0.073
2023-03-10 Friday 18:56:00: Inner X Outer Loops Mean Avg Speed 2= 6.469 +/- 1.343
2023-03-10 Friday 18:56:00: Inner X Outer Loops Mean Avg Speed Cross Check= 7.678 +/- 1.100
2023-03-10 Friday 18:56:00: ****************************************
2023-03-10 Friday 18:56:00: Calculation 2 - Per Episode
2023-03-10 Friday 18:56:00: ****************************************
2023-03-10 Friday 18:56:00: Episode:0 Mean Reward= -0.000 +/- 0.776
2023-03-10 Friday 18:56:00: Episode:1 Mean Reward= 0.000 +/- 0.801
2023-03-10 Friday 18:56:00: Episode:2 Mean Reward= -0.000 +/- 0.764
2023-03-10 Friday 18:56:00: Episode:3 Mean Reward= -0.000 +/- 0.727
2023-03-10 Friday 18:56:00: Episode:4 Mean Reward= -0.000 +/- 1.197
2023-03-10 Friday 18:56:00: 1-Total Mean Reward= -0.000 +/- 0.000
2023-03-10 Friday 18:56:00: 2-Total Mean Reward= -0.000 +/- 0.853
2023-03-10 Friday 18:56:00: ****
2023-03-10 Friday 18:56:00: Episode:0 Mean Stopped= 8.064 +/- 2.853
2023-03-10 Friday 18:56:00: Episode:1 Mean Stopped= 7.753 +/- 2.392
2023-03-10 Friday 18:56:00: Episode:2 Mean Stopped= 7.564 +/- 2.180
2023-03-10 Friday 18:56:00: Episode:3 Mean Stopped= 7.279 +/- 2.244
2023-03-10 Friday 18:56:00: Episode:4 Mean Stopped= 13.604 +/- 15.285
2023-03-10 Friday 18:56:00: 1-Total Mean Stopped= 8.853 +/- 2.389
2023-03-10 Friday 18:56:00: 2-Total Mean Stopped= 8.853 +/- 4.991
2023-03-10 Friday 18:56:00: ****
2023-03-10 Friday 18:56:00: Episode:0 Mean Stopped Cross Check= 8.078 +/- 2.855
2023-03-10 Friday 18:56:00: Episode:1 Mean Stopped Cross Check= 7.769 +/- 2.391
2023-03-10 Friday 18:56:00: Episode:2 Mean Stopped Cross Check= 7.583 +/- 2.179
2023-03-10 Friday 18:56:00: Episode:3 Mean Stopped Cross Check= 7.296 +/- 2.246
2023-03-10 Friday 18:56:00: Episode:4 Mean Stopped Cross Check= 13.620 +/- 15.288
2023-03-10 Friday 18:56:00: 1-Total Mean Stopped Cross Check= 8.869 +/- 2.389
2023-03-10 Friday 18:56:00: 2-Total Mean Stopped Cross Check= 8.869 +/- 4.992
2023-03-10 Friday 18:56:00: ****
2023-03-10 Friday 18:56:00: Episode:0 Mean Waiting Time= 170.272 +/- 153.956
2023-03-10 Friday 18:56:00: Episode:1 Mean Waiting Time= 177.557 +/- 162.410
2023-03-10 Friday 18:56:00: Episode:2 Mean Waiting Time= 164.980 +/- 143.795
2023-03-10 Friday 18:56:00: Episode:3 Mean Waiting Time= 149.057 +/- 128.065
2023-03-10 Friday 18:56:00: Episode:4 Mean Waiting Time= 429.978 +/- 935.430
2023-03-10 Friday 18:56:00: 1-Total Mean Waiting Time= 218.369 +/- 106.218
2023-03-10 Friday 18:56:00: 2-Total Mean Waiting Time= 218.369 +/- 304.731
2023-03-10 Friday 18:56:00: Episode:0 Mean Avg Speed= 0.348 +/- 0.064
2023-03-10 Friday 18:56:00: Episode:1 Mean Avg Speed= 0.352 +/- 0.058
2023-03-10 Friday 18:56:00: Episode:2 Mean Avg Speed= 0.355 +/- 0.058
2023-03-10 Friday 18:56:00: Episode:3 Mean Avg Speed= 0.362 +/- 0.060
2023-03-10 Friday 18:56:00: Episode:4 Mean Avg Speed= 0.322 +/- 0.108
2023-03-10 Friday 18:56:00: 1-Total Mean Avg Speed= 0.348 +/- 0.014
2023-03-10 Friday 18:56:00: 2-Total Mean Avg Speed= 0.348 +/- 0.069
2023-03-10 Friday 18:56:00: Episode:0 Mean Avg Speed 2= 6.476 +/- 1.160
2023-03-10 Friday 18:56:00: Episode:1 Mean Avg Speed 2= 6.551 +/- 1.062
2023-03-10 Friday 18:56:00: Episode:2 Mean Avg Speed 2= 6.604 +/- 1.042
2023-03-10 Friday 18:56:00: Episode:3 Mean Avg Speed 2= 6.727 +/- 1.082
2023-03-10 Friday 18:56:00: Episode:4 Mean Avg Speed 2= 5.985 +/- 1.992
2023-03-10 Friday 18:56:00: 1-Total Mean Avg Speed 2= 6.469 +/- 0.255
2023-03-10 Friday 18:56:00: 2-Total Mean Avg Speed 2= 6.469 +/- 1.268
2023-03-10 Friday 18:56:00: Episode:0 Mean Avg Speed Cross Check= 7.715 +/- 0.844
2023-03-10 Friday 18:56:00: Episode:1 Mean Avg Speed Cross Check= 7.778 +/- 0.766
2023-03-10 Friday 18:56:00: Episode:2 Mean Avg Speed Cross Check= 7.819 +/- 0.740
2023-03-10 Friday 18:56:00: Episode:3 Mean Avg Speed Cross Check= 7.901 +/- 0.758
2023-03-10 Friday 18:56:00: Episode:4 Mean Avg Speed Cross Check= 7.179 +/- 1.816
2023-03-10 Friday 18:56:00: 1-Total Mean Avg Speed Cross Check= 7.678 +/- 0.257
2023-03-10 Friday 18:56:00: 2-Total Mean Avg Speed Cross Check= 7.678 +/- 0.985
2023-03-10 Friday 18:56:00: ****************************************
