2023-03-07 Tuesday 07:39:45: Run: 3 for Training experiment: DoE-21 - first seed: 370 - alpha: 0.3 - gamma: 0.8 - epsilon: 0.3 - reward: diff-waiting-time
2023-03-07 Tuesday 07:46:12: Run: 1 - First Epsilon: 0.3 - Last Epsilon: 0.3
2023-03-07 Tuesday 07:52:58: Run: 2 - First Epsilon: 0.3 - Last Epsilon: 0.3
2023-03-07 Tuesday 07:59:38: Run: 3 - First Epsilon: 0.3 - Last Epsilon: 0.3
2023-03-07 Tuesday 08:06:26: Run: 4 - First Epsilon: 0.3 - Last Epsilon: 0.3
2023-03-07 Tuesday 08:13:12: Run: 5 - First Epsilon: 0.3 - Last Epsilon: 0.3
2023-03-07 Tuesday 08:13:12: Q-Table Total Distinct States: 309
2023-03-07 Tuesday 08:13:12: Mean_reward=-1.69 +/- 1.08
2023-03-07 Tuesday 08:13:12: Mean_Stopped=79583.20 +/- 2769.90
2023-03-07 Tuesday 08:13:12: Mean_Stopped=79748.00 +/- 2786.19
2023-03-07 Tuesday 08:13:12: Mean_waiting_time=1703137.00 +/- 140126.66
2023-03-07 Tuesday 08:13:12: Mean_avg_speed=3497.81 +/- 50.99
2023-03-07 Tuesday 08:13:12: Mean_avg_speed_2=64996.93 +/- 922.14
2023-03-07 Tuesday 08:13:12: Mean_avg_speed_cross_check=77357.15 +/- 671.92
2023-03-07 Tuesday 08:13:12: ****************************************
2023-03-07 Tuesday 08:13:12: Calculation 1 - Overall 
2023-03-07 Tuesday 08:13:12: ****************************************
2023-03-07 Tuesday 08:13:12: Inner X Outer Loops Mean Reward= -0.000 +/- 0.781
2023-03-07 Tuesday 08:13:12: Inner X Outer Loops Mean Stopped= 7.958 +/- 2.729
2023-03-07 Tuesday 08:13:12: Inner X Outer Loops Mean Stopped Cross Check= 7.974 +/- 2.729
2023-03-07 Tuesday 08:13:12: Inner X Outer Loops Mean Waiting Time= 170.297 +/- 157.003
2023-03-07 Tuesday 08:13:12: Inner X Outer Loops Mean Avg Speed= 0.350 +/- 0.061
2023-03-07 Tuesday 08:13:12: Inner X Outer Loops Mean Avg Speed 2= 6.499 +/- 1.110
2023-03-07 Tuesday 08:13:12: Inner X Outer Loops Mean Avg Speed Cross Check= 7.735 +/- 0.817
2023-03-07 Tuesday 08:13:12: ****************************************
2023-03-07 Tuesday 08:13:12: Calculation 2 - Per Episode
2023-03-07 Tuesday 08:13:12: ****************************************
2023-03-07 Tuesday 08:13:12: Episode:0 Mean Reward= -0.000 +/- 0.840
2023-03-07 Tuesday 08:13:12: Episode:1 Mean Reward= -0.000 +/- 0.771
2023-03-07 Tuesday 08:13:12: Episode:2 Mean Reward= -0.000 +/- 0.727
2023-03-07 Tuesday 08:13:12: Episode:3 Mean Reward= -0.000 +/- 0.777
2023-03-07 Tuesday 08:13:12: Episode:4 Mean Reward= -0.000 +/- 0.785
2023-03-07 Tuesday 08:13:12: 1-Total Mean Reward= -0.000 +/- 0.000
2023-03-07 Tuesday 08:13:12: 2-Total Mean Reward= -0.000 +/- 0.780
2023-03-07 Tuesday 08:13:12: ****
2023-03-07 Tuesday 08:13:12: Episode:0 Mean Stopped= 8.321 +/- 3.191
2023-03-07 Tuesday 08:13:12: Episode:1 Mean Stopped= 7.908 +/- 2.591
2023-03-07 Tuesday 08:13:12: Episode:2 Mean Stopped= 7.477 +/- 2.471
2023-03-07 Tuesday 08:13:12: Episode:3 Mean Stopped= 8.087 +/- 2.580
2023-03-07 Tuesday 08:13:12: Episode:4 Mean Stopped= 7.994 +/- 2.686
2023-03-07 Tuesday 08:13:12: 1-Total Mean Stopped= 7.958 +/- 0.277
2023-03-07 Tuesday 08:13:12: 2-Total Mean Stopped= 7.958 +/- 2.704
2023-03-07 Tuesday 08:13:12: ****
2023-03-07 Tuesday 08:13:12: Episode:0 Mean Stopped Cross Check= 8.339 +/- 3.189
2023-03-07 Tuesday 08:13:12: Episode:1 Mean Stopped Cross Check= 7.924 +/- 2.592
2023-03-07 Tuesday 08:13:12: Episode:2 Mean Stopped Cross Check= 7.491 +/- 2.470
2023-03-07 Tuesday 08:13:12: Episode:3 Mean Stopped Cross Check= 8.106 +/- 2.579
2023-03-07 Tuesday 08:13:12: Episode:4 Mean Stopped Cross Check= 8.011 +/- 2.687
2023-03-07 Tuesday 08:13:12: 1-Total Mean Stopped Cross Check= 7.974 +/- 0.279
2023-03-07 Tuesday 08:13:12: 2-Total Mean Stopped Cross Check= 7.974 +/- 2.703
2023-03-07 Tuesday 08:13:12: ****
2023-03-07 Tuesday 08:13:12: Episode:0 Mean Waiting Time= 192.750 +/- 224.510
2023-03-07 Tuesday 08:13:12: Episode:1 Mean Waiting Time= 167.235 +/- 132.107
2023-03-07 Tuesday 08:13:12: Episode:2 Mean Waiting Time= 148.731 +/- 118.067
2023-03-07 Tuesday 08:13:12: Episode:3 Mean Waiting Time= 170.820 +/- 142.739
2023-03-07 Tuesday 08:13:12: Episode:4 Mean Waiting Time= 171.948 +/- 141.764
2023-03-07 Tuesday 08:13:12: 1-Total Mean Waiting Time= 170.297 +/- 14.011
2023-03-07 Tuesday 08:13:12: 2-Total Mean Waiting Time= 170.297 +/- 151.837
2023-03-07 Tuesday 08:13:12: Episode:0 Mean Avg Speed= 0.344 +/- 0.063
2023-03-07 Tuesday 08:13:12: Episode:1 Mean Avg Speed= 0.350 +/- 0.060
2023-03-07 Tuesday 08:13:12: Episode:2 Mean Avg Speed= 0.359 +/- 0.062
2023-03-07 Tuesday 08:13:12: Episode:3 Mean Avg Speed= 0.346 +/- 0.059
2023-03-07 Tuesday 08:13:12: Episode:4 Mean Avg Speed= 0.349 +/- 0.061
2023-03-07 Tuesday 08:13:12: 1-Total Mean Avg Speed= 0.350 +/- 0.005
2023-03-07 Tuesday 08:13:12: 2-Total Mean Avg Speed= 0.350 +/- 0.061
2023-03-07 Tuesday 08:13:12: Episode:0 Mean Avg Speed 2= 6.407 +/- 1.148
2023-03-07 Tuesday 08:13:12: Episode:1 Mean Avg Speed 2= 6.509 +/- 1.091
2023-03-07 Tuesday 08:13:12: Episode:2 Mean Avg Speed 2= 6.669 +/- 1.116
2023-03-07 Tuesday 08:13:12: Episode:3 Mean Avg Speed 2= 6.430 +/- 1.072
2023-03-07 Tuesday 08:13:12: Episode:4 Mean Avg Speed 2= 6.480 +/- 1.100
2023-03-07 Tuesday 08:13:12: 1-Total Mean Avg Speed 2= 6.499 +/- 0.092
2023-03-07 Tuesday 08:13:12: 2-Total Mean Avg Speed 2= 6.499 +/- 1.105
2023-03-07 Tuesday 08:13:12: Episode:0 Mean Avg Speed Cross Check= 7.669 +/- 0.860
2023-03-07 Tuesday 08:13:12: Episode:1 Mean Avg Speed Cross Check= 7.743 +/- 0.799
2023-03-07 Tuesday 08:13:12: Episode:2 Mean Avg Speed Cross Check= 7.859 +/- 0.796
2023-03-07 Tuesday 08:13:12: Episode:3 Mean Avg Speed Cross Check= 7.684 +/- 0.795
2023-03-07 Tuesday 08:13:12: Episode:4 Mean Avg Speed Cross Check= 7.719 +/- 0.818
2023-03-07 Tuesday 08:13:12: 1-Total Mean Avg Speed Cross Check= 7.735 +/- 0.067
2023-03-07 Tuesday 08:13:12: 2-Total Mean Avg Speed Cross Check= 7.735 +/- 0.814
2023-03-07 Tuesday 08:13:12: ****************************************
