2023-03-06 Monday 09:40:47: Run: 3 for Training experiment: DoE-3 - first seed: 370 - alpha: 0.1 - gamma: 0.8 - epsilon: 0.3 - reward: diff-waiting-time
2023-03-06 Monday 09:46:41: Run: 1 - First Epsilon: 0.3 - Last Epsilon: 0.3
2023-03-06 Monday 09:51:59: Run: 2 - First Epsilon: 0.3 - Last Epsilon: 0.3
2023-03-06 Monday 09:57:22: Run: 3 - First Epsilon: 0.3 - Last Epsilon: 0.3
2023-03-06 Monday 10:02:37: Run: 4 - First Epsilon: 0.3 - Last Epsilon: 0.3
2023-03-06 Monday 10:07:55: Run: 5 - First Epsilon: 0.3 - Last Epsilon: 0.3
2023-03-06 Monday 10:07:56: Q-Table Total Distinct States: 394
2023-03-06 Monday 10:07:56: Mean_reward=-2.35 +/- 1.98
2023-03-06 Monday 10:07:56: Mean_Stopped=79140.40 +/- 7005.84
2023-03-06 Monday 10:07:56: Mean_Stopped=79246.20 +/- 7018.21
2023-03-06 Monday 10:07:56: Mean_waiting_time=1623815.40 +/- 276550.27
2023-03-06 Monday 10:07:56: Mean_avg_speed=3542.85 +/- 84.59
2023-03-06 Monday 10:07:56: Mean_avg_speed_2=65828.18 +/- 1495.37
2023-03-06 Monday 10:07:56: Mean_avg_speed_cross_check=77897.01 +/- 1209.51
2023-03-06 Monday 10:07:56: ****************************************
2023-03-06 Monday 10:07:56: Calculation 1 - Overall 
2023-03-06 Monday 10:07:56: ****************************************
2023-03-06 Monday 10:07:56: Inner X Outer Loops Mean Reward= -0.000 +/- 0.756
2023-03-06 Monday 10:07:56: Inner X Outer Loops Mean Stopped= 7.913 +/- 3.692
2023-03-06 Monday 10:07:56: Inner X Outer Loops Mean Stopped Cross Check= 7.924 +/- 3.692
2023-03-06 Monday 10:07:56: Inner X Outer Loops Mean Waiting Time= 162.365 +/- 211.612
2023-03-06 Monday 10:07:56: Inner X Outer Loops Mean Avg Speed= 0.354 +/- 0.065
2023-03-06 Monday 10:07:56: Inner X Outer Loops Mean Avg Speed 2= 6.582 +/- 1.184
2023-03-06 Monday 10:07:56: Inner X Outer Loops Mean Avg Speed Cross Check= 7.789 +/- 0.888
2023-03-06 Monday 10:07:56: ****************************************
2023-03-06 Monday 10:07:56: Calculation 2 - Per Episode
2023-03-06 Monday 10:07:56: ****************************************
2023-03-06 Monday 10:07:56: Episode:0 Mean Reward= -0.000 +/- 0.867
2023-03-06 Monday 10:07:56: Episode:1 Mean Reward= -0.000 +/- 0.701
2023-03-06 Monday 10:07:56: Episode:2 Mean Reward= -0.000 +/- 0.765
2023-03-06 Monday 10:07:56: Episode:3 Mean Reward= -0.001 +/- 0.740
2023-03-06 Monday 10:07:56: Episode:4 Mean Reward= -0.000 +/- 0.697
2023-03-06 Monday 10:07:56: 1-Total Mean Reward= -0.000 +/- 0.000
2023-03-06 Monday 10:07:56: 2-Total Mean Reward= -0.000 +/- 0.754
2023-03-06 Monday 10:07:56: ****
2023-03-06 Monday 10:07:56: Episode:0 Mean Stopped= 9.189 +/- 6.358
2023-03-06 Monday 10:07:56: Episode:1 Mean Stopped= 7.358 +/- 2.358
2023-03-06 Monday 10:07:56: Episode:2 Mean Stopped= 8.151 +/- 2.870
2023-03-06 Monday 10:07:56: Episode:3 Mean Stopped= 7.402 +/- 2.453
2023-03-06 Monday 10:07:56: Episode:4 Mean Stopped= 7.466 +/- 2.338
2023-03-06 Monday 10:07:56: 1-Total Mean Stopped= 7.913 +/- 0.701
2023-03-06 Monday 10:07:56: 2-Total Mean Stopped= 7.913 +/- 3.275
2023-03-06 Monday 10:07:56: ****
2023-03-06 Monday 10:07:56: Episode:0 Mean Stopped Cross Check= 9.202 +/- 6.357
2023-03-06 Monday 10:07:56: Episode:1 Mean Stopped Cross Check= 7.366 +/- 2.359
2023-03-06 Monday 10:07:56: Episode:2 Mean Stopped Cross Check= 8.162 +/- 2.870
2023-03-06 Monday 10:07:56: Episode:3 Mean Stopped Cross Check= 7.413 +/- 2.453
2023-03-06 Monday 10:07:56: Episode:4 Mean Stopped Cross Check= 7.476 +/- 2.337
2023-03-06 Monday 10:07:56: 1-Total Mean Stopped Cross Check= 7.924 +/- 0.702
2023-03-06 Monday 10:07:56: 2-Total Mean Stopped Cross Check= 7.924 +/- 3.275
2023-03-06 Monday 10:07:56: ****
2023-03-06 Monday 10:07:56: Episode:0 Mean Waiting Time= 213.987 +/- 400.082
2023-03-06 Monday 10:07:56: Episode:1 Mean Waiting Time= 139.397 +/- 102.151
2023-03-06 Monday 10:07:56: Episode:2 Mean Waiting Time= 165.202 +/- 136.017
2023-03-06 Monday 10:07:56: Episode:3 Mean Waiting Time= 154.591 +/- 147.636
2023-03-06 Monday 10:07:56: Episode:4 Mean Waiting Time= 138.650 +/- 96.317
2023-03-06 Monday 10:07:56: 1-Total Mean Waiting Time= 162.365 +/- 27.652
2023-03-06 Monday 10:07:56: 2-Total Mean Waiting Time= 162.365 +/- 176.440
2023-03-06 Monday 10:07:56: Episode:0 Mean Avg Speed= 0.342 +/- 0.078
2023-03-06 Monday 10:07:56: Episode:1 Mean Avg Speed= 0.362 +/- 0.060
2023-03-06 Monday 10:07:56: Episode:2 Mean Avg Speed= 0.347 +/- 0.063
2023-03-06 Monday 10:07:56: Episode:3 Mean Avg Speed= 0.362 +/- 0.061
2023-03-06 Monday 10:07:56: Episode:4 Mean Avg Speed= 0.359 +/- 0.059
2023-03-06 Monday 10:07:56: 1-Total Mean Avg Speed= 0.354 +/- 0.008
2023-03-06 Monday 10:07:56: 2-Total Mean Avg Speed= 0.354 +/- 0.064
2023-03-06 Monday 10:07:56: Episode:0 Mean Avg Speed 2= 6.360 +/- 1.430
2023-03-06 Monday 10:07:56: Episode:1 Mean Avg Speed 2= 6.718 +/- 1.082
2023-03-06 Monday 10:07:56: Episode:2 Mean Avg Speed 2= 6.448 +/- 1.150
2023-03-06 Monday 10:07:56: Episode:3 Mean Avg Speed 2= 6.719 +/- 1.101
2023-03-06 Monday 10:07:56: Episode:4 Mean Avg Speed 2= 6.667 +/- 1.070
2023-03-06 Monday 10:07:56: 1-Total Mean Avg Speed 2= 6.582 +/- 0.150
2023-03-06 Monday 10:07:56: 2-Total Mean Avg Speed 2= 6.582 +/- 1.167
2023-03-06 Monday 10:07:56: Episode:0 Mean Avg Speed Cross Check= 7.596 +/- 1.163
2023-03-06 Monday 10:07:56: Episode:1 Mean Avg Speed Cross Check= 7.897 +/- 0.772
2023-03-06 Monday 10:07:56: Episode:2 Mean Avg Speed Cross Check= 7.699 +/- 0.844
2023-03-06 Monday 10:07:56: Episode:3 Mean Avg Speed Cross Check= 7.895 +/- 0.790
2023-03-06 Monday 10:07:56: Episode:4 Mean Avg Speed Cross Check= 7.857 +/- 0.765
2023-03-06 Monday 10:07:56: 1-Total Mean Avg Speed Cross Check= 7.789 +/- 0.121
2023-03-06 Monday 10:07:56: 2-Total Mean Avg Speed Cross Check= 7.789 +/- 0.867
2023-03-06 Monday 10:07:56: ****************************************
