2023-03-12 Sunday 16:52:54: Run: 4 for Training experiment: DoE-29 - first seed: 470 - alpha: 0.3 - gamma: 0.9 - epsilon: 0.4 - reward: diff-waiting-time
2023-03-12 Sunday 16:58:54: Run: 1 - First Epsilon: 0.4 - Last Epsilon: 0.4
2023-03-12 Sunday 17:04:21: Run: 2 - First Epsilon: 0.4 - Last Epsilon: 0.4
2023-03-12 Sunday 17:10:09: Run: 3 - First Epsilon: 0.4 - Last Epsilon: 0.4
2023-03-12 Sunday 17:15:58: Run: 4 - First Epsilon: 0.4 - Last Epsilon: 0.4
2023-03-12 Sunday 17:21:52: Run: 5 - First Epsilon: 0.4 - Last Epsilon: 0.4
2023-03-12 Sunday 17:21:52: Q-Table Total Distinct States: 389
2023-03-12 Sunday 17:21:52: Mean_reward=-2.12 +/- 1.24
2023-03-12 Sunday 17:21:52: Mean_Stopped=91161.80 +/- 4252.40
2023-03-12 Sunday 17:21:52: Mean_Stopped=91329.40 +/- 4263.28
2023-03-12 Sunday 17:21:52: Mean_waiting_time=2127616.00 +/- 158300.79
2023-03-12 Sunday 17:21:52: Mean_avg_speed=3305.47 +/- 65.63
2023-03-12 Sunday 17:21:52: Mean_avg_speed_2=61413.79 +/- 1214.74
2023-03-12 Sunday 17:21:52: Mean_avg_speed_cross_check=74556.30 +/- 959.00
2023-03-12 Sunday 17:21:52: ****************************************
2023-03-12 Sunday 17:21:52: Calculation 1 - Overall 
2023-03-12 Sunday 17:21:52: ****************************************
2023-03-12 Sunday 17:21:52: Inner X Outer Loops Mean Reward= -0.000 +/- 0.878
2023-03-12 Sunday 17:21:52: Inner X Outer Loops Mean Stopped= 9.115 +/- 3.358
2023-03-12 Sunday 17:21:52: Inner X Outer Loops Mean Stopped Cross Check= 9.132 +/- 3.361
2023-03-12 Sunday 17:21:52: Inner X Outer Loops Mean Waiting Time= 212.740 +/- 181.165
2023-03-12 Sunday 17:21:52: Inner X Outer Loops Mean Avg Speed= 0.331 +/- 0.064
2023-03-12 Sunday 17:21:53: Inner X Outer Loops Mean Avg Speed 2= 6.141 +/- 1.161
2023-03-12 Sunday 17:21:53: Inner X Outer Loops Mean Avg Speed Cross Check= 7.455 +/- 0.892
2023-03-12 Sunday 17:21:53: ****************************************
2023-03-12 Sunday 17:21:53: Calculation 2 - Per Episode
2023-03-12 Sunday 17:21:53: ****************************************
2023-03-12 Sunday 17:21:53: Episode:0 Mean Reward= -0.000 +/- 0.927
2023-03-12 Sunday 17:21:53: Episode:1 Mean Reward= -0.000 +/- 0.833
2023-03-12 Sunday 17:21:53: Episode:2 Mean Reward= -0.000 +/- 0.851
2023-03-12 Sunday 17:21:53: Episode:3 Mean Reward= -0.000 +/- 0.881
2023-03-12 Sunday 17:21:53: Episode:4 Mean Reward= -0.000 +/- 0.894
2023-03-12 Sunday 17:21:53: 1-Total Mean Reward= -0.000 +/- 0.000
2023-03-12 Sunday 17:21:53: 2-Total Mean Reward= -0.000 +/- 0.877
2023-03-12 Sunday 17:21:53: ****
2023-03-12 Sunday 17:21:53: Episode:0 Mean Stopped= 9.776 +/- 3.848
2023-03-12 Sunday 17:21:53: Episode:1 Mean Stopped= 8.655 +/- 2.937
2023-03-12 Sunday 17:21:53: Episode:2 Mean Stopped= 8.769 +/- 3.261
2023-03-12 Sunday 17:21:53: Episode:3 Mean Stopped= 8.938 +/- 3.100
2023-03-12 Sunday 17:21:53: Episode:4 Mean Stopped= 9.438 +/- 3.437
2023-03-12 Sunday 17:21:53: 1-Total Mean Stopped= 9.115 +/- 0.425
2023-03-12 Sunday 17:21:53: 2-Total Mean Stopped= 9.115 +/- 3.317
2023-03-12 Sunday 17:21:53: ****
2023-03-12 Sunday 17:21:53: Episode:0 Mean Stopped Cross Check= 9.793 +/- 3.847
2023-03-12 Sunday 17:21:53: Episode:1 Mean Stopped Cross Check= 8.669 +/- 2.938
2023-03-12 Sunday 17:21:53: Episode:2 Mean Stopped Cross Check= 8.784 +/- 3.265
2023-03-12 Sunday 17:21:53: Episode:3 Mean Stopped Cross Check= 8.956 +/- 3.104
2023-03-12 Sunday 17:21:53: Episode:4 Mean Stopped Cross Check= 9.458 +/- 3.441
2023-03-12 Sunday 17:21:53: 1-Total Mean Stopped Cross Check= 9.132 +/- 0.426
2023-03-12 Sunday 17:21:53: 2-Total Mean Stopped Cross Check= 9.132 +/- 3.319
2023-03-12 Sunday 17:21:53: ****
2023-03-12 Sunday 17:21:53: Episode:0 Mean Waiting Time= 236.000 +/- 224.159
2023-03-12 Sunday 17:21:53: Episode:1 Mean Waiting Time= 192.223 +/- 141.435
2023-03-12 Sunday 17:21:53: Episode:2 Mean Waiting Time= 199.475 +/- 175.018
2023-03-12 Sunday 17:21:53: Episode:3 Mean Waiting Time= 212.552 +/- 175.463
2023-03-12 Sunday 17:21:53: Episode:4 Mean Waiting Time= 223.452 +/- 176.579
2023-03-12 Sunday 17:21:53: 1-Total Mean Waiting Time= 212.740 +/- 15.828
2023-03-12 Sunday 17:21:53: 2-Total Mean Waiting Time= 212.740 +/- 178.531
2023-03-12 Sunday 17:21:53: Episode:0 Mean Avg Speed= 0.321 +/- 0.066
2023-03-12 Sunday 17:21:53: Episode:1 Mean Avg Speed= 0.338 +/- 0.062
2023-03-12 Sunday 17:21:53: Episode:2 Mean Avg Speed= 0.337 +/- 0.064
2023-03-12 Sunday 17:21:53: Episode:3 Mean Avg Speed= 0.333 +/- 0.061
2023-03-12 Sunday 17:21:53: Episode:4 Mean Avg Speed= 0.325 +/- 0.065
2023-03-12 Sunday 17:21:53: 1-Total Mean Avg Speed= 0.331 +/- 0.007
2023-03-12 Sunday 17:21:53: 2-Total Mean Avg Speed= 0.331 +/- 0.064
2023-03-12 Sunday 17:21:53: Episode:0 Mean Avg Speed 2= 5.962 +/- 1.198
2023-03-12 Sunday 17:21:53: Episode:1 Mean Avg Speed 2= 6.270 +/- 1.117
2023-03-12 Sunday 17:21:53: Episode:2 Mean Avg Speed 2= 6.256 +/- 1.162
2023-03-12 Sunday 17:21:53: Episode:3 Mean Avg Speed 2= 6.178 +/- 1.116
2023-03-12 Sunday 17:21:53: Episode:4 Mean Avg Speed 2= 6.038 +/- 1.177
2023-03-12 Sunday 17:21:53: 1-Total Mean Avg Speed 2= 6.141 +/- 0.121
2023-03-12 Sunday 17:21:53: 2-Total Mean Avg Speed 2= 6.141 +/- 1.154
2023-03-12 Sunday 17:21:53: Episode:0 Mean Avg Speed Cross Check= 7.315 +/- 0.941
2023-03-12 Sunday 17:21:53: Episode:1 Mean Avg Speed Cross Check= 7.557 +/- 0.842
2023-03-12 Sunday 17:21:53: Episode:2 Mean Avg Speed Cross Check= 7.547 +/- 0.889
2023-03-12 Sunday 17:21:53: Episode:3 Mean Avg Speed Cross Check= 7.483 +/- 0.852
2023-03-12 Sunday 17:21:53: Episode:4 Mean Avg Speed Cross Check= 7.372 +/- 0.907
2023-03-12 Sunday 17:21:53: 1-Total Mean Avg Speed Cross Check= 7.455 +/- 0.096
2023-03-12 Sunday 17:21:53: 2-Total Mean Avg Speed Cross Check= 7.455 +/- 0.886
2023-03-12 Sunday 17:21:53: ****************************************
