2023-02-27 Monday 11:22:51: Run: 1 for Training experiment: DoE-23 - first seed: 170 - alpha: 0.3 - gamma: 0.8 - epsilon: 0.4 - reward: diff-waiting-time
2023-02-27 Monday 11:34:05: Run: 1 - First Epsilon: 0.4 - Last Epsilon: 0.4
2023-02-27 Monday 11:40:02: Run: 2 - First Epsilon: 0.4 - Last Epsilon: 0.4
2023-02-27 Monday 11:45:50: Run: 3 - First Epsilon: 0.4 - Last Epsilon: 0.4
2023-02-27 Monday 11:51:49: Run: 4 - First Epsilon: 0.4 - Last Epsilon: 0.4
2023-02-27 Monday 11:57:43: Run: 5 - First Epsilon: 0.4 - Last Epsilon: 0.4
2023-02-27 Monday 11:57:43: Q-Table Total Distinct States: 1261
2023-02-27 Monday 11:57:43: Mean_reward=-3.26 +/- 3.16
2023-02-27 Monday 11:57:43: Mean_Stopped=153295.80 +/- 123509.44
2023-02-27 Monday 11:57:43: Mean_Stopped=153474.00 +/- 123513.98
2023-02-27 Monday 11:57:43: Mean_waiting_time=4247165.40 +/- 4495391.83
2023-02-27 Monday 11:57:43: Mean_avg_speed=3004.44 +/- 567.89
2023-02-27 Monday 11:57:43: Mean_avg_speed_2=55820.53 +/- 10546.62
2023-02-27 Monday 11:57:43: Mean_avg_speed_cross_check=68918.92 +/- 10855.35
2023-02-27 Monday 11:57:43: ****************************************
2023-02-27 Monday 11:57:43: Calculation 1 - Overall 
2023-02-27 Monday 11:57:43: ****************************************
2023-02-27 Monday 11:57:43: Inner X Outer Loops Mean Reward= -0.000 +/- 1.130
2023-02-27 Monday 11:57:43: Inner X Outer Loops Mean Stopped= 15.328 +/- 18.642
2023-02-27 Monday 11:57:43: Inner X Outer Loops Mean Stopped Cross Check= 15.346 +/- 18.643
2023-02-27 Monday 11:57:43: Inner X Outer Loops Mean Waiting Time= 424.674 +/- 823.405
2023-02-27 Monday 11:57:43: Inner X Outer Loops Mean Avg Speed= 0.300 +/- 0.096
2023-02-27 Monday 11:57:43: Inner X Outer Loops Mean Avg Speed 2= 5.581 +/- 1.774
2023-02-27 Monday 11:57:43: Inner X Outer Loops Mean Avg Speed Cross Check= 6.891 +/- 1.692
2023-02-27 Monday 11:57:43: ****************************************
2023-02-27 Monday 11:57:43: Calculation 2 - Per Episode
2023-02-27 Monday 11:57:43: ****************************************
2023-02-27 Monday 11:57:43: Episode:0 Mean Reward= -0.000 +/- 1.884
2023-02-27 Monday 11:57:43: Episode:1 Mean Reward= -0.000 +/- 0.869
2023-02-27 Monday 11:57:43: Episode:2 Mean Reward= -0.000 +/- 0.810
2023-02-27 Monday 11:57:43: Episode:3 Mean Reward= -0.001 +/- 0.869
2023-02-27 Monday 11:57:43: Episode:4 Mean Reward= -0.000 +/- 0.817
2023-02-27 Monday 11:57:43: 1-Total Mean Reward= -0.000 +/- 0.000
2023-02-27 Monday 11:57:43: 2-Total Mean Reward= -0.000 +/- 1.050
2023-02-27 Monday 11:57:43: ****
2023-02-27 Monday 11:57:43: Episode:0 Mean Stopped= 40.022 +/- 30.523
2023-02-27 Monday 11:57:43: Episode:1 Mean Stopped= 9.469 +/- 3.607
2023-02-27 Monday 11:57:43: Episode:2 Mean Stopped= 8.736 +/- 3.062
2023-02-27 Monday 11:57:43: Episode:3 Mean Stopped= 9.410 +/- 3.385
2023-02-27 Monday 11:57:43: Episode:4 Mean Stopped= 9.004 +/- 3.096
2023-02-27 Monday 11:57:43: 1-Total Mean Stopped= 15.328 +/- 12.350
2023-02-27 Monday 11:57:43: 2-Total Mean Stopped= 15.328 +/- 8.734
2023-02-27 Monday 11:57:43: ****
2023-02-27 Monday 11:57:43: Episode:0 Mean Stopped Cross Check= 40.040 +/- 30.525
2023-02-27 Monday 11:57:43: Episode:1 Mean Stopped Cross Check= 9.489 +/- 3.611
2023-02-27 Monday 11:57:43: Episode:2 Mean Stopped Cross Check= 8.753 +/- 3.062
2023-02-27 Monday 11:57:43: Episode:3 Mean Stopped Cross Check= 9.427 +/- 3.387
2023-02-27 Monday 11:57:43: Episode:4 Mean Stopped Cross Check= 9.021 +/- 3.098
2023-02-27 Monday 11:57:43: 1-Total Mean Stopped Cross Check= 15.346 +/- 12.350
2023-02-27 Monday 11:57:43: 2-Total Mean Stopped Cross Check= 15.346 +/- 8.737
2023-02-27 Monday 11:57:43: ****
2023-02-27 Monday 11:57:43: Episode:0 Mean Waiting Time= 1323.375 +/- 1509.546
2023-02-27 Monday 11:57:43: Episode:1 Mean Waiting Time= 212.131 +/- 191.671
2023-02-27 Monday 11:57:43: Episode:2 Mean Waiting Time= 185.496 +/- 134.762
2023-02-27 Monday 11:57:43: Episode:3 Mean Waiting Time= 213.130 +/- 165.252
2023-02-27 Monday 11:57:43: Episode:4 Mean Waiting Time= 189.238 +/- 137.162
2023-02-27 Monday 11:57:43: 1-Total Mean Waiting Time= 424.674 +/- 449.494
2023-02-27 Monday 11:57:43: 2-Total Mean Waiting Time= 424.674 +/- 427.679
2023-02-27 Monday 11:57:43: Episode:0 Mean Avg Speed= 0.187 +/- 0.121
2023-02-27 Monday 11:57:43: Episode:1 Mean Avg Speed= 0.324 +/- 0.064
2023-02-27 Monday 11:57:43: Episode:2 Mean Avg Speed= 0.335 +/- 0.062
2023-02-27 Monday 11:57:43: Episode:3 Mean Avg Speed= 0.325 +/- 0.063
2023-02-27 Monday 11:57:43: Episode:4 Mean Avg Speed= 0.331 +/- 0.062
2023-02-27 Monday 11:57:43: 1-Total Mean Avg Speed= 0.300 +/- 0.057
2023-02-27 Monday 11:57:43: 2-Total Mean Avg Speed= 0.300 +/- 0.074
2023-02-27 Monday 11:57:43: Episode:0 Mean Avg Speed 2= 3.478 +/- 2.238
2023-02-27 Monday 11:57:43: Episode:1 Mean Avg Speed 2= 6.024 +/- 1.170
2023-02-27 Monday 11:57:43: Episode:2 Mean Avg Speed 2= 6.235 +/- 1.125
2023-02-27 Monday 11:57:43: Episode:3 Mean Avg Speed 2= 6.029 +/- 1.141
2023-02-27 Monday 11:57:43: Episode:4 Mean Avg Speed 2= 6.141 +/- 1.109
2023-02-27 Monday 11:57:43: 1-Total Mean Avg Speed 2= 5.581 +/- 1.055
2023-02-27 Monday 11:57:43: 2-Total Mean Avg Speed 2= 5.581 +/- 1.356
2023-02-27 Monday 11:57:43: Episode:0 Mean Avg Speed Cross Check= 4.724 +/- 2.315
2023-02-27 Monday 11:57:43: Episode:1 Mean Avg Speed Cross Check= 7.369 +/- 0.911
2023-02-27 Monday 11:57:43: Episode:2 Mean Avg Speed Cross Check= 7.533 +/- 0.853
2023-02-27 Monday 11:57:43: Episode:3 Mean Avg Speed Cross Check= 7.368 +/- 0.882
2023-02-27 Monday 11:57:43: Episode:4 Mean Avg Speed Cross Check= 7.463 +/- 0.854
2023-02-27 Monday 11:57:43: 1-Total Mean Avg Speed Cross Check= 6.891 +/- 1.085
2023-02-27 Monday 11:57:43: 2-Total Mean Avg Speed Cross Check= 6.891 +/- 1.163
2023-02-27 Monday 11:57:43: ****************************************
