2023-01-22 Sunday 13:47:25 root:INFO:Total Missing States: 0
2023-01-22 Sunday 13:47:25 root:INFO:Mean Reward=-1180.44 +/- 0.67
2023-01-22 Sunday 13:47:25 root:INFO:Mean Stopped=2039202.00 +/- 392.88
2023-01-22 Sunday 13:47:25 root:INFO:Mean Waiting Time=1157800066.20 +/- 5773865.71
2023-01-22 Sunday 13:47:25 root:INFO:****************************************
2023-01-22 Sunday 13:47:25 root:INFO:Calculation 1 - Overall 
2023-01-22 Sunday 13:47:25 root:INFO:****************************************
2023-01-22 Sunday 13:47:25 root:INFO:Inner X Outer Loops Mean Reward=-0.118 +/- 1.918
2023-01-22 Sunday 13:47:25 root:INFO:Inner X Outer Loops Mean Stopped= 203.900 +/- 16.981
2023-01-22 Sunday 13:47:25 root:INFO:Inner X Outer Loops Mean Waiting Time= 115768.430 +/- 14795.985
2023-01-22 Sunday 13:47:25 root:INFO:****************************************
2023-01-22 Sunday 13:47:25 root:INFO:Calculation 2 - Per Episode
2023-01-22 Sunday 13:47:25 root:INFO:****************************************
2023-01-22 Sunday 13:47:25 root:INFO:Episode:0 Mean Waiting Time=-0.118 +/- 1.904
2023-01-22 Sunday 13:47:25 root:INFO:Episode:1 Mean Waiting Time=-0.118 +/- 1.907
2023-01-22 Sunday 13:47:25 root:INFO:Episode:2 Mean Waiting Time=-0.118 +/- 1.904
2023-01-22 Sunday 13:47:25 root:INFO:Episode:3 Mean Waiting Time=-0.118 +/- 1.904
2023-01-22 Sunday 13:47:25 root:INFO:Episode:4 Mean Waiting Time=-0.118 +/- 1.969
2023-01-22 Sunday 13:47:25 root:INFO:1-Total Mean Reward= -0.118 +/- 0.000
2023-01-22 Sunday 13:47:25 root:INFO:2-Total Mean Reward= -0.118 +/- 1.918
2023-01-22 Sunday 13:47:25 root:INFO:****
2023-01-22 Sunday 13:47:25 root:INFO:Episode:0 Mean Stopped= 203.870 +/- 17.079
2023-01-22 Sunday 13:47:25 root:INFO:Episode:1 Mean Stopped= 203.921 +/- 17.017
2023-01-22 Sunday 13:47:25 root:INFO:Episode:2 Mean Stopped= 203.854 +/- 17.134
2023-01-22 Sunday 13:47:25 root:INFO:Episode:3 Mean Stopped= 203.890 +/- 16.973
2023-01-22 Sunday 13:47:25 root:INFO:Episode:4 Mean Stopped= 203.964 +/- 16.700
2023-01-22 Sunday 13:47:25 root:INFO:1-Total Mean Stopped= 203.900 +/- 0.039
2023-01-22 Sunday 13:47:25 root:INFO:2-Total Mean Stopped= 203.900 +/- 16.980
2023-01-22 Sunday 13:47:25 root:INFO:****
2023-01-22 Sunday 13:47:25 root:INFO:Episode:0 Mean Waiting Time= 115477.304 +/- 14758.645
2023-01-22 Sunday 13:47:25 root:INFO:Episode:1 Mean Waiting Time= 115486.404 +/- 14802.918
2023-01-22 Sunday 13:47:25 root:INFO:Episode:2 Mean Waiting Time= 115465.889 +/- 14788.061
2023-01-22 Sunday 13:47:25 root:INFO:Episode:3 Mean Waiting Time= 115489.581 +/- 14718.226
2023-01-22 Sunday 13:47:25 root:INFO:Episode:4 Mean Waiting Time= 116922.970 +/- 14855.385
2023-01-22 Sunday 13:47:25 root:INFO:1-Total Mean Waiting Time= 115768.430 +/- 577.329
2023-01-22 Sunday 13:47:25 root:INFO:2-Total Mean Waiting Time= 115768.430 +/- 14784.647
2023-01-22 Sunday 13:47:25 root:INFO:****************************************
