2023-03-09 Thursday 20:06:49: Run: 4 for Training experiment: DoE-1 - first seed: 470 - alpha: 0.1 - gamma: 0.8 - epsilon: 0.2 - reward: diff-waiting-time
2023-03-09 Thursday 20:12:19: Run: 1 - First Epsilon: 0.2 - Last Epsilon: 0.2
2023-03-09 Thursday 20:17:45: Run: 2 - First Epsilon: 0.2 - Last Epsilon: 0.2
2023-03-09 Thursday 20:22:48: Run: 3 - First Epsilon: 0.2 - Last Epsilon: 0.2
2023-03-09 Thursday 20:27:48: Run: 4 - First Epsilon: 0.2 - Last Epsilon: 0.2
2023-03-09 Thursday 20:33:13: Run: 5 - First Epsilon: 0.2 - Last Epsilon: 0.2
2023-03-09 Thursday 20:33:13: Q-Table Total Distinct States: 218
2023-03-09 Thursday 20:33:13: Mean_reward=-1.38 +/- 0.73
2023-03-09 Thursday 20:33:13: Mean_Stopped=69404.60 +/- 4126.11
2023-03-09 Thursday 20:33:13: Mean_Stopped=69503.60 +/- 4142.55
2023-03-09 Thursday 20:33:13: Mean_waiting_time=1315978.80 +/- 138262.79
2023-03-09 Thursday 20:33:13: Mean_avg_speed=3714.62 +/- 79.90
2023-03-09 Thursday 20:33:13: Mean_avg_speed_2=69010.95 +/- 1453.35
2023-03-09 Thursday 20:33:13: Mean_avg_speed_cross_check=80258.41 +/- 1044.47
2023-03-09 Thursday 20:33:13: ****************************************
2023-03-09 Thursday 20:33:13: Calculation 1 - Overall 
2023-03-09 Thursday 20:33:13: ****************************************
2023-03-09 Thursday 20:33:13: Inner X Outer Loops Mean Reward= -0.000 +/- 0.682
2023-03-09 Thursday 20:33:13: Inner X Outer Loops Mean Stopped= 6.940 +/- 2.402
2023-03-09 Thursday 20:33:13: Inner X Outer Loops Mean Stopped Cross Check= 6.950 +/- 2.403
2023-03-09 Thursday 20:33:13: Inner X Outer Loops Mean Waiting Time= 131.585 +/- 124.520
2023-03-09 Thursday 20:33:13: Inner X Outer Loops Mean Avg Speed= 0.371 +/- 0.062
2023-03-09 Thursday 20:33:13: Inner X Outer Loops Mean Avg Speed 2= 6.900 +/- 1.127
2023-03-09 Thursday 20:33:13: Inner X Outer Loops Mean Avg Speed Cross Check= 8.025 +/- 0.792
2023-03-09 Thursday 20:33:13: ****************************************
2023-03-09 Thursday 20:33:13: Calculation 2 - Per Episode
2023-03-09 Thursday 20:33:13: ****************************************
2023-03-09 Thursday 20:33:13: Episode:0 Mean Reward= -0.000 +/- 0.740
2023-03-09 Thursday 20:33:13: Episode:1 Mean Reward= -0.000 +/- 0.712
2023-03-09 Thursday 20:33:13: Episode:2 Mean Reward= -0.000 +/- 0.649
2023-03-09 Thursday 20:33:13: Episode:3 Mean Reward= -0.000 +/- 0.646
2023-03-09 Thursday 20:33:13: Episode:4 Mean Reward= -0.000 +/- 0.661
2023-03-09 Thursday 20:33:13: 1-Total Mean Reward= -0.000 +/- 0.000
2023-03-09 Thursday 20:33:13: 2-Total Mean Reward= -0.000 +/- 0.681
2023-03-09 Thursday 20:33:13: ****
2023-03-09 Thursday 20:33:13: Episode:0 Mean Stopped= 7.621 +/- 3.167
2023-03-09 Thursday 20:33:13: Episode:1 Mean Stopped= 7.144 +/- 2.251
2023-03-09 Thursday 20:33:13: Episode:2 Mean Stopped= 6.761 +/- 2.120
2023-03-09 Thursday 20:33:13: Episode:3 Mean Stopped= 6.408 +/- 1.978
2023-03-09 Thursday 20:33:13: Episode:4 Mean Stopped= 6.765 +/- 2.118
2023-03-09 Thursday 20:33:13: 1-Total Mean Stopped= 6.940 +/- 0.413
2023-03-09 Thursday 20:33:13: 2-Total Mean Stopped= 6.940 +/- 2.327
2023-03-09 Thursday 20:33:13: ****
2023-03-09 Thursday 20:33:13: Episode:0 Mean Stopped Cross Check= 7.632 +/- 3.169
2023-03-09 Thursday 20:33:13: Episode:1 Mean Stopped Cross Check= 7.159 +/- 2.249
2023-03-09 Thursday 20:33:13: Episode:2 Mean Stopped Cross Check= 6.771 +/- 2.121
2023-03-09 Thursday 20:33:13: Episode:3 Mean Stopped Cross Check= 6.416 +/- 1.979
2023-03-09 Thursday 20:33:13: Episode:4 Mean Stopped Cross Check= 6.771 +/- 2.119
2023-03-09 Thursday 20:33:13: 1-Total Mean Stopped Cross Check= 6.950 +/- 0.414
2023-03-09 Thursday 20:33:13: 2-Total Mean Stopped Cross Check= 6.950 +/- 2.327
2023-03-09 Thursday 20:33:13: ****
2023-03-09 Thursday 20:33:13: Episode:0 Mean Waiting Time= 153.875 +/- 160.533
2023-03-09 Thursday 20:33:13: Episode:1 Mean Waiting Time= 141.258 +/- 155.237
2023-03-09 Thursday 20:33:13: Episode:2 Mean Waiting Time= 121.820 +/- 87.317
2023-03-09 Thursday 20:33:13: Episode:3 Mean Waiting Time= 117.061 +/- 100.888
2023-03-09 Thursday 20:33:13: Episode:4 Mean Waiting Time= 123.909 +/- 94.329
2023-03-09 Thursday 20:33:13: 1-Total Mean Waiting Time= 131.585 +/- 13.825
2023-03-09 Thursday 20:33:13: 2-Total Mean Waiting Time= 131.585 +/- 119.661
2023-03-09 Thursday 20:33:13: Episode:0 Mean Avg Speed= 0.360 +/- 0.067
2023-03-09 Thursday 20:33:13: Episode:1 Mean Avg Speed= 0.366 +/- 0.060
2023-03-09 Thursday 20:33:13: Episode:2 Mean Avg Speed= 0.374 +/- 0.061
2023-03-09 Thursday 20:33:13: Episode:3 Mean Avg Speed= 0.383 +/- 0.060
2023-03-09 Thursday 20:33:13: Episode:4 Mean Avg Speed= 0.375 +/- 0.061
2023-03-09 Thursday 20:33:13: 1-Total Mean Avg Speed= 0.371 +/- 0.008
2023-03-09 Thursday 20:33:13: 2-Total Mean Avg Speed= 0.371 +/- 0.062
2023-03-09 Thursday 20:33:13: Episode:0 Mean Avg Speed 2= 6.687 +/- 1.224
2023-03-09 Thursday 20:33:13: Episode:1 Mean Avg Speed 2= 6.794 +/- 1.075
2023-03-09 Thursday 20:33:13: Episode:2 Mean Avg Speed 2= 6.953 +/- 1.097
2023-03-09 Thursday 20:33:13: Episode:3 Mean Avg Speed 2= 7.106 +/- 1.082
2023-03-09 Thursday 20:33:13: Episode:4 Mean Avg Speed 2= 6.961 +/- 1.104
2023-03-09 Thursday 20:33:13: 1-Total Mean Avg Speed 2= 6.900 +/- 0.145
2023-03-09 Thursday 20:33:13: 2-Total Mean Avg Speed 2= 6.900 +/- 1.116
2023-03-09 Thursday 20:33:13: Episode:0 Mean Avg Speed Cross Check= 7.866 +/- 0.891
2023-03-09 Thursday 20:33:13: Episode:1 Mean Avg Speed Cross Check= 7.955 +/- 0.761
2023-03-09 Thursday 20:33:13: Episode:2 Mean Avg Speed Cross Check= 8.062 +/- 0.761
2023-03-09 Thursday 20:33:13: Episode:3 Mean Avg Speed Cross Check= 8.170 +/- 0.739
2023-03-09 Thursday 20:33:13: Episode:4 Mean Avg Speed Cross Check= 8.071 +/- 0.762
2023-03-09 Thursday 20:33:13: 1-Total Mean Avg Speed Cross Check= 8.025 +/- 0.104
2023-03-09 Thursday 20:33:13: 2-Total Mean Avg Speed Cross Check= 8.025 +/- 0.783
2023-03-09 Thursday 20:33:13: ****************************************
