2023-04-10 Monday 04:14:43: Run: 1 for Training experiment: DE-8 - route: ../nets/roundabout/input_routes_roundabout_auto_v1-8.rou.xml - first seed: 170 - alpha: 0.5 - gamma: 0.99 - epsilon: 0.2 - reward: diff-waiting-time
2023-04-10 Monday 04:20:44: Run: 1 - First Epsilon: 0.2 - Last Epsilon: 0.2
2023-04-10 Monday 04:26:18: Run: 2 - First Epsilon: 0.2 - Last Epsilon: 0.2
2023-04-10 Monday 04:32:07: Run: 3 - First Epsilon: 0.2 - Last Epsilon: 0.2
2023-04-10 Monday 04:38:06: Run: 4 - First Epsilon: 0.2 - Last Epsilon: 0.2
2023-04-10 Monday 04:43:48: Run: 5 - First Epsilon: 0.2 - Last Epsilon: 0.2
2023-04-10 Monday 04:43:48: Q-Table Total Distinct States: 160
2023-04-10 Monday 04:43:48: Mean_reward=-0.46 +/- 0.28
2023-04-10 Monday 04:43:48: Mean_Stopped=33424.00 +/- 1863.15
2023-04-10 Monday 04:43:48: Mean_Stopped=33442.60 +/- 1866.04
2023-04-10 Monday 04:43:48: Mean_waiting_time=1009691.80 +/- 159445.18
2023-04-10 Monday 04:43:48: Mean_avg_speed=3902.45 +/- 87.17
2023-04-10 Monday 04:43:48: Mean_avg_speed_2=72243.73 +/- 1604.79
2023-04-10 Monday 04:43:48: Mean_avg_speed_cross_check=82607.42 +/- 1126.04
2023-04-10 Monday 04:43:48: ****************************************
2023-04-10 Monday 04:43:48: Calculation 1 - Overall 
2023-04-10 Monday 04:43:48: ****************************************
2023-04-10 Monday 04:43:48: Inner X Outer Loops Mean Reward= -0.000 +/- 0.627
2023-04-10 Monday 04:43:48: Inner X Outer Loops Mean Stopped= 3.342 +/- 1.790
2023-04-10 Monday 04:43:48: Inner X Outer Loops Mean Stopped Cross Check= 3.344 +/- 1.789
2023-04-10 Monday 04:43:48: Inner X Outer Loops Mean Waiting Time= 100.959 +/- 145.063
2023-04-10 Monday 04:43:48: Inner X Outer Loops Mean Avg Speed= 0.390 +/- 0.134
2023-04-10 Monday 04:43:48: Inner X Outer Loops Mean Avg Speed 2= 7.224 +/- 2.523
2023-04-10 Monday 04:43:48: Inner X Outer Loops Mean Avg Speed Cross Check= 8.260 +/- 1.604
2023-04-10 Monday 04:43:48: ****************************************
2023-04-10 Monday 04:43:48: Calculation 2 - Per Episode
2023-04-10 Monday 04:43:48: ****************************************
2023-04-10 Monday 04:43:48: Episode:0 Mean Reward= -0.000 +/- 0.710
2023-04-10 Monday 04:43:48: Episode:1 Mean Reward= -0.000 +/- 0.608
2023-04-10 Monday 04:43:48: Episode:2 Mean Reward= -0.000 +/- 0.639
2023-04-10 Monday 04:43:48: Episode:3 Mean Reward= -0.000 +/- 0.620
2023-04-10 Monday 04:43:48: Episode:4 Mean Reward= -0.000 +/- 0.545
2023-04-10 Monday 04:43:48: 1-Total Mean Reward= -0.000 +/- 0.000
2023-04-10 Monday 04:43:48: 2-Total Mean Reward= -0.000 +/- 0.624
2023-04-10 Monday 04:43:48: ****
2023-04-10 Monday 04:43:48: Episode:0 Mean Stopped= 3.545 +/- 2.053
2023-04-10 Monday 04:43:48: Episode:1 Mean Stopped= 3.167 +/- 1.645
2023-04-10 Monday 04:43:48: Episode:2 Mean Stopped= 3.086 +/- 1.624
2023-04-10 Monday 04:43:48: Episode:3 Mean Stopped= 3.527 +/- 1.808
2023-04-10 Monday 04:43:48: Episode:4 Mean Stopped= 3.385 +/- 1.738
2023-04-10 Monday 04:43:48: 1-Total Mean Stopped= 3.342 +/- 0.186
2023-04-10 Monday 04:43:48: 2-Total Mean Stopped= 3.342 +/- 1.774
2023-04-10 Monday 04:43:48: ****
2023-04-10 Monday 04:43:48: Episode:0 Mean Stopped Cross Check= 3.547 +/- 2.053
2023-04-10 Monday 04:43:48: Episode:1 Mean Stopped Cross Check= 3.168 +/- 1.644
2023-04-10 Monday 04:43:48: Episode:2 Mean Stopped Cross Check= 3.087 +/- 1.623
2023-04-10 Monday 04:43:48: Episode:3 Mean Stopped Cross Check= 3.529 +/- 1.807
2023-04-10 Monday 04:43:48: Episode:4 Mean Stopped Cross Check= 3.388 +/- 1.736
2023-04-10 Monday 04:43:48: 1-Total Mean Stopped Cross Check= 3.344 +/- 0.187
2023-04-10 Monday 04:43:48: 2-Total Mean Stopped Cross Check= 3.344 +/- 1.772
2023-04-10 Monday 04:43:48: ****
2023-04-10 Monday 04:43:48: Episode:0 Mean Waiting Time= 127.279 +/- 191.539
2023-04-10 Monday 04:43:48: Episode:1 Mean Waiting Time= 95.414 +/- 137.281
2023-04-10 Monday 04:43:48: Episode:2 Mean Waiting Time= 105.430 +/- 143.607
2023-04-10 Monday 04:43:48: Episode:3 Mean Waiting Time= 98.552 +/- 136.041
2023-04-10 Monday 04:43:48: Episode:4 Mean Waiting Time= 78.120 +/- 96.343
2023-04-10 Monday 04:43:48: 1-Total Mean Waiting Time= 100.959 +/- 15.943
2023-04-10 Monday 04:43:48: 2-Total Mean Waiting Time= 100.959 +/- 140.962
2023-04-10 Monday 04:43:48: Episode:0 Mean Avg Speed= 0.385 +/- 0.135
2023-04-10 Monday 04:43:48: Episode:1 Mean Avg Speed= 0.397 +/- 0.133
2023-04-10 Monday 04:43:48: Episode:2 Mean Avg Speed= 0.404 +/- 0.136
2023-04-10 Monday 04:43:48: Episode:3 Mean Avg Speed= 0.380 +/- 0.134
2023-04-10 Monday 04:43:48: Episode:4 Mean Avg Speed= 0.386 +/- 0.130
2023-04-10 Monday 04:43:48: 1-Total Mean Avg Speed= 0.390 +/- 0.009
2023-04-10 Monday 04:43:48: 2-Total Mean Avg Speed= 0.390 +/- 0.134
2023-04-10 Monday 04:43:48: Episode:0 Mean Avg Speed 2= 7.128 +/- 2.537
2023-04-10 Monday 04:43:48: Episode:1 Mean Avg Speed 2= 7.350 +/- 2.506
2023-04-10 Monday 04:43:48: Episode:2 Mean Avg Speed 2= 7.469 +/- 2.578
2023-04-10 Monday 04:43:48: Episode:3 Mean Avg Speed 2= 7.033 +/- 2.516
2023-04-10 Monday 04:43:48: Episode:4 Mean Avg Speed 2= 7.140 +/- 2.450
2023-04-10 Monday 04:43:48: 1-Total Mean Avg Speed 2= 7.224 +/- 0.160
2023-04-10 Monday 04:43:48: 2-Total Mean Avg Speed 2= 7.224 +/- 2.517
2023-04-10 Monday 04:43:48: Episode:0 Mean Avg Speed Cross Check= 8.178 +/- 1.639
2023-04-10 Monday 04:43:48: Episode:1 Mean Avg Speed Cross Check= 8.357 +/- 1.579
2023-04-10 Monday 04:43:48: Episode:2 Mean Avg Speed Cross Check= 8.429 +/- 1.606
2023-04-10 Monday 04:43:48: Episode:3 Mean Avg Speed Cross Check= 8.137 +/- 1.597
2023-04-10 Monday 04:43:48: Episode:4 Mean Avg Speed Cross Check= 8.199 +/- 1.581
2023-04-10 Monday 04:43:48: 1-Total Mean Avg Speed Cross Check= 8.260 +/- 0.113
2023-04-10 Monday 04:43:48: 2-Total Mean Avg Speed Cross Check= 8.260 +/- 1.600
2023-04-10 Monday 04:43:48: ****************************************
