2023-03-07 Tuesday 01:20:19: Run: 3 for Training experiment: DoE-17 - first seed: 370 - alpha: 0.1 - gamma: 0.99 - epsilon: 0.4 - reward: diff-waiting-time
2023-03-07 Tuesday 01:26:11: Run: 1 - First Epsilon: 0.4 - Last Epsilon: 0.4
2023-03-07 Tuesday 01:31:37: Run: 2 - First Epsilon: 0.4 - Last Epsilon: 0.4
2023-03-07 Tuesday 01:37:04: Run: 3 - First Epsilon: 0.4 - Last Epsilon: 0.4
2023-03-07 Tuesday 01:42:48: Run: 4 - First Epsilon: 0.4 - Last Epsilon: 0.4
2023-03-07 Tuesday 01:48:25: Run: 5 - First Epsilon: 0.4 - Last Epsilon: 0.4
2023-03-07 Tuesday 01:48:25: Q-Table Total Distinct States: 512
2023-03-07 Tuesday 01:48:25: Mean_reward=-2.29 +/- 2.12
2023-03-07 Tuesday 01:48:25: Mean_Stopped=87158.40 +/- 10573.81
2023-03-07 Tuesday 01:48:25: Mean_Stopped=87306.00 +/- 10577.09
2023-03-07 Tuesday 01:48:25: Mean_waiting_time=2037658.60 +/- 380267.18
2023-03-07 Tuesday 01:48:25: Mean_avg_speed=3410.55 +/- 112.24
2023-03-07 Tuesday 01:48:25: Mean_avg_speed_2=63365.08 +/- 2026.27
2023-03-07 Tuesday 01:48:25: Mean_avg_speed_cross_check=75993.81 +/- 1739.16
2023-03-07 Tuesday 01:48:25: ****************************************
2023-03-07 Tuesday 01:48:25: Calculation 1 - Overall 
2023-03-07 Tuesday 01:48:25: ****************************************
2023-03-07 Tuesday 01:48:25: Inner X Outer Loops Mean Reward= -0.000 +/- 0.853
2023-03-07 Tuesday 01:48:25: Inner X Outer Loops Mean Stopped= 8.715 +/- 4.179
2023-03-07 Tuesday 01:48:25: Inner X Outer Loops Mean Stopped Cross Check= 8.730 +/- 4.180
2023-03-07 Tuesday 01:48:25: Inner X Outer Loops Mean Waiting Time= 203.745 +/- 213.431
2023-03-07 Tuesday 01:48:25: Inner X Outer Loops Mean Avg Speed= 0.341 +/- 0.067
2023-03-07 Tuesday 01:48:25: Inner X Outer Loops Mean Avg Speed 2= 6.336 +/- 1.221
2023-03-07 Tuesday 01:48:25: Inner X Outer Loops Mean Avg Speed Cross Check= 7.599 +/- 0.948
2023-03-07 Tuesday 01:48:25: ****************************************
2023-03-07 Tuesday 01:48:25: Calculation 2 - Per Episode
2023-03-07 Tuesday 01:48:25: ****************************************
2023-03-07 Tuesday 01:48:25: Episode:0 Mean Reward= -0.000 +/- 0.983
2023-03-07 Tuesday 01:48:25: Episode:1 Mean Reward= -0.000 +/- 0.812
2023-03-07 Tuesday 01:48:25: Episode:2 Mean Reward= -0.000 +/- 0.815
2023-03-07 Tuesday 01:48:25: Episode:3 Mean Reward= -0.001 +/- 0.838
2023-03-07 Tuesday 01:48:25: Episode:4 Mean Reward= -0.000 +/- 0.802
2023-03-07 Tuesday 01:48:25: 1-Total Mean Reward= -0.000 +/- 0.000
2023-03-07 Tuesday 01:48:25: 2-Total Mean Reward= -0.000 +/- 0.850
2023-03-07 Tuesday 01:48:25: ****
2023-03-07 Tuesday 01:48:25: Episode:0 Mean Stopped= 10.801 +/- 7.116
2023-03-07 Tuesday 01:48:25: Episode:1 Mean Stopped= 8.094 +/- 2.783
2023-03-07 Tuesday 01:48:25: Episode:2 Mean Stopped= 8.188 +/- 2.611
2023-03-07 Tuesday 01:48:25: Episode:3 Mean Stopped= 8.506 +/- 2.972
2023-03-07 Tuesday 01:48:25: Episode:4 Mean Stopped= 7.987 +/- 2.773
2023-03-07 Tuesday 01:48:25: 1-Total Mean Stopped= 8.715 +/- 1.057
2023-03-07 Tuesday 01:48:25: 2-Total Mean Stopped= 8.715 +/- 3.651
2023-03-07 Tuesday 01:48:25: ****
2023-03-07 Tuesday 01:48:25: Episode:0 Mean Stopped Cross Check= 10.816 +/- 7.117
2023-03-07 Tuesday 01:48:25: Episode:1 Mean Stopped Cross Check= 8.107 +/- 2.784
2023-03-07 Tuesday 01:48:25: Episode:2 Mean Stopped Cross Check= 8.202 +/- 2.610
2023-03-07 Tuesday 01:48:25: Episode:3 Mean Stopped Cross Check= 8.523 +/- 2.973
2023-03-07 Tuesday 01:48:25: Episode:4 Mean Stopped Cross Check= 8.001 +/- 2.776
2023-03-07 Tuesday 01:48:25: 1-Total Mean Stopped Cross Check= 8.730 +/- 1.058
2023-03-07 Tuesday 01:48:25: 2-Total Mean Stopped Cross Check= 8.730 +/- 3.652
2023-03-07 Tuesday 01:48:25: ****
2023-03-07 Tuesday 01:48:25: Episode:0 Mean Waiting Time= 278.855 +/- 358.006
2023-03-07 Tuesday 01:48:25: Episode:1 Mean Waiting Time= 181.040 +/- 156.788
2023-03-07 Tuesday 01:48:25: Episode:2 Mean Waiting Time= 184.720 +/- 143.312
2023-03-07 Tuesday 01:48:25: Episode:3 Mean Waiting Time= 195.794 +/- 161.199
2023-03-07 Tuesday 01:48:25: Episode:4 Mean Waiting Time= 178.319 +/- 145.815
2023-03-07 Tuesday 01:48:25: 1-Total Mean Waiting Time= 203.745 +/- 38.023
2023-03-07 Tuesday 01:48:25: 2-Total Mean Waiting Time= 203.745 +/- 193.024
2023-03-07 Tuesday 01:48:25: Episode:0 Mean Avg Speed= 0.319 +/- 0.083
2023-03-07 Tuesday 01:48:25: Episode:1 Mean Avg Speed= 0.349 +/- 0.062
2023-03-07 Tuesday 01:48:25: Episode:2 Mean Avg Speed= 0.345 +/- 0.059
2023-03-07 Tuesday 01:48:25: Episode:3 Mean Avg Speed= 0.341 +/- 0.062
2023-03-07 Tuesday 01:48:25: Episode:4 Mean Avg Speed= 0.351 +/- 0.062
2023-03-07 Tuesday 01:48:25: 1-Total Mean Avg Speed= 0.341 +/- 0.011
2023-03-07 Tuesday 01:48:25: 2-Total Mean Avg Speed= 0.341 +/- 0.066
2023-03-07 Tuesday 01:48:25: Episode:0 Mean Avg Speed 2= 5.946 +/- 1.511
2023-03-07 Tuesday 01:48:25: Episode:1 Mean Avg Speed 2= 6.470 +/- 1.126
2023-03-07 Tuesday 01:48:25: Episode:2 Mean Avg Speed 2= 6.419 +/- 1.070
2023-03-07 Tuesday 01:48:25: Episode:3 Mean Avg Speed 2= 6.339 +/- 1.131
2023-03-07 Tuesday 01:48:25: Episode:4 Mean Avg Speed 2= 6.506 +/- 1.129
2023-03-07 Tuesday 01:48:25: 1-Total Mean Avg Speed 2= 6.336 +/- 0.203
2023-03-07 Tuesday 01:48:25: 2-Total Mean Avg Speed 2= 6.336 +/- 1.193
2023-03-07 Tuesday 01:48:25: Episode:0 Mean Avg Speed Cross Check= 7.260 +/- 1.261
2023-03-07 Tuesday 01:48:25: Episode:1 Mean Avg Speed Cross Check= 7.712 +/- 0.837
2023-03-07 Tuesday 01:48:25: Episode:2 Mean Avg Speed Cross Check= 7.678 +/- 0.796
2023-03-07 Tuesday 01:48:25: Episode:3 Mean Avg Speed Cross Check= 7.611 +/- 0.848
2023-03-07 Tuesday 01:48:25: Episode:4 Mean Avg Speed Cross Check= 7.731 +/- 0.837
2023-03-07 Tuesday 01:48:25: 1-Total Mean Avg Speed Cross Check= 7.599 +/- 0.174
2023-03-07 Tuesday 01:48:25: 2-Total Mean Avg Speed Cross Check= 7.599 +/- 0.916
2023-03-07 Tuesday 01:48:25: ****************************************
