2023-03-14 Tuesday 00:23:33: Run: 4 for Training experiment: DoE-53 - first seed: 470 - alpha: 0.5 - gamma: 0.99 - epsilon: 0.4 - reward: diff-waiting-time
2023-03-14 Tuesday 00:29:49: Run: 1 - First Epsilon: 0.4 - Last Epsilon: 0.4
2023-03-14 Tuesday 00:35:30: Run: 2 - First Epsilon: 0.4 - Last Epsilon: 0.4
2023-03-14 Tuesday 00:40:55: Run: 3 - First Epsilon: 0.4 - Last Epsilon: 0.4
2023-03-14 Tuesday 00:46:57: Run: 4 - First Epsilon: 0.4 - Last Epsilon: 0.4
2023-03-14 Tuesday 00:52:59: Run: 5 - First Epsilon: 0.4 - Last Epsilon: 0.4
2023-03-14 Tuesday 00:53:00: Q-Table Total Distinct States: 898
2023-03-14 Tuesday 00:53:00: Mean_reward=-0.96 +/- 0.53
2023-03-14 Tuesday 00:53:00: Mean_Stopped=102959.80 +/- 16373.20
2023-03-14 Tuesday 00:53:00: Mean_Stopped=103125.20 +/- 16385.77
2023-03-14 Tuesday 00:53:00: Mean_waiting_time=2900724.40 +/- 626733.87
2023-03-14 Tuesday 00:53:00: Mean_avg_speed=3244.50 +/- 144.19
2023-03-14 Tuesday 00:53:00: Mean_avg_speed_2=60271.24 +/- 2684.30
2023-03-14 Tuesday 00:53:00: Mean_avg_speed_cross_check=73372.41 +/- 2393.92
2023-03-14 Tuesday 00:53:00: ****************************************
2023-03-14 Tuesday 00:53:00: Calculation 1 - Overall 
2023-03-14 Tuesday 00:53:00: ****************************************
2023-03-14 Tuesday 00:53:00: Inner X Outer Loops Mean Reward= -0.000 +/- 1.019
2023-03-14 Tuesday 00:53:00: Inner X Outer Loops Mean Stopped= 10.295 +/- 7.253
2023-03-14 Tuesday 00:53:00: Inner X Outer Loops Mean Stopped Cross Check= 10.311 +/- 7.254
2023-03-14 Tuesday 00:53:00: Inner X Outer Loops Mean Waiting Time= 290.043 +/- 373.946
2023-03-14 Tuesday 00:53:00: Inner X Outer Loops Mean Avg Speed= 0.324 +/- 0.075
2023-03-14 Tuesday 00:53:00: Inner X Outer Loops Mean Avg Speed 2= 6.027 +/- 1.369
2023-03-14 Tuesday 00:53:00: Inner X Outer Loops Mean Avg Speed Cross Check= 7.337 +/- 1.152
2023-03-14 Tuesday 00:53:00: ****************************************
2023-03-14 Tuesday 00:53:00: Calculation 2 - Per Episode
2023-03-14 Tuesday 00:53:00: ****************************************
2023-03-14 Tuesday 00:53:00: Episode:0 Mean Reward= -0.000 +/- 1.132
2023-03-14 Tuesday 00:53:00: Episode:1 Mean Reward= -0.000 +/- 0.914
2023-03-14 Tuesday 00:53:00: Episode:2 Mean Reward= -0.000 +/- 0.941
2023-03-14 Tuesday 00:53:00: Episode:3 Mean Reward= -0.000 +/- 1.120
2023-03-14 Tuesday 00:53:00: Episode:4 Mean Reward= -0.000 +/- 0.966
2023-03-14 Tuesday 00:53:00: 1-Total Mean Reward= -0.000 +/- 0.000
2023-03-14 Tuesday 00:53:00: 2-Total Mean Reward= -0.000 +/- 1.014
2023-03-14 Tuesday 00:53:00: ****
2023-03-14 Tuesday 00:53:00: Episode:0 Mean Stopped= 11.759 +/- 10.051
2023-03-14 Tuesday 00:53:00: Episode:1 Mean Stopped= 8.310 +/- 2.697
2023-03-14 Tuesday 00:53:00: Episode:2 Mean Stopped= 8.649 +/- 2.990
2023-03-14 Tuesday 00:53:00: Episode:3 Mean Stopped= 12.442 +/- 10.531
2023-03-14 Tuesday 00:53:00: Episode:4 Mean Stopped= 10.314 +/- 4.637
2023-03-14 Tuesday 00:53:00: 1-Total Mean Stopped= 10.295 +/- 1.637
2023-03-14 Tuesday 00:53:00: 2-Total Mean Stopped= 10.295 +/- 6.181
2023-03-14 Tuesday 00:53:00: ****
2023-03-14 Tuesday 00:53:00: Episode:0 Mean Stopped Cross Check= 11.775 +/- 10.052
2023-03-14 Tuesday 00:53:00: Episode:1 Mean Stopped Cross Check= 8.324 +/- 2.698
2023-03-14 Tuesday 00:53:00: Episode:2 Mean Stopped Cross Check= 8.666 +/- 2.990
2023-03-14 Tuesday 00:53:00: Episode:3 Mean Stopped Cross Check= 12.461 +/- 10.530
2023-03-14 Tuesday 00:53:00: Episode:4 Mean Stopped Cross Check= 10.332 +/- 4.639
2023-03-14 Tuesday 00:53:00: 1-Total Mean Stopped Cross Check= 10.311 +/- 1.638
2023-03-14 Tuesday 00:53:00: 2-Total Mean Stopped Cross Check= 10.311 +/- 6.182
2023-03-14 Tuesday 00:53:00: ****
2023-03-14 Tuesday 00:53:00: Episode:0 Mean Waiting Time= 364.266 +/- 540.352
2023-03-14 Tuesday 00:53:00: Episode:1 Mean Waiting Time= 222.541 +/- 199.162
2023-03-14 Tuesday 00:53:00: Episode:2 Mean Waiting Time= 235.940 +/- 204.290
2023-03-14 Tuesday 00:53:00: Episode:3 Mean Waiting Time= 366.273 +/- 506.170
2023-03-14 Tuesday 00:53:00: Episode:4 Mean Waiting Time= 261.198 +/- 223.507
2023-03-14 Tuesday 00:53:00: 1-Total Mean Waiting Time= 290.043 +/- 62.667
2023-03-14 Tuesday 00:53:00: 2-Total Mean Waiting Time= 290.043 +/- 334.696
2023-03-14 Tuesday 00:53:00: Episode:0 Mean Avg Speed= 0.317 +/- 0.087
2023-03-14 Tuesday 00:53:00: Episode:1 Mean Avg Speed= 0.344 +/- 0.060
2023-03-14 Tuesday 00:53:00: Episode:2 Mean Avg Speed= 0.339 +/- 0.062
2023-03-14 Tuesday 00:53:00: Episode:3 Mean Avg Speed= 0.307 +/- 0.085
2023-03-14 Tuesday 00:53:00: Episode:4 Mean Avg Speed= 0.315 +/- 0.070
2023-03-14 Tuesday 00:53:00: 1-Total Mean Avg Speed= 0.324 +/- 0.014
2023-03-14 Tuesday 00:53:00: 2-Total Mean Avg Speed= 0.324 +/- 0.073
2023-03-14 Tuesday 00:53:00: Episode:0 Mean Avg Speed 2= 5.897 +/- 1.591
2023-03-14 Tuesday 00:53:00: Episode:1 Mean Avg Speed 2= 6.393 +/- 1.080
2023-03-14 Tuesday 00:53:00: Episode:2 Mean Avg Speed 2= 6.293 +/- 1.126
2023-03-14 Tuesday 00:53:00: Episode:3 Mean Avg Speed 2= 5.697 +/- 1.558
2023-03-14 Tuesday 00:53:00: Episode:4 Mean Avg Speed 2= 5.853 +/- 1.274
2023-03-14 Tuesday 00:53:00: 1-Total Mean Avg Speed 2= 6.027 +/- 0.268
2023-03-14 Tuesday 00:53:00: 2-Total Mean Avg Speed 2= 6.027 +/- 1.326
2023-03-14 Tuesday 00:53:00: Episode:0 Mean Avg Speed Cross Check= 7.201 +/- 1.406
2023-03-14 Tuesday 00:53:00: Episode:1 Mean Avg Speed Cross Check= 7.656 +/- 0.808
2023-03-14 Tuesday 00:53:00: Episode:2 Mean Avg Speed Cross Check= 7.579 +/- 0.854
2023-03-14 Tuesday 00:53:00: Episode:3 Mean Avg Speed Cross Check= 7.032 +/- 1.392
2023-03-14 Tuesday 00:53:00: Episode:4 Mean Avg Speed Cross Check= 7.215 +/- 1.025
2023-03-14 Tuesday 00:53:00: 1-Total Mean Avg Speed Cross Check= 7.337 +/- 0.239
2023-03-14 Tuesday 00:53:00: 2-Total Mean Avg Speed Cross Check= 7.337 +/- 1.097
2023-03-14 Tuesday 00:53:00: ****************************************
