2023-01-31 Tuesday 22:54:35 root:INFO:Total Missing States: 0
2023-01-31 Tuesday 22:54:35 root:INFO:Mean Reward=-1236.98 +/- 43.87
2023-01-31 Tuesday 22:54:35 root:INFO:Mean Stopped=2045840.20 +/- 40089.82
2023-01-31 Tuesday 22:54:35 root:INFO:Mean Waiting Time=1193343000.40 +/- 52703420.21
2023-01-31 Tuesday 22:54:35 root:INFO:****************************************
2023-01-31 Tuesday 22:54:35 root:INFO:Calculation 1 - Overall 
2023-01-31 Tuesday 22:54:35 root:INFO:****************************************
2023-01-31 Tuesday 22:54:35 root:INFO:Inner X Outer Loops Mean Reward=-0.124 +/- 1.476
2023-01-31 Tuesday 22:54:35 root:INFO:Inner X Outer Loops Mean Stopped= 204.564 +/- 15.028
2023-01-31 Tuesday 22:54:35 root:INFO:Inner X Outer Loops Mean Waiting Time= 119322.368 +/- 14762.664
2023-01-31 Tuesday 22:54:35 root:INFO:****************************************
2023-01-31 Tuesday 22:54:35 root:INFO:Calculation 2 - Per Episode
2023-01-31 Tuesday 22:54:35 root:INFO:****************************************
2023-01-31 Tuesday 22:54:35 root:INFO:Episode:0 Mean Waiting Time=-0.127 +/- 1.345
2023-01-31 Tuesday 22:54:35 root:INFO:Episode:1 Mean Waiting Time=-0.127 +/- 0.775
2023-01-31 Tuesday 22:54:35 root:INFO:Episode:2 Mean Waiting Time=-0.118 +/- 1.992
2023-01-31 Tuesday 22:54:35 root:INFO:Episode:3 Mean Waiting Time=-0.127 +/- 0.791
2023-01-31 Tuesday 22:54:35 root:INFO:Episode:4 Mean Waiting Time=-0.118 +/- 1.972
2023-01-31 Tuesday 22:54:35 root:INFO:1-Total Mean Reward= -0.124 +/- 0.004
2023-01-31 Tuesday 22:54:35 root:INFO:2-Total Mean Reward= -0.124 +/- 1.375
2023-01-31 Tuesday 22:54:35 root:INFO:****
2023-01-31 Tuesday 22:54:35 root:INFO:Episode:0 Mean Stopped= 206.373 +/- 13.823
2023-01-31 Tuesday 22:54:35 root:INFO:Episode:1 Mean Stopped= 207.773 +/- 13.461
2023-01-31 Tuesday 22:54:35 root:INFO:Episode:2 Mean Stopped= 196.978 +/- 17.628
2023-01-31 Tuesday 22:54:35 root:INFO:Episode:3 Mean Stopped= 207.571 +/- 13.766
2023-01-31 Tuesday 22:54:35 root:INFO:Episode:4 Mean Stopped= 204.123 +/- 13.282
2023-01-31 Tuesday 22:54:35 root:INFO:1-Total Mean Stopped= 204.564 +/- 4.009
2023-01-31 Tuesday 22:54:35 root:INFO:2-Total Mean Stopped= 204.564 +/- 14.392
2023-01-31 Tuesday 22:54:35 root:INFO:****
2023-01-31 Tuesday 22:54:35 root:INFO:Episode:0 Mean Waiting Time= 121097.491 +/- 14558.182
2023-01-31 Tuesday 22:54:35 root:INFO:Episode:1 Mean Waiting Time= 124531.377 +/- 13732.700
2023-01-31 Tuesday 22:54:35 root:INFO:Episode:2 Mean Waiting Time= 111048.243 +/- 13947.068
2023-01-31 Tuesday 22:54:35 root:INFO:Episode:3 Mean Waiting Time= 124398.884 +/- 13885.288
2023-01-31 Tuesday 22:54:35 root:INFO:Episode:4 Mean Waiting Time= 115535.844 +/- 12766.238
2023-01-31 Tuesday 22:54:35 root:INFO:1-Total Mean Waiting Time= 119322.368 +/- 5269.815
2023-01-31 Tuesday 22:54:35 root:INFO:2-Total Mean Waiting Time= 119322.368 +/- 13777.895
2023-01-31 Tuesday 22:54:35 root:INFO:****************************************
