2023-01-11 Wednesday 22:54:43: Run: 1 - First Epsilon: 0.4 - Last Epsilon: 0.005
2023-01-11 Wednesday 23:19:14: Run: 2 - First Epsilon: 0.4 - Last Epsilon: 0.005
2023-01-11 Wednesday 23:41:46: Run: 3 - First Epsilon: 0.4 - Last Epsilon: 0.005
2023-01-12 Thursday 00:04:16: Run: 4 - First Epsilon: 0.4 - Last Epsilon: 0.005
2023-01-12 Thursday 00:25:00: Run: 5 - First Epsilon: 0.4 - Last Epsilon: 0.005
2023-01-12 Thursday 00:25:00: Q-Table Total Distinct States: 25378
2023-01-12 Thursday 00:25:00: Mean_reward=-795.56 +/- 51.13
2023-01-12 Thursday 00:25:00: Mean_Stopped=1340009.40 +/- 96234.39
2023-01-12 Thursday 00:25:00: Mean_waiting_time=784049373.00 +/- 52633340.65
2023-01-12 Thursday 00:25:00: ****************************************
2023-01-12 Thursday 00:25:00: Calculation 1 - Overall 
2023-01-12 Thursday 00:25:00: ****************************************
2023-01-12 Thursday 00:25:00: Inner X Outer Loops Mean Reward= -0.080 +/- 4.641
2023-01-12 Thursday 00:25:00: Inner X Outer Loops Mean Stopped= 133.988 +/- 19.111
2023-01-12 Thursday 00:25:00: Inner X Outer Loops Mean Waiting Time= 78397.098 +/- 10875.418
2023-01-12 Thursday 00:25:00: ****************************************
2023-01-12 Thursday 00:25:00: Calculation 2 - Per Episode
2023-01-12 Thursday 00:25:00: ****************************************
2023-01-12 Thursday 00:25:00: Episode:0 Mean Reward= -0.086 +/- 5.068
2023-01-12 Thursday 00:25:00: Episode:1 Mean Reward= -0.085 +/- 5.334
2023-01-12 Thursday 00:25:00: Episode:2 Mean Reward= -0.077 +/- 4.331
2023-01-12 Thursday 00:25:00: Episode:3 Mean Reward= -0.074 +/- 4.644
2023-01-12 Thursday 00:25:00: Episode:4 Mean Reward= -0.076 +/- 3.636
2023-01-12 Thursday 00:25:00: 1-Total Mean Reward= -0.080 +/- 0.005
2023-01-12 Thursday 00:25:00: 2-Total Mean Reward= -0.080 +/- 4.603
2023-01-12 Thursday 00:25:00: ****
2023-01-12 Thursday 00:25:00: Episode:0 Mean Stopped= 139.202 +/- 16.457
2023-01-12 Thursday 00:25:00: Episode:1 Mean Stopped= 145.485 +/- 16.988
2023-01-12 Thursday 00:25:00: Episode:2 Mean Stopped= 130.635 +/- 15.476
2023-01-12 Thursday 00:25:00: Episode:3 Mean Stopped= 137.385 +/- 19.456
2023-01-12 Thursday 00:25:00: Episode:4 Mean Stopped= 117.231 +/- 13.626
2023-01-12 Thursday 00:25:00: 1-Total Mean Stopped= 133.988 +/- 9.622
2023-01-12 Thursday 00:25:00: 2-Total Mean Stopped= 133.988 +/- 16.401
2023-01-12 Thursday 00:25:00: ****
2023-01-12 Thursday 00:25:00: Episode:0 Mean Waiting Time= 86384.638 +/- 12142.320
2023-01-12 Thursday 00:25:00: Episode:1 Mean Waiting Time= 81747.722 +/- 9980.457
2023-01-12 Thursday 00:25:00: Episode:2 Mean Waiting Time= 75459.174 +/- 8269.963
2023-01-12 Thursday 00:25:00: Episode:3 Mean Waiting Time= 77323.062 +/- 8834.821
2023-01-12 Thursday 00:25:00: Episode:4 Mean Waiting Time= 71070.892 +/- 7706.882
2023-01-12 Thursday 00:25:00: 1-Total Mean Waiting Time= 78397.098 +/- 5262.808
2023-01-12 Thursday 00:25:00: 2-Total Mean Waiting Time= 78397.098 +/- 9386.889
2023-01-12 Thursday 00:25:00: ****************************************
