2023-02-04 Saturday 19:10:01: Run: 1 - First Epsilon: 0.4 - Last Epsilon: 0.4
2023-02-04 Saturday 19:44:49: Run: 2 - First Epsilon: 0.4 - Last Epsilon: 0.4
2023-02-04 Saturday 20:19:28: Run: 3 - First Epsilon: 0.4 - Last Epsilon: 0.4
2023-02-04 Saturday 20:52:06: Run: 4 - First Epsilon: 0.4 - Last Epsilon: 0.4
2023-02-04 Saturday 21:24:43: Run: 5 - First Epsilon: 0.4 - Last Epsilon: 0.4
2023-02-04 Saturday 21:24:43: Q-Table Total Distinct States: 2180
2023-02-04 Saturday 21:24:43: Mean_reward=-61.32 +/- 5.61
2023-02-04 Saturday 21:24:43: Mean_Stopped=1967756.40 +/- 19836.77
2023-02-04 Saturday 21:24:43: Mean_waiting_time=65750463.60 +/- 5060091.88
2023-02-04 Saturday 21:24:43: ****************************************
2023-02-04 Saturday 21:24:43: Calculation 1 - Overall 
2023-02-04 Saturday 21:24:43: ****************************************
2023-02-04 Saturday 21:24:43: Inner X Outer Loops Mean Reward= -0.006 +/- 2.374
2023-02-04 Saturday 21:24:43: Inner X Outer Loops Mean Stopped= 196.756 +/- 13.829
2023-02-04 Saturday 21:24:43: Inner X Outer Loops Mean Waiting Time= 6574.389 +/- 1808.371
2023-02-04 Saturday 21:24:43: ****************************************
2023-02-04 Saturday 21:24:43: Calculation 2 - Per Episode
2023-02-04 Saturday 21:24:43: ****************************************
2023-02-04 Saturday 21:24:43: Episode:0 Mean Reward= -0.005 +/- 2.842
2023-02-04 Saturday 21:24:43: Episode:1 Mean Reward= -0.007 +/- 2.351
2023-02-04 Saturday 21:24:43: Episode:2 Mean Reward= -0.006 +/- 2.295
2023-02-04 Saturday 21:24:43: Episode:3 Mean Reward= -0.006 +/- 2.154
2023-02-04 Saturday 21:24:43: Episode:4 Mean Reward= -0.006 +/- 2.161
2023-02-04 Saturday 21:24:43: 1-Total Mean Reward= -0.006 +/- 0.001
2023-02-04 Saturday 21:24:43: 2-Total Mean Reward= -0.006 +/- 2.361
2023-02-04 Saturday 21:24:43: ****
2023-02-04 Saturday 21:24:43: Episode:0 Mean Stopped= 200.585 +/- 13.774
2023-02-04 Saturday 21:24:43: Episode:1 Mean Stopped= 196.702 +/- 13.379
2023-02-04 Saturday 21:24:43: Episode:2 Mean Stopped= 195.196 +/- 13.846
2023-02-04 Saturday 21:24:43: Episode:3 Mean Stopped= 195.402 +/- 13.780
2023-02-04 Saturday 21:24:43: Episode:4 Mean Stopped= 195.895 +/- 13.646
2023-02-04 Saturday 21:24:43: 1-Total Mean Stopped= 196.756 +/- 1.983
2023-02-04 Saturday 21:24:43: 2-Total Mean Stopped= 196.756 +/- 13.685
2023-02-04 Saturday 21:24:43: ****
2023-02-04 Saturday 21:24:43: Episode:0 Mean Waiting Time= 7547.691 +/- 2380.199
2023-02-04 Saturday 21:24:43: Episode:1 Mean Waiting Time= 6560.239 +/- 1655.154
2023-02-04 Saturday 21:24:43: Episode:2 Mean Waiting Time= 6381.692 +/- 1631.163
2023-02-04 Saturday 21:24:43: Episode:3 Mean Waiting Time= 6219.409 +/- 1408.489
2023-02-04 Saturday 21:24:43: Episode:4 Mean Waiting Time= 6162.915 +/- 1421.844
2023-02-04 Saturday 21:24:43: 1-Total Mean Waiting Time= 6574.389 +/- 505.959
2023-02-04 Saturday 21:24:43: 2-Total Mean Waiting Time= 6574.389 +/- 1699.370
2023-02-04 Saturday 21:24:43: ****************************************
