2023-02-05 Sunday 20:30:28 root:INFO:Total Missing States: 0
2023-02-05 Sunday 20:30:28 root:INFO:Mean Reward=-46.34 +/- 0.46
2023-02-05 Sunday 20:30:28 root:INFO:Mean Stopped=2033514.00 +/- 35992.14
2023-02-05 Sunday 20:30:28 root:INFO:Mean Waiting Time=46331118.60 +/- 911523.85
2023-02-05 Sunday 20:30:28 root:INFO:****************************************
2023-02-05 Sunday 20:30:28 root:INFO:Calculation 1 - Overall 
2023-02-05 Sunday 20:30:28 root:INFO:****************************************
2023-02-05 Sunday 20:30:28 root:INFO:Inner X Outer Loops Mean Reward=-0.005 +/- 1.110
2023-02-05 Sunday 20:30:28 root:INFO:Inner X Outer Loops Mean Stopped= 203.331 +/- 14.772
2023-02-05 Sunday 20:30:28 root:INFO:Inner X Outer Loops Mean Waiting Time= 4632.649 +/- 363.527
2023-02-05 Sunday 20:30:28 root:INFO:****************************************
2023-02-05 Sunday 20:30:28 root:INFO:Calculation 2 - Per Episode
2023-02-05 Sunday 20:30:28 root:INFO:****************************************
2023-02-05 Sunday 20:30:28 root:INFO:Episode:0 Mean Waiting Time=-0.005 +/- 1.186
2023-02-05 Sunday 20:30:28 root:INFO:Episode:1 Mean Waiting Time=-0.005 +/- 1.121
2023-02-05 Sunday 20:30:28 root:INFO:Episode:2 Mean Waiting Time=-0.005 +/- 1.079
2023-02-05 Sunday 20:30:28 root:INFO:Episode:3 Mean Waiting Time=-0.005 +/- 1.079
2023-02-05 Sunday 20:30:28 root:INFO:Episode:4 Mean Waiting Time=-0.005 +/- 1.079
2023-02-05 Sunday 20:30:28 root:INFO:1-Total Mean Reward= -0.005 +/- 0.000
2023-02-05 Sunday 20:30:28 root:INFO:2-Total Mean Reward= -0.005 +/- 1.109
2023-02-05 Sunday 20:30:28 root:INFO:****
2023-02-05 Sunday 20:30:28 root:INFO:Episode:0 Mean Stopped= 196.684 +/- 17.720
2023-02-05 Sunday 20:30:28 root:INFO:Episode:1 Mean Stopped= 207.667 +/- 13.559
2023-02-05 Sunday 20:30:28 root:INFO:Episode:2 Mean Stopped= 204.129 +/- 13.225
2023-02-05 Sunday 20:30:28 root:INFO:Episode:3 Mean Stopped= 204.096 +/- 13.269
2023-02-05 Sunday 20:30:28 root:INFO:Episode:4 Mean Stopped= 204.079 +/- 13.321
2023-02-05 Sunday 20:30:28 root:INFO:1-Total Mean Stopped= 203.331 +/- 3.599
2023-02-05 Sunday 20:30:28 root:INFO:2-Total Mean Stopped= 203.331 +/- 14.219
2023-02-05 Sunday 20:30:28 root:INFO:****
2023-02-05 Sunday 20:30:28 root:INFO:Episode:0 Mean Waiting Time= 4472.212 +/- 430.961
2023-02-05 Sunday 20:30:28 root:INFO:Episode:1 Mean Waiting Time= 4756.542 +/- 340.990
2023-02-05 Sunday 20:30:28 root:INFO:Episode:2 Mean Waiting Time= 4645.425 +/- 324.040
2023-02-05 Sunday 20:30:28 root:INFO:Episode:3 Mean Waiting Time= 4644.803 +/- 325.150
2023-02-05 Sunday 20:30:28 root:INFO:Episode:4 Mean Waiting Time= 4644.261 +/- 326.339
2023-02-05 Sunday 20:30:28 root:INFO:1-Total Mean Waiting Time= 4632.649 +/- 91.143
2023-02-05 Sunday 20:30:28 root:INFO:2-Total Mean Waiting Time= 4632.649 +/- 349.496
2023-02-05 Sunday 20:30:28 root:INFO:****************************************
