2023-03-11 Saturday 04:09:11: Run: 4 for Training experiment: DoE-22 - first seed: 470 - alpha: 0.3 - gamma: 0.8 - epsilon: 0.3 - reward: average-speed-2
2023-03-11 Saturday 04:26:52: Run: 1 - First Epsilon: 0.3 - Last Epsilon: 0.3
2023-03-11 Saturday 04:42:56: Run: 2 - First Epsilon: 0.3 - Last Epsilon: 0.3
2023-03-11 Saturday 04:56:36: Run: 3 - First Epsilon: 0.3 - Last Epsilon: 0.3
2023-03-11 Saturday 05:10:18: Run: 4 - First Epsilon: 0.3 - Last Epsilon: 0.3
2023-03-11 Saturday 05:22:30: Run: 5 - First Epsilon: 0.3 - Last Epsilon: 0.3
2023-03-11 Saturday 05:22:30: Q-Table Total Distinct States: 983
2023-03-11 Saturday 05:22:30: Mean_reward=14919.01 +/- 2475.93
2023-03-11 Saturday 05:22:30: Mean_Stopped=715150.20 +/- 142669.28
2023-03-11 Saturday 05:22:30: Mean_Stopped=715395.00 +/- 142645.50
2023-03-11 Saturday 05:22:30: Mean_waiting_time=36483833.00 +/- 13706335.64
2023-03-11 Saturday 05:22:30: Mean_avg_speed=803.20 +/- 133.64
2023-03-11 Saturday 05:22:30: Mean_avg_speed_2=14919.01 +/- 2475.93
2023-03-11 Saturday 05:22:30: Mean_avg_speed_cross_check=25312.67 +/- 3725.53
2023-03-11 Saturday 05:22:30: ****************************************
2023-03-11 Saturday 05:22:30: Calculation 1 - Overall 
2023-03-11 Saturday 05:22:30: ****************************************
2023-03-11 Saturday 05:22:30: Inner X Outer Loops Mean Reward= 1.492 +/- 0.612
2023-03-11 Saturday 05:22:30: Inner X Outer Loops Mean Stopped= 71.508 +/- 19.477
2023-03-11 Saturday 05:22:30: Inner X Outer Loops Mean Stopped Cross Check= 71.532 +/- 19.471
2023-03-11 Saturday 05:22:30: Inner X Outer Loops Mean Waiting Time= 3648.018 +/- 4064.816
2023-03-11 Saturday 05:22:30: Inner X Outer Loops Mean Avg Speed= 0.080 +/- 0.033
2023-03-11 Saturday 05:22:30: Inner X Outer Loops Mean Avg Speed 2= 1.492 +/- 0.612
2023-03-11 Saturday 05:22:30: Inner X Outer Loops Mean Avg Speed Cross Check= 2.531 +/- 0.731
2023-03-11 Saturday 05:22:30: ****************************************
2023-03-11 Saturday 05:22:30: Calculation 2 - Per Episode
2023-03-11 Saturday 05:22:30: ****************************************
2023-03-11 Saturday 05:22:30: Episode:0 Mean Reward= 1.099 +/- 0.540
2023-03-11 Saturday 05:22:30: Episode:1 Mean Reward= 1.347 +/- 0.509
2023-03-11 Saturday 05:22:30: Episode:2 Mean Reward= 1.550 +/- 0.539
2023-03-11 Saturday 05:22:30: Episode:3 Mean Reward= 1.650 +/- 0.583
2023-03-11 Saturday 05:22:30: Episode:4 Mean Reward= 1.812 +/- 0.621
2023-03-11 Saturday 05:22:30: 1-Total Mean Reward= 1.492 +/- 0.248
2023-03-11 Saturday 05:22:30: 2-Total Mean Reward= 1.492 +/- 0.558
2023-03-11 Saturday 05:22:30: ****
2023-03-11 Saturday 05:22:30: Episode:0 Mean Stopped= 96.352 +/- 17.226
2023-03-11 Saturday 05:22:30: Episode:1 Mean Stopped= 77.546 +/- 12.887
2023-03-11 Saturday 05:22:30: Episode:2 Mean Stopped= 65.620 +/- 10.348
2023-03-11 Saturday 05:22:30: Episode:3 Mean Stopped= 61.909 +/- 11.511
2023-03-11 Saturday 05:22:30: Episode:4 Mean Stopped= 56.113 +/- 13.298
2023-03-11 Saturday 05:22:30: 1-Total Mean Stopped= 71.508 +/- 14.266
2023-03-11 Saturday 05:22:30: 2-Total Mean Stopped= 71.508 +/- 13.054
2023-03-11 Saturday 05:22:30: ****
2023-03-11 Saturday 05:22:30: Episode:0 Mean Stopped Cross Check= 96.373 +/- 17.224
2023-03-11 Saturday 05:22:30: Episode:1 Mean Stopped Cross Check= 77.569 +/- 12.879
2023-03-11 Saturday 05:22:30: Episode:2 Mean Stopped Cross Check= 65.645 +/- 10.339
2023-03-11 Saturday 05:22:30: Episode:3 Mean Stopped Cross Check= 61.934 +/- 11.502
2023-03-11 Saturday 05:22:30: Episode:4 Mean Stopped Cross Check= 56.141 +/- 13.289
2023-03-11 Saturday 05:22:30: 1-Total Mean Stopped Cross Check= 71.532 +/- 14.263
2023-03-11 Saturday 05:22:30: 2-Total Mean Stopped Cross Check= 71.532 +/- 13.047
2023-03-11 Saturday 05:22:30: ****
2023-03-11 Saturday 05:22:30: Episode:0 Mean Waiting Time= 6300.929 +/- 5648.690
2023-03-11 Saturday 05:22:30: Episode:1 Mean Waiting Time= 3214.450 +/- 2156.531
2023-03-11 Saturday 05:22:30: Episode:2 Mean Waiting Time= 2891.204 +/- 3027.882
2023-03-11 Saturday 05:22:30: Episode:3 Mean Waiting Time= 3428.189 +/- 4608.199
2023-03-11 Saturday 05:22:30: Episode:4 Mean Waiting Time= 2405.321 +/- 2502.092
2023-03-11 Saturday 05:22:30: 1-Total Mean Waiting Time= 3648.018 +/- 1370.497
2023-03-11 Saturday 05:22:30: 2-Total Mean Waiting Time= 3648.018 +/- 3588.679
2023-03-11 Saturday 05:22:30: Episode:0 Mean Avg Speed= 0.059 +/- 0.029
2023-03-11 Saturday 05:22:30: Episode:1 Mean Avg Speed= 0.072 +/- 0.027
2023-03-11 Saturday 05:22:30: Episode:2 Mean Avg Speed= 0.083 +/- 0.029
2023-03-11 Saturday 05:22:30: Episode:3 Mean Avg Speed= 0.089 +/- 0.031
2023-03-11 Saturday 05:22:30: Episode:4 Mean Avg Speed= 0.098 +/- 0.033
2023-03-11 Saturday 05:22:30: 1-Total Mean Avg Speed= 0.080 +/- 0.013
2023-03-11 Saturday 05:22:30: 2-Total Mean Avg Speed= 0.080 +/- 0.030
2023-03-11 Saturday 05:22:30: Episode:0 Mean Avg Speed 2= 1.099 +/- 0.540
2023-03-11 Saturday 05:22:30: Episode:1 Mean Avg Speed 2= 1.347 +/- 0.509
2023-03-11 Saturday 05:22:30: Episode:2 Mean Avg Speed 2= 1.550 +/- 0.539
2023-03-11 Saturday 05:22:30: Episode:3 Mean Avg Speed 2= 1.650 +/- 0.583
2023-03-11 Saturday 05:22:30: Episode:4 Mean Avg Speed 2= 1.812 +/- 0.621
2023-03-11 Saturday 05:22:30: 1-Total Mean Avg Speed 2= 1.492 +/- 0.248
2023-03-11 Saturday 05:22:30: 2-Total Mean Avg Speed 2= 1.492 +/- 0.558
2023-03-11 Saturday 05:22:30: Episode:0 Mean Avg Speed Cross Check= 1.928 +/- 0.627
2023-03-11 Saturday 05:22:30: Episode:1 Mean Avg Speed Cross Check= 2.325 +/- 0.561
2023-03-11 Saturday 05:22:30: Episode:2 Mean Avg Speed Cross Check= 2.630 +/- 0.588
2023-03-11 Saturday 05:22:30: Episode:3 Mean Avg Speed Cross Check= 2.770 +/- 0.653
2023-03-11 Saturday 05:22:30: Episode:4 Mean Avg Speed Cross Check= 3.001 +/- 0.704
2023-03-11 Saturday 05:22:30: 1-Total Mean Avg Speed Cross Check= 2.531 +/- 0.373
2023-03-11 Saturday 05:22:30: 2-Total Mean Avg Speed Cross Check= 2.531 +/- 0.627
2023-03-11 Saturday 05:22:30: ****************************************
