2023-01-27 Friday 12:43:59 root:INFO:Total Missing States: 0
2023-01-27 Friday 12:43:59 root:INFO:Mean Reward=-696.75 +/- 3.62
2023-01-27 Friday 12:43:59 root:INFO:Mean Stopped=1440405.20 +/- 567.09
2023-01-27 Friday 12:43:59 root:INFO:Mean Waiting Time=642278892.40 +/- 331598.95
2023-01-27 Friday 12:43:59 root:INFO:****************************************
2023-01-27 Friday 12:43:59 root:INFO:Calculation 1 - Overall 
2023-01-27 Friday 12:43:59 root:INFO:****************************************
2023-01-27 Friday 12:43:59 root:INFO:Inner X Outer Loops Mean Reward=-0.070 +/- 5.061
2023-01-27 Friday 12:43:59 root:INFO:Inner X Outer Loops Mean Stopped= 144.026 +/- 24.732
2023-01-27 Friday 12:43:59 root:INFO:Inner X Outer Loops Mean Waiting Time= 64221.467 +/- 14304.589
2023-01-27 Friday 12:43:59 root:INFO:****************************************
2023-01-27 Friday 12:43:59 root:INFO:Calculation 2 - Per Episode
2023-01-27 Friday 12:43:59 root:INFO:****************************************
2023-01-27 Friday 12:43:59 root:INFO:Episode:0 Mean Waiting Time=-0.070 +/- 5.062
2023-01-27 Friday 12:43:59 root:INFO:Episode:1 Mean Waiting Time=-0.070 +/- 5.060
2023-01-27 Friday 12:43:59 root:INFO:Episode:2 Mean Waiting Time=-0.070 +/- 5.062
2023-01-27 Friday 12:43:59 root:INFO:Episode:3 Mean Waiting Time=-0.069 +/- 5.062
2023-01-27 Friday 12:43:59 root:INFO:Episode:4 Mean Waiting Time=-0.070 +/- 5.061
2023-01-27 Friday 12:43:59 root:INFO:1-Total Mean Reward= -0.070 +/- 0.000
2023-01-27 Friday 12:43:59 root:INFO:2-Total Mean Reward= -0.070 +/- 5.061
2023-01-27 Friday 12:43:59 root:INFO:****
2023-01-27 Friday 12:43:59 root:INFO:Episode:0 Mean Stopped= 144.042 +/- 24.797
2023-01-27 Friday 12:43:59 root:INFO:Episode:1 Mean Stopped= 143.927 +/- 24.812
2023-01-27 Friday 12:43:59 root:INFO:Episode:2 Mean Stopped= 144.018 +/- 24.641
2023-01-27 Friday 12:43:59 root:INFO:Episode:3 Mean Stopped= 144.043 +/- 24.796
2023-01-27 Friday 12:43:59 root:INFO:Episode:4 Mean Stopped= 144.100 +/- 24.614
2023-01-27 Friday 12:43:59 root:INFO:1-Total Mean Stopped= 144.026 +/- 0.057
2023-01-27 Friday 12:43:59 root:INFO:2-Total Mean Stopped= 144.026 +/- 24.732
2023-01-27 Friday 12:43:59 root:INFO:****
2023-01-27 Friday 12:43:59 root:INFO:Episode:0 Mean Waiting Time= 64225.140 +/- 14333.488
2023-01-27 Friday 12:43:59 root:INFO:Episode:1 Mean Waiting Time= 64162.638 +/- 14319.021
2023-01-27 Friday 12:43:59 root:INFO:Episode:2 Mean Waiting Time= 64223.579 +/- 14261.439
2023-01-27 Friday 12:43:59 root:INFO:Episode:3 Mean Waiting Time= 64230.509 +/- 14335.400
2023-01-27 Friday 12:43:59 root:INFO:Episode:4 Mean Waiting Time= 64265.469 +/- 14273.238
2023-01-27 Friday 12:43:59 root:INFO:1-Total Mean Waiting Time= 64221.467 +/- 33.157
2023-01-27 Friday 12:43:59 root:INFO:2-Total Mean Waiting Time= 64221.467 +/- 14304.517
2023-01-27 Friday 12:43:59 root:INFO:****************************************
