2023-05-28 Sunday 10:51:07: Run: 1 for Training experiment: DE-Enhanced-S3-1 - route: ../nets/roundabout/input_routes_roundabout_auto_v1-1.rou.xml - first seed: 170 - alpha: 0.5 - gamma: 0.99 - epsilon: 0.2 - reward: diff-waiting-time
2023-05-28 Sunday 11:00:54: Run: 1 - First Epsilon: 0.2 - Last Epsilon: 0.2
2023-05-28 Sunday 11:09:53: Run: 2 - First Epsilon: 0.2 - Last Epsilon: 0.2
2023-05-28 Sunday 11:18:43: Run: 3 - First Epsilon: 0.2 - Last Epsilon: 0.2
2023-05-28 Sunday 11:27:47: Run: 4 - First Epsilon: 0.2 - Last Epsilon: 0.2
2023-05-28 Sunday 11:36:57: Run: 5 - First Epsilon: 0.2 - Last Epsilon: 0.2
2023-05-28 Sunday 11:36:57: Q-Table Total Distinct States: 290
2023-05-28 Sunday 11:36:57: Mean_reward=-1.93 +/- 1.91
2023-05-28 Sunday 11:36:57: Mean_Stopped=78561.60 +/- 5976.75
2023-05-28 Sunday 11:36:57: Mean_Stopped=78736.60 +/- 6006.77
2023-05-28 Sunday 11:36:57: Mean_waiting_time=2035465.40 +/- 264300.35
2023-05-28 Sunday 11:36:57: Mean_avg_speed=3523.27 +/- 108.24
2023-05-28 Sunday 11:36:57: Mean_avg_speed_2=65455.10 +/- 1999.04
2023-05-28 Sunday 11:36:57: Mean_avg_speed_cross_check=77701.70 +/- 1506.77
2023-05-28 Sunday 11:36:57: Mean_average_co2_emission_tl=30815169.86 +/- 187591.08
2023-05-28 Sunday 11:36:57: Mean_average_co_emission_tl=971733.89 +/- 16502.00
2023-05-28 Sunday 11:36:57: Mean_average_fuel_consumption_tl=13246.49 +/- 80.63
2023-05-28 Sunday 11:36:57: Mean_average_noise_emission_tl=604374.86 +/- 1367.06
2023-05-28 Sunday 11:36:57: Mean_average_co2_emission=25654627.05 +/- 29235.87
2023-05-28 Sunday 11:36:57: Mean_average_co_emission=685108.45 +/- 16454.71
2023-05-28 Sunday 11:36:57: Mean_average_fuel_consumptions=11028.12 +/- 12.57
2023-05-28 Sunday 11:36:57: Mean_average_noise_emissions=610950.56 +/- 985.03
2023-05-28 Sunday 11:36:57: ****************************************
2023-05-28 Sunday 11:36:57: Calculation 1 - Overall 
2023-05-28 Sunday 11:36:57: ****************************************
2023-05-28 Sunday 11:36:57: Inner X Outer Loops Mean Reward= -0.000 +/- 0.863
2023-05-28 Sunday 11:36:57: Inner X Outer Loops Mean Stopped= 7.855 +/- 2.706
2023-05-28 Sunday 11:36:57: Inner X Outer Loops Mean Stopped Cross Check= 7.873 +/- 2.706
2023-05-28 Sunday 11:36:57: Inner X Outer Loops Mean Waiting Time= 203.526 +/- 205.750
2023-05-28 Sunday 11:36:58: Inner X Outer Loops Mean Avg Speed= 0.352 +/- 0.059
2023-05-28 Sunday 11:36:58: Inner X Outer Loops Mean Avg Speed 2= 6.545 +/- 1.079
2023-05-28 Sunday 11:36:58: Inner X Outer Loops Mean Avg Speed Cross Check= 7.769 +/- 0.793
2023-05-28 Sunday 11:36:58: Inner X Outer Loops Mean Average CO2 Emission TL= 3081.209 +/- 226.370
2023-05-28 Sunday 11:36:58: Inner X Outer Loops Mean Average CO Emission TL= 97.164 +/- 9.951
2023-05-28 Sunday 11:36:58: Inner X Outer Loops Mean Average Fuel Consumption TL= 1.325 +/- 0.097
2023-05-28 Sunday 11:36:58: Inner X Outer Loops Mean Average Noise Emission TL= 60.431 +/- 1.070
2023-05-28 Sunday 11:36:58: Inner X Outer Loops Mean Average CO2 Emission= 2565.206 +/- 202.499
2023-05-28 Sunday 11:36:58: Inner X Outer Loops Mean Average CO Emission= 68.504 +/- 9.066
2023-05-28 Sunday 11:36:58: Inner X Outer Loops Mean Average Fuel Consumptions= 1.103 +/- 0.087
2023-05-28 Sunday 11:36:58: Inner X Outer Loops Mean Average Noise Emissions= 61.089 +/- 0.710
2023-05-28 Sunday 11:36:58: ****************************************
2023-05-28 Sunday 11:36:58: Calculation 2 - Per Episode
2023-05-28 Sunday 11:36:58: ****************************************
2023-05-28 Sunday 11:36:58: Episode:0 Mean Reward= -0.001 +/- 0.965
2023-05-28 Sunday 11:36:58: Episode:1 Mean Reward= 0.000 +/- 0.879
2023-05-28 Sunday 11:36:58: Episode:2 Mean Reward= -0.000 +/- 0.816
2023-05-28 Sunday 11:36:58: Episode:3 Mean Reward= -0.000 +/- 0.832
2023-05-28 Sunday 11:36:58: Episode:4 Mean Reward= -0.000 +/- 0.816
2023-05-28 Sunday 11:36:58: 1-Total Mean Reward= -0.000 +/- 0.000
2023-05-28 Sunday 11:36:58: 2-Total Mean Reward= -0.000 +/- 0.862
2023-05-28 Sunday 11:36:58: ****
2023-05-28 Sunday 11:36:58: Episode:0 Mean Stopped= 8.883 +/- 3.758
2023-05-28 Sunday 11:36:58: Episode:1 Mean Stopped= 7.944 +/- 2.465
2023-05-28 Sunday 11:36:58: Episode:2 Mean Stopped= 7.306 +/- 2.150
2023-05-28 Sunday 11:36:58: Episode:3 Mean Stopped= 7.933 +/- 2.337
2023-05-28 Sunday 11:36:58: Episode:4 Mean Stopped= 7.211 +/- 2.131
2023-05-28 Sunday 11:36:58: 1-Total Mean Stopped= 7.855 +/- 0.598
2023-05-28 Sunday 11:36:58: 2-Total Mean Stopped= 7.855 +/- 2.568
2023-05-28 Sunday 11:36:58: ****
2023-05-28 Sunday 11:36:58: Episode:0 Mean Stopped Cross Check= 8.906 +/- 3.757
2023-05-28 Sunday 11:36:58: Episode:1 Mean Stopped Cross Check= 7.959 +/- 2.467
2023-05-28 Sunday 11:36:58: Episode:2 Mean Stopped Cross Check= 7.322 +/- 2.149
2023-05-28 Sunday 11:36:58: Episode:3 Mean Stopped Cross Check= 7.953 +/- 2.337
2023-05-28 Sunday 11:36:58: Episode:4 Mean Stopped Cross Check= 7.225 +/- 2.129
2023-05-28 Sunday 11:36:58: 1-Total Mean Stopped Cross Check= 7.873 +/- 0.601
2023-05-28 Sunday 11:36:58: 2-Total Mean Stopped Cross Check= 7.873 +/- 2.568
2023-05-28 Sunday 11:36:58: ****
2023-05-28 Sunday 11:36:58: Episode:0 Mean Waiting Time= 252.826 +/- 280.570
2023-05-28 Sunday 11:36:58: Episode:1 Mean Waiting Time= 207.266 +/- 195.216
2023-05-28 Sunday 11:36:58: Episode:2 Mean Waiting Time= 181.074 +/- 171.048
2023-05-28 Sunday 11:36:58: Episode:3 Mean Waiting Time= 194.385 +/- 170.733
2023-05-28 Sunday 11:36:58: Episode:4 Mean Waiting Time= 182.080 +/- 181.485
2023-05-28 Sunday 11:36:58: 1-Total Mean Waiting Time= 203.526 +/- 26.427
2023-05-28 Sunday 11:36:58: 2-Total Mean Waiting Time= 203.526 +/- 199.810
2023-05-28 Sunday 11:36:58: Episode:0 Mean Avg Speed= 0.335 +/- 0.061
2023-05-28 Sunday 11:36:58: Episode:1 Mean Avg Speed= 0.350 +/- 0.059
2023-05-28 Sunday 11:36:58: Episode:2 Mean Avg Speed= 0.363 +/- 0.057
2023-05-28 Sunday 11:36:58: Episode:3 Mean Avg Speed= 0.349 +/- 0.057
2023-05-28 Sunday 11:36:58: Episode:4 Mean Avg Speed= 0.365 +/- 0.057
2023-05-28 Sunday 11:36:58: 1-Total Mean Avg Speed= 0.352 +/- 0.011
2023-05-28 Sunday 11:36:58: 2-Total Mean Avg Speed= 0.352 +/- 0.058
2023-05-28 Sunday 11:36:58: Episode:0 Mean Avg Speed 2= 6.222 +/- 1.112
2023-05-28 Sunday 11:36:58: Episode:1 Mean Avg Speed 2= 6.507 +/- 1.066
2023-05-28 Sunday 11:36:58: Episode:2 Mean Avg Speed 2= 6.741 +/- 1.039
2023-05-28 Sunday 11:36:58: Episode:3 Mean Avg Speed 2= 6.483 +/- 1.037
2023-05-28 Sunday 11:36:58: Episode:4 Mean Avg Speed 2= 6.772 +/- 1.044
2023-05-28 Sunday 11:36:58: 1-Total Mean Avg Speed 2= 6.545 +/- 0.200
2023-05-28 Sunday 11:36:58: 2-Total Mean Avg Speed 2= 6.545 +/- 1.060
2023-05-28 Sunday 11:36:58: Episode:0 Mean Avg Speed Cross Check= 7.521 +/- 0.865
2023-05-28 Sunday 11:36:58: Episode:1 Mean Avg Speed Cross Check= 7.747 +/- 0.778
2023-05-28 Sunday 11:36:58: Episode:2 Mean Avg Speed Cross Check= 7.916 +/- 0.739
2023-05-28 Sunday 11:36:58: Episode:3 Mean Avg Speed Cross Check= 7.727 +/- 0.763
2023-05-28 Sunday 11:36:58: Episode:4 Mean Avg Speed Cross Check= 7.936 +/- 0.739
2023-05-28 Sunday 11:36:58: 1-Total Mean Avg Speed Cross Check= 7.769 +/- 0.151
2023-05-28 Sunday 11:36:58: 2-Total Mean Avg Speed Cross Check= 7.769 +/- 0.777
2023-05-28 Sunday 11:36:58: Episode:0 Mean Average CO2 Emission TL= 3051.412 +/- 219.586
2023-05-28 Sunday 11:36:58: Episode:1 Mean Average CO2 Emission TL= 3079.424 +/- 224.324
2023-05-28 Sunday 11:36:58: Episode:2 Mean Average CO2 Emission TL= 3101.608 +/- 230.230
2023-05-28 Sunday 11:36:58: Episode:3 Mean Average CO2 Emission TL= 3072.845 +/- 222.622
2023-05-28 Sunday 11:36:58: Episode:4 Mean Average CO2 Emission TL= 3100.755 +/- 230.981
2023-05-28 Sunday 11:36:58: 1-Total Mean Average CO2 Emission TL= 3081.209 +/- 18.757
2023-05-28 Sunday 11:36:58: 2-Total Mean Average CO2 Emission TL= 3081.209 +/- 225.548
2023-05-28 Sunday 11:36:58: Episode:0 Mean Average CO Emission TL= 99.858 +/- 10.533
2023-05-28 Sunday 11:36:58: Episode:1 Mean Average CO Emission TL= 97.517 +/- 9.921
2023-05-28 Sunday 11:36:58: Episode:2 Mean Average CO Emission TL= 95.627 +/- 9.469
2023-05-28 Sunday 11:36:58: Episode:3 Mean Average CO Emission TL= 97.576 +/- 9.627
2023-05-28 Sunday 11:36:58: Episode:4 Mean Average CO Emission TL= 95.241 +/- 9.477
2023-05-28 Sunday 11:36:58: 1-Total Mean Average CO Emission TL= 97.164 +/- 1.650
2023-05-28 Sunday 11:36:58: 2-Total Mean Average CO Emission TL= 97.164 +/- 9.805
2023-05-28 Sunday 11:36:58: Episode:0 Mean Average Fuel Consumption TL= 1.312 +/- 0.094
2023-05-28 Sunday 11:36:58: Episode:1 Mean Average Fuel Consumption TL= 1.324 +/- 0.096
2023-05-28 Sunday 11:36:58: Episode:2 Mean Average Fuel Consumption TL= 1.333 +/- 0.099
2023-05-28 Sunday 11:36:58: Episode:3 Mean Average Fuel Consumption TL= 1.321 +/- 0.096
2023-05-28 Sunday 11:36:58: Episode:4 Mean Average Fuel Consumption TL= 1.333 +/- 0.099
2023-05-28 Sunday 11:36:58: 1-Total Mean Average Fuel Consumption TL= 1.325 +/- 0.008
2023-05-28 Sunday 11:36:58: 2-Total Mean Average Fuel Consumption TL= 1.325 +/- 0.097
2023-05-28 Sunday 11:36:58: Episode:0 Mean Average Noise Emission TL= 60.210 +/- 1.072
2023-05-28 Sunday 11:36:58: Episode:1 Mean Average Noise Emission TL= 60.405 +/- 1.061
2023-05-28 Sunday 11:36:58: Episode:2 Mean Average Noise Emission TL= 60.569 +/- 1.064
2023-05-28 Sunday 11:36:58: Episode:3 Mean Average Noise Emission TL= 60.390 +/- 1.042
2023-05-28 Sunday 11:36:58: Episode:4 Mean Average Noise Emission TL= 60.583 +/- 1.069
2023-05-28 Sunday 11:36:58: 1-Total Mean Average Noise Emission TL= 60.431 +/- 0.137
2023-05-28 Sunday 11:36:58: 2-Total Mean Average Noise Emission TL= 60.431 +/- 1.062
2023-05-28 Sunday 11:36:58: Episode:0 Mean Average CO2 Emission= 2568.849 +/- 195.264
2023-05-28 Sunday 11:36:58: Episode:1 Mean Average CO2 Emission= 2568.136 +/- 204.670
2023-05-28 Sunday 11:36:58: Episode:2 Mean Average CO2 Emission= 2562.168 +/- 205.801
2023-05-28 Sunday 11:36:58: Episode:3 Mean Average CO2 Emission= 2565.080 +/- 198.849
2023-05-28 Sunday 11:36:58: Episode:4 Mean Average CO2 Emission= 2561.797 +/- 207.545
2023-05-28 Sunday 11:36:58: 1-Total Mean Average CO2 Emission= 2565.206 +/- 2.923
2023-05-28 Sunday 11:36:58: 2-Total Mean Average CO2 Emission= 2565.206 +/- 202.425
2023-05-28 Sunday 11:36:58: Episode:0 Mean Average CO Emission= 71.215 +/- 9.939
2023-05-28 Sunday 11:36:58: Episode:1 Mean Average CO Emission= 68.823 +/- 8.951
2023-05-28 Sunday 11:36:58: Episode:2 Mean Average CO Emission= 66.936 +/- 8.498
2023-05-28 Sunday 11:36:58: Episode:3 Mean Average CO Emission= 68.904 +/- 8.679
2023-05-28 Sunday 11:36:58: Episode:4 Mean Average CO Emission= 66.642 +/- 8.425
2023-05-28 Sunday 11:36:58: 1-Total Mean Average CO Emission= 68.504 +/- 1.645
2023-05-28 Sunday 11:36:58: 2-Total Mean Average CO Emission= 68.504 +/- 8.898
2023-05-28 Sunday 11:36:58: Episode:0 Mean Average Fuel Consumption= 1.104 +/- 0.084
2023-05-28 Sunday 11:36:58: Episode:1 Mean Average Fuel Consumption= 1.104 +/- 0.088
2023-05-28 Sunday 11:36:58: Episode:2 Mean Average Fuel Consumption= 1.101 +/- 0.088
2023-05-28 Sunday 11:36:58: Episode:3 Mean Average Fuel Consumption= 1.103 +/- 0.085
2023-05-28 Sunday 11:36:58: Episode:4 Mean Average Fuel Consumption= 1.101 +/- 0.089
2023-05-28 Sunday 11:36:58: 1-Total Mean Average Fuel Consumption= 1.103 +/- 0.001
2023-05-28 Sunday 11:36:58: 2-Total Mean Average Fuel Consumption= 1.103 +/- 0.087
2023-05-28 Sunday 11:36:58: Episode:0 Mean Average Noise Emission= 60.926 +/- 0.744
2023-05-28 Sunday 11:36:58: Episode:1 Mean Average Noise Emission= 61.074 +/- 0.700
2023-05-28 Sunday 11:36:58: Episode:2 Mean Average Noise Emission= 61.187 +/- 0.687
2023-05-28 Sunday 11:36:58: Episode:3 Mean Average Noise Emission= 61.062 +/- 0.694
2023-05-28 Sunday 11:36:58: Episode:4 Mean Average Noise Emission= 61.196 +/- 0.689
2023-05-28 Sunday 11:36:58: 1-Total Mean Average Noise Emission= 61.089 +/- 0.098
2023-05-28 Sunday 11:36:58: 2-Total Mean Average Noise Emission= 61.089 +/- 0.703
2023-05-28 Sunday 11:36:58: ****************************************
