2023-02-25 Saturday 10:39:53: Run: 1 for Training experiment: DoE-1 - first seed: 170 - alpha: 0.1 - gamma: 0.8 - epsilon: 0.2 - reward: diff-waiting-time
2023-02-25 Saturday 10:45:04: Run: 1 - First Epsilon: 0.2 - Last Epsilon: 0.2
2023-02-25 Saturday 10:50:31: Run: 2 - First Epsilon: 0.2 - Last Epsilon: 0.2
2023-02-25 Saturday 10:55:38: Run: 3 - First Epsilon: 0.2 - Last Epsilon: 0.2
2023-02-25 Saturday 11:00:46: Run: 4 - First Epsilon: 0.2 - Last Epsilon: 0.2
2023-02-25 Saturday 11:05:58: Run: 5 - First Epsilon: 0.2 - Last Epsilon: 0.2
2023-02-25 Saturday 11:05:58: Q-Table Total Distinct States: 225
2023-02-25 Saturday 11:05:58: Mean_reward=-1.24 +/- 0.57
2023-02-25 Saturday 11:05:58: Mean_Stopped=70770.00 +/- 2268.97
2023-02-25 Saturday 11:05:58: Mean_Stopped=70891.40 +/- 2287.57
2023-02-25 Saturday 11:05:58: Mean_waiting_time=1305698.00 +/- 42526.94
2023-02-25 Saturday 11:05:58: Mean_avg_speed=3676.85 +/- 49.66
2023-02-25 Saturday 11:05:58: Mean_avg_speed_2=68307.60 +/- 917.12
2023-02-25 Saturday 11:05:58: Mean_avg_speed_cross_check=79773.35 +/- 650.22
2023-02-25 Saturday 11:05:58: ****************************************
2023-02-25 Saturday 11:05:58: Calculation 1 - Overall 
2023-02-25 Saturday 11:05:58: ****************************************
2023-02-25 Saturday 11:05:58: Inner X Outer Loops Mean Reward= -0.000 +/- 0.677
2023-02-25 Saturday 11:05:58: Inner X Outer Loops Mean Stopped= 7.076 +/- 2.350
2023-02-25 Saturday 11:05:58: Inner X Outer Loops Mean Stopped Cross Check= 7.088 +/- 2.352
2023-02-25 Saturday 11:05:58: Inner X Outer Loops Mean Waiting Time= 130.557 +/- 113.161
2023-02-25 Saturday 11:05:58: Inner X Outer Loops Mean Avg Speed= 0.368 +/- 0.061
2023-02-25 Saturday 11:05:58: Inner X Outer Loops Mean Avg Speed 2= 6.830 +/- 1.110
2023-02-25 Saturday 11:05:58: Inner X Outer Loops Mean Avg Speed Cross Check= 7.977 +/- 0.778
2023-02-25 Saturday 11:05:58: ****************************************
2023-02-25 Saturday 11:05:58: Calculation 2 - Per Episode
2023-02-25 Saturday 11:05:58: ****************************************
2023-02-25 Saturday 11:05:58: Episode:0 Mean Reward= -0.000 +/- 0.689
2023-02-25 Saturday 11:05:58: Episode:1 Mean Reward= -0.000 +/- 0.685
2023-02-25 Saturday 11:05:58: Episode:2 Mean Reward= -0.000 +/- 0.658
2023-02-25 Saturday 11:05:59: Episode:3 Mean Reward= -0.000 +/- 0.680
2023-02-25 Saturday 11:05:59: Episode:4 Mean Reward= -0.000 +/- 0.673
2023-02-25 Saturday 11:05:59: 1-Total Mean Reward= -0.000 +/- 0.000
2023-02-25 Saturday 11:05:59: 2-Total Mean Reward= -0.000 +/- 0.677
2023-02-25 Saturday 11:05:59: ****
2023-02-25 Saturday 11:05:59: Episode:0 Mean Stopped= 7.349 +/- 2.703
2023-02-25 Saturday 11:05:59: Episode:1 Mean Stopped= 7.079 +/- 2.091
2023-02-25 Saturday 11:05:59: Episode:2 Mean Stopped= 6.744 +/- 2.090
2023-02-25 Saturday 11:05:59: Episode:3 Mean Stopped= 6.917 +/- 2.428
2023-02-25 Saturday 11:05:59: Episode:4 Mean Stopped= 7.293 +/- 2.328
2023-02-25 Saturday 11:05:59: 1-Total Mean Stopped= 7.076 +/- 0.227
2023-02-25 Saturday 11:05:59: 2-Total Mean Stopped= 7.076 +/- 2.328
2023-02-25 Saturday 11:05:59: ****
2023-02-25 Saturday 11:05:59: Episode:0 Mean Stopped Cross Check= 7.362 +/- 2.703
2023-02-25 Saturday 11:05:59: Episode:1 Mean Stopped Cross Check= 7.092 +/- 2.092
2023-02-25 Saturday 11:05:59: Episode:2 Mean Stopped Cross Check= 6.753 +/- 2.092
2023-02-25 Saturday 11:05:59: Episode:3 Mean Stopped Cross Check= 6.927 +/- 2.431
2023-02-25 Saturday 11:05:59: Episode:4 Mean Stopped Cross Check= 7.308 +/- 2.328
2023-02-25 Saturday 11:05:59: 1-Total Mean Stopped Cross Check= 7.088 +/- 0.229
2023-02-25 Saturday 11:05:59: 2-Total Mean Stopped Cross Check= 7.088 +/- 2.329
2023-02-25 Saturday 11:05:59: ****
2023-02-25 Saturday 11:05:59: Episode:0 Mean Waiting Time= 134.985 +/- 126.352
2023-02-25 Saturday 11:05:59: Episode:1 Mean Waiting Time= 133.721 +/- 121.537
2023-02-25 Saturday 11:05:59: Episode:2 Mean Waiting Time= 122.782 +/- 102.368
2023-02-25 Saturday 11:05:59: Episode:3 Mean Waiting Time= 130.246 +/- 119.449
2023-02-25 Saturday 11:05:59: Episode:4 Mean Waiting Time= 131.049 +/- 91.944
2023-02-25 Saturday 11:05:59: 1-Total Mean Waiting Time= 130.557 +/- 4.252
2023-02-25 Saturday 11:05:59: 2-Total Mean Waiting Time= 130.557 +/- 112.330
2023-02-25 Saturday 11:05:59: Episode:0 Mean Avg Speed= 0.363 +/- 0.062
2023-02-25 Saturday 11:05:59: Episode:1 Mean Avg Speed= 0.366 +/- 0.059
2023-02-25 Saturday 11:05:59: Episode:2 Mean Avg Speed= 0.374 +/- 0.060
2023-02-25 Saturday 11:05:59: Episode:3 Mean Avg Speed= 0.373 +/- 0.064
2023-02-25 Saturday 11:05:59: Episode:4 Mean Avg Speed= 0.362 +/- 0.060
2023-02-25 Saturday 11:05:59: 1-Total Mean Avg Speed= 0.368 +/- 0.005
2023-02-25 Saturday 11:05:59: 2-Total Mean Avg Speed= 0.368 +/- 0.061
2023-02-25 Saturday 11:05:59: Episode:0 Mean Avg Speed 2= 6.743 +/- 1.135
2023-02-25 Saturday 11:05:59: Episode:1 Mean Avg Speed 2= 6.808 +/- 1.056
2023-02-25 Saturday 11:05:59: Episode:2 Mean Avg Speed 2= 6.957 +/- 1.084
2023-02-25 Saturday 11:05:59: Episode:3 Mean Avg Speed 2= 6.916 +/- 1.160
2023-02-25 Saturday 11:05:59: Episode:4 Mean Avg Speed 2= 6.727 +/- 1.093
2023-02-25 Saturday 11:05:59: 1-Total Mean Avg Speed 2= 6.830 +/- 0.092
2023-02-25 Saturday 11:05:59: 2-Total Mean Avg Speed 2= 6.830 +/- 1.106
2023-02-25 Saturday 11:05:59: Episode:0 Mean Avg Speed Cross Check= 7.912 +/- 0.811
2023-02-25 Saturday 11:05:59: Episode:1 Mean Avg Speed Cross Check= 7.969 +/- 0.737
2023-02-25 Saturday 11:05:59: Episode:2 Mean Avg Speed Cross Check= 8.071 +/- 0.748
2023-02-25 Saturday 11:05:59: Episode:3 Mean Avg Speed Cross Check= 8.028 +/- 0.806
2023-02-25 Saturday 11:05:59: Episode:4 Mean Avg Speed Cross Check= 7.903 +/- 0.769
2023-02-25 Saturday 11:05:59: 1-Total Mean Avg Speed Cross Check= 7.977 +/- 0.065
2023-02-25 Saturday 11:05:59: 2-Total Mean Avg Speed Cross Check= 7.977 +/- 0.774
2023-02-25 Saturday 11:05:59: ****************************************
