2023-03-15 Wednesday 10:14:13: Run: 5 for Training experiment: DoE-23 - first seed: 570 - alpha: 0.3 - gamma: 0.8 - epsilon: 0.4 - reward: diff-waiting-time
2023-03-15 Wednesday 10:22:33: Run: 1 - First Epsilon: 0.4 - Last Epsilon: 0.4
2023-03-15 Wednesday 10:28:08: Run: 2 - First Epsilon: 0.4 - Last Epsilon: 0.4
2023-03-15 Wednesday 10:33:54: Run: 3 - First Epsilon: 0.4 - Last Epsilon: 0.4
2023-03-15 Wednesday 10:39:47: Run: 4 - First Epsilon: 0.4 - Last Epsilon: 0.4
2023-03-15 Wednesday 10:45:14: Run: 5 - First Epsilon: 0.4 - Last Epsilon: 0.4
2023-03-15 Wednesday 10:45:14: Q-Table Total Distinct States: 1032
2023-03-15 Wednesday 10:45:14: Mean_reward=-2.10 +/- 1.48
2023-03-15 Wednesday 10:45:14: Mean_Stopped=118809.80 +/- 58068.14
2023-03-15 Wednesday 10:45:14: Mean_Stopped=118990.60 +/- 58101.21
2023-03-15 Wednesday 10:45:14: Mean_waiting_time=3201714.20 +/- 2403226.33
2023-03-15 Wednesday 10:45:14: Mean_avg_speed=3102.04 +/- 459.89
2023-03-15 Wednesday 10:45:14: Mean_avg_speed_2=57649.57 +/- 8560.43
2023-03-15 Wednesday 10:45:14: Mean_avg_speed_cross_check=71004.90 +/- 7897.33
2023-03-15 Wednesday 10:45:14: ****************************************
2023-03-15 Wednesday 10:45:14: Calculation 1 - Overall 
2023-03-15 Wednesday 10:45:14: ****************************************
2023-03-15 Wednesday 10:45:14: Inner X Outer Loops Mean Reward= -0.000 +/- 1.045
2023-03-15 Wednesday 10:45:14: Inner X Outer Loops Mean Stopped= 11.880 +/- 9.625
2023-03-15 Wednesday 10:45:14: Inner X Outer Loops Mean Stopped Cross Check= 11.898 +/- 9.627
2023-03-15 Wednesday 10:45:14: Inner X Outer Loops Mean Waiting Time= 320.139 +/- 556.182
2023-03-15 Wednesday 10:45:14: Inner X Outer Loops Mean Avg Speed= 0.310 +/- 0.084
2023-03-15 Wednesday 10:45:14: Inner X Outer Loops Mean Avg Speed 2= 5.764 +/- 1.538
2023-03-15 Wednesday 10:45:15: Inner X Outer Loops Mean Avg Speed Cross Check= 7.100 +/- 1.343
2023-03-15 Wednesday 10:45:15: ****************************************
2023-03-15 Wednesday 10:45:15: Calculation 2 - Per Episode
2023-03-15 Wednesday 10:45:15: ****************************************
2023-03-15 Wednesday 10:45:15: Episode:0 Mean Reward= -0.000 +/- 1.613
2023-03-15 Wednesday 10:45:15: Episode:1 Mean Reward= -0.000 +/- 0.865
2023-03-15 Wednesday 10:45:15: Episode:2 Mean Reward= -0.000 +/- 0.809
2023-03-15 Wednesday 10:45:15: Episode:3 Mean Reward= -0.000 +/- 0.868
2023-03-15 Wednesday 10:45:15: Episode:4 Mean Reward= -0.000 +/- 0.837
2023-03-15 Wednesday 10:45:15: 1-Total Mean Reward= -0.000 +/- 0.000
2023-03-15 Wednesday 10:45:15: 2-Total Mean Reward= -0.000 +/- 0.999
2023-03-15 Wednesday 10:45:15: ****
2023-03-15 Wednesday 10:45:15: Episode:0 Mean Stopped= 23.480 +/- 15.759
2023-03-15 Wednesday 10:45:15: Episode:1 Mean Stopped= 9.258 +/- 3.438
2023-03-15 Wednesday 10:45:15: Episode:2 Mean Stopped= 8.673 +/- 3.347
2023-03-15 Wednesday 10:45:15: Episode:3 Mean Stopped= 9.296 +/- 3.659
2023-03-15 Wednesday 10:45:15: Episode:4 Mean Stopped= 8.692 +/- 3.142
2023-03-15 Wednesday 10:45:15: 1-Total Mean Stopped= 11.880 +/- 5.806
2023-03-15 Wednesday 10:45:15: 2-Total Mean Stopped= 11.880 +/- 5.869
2023-03-15 Wednesday 10:45:15: ****
2023-03-15 Wednesday 10:45:15: Episode:0 Mean Stopped Cross Check= 23.505 +/- 15.757
2023-03-15 Wednesday 10:45:15: Episode:1 Mean Stopped Cross Check= 9.275 +/- 3.439
2023-03-15 Wednesday 10:45:15: Episode:2 Mean Stopped Cross Check= 8.688 +/- 3.350
2023-03-15 Wednesday 10:45:15: Episode:3 Mean Stopped Cross Check= 9.311 +/- 3.660
2023-03-15 Wednesday 10:45:15: Episode:4 Mean Stopped Cross Check= 8.710 +/- 3.143
2023-03-15 Wednesday 10:45:15: 1-Total Mean Stopped Cross Check= 11.898 +/- 5.810
2023-03-15 Wednesday 10:45:15: 2-Total Mean Stopped Cross Check= 11.898 +/- 5.870
2023-03-15 Wednesday 10:45:15: ****
2023-03-15 Wednesday 10:45:15: Episode:0 Mean Waiting Time= 800.363 +/- 1071.635
2023-03-15 Wednesday 10:45:15: Episode:1 Mean Waiting Time= 211.156 +/- 173.526
2023-03-15 Wednesday 10:45:15: Episode:2 Mean Waiting Time= 185.595 +/- 144.477
2023-03-15 Wednesday 10:45:15: Episode:3 Mean Waiting Time= 209.233 +/- 171.168
2023-03-15 Wednesday 10:45:15: Episode:4 Mean Waiting Time= 194.350 +/- 171.150
2023-03-15 Wednesday 10:45:15: 1-Total Mean Waiting Time= 320.139 +/- 240.299
2023-03-15 Wednesday 10:45:15: 2-Total Mean Waiting Time= 320.139 +/- 346.391
2023-03-15 Wednesday 10:45:15: Episode:0 Mean Avg Speed= 0.219 +/- 0.088
2023-03-15 Wednesday 10:45:15: Episode:1 Mean Avg Speed= 0.328 +/- 0.064
2023-03-15 Wednesday 10:45:15: Episode:2 Mean Avg Speed= 0.339 +/- 0.064
2023-03-15 Wednesday 10:45:15: Episode:3 Mean Avg Speed= 0.329 +/- 0.067
2023-03-15 Wednesday 10:45:15: Episode:4 Mean Avg Speed= 0.337 +/- 0.063
2023-03-15 Wednesday 10:45:15: 1-Total Mean Avg Speed= 0.310 +/- 0.046
2023-03-15 Wednesday 10:45:15: 2-Total Mean Avg Speed= 0.310 +/- 0.069
2023-03-15 Wednesday 10:45:15: Episode:0 Mean Avg Speed 2= 4.060 +/- 1.630
2023-03-15 Wednesday 10:45:15: Episode:1 Mean Avg Speed 2= 6.091 +/- 1.155
2023-03-15 Wednesday 10:45:15: Episode:2 Mean Avg Speed 2= 6.296 +/- 1.167
2023-03-15 Wednesday 10:45:15: Episode:3 Mean Avg Speed 2= 6.112 +/- 1.229
2023-03-15 Wednesday 10:45:15: Episode:4 Mean Avg Speed 2= 6.262 +/- 1.141
2023-03-15 Wednesday 10:45:15: 1-Total Mean Avg Speed 2= 5.764 +/- 0.856
2023-03-15 Wednesday 10:45:15: 2-Total Mean Avg Speed 2= 5.764 +/- 1.264
2023-03-15 Wednesday 10:45:15: Episode:0 Mean Avg Speed Cross Check= 5.526 +/- 1.632
2023-03-15 Wednesday 10:45:15: Episode:1 Mean Avg Speed Cross Check= 7.417 +/- 0.891
2023-03-15 Wednesday 10:45:15: Episode:2 Mean Avg Speed Cross Check= 7.576 +/- 0.894
2023-03-15 Wednesday 10:45:15: Episode:3 Mean Avg Speed Cross Check= 7.425 +/- 0.951
2023-03-15 Wednesday 10:45:15: Episode:4 Mean Avg Speed Cross Check= 7.556 +/- 0.863
2023-03-15 Wednesday 10:45:15: 1-Total Mean Avg Speed Cross Check= 7.100 +/- 0.790
2023-03-15 Wednesday 10:45:15: 2-Total Mean Avg Speed Cross Check= 7.100 +/- 1.046
2023-03-15 Wednesday 10:45:15: ****************************************
