2023-03-08 Wednesday 21:57:33: Run: 3 for Training experiment: DoE-53 - first seed: 370 - alpha: 0.5 - gamma: 0.99 - epsilon: 0.4 - reward: diff-waiting-time
2023-03-08 Wednesday 22:05:45: Run: 1 - First Epsilon: 0.4 - Last Epsilon: 0.4
2023-03-08 Wednesday 22:11:33: Run: 2 - First Epsilon: 0.4 - Last Epsilon: 0.4
2023-03-08 Wednesday 22:17:24: Run: 3 - First Epsilon: 0.4 - Last Epsilon: 0.4
2023-03-08 Wednesday 22:23:20: Run: 4 - First Epsilon: 0.4 - Last Epsilon: 0.4
2023-03-08 Wednesday 22:29:21: Run: 5 - First Epsilon: 0.4 - Last Epsilon: 0.4
2023-03-08 Wednesday 22:29:22: Q-Table Total Distinct States: 1279
2023-03-08 Wednesday 22:29:22: Mean_reward=-1.66 +/- 1.96
2023-03-08 Wednesday 22:29:22: Mean_Stopped=127246.20 +/- 65680.74
2023-03-08 Wednesday 22:29:22: Mean_Stopped=127430.40 +/- 65691.31
2023-03-08 Wednesday 22:29:22: Mean_waiting_time=3812906.40 +/- 2683868.33
2023-03-08 Wednesday 22:29:22: Mean_avg_speed=3048.15 +/- 434.76
2023-03-08 Wednesday 22:29:22: Mean_avg_speed_2=56629.88 +/- 8033.76
2023-03-08 Wednesday 22:29:22: Mean_avg_speed_cross_check=70078.73 +/- 7775.96
2023-03-08 Wednesday 22:29:22: ****************************************
2023-03-08 Wednesday 22:29:22: Calculation 1 - Overall 
2023-03-08 Wednesday 22:29:22: ****************************************
2023-03-08 Wednesday 22:29:22: Inner X Outer Loops Mean Reward= -0.000 +/- 1.149
2023-03-08 Wednesday 22:29:22: Inner X Outer Loops Mean Stopped= 12.723 +/- 10.959
2023-03-08 Wednesday 22:29:22: Inner X Outer Loops Mean Stopped Cross Check= 12.742 +/- 10.961
2023-03-08 Wednesday 22:29:22: Inner X Outer Loops Mean Waiting Time= 381.253 +/- 614.254
2023-03-08 Wednesday 22:29:22: Inner X Outer Loops Mean Avg Speed= 0.305 +/- 0.086
2023-03-08 Wednesday 22:29:22: Inner X Outer Loops Mean Avg Speed 2= 5.662 +/- 1.581
2023-03-08 Wednesday 22:29:22: Inner X Outer Loops Mean Avg Speed Cross Check= 7.007 +/- 1.421
2023-03-08 Wednesday 22:29:22: ****************************************
2023-03-08 Wednesday 22:29:22: Calculation 2 - Per Episode
2023-03-08 Wednesday 22:29:22: ****************************************
2023-03-08 Wednesday 22:29:22: Episode:0 Mean Reward= -0.001 +/- 1.726
2023-03-08 Wednesday 22:29:22: Episode:1 Mean Reward= -0.000 +/- 0.940
2023-03-08 Wednesday 22:29:22: Episode:2 Mean Reward= -0.000 +/- 0.958
2023-03-08 Wednesday 22:29:22: Episode:3 Mean Reward= -0.000 +/- 0.931
2023-03-08 Wednesday 22:29:22: Episode:4 Mean Reward= -0.000 +/- 0.977
2023-03-08 Wednesday 22:29:22: 1-Total Mean Reward= -0.000 +/- 0.000
2023-03-08 Wednesday 22:29:22: 2-Total Mean Reward= -0.000 +/- 1.106
2023-03-08 Wednesday 22:29:22: ****
2023-03-08 Wednesday 22:29:22: Episode:0 Mean Stopped= 25.841 +/- 18.134
2023-03-08 Wednesday 22:29:22: Episode:1 Mean Stopped= 9.022 +/- 2.988
2023-03-08 Wednesday 22:29:22: Episode:2 Mean Stopped= 9.207 +/- 3.460
2023-03-08 Wednesday 22:29:22: Episode:3 Mean Stopped= 9.536 +/- 3.541
2023-03-08 Wednesday 22:29:22: Episode:4 Mean Stopped= 10.010 +/- 4.756
2023-03-08 Wednesday 22:29:22: 1-Total Mean Stopped= 12.723 +/- 6.567
2023-03-08 Wednesday 22:29:22: 2-Total Mean Stopped= 12.723 +/- 6.576
2023-03-08 Wednesday 22:29:22: ****
2023-03-08 Wednesday 22:29:22: Episode:0 Mean Stopped Cross Check= 25.861 +/- 18.135
2023-03-08 Wednesday 22:29:22: Episode:1 Mean Stopped Cross Check= 9.037 +/- 2.989
2023-03-08 Wednesday 22:29:22: Episode:2 Mean Stopped Cross Check= 9.225 +/- 3.463
2023-03-08 Wednesday 22:29:22: Episode:3 Mean Stopped Cross Check= 9.555 +/- 3.544
2023-03-08 Wednesday 22:29:22: Episode:4 Mean Stopped Cross Check= 10.030 +/- 4.757
2023-03-08 Wednesday 22:29:22: 1-Total Mean Stopped Cross Check= 12.742 +/- 6.568
2023-03-08 Wednesday 22:29:22: 2-Total Mean Stopped Cross Check= 12.742 +/- 6.578
2023-03-08 Wednesday 22:29:22: ****
2023-03-08 Wednesday 22:29:22: Episode:0 Mean Waiting Time= 917.617 +/- 1158.620
2023-03-08 Wednesday 22:29:22: Episode:1 Mean Waiting Time= 236.472 +/- 199.311
2023-03-08 Wednesday 22:29:22: Episode:2 Mean Waiting Time= 248.543 +/- 208.478
2023-03-08 Wednesday 22:29:22: Episode:3 Mean Waiting Time= 239.211 +/- 193.628
2023-03-08 Wednesday 22:29:22: Episode:4 Mean Waiting Time= 264.419 +/- 251.740
2023-03-08 Wednesday 22:29:22: 1-Total Mean Waiting Time= 381.253 +/- 268.360
2023-03-08 Wednesday 22:29:22: 2-Total Mean Waiting Time= 381.253 +/- 402.355
2023-03-08 Wednesday 22:29:22: Episode:0 Mean Avg Speed= 0.218 +/- 0.104
2023-03-08 Wednesday 22:29:22: Episode:1 Mean Avg Speed= 0.331 +/- 0.060
2023-03-08 Wednesday 22:29:22: Episode:2 Mean Avg Speed= 0.330 +/- 0.065
2023-03-08 Wednesday 22:29:22: Episode:3 Mean Avg Speed= 0.324 +/- 0.065
2023-03-08 Wednesday 22:29:22: Episode:4 Mean Avg Speed= 0.320 +/- 0.068
2023-03-08 Wednesday 22:29:22: 1-Total Mean Avg Speed= 0.305 +/- 0.043
2023-03-08 Wednesday 22:29:22: 2-Total Mean Avg Speed= 0.305 +/- 0.072
2023-03-08 Wednesday 22:29:22: Episode:0 Mean Avg Speed 2= 4.063 +/- 1.938
2023-03-08 Wednesday 22:29:22: Episode:1 Mean Avg Speed 2= 6.156 +/- 1.095
2023-03-08 Wednesday 22:29:22: Episode:2 Mean Avg Speed 2= 6.131 +/- 1.181
2023-03-08 Wednesday 22:29:22: Episode:3 Mean Avg Speed 2= 6.018 +/- 1.175
2023-03-08 Wednesday 22:29:22: Episode:4 Mean Avg Speed 2= 5.943 +/- 1.243
2023-03-08 Wednesday 22:29:22: 1-Total Mean Avg Speed 2= 5.662 +/- 0.803
2023-03-08 Wednesday 22:29:22: 2-Total Mean Avg Speed 2= 5.662 +/- 1.326
2023-03-08 Wednesday 22:29:22: Episode:0 Mean Avg Speed Cross Check= 5.458 +/- 1.921
2023-03-08 Wednesday 22:29:22: Episode:1 Mean Avg Speed Cross Check= 7.476 +/- 0.836
2023-03-08 Wednesday 22:29:22: Episode:2 Mean Avg Speed Cross Check= 7.448 +/- 0.909
2023-03-08 Wednesday 22:29:22: Episode:3 Mean Avg Speed Cross Check= 7.361 +/- 0.918
2023-03-08 Wednesday 22:29:22: Episode:4 Mean Avg Speed Cross Check= 7.293 +/- 1.007
2023-03-08 Wednesday 22:29:22: 1-Total Mean Avg Speed Cross Check= 7.007 +/- 0.778
2023-03-08 Wednesday 22:29:22: 2-Total Mean Avg Speed Cross Check= 7.007 +/- 1.118
2023-03-08 Wednesday 22:29:22: ****************************************
