2023-04-11 Tuesday 05:30:08: Run: 3 for Training experiment: DE-5 - route: ../nets/roundabout/input_routes_roundabout_auto_v1-5.rou.xml - first seed: 370 - alpha: 0.5 - gamma: 0.99 - epsilon: 0.2 - reward: diff-waiting-time
2023-04-11 Tuesday 06:16:54: Run: 1 - First Epsilon: 0.2 - Last Epsilon: 0.2
2023-04-11 Tuesday 07:08:45: Run: 2 - First Epsilon: 0.2 - Last Epsilon: 0.2
2023-04-11 Tuesday 08:01:13: Run: 3 - First Epsilon: 0.2 - Last Epsilon: 0.2
2023-04-11 Tuesday 08:53:22: Run: 4 - First Epsilon: 0.2 - Last Epsilon: 0.2
2023-04-11 Tuesday 09:47:45: Run: 5 - First Epsilon: 0.2 - Last Epsilon: 0.2
2023-04-11 Tuesday 09:47:46: Q-Table Total Distinct States: 1349
2023-04-11 Tuesday 09:47:46: Mean_reward=-42.84 +/- 13.76
2023-04-11 Tuesday 09:47:46: Mean_Stopped=1417991.40 +/- 45033.32
2023-04-11 Tuesday 09:47:46: Mean_Stopped=1418283.40 +/- 45057.72
2023-04-11 Tuesday 09:47:46: Mean_waiting_time=55887953.40 +/- 1734172.13
2023-04-11 Tuesday 09:47:46: Mean_avg_speed=497.95 +/- 13.29
2023-04-11 Tuesday 09:47:46: Mean_avg_speed_2=9264.86 +/- 256.36
2023-04-11 Tuesday 09:47:46: Mean_avg_speed_cross_check=16528.13 +/- 436.89
2023-04-11 Tuesday 09:47:46: ****************************************
2023-04-11 Tuesday 09:47:46: Calculation 1 - Overall 
2023-04-11 Tuesday 09:47:46: ****************************************
2023-04-11 Tuesday 09:47:46: Inner X Outer Loops Mean Reward= -0.004 +/- 3.371
2023-04-11 Tuesday 09:47:46: Inner X Outer Loops Mean Stopped= 141.785 +/- 19.812
2023-04-11 Tuesday 09:47:46: Inner X Outer Loops Mean Stopped Cross Check= 141.814 +/- 19.816
2023-04-11 Tuesday 09:47:46: Inner X Outer Loops Mean Waiting Time= 5588.237 +/- 2732.425
2023-04-11 Tuesday 09:47:46: Inner X Outer Loops Mean Avg Speed= 0.050 +/- 0.027
2023-04-11 Tuesday 09:47:46: Inner X Outer Loops Mean Avg Speed 2= 0.926 +/- 0.504
2023-04-11 Tuesday 09:47:46: Inner X Outer Loops Mean Avg Speed Cross Check= 1.653 +/- 0.554
2023-04-11 Tuesday 09:47:46: ****************************************
2023-04-11 Tuesday 09:47:46: Calculation 2 - Per Episode
2023-04-11 Tuesday 09:47:46: ****************************************
2023-04-11 Tuesday 09:47:46: Episode:0 Mean Reward= -0.003 +/- 3.476
2023-04-11 Tuesday 09:47:46: Episode:1 Mean Reward= -0.004 +/- 3.366
2023-04-11 Tuesday 09:47:46: Episode:2 Mean Reward= -0.007 +/- 3.222
2023-04-11 Tuesday 09:47:46: Episode:3 Mean Reward= -0.003 +/- 3.396
2023-04-11 Tuesday 09:47:46: Episode:4 Mean Reward= -0.004 +/- 3.393
2023-04-11 Tuesday 09:47:46: 1-Total Mean Reward= -0.004 +/- 0.001
2023-04-11 Tuesday 09:47:46: 2-Total Mean Reward= -0.004 +/- 3.370
2023-04-11 Tuesday 09:47:46: ****
2023-04-11 Tuesday 09:47:46: Episode:0 Mean Stopped= 134.190 +/- 18.526
2023-04-11 Tuesday 09:47:46: Episode:1 Mean Stopped= 141.756 +/- 17.603
2023-04-11 Tuesday 09:47:46: Episode:2 Mean Stopped= 142.365 +/- 18.590
2023-04-11 Tuesday 09:47:46: Episode:3 Mean Stopped= 142.262 +/- 20.475
2023-04-11 Tuesday 09:47:46: Episode:4 Mean Stopped= 148.352 +/- 21.056
2023-04-11 Tuesday 09:47:46: 1-Total Mean Stopped= 141.785 +/- 4.503
2023-04-11 Tuesday 09:47:46: 2-Total Mean Stopped= 141.785 +/- 19.250
2023-04-11 Tuesday 09:47:46: ****
2023-04-11 Tuesday 09:47:46: Episode:0 Mean Stopped Cross Check= 134.217 +/- 18.529
2023-04-11 Tuesday 09:47:46: Episode:1 Mean Stopped Cross Check= 141.783 +/- 17.609
2023-04-11 Tuesday 09:47:46: Episode:2 Mean Stopped Cross Check= 142.396 +/- 18.592
2023-04-11 Tuesday 09:47:46: Episode:3 Mean Stopped Cross Check= 142.287 +/- 20.477
2023-04-11 Tuesday 09:47:46: Episode:4 Mean Stopped Cross Check= 148.388 +/- 21.060
2023-04-11 Tuesday 09:47:46: 1-Total Mean Stopped Cross Check= 141.814 +/- 4.505
2023-04-11 Tuesday 09:47:46: 2-Total Mean Stopped Cross Check= 141.814 +/- 19.253
2023-04-11 Tuesday 09:47:46: ****
2023-04-11 Tuesday 09:47:46: Episode:0 Mean Waiting Time= 5490.598 +/- 2953.434
2023-04-11 Tuesday 09:47:46: Episode:1 Mean Waiting Time= 5502.153 +/- 2607.794
2023-04-11 Tuesday 09:47:46: Episode:2 Mean Waiting Time= 5421.107 +/- 2502.385
2023-04-11 Tuesday 09:47:46: Episode:3 Mean Waiting Time= 5615.485 +/- 2882.238
2023-04-11 Tuesday 09:47:46: Episode:4 Mean Waiting Time= 5911.840 +/- 2662.292
2023-04-11 Tuesday 09:47:46: 1-Total Mean Waiting Time= 5588.237 +/- 173.400
2023-04-11 Tuesday 09:47:46: 2-Total Mean Waiting Time= 5588.237 +/- 2721.629
2023-04-11 Tuesday 09:47:46: Episode:0 Mean Avg Speed= 0.052 +/- 0.025
2023-04-11 Tuesday 09:47:46: Episode:1 Mean Avg Speed= 0.049 +/- 0.025
2023-04-11 Tuesday 09:47:46: Episode:2 Mean Avg Speed= 0.049 +/- 0.026
2023-04-11 Tuesday 09:47:46: Episode:3 Mean Avg Speed= 0.050 +/- 0.028
2023-04-11 Tuesday 09:47:46: Episode:4 Mean Avg Speed= 0.048 +/- 0.028
2023-04-11 Tuesday 09:47:46: 1-Total Mean Avg Speed= 0.050 +/- 0.001
2023-04-11 Tuesday 09:47:46: 2-Total Mean Avg Speed= 0.050 +/- 0.027
2023-04-11 Tuesday 09:47:46: Episode:0 Mean Avg Speed 2= 0.971 +/- 0.476
2023-04-11 Tuesday 09:47:46: Episode:1 Mean Avg Speed 2= 0.911 +/- 0.481
2023-04-11 Tuesday 09:47:46: Episode:2 Mean Avg Speed 2= 0.919 +/- 0.495
2023-04-11 Tuesday 09:47:46: Episode:3 Mean Avg Speed 2= 0.936 +/- 0.536
2023-04-11 Tuesday 09:47:46: Episode:4 Mean Avg Speed 2= 0.896 +/- 0.528
2023-04-11 Tuesday 09:47:46: 1-Total Mean Avg Speed 2= 0.926 +/- 0.026
2023-04-11 Tuesday 09:47:46: 2-Total Mean Avg Speed 2= 0.926 +/- 0.503
2023-04-11 Tuesday 09:47:46: Episode:0 Mean Avg Speed Cross Check= 1.729 +/- 0.512
2023-04-11 Tuesday 09:47:46: Episode:1 Mean Avg Speed Cross Check= 1.629 +/- 0.523
2023-04-11 Tuesday 09:47:46: Episode:2 Mean Avg Speed Cross Check= 1.641 +/- 0.541
2023-04-11 Tuesday 09:47:46: Episode:3 Mean Avg Speed Cross Check= 1.665 +/- 0.596
2023-04-11 Tuesday 09:47:46: Episode:4 Mean Avg Speed Cross Check= 1.599 +/- 0.583
2023-04-11 Tuesday 09:47:46: 1-Total Mean Avg Speed Cross Check= 1.653 +/- 0.044
2023-04-11 Tuesday 09:47:46: 2-Total Mean Avg Speed Cross Check= 1.653 +/- 0.551
2023-04-11 Tuesday 09:47:46: ****************************************
