2023-04-14 Friday 02:21:21: Run: 1 for Training experiment: DE-5 - route: ../nets/roundabout/input_routes_roundabout_auto_v1-5.rou.xml - first seed: 170 - alpha: 0.5 - gamma: 0.99 - epsilon: 0.2 - reward: diff-waiting-time
2023-04-14 Friday 03:09:09: Run: 1 - First Epsilon: 0.2 - Last Epsilon: 0.2
2023-04-14 Friday 03:57:48: Run: 2 - First Epsilon: 0.2 - Last Epsilon: 0.2
2023-04-14 Friday 04:48:14: Run: 3 - First Epsilon: 0.2 - Last Epsilon: 0.2
2023-04-14 Friday 05:40:49: Run: 4 - First Epsilon: 0.2 - Last Epsilon: 0.2
2023-04-14 Friday 06:35:26: Run: 5 - First Epsilon: 0.2 - Last Epsilon: 0.2
2023-04-14 Friday 06:35:27: Q-Table Total Distinct States: 1281
2023-04-14 Friday 06:35:27: Mean_reward=-49.89 +/- 17.23
2023-04-14 Friday 06:35:27: Mean_Stopped=1462435.00 +/- 60265.83
2023-04-14 Friday 06:35:27: Mean_Stopped=1462733.60 +/- 60282.60
2023-04-14 Friday 06:35:27: Mean_waiting_time=55863629.40 +/- 2664927.61
2023-04-14 Friday 06:35:27: Mean_avg_speed=489.90 +/- 13.49
2023-04-14 Friday 06:35:27: Mean_avg_speed_2=9113.10 +/- 256.97
2023-04-14 Friday 06:35:27: Mean_avg_speed_cross_check=16207.87 +/- 480.85
2023-04-14 Friday 06:35:27: Mean_average_co2_emission_tl=25809997.24 +/- 41485.51
2023-04-14 Friday 06:35:27: Mean_average_co_emission_tl=1465515.11 +/- 1636.49
2023-04-14 Friday 06:35:27: Mean_average_fuel_consumption_tl=11095.28 +/- 17.83
2023-04-14 Friday 06:35:27: Mean_average_noise_emission_tl=564919.48 +/- 189.79
2023-04-14 Friday 06:35:27: Mean_average_co2_emission=25138168.72 +/- 17556.04
2023-04-14 Friday 06:35:27: Mean_average_co_emission=1365911.55 +/- 4479.62
2023-04-14 Friday 06:35:27: Mean_average_fuel_consumptions=10806.45 +/- 7.54
2023-04-14 Friday 06:35:27: Mean_average_noise_emissions=569464.18 +/- 334.33
2023-04-14 Friday 06:35:27: ****************************************
2023-04-14 Friday 06:35:27: Calculation 1 - Overall 
2023-04-14 Friday 06:35:27: ****************************************
2023-04-14 Friday 06:35:27: Inner X Outer Loops Mean Reward= -0.005 +/- 3.283
2023-04-14 Friday 06:35:27: Inner X Outer Loops Mean Stopped= 146.229 +/- 22.221
2023-04-14 Friday 06:35:27: Inner X Outer Loops Mean Stopped Cross Check= 146.259 +/- 22.225
2023-04-14 Friday 06:35:27: Inner X Outer Loops Mean Waiting Time= 5585.804 +/- 2702.996
2023-04-14 Friday 06:35:27: Inner X Outer Loops Mean Avg Speed= 0.049 +/- 0.030
2023-04-14 Friday 06:35:27: Inner X Outer Loops Mean Avg Speed 2= 0.911 +/- 0.559
2023-04-14 Friday 06:35:27: Inner X Outer Loops Mean Avg Speed Cross Check= 1.621 +/- 0.619
2023-04-14 Friday 06:35:27: Inner X Outer Loops Mean Average CO2 Emission TL= 2580.742 +/- 69.483
2023-04-14 Friday 06:35:27: Inner X Outer Loops Mean Average CO Emission TL= 146.537 +/- 5.404
2023-04-14 Friday 06:35:27: Inner X Outer Loops Mean Average Fuel Consumption TL= 1.109 +/- 0.030
2023-04-14 Friday 06:35:27: Inner X Outer Loops Mean Average Noise Emission TL= 56.486 +/- 0.416
2023-04-14 Friday 06:35:27: Inner X Outer Loops Mean Average CO2 Emission= 2513.566 +/- 61.160
2023-04-14 Friday 06:35:27: Inner X Outer Loops Mean Average CO Emission= 136.577 +/- 6.579
2023-04-14 Friday 06:35:27: Inner X Outer Loops Mean Average Fuel Consumptions= 1.081 +/- 0.026
2023-04-14 Friday 06:35:27: Inner X Outer Loops Mean Average Noise Emissions= 56.941 +/- 0.444
2023-04-14 Friday 06:35:27: ****************************************
2023-04-14 Friday 06:35:27: Calculation 2 - Per Episode
2023-04-14 Friday 06:35:27: ****************************************
2023-04-14 Friday 06:35:27: Episode:0 Mean Reward= -0.003 +/- 3.339
2023-04-14 Friday 06:35:27: Episode:1 Mean Reward= -0.006 +/- 3.272
2023-04-14 Friday 06:35:27: Episode:2 Mean Reward= -0.004 +/- 3.208
2023-04-14 Friday 06:35:27: Episode:3 Mean Reward= -0.008 +/- 3.324
2023-04-14 Friday 06:35:27: Episode:4 Mean Reward= -0.004 +/- 3.270
2023-04-14 Friday 06:35:27: 1-Total Mean Reward= -0.005 +/- 0.002
2023-04-14 Friday 06:35:27: 2-Total Mean Reward= -0.005 +/- 3.283
2023-04-14 Friday 06:35:27: ****
2023-04-14 Friday 06:35:27: Episode:0 Mean Stopped= 138.324 +/- 17.951
2023-04-14 Friday 06:35:27: Episode:1 Mean Stopped= 140.682 +/- 18.622
2023-04-14 Friday 06:35:27: Episode:2 Mean Stopped= 146.963 +/- 23.509
2023-04-14 Friday 06:35:27: Episode:3 Mean Stopped= 154.446 +/- 23.844
2023-04-14 Friday 06:35:27: Episode:4 Mean Stopped= 150.729 +/- 22.295
2023-04-14 Friday 06:35:27: 1-Total Mean Stopped= 146.229 +/- 6.026
2023-04-14 Friday 06:35:27: 2-Total Mean Stopped= 146.229 +/- 21.244
2023-04-14 Friday 06:35:27: ****
2023-04-14 Friday 06:35:27: Episode:0 Mean Stopped Cross Check= 138.350 +/- 17.954
2023-04-14 Friday 06:35:27: Episode:1 Mean Stopped Cross Check= 140.712 +/- 18.627
2023-04-14 Friday 06:35:27: Episode:2 Mean Stopped Cross Check= 146.993 +/- 23.513
2023-04-14 Friday 06:35:27: Episode:3 Mean Stopped Cross Check= 154.478 +/- 23.849
2023-04-14 Friday 06:35:27: Episode:4 Mean Stopped Cross Check= 150.760 +/- 22.299
2023-04-14 Friday 06:35:27: 1-Total Mean Stopped Cross Check= 146.259 +/- 6.028
2023-04-14 Friday 06:35:27: 2-Total Mean Stopped Cross Check= 146.259 +/- 21.248
2023-04-14 Friday 06:35:27: ****
2023-04-14 Friday 06:35:27: Episode:0 Mean Waiting Time= 5396.610 +/- 2984.863
2023-04-14 Friday 06:35:27: Episode:1 Mean Waiting Time= 5287.383 +/- 2456.415
2023-04-14 Friday 06:35:27: Episode:2 Mean Waiting Time= 5496.870 +/- 2527.039
2023-04-14 Friday 06:35:27: Episode:3 Mean Waiting Time= 6041.496 +/- 2937.759
2023-04-14 Friday 06:35:27: Episode:4 Mean Waiting Time= 5706.663 +/- 2493.226
2023-04-14 Friday 06:35:27: 1-Total Mean Waiting Time= 5585.804 +/- 266.466
2023-04-14 Friday 06:35:27: 2-Total Mean Waiting Time= 5585.804 +/- 2679.860
2023-04-14 Friday 06:35:27: Episode:0 Mean Avg Speed= 0.051 +/- 0.025
2023-04-14 Friday 06:35:27: Episode:1 Mean Avg Speed= 0.050 +/- 0.025
2023-04-14 Friday 06:35:27: Episode:2 Mean Avg Speed= 0.049 +/- 0.034
2023-04-14 Friday 06:35:27: Episode:3 Mean Avg Speed= 0.047 +/- 0.031
2023-04-14 Friday 06:35:27: Episode:4 Mean Avg Speed= 0.048 +/- 0.032
2023-04-14 Friday 06:35:27: 1-Total Mean Avg Speed= 0.049 +/- 0.001
2023-04-14 Friday 06:35:27: 2-Total Mean Avg Speed= 0.049 +/- 0.029
2023-04-14 Friday 06:35:27: Episode:0 Mean Avg Speed 2= 0.942 +/- 0.476
2023-04-14 Friday 06:35:27: Episode:1 Mean Avg Speed 2= 0.932 +/- 0.491
2023-04-14 Friday 06:35:27: Episode:2 Mean Avg Speed 2= 0.914 +/- 0.635
2023-04-14 Friday 06:35:27: Episode:3 Mean Avg Speed 2= 0.870 +/- 0.574
2023-04-14 Friday 06:35:27: Episode:4 Mean Avg Speed 2= 0.898 +/- 0.599
2023-04-14 Friday 06:35:27: 1-Total Mean Avg Speed 2= 0.911 +/- 0.026
2023-04-14 Friday 06:35:27: 2-Total Mean Avg Speed 2= 0.911 +/- 0.555
2023-04-14 Friday 06:35:27: Episode:0 Mean Avg Speed Cross Check= 1.682 +/- 0.514
2023-04-14 Friday 06:35:27: Episode:1 Mean Avg Speed Cross Check= 1.664 +/- 0.538
2023-04-14 Friday 06:35:27: Episode:2 Mean Avg Speed Cross Check= 1.616 +/- 0.710
2023-04-14 Friday 06:35:27: Episode:3 Mean Avg Speed Cross Check= 1.548 +/- 0.639
2023-04-14 Friday 06:35:27: Episode:4 Mean Avg Speed Cross Check= 1.593 +/- 0.662
2023-04-14 Friday 06:35:27: 1-Total Mean Avg Speed Cross Check= 1.621 +/- 0.048
2023-04-14 Friday 06:35:27: 2-Total Mean Avg Speed Cross Check= 1.621 +/- 0.612
2023-04-14 Friday 06:35:27: Episode:0 Mean Average CO2 Emission TL= 2586.781 +/- 63.606
2023-04-14 Friday 06:35:27: Episode:1 Mean Average CO2 Emission TL= 2583.991 +/- 68.183
2023-04-14 Friday 06:35:27: Episode:2 Mean Average CO2 Emission TL= 2579.735 +/- 74.877
2023-04-14 Friday 06:35:27: Episode:3 Mean Average CO2 Emission TL= 2575.242 +/- 69.083
2023-04-14 Friday 06:35:27: Episode:4 Mean Average CO2 Emission TL= 2577.959 +/- 70.566
2023-04-14 Friday 06:35:27: 1-Total Mean Average CO2 Emission TL= 2580.742 +/- 4.148
2023-04-14 Friday 06:35:27: 2-Total Mean Average CO2 Emission TL= 2580.742 +/- 69.263
2023-04-14 Friday 06:35:27: Episode:0 Mean Average CO Emission TL= 146.498 +/- 4.913
2023-04-14 Friday 06:35:27: Episode:1 Mean Average CO Emission TL= 146.384 +/- 4.907
2023-04-14 Friday 06:35:27: Episode:2 Mean Average CO Emission TL= 146.423 +/- 6.062
2023-04-14 Friday 06:35:27: Episode:3 Mean Average CO Emission TL= 146.847 +/- 5.414
2023-04-14 Friday 06:35:27: Episode:4 Mean Average CO Emission TL= 146.533 +/- 5.624
2023-04-14 Friday 06:35:27: 1-Total Mean Average CO Emission TL= 146.537 +/- 0.164
2023-04-14 Friday 06:35:27: 2-Total Mean Average CO Emission TL= 146.537 +/- 5.384
2023-04-14 Friday 06:35:27: Episode:0 Mean Average Fuel Consumption TL= 1.112 +/- 0.027
2023-04-14 Friday 06:35:27: Episode:1 Mean Average Fuel Consumption TL= 1.111 +/- 0.029
2023-04-14 Friday 06:35:27: Episode:2 Mean Average Fuel Consumption TL= 1.109 +/- 0.032
2023-04-14 Friday 06:35:27: Episode:3 Mean Average Fuel Consumption TL= 1.107 +/- 0.030
2023-04-14 Friday 06:35:27: Episode:4 Mean Average Fuel Consumption TL= 1.108 +/- 0.030
2023-04-14 Friday 06:35:27: 1-Total Mean Average Fuel Consumption TL= 1.109 +/- 0.002
2023-04-14 Friday 06:35:27: 2-Total Mean Average Fuel Consumption TL= 1.109 +/- 0.030
2023-04-14 Friday 06:35:27: Episode:0 Mean Average Noise Emission TL= 56.510 +/- 0.360
2023-04-14 Friday 06:35:27: Episode:1 Mean Average Noise Emission TL= 56.502 +/- 0.371
2023-04-14 Friday 06:35:27: Episode:2 Mean Average Noise Emission TL= 56.487 +/- 0.466
2023-04-14 Friday 06:35:27: Episode:3 Mean Average Noise Emission TL= 56.456 +/- 0.427
2023-04-14 Friday 06:35:27: Episode:4 Mean Average Noise Emission TL= 56.476 +/- 0.446
2023-04-14 Friday 06:35:27: 1-Total Mean Average Noise Emission TL= 56.486 +/- 0.019
2023-04-14 Friday 06:35:27: 2-Total Mean Average Noise Emission TL= 56.486 +/- 0.414
2023-04-14 Friday 06:35:27: Episode:0 Mean Average CO2 Emission= 2516.227 +/- 62.277
2023-04-14 Friday 06:35:27: Episode:1 Mean Average CO2 Emission= 2514.857 +/- 65.880
2023-04-14 Friday 06:35:27: Episode:2 Mean Average CO2 Emission= 2513.088 +/- 60.172
2023-04-14 Friday 06:35:27: Episode:3 Mean Average CO2 Emission= 2511.389 +/- 58.592
2023-04-14 Friday 06:35:27: Episode:4 Mean Average CO2 Emission= 2512.266 +/- 58.439
2023-04-14 Friday 06:35:27: 1-Total Mean Average CO2 Emission= 2513.566 +/- 1.755
2023-04-14 Friday 06:35:27: 2-Total Mean Average CO2 Emission= 2513.566 +/- 61.072
2023-04-14 Friday 06:35:27: Episode:0 Mean Average CO Emission= 136.115 +/- 5.560
2023-04-14 Friday 06:35:27: Episode:1 Mean Average CO Emission= 136.125 +/- 5.645
2023-04-14 Friday 06:35:27: Episode:2 Mean Average CO Emission= 136.561 +/- 7.625
2023-04-14 Friday 06:35:27: Episode:3 Mean Average CO Emission= 137.317 +/- 6.722
2023-04-14 Friday 06:35:27: Episode:4 Mean Average CO Emission= 136.769 +/- 7.024
2023-04-14 Friday 06:35:27: 1-Total Mean Average CO Emission= 136.577 +/- 0.448
2023-04-14 Friday 06:35:27: 2-Total Mean Average CO Emission= 136.577 +/- 6.515
2023-04-14 Friday 06:35:27: Episode:0 Mean Average Fuel Consumption= 1.082 +/- 0.027
2023-04-14 Friday 06:35:27: Episode:1 Mean Average Fuel Consumption= 1.081 +/- 0.028
2023-04-14 Friday 06:35:27: Episode:2 Mean Average Fuel Consumption= 1.080 +/- 0.026
2023-04-14 Friday 06:35:27: Episode:3 Mean Average Fuel Consumption= 1.080 +/- 0.025
2023-04-14 Friday 06:35:27: Episode:4 Mean Average Fuel Consumption= 1.080 +/- 0.025
2023-04-14 Friday 06:35:27: 1-Total Mean Average Fuel Consumption= 1.081 +/- 0.001
2023-04-14 Friday 06:35:27: 2-Total Mean Average Fuel Consumption= 1.081 +/- 0.026
2023-04-14 Friday 06:35:27: Episode:0 Mean Average Noise Emission= 56.984 +/- 0.376
2023-04-14 Friday 06:35:27: Episode:1 Mean Average Noise Emission= 56.970 +/- 0.393
2023-04-14 Friday 06:35:27: Episode:2 Mean Average Noise Emission= 56.937 +/- 0.500
2023-04-14 Friday 06:35:27: Episode:3 Mean Average Noise Emission= 56.891 +/- 0.458
2023-04-14 Friday 06:35:27: Episode:4 Mean Average Noise Emission= 56.922 +/- 0.472
2023-04-14 Friday 06:35:27: 1-Total Mean Average Noise Emission= 56.941 +/- 0.033
2023-04-14 Friday 06:35:27: 2-Total Mean Average Noise Emission= 56.941 +/- 0.440
2023-04-14 Friday 06:35:27: ****************************************
