2023-03-07 Tuesday 18:33:48: Run: 3 for Training experiment: DoE-31 - first seed: 370 - alpha: 0.3 - gamma: 0.99 - epsilon: 0.2 - reward: diff-waiting-time
2023-03-07 Tuesday 18:39:22: Run: 1 - First Epsilon: 0.2 - Last Epsilon: 0.2
2023-03-07 Tuesday 18:44:32: Run: 2 - First Epsilon: 0.2 - Last Epsilon: 0.2
2023-03-07 Tuesday 18:49:36: Run: 3 - First Epsilon: 0.2 - Last Epsilon: 0.2
2023-03-07 Tuesday 18:55:04: Run: 4 - First Epsilon: 0.2 - Last Epsilon: 0.2
2023-03-07 Tuesday 19:00:37: Run: 5 - First Epsilon: 0.2 - Last Epsilon: 0.2
2023-03-07 Tuesday 19:00:38: Q-Table Total Distinct States: 253
2023-03-07 Tuesday 19:00:38: Mean_reward=-1.33 +/- 1.06
2023-03-07 Tuesday 19:00:38: Mean_Stopped=70719.80 +/- 3078.88
2023-03-07 Tuesday 19:00:38: Mean_Stopped=70844.80 +/- 3108.95
2023-03-07 Tuesday 19:00:38: Mean_waiting_time=1596638.20 +/- 101199.21
2023-03-07 Tuesday 19:00:38: Mean_avg_speed=3683.20 +/- 64.62
2023-03-07 Tuesday 19:00:38: Mean_avg_speed_2=68425.57 +/- 1171.33
2023-03-07 Tuesday 19:00:38: Mean_avg_speed_cross_check=79884.21 +/- 849.17
2023-03-07 Tuesday 19:00:38: ****************************************
2023-03-07 Tuesday 19:00:38: Calculation 1 - Overall 
2023-03-07 Tuesday 19:00:38: ****************************************
2023-03-07 Tuesday 19:00:38: Inner X Outer Loops Mean Reward= -0.000 +/- 0.763
2023-03-07 Tuesday 19:00:38: Inner X Outer Loops Mean Stopped= 7.071 +/- 2.331
2023-03-07 Tuesday 19:00:38: Inner X Outer Loops Mean Stopped Cross Check= 7.084 +/- 2.331
2023-03-07 Tuesday 19:00:38: Inner X Outer Loops Mean Waiting Time= 159.648 +/- 181.422
2023-03-07 Tuesday 19:00:38: Inner X Outer Loops Mean Avg Speed= 0.368 +/- 0.060
2023-03-07 Tuesday 19:00:38: Inner X Outer Loops Mean Avg Speed 2= 6.842 +/- 1.084
2023-03-07 Tuesday 19:00:38: Inner X Outer Loops Mean Avg Speed Cross Check= 7.988 +/- 0.766
2023-03-07 Tuesday 19:00:38: ****************************************
2023-03-07 Tuesday 19:00:38: Calculation 2 - Per Episode
2023-03-07 Tuesday 19:00:38: ****************************************
2023-03-07 Tuesday 19:00:38: Episode:0 Mean Reward= -0.000 +/- 0.816
2023-03-07 Tuesday 19:00:38: Episode:1 Mean Reward= -0.000 +/- 0.745
2023-03-07 Tuesday 19:00:38: Episode:2 Mean Reward= -0.000 +/- 0.745
2023-03-07 Tuesday 19:00:38: Episode:3 Mean Reward= -0.000 +/- 0.747
2023-03-07 Tuesday 19:00:38: Episode:4 Mean Reward= -0.000 +/- 0.762
2023-03-07 Tuesday 19:00:38: 1-Total Mean Reward= -0.000 +/- 0.000
2023-03-07 Tuesday 19:00:38: 2-Total Mean Reward= -0.000 +/- 0.763
2023-03-07 Tuesday 19:00:38: ****
2023-03-07 Tuesday 19:00:38: Episode:0 Mean Stopped= 7.556 +/- 2.872
2023-03-07 Tuesday 19:00:38: Episode:1 Mean Stopped= 6.967 +/- 2.061
2023-03-07 Tuesday 19:00:38: Episode:2 Mean Stopped= 6.697 +/- 1.971
2023-03-07 Tuesday 19:00:38: Episode:3 Mean Stopped= 6.858 +/- 2.334
2023-03-07 Tuesday 19:00:38: Episode:4 Mean Stopped= 7.279 +/- 2.204
2023-03-07 Tuesday 19:00:38: 1-Total Mean Stopped= 7.071 +/- 0.308
2023-03-07 Tuesday 19:00:38: 2-Total Mean Stopped= 7.071 +/- 2.288
2023-03-07 Tuesday 19:00:38: ****
2023-03-07 Tuesday 19:00:38: Episode:0 Mean Stopped Cross Check= 7.571 +/- 2.871
2023-03-07 Tuesday 19:00:38: Episode:1 Mean Stopped Cross Check= 6.979 +/- 2.060
2023-03-07 Tuesday 19:00:38: Episode:2 Mean Stopped Cross Check= 6.704 +/- 1.971
2023-03-07 Tuesday 19:00:38: Episode:3 Mean Stopped Cross Check= 6.869 +/- 2.332
2023-03-07 Tuesday 19:00:38: Episode:4 Mean Stopped Cross Check= 7.296 +/- 2.206
2023-03-07 Tuesday 19:00:38: 1-Total Mean Stopped Cross Check= 7.084 +/- 0.311
2023-03-07 Tuesday 19:00:38: 2-Total Mean Stopped Cross Check= 7.084 +/- 2.288
2023-03-07 Tuesday 19:00:38: ****
2023-03-07 Tuesday 19:00:38: Episode:0 Mean Waiting Time= 178.372 +/- 258.794
2023-03-07 Tuesday 19:00:38: Episode:1 Mean Waiting Time= 153.166 +/- 146.527
2023-03-07 Tuesday 19:00:38: Episode:2 Mean Waiting Time= 151.295 +/- 152.884
2023-03-07 Tuesday 19:00:38: Episode:3 Mean Waiting Time= 153.120 +/- 166.575
2023-03-07 Tuesday 19:00:38: Episode:4 Mean Waiting Time= 162.286 +/- 156.505
2023-03-07 Tuesday 19:00:38: 1-Total Mean Waiting Time= 159.648 +/- 10.119
2023-03-07 Tuesday 19:00:38: 2-Total Mean Waiting Time= 159.648 +/- 176.257
2023-03-07 Tuesday 19:00:38: Episode:0 Mean Avg Speed= 0.359 +/- 0.063
2023-03-07 Tuesday 19:00:38: Episode:1 Mean Avg Speed= 0.370 +/- 0.058
2023-03-07 Tuesday 19:00:38: Episode:2 Mean Avg Speed= 0.376 +/- 0.058
2023-03-07 Tuesday 19:00:38: Episode:3 Mean Avg Speed= 0.373 +/- 0.060
2023-03-07 Tuesday 19:00:38: Episode:4 Mean Avg Speed= 0.363 +/- 0.059
2023-03-07 Tuesday 19:00:38: 1-Total Mean Avg Speed= 0.368 +/- 0.006
2023-03-07 Tuesday 19:00:38: 2-Total Mean Avg Speed= 0.368 +/- 0.059
2023-03-07 Tuesday 19:00:38: Episode:0 Mean Avg Speed 2= 6.679 +/- 1.133
2023-03-07 Tuesday 19:00:38: Episode:1 Mean Avg Speed 2= 6.864 +/- 1.050
2023-03-07 Tuesday 19:00:38: Episode:2 Mean Avg Speed 2= 6.992 +/- 1.052
2023-03-07 Tuesday 19:00:38: Episode:3 Mean Avg Speed 2= 6.934 +/- 1.086
2023-03-07 Tuesday 19:00:38: Episode:4 Mean Avg Speed 2= 6.740 +/- 1.066
2023-03-07 Tuesday 19:00:38: 1-Total Mean Avg Speed 2= 6.842 +/- 0.117
2023-03-07 Tuesday 19:00:38: 2-Total Mean Avg Speed 2= 6.842 +/- 1.077
2023-03-07 Tuesday 19:00:38: Episode:0 Mean Avg Speed Cross Check= 7.874 +/- 0.823
2023-03-07 Tuesday 19:00:38: Episode:1 Mean Avg Speed Cross Check= 8.004 +/- 0.736
2023-03-07 Tuesday 19:00:38: Episode:2 Mean Avg Speed Cross Check= 8.101 +/- 0.726
2023-03-07 Tuesday 19:00:38: Episode:3 Mean Avg Speed Cross Check= 8.050 +/- 0.758
2023-03-07 Tuesday 19:00:38: Episode:4 Mean Avg Speed Cross Check= 7.910 +/- 0.761
2023-03-07 Tuesday 19:00:38: 1-Total Mean Avg Speed Cross Check= 7.988 +/- 0.085
2023-03-07 Tuesday 19:00:38: 2-Total Mean Avg Speed Cross Check= 7.988 +/- 0.761
2023-03-07 Tuesday 19:00:38: ****************************************
