2023-04-12 Wednesday 02:00:23: Run: 4 for Training experiment: DE-6 - route: ../nets/roundabout/input_routes_roundabout_auto_v1-6.rou.xml - first seed: 470 - alpha: 0.5 - gamma: 0.99 - epsilon: 0.2 - reward: diff-waiting-time
2023-04-12 Wednesday 02:29:20: Run: 1 - First Epsilon: 0.2 - Last Epsilon: 0.2
2023-04-12 Wednesday 02:43:25: Run: 2 - First Epsilon: 0.2 - Last Epsilon: 0.2
2023-04-12 Wednesday 02:52:59: Run: 3 - First Epsilon: 0.2 - Last Epsilon: 0.2
2023-04-12 Wednesday 03:02:30: Run: 4 - First Epsilon: 0.2 - Last Epsilon: 0.2
2023-04-12 Wednesday 03:11:36: Run: 5 - First Epsilon: 0.2 - Last Epsilon: 0.2
2023-04-12 Wednesday 03:11:36: Q-Table Total Distinct States: 1233
2023-04-12 Wednesday 03:11:36: Mean_reward=-5.39 +/- 3.34
2023-04-12 Wednesday 03:11:36: Mean_Stopped=221074.80 +/- 232188.67
2023-04-12 Wednesday 03:11:36: Mean_Stopped=221207.60 +/- 232210.99
2023-04-12 Wednesday 03:11:36: Mean_waiting_time=6870021.60 +/- 8115286.22
2023-04-12 Wednesday 03:11:36: Mean_avg_speed=2849.16 +/- 1098.81
2023-04-12 Wednesday 03:11:36: Mean_avg_speed_2=52899.36 +/- 20386.19
2023-04-12 Wednesday 03:11:36: Mean_avg_speed_cross_check=64724.78 +/- 20669.73
2023-04-12 Wednesday 03:11:36: ****************************************
2023-04-12 Wednesday 03:11:36: Calculation 1 - Overall 
2023-04-12 Wednesday 03:11:36: ****************************************
2023-04-12 Wednesday 03:11:36: Inner X Outer Loops Mean Reward= -0.001 +/- 1.356
2023-04-12 Wednesday 03:11:36: Inner X Outer Loops Mean Stopped= 22.105 +/- 25.372
2023-04-12 Wednesday 03:11:36: Inner X Outer Loops Mean Stopped Cross Check= 22.119 +/- 25.374
2023-04-12 Wednesday 03:11:36: Inner X Outer Loops Mean Waiting Time= 686.933 +/- 1182.538
2023-04-12 Wednesday 03:11:36: Inner X Outer Loops Mean Avg Speed= 0.285 +/- 0.131
2023-04-12 Wednesday 03:11:36: Inner X Outer Loops Mean Avg Speed 2= 5.289 +/- 2.418
2023-04-12 Wednesday 03:11:36: Inner X Outer Loops Mean Avg Speed Cross Check= 6.472 +/- 2.353
2023-04-12 Wednesday 03:11:36: ****************************************
2023-04-12 Wednesday 03:11:36: Calculation 2 - Per Episode
2023-04-12 Wednesday 03:11:36: ****************************************
2023-04-12 Wednesday 03:11:36: Episode:0 Mean Reward= -0.001 +/- 2.303
2023-04-12 Wednesday 03:11:36: Episode:1 Mean Reward= -0.000 +/- 1.396
2023-04-12 Wednesday 03:11:36: Episode:2 Mean Reward= -0.001 +/- 0.820
2023-04-12 Wednesday 03:11:36: Episode:3 Mean Reward= -0.000 +/- 0.768
2023-04-12 Wednesday 03:11:36: Episode:4 Mean Reward= -0.000 +/- 0.824
2023-04-12 Wednesday 03:11:36: 1-Total Mean Reward= -0.001 +/- 0.000
2023-04-12 Wednesday 03:11:36: 2-Total Mean Reward= -0.001 +/- 1.222
2023-04-12 Wednesday 03:11:36: ****
2023-04-12 Wednesday 03:11:36: Episode:0 Mean Stopped= 67.270 +/- 15.462
2023-04-12 Wednesday 03:11:36: Episode:1 Mean Stopped= 21.248 +/- 16.375
2023-04-12 Wednesday 03:11:36: Episode:2 Mean Stopped= 7.423 +/- 2.360
2023-04-12 Wednesday 03:11:36: Episode:3 Mean Stopped= 7.138 +/- 2.194
2023-04-12 Wednesday 03:11:36: Episode:4 Mean Stopped= 7.448 +/- 2.472
2023-04-12 Wednesday 03:11:36: 1-Total Mean Stopped= 22.105 +/- 23.217
2023-04-12 Wednesday 03:11:36: 2-Total Mean Stopped= 22.105 +/- 7.772
2023-04-12 Wednesday 03:11:36: ****
2023-04-12 Wednesday 03:11:36: Episode:0 Mean Stopped Cross Check= 67.287 +/- 15.462
2023-04-12 Wednesday 03:11:36: Episode:1 Mean Stopped Cross Check= 21.266 +/- 16.377
2023-04-12 Wednesday 03:11:36: Episode:2 Mean Stopped Cross Check= 7.433 +/- 2.358
2023-04-12 Wednesday 03:11:36: Episode:3 Mean Stopped Cross Check= 7.150 +/- 2.194
2023-04-12 Wednesday 03:11:36: Episode:4 Mean Stopped Cross Check= 7.457 +/- 2.473
2023-04-12 Wednesday 03:11:36: 1-Total Mean Stopped Cross Check= 22.119 +/- 23.219
2023-04-12 Wednesday 03:11:36: 2-Total Mean Stopped Cross Check= 22.119 +/- 7.773
2023-04-12 Wednesday 03:11:36: ****
2023-04-12 Wednesday 03:11:36: Episode:0 Mean Waiting Time= 2270.666 +/- 1737.977
2023-04-12 Wednesday 03:11:36: Episode:1 Mean Waiting Time= 633.774 +/- 766.767
2023-04-12 Wednesday 03:11:36: Episode:2 Mean Waiting Time= 183.411 +/- 184.186
2023-04-12 Wednesday 03:11:36: Episode:3 Mean Waiting Time= 162.221 +/- 156.230
2023-04-12 Wednesday 03:11:36: Episode:4 Mean Waiting Time= 184.596 +/- 181.422
2023-04-12 Wednesday 03:11:36: 1-Total Mean Waiting Time= 686.933 +/- 811.447
2023-04-12 Wednesday 03:11:36: 2-Total Mean Waiting Time= 686.933 +/- 605.317
2023-04-12 Wednesday 03:11:36: Episode:0 Mean Avg Speed= 0.083 +/- 0.029
2023-04-12 Wednesday 03:11:36: Episode:1 Mean Avg Speed= 0.252 +/- 0.117
2023-04-12 Wednesday 03:11:36: Episode:2 Mean Avg Speed= 0.361 +/- 0.059
2023-04-12 Wednesday 03:11:36: Episode:3 Mean Avg Speed= 0.367 +/- 0.059
2023-04-12 Wednesday 03:11:36: Episode:4 Mean Avg Speed= 0.362 +/- 0.061
2023-04-12 Wednesday 03:11:36: 1-Total Mean Avg Speed= 0.285 +/- 0.110
2023-04-12 Wednesday 03:11:36: 2-Total Mean Avg Speed= 0.285 +/- 0.065
2023-04-12 Wednesday 03:11:36: Episode:0 Mean Avg Speed 2= 1.540 +/- 0.543
2023-04-12 Wednesday 03:11:36: Episode:1 Mean Avg Speed 2= 4.679 +/- 2.164
2023-04-12 Wednesday 03:11:36: Episode:2 Mean Avg Speed 2= 6.703 +/- 1.063
2023-04-12 Wednesday 03:11:36: Episode:3 Mean Avg Speed 2= 6.811 +/- 1.066
2023-04-12 Wednesday 03:11:36: Episode:4 Mean Avg Speed 2= 6.714 +/- 1.098
2023-04-12 Wednesday 03:11:36: 1-Total Mean Avg Speed 2= 5.289 +/- 2.038
2023-04-12 Wednesday 03:11:36: 2-Total Mean Avg Speed 2= 5.289 +/- 1.187
2023-04-12 Wednesday 03:11:36: Episode:0 Mean Avg Speed Cross Check= 2.612 +/- 0.627
2023-04-12 Wednesday 03:11:36: Episode:1 Mean Avg Speed Cross Check= 6.007 +/- 2.045
2023-04-12 Wednesday 03:11:36: Episode:2 Mean Avg Speed Cross Check= 7.889 +/- 0.759
2023-04-12 Wednesday 03:11:36: Episode:3 Mean Avg Speed Cross Check= 7.960 +/- 0.745
2023-04-12 Wednesday 03:11:36: Episode:4 Mean Avg Speed Cross Check= 7.892 +/- 0.784
2023-04-12 Wednesday 03:11:36: 1-Total Mean Avg Speed Cross Check= 6.472 +/- 2.067
2023-04-12 Wednesday 03:11:36: 2-Total Mean Avg Speed Cross Check= 6.472 +/- 0.992
2023-04-12 Wednesday 03:11:36: ****************************************
