2023-03-06 Monday 16:08:48: Run: 3 for Training experiment: DoE-9 - first seed: 370 - alpha: 0.1 - gamma: 0.9 - epsilon: 0.3 - reward: diff-waiting-time
2023-03-06 Monday 16:14:23: Run: 1 - First Epsilon: 0.3 - Last Epsilon: 0.3
2023-03-06 Monday 16:19:45: Run: 2 - First Epsilon: 0.3 - Last Epsilon: 0.3
2023-03-06 Monday 16:25:07: Run: 3 - First Epsilon: 0.3 - Last Epsilon: 0.3
2023-03-06 Monday 16:30:31: Run: 4 - First Epsilon: 0.3 - Last Epsilon: 0.3
2023-03-06 Monday 16:36:00: Run: 5 - First Epsilon: 0.3 - Last Epsilon: 0.3
2023-03-06 Monday 16:36:00: Q-Table Total Distinct States: 244
2023-03-06 Monday 16:36:00: Mean_reward=-1.52 +/- 0.92
2023-03-06 Monday 16:36:00: Mean_Stopped=77653.20 +/- 2545.24
2023-03-06 Monday 16:36:00: Mean_Stopped=77783.40 +/- 2555.87
2023-03-06 Monday 16:36:00: Mean_waiting_time=1558973.20 +/- 101692.40
2023-03-06 Monday 16:36:00: Mean_avg_speed=3536.31 +/- 54.67
2023-03-06 Monday 16:36:00: Mean_avg_speed_2=65717.69 +/- 1067.65
2023-03-06 Monday 16:36:00: Mean_avg_speed_cross_check=77896.11 +/- 800.52
2023-03-06 Monday 16:36:00: ****************************************
2023-03-06 Monday 16:36:00: Calculation 1 - Overall 
2023-03-06 Monday 16:36:00: ****************************************
2023-03-06 Monday 16:36:00: Inner X Outer Loops Mean Reward= -0.000 +/- 0.746
2023-03-06 Monday 16:36:00: Inner X Outer Loops Mean Stopped= 7.765 +/- 2.613
2023-03-06 Monday 16:36:00: Inner X Outer Loops Mean Stopped Cross Check= 7.778 +/- 2.613
2023-03-06 Monday 16:36:00: Inner X Outer Loops Mean Waiting Time= 155.882 +/- 128.509
2023-03-06 Monday 16:36:00: Inner X Outer Loops Mean Avg Speed= 0.354 +/- 0.061
2023-03-06 Monday 16:36:00: Inner X Outer Loops Mean Avg Speed 2= 6.571 +/- 1.107
2023-03-06 Monday 16:36:00: Inner X Outer Loops Mean Avg Speed Cross Check= 7.789 +/- 0.809
2023-03-06 Monday 16:36:00: ****************************************
2023-03-06 Monday 16:36:00: Calculation 2 - Per Episode
2023-03-06 Monday 16:36:00: ****************************************
2023-03-06 Monday 16:36:00: Episode:0 Mean Reward= -0.000 +/- 0.744
2023-03-06 Monday 16:36:00: Episode:1 Mean Reward= -0.000 +/- 0.733
2023-03-06 Monday 16:36:00: Episode:2 Mean Reward= -0.000 +/- 0.758
2023-03-06 Monday 16:36:00: Episode:3 Mean Reward= -0.000 +/- 0.709
2023-03-06 Monday 16:36:00: Episode:4 Mean Reward= -0.000 +/- 0.784
2023-03-06 Monday 16:36:00: 1-Total Mean Reward= -0.000 +/- 0.000
2023-03-06 Monday 16:36:00: 2-Total Mean Reward= -0.000 +/- 0.746
2023-03-06 Monday 16:36:00: ****
2023-03-06 Monday 16:36:00: Episode:0 Mean Stopped= 7.577 +/- 2.761
2023-03-06 Monday 16:36:00: Episode:1 Mean Stopped= 7.625 +/- 2.514
2023-03-06 Monday 16:36:00: Episode:2 Mean Stopped= 7.769 +/- 2.602
2023-03-06 Monday 16:36:00: Episode:3 Mean Stopped= 7.596 +/- 2.409
2023-03-06 Monday 16:36:00: Episode:4 Mean Stopped= 8.255 +/- 2.700
2023-03-06 Monday 16:36:00: 1-Total Mean Stopped= 7.765 +/- 0.254
2023-03-06 Monday 16:36:00: 2-Total Mean Stopped= 7.765 +/- 2.597
2023-03-06 Monday 16:36:00: ****
2023-03-06 Monday 16:36:00: Episode:0 Mean Stopped Cross Check= 7.589 +/- 2.761
2023-03-06 Monday 16:36:00: Episode:1 Mean Stopped Cross Check= 7.638 +/- 2.512
2023-03-06 Monday 16:36:00: Episode:2 Mean Stopped Cross Check= 7.781 +/- 2.604
2023-03-06 Monday 16:36:00: Episode:3 Mean Stopped Cross Check= 7.609 +/- 2.407
2023-03-06 Monday 16:36:00: Episode:4 Mean Stopped Cross Check= 8.271 +/- 2.700
2023-03-06 Monday 16:36:00: 1-Total Mean Stopped Cross Check= 7.778 +/- 0.256
2023-03-06 Monday 16:36:00: 2-Total Mean Stopped Cross Check= 7.778 +/- 2.597
2023-03-06 Monday 16:36:00: ****
2023-03-06 Monday 16:36:00: Episode:0 Mean Waiting Time= 153.451 +/- 143.126
2023-03-06 Monday 16:36:00: Episode:1 Mean Waiting Time= 150.089 +/- 114.876
2023-03-06 Monday 16:36:00: Episode:2 Mean Waiting Time= 160.441 +/- 137.554
2023-03-06 Monday 16:36:00: Episode:3 Mean Waiting Time= 142.714 +/- 99.206
2023-03-06 Monday 16:36:00: Episode:4 Mean Waiting Time= 172.714 +/- 140.042
2023-03-06 Monday 16:36:00: 1-Total Mean Waiting Time= 155.882 +/- 10.168
2023-03-06 Monday 16:36:00: 2-Total Mean Waiting Time= 155.882 +/- 126.961
2023-03-06 Monday 16:36:00: Episode:0 Mean Avg Speed= 0.358 +/- 0.063
2023-03-06 Monday 16:36:00: Episode:1 Mean Avg Speed= 0.357 +/- 0.061
2023-03-06 Monday 16:36:00: Episode:2 Mean Avg Speed= 0.354 +/- 0.061
2023-03-06 Monday 16:36:00: Episode:3 Mean Avg Speed= 0.356 +/- 0.060
2023-03-06 Monday 16:36:00: Episode:4 Mean Avg Speed= 0.343 +/- 0.059
2023-03-06 Monday 16:36:00: 1-Total Mean Avg Speed= 0.354 +/- 0.005
2023-03-06 Monday 16:36:00: 2-Total Mean Avg Speed= 0.354 +/- 0.061
2023-03-06 Monday 16:36:00: Episode:0 Mean Avg Speed 2= 6.671 +/- 1.155
2023-03-06 Monday 16:36:00: Episode:1 Mean Avg Speed 2= 6.624 +/- 1.097
2023-03-06 Monday 16:36:00: Episode:2 Mean Avg Speed 2= 6.575 +/- 1.103
2023-03-06 Monday 16:36:00: Episode:3 Mean Avg Speed 2= 6.619 +/- 1.079
2023-03-06 Monday 16:36:00: Episode:4 Mean Avg Speed 2= 6.366 +/- 1.074
2023-03-06 Monday 16:36:00: 1-Total Mean Avg Speed 2= 6.571 +/- 0.107
2023-03-06 Monday 16:36:00: 2-Total Mean Avg Speed 2= 6.571 +/- 1.101
2023-03-06 Monday 16:36:00: Episode:0 Mean Avg Speed Cross Check= 7.864 +/- 0.842
2023-03-06 Monday 16:36:00: Episode:1 Mean Avg Speed Cross Check= 7.829 +/- 0.790
2023-03-06 Monday 16:36:00: Episode:2 Mean Avg Speed Cross Check= 7.795 +/- 0.815
2023-03-06 Monday 16:36:00: Episode:3 Mean Avg Speed Cross Check= 7.821 +/- 0.781
2023-03-06 Monday 16:36:00: Episode:4 Mean Avg Speed Cross Check= 7.635 +/- 0.795
2023-03-06 Monday 16:36:00: 1-Total Mean Avg Speed Cross Check= 7.789 +/- 0.080
2023-03-06 Monday 16:36:00: 2-Total Mean Avg Speed Cross Check= 7.789 +/- 0.805
2023-03-06 Monday 16:36:00: ****************************************
