2023-02-02 Thursday 22:30:39 root:INFO:Total Missing States: 0
2023-02-02 Thursday 22:30:39 root:INFO:Mean Reward=-698.68 +/- 4.69
2023-02-02 Thursday 22:30:39 root:INFO:Mean Stopped=1440267.60 +/- 461.08
2023-02-02 Thursday 22:30:39 root:INFO:Mean Waiting Time=642682681.80 +/- 324460.55
2023-02-02 Thursday 22:30:39 root:INFO:****************************************
2023-02-02 Thursday 22:30:39 root:INFO:Calculation 1 - Overall 
2023-02-02 Thursday 22:30:39 root:INFO:****************************************
2023-02-02 Thursday 22:30:39 root:INFO:Inner X Outer Loops Mean Reward=-0.070 +/- 5.086
2023-02-02 Thursday 22:30:39 root:INFO:Inner X Outer Loops Mean Stopped= 144.012 +/- 24.631
2023-02-02 Thursday 22:30:39 root:INFO:Inner X Outer Loops Mean Waiting Time= 64261.842 +/- 14244.033
2023-02-02 Thursday 22:30:39 root:INFO:****************************************
2023-02-02 Thursday 22:30:39 root:INFO:Calculation 2 - Per Episode
2023-02-02 Thursday 22:30:39 root:INFO:****************************************
2023-02-02 Thursday 22:30:39 root:INFO:Episode:0 Mean Waiting Time=-0.070 +/- 5.090
2023-02-02 Thursday 22:30:39 root:INFO:Episode:1 Mean Waiting Time=-0.070 +/- 5.086
2023-02-02 Thursday 22:30:39 root:INFO:Episode:2 Mean Waiting Time=-0.070 +/- 5.088
2023-02-02 Thursday 22:30:39 root:INFO:Episode:3 Mean Waiting Time=-0.070 +/- 5.086
2023-02-02 Thursday 22:30:39 root:INFO:Episode:4 Mean Waiting Time=-0.069 +/- 5.083
2023-02-02 Thursday 22:30:39 root:INFO:1-Total Mean Reward= -0.070 +/- 0.000
2023-02-02 Thursday 22:30:39 root:INFO:2-Total Mean Reward= -0.070 +/- 5.086
2023-02-02 Thursday 22:30:39 root:INFO:****
2023-02-02 Thursday 22:30:39 root:INFO:Episode:0 Mean Stopped= 144.100 +/- 24.391
2023-02-02 Thursday 22:30:39 root:INFO:Episode:1 Mean Stopped= 143.991 +/- 24.748
2023-02-02 Thursday 22:30:39 root:INFO:Episode:2 Mean Stopped= 144.008 +/- 24.530
2023-02-02 Thursday 22:30:39 root:INFO:Episode:3 Mean Stopped= 143.966 +/- 24.688
2023-02-02 Thursday 22:30:39 root:INFO:Episode:4 Mean Stopped= 143.997 +/- 24.796
2023-02-02 Thursday 22:30:39 root:INFO:1-Total Mean Stopped= 144.012 +/- 0.046
2023-02-02 Thursday 22:30:39 root:INFO:2-Total Mean Stopped= 144.012 +/- 24.631
2023-02-02 Thursday 22:30:39 root:INFO:****
2023-02-02 Thursday 22:30:39 root:INFO:Episode:0 Mean Waiting Time= 64315.281 +/- 14150.960
2023-02-02 Thursday 22:30:39 root:INFO:Episode:1 Mean Waiting Time= 64269.830 +/- 14287.208
2023-02-02 Thursday 22:30:39 root:INFO:Episode:2 Mean Waiting Time= 64266.243 +/- 14176.094
2023-02-02 Thursday 22:30:39 root:INFO:Episode:3 Mean Waiting Time= 64237.792 +/- 14276.761
2023-02-02 Thursday 22:30:39 root:INFO:Episode:4 Mean Waiting Time= 64220.064 +/- 14328.140
2023-02-02 Thursday 22:30:39 root:INFO:1-Total Mean Waiting Time= 64261.842 +/- 32.443
2023-02-02 Thursday 22:30:39 root:INFO:2-Total Mean Waiting Time= 64261.842 +/- 14243.833
2023-02-02 Thursday 22:30:39 root:INFO:****************************************
