2023-05-21 Sunday 03:30:29 root:INFO:Run: 2 for Baseline experiment: DE-Enhanced-S2-6 - route: ../nets/roundabout/input_routes_roundabout_auto_v1-6.rou.xml - first seed: 280 - alpha: 0.5 - gamma: 0.99 - epsilon: 0.2 - reward: diff-waiting-time
2023-05-21 Sunday 04:16:06 root:INFO:Total Missing States: 0
2023-05-21 Sunday 04:16:06 root:INFO:Mean Reward=-1436645.00 +/- 0.00
2023-05-21 Sunday 04:16:06 root:INFO:Mean Stopped=1436645.00 +/- 0.00
2023-05-21 Sunday 04:16:06 root:INFO:Mean_Stopped=1436654.00 +/- 0.00
2023-05-21 Sunday 04:16:06 root:INFO:Mean Waiting Time=32348060.00 +/- 0.00
2023-05-21 Sunday 04:16:06 root:INFO:Mean_avg_speed=379.09 +/- 0.00
2023-05-21 Sunday 04:16:06 root:INFO:Mean_avg_speed_2=7046.77 +/- 0.00
2023-05-21 Sunday 04:16:06 root:INFO:Mean_avg_speed_cross_check=12605.23 +/- 0.00
2023-05-21 Sunday 04:16:06 root:INFO:Mean_average_co2_emission_tl=25394589.57 +/- 0.00
2023-05-21 Sunday 04:16:06 root:INFO:Mean_average_co_emission_tl=1474017.79 +/- 0.00
2023-05-21 Sunday 04:16:06 root:INFO:Mean_average_fuel_consumption_tl=10916.72 +/- 0.00
2023-05-21 Sunday 04:16:06 root:INFO:Mean_average_noise_emission_tl=563353.36 +/- 0.00
2023-05-21 Sunday 04:16:06 root:INFO:Mean_average_co2_emission=25030833.97 +/- 0.00
2023-05-21 Sunday 04:16:06 root:INFO:Mean_average_co_emission=1399053.70 +/- 0.00
2023-05-21 Sunday 04:16:06 root:INFO:Mean_average_fuel_consumptions=10760.33 +/- 0.00
2023-05-21 Sunday 04:16:06 root:INFO:Mean_average_noise_emissions=567016.83 +/- 0.00
2023-05-21 Sunday 04:16:06 root:INFO:****************************************
2023-05-21 Sunday 04:16:06 root:INFO:Calculation 1 - Overall 
2023-05-21 Sunday 04:16:06 root:INFO:****************************************
2023-05-21 Sunday 04:16:06 root:INFO:Inner X Outer Loops Mean Reward=-143.650 +/- 24.325
2023-05-21 Sunday 04:16:06 root:INFO:Inner X Outer Loops Mean Stopped= 143.650 +/- 24.325
2023-05-21 Sunday 04:16:06 root:INFO:Inner X Outer Loops Mean Stopped Cross Check= 143.651 +/- 24.324
2023-05-21 Sunday 04:16:06 root:INFO:Inner X Outer Loops Mean Waiting Time= 3234.483 +/- 577.630
2023-05-21 Sunday 04:16:06 root:INFO:Inner X Outer Loops Mean Avg Speed= 0.038 +/- 0.032
2023-05-21 Sunday 04:16:06 root:INFO:Inner X Outer Loops Mean Avg Speed 2= 0.705 +/- 0.598
2023-05-21 Sunday 04:16:06 root:INFO:Inner X Outer Loops Mean Avg Speed Cross Check= 1.260 +/- 0.682
2023-05-21 Sunday 04:16:06 root:INFO:Inner X Outer Loops Mean Average CO2 Emission TL= 2539.205 +/- 70.321
2023-05-21 Sunday 04:16:06 root:INFO:Inner X Outer Loops Mean Average CO Emission TL= 147.387 +/- 5.598
2023-05-21 Sunday 04:16:06 root:INFO:Inner X Outer Loops Mean Average Fuel Consumption TL= 1.092 +/- 0.030
2023-05-21 Sunday 04:16:06 root:INFO:Inner X Outer Loops Mean Average Noise Emission TL= 56.330 +/- 0.443
2023-05-21 Sunday 04:16:06 root:INFO:Inner X Outer Loops Mean Average CO2 Emission= 2502.833 +/- 59.833
2023-05-21 Sunday 04:16:06 root:INFO:Inner X Outer Loops Mean Average CO Emission= 139.891 +/- 7.282
2023-05-21 Sunday 04:16:06 root:INFO:Inner X Outer Loops Mean Average Fuel Consumptions= 1.076 +/- 0.026
2023-05-21 Sunday 04:16:06 root:INFO:Inner X Outer Loops Mean Average Noise Emissions= 56.696 +/- 0.487
2023-05-21 Sunday 04:16:06 root:INFO:****************************************
2023-05-21 Sunday 04:16:06 root:INFO:Calculation 2 - Per Episode
2023-05-21 Sunday 04:16:06 root:INFO:****************************************
2023-05-21 Sunday 04:16:06 root:INFO:Episode:0 Mean Waiting Time=-143.650 +/- 24.325
2023-05-21 Sunday 04:16:06 root:INFO:1-Total Mean Reward= -143.650 +/- 0.000
2023-05-21 Sunday 04:16:06 root:INFO:2-Total Mean Reward= -143.650 +/- 24.325
2023-05-21 Sunday 04:16:06 root:INFO:****
2023-05-21 Sunday 04:16:06 root:INFO:Episode:0 Mean Stopped= 143.650 +/- 24.325
2023-05-21 Sunday 04:16:06 root:INFO:1-Total Mean Stopped= 143.650 +/- 0.000
2023-05-21 Sunday 04:16:06 root:INFO:2-Total Mean Stopped= 143.650 +/- 24.325
2023-05-21 Sunday 04:16:06 root:INFO:****
2023-05-21 Sunday 04:16:06 root:INFO:Episode:0 Mean Stopped Cross Check= 143.651 +/- 24.324
2023-05-21 Sunday 04:16:06 root:INFO:1-Total Mean Stopped Cross Check= 143.651 +/- 0.000
2023-05-21 Sunday 04:16:06 root:INFO:2-Total Mean Stopped Cross Check= 143.651 +/- 24.324
2023-05-21 Sunday 04:16:06 root:INFO:****
2023-05-21 Sunday 04:16:06 root:INFO:Episode:0 Mean Waiting Time= 3234.483 +/- 577.630
2023-05-21 Sunday 04:16:06 root:INFO:1-Total Mean Waiting Time= 3234.483 +/- 0.000
2023-05-21 Sunday 04:16:06 root:INFO:2-Total Mean Waiting Time= 3234.483 +/- 577.630
2023-05-21 Sunday 04:16:06 root:INFO:Episode:0 Mean Avg Speed= 0.038 +/- 0.032
2023-05-21 Sunday 04:16:06 root:INFO:1-Total Mean Avg Speed= 0.038 +/- 0.000
2023-05-21 Sunday 04:16:06 root:INFO:2-Total Mean Avg Speed= 0.038 +/- 0.032
2023-05-21 Sunday 04:16:06 root:INFO:Episode:0 Mean Avg Speed 2= 0.705 +/- 0.598
2023-05-21 Sunday 04:16:06 root:INFO:1-Total Mean Avg Speed 2= 0.705 +/- 0.000
2023-05-21 Sunday 04:16:06 root:INFO:2-Total Mean Avg Speed 2= 0.705 +/- 0.598
2023-05-21 Sunday 04:16:06 root:INFO:Episode:0 Mean Avg Speed Cross Check= 1.260 +/- 0.682
2023-05-21 Sunday 04:16:06 root:INFO:1-Total Mean Avg Speed Cross Check= 1.260 +/- 0.000
2023-05-21 Sunday 04:16:06 root:INFO:2-Total Mean Avg Speed Cross Check= 1.260 +/- 0.682
2023-05-21 Sunday 04:16:06 root:INFO:Episode:0 Mean Average CO2 Emission TL= 2539.205 +/- 70.321
2023-05-21 Sunday 04:16:06 root:INFO:1-Total Mean Average CO2 Emission TL= 2539.205 +/- 0.000
2023-05-21 Sunday 04:16:06 root:INFO:2-Total Mean Average CO2 Emission TL= 2539.205 +/- 70.321
2023-05-21 Sunday 04:16:06 root:INFO:Episode:0 Mean Average CO Emission TL= 147.387 +/- 5.598
2023-05-21 Sunday 04:16:06 root:INFO:1-Total Mean Average CO Emission TL= 147.387 +/- 0.000
2023-05-21 Sunday 04:16:06 root:INFO:2-Total Mean Average CO Emission TL= 147.387 +/- 5.598
2023-05-21 Sunday 04:16:06 root:INFO:Episode:0 Mean Average Fuel Consumption TL= 1.092 +/- 0.030
2023-05-21 Sunday 04:16:06 root:INFO:1-Total Mean Average Fuel Consumption TL= 1.092 +/- 0.000
2023-05-21 Sunday 04:16:06 root:INFO:2-Total Mean Average Fuel Consumption TL= 1.092 +/- 0.030
2023-05-21 Sunday 04:16:06 root:INFO:Episode:0 Mean Average Noise Emission TL= 56.330 +/- 0.443
2023-05-21 Sunday 04:16:06 root:INFO:1-Total Mean Average Noise Emission TL= 56.330 +/- 0.000
2023-05-21 Sunday 04:16:06 root:INFO:2-Total Mean Average Noise Emission TL= 56.330 +/- 0.443
2023-05-21 Sunday 04:16:06 root:INFO:Episode:0 Mean Average CO2 Emission= 2502.833 +/- 59.833
2023-05-21 Sunday 04:16:06 root:INFO:1-Total Mean Average CO2 Emission= 2502.833 +/- 0.000
2023-05-21 Sunday 04:16:06 root:INFO:2-Total Mean Average CO2 Emission= 2502.833 +/- 59.833
2023-05-21 Sunday 04:16:06 root:INFO:Episode:0 Mean Average CO Emission= 139.891 +/- 7.282
2023-05-21 Sunday 04:16:06 root:INFO:1-Total Mean Average CO Emission= 139.891 +/- 0.000
2023-05-21 Sunday 04:16:06 root:INFO:2-Total Mean Average CO Emission= 139.891 +/- 7.282
2023-05-21 Sunday 04:16:06 root:INFO:Episode:0 Mean Average Fuel Consumption= 1.076 +/- 0.026
2023-05-21 Sunday 04:16:06 root:INFO:1-Total Mean Average Fuel Consumption= 1.076 +/- 0.000
2023-05-21 Sunday 04:16:06 root:INFO:2-Total Mean Average Fuel Consumption= 1.076 +/- 0.026
2023-05-21 Sunday 04:16:06 root:INFO:Episode:0 Mean Average Noise Emission= 56.696 +/- 0.487
2023-05-21 Sunday 04:16:06 root:INFO:1-Total Mean Average Noise Emission= 56.696 +/- 0.000
2023-05-21 Sunday 04:16:06 root:INFO:2-Total Mean Average Noise Emission= 56.696 +/- 0.487
2023-05-21 Sunday 04:16:06 root:INFO:****************************************
