2023-05-29 Monday 08:46:57 root:INFO:Run: 2 for Baseline experiment: DE-Enhanced-S3-3 - route: ../nets/roundabout/input_routes_roundabout_auto_v1-3.rou.xml - first seed: 280 - alpha: 0.5 - gamma: 0.99 - epsilon: 0.2 - reward: diff-waiting-time
2023-05-29 Monday 09:05:45 root:INFO:Total Missing States: 0
2023-05-29 Monday 09:05:45 root:INFO:Mean Reward=-529110.00 +/- 0.00
2023-05-29 Monday 09:05:45 root:INFO:Mean Stopped=529110.00 +/- 0.00
2023-05-29 Monday 09:05:45 root:INFO:Mean_Stopped=529119.00 +/- 0.00
2023-05-29 Monday 09:05:45 root:INFO:Mean Waiting Time=12081136.00 +/- 0.00
2023-05-29 Monday 09:05:45 root:INFO:Mean_avg_speed=738.68 +/- 0.00
2023-05-29 Monday 09:05:45 root:INFO:Mean_avg_speed_2=13790.51 +/- 0.00
2023-05-29 Monday 09:05:45 root:INFO:Mean_avg_speed_cross_check=23880.74 +/- 0.00
2023-05-29 Monday 09:05:45 root:INFO:Mean_average_co2_emission_tl=26126188.33 +/- 0.00
2023-05-29 Monday 09:05:45 root:INFO:Mean_average_co_emission_tl=1427182.51 +/- 0.00
2023-05-29 Monday 09:05:45 root:INFO:Mean_average_fuel_consumption_tl=11231.17 +/- 0.00
2023-05-29 Monday 09:05:45 root:INFO:Mean_average_noise_emission_tl=568021.41 +/- 0.00
2023-05-29 Monday 09:05:45 root:INFO:Mean_average_co2_emission=25366242.99 +/- 0.00
2023-05-29 Monday 09:05:45 root:INFO:Mean_average_co_emission=1286048.35 +/- 0.00
2023-05-29 Monday 09:05:45 root:INFO:Mean_average_fuel_consumptions=10904.45 +/- 0.00
2023-05-29 Monday 09:05:45 root:INFO:Mean_average_noise_emissions=574554.99 +/- 0.00
2023-05-29 Monday 09:05:45 root:INFO:****************************************
2023-05-29 Monday 09:05:45 root:INFO:Calculation 1 - Overall 
2023-05-29 Monday 09:05:45 root:INFO:****************************************
2023-05-29 Monday 09:05:45 root:INFO:Inner X Outer Loops Mean Reward=-52.906 +/- 7.942
2023-05-29 Monday 09:05:45 root:INFO:Inner X Outer Loops Mean Stopped= 52.906 +/- 7.942
2023-05-29 Monday 09:05:45 root:INFO:Inner X Outer Loops Mean Stopped Cross Check= 52.907 +/- 7.940
2023-05-29 Monday 09:05:45 root:INFO:Inner X Outer Loops Mean Waiting Time= 1207.993 +/- 204.127
2023-05-29 Monday 09:05:45 root:INFO:Inner X Outer Loops Mean Avg Speed= 0.074 +/- 0.035
2023-05-29 Monday 09:05:45 root:INFO:Inner X Outer Loops Mean Avg Speed 2= 1.379 +/- 0.653
2023-05-29 Monday 09:05:45 root:INFO:Inner X Outer Loops Mean Avg Speed Cross Check= 2.388 +/- 0.674
2023-05-29 Monday 09:05:45 root:INFO:Inner X Outer Loops Mean Average CO2 Emission TL= 2612.358 +/- 80.611
2023-05-29 Monday 09:05:45 root:INFO:Inner X Outer Loops Mean Average CO Emission TL= 142.704 +/- 6.468
2023-05-29 Monday 09:05:45 root:INFO:Inner X Outer Loops Mean Average Fuel Consumption TL= 1.123 +/- 0.035
2023-05-29 Monday 09:05:45 root:INFO:Inner X Outer Loops Mean Average Noise Emission TL= 56.796 +/- 0.492
2023-05-29 Monday 09:05:45 root:INFO:Inner X Outer Loops Mean Average CO2 Emission= 2536.371 +/- 87.321
2023-05-29 Monday 09:05:45 root:INFO:Inner X Outer Loops Mean Average CO Emission= 128.592 +/- 7.336
2023-05-29 Monday 09:05:45 root:INFO:Inner X Outer Loops Mean Average Fuel Consumptions= 1.090 +/- 0.038
2023-05-29 Monday 09:05:45 root:INFO:Inner X Outer Loops Mean Average Noise Emissions= 57.450 +/- 0.497
2023-05-29 Monday 09:05:45 root:INFO:****************************************
2023-05-29 Monday 09:05:45 root:INFO:Calculation 2 - Per Episode
2023-05-29 Monday 09:05:45 root:INFO:****************************************
2023-05-29 Monday 09:05:45 root:INFO:Episode:0 Mean Waiting Time=-52.906 +/- 7.942
2023-05-29 Monday 09:05:45 root:INFO:1-Total Mean Reward= -52.906 +/- 0.000
2023-05-29 Monday 09:05:45 root:INFO:2-Total Mean Reward= -52.906 +/- 7.942
2023-05-29 Monday 09:05:45 root:INFO:****
2023-05-29 Monday 09:05:45 root:INFO:Episode:0 Mean Stopped= 52.906 +/- 7.942
2023-05-29 Monday 09:05:45 root:INFO:1-Total Mean Stopped= 52.906 +/- 0.000
2023-05-29 Monday 09:05:45 root:INFO:2-Total Mean Stopped= 52.906 +/- 7.942
2023-05-29 Monday 09:05:45 root:INFO:****
2023-05-29 Monday 09:05:45 root:INFO:Episode:0 Mean Stopped Cross Check= 52.907 +/- 7.940
2023-05-29 Monday 09:05:45 root:INFO:1-Total Mean Stopped Cross Check= 52.907 +/- 0.000
2023-05-29 Monday 09:05:45 root:INFO:2-Total Mean Stopped Cross Check= 52.907 +/- 7.940
2023-05-29 Monday 09:05:45 root:INFO:****
2023-05-29 Monday 09:05:45 root:INFO:Episode:0 Mean Waiting Time= 1207.993 +/- 204.127
2023-05-29 Monday 09:05:45 root:INFO:1-Total Mean Waiting Time= 1207.993 +/- 0.000
2023-05-29 Monday 09:05:45 root:INFO:2-Total Mean Waiting Time= 1207.993 +/- 204.127
2023-05-29 Monday 09:05:45 root:INFO:Episode:0 Mean Avg Speed= 0.074 +/- 0.035
2023-05-29 Monday 09:05:45 root:INFO:1-Total Mean Avg Speed= 0.074 +/- 0.000
2023-05-29 Monday 09:05:45 root:INFO:2-Total Mean Avg Speed= 0.074 +/- 0.035
2023-05-29 Monday 09:05:45 root:INFO:Episode:0 Mean Avg Speed 2= 1.379 +/- 0.653
2023-05-29 Monday 09:05:45 root:INFO:1-Total Mean Avg Speed 2= 1.379 +/- 0.000
2023-05-29 Monday 09:05:45 root:INFO:2-Total Mean Avg Speed 2= 1.379 +/- 0.653
2023-05-29 Monday 09:05:45 root:INFO:Episode:0 Mean Avg Speed Cross Check= 2.388 +/- 0.674
2023-05-29 Monday 09:05:45 root:INFO:1-Total Mean Avg Speed Cross Check= 2.388 +/- 0.000
2023-05-29 Monday 09:05:45 root:INFO:2-Total Mean Avg Speed Cross Check= 2.388 +/- 0.674
2023-05-29 Monday 09:05:45 root:INFO:Episode:0 Mean Average CO2 Emission TL= 2612.358 +/- 80.611
2023-05-29 Monday 09:05:45 root:INFO:1-Total Mean Average CO2 Emission TL= 2612.358 +/- 0.000
2023-05-29 Monday 09:05:45 root:INFO:2-Total Mean Average CO2 Emission TL= 2612.358 +/- 80.611
2023-05-29 Monday 09:05:45 root:INFO:Episode:0 Mean Average CO Emission TL= 142.704 +/- 6.468
2023-05-29 Monday 09:05:45 root:INFO:1-Total Mean Average CO Emission TL= 142.704 +/- 0.000
2023-05-29 Monday 09:05:45 root:INFO:2-Total Mean Average CO Emission TL= 142.704 +/- 6.468
2023-05-29 Monday 09:05:45 root:INFO:Episode:0 Mean Average Fuel Consumption TL= 1.123 +/- 0.035
2023-05-29 Monday 09:05:45 root:INFO:1-Total Mean Average Fuel Consumption TL= 1.123 +/- 0.000
2023-05-29 Monday 09:05:45 root:INFO:2-Total Mean Average Fuel Consumption TL= 1.123 +/- 0.035
2023-05-29 Monday 09:05:45 root:INFO:Episode:0 Mean Average Noise Emission TL= 56.796 +/- 0.492
2023-05-29 Monday 09:05:45 root:INFO:1-Total Mean Average Noise Emission TL= 56.796 +/- 0.000
2023-05-29 Monday 09:05:45 root:INFO:2-Total Mean Average Noise Emission TL= 56.796 +/- 0.492
2023-05-29 Monday 09:05:45 root:INFO:Episode:0 Mean Average CO2 Emission= 2536.371 +/- 87.321
2023-05-29 Monday 09:05:45 root:INFO:1-Total Mean Average CO2 Emission= 2536.371 +/- 0.000
2023-05-29 Monday 09:05:45 root:INFO:2-Total Mean Average CO2 Emission= 2536.371 +/- 87.321
2023-05-29 Monday 09:05:45 root:INFO:Episode:0 Mean Average CO Emission= 128.592 +/- 7.336
2023-05-29 Monday 09:05:45 root:INFO:1-Total Mean Average CO Emission= 128.592 +/- 0.000
2023-05-29 Monday 09:05:45 root:INFO:2-Total Mean Average CO Emission= 128.592 +/- 7.336
2023-05-29 Monday 09:05:45 root:INFO:Episode:0 Mean Average Fuel Consumption= 1.090 +/- 0.038
2023-05-29 Monday 09:05:45 root:INFO:1-Total Mean Average Fuel Consumption= 1.090 +/- 0.000
2023-05-29 Monday 09:05:45 root:INFO:2-Total Mean Average Fuel Consumption= 1.090 +/- 0.038
2023-05-29 Monday 09:05:45 root:INFO:Episode:0 Mean Average Noise Emission= 57.450 +/- 0.497
2023-05-29 Monday 09:05:45 root:INFO:1-Total Mean Average Noise Emission= 57.450 +/- 0.000
2023-05-29 Monday 09:05:45 root:INFO:2-Total Mean Average Noise Emission= 57.450 +/- 0.497
2023-05-29 Monday 09:05:45 root:INFO:****************************************
