2023-03-06 Monday 18:18:22: Run: 3 for Training experiment: DoE-11 - first seed: 370 - alpha: 0.1 - gamma: 0.9 - epsilon: 0.4 - reward: diff-waiting-time
2023-03-06 Monday 18:31:10: Run: 1 - First Epsilon: 0.4 - Last Epsilon: 0.4
2023-03-06 Monday 18:36:54: Run: 2 - First Epsilon: 0.4 - Last Epsilon: 0.4
2023-03-06 Monday 18:42:29: Run: 3 - First Epsilon: 0.4 - Last Epsilon: 0.4
2023-03-06 Monday 18:47:59: Run: 4 - First Epsilon: 0.4 - Last Epsilon: 0.4
2023-03-06 Monday 18:54:08: Run: 5 - First Epsilon: 0.4 - Last Epsilon: 0.4
2023-03-06 Monday 18:54:08: Q-Table Total Distinct States: 1648
2023-03-06 Monday 18:54:08: Mean_reward=-3.38 +/- 2.45
2023-03-06 Monday 18:54:08: Mean_Stopped=177268.40 +/- 161138.58
2023-03-06 Monday 18:54:08: Mean_Stopped=177439.60 +/- 161159.79
2023-03-06 Monday 18:54:08: Mean_waiting_time=5391811.40 +/- 6321307.91
2023-03-06 Monday 18:54:08: Mean_avg_speed=2830.08 +/- 815.15
2023-03-06 Monday 18:54:08: Mean_avg_speed_2=52578.74 +/- 15113.22
2023-03-06 Monday 18:54:08: Mean_avg_speed_cross_check=65788.81 +/- 15439.86
2023-03-06 Monday 18:54:08: ****************************************
2023-03-06 Monday 18:54:08: Calculation 1 - Overall 
2023-03-06 Monday 18:54:08: ****************************************
2023-03-06 Monday 18:54:08: Inner X Outer Loops Mean Reward= -0.000 +/- 1.280
2023-03-06 Monday 18:54:08: Inner X Outer Loops Mean Stopped= 17.725 +/- 18.652
2023-03-06 Monday 18:54:08: Inner X Outer Loops Mean Stopped Cross Check= 17.742 +/- 18.654
2023-03-06 Monday 18:54:08: Inner X Outer Loops Mean Waiting Time= 539.127 +/- 979.741
2023-03-06 Monday 18:54:08: Inner X Outer Loops Mean Avg Speed= 0.283 +/- 0.106
2023-03-06 Monday 18:54:08: Inner X Outer Loops Mean Avg Speed 2= 5.257 +/- 1.948
2023-03-06 Monday 18:54:08: Inner X Outer Loops Mean Avg Speed Cross Check= 6.578 +/- 1.873
2023-03-06 Monday 18:54:08: ****************************************
2023-03-06 Monday 18:54:08: Calculation 2 - Per Episode
2023-03-06 Monday 18:54:08: ****************************************
2023-03-06 Monday 18:54:08: Episode:0 Mean Reward= -0.001 +/- 2.244
2023-03-06 Monday 18:54:08: Episode:1 Mean Reward= -0.000 +/- 0.921
2023-03-06 Monday 18:54:08: Episode:2 Mean Reward= -0.000 +/- 0.851
2023-03-06 Monday 18:54:08: Episode:3 Mean Reward= -0.000 +/- 0.855
2023-03-06 Monday 18:54:08: Episode:4 Mean Reward= -0.000 +/- 0.925
2023-03-06 Monday 18:54:08: 1-Total Mean Reward= -0.000 +/- 0.000
2023-03-06 Monday 18:54:08: 2-Total Mean Reward= -0.000 +/- 1.159
2023-03-06 Monday 18:54:08: ****
2023-03-06 Monday 18:54:08: Episode:0 Mean Stopped= 49.921 +/- 19.388
2023-03-06 Monday 18:54:08: Episode:1 Mean Stopped= 10.110 +/- 5.063
2023-03-06 Monday 18:54:08: Episode:2 Mean Stopped= 9.129 +/- 3.492
2023-03-06 Monday 18:54:08: Episode:3 Mean Stopped= 8.789 +/- 2.992
2023-03-06 Monday 18:54:08: Episode:4 Mean Stopped= 10.676 +/- 4.331
2023-03-06 Monday 18:54:08: 1-Total Mean Stopped= 17.725 +/- 16.112
2023-03-06 Monday 18:54:08: 2-Total Mean Stopped= 17.725 +/- 7.053
2023-03-06 Monday 18:54:08: ****
2023-03-06 Monday 18:54:08: Episode:0 Mean Stopped Cross Check= 49.943 +/- 19.389
2023-03-06 Monday 18:54:08: Episode:1 Mean Stopped Cross Check= 10.126 +/- 5.065
2023-03-06 Monday 18:54:08: Episode:2 Mean Stopped Cross Check= 9.142 +/- 3.493
2023-03-06 Monday 18:54:08: Episode:3 Mean Stopped Cross Check= 8.806 +/- 2.991
2023-03-06 Monday 18:54:08: Episode:4 Mean Stopped Cross Check= 10.694 +/- 4.333
2023-03-06 Monday 18:54:08: 1-Total Mean Stopped Cross Check= 17.742 +/- 16.114
2023-03-06 Monday 18:54:08: 2-Total Mean Stopped Cross Check= 17.742 +/- 7.054
2023-03-06 Monday 18:54:08: ****
2023-03-06 Monday 18:54:08: Episode:0 Mean Waiting Time= 1802.742 +/- 1623.636
2023-03-06 Monday 18:54:08: Episode:1 Mean Waiting Time= 240.187 +/- 271.445
2023-03-06 Monday 18:54:08: Episode:2 Mean Waiting Time= 204.055 +/- 166.176
2023-03-06 Monday 18:54:08: Episode:3 Mean Waiting Time= 202.113 +/- 168.785
2023-03-06 Monday 18:54:08: Episode:4 Mean Waiting Time= 246.539 +/- 189.567
2023-03-06 Monday 18:54:08: 1-Total Mean Waiting Time= 539.127 +/- 632.068
2023-03-06 Monday 18:54:08: 2-Total Mean Waiting Time= 539.127 +/- 483.922
2023-03-06 Monday 18:54:08: Episode:0 Mean Avg Speed= 0.121 +/- 0.069
2023-03-06 Monday 18:54:08: Episode:1 Mean Avg Speed= 0.321 +/- 0.074
2023-03-06 Monday 18:54:08: Episode:2 Mean Avg Speed= 0.331 +/- 0.064
2023-03-06 Monday 18:54:08: Episode:3 Mean Avg Speed= 0.335 +/- 0.060
2023-03-06 Monday 18:54:08: Episode:4 Mean Avg Speed= 0.308 +/- 0.068
2023-03-06 Monday 18:54:08: 1-Total Mean Avg Speed= 0.283 +/- 0.082
2023-03-06 Monday 18:54:08: 2-Total Mean Avg Speed= 0.283 +/- 0.067
2023-03-06 Monday 18:54:08: Episode:0 Mean Avg Speed 2= 2.255 +/- 1.295
2023-03-06 Monday 18:54:08: Episode:1 Mean Avg Speed 2= 5.964 +/- 1.342
2023-03-06 Monday 18:54:08: Episode:2 Mean Avg Speed 2= 6.145 +/- 1.168
2023-03-06 Monday 18:54:08: Episode:3 Mean Avg Speed 2= 6.213 +/- 1.094
2023-03-06 Monday 18:54:08: Episode:4 Mean Avg Speed 2= 5.709 +/- 1.229
2023-03-06 Monday 18:54:08: 1-Total Mean Avg Speed 2= 5.257 +/- 1.511
2023-03-06 Monday 18:54:08: 2-Total Mean Avg Speed 2= 5.257 +/- 1.226
2023-03-06 Monday 18:54:08: Episode:0 Mean Avg Speed Cross Check= 3.504 +/- 1.398
2023-03-06 Monday 18:54:08: Episode:1 Mean Avg Speed Cross Check= 7.297 +/- 1.082
2023-03-06 Monday 18:54:08: Episode:2 Mean Avg Speed Cross Check= 7.463 +/- 0.906
2023-03-06 Monday 18:54:08: Episode:3 Mean Avg Speed Cross Check= 7.519 +/- 0.824
2023-03-06 Monday 18:54:08: Episode:4 Mean Avg Speed Cross Check= 7.107 +/- 0.996
2023-03-06 Monday 18:54:08: 1-Total Mean Avg Speed Cross Check= 6.578 +/- 1.544
2023-03-06 Monday 18:54:08: 2-Total Mean Avg Speed Cross Check= 6.578 +/- 1.041
2023-03-06 Monday 18:54:08: ****************************************
