2023-02-03 Friday 18:26:37 root:INFO:Total Missing States: 0
2023-02-03 Friday 18:26:37 root:INFO:Mean Reward=-34.39 +/- 0.49
2023-02-03 Friday 18:26:37 root:INFO:Mean Stopped=1440520.40 +/- 114.67
2023-02-03 Friday 18:26:37 root:INFO:Mean Waiting Time=32409972.60 +/- 2173.81
2023-02-03 Friday 18:26:37 root:INFO:****************************************
2023-02-03 Friday 18:26:37 root:INFO:Calculation 1 - Overall 
2023-02-03 Friday 18:26:37 root:INFO:****************************************
2023-02-03 Friday 18:26:37 root:INFO:Inner X Outer Loops Mean Reward=-0.003 +/- 1.148
2023-02-03 Friday 18:26:37 root:INFO:Inner X Outer Loops Mean Stopped= 144.038 +/- 24.735
2023-02-03 Friday 18:26:37 root:INFO:Inner X Outer Loops Mean Waiting Time= 3240.673 +/- 585.218
2023-02-03 Friday 18:26:37 root:INFO:****************************************
2023-02-03 Friday 18:26:37 root:INFO:Calculation 2 - Per Episode
2023-02-03 Friday 18:26:37 root:INFO:****************************************
2023-02-03 Friday 18:26:37 root:INFO:Episode:0 Mean Waiting Time=-0.003 +/- 1.146
2023-02-03 Friday 18:26:37 root:INFO:Episode:1 Mean Waiting Time=-0.003 +/- 1.149
2023-02-03 Friday 18:26:37 root:INFO:Episode:2 Mean Waiting Time=-0.003 +/- 1.147
2023-02-03 Friday 18:26:37 root:INFO:Episode:3 Mean Waiting Time=-0.003 +/- 1.147
2023-02-03 Friday 18:26:37 root:INFO:Episode:4 Mean Waiting Time=-0.004 +/- 1.149
2023-02-03 Friday 18:26:37 root:INFO:1-Total Mean Reward= -0.003 +/- 0.000
2023-02-03 Friday 18:26:37 root:INFO:2-Total Mean Reward= -0.003 +/- 1.148
2023-02-03 Friday 18:26:37 root:INFO:****
2023-02-03 Friday 18:26:37 root:INFO:Episode:0 Mean Stopped= 144.031 +/- 24.799
2023-02-03 Friday 18:26:37 root:INFO:Episode:1 Mean Stopped= 144.047 +/- 24.634
2023-02-03 Friday 18:26:37 root:INFO:Episode:2 Mean Stopped= 144.025 +/- 24.800
2023-02-03 Friday 18:26:37 root:INFO:Episode:3 Mean Stopped= 144.030 +/- 24.800
2023-02-03 Friday 18:26:37 root:INFO:Episode:4 Mean Stopped= 144.055 +/- 24.640
2023-02-03 Friday 18:26:37 root:INFO:1-Total Mean Stopped= 144.038 +/- 0.011
2023-02-03 Friday 18:26:37 root:INFO:2-Total Mean Stopped= 144.038 +/- 24.735
2023-02-03 Friday 18:26:37 root:INFO:****
2023-02-03 Friday 18:26:37 root:INFO:Episode:0 Mean Waiting Time= 3240.537 +/- 586.537
2023-02-03 Friday 18:26:37 root:INFO:Episode:1 Mean Waiting Time= 3240.904 +/- 583.131
2023-02-03 Friday 18:26:37 root:INFO:Episode:2 Mean Waiting Time= 3240.586 +/- 586.667
2023-02-03 Friday 18:26:37 root:INFO:Episode:3 Mean Waiting Time= 3240.389 +/- 586.549
2023-02-03 Friday 18:26:37 root:INFO:Episode:4 Mean Waiting Time= 3240.949 +/- 583.193
2023-02-03 Friday 18:26:37 root:INFO:1-Total Mean Waiting Time= 3240.673 +/- 0.217
2023-02-03 Friday 18:26:37 root:INFO:2-Total Mean Waiting Time= 3240.673 +/- 585.215
2023-02-03 Friday 18:26:37 root:INFO:****************************************
