2023-03-15 Wednesday 19:10:14: Run: 5 for Training experiment: DoE-25 - first seed: 570 - alpha: 0.3 - gamma: 0.9 - epsilon: 0.2 - reward: diff-waiting-time
2023-03-15 Wednesday 19:15:40: Run: 1 - First Epsilon: 0.2 - Last Epsilon: 0.2
2023-03-15 Wednesday 19:22:00: Run: 2 - First Epsilon: 0.2 - Last Epsilon: 0.2
2023-03-15 Wednesday 19:28:36: Run: 3 - First Epsilon: 0.2 - Last Epsilon: 0.2
2023-03-15 Wednesday 19:34:01: Run: 4 - First Epsilon: 0.2 - Last Epsilon: 0.2
2023-03-15 Wednesday 19:39:30: Run: 5 - First Epsilon: 0.2 - Last Epsilon: 0.2
2023-03-15 Wednesday 19:39:31: Q-Table Total Distinct States: 214
2023-03-15 Wednesday 19:39:31: Mean_reward=-0.70 +/- 0.45
2023-03-15 Wednesday 19:39:31: Mean_Stopped=70419.40 +/- 2844.88
2023-03-15 Wednesday 19:39:31: Mean_Stopped=70539.80 +/- 2866.97
2023-03-15 Wednesday 19:39:31: Mean_waiting_time=1392205.60 +/- 89415.34
2023-03-15 Wednesday 19:39:31: Mean_avg_speed=3682.61 +/- 66.67
2023-03-15 Wednesday 19:39:31: Mean_avg_speed_2=68427.67 +/- 1192.97
2023-03-15 Wednesday 19:39:31: Mean_avg_speed_cross_check=79851.98 +/- 848.59
2023-03-15 Wednesday 19:39:31: ****************************************
2023-03-15 Wednesday 19:39:31: Calculation 1 - Overall 
2023-03-15 Wednesday 19:39:31: ****************************************
2023-03-15 Wednesday 19:39:31: Inner X Outer Loops Mean Reward= -0.000 +/- 0.703
2023-03-15 Wednesday 19:39:31: Inner X Outer Loops Mean Stopped= 7.041 +/- 2.265
2023-03-15 Wednesday 19:39:31: Inner X Outer Loops Mean Stopped Cross Check= 7.053 +/- 2.266
2023-03-15 Wednesday 19:39:31: Inner X Outer Loops Mean Waiting Time= 139.207 +/- 125.736
2023-03-15 Wednesday 19:39:31: Inner X Outer Loops Mean Avg Speed= 0.368 +/- 0.061
2023-03-15 Wednesday 19:39:31: Inner X Outer Loops Mean Avg Speed 2= 6.842 +/- 1.096
2023-03-15 Wednesday 19:39:31: Inner X Outer Loops Mean Avg Speed Cross Check= 7.984 +/- 0.769
2023-03-15 Wednesday 19:39:31: ****************************************
2023-03-15 Wednesday 19:39:31: Calculation 2 - Per Episode
2023-03-15 Wednesday 19:39:31: ****************************************
2023-03-15 Wednesday 19:39:31: Episode:0 Mean Reward= -0.000 +/- 0.725
2023-03-15 Wednesday 19:39:31: Episode:1 Mean Reward= -0.000 +/- 0.712
2023-03-15 Wednesday 19:39:31: Episode:2 Mean Reward= -0.000 +/- 0.721
2023-03-15 Wednesday 19:39:31: Episode:3 Mean Reward= -0.000 +/- 0.658
2023-03-15 Wednesday 19:39:31: Episode:4 Mean Reward= -0.000 +/- 0.697
2023-03-15 Wednesday 19:39:31: 1-Total Mean Reward= -0.000 +/- 0.000
2023-03-15 Wednesday 19:39:31: 2-Total Mean Reward= -0.000 +/- 0.703
2023-03-15 Wednesday 19:39:31: ****
2023-03-15 Wednesday 19:39:31: Episode:0 Mean Stopped= 6.927 +/- 2.269
2023-03-15 Wednesday 19:39:31: Episode:1 Mean Stopped= 7.352 +/- 2.429
2023-03-15 Wednesday 19:39:31: Episode:2 Mean Stopped= 7.340 +/- 2.232
2023-03-15 Wednesday 19:39:31: Episode:3 Mean Stopped= 6.590 +/- 1.969
2023-03-15 Wednesday 19:39:31: Episode:4 Mean Stopped= 6.997 +/- 2.311
2023-03-15 Wednesday 19:39:31: 1-Total Mean Stopped= 7.041 +/- 0.284
2023-03-15 Wednesday 19:39:31: 2-Total Mean Stopped= 7.041 +/- 2.242
2023-03-15 Wednesday 19:39:31: ****
2023-03-15 Wednesday 19:39:31: Episode:0 Mean Stopped Cross Check= 6.940 +/- 2.270
2023-03-15 Wednesday 19:39:31: Episode:1 Mean Stopped Cross Check= 7.367 +/- 2.430
2023-03-15 Wednesday 19:39:31: Episode:2 Mean Stopped Cross Check= 7.353 +/- 2.232
2023-03-15 Wednesday 19:39:31: Episode:3 Mean Stopped Cross Check= 6.598 +/- 1.970
2023-03-15 Wednesday 19:39:31: Episode:4 Mean Stopped Cross Check= 7.009 +/- 2.312
2023-03-15 Wednesday 19:39:31: 1-Total Mean Stopped Cross Check= 7.053 +/- 0.287
2023-03-15 Wednesday 19:39:31: 2-Total Mean Stopped Cross Check= 7.053 +/- 2.243
2023-03-15 Wednesday 19:39:31: ****
2023-03-15 Wednesday 19:39:31: Episode:0 Mean Waiting Time= 144.309 +/- 155.856
2023-03-15 Wednesday 19:39:31: Episode:1 Mean Waiting Time= 144.075 +/- 115.225
2023-03-15 Wednesday 19:39:31: Episode:2 Mean Waiting Time= 147.784 +/- 127.924
2023-03-15 Wednesday 19:39:31: Episode:3 Mean Waiting Time= 122.709 +/- 97.129
2023-03-15 Wednesday 19:39:31: Episode:4 Mean Waiting Time= 137.156 +/- 123.618
2023-03-15 Wednesday 19:39:31: 1-Total Mean Waiting Time= 139.207 +/- 8.941
2023-03-15 Wednesday 19:39:31: 2-Total Mean Waiting Time= 139.207 +/- 123.950
2023-03-15 Wednesday 19:39:31: Episode:0 Mean Avg Speed= 0.371 +/- 0.062
2023-03-15 Wednesday 19:39:31: Episode:1 Mean Avg Speed= 0.361 +/- 0.061
2023-03-15 Wednesday 19:39:31: Episode:2 Mean Avg Speed= 0.360 +/- 0.059
2023-03-15 Wednesday 19:39:31: Episode:3 Mean Avg Speed= 0.378 +/- 0.058
2023-03-15 Wednesday 19:39:31: Episode:4 Mean Avg Speed= 0.370 +/- 0.061
2023-03-15 Wednesday 19:39:31: 1-Total Mean Avg Speed= 0.368 +/- 0.007
2023-03-15 Wednesday 19:39:31: 2-Total Mean Avg Speed= 0.368 +/- 0.060
2023-03-15 Wednesday 19:39:31: Episode:0 Mean Avg Speed 2= 6.894 +/- 1.113
2023-03-15 Wednesday 19:39:31: Episode:1 Mean Avg Speed 2= 6.719 +/- 1.108
2023-03-15 Wednesday 19:39:31: Episode:2 Mean Avg Speed 2= 6.701 +/- 1.062
2023-03-15 Wednesday 19:39:31: Episode:3 Mean Avg Speed 2= 7.022 +/- 1.053
2023-03-15 Wednesday 19:39:31: Episode:4 Mean Avg Speed 2= 6.874 +/- 1.109
2023-03-15 Wednesday 19:39:31: 1-Total Mean Avg Speed 2= 6.842 +/- 0.119
2023-03-15 Wednesday 19:39:31: 2-Total Mean Avg Speed 2= 6.842 +/- 1.089
2023-03-15 Wednesday 19:39:31: Episode:0 Mean Avg Speed Cross Check= 8.018 +/- 0.776
2023-03-15 Wednesday 19:39:31: Episode:1 Mean Avg Speed Cross Check= 7.895 +/- 0.791
2023-03-15 Wednesday 19:39:31: Episode:2 Mean Avg Speed Cross Check= 7.886 +/- 0.747
2023-03-15 Wednesday 19:39:31: Episode:3 Mean Avg Speed Cross Check= 8.113 +/- 0.719
2023-03-15 Wednesday 19:39:31: Episode:4 Mean Avg Speed Cross Check= 8.011 +/- 0.784
2023-03-15 Wednesday 19:39:31: 1-Total Mean Avg Speed Cross Check= 7.984 +/- 0.085
2023-03-15 Wednesday 19:39:31: 2-Total Mean Avg Speed Cross Check= 7.984 +/- 0.763
2023-03-15 Wednesday 19:39:31: ****************************************
