2023-04-10 Monday 10:04:38: Run: 2 for Training experiment: DE-3 - route: ../nets/roundabout/input_routes_roundabout_auto_v1-3.rou.xml - first seed: 270 - alpha: 0.5 - gamma: 0.99 - epsilon: 0.2 - reward: diff-waiting-time
2023-04-10 Monday 10:11:43: Run: 1 - First Epsilon: 0.2 - Last Epsilon: 0.2
2023-04-10 Monday 10:18:51: Run: 2 - First Epsilon: 0.2 - Last Epsilon: 0.2
2023-04-10 Monday 10:26:00: Run: 3 - First Epsilon: 0.2 - Last Epsilon: 0.2
2023-04-10 Monday 10:33:10: Run: 4 - First Epsilon: 0.2 - Last Epsilon: 0.2
2023-04-10 Monday 10:40:22: Run: 5 - First Epsilon: 0.2 - Last Epsilon: 0.2
2023-04-10 Monday 10:40:23: Q-Table Total Distinct States: 154
2023-04-10 Monday 10:40:23: Mean_reward=-0.77 +/- 1.29
2023-04-10 Monday 10:40:23: Mean_Stopped=48390.40 +/- 1359.97
2023-04-10 Monday 10:40:23: Mean_Stopped=48486.40 +/- 1359.35
2023-04-10 Monday 10:40:23: Mean_waiting_time=1384654.20 +/- 125965.78
2023-04-10 Monday 10:40:23: Mean_avg_speed=3866.12 +/- 39.77
2023-04-10 Monday 10:40:23: Mean_avg_speed_2=71831.26 +/- 765.83
2023-04-10 Monday 10:40:23: Mean_avg_speed_cross_check=82247.70 +/- 539.80
2023-04-10 Monday 10:40:23: ****************************************
2023-04-10 Monday 10:40:23: Calculation 1 - Overall 
2023-04-10 Monday 10:40:23: ****************************************
2023-04-10 Monday 10:40:23: Inner X Outer Loops Mean Reward= -0.000 +/- 0.732
2023-04-10 Monday 10:40:23: Inner X Outer Loops Mean Stopped= 4.839 +/- 1.883
2023-04-10 Monday 10:40:23: Inner X Outer Loops Mean Stopped Cross Check= 4.848 +/- 1.880
2023-04-10 Monday 10:40:23: Inner X Outer Loops Mean Waiting Time= 138.452 +/- 176.216
2023-04-10 Monday 10:40:23: Inner X Outer Loops Mean Avg Speed= 0.387 +/- 0.080
2023-04-10 Monday 10:40:23: Inner X Outer Loops Mean Avg Speed 2= 7.182 +/- 1.473
2023-04-10 Monday 10:40:23: Inner X Outer Loops Mean Avg Speed Cross Check= 8.224 +/- 0.964
2023-04-10 Monday 10:40:23: ****************************************
2023-04-10 Monday 10:40:23: Calculation 2 - Per Episode
2023-04-10 Monday 10:40:23: ****************************************
2023-04-10 Monday 10:40:23: Episode:0 Mean Reward= 0.000 +/- 0.700
2023-04-10 Monday 10:40:23: Episode:1 Mean Reward= -0.000 +/- 0.709
2023-04-10 Monday 10:40:23: Episode:2 Mean Reward= -0.000 +/- 0.784
2023-04-10 Monday 10:40:23: Episode:3 Mean Reward= -0.000 +/- 0.760
2023-04-10 Monday 10:40:23: Episode:4 Mean Reward= -0.000 +/- 0.702
2023-04-10 Monday 10:40:23: 1-Total Mean Reward= -0.000 +/- 0.000
2023-04-10 Monday 10:40:23: 2-Total Mean Reward= -0.000 +/- 0.731
2023-04-10 Monday 10:40:23: ****
2023-04-10 Monday 10:40:23: Episode:0 Mean Stopped= 4.606 +/- 1.836
2023-04-10 Monday 10:40:23: Episode:1 Mean Stopped= 4.778 +/- 1.826
2023-04-10 Monday 10:40:23: Episode:2 Mean Stopped= 4.874 +/- 1.868
2023-04-10 Monday 10:40:23: Episode:3 Mean Stopped= 4.955 +/- 1.931
2023-04-10 Monday 10:40:23: Episode:4 Mean Stopped= 4.980 +/- 1.929
2023-04-10 Monday 10:40:23: 1-Total Mean Stopped= 4.839 +/- 0.136
2023-04-10 Monday 10:40:23: 2-Total Mean Stopped= 4.839 +/- 1.878
2023-04-10 Monday 10:40:23: ****
2023-04-10 Monday 10:40:23: Episode:0 Mean Stopped Cross Check= 4.616 +/- 1.831
2023-04-10 Monday 10:40:23: Episode:1 Mean Stopped Cross Check= 4.788 +/- 1.824
2023-04-10 Monday 10:40:23: Episode:2 Mean Stopped Cross Check= 4.885 +/- 1.864
2023-04-10 Monday 10:40:23: Episode:3 Mean Stopped Cross Check= 4.963 +/- 1.927
2023-04-10 Monday 10:40:23: Episode:4 Mean Stopped Cross Check= 4.990 +/- 1.926
2023-04-10 Monday 10:40:23: 1-Total Mean Stopped Cross Check= 4.848 +/- 0.136
2023-04-10 Monday 10:40:23: 2-Total Mean Stopped Cross Check= 4.848 +/- 1.874
2023-04-10 Monday 10:40:23: ****
2023-04-10 Monday 10:40:23: Episode:0 Mean Waiting Time= 126.045 +/- 179.068
2023-04-10 Monday 10:40:23: Episode:1 Mean Waiting Time= 131.165 +/- 161.274
2023-04-10 Monday 10:40:23: Episode:2 Mean Waiting Time= 158.008 +/- 195.224
2023-04-10 Monday 10:40:23: Episode:3 Mean Waiting Time= 148.613 +/- 184.133
2023-04-10 Monday 10:40:23: Episode:4 Mean Waiting Time= 128.426 +/- 156.126
2023-04-10 Monday 10:40:23: 1-Total Mean Waiting Time= 138.452 +/- 12.595
2023-04-10 Monday 10:40:23: 2-Total Mean Waiting Time= 138.452 +/- 175.165
2023-04-10 Monday 10:40:23: Episode:0 Mean Avg Speed= 0.393 +/- 0.082
2023-04-10 Monday 10:40:23: Episode:1 Mean Avg Speed= 0.388 +/- 0.079
2023-04-10 Monday 10:40:23: Episode:2 Mean Avg Speed= 0.386 +/- 0.079
2023-04-10 Monday 10:40:23: Episode:3 Mean Avg Speed= 0.384 +/- 0.080
2023-04-10 Monday 10:40:23: Episode:4 Mean Avg Speed= 0.381 +/- 0.080
2023-04-10 Monday 10:40:23: 1-Total Mean Avg Speed= 0.387 +/- 0.004
2023-04-10 Monday 10:40:23: 2-Total Mean Avg Speed= 0.387 +/- 0.080
2023-04-10 Monday 10:40:23: Episode:0 Mean Avg Speed 2= 7.313 +/- 1.510
2023-04-10 Monday 10:40:23: Episode:1 Mean Avg Speed 2= 7.208 +/- 1.455
2023-04-10 Monday 10:40:23: Episode:2 Mean Avg Speed 2= 7.174 +/- 1.460
2023-04-10 Monday 10:40:23: Episode:3 Mean Avg Speed 2= 7.128 +/- 1.469
2023-04-10 Monday 10:40:23: Episode:4 Mean Avg Speed 2= 7.089 +/- 1.463
2023-04-10 Monday 10:40:23: 1-Total Mean Avg Speed 2= 7.182 +/- 0.077
2023-04-10 Monday 10:40:23: 2-Total Mean Avg Speed 2= 7.182 +/- 1.471
2023-04-10 Monday 10:40:23: Episode:0 Mean Avg Speed Cross Check= 8.318 +/- 0.967
2023-04-10 Monday 10:40:23: Episode:1 Mean Avg Speed Cross Check= 8.240 +/- 0.950
2023-04-10 Monday 10:40:23: Episode:2 Mean Avg Speed Cross Check= 8.219 +/- 0.962
2023-04-10 Monday 10:40:23: Episode:3 Mean Avg Speed Cross Check= 8.178 +/- 0.976
2023-04-10 Monday 10:40:23: Episode:4 Mean Avg Speed Cross Check= 8.165 +/- 0.957
2023-04-10 Monday 10:40:23: 1-Total Mean Avg Speed Cross Check= 8.224 +/- 0.054
2023-04-10 Monday 10:40:23: 2-Total Mean Avg Speed Cross Check= 8.224 +/- 0.963
2023-04-10 Monday 10:40:23: ****************************************
