2023-04-10 Monday 10:48:16 root:INFO:Run: 2 for Baseline experiment: DE-3 - route: ../nets/roundabout/input_routes_roundabout_auto_v1-3.rou.xml - first seed: 280 - alpha: 0.5 - gamma: 0.99 - epsilon: 0.2 - reward: diff-waiting-time
2023-04-10 Monday 11:07:33 root:INFO:Total Missing States: 0
2023-04-10 Monday 11:07:33 root:INFO:Mean Reward=-529110.00 +/- 0.00
2023-04-10 Monday 11:07:33 root:INFO:Mean Stopped=529110.00 +/- 0.00
2023-04-10 Monday 11:07:33 root:INFO:Mean_Stopped=529119.00 +/- 0.00
2023-04-10 Monday 11:07:33 root:INFO:Mean Waiting Time=12081136.00 +/- 0.00
2023-04-10 Monday 11:07:33 root:INFO:Mean_avg_speed=738.68 +/- 0.00
2023-04-10 Monday 11:07:33 root:INFO:Mean_avg_speed_2=13790.51 +/- 0.00
2023-04-10 Monday 11:07:33 root:INFO:Mean_avg_speed_cross_check=23880.74 +/- 0.00
2023-04-10 Monday 11:07:33 root:INFO:****************************************
2023-04-10 Monday 11:07:33 root:INFO:Calculation 1 - Overall 
2023-04-10 Monday 11:07:33 root:INFO:****************************************
2023-04-10 Monday 11:07:33 root:INFO:Inner X Outer Loops Mean Reward=-52.906 +/- 7.942
2023-04-10 Monday 11:07:33 root:INFO:Inner X Outer Loops Mean Stopped= 52.906 +/- 7.942
2023-04-10 Monday 11:07:33 root:INFO:Inner X Outer Loops Mean Stopped Cross Check= 52.907 +/- 7.940
2023-04-10 Monday 11:07:33 root:INFO:Inner X Outer Loops Mean Waiting Time= 1207.993 +/- 204.127
2023-04-10 Monday 11:07:33 root:INFO:Inner X Outer Loops Mean Avg Speed= 0.074 +/- 0.035
2023-04-10 Monday 11:07:33 root:INFO:Inner X Outer Loops Mean Avg Speed 2= 1.379 +/- 0.653
2023-04-10 Monday 11:07:33 root:INFO:Inner X Outer Loops Mean Avg Speed Cross Check= 2.388 +/- 0.674
2023-04-10 Monday 11:07:33 root:INFO:****************************************
2023-04-10 Monday 11:07:33 root:INFO:Calculation 2 - Per Episode
2023-04-10 Monday 11:07:33 root:INFO:****************************************
2023-04-10 Monday 11:07:33 root:INFO:Episode:0 Mean Waiting Time=-52.906 +/- 7.942
2023-04-10 Monday 11:07:33 root:INFO:1-Total Mean Reward= -52.906 +/- 0.000
2023-04-10 Monday 11:07:33 root:INFO:2-Total Mean Reward= -52.906 +/- 7.942
2023-04-10 Monday 11:07:33 root:INFO:****
2023-04-10 Monday 11:07:33 root:INFO:Episode:0 Mean Stopped= 52.906 +/- 7.942
2023-04-10 Monday 11:07:33 root:INFO:1-Total Mean Stopped= 52.906 +/- 0.000
2023-04-10 Monday 11:07:33 root:INFO:2-Total Mean Stopped= 52.906 +/- 7.942
2023-04-10 Monday 11:07:33 root:INFO:****
2023-04-10 Monday 11:07:33 root:INFO:Episode:0 Mean Stopped Cross Check= 52.907 +/- 7.940
2023-04-10 Monday 11:07:33 root:INFO:1-Total Mean Stopped Cross Check= 52.907 +/- 0.000
2023-04-10 Monday 11:07:33 root:INFO:2-Total Mean Stopped Cross Check= 52.907 +/- 7.940
2023-04-10 Monday 11:07:33 root:INFO:****
2023-04-10 Monday 11:07:33 root:INFO:Episode:0 Mean Waiting Time= 1207.993 +/- 204.127
2023-04-10 Monday 11:07:33 root:INFO:1-Total Mean Waiting Time= 1207.993 +/- 0.000
2023-04-10 Monday 11:07:33 root:INFO:2-Total Mean Waiting Time= 1207.993 +/- 204.127
2023-04-10 Monday 11:07:33 root:INFO:Episode:0 Mean Avg Speed= 0.074 +/- 0.035
2023-04-10 Monday 11:07:33 root:INFO:1-Total Mean Avg Speed= 0.074 +/- 0.000
2023-04-10 Monday 11:07:33 root:INFO:2-Total Mean Avg Speed= 0.074 +/- 0.035
2023-04-10 Monday 11:07:33 root:INFO:Episode:0 Mean Avg Speed 2= 1.379 +/- 0.653
2023-04-10 Monday 11:07:33 root:INFO:1-Total Mean Avg Speed 2= 1.379 +/- 0.000
2023-04-10 Monday 11:07:33 root:INFO:2-Total Mean Avg Speed 2= 1.379 +/- 0.653
2023-04-10 Monday 11:07:33 root:INFO:Episode:0 Mean Avg Speed Cross Check= 2.388 +/- 0.674
2023-04-10 Monday 11:07:33 root:INFO:1-Total Mean Avg Speed Cross Check= 2.388 +/- 0.000
2023-04-10 Monday 11:07:33 root:INFO:2-Total Mean Avg Speed Cross Check= 2.388 +/- 0.674
2023-04-10 Monday 11:07:33 root:INFO:****************************************
