2023-03-15 Wednesday 21:50:56: Run: 5 for Training experiment: DoE-28 - first seed: 570 - alpha: 0.3 - gamma: 0.9 - epsilon: 0.3 - reward: average-speed-2
2023-03-15 Wednesday 22:07:24: Run: 1 - First Epsilon: 0.3 - Last Epsilon: 0.3
2023-03-15 Wednesday 22:21:42: Run: 2 - First Epsilon: 0.3 - Last Epsilon: 0.3
2023-03-15 Wednesday 22:35:59: Run: 3 - First Epsilon: 0.3 - Last Epsilon: 0.3
2023-03-15 Wednesday 22:50:24: Run: 4 - First Epsilon: 0.3 - Last Epsilon: 0.3
2023-03-15 Wednesday 23:03:36: Run: 5 - First Epsilon: 0.3 - Last Epsilon: 0.3
2023-03-15 Wednesday 23:03:36: Q-Table Total Distinct States: 927
2023-03-15 Wednesday 23:03:36: Mean_reward=15072.98 +/- 1643.56
2023-03-15 Wednesday 23:03:36: Mean_Stopped=696477.80 +/- 79585.99
2023-03-15 Wednesday 23:03:36: Mean_Stopped=696723.00 +/- 79574.36
2023-03-15 Wednesday 23:03:36: Mean_waiting_time=38141656.60 +/- 13005547.60
2023-03-15 Wednesday 23:03:36: Mean_avg_speed=811.48 +/- 88.06
2023-03-15 Wednesday 23:03:36: Mean_avg_speed_2=15072.98 +/- 1643.56
2023-03-15 Wednesday 23:03:36: Mean_avg_speed_cross_check=25572.29 +/- 2520.12
2023-03-15 Wednesday 23:03:36: ****************************************
2023-03-15 Wednesday 23:03:36: Calculation 1 - Overall 
2023-03-15 Wednesday 23:03:36: ****************************************
2023-03-15 Wednesday 23:03:36: Inner X Outer Loops Mean Reward= 1.507 +/- 0.601
2023-03-15 Wednesday 23:03:36: Inner X Outer Loops Mean Stopped= 69.641 +/- 14.872
2023-03-15 Wednesday 23:03:36: Inner X Outer Loops Mean Stopped Cross Check= 69.665 +/- 14.869
2023-03-15 Wednesday 23:03:36: Inner X Outer Loops Mean Waiting Time= 3813.784 +/- 4438.876
2023-03-15 Wednesday 23:03:36: Inner X Outer Loops Mean Avg Speed= 0.081 +/- 0.032
2023-03-15 Wednesday 23:03:36: Inner X Outer Loops Mean Avg Speed 2= 1.507 +/- 0.601
2023-03-15 Wednesday 23:03:36: Inner X Outer Loops Mean Avg Speed Cross Check= 2.557 +/- 0.696
2023-03-15 Wednesday 23:03:36: ****************************************
2023-03-15 Wednesday 23:03:36: Calculation 2 - Per Episode
2023-03-15 Wednesday 23:03:36: ****************************************
2023-03-15 Wednesday 23:03:36: Episode:0 Mean Reward= 1.215 +/- 0.587
2023-03-15 Wednesday 23:03:36: Episode:1 Mean Reward= 1.475 +/- 0.608
2023-03-15 Wednesday 23:03:36: Episode:2 Mean Reward= 1.570 +/- 0.553
2023-03-15 Wednesday 23:03:36: Episode:3 Mean Reward= 1.567 +/- 0.602
2023-03-15 Wednesday 23:03:36: Episode:4 Mean Reward= 1.710 +/- 0.536
2023-03-15 Wednesday 23:03:36: 1-Total Mean Reward= 1.507 +/- 0.164
2023-03-15 Wednesday 23:03:36: 2-Total Mean Reward= 1.507 +/- 0.577
2023-03-15 Wednesday 23:03:36: ****
2023-03-15 Wednesday 23:03:36: Episode:0 Mean Stopped= 83.530 +/- 14.586
2023-03-15 Wednesday 23:03:36: Episode:1 Mean Stopped= 71.615 +/- 12.139
2023-03-15 Wednesday 23:03:36: Episode:2 Mean Stopped= 66.446 +/- 11.969
2023-03-15 Wednesday 23:03:36: Episode:3 Mean Stopped= 67.140 +/- 13.495
2023-03-15 Wednesday 23:03:36: Episode:4 Mean Stopped= 59.474 +/- 10.183
2023-03-15 Wednesday 23:03:36: 1-Total Mean Stopped= 69.641 +/- 7.958
2023-03-15 Wednesday 23:03:36: 2-Total Mean Stopped= 69.641 +/- 12.475
2023-03-15 Wednesday 23:03:36: ****
2023-03-15 Wednesday 23:03:36: Episode:0 Mean Stopped Cross Check= 83.552 +/- 14.587
2023-03-15 Wednesday 23:03:36: Episode:1 Mean Stopped Cross Check= 71.638 +/- 12.135
2023-03-15 Wednesday 23:03:36: Episode:2 Mean Stopped Cross Check= 66.472 +/- 11.965
2023-03-15 Wednesday 23:03:36: Episode:3 Mean Stopped Cross Check= 67.167 +/- 13.491
2023-03-15 Wednesday 23:03:36: Episode:4 Mean Stopped Cross Check= 59.498 +/- 10.183
2023-03-15 Wednesday 23:03:36: 1-Total Mean Stopped Cross Check= 69.665 +/- 7.957
2023-03-15 Wednesday 23:03:36: 2-Total Mean Stopped Cross Check= 69.665 +/- 12.472
2023-03-15 Wednesday 23:03:36: ****
2023-03-15 Wednesday 23:03:36: Episode:0 Mean Waiting Time= 6348.500 +/- 6907.770
2023-03-15 Wednesday 23:03:36: Episode:1 Mean Waiting Time= 3141.409 +/- 2987.614
2023-03-15 Wednesday 23:03:36: Episode:2 Mean Waiting Time= 3560.398 +/- 4055.986
2023-03-15 Wednesday 23:03:36: Episode:3 Mean Waiting Time= 3341.030 +/- 3246.385
2023-03-15 Wednesday 23:03:36: Episode:4 Mean Waiting Time= 2677.585 +/- 2535.633
2023-03-15 Wednesday 23:03:36: 1-Total Mean Waiting Time= 3813.784 +/- 1300.425
2023-03-15 Wednesday 23:03:36: 2-Total Mean Waiting Time= 3813.784 +/- 3946.677
2023-03-15 Wednesday 23:03:36: Episode:0 Mean Avg Speed= 0.065 +/- 0.032
2023-03-15 Wednesday 23:03:36: Episode:1 Mean Avg Speed= 0.079 +/- 0.032
2023-03-15 Wednesday 23:03:36: Episode:2 Mean Avg Speed= 0.084 +/- 0.029
2023-03-15 Wednesday 23:03:36: Episode:3 Mean Avg Speed= 0.084 +/- 0.032
2023-03-15 Wednesday 23:03:36: Episode:4 Mean Avg Speed= 0.092 +/- 0.029
2023-03-15 Wednesday 23:03:36: 1-Total Mean Avg Speed= 0.081 +/- 0.009
2023-03-15 Wednesday 23:03:36: 2-Total Mean Avg Speed= 0.081 +/- 0.031
2023-03-15 Wednesday 23:03:36: Episode:0 Mean Avg Speed 2= 1.215 +/- 0.587
2023-03-15 Wednesday 23:03:36: Episode:1 Mean Avg Speed 2= 1.475 +/- 0.608
2023-03-15 Wednesday 23:03:36: Episode:2 Mean Avg Speed 2= 1.570 +/- 0.553
2023-03-15 Wednesday 23:03:36: Episode:3 Mean Avg Speed 2= 1.567 +/- 0.602
2023-03-15 Wednesday 23:03:36: Episode:4 Mean Avg Speed 2= 1.710 +/- 0.536
2023-03-15 Wednesday 23:03:36: 1-Total Mean Avg Speed 2= 1.507 +/- 0.164
2023-03-15 Wednesday 23:03:36: 2-Total Mean Avg Speed 2= 1.507 +/- 0.577
2023-03-15 Wednesday 23:03:36: Episode:0 Mean Avg Speed Cross Check= 2.108 +/- 0.667
2023-03-15 Wednesday 23:03:36: Episode:1 Mean Avg Speed Cross Check= 2.510 +/- 0.661
2023-03-15 Wednesday 23:03:36: Episode:2 Mean Avg Speed Cross Check= 2.654 +/- 0.634
2023-03-15 Wednesday 23:03:36: Episode:3 Mean Avg Speed Cross Check= 2.646 +/- 0.691
2023-03-15 Wednesday 23:03:36: Episode:4 Mean Avg Speed Cross Check= 2.867 +/- 0.588
2023-03-15 Wednesday 23:03:36: 1-Total Mean Avg Speed Cross Check= 2.557 +/- 0.252
2023-03-15 Wednesday 23:03:36: 2-Total Mean Avg Speed Cross Check= 2.557 +/- 0.648
2023-03-15 Wednesday 23:03:36: ****************************************
