2023-03-08 Wednesday 06:23:39: Run: 3 for Training experiment: DoE-37 - first seed: 370 - alpha: 0.5 - gamma: 0.8 - epsilon: 0.2 - reward: diff-waiting-time
2023-03-08 Wednesday 06:29:14: Run: 1 - First Epsilon: 0.2 - Last Epsilon: 0.2
2023-03-08 Wednesday 06:34:41: Run: 2 - First Epsilon: 0.2 - Last Epsilon: 0.2
2023-03-08 Wednesday 06:40:05: Run: 3 - First Epsilon: 0.2 - Last Epsilon: 0.2
2023-03-08 Wednesday 06:45:15: Run: 4 - First Epsilon: 0.2 - Last Epsilon: 0.2
2023-03-08 Wednesday 06:50:27: Run: 5 - First Epsilon: 0.2 - Last Epsilon: 0.2
2023-03-08 Wednesday 06:50:27: Q-Table Total Distinct States: 251
2023-03-08 Wednesday 06:50:27: Mean_reward=-0.76 +/- 0.37
2023-03-08 Wednesday 06:50:27: Mean_Stopped=72618.60 +/- 1752.31
2023-03-08 Wednesday 06:50:27: Mean_Stopped=72754.00 +/- 1759.10
2023-03-08 Wednesday 06:50:27: Mean_waiting_time=1552123.80 +/- 111058.25
2023-03-08 Wednesday 06:50:27: Mean_avg_speed=3637.76 +/- 29.80
2023-03-08 Wednesday 06:50:27: Mean_avg_speed_2=67598.73 +/- 561.64
2023-03-08 Wednesday 06:50:27: Mean_avg_speed_cross_check=79260.35 +/- 438.91
2023-03-08 Wednesday 06:50:27: ****************************************
2023-03-08 Wednesday 06:50:27: Calculation 1 - Overall 
2023-03-08 Wednesday 06:50:27: ****************************************
2023-03-08 Wednesday 06:50:27: Inner X Outer Loops Mean Reward= -0.000 +/- 0.748
2023-03-08 Wednesday 06:50:27: Inner X Outer Loops Mean Stopped= 7.261 +/- 2.408
2023-03-08 Wednesday 06:50:27: Inner X Outer Loops Mean Stopped Cross Check= 7.275 +/- 2.410
2023-03-08 Wednesday 06:50:27: Inner X Outer Loops Mean Waiting Time= 155.197 +/- 155.771
2023-03-08 Wednesday 06:50:27: Inner X Outer Loops Mean Avg Speed= 0.364 +/- 0.062
2023-03-08 Wednesday 06:50:27: Inner X Outer Loops Mean Avg Speed 2= 6.759 +/- 1.115
2023-03-08 Wednesday 06:50:27: Inner X Outer Loops Mean Avg Speed Cross Check= 7.925 +/- 0.794
2023-03-08 Wednesday 06:50:27: ****************************************
2023-03-08 Wednesday 06:50:27: Calculation 2 - Per Episode
2023-03-08 Wednesday 06:50:27: ****************************************
2023-03-08 Wednesday 06:50:27: Episode:0 Mean Reward= -0.000 +/- 0.794
2023-03-08 Wednesday 06:50:27: Episode:1 Mean Reward= -0.000 +/- 0.758
2023-03-08 Wednesday 06:50:27: Episode:2 Mean Reward= -0.000 +/- 0.700
2023-03-08 Wednesday 06:50:27: Episode:3 Mean Reward= -0.000 +/- 0.729
2023-03-08 Wednesday 06:50:27: Episode:4 Mean Reward= -0.000 +/- 0.757
2023-03-08 Wednesday 06:50:27: 1-Total Mean Reward= -0.000 +/- 0.000
2023-03-08 Wednesday 06:50:27: 2-Total Mean Reward= -0.000 +/- 0.748
2023-03-08 Wednesday 06:50:27: ****
2023-03-08 Wednesday 06:50:27: Episode:0 Mean Stopped= 7.434 +/- 2.666
2023-03-08 Wednesday 06:50:27: Episode:1 Mean Stopped= 7.329 +/- 2.499
2023-03-08 Wednesday 06:50:27: Episode:2 Mean Stopped= 6.945 +/- 2.004
2023-03-08 Wednesday 06:50:27: Episode:3 Mean Stopped= 7.209 +/- 2.325
2023-03-08 Wednesday 06:50:27: Episode:4 Mean Stopped= 7.388 +/- 2.464
2023-03-08 Wednesday 06:50:27: 1-Total Mean Stopped= 7.261 +/- 0.175
2023-03-08 Wednesday 06:50:27: 2-Total Mean Stopped= 7.261 +/- 2.392
2023-03-08 Wednesday 06:50:27: ****
2023-03-08 Wednesday 06:50:27: Episode:0 Mean Stopped Cross Check= 7.448 +/- 2.667
2023-03-08 Wednesday 06:50:27: Episode:1 Mean Stopped Cross Check= 7.344 +/- 2.503
2023-03-08 Wednesday 06:50:27: Episode:2 Mean Stopped Cross Check= 6.957 +/- 2.002
2023-03-08 Wednesday 06:50:27: Episode:3 Mean Stopped Cross Check= 7.222 +/- 2.328
2023-03-08 Wednesday 06:50:27: Episode:4 Mean Stopped Cross Check= 7.402 +/- 2.467
2023-03-08 Wednesday 06:50:27: 1-Total Mean Stopped Cross Check= 7.275 +/- 0.176
2023-03-08 Wednesday 06:50:27: 2-Total Mean Stopped Cross Check= 7.275 +/- 2.393
2023-03-08 Wednesday 06:50:27: ****
2023-03-08 Wednesday 06:50:27: Episode:0 Mean Waiting Time= 170.297 +/- 210.434
2023-03-08 Wednesday 06:50:27: Episode:1 Mean Waiting Time= 160.002 +/- 144.814
2023-03-08 Wednesday 06:50:27: Episode:2 Mean Waiting Time= 137.741 +/- 112.446
2023-03-08 Wednesday 06:50:27: Episode:3 Mean Waiting Time= 148.598 +/- 142.891
2023-03-08 Wednesday 06:50:27: Episode:4 Mean Waiting Time= 159.345 +/- 149.636
2023-03-08 Wednesday 06:50:27: 1-Total Mean Waiting Time= 155.197 +/- 11.105
2023-03-08 Wednesday 06:50:27: 2-Total Mean Waiting Time= 155.197 +/- 152.044
2023-03-08 Wednesday 06:50:27: Episode:0 Mean Avg Speed= 0.361 +/- 0.064
2023-03-08 Wednesday 06:50:27: Episode:1 Mean Avg Speed= 0.363 +/- 0.063
2023-03-08 Wednesday 06:50:27: Episode:2 Mean Avg Speed= 0.369 +/- 0.058
2023-03-08 Wednesday 06:50:27: Episode:3 Mean Avg Speed= 0.365 +/- 0.061
2023-03-08 Wednesday 06:50:27: Episode:4 Mean Avg Speed= 0.361 +/- 0.062
2023-03-08 Wednesday 06:50:27: 1-Total Mean Avg Speed= 0.364 +/- 0.003
2023-03-08 Wednesday 06:50:27: 2-Total Mean Avg Speed= 0.364 +/- 0.062
2023-03-08 Wednesday 06:50:27: Episode:0 Mean Avg Speed 2= 6.714 +/- 1.154
2023-03-08 Wednesday 06:50:27: Episode:1 Mean Avg Speed 2= 6.743 +/- 1.145
2023-03-08 Wednesday 06:50:27: Episode:2 Mean Avg Speed 2= 6.862 +/- 1.040
2023-03-08 Wednesday 06:50:27: Episode:3 Mean Avg Speed 2= 6.771 +/- 1.104
2023-03-08 Wednesday 06:50:27: Episode:4 Mean Avg Speed 2= 6.707 +/- 1.122
2023-03-08 Wednesday 06:50:27: 1-Total Mean Avg Speed 2= 6.759 +/- 0.056
2023-03-08 Wednesday 06:50:27: 2-Total Mean Avg Speed 2= 6.759 +/- 1.113
2023-03-08 Wednesday 06:50:27: Episode:0 Mean Avg Speed Cross Check= 7.895 +/- 0.830
2023-03-08 Wednesday 06:50:27: Episode:1 Mean Avg Speed Cross Check= 7.907 +/- 0.817
2023-03-08 Wednesday 06:50:27: Episode:2 Mean Avg Speed Cross Check= 8.006 +/- 0.728
2023-03-08 Wednesday 06:50:27: Episode:3 Mean Avg Speed Cross Check= 7.934 +/- 0.783
2023-03-08 Wednesday 06:50:27: Episode:4 Mean Avg Speed Cross Check= 7.883 +/- 0.804
2023-03-08 Wednesday 06:50:27: 1-Total Mean Avg Speed Cross Check= 7.925 +/- 0.044
2023-03-08 Wednesday 06:50:27: 2-Total Mean Avg Speed Cross Check= 7.925 +/- 0.792
2023-03-08 Wednesday 06:50:27: ****************************************
