2023-02-27 Monday 13:23:29: Run: 1 for Training experiment: DoE-25 - first seed: 170 - alpha: 0.3 - gamma: 0.9 - epsilon: 0.2 - reward: diff-waiting-time
2023-02-27 Monday 13:28:49: Run: 1 - First Epsilon: 0.2 - Last Epsilon: 0.2
2023-02-27 Monday 13:34:24: Run: 2 - First Epsilon: 0.2 - Last Epsilon: 0.2
2023-02-27 Monday 13:39:54: Run: 3 - First Epsilon: 0.2 - Last Epsilon: 0.2
2023-02-27 Monday 13:45:12: Run: 4 - First Epsilon: 0.2 - Last Epsilon: 0.2
2023-02-27 Monday 13:50:30: Run: 5 - First Epsilon: 0.2 - Last Epsilon: 0.2
2023-02-27 Monday 13:50:30: Q-Table Total Distinct States: 315
2023-02-27 Monday 13:50:30: Mean_reward=-2.05 +/- 1.19
2023-02-27 Monday 13:50:30: Mean_Stopped=76697.60 +/- 3418.28
2023-02-27 Monday 13:50:30: Mean_Stopped=76868.20 +/- 3442.99
2023-02-27 Monday 13:50:30: Mean_waiting_time=1579394.80 +/- 103166.56
2023-02-27 Monday 13:50:30: Mean_avg_speed=3555.28 +/- 64.49
2023-02-27 Monday 13:50:30: Mean_avg_speed_2=66058.63 +/- 1181.22
2023-02-27 Monday 13:50:30: Mean_avg_speed_cross_check=78081.34 +/- 896.09
2023-02-27 Monday 13:50:30: ****************************************
2023-02-27 Monday 13:50:30: Calculation 1 - Overall 
2023-02-27 Monday 13:50:30: ****************************************
2023-02-27 Monday 13:50:30: Inner X Outer Loops Mean Reward= -0.000 +/- 0.742
2023-02-27 Monday 13:50:30: Inner X Outer Loops Mean Stopped= 7.669 +/- 2.731
2023-02-27 Monday 13:50:30: Inner X Outer Loops Mean Stopped Cross Check= 7.686 +/- 2.734
2023-02-27 Monday 13:50:30: Inner X Outer Loops Mean Waiting Time= 157.924 +/- 136.967
2023-02-27 Monday 13:50:30: Inner X Outer Loops Mean Avg Speed= 0.355 +/- 0.063
2023-02-27 Monday 13:50:30: Inner X Outer Loops Mean Avg Speed 2= 6.605 +/- 1.148
2023-02-27 Monday 13:50:30: Inner X Outer Loops Mean Avg Speed Cross Check= 7.807 +/- 0.835
2023-02-27 Monday 13:50:30: ****************************************
2023-02-27 Monday 13:50:30: Calculation 2 - Per Episode
2023-02-27 Monday 13:50:30: ****************************************
2023-02-27 Monday 13:50:30: Episode:0 Mean Reward= -0.000 +/- 0.743
2023-02-27 Monday 13:50:30: Episode:1 Mean Reward= -0.000 +/- 0.742
2023-02-27 Monday 13:50:30: Episode:2 Mean Reward= -0.000 +/- 0.781
2023-02-27 Monday 13:50:30: Episode:3 Mean Reward= -0.000 +/- 0.720
2023-02-27 Monday 13:50:30: Episode:4 Mean Reward= -0.000 +/- 0.725
2023-02-27 Monday 13:50:30: 1-Total Mean Reward= -0.000 +/- 0.000
2023-02-27 Monday 13:50:30: 2-Total Mean Reward= -0.000 +/- 0.742
2023-02-27 Monday 13:50:30: ****
2023-02-27 Monday 13:50:30: Episode:0 Mean Stopped= 7.612 +/- 3.122
2023-02-27 Monday 13:50:30: Episode:1 Mean Stopped= 7.500 +/- 2.337
2023-02-27 Monday 13:50:30: Episode:2 Mean Stopped= 8.339 +/- 3.126
2023-02-27 Monday 13:50:30: Episode:3 Mean Stopped= 7.401 +/- 2.284
2023-02-27 Monday 13:50:30: Episode:4 Mean Stopped= 7.493 +/- 2.554
2023-02-27 Monday 13:50:30: 1-Total Mean Stopped= 7.669 +/- 0.342
2023-02-27 Monday 13:50:30: 2-Total Mean Stopped= 7.669 +/- 2.685
2023-02-27 Monday 13:50:30: ****
2023-02-27 Monday 13:50:30: Episode:0 Mean Stopped Cross Check= 7.628 +/- 3.123
2023-02-27 Monday 13:50:30: Episode:1 Mean Stopped Cross Check= 7.516 +/- 2.337
2023-02-27 Monday 13:50:30: Episode:2 Mean Stopped Cross Check= 8.361 +/- 3.131
2023-02-27 Monday 13:50:30: Episode:3 Mean Stopped Cross Check= 7.416 +/- 2.288
2023-02-27 Monday 13:50:30: Episode:4 Mean Stopped Cross Check= 7.509 +/- 2.557
2023-02-27 Monday 13:50:30: 1-Total Mean Stopped Cross Check= 7.686 +/- 0.344
2023-02-27 Monday 13:50:30: 2-Total Mean Stopped Cross Check= 7.686 +/- 2.687
2023-02-27 Monday 13:50:30: ****
2023-02-27 Monday 13:50:30: Episode:0 Mean Waiting Time= 156.548 +/- 149.261
2023-02-27 Monday 13:50:30: Episode:1 Mean Waiting Time= 155.827 +/- 129.060
2023-02-27 Monday 13:50:30: Episode:2 Mean Waiting Time= 177.631 +/- 158.300
2023-02-27 Monday 13:50:30: Episode:3 Mean Waiting Time= 148.133 +/- 114.325
2023-02-27 Monday 13:50:30: Episode:4 Mean Waiting Time= 151.480 +/- 127.296
2023-02-27 Monday 13:50:30: 1-Total Mean Waiting Time= 157.924 +/- 10.316
2023-02-27 Monday 13:50:30: 2-Total Mean Waiting Time= 157.924 +/- 135.648
2023-02-27 Monday 13:50:30: Episode:0 Mean Avg Speed= 0.359 +/- 0.067
2023-02-27 Monday 13:50:30: Episode:1 Mean Avg Speed= 0.357 +/- 0.059
2023-02-27 Monday 13:50:30: Episode:2 Mean Avg Speed= 0.343 +/- 0.066
2023-02-27 Monday 13:50:30: Episode:3 Mean Avg Speed= 0.360 +/- 0.060
2023-02-27 Monday 13:50:30: Episode:4 Mean Avg Speed= 0.359 +/- 0.063
2023-02-27 Monday 13:50:30: 1-Total Mean Avg Speed= 0.355 +/- 0.006
2023-02-27 Monday 13:50:30: 2-Total Mean Avg Speed= 0.355 +/- 0.063
2023-02-27 Monday 13:50:30: Episode:0 Mean Avg Speed 2= 6.667 +/- 1.210
2023-02-27 Monday 13:50:30: Episode:1 Mean Avg Speed 2= 6.639 +/- 1.083
2023-02-27 Monday 13:50:30: Episode:2 Mean Avg Speed 2= 6.371 +/- 1.195
2023-02-27 Monday 13:50:30: Episode:3 Mean Avg Speed 2= 6.687 +/- 1.075
2023-02-27 Monday 13:50:30: Episode:4 Mean Avg Speed 2= 6.662 +/- 1.139
2023-02-27 Monday 13:50:30: 1-Total Mean Avg Speed 2= 6.605 +/- 0.118
2023-02-27 Monday 13:50:30: 2-Total Mean Avg Speed 2= 6.605 +/- 1.140
2023-02-27 Monday 13:50:30: Episode:0 Mean Avg Speed Cross Check= 7.844 +/- 0.884
2023-02-27 Monday 13:50:30: Episode:1 Mean Avg Speed Cross Check= 7.842 +/- 0.782
2023-02-27 Monday 13:50:30: Episode:2 Mean Avg Speed Cross Check= 7.629 +/- 0.887
2023-02-27 Monday 13:50:30: Episode:3 Mean Avg Speed Cross Check= 7.872 +/- 0.769
2023-02-27 Monday 13:50:30: Episode:4 Mean Avg Speed Cross Check= 7.849 +/- 0.823
2023-02-27 Monday 13:50:30: 1-Total Mean Avg Speed Cross Check= 7.807 +/- 0.090
2023-02-27 Monday 13:50:30: 2-Total Mean Avg Speed Cross Check= 7.807 +/- 0.829
2023-02-27 Monday 13:50:30: ****************************************
