2023-04-13 Thursday 22:08:07: Run: 1 for Training experiment: DE-1 - route: ../nets/roundabout/input_routes_roundabout_auto_v1-1.rou.xml - first seed: 170 - alpha: 0.5 - gamma: 0.99 - epsilon: 0.2 - reward: diff-waiting-time
2023-04-13 Thursday 22:18:04: Run: 1 - First Epsilon: 0.2 - Last Epsilon: 0.2
2023-04-13 Thursday 22:27:35: Run: 2 - First Epsilon: 0.2 - Last Epsilon: 0.2
2023-04-13 Thursday 22:37:45: Run: 3 - First Epsilon: 0.2 - Last Epsilon: 0.2
2023-04-13 Thursday 22:47:20: Run: 4 - First Epsilon: 0.2 - Last Epsilon: 0.2
2023-04-13 Thursday 22:56:53: Run: 5 - First Epsilon: 0.2 - Last Epsilon: 0.2
2023-04-13 Thursday 22:56:53: Q-Table Total Distinct States: 237
2023-04-13 Thursday 22:56:53: Mean_reward=-2.84 +/- 1.92
2023-04-13 Thursday 22:56:53: Mean_Stopped=75693.20 +/- 929.52
2023-04-13 Thursday 22:56:53: Mean_Stopped=75843.40 +/- 933.94
2023-04-13 Thursday 22:56:53: Mean_waiting_time=1982684.80 +/- 72251.52
2023-04-13 Thursday 22:56:53: Mean_avg_speed=3577.82 +/- 19.72
2023-04-13 Thursday 22:56:53: Mean_avg_speed_2=66466.18 +/- 342.33
2023-04-13 Thursday 22:56:53: Mean_avg_speed_cross_check=78480.57 +/- 256.34
2023-04-13 Thursday 22:56:53: Mean_average_co2_emission_tl=30910806.48 +/- 28913.29
2023-04-13 Thursday 22:56:53: Mean_average_co_emission_tl=963719.21 +/- 2896.46
2023-04-13 Thursday 22:56:53: Mean_average_fuel_consumption_tl=13287.60 +/- 12.43
2023-04-13 Thursday 22:56:53: Mean_average_noise_emission_tl=605047.33 +/- 218.16
2023-04-13 Thursday 22:56:53: Mean_average_co2_emission=25674365.47 +/- 8080.22
2023-04-13 Thursday 22:56:53: Mean_average_co_emission=677336.28 +/- 2690.89
2023-04-13 Thursday 22:56:53: Mean_average_fuel_consumptions=11036.60 +/- 3.47
2023-04-13 Thursday 22:56:53: Mean_average_noise_emissions=611459.42 +/- 154.98
2023-04-13 Thursday 22:56:53: ****************************************
2023-04-13 Thursday 22:56:53: Calculation 1 - Overall 
2023-04-13 Thursday 22:56:53: ****************************************
2023-04-13 Thursday 22:56:53: Inner X Outer Loops Mean Reward= -0.000 +/- 0.858
2023-04-13 Thursday 22:56:53: Inner X Outer Loops Mean Stopped= 7.569 +/- 2.392
2023-04-13 Thursday 22:56:53: Inner X Outer Loops Mean Stopped Cross Check= 7.584 +/- 2.392
2023-04-13 Thursday 22:56:53: Inner X Outer Loops Mean Waiting Time= 198.249 +/- 198.433
2023-04-13 Thursday 22:56:53: Inner X Outer Loops Mean Avg Speed= 0.358 +/- 0.059
2023-04-13 Thursday 22:56:53: Inner X Outer Loops Mean Avg Speed 2= 6.646 +/- 1.063
2023-04-13 Thursday 22:56:53: Inner X Outer Loops Mean Avg Speed Cross Check= 7.847 +/- 0.764
2023-04-13 Thursday 22:56:53: Inner X Outer Loops Mean Average CO2 Emission TL= 3090.772 +/- 229.591
2023-04-13 Thursday 22:56:53: Inner X Outer Loops Mean Average CO Emission TL= 96.362 +/- 9.779
2023-04-13 Thursday 22:56:53: Inner X Outer Loops Mean Average Fuel Consumption TL= 1.329 +/- 0.099
2023-04-13 Thursday 22:56:53: Inner X Outer Loops Mean Average Noise Emission TL= 60.499 +/- 1.075
2023-04-13 Thursday 22:56:53: Inner X Outer Loops Mean Average CO2 Emission= 2567.180 +/- 203.405
2023-04-13 Thursday 22:56:53: Inner X Outer Loops Mean Average CO Emission= 67.727 +/- 8.708
2023-04-13 Thursday 22:56:53: Inner X Outer Loops Mean Average Fuel Consumptions= 1.104 +/- 0.087
2023-04-13 Thursday 22:56:53: Inner X Outer Loops Mean Average Noise Emissions= 61.140 +/- 0.701
2023-04-13 Thursday 22:56:53: ****************************************
2023-04-13 Thursday 22:56:53: Calculation 2 - Per Episode
2023-04-13 Thursday 22:56:53: ****************************************
2023-04-13 Thursday 22:56:53: Episode:0 Mean Reward= -0.000 +/- 0.863
2023-04-13 Thursday 22:56:53: Episode:1 Mean Reward= -0.001 +/- 0.885
2023-04-13 Thursday 22:56:53: Episode:2 Mean Reward= -0.000 +/- 0.841
2023-04-13 Thursday 22:56:53: Episode:3 Mean Reward= -0.000 +/- 0.866
2023-04-13 Thursday 22:56:53: Episode:4 Mean Reward= -0.000 +/- 0.833
2023-04-13 Thursday 22:56:53: 1-Total Mean Reward= -0.000 +/- 0.000
2023-04-13 Thursday 22:56:53: 2-Total Mean Reward= -0.000 +/- 0.857
2023-04-13 Thursday 22:56:53: ****
2023-04-13 Thursday 22:56:53: Episode:0 Mean Stopped= 7.663 +/- 2.848
2023-04-13 Thursday 22:56:53: Episode:1 Mean Stopped= 7.511 +/- 2.325
2023-04-13 Thursday 22:56:53: Episode:2 Mean Stopped= 7.696 +/- 2.277
2023-04-13 Thursday 22:56:53: Episode:3 Mean Stopped= 7.511 +/- 2.198
2023-04-13 Thursday 22:56:53: Episode:4 Mean Stopped= 7.462 +/- 2.243
2023-04-13 Thursday 22:56:53: 1-Total Mean Stopped= 7.569 +/- 0.093
2023-04-13 Thursday 22:56:53: 2-Total Mean Stopped= 7.569 +/- 2.378
2023-04-13 Thursday 22:56:53: ****
2023-04-13 Thursday 22:56:53: Episode:0 Mean Stopped Cross Check= 7.678 +/- 2.847
2023-04-13 Thursday 22:56:53: Episode:1 Mean Stopped Cross Check= 7.527 +/- 2.325
2023-04-13 Thursday 22:56:53: Episode:2 Mean Stopped Cross Check= 7.712 +/- 2.277
2023-04-13 Thursday 22:56:53: Episode:3 Mean Stopped Cross Check= 7.526 +/- 2.197
2023-04-13 Thursday 22:56:53: Episode:4 Mean Stopped Cross Check= 7.476 +/- 2.243
2023-04-13 Thursday 22:56:53: 1-Total Mean Stopped Cross Check= 7.584 +/- 0.093
2023-04-13 Thursday 22:56:53: 2-Total Mean Stopped Cross Check= 7.584 +/- 2.378
2023-04-13 Thursday 22:56:53: ****
2023-04-13 Thursday 22:56:53: Episode:0 Mean Waiting Time= 200.332 +/- 232.233
2023-04-13 Thursday 22:56:53: Episode:1 Mean Waiting Time= 208.812 +/- 210.121
2023-04-13 Thursday 22:56:53: Episode:2 Mean Waiting Time= 192.783 +/- 177.611
2023-04-13 Thursday 22:56:53: Episode:3 Mean Waiting Time= 201.343 +/- 193.444
2023-04-13 Thursday 22:56:53: Episode:4 Mean Waiting Time= 187.973 +/- 171.956
2023-04-13 Thursday 22:56:53: 1-Total Mean Waiting Time= 198.249 +/- 7.224
2023-04-13 Thursday 22:56:53: 2-Total Mean Waiting Time= 198.249 +/- 197.073
2023-04-13 Thursday 22:56:53: Episode:0 Mean Avg Speed= 0.357 +/- 0.062
2023-04-13 Thursday 22:56:53: Episode:1 Mean Avg Speed= 0.359 +/- 0.059
2023-04-13 Thursday 22:56:53: Episode:2 Mean Avg Speed= 0.354 +/- 0.057
2023-04-13 Thursday 22:56:53: Episode:3 Mean Avg Speed= 0.359 +/- 0.057
2023-04-13 Thursday 22:56:53: Episode:4 Mean Avg Speed= 0.360 +/- 0.058
2023-04-13 Thursday 22:56:53: 1-Total Mean Avg Speed= 0.358 +/- 0.002
2023-04-13 Thursday 22:56:53: 2-Total Mean Avg Speed= 0.358 +/- 0.059
2023-04-13 Thursday 22:56:53: Episode:0 Mean Avg Speed 2= 6.637 +/- 1.130
2023-04-13 Thursday 22:56:53: Episode:1 Mean Avg Speed 2= 6.672 +/- 1.063
2023-04-13 Thursday 22:56:53: Episode:2 Mean Avg Speed 2= 6.583 +/- 1.033
2023-04-13 Thursday 22:56:53: Episode:3 Mean Avg Speed 2= 6.660 +/- 1.031
2023-04-13 Thursday 22:56:53: Episode:4 Mean Avg Speed 2= 6.678 +/- 1.052
2023-04-13 Thursday 22:56:53: 1-Total Mean Avg Speed 2= 6.646 +/- 0.034
2023-04-13 Thursday 22:56:53: 2-Total Mean Avg Speed 2= 6.646 +/- 1.062
2023-04-13 Thursday 22:56:53: Episode:0 Mean Avg Speed Cross Check= 7.830 +/- 0.825
2023-04-13 Thursday 22:56:53: Episode:1 Mean Avg Speed Cross Check= 7.869 +/- 0.760
2023-04-13 Thursday 22:56:53: Episode:2 Mean Avg Speed Cross Check= 7.806 +/- 0.743
2023-04-13 Thursday 22:56:53: Episode:3 Mean Avg Speed Cross Check= 7.858 +/- 0.737
2023-04-13 Thursday 22:56:53: Episode:4 Mean Avg Speed Cross Check= 7.874 +/- 0.751
2023-04-13 Thursday 22:56:53: 1-Total Mean Avg Speed Cross Check= 7.847 +/- 0.026
2023-04-13 Thursday 22:56:53: 2-Total Mean Avg Speed Cross Check= 7.847 +/- 0.763
2023-04-13 Thursday 22:56:53: Episode:0 Mean Average CO2 Emission TL= 3089.239 +/- 231.982
2023-04-13 Thursday 22:56:53: Episode:1 Mean Average CO2 Emission TL= 3094.426 +/- 230.864
2023-04-13 Thursday 22:56:53: Episode:2 Mean Average CO2 Emission TL= 3086.190 +/- 226.917
2023-04-13 Thursday 22:56:53: Episode:3 Mean Average CO2 Emission TL= 3090.983 +/- 227.249
2023-04-13 Thursday 22:56:53: Episode:4 Mean Average CO2 Emission TL= 3093.019 +/- 230.807
2023-04-13 Thursday 22:56:53: 1-Total Mean Average CO2 Emission TL= 3090.772 +/- 2.891
2023-04-13 Thursday 22:56:53: 2-Total Mean Average CO2 Emission TL= 3090.772 +/- 229.564
2023-04-13 Thursday 22:56:53: Episode:0 Mean Average CO Emission TL= 96.402 +/- 10.364
2023-04-13 Thursday 22:56:53: Episode:1 Mean Average CO Emission TL= 96.202 +/- 9.751
2023-04-13 Thursday 22:56:53: Episode:2 Mean Average CO Emission TL= 96.896 +/- 9.608
2023-04-13 Thursday 22:56:53: Episode:3 Mean Average CO Emission TL= 96.260 +/- 9.575
2023-04-13 Thursday 22:56:53: Episode:4 Mean Average CO Emission TL= 96.052 +/- 9.554
2023-04-13 Thursday 22:56:53: 1-Total Mean Average CO Emission TL= 96.362 +/- 0.290
2023-04-13 Thursday 22:56:53: 2-Total Mean Average CO Emission TL= 96.362 +/- 9.770
2023-04-13 Thursday 22:56:53: Episode:0 Mean Average Fuel Consumption TL= 1.328 +/- 0.100
2023-04-13 Thursday 22:56:53: Episode:1 Mean Average Fuel Consumption TL= 1.330 +/- 0.099
2023-04-13 Thursday 22:56:53: Episode:2 Mean Average Fuel Consumption TL= 1.327 +/- 0.098
2023-04-13 Thursday 22:56:53: Episode:3 Mean Average Fuel Consumption TL= 1.329 +/- 0.098
2023-04-13 Thursday 22:56:53: Episode:4 Mean Average Fuel Consumption TL= 1.330 +/- 0.099
2023-04-13 Thursday 22:56:53: 1-Total Mean Average Fuel Consumption TL= 1.329 +/- 0.001
2023-04-13 Thursday 22:56:53: 2-Total Mean Average Fuel Consumption TL= 1.329 +/- 0.099
2023-04-13 Thursday 22:56:53: Episode:0 Mean Average Noise Emission TL= 60.494 +/- 1.104
2023-04-13 Thursday 22:56:53: Episode:1 Mean Average Noise Emission TL= 60.514 +/- 1.081
2023-04-13 Thursday 22:56:53: Episode:2 Mean Average Noise Emission TL= 60.458 +/- 1.060
2023-04-13 Thursday 22:56:53: Episode:3 Mean Average Noise Emission TL= 60.510 +/- 1.048
2023-04-13 Thursday 22:56:53: Episode:4 Mean Average Noise Emission TL= 60.517 +/- 1.080
2023-04-13 Thursday 22:56:53: 1-Total Mean Average Noise Emission TL= 60.499 +/- 0.022
2023-04-13 Thursday 22:56:53: 2-Total Mean Average Noise Emission TL= 60.499 +/- 1.075
2023-04-13 Thursday 22:56:53: Episode:0 Mean Average CO2 Emission= 2566.673 +/- 203.767
2023-04-13 Thursday 22:56:53: Episode:1 Mean Average CO2 Emission= 2567.916 +/- 202.969
2023-04-13 Thursday 22:56:53: Episode:2 Mean Average CO2 Emission= 2568.357 +/- 201.746
2023-04-13 Thursday 22:56:53: Episode:3 Mean Average CO2 Emission= 2566.264 +/- 203.296
2023-04-13 Thursday 22:56:53: Episode:4 Mean Average CO2 Emission= 2566.689 +/- 205.223
2023-04-13 Thursday 22:56:53: 1-Total Mean Average CO2 Emission= 2567.180 +/- 0.808
2023-04-13 Thursday 22:56:53: 2-Total Mean Average CO2 Emission= 2567.180 +/- 203.400
2023-04-13 Thursday 22:56:53: Episode:0 Mean Average CO Emission= 67.868 +/- 9.439
2023-04-13 Thursday 22:56:53: Episode:1 Mean Average CO Emission= 67.554 +/- 8.625
2023-04-13 Thursday 22:56:53: Episode:2 Mean Average CO Emission= 68.181 +/- 8.447
2023-04-13 Thursday 22:56:53: Episode:3 Mean Average CO Emission= 67.607 +/- 8.471
2023-04-13 Thursday 22:56:53: Episode:4 Mean Average CO Emission= 67.424 +/- 8.499
2023-04-13 Thursday 22:56:53: 1-Total Mean Average CO Emission= 67.727 +/- 0.269
2023-04-13 Thursday 22:56:53: 2-Total Mean Average CO Emission= 67.727 +/- 8.696
2023-04-13 Thursday 22:56:53: Episode:0 Mean Average Fuel Consumption= 1.103 +/- 0.088
2023-04-13 Thursday 22:56:53: Episode:1 Mean Average Fuel Consumption= 1.104 +/- 0.087
2023-04-13 Thursday 22:56:53: Episode:2 Mean Average Fuel Consumption= 1.104 +/- 0.087
2023-04-13 Thursday 22:56:53: Episode:3 Mean Average Fuel Consumption= 1.103 +/- 0.087
2023-04-13 Thursday 22:56:53: Episode:4 Mean Average Fuel Consumption= 1.103 +/- 0.088
2023-04-13 Thursday 22:56:53: 1-Total Mean Average Fuel Consumption= 1.104 +/- 0.000
2023-04-13 Thursday 22:56:53: 2-Total Mean Average Fuel Consumption= 1.104 +/- 0.087
2023-04-13 Thursday 22:56:53: Episode:0 Mean Average Noise Emission= 61.130 +/- 0.728
2023-04-13 Thursday 22:56:53: Episode:1 Mean Average Noise Emission= 61.152 +/- 0.703
2023-04-13 Thursday 22:56:53: Episode:2 Mean Average Noise Emission= 61.114 +/- 0.692
2023-04-13 Thursday 22:56:53: Episode:3 Mean Average Noise Emission= 61.148 +/- 0.682
2023-04-13 Thursday 22:56:53: Episode:4 Mean Average Noise Emission= 61.155 +/- 0.698
2023-04-13 Thursday 22:56:53: 1-Total Mean Average Noise Emission= 61.140 +/- 0.015
2023-04-13 Thursday 22:56:53: 2-Total Mean Average Noise Emission= 61.140 +/- 0.701
2023-04-13 Thursday 22:56:53: ****************************************
