2023-03-03 Friday 10:30:54: Run: 2 for Training experiment: DoE-13 - first seed: 270 - alpha: 0.1 - gamma: 0.99 - epsilon: 0.2 - reward: diff-waiting-time
2023-03-03 Friday 10:36:40: Run: 1 - First Epsilon: 0.2 - Last Epsilon: 0.2
2023-03-03 Friday 10:42:01: Run: 2 - First Epsilon: 0.2 - Last Epsilon: 0.2
2023-03-03 Friday 10:47:21: Run: 3 - First Epsilon: 0.2 - Last Epsilon: 0.2
2023-03-03 Friday 10:52:26: Run: 4 - First Epsilon: 0.2 - Last Epsilon: 0.2
2023-03-03 Friday 10:57:53: Run: 5 - First Epsilon: 0.2 - Last Epsilon: 0.2
2023-03-03 Friday 10:57:53: Q-Table Total Distinct States: 386
2023-03-03 Friday 10:57:53: Mean_reward=-1.27 +/- 0.70
2023-03-03 Friday 10:57:53: Mean_Stopped=72469.60 +/- 9305.26
2023-03-03 Friday 10:57:53: Mean_Stopped=72575.40 +/- 9323.37
2023-03-03 Friday 10:57:53: Mean_waiting_time=1483622.00 +/- 334022.35
2023-03-03 Friday 10:57:53: Mean_avg_speed=3675.84 +/- 131.85
2023-03-03 Friday 10:57:53: Mean_avg_speed_2=68323.54 +/- 2417.28
2023-03-03 Friday 10:57:53: Mean_avg_speed_cross_check=79682.76 +/- 1910.92
2023-03-03 Friday 10:57:53: ****************************************
2023-03-03 Friday 10:57:53: Calculation 1 - Overall 
2023-03-03 Friday 10:57:53: ****************************************
2023-03-03 Friday 10:57:53: Inner X Outer Loops Mean Reward= -0.000 +/- 0.722
2023-03-03 Friday 10:57:53: Inner X Outer Loops Mean Stopped= 7.246 +/- 3.247
2023-03-03 Friday 10:57:53: Inner X Outer Loops Mean Stopped Cross Check= 7.257 +/- 3.250
2023-03-03 Friday 10:57:53: Inner X Outer Loops Mean Waiting Time= 148.347 +/- 169.108
2023-03-03 Friday 10:57:53: Inner X Outer Loops Mean Avg Speed= 0.368 +/- 0.066
2023-03-03 Friday 10:57:53: Inner X Outer Loops Mean Avg Speed 2= 6.832 +/- 1.209
2023-03-03 Friday 10:57:53: Inner X Outer Loops Mean Avg Speed Cross Check= 7.967 +/- 0.882
2023-03-03 Friday 10:57:53: ****************************************
2023-03-03 Friday 10:57:53: Calculation 2 - Per Episode
2023-03-03 Friday 10:57:53: ****************************************
2023-03-03 Friday 10:57:53: Episode:0 Mean Reward= -0.000 +/- 0.860
2023-03-03 Friday 10:57:53: Episode:1 Mean Reward= -0.000 +/- 0.642
2023-03-03 Friday 10:57:53: Episode:2 Mean Reward= -0.000 +/- 0.681
2023-03-03 Friday 10:57:53: Episode:3 Mean Reward= -0.000 +/- 0.681
2023-03-03 Friday 10:57:53: Episode:4 Mean Reward= -0.000 +/- 0.727
2023-03-03 Friday 10:57:53: 1-Total Mean Reward= -0.000 +/- 0.000
2023-03-03 Friday 10:57:53: 2-Total Mean Reward= -0.000 +/- 0.718
2023-03-03 Friday 10:57:53: ****
2023-03-03 Friday 10:57:53: Episode:0 Mean Stopped= 9.059 +/- 5.493
2023-03-03 Friday 10:57:53: Episode:1 Mean Stopped= 6.569 +/- 2.073
2023-03-03 Friday 10:57:53: Episode:2 Mean Stopped= 6.597 +/- 2.036
2023-03-03 Friday 10:57:53: Episode:3 Mean Stopped= 6.856 +/- 2.309
2023-03-03 Friday 10:57:53: Episode:4 Mean Stopped= 7.150 +/- 2.109
2023-03-03 Friday 10:57:53: 1-Total Mean Stopped= 7.246 +/- 0.930
2023-03-03 Friday 10:57:53: 2-Total Mean Stopped= 7.246 +/- 2.804
2023-03-03 Friday 10:57:53: ****
2023-03-03 Friday 10:57:53: Episode:0 Mean Stopped Cross Check= 9.073 +/- 5.497
2023-03-03 Friday 10:57:53: Episode:1 Mean Stopped Cross Check= 6.576 +/- 2.075
2023-03-03 Friday 10:57:53: Episode:2 Mean Stopped Cross Check= 6.607 +/- 2.037
2023-03-03 Friday 10:57:53: Episode:3 Mean Stopped Cross Check= 6.865 +/- 2.313
2023-03-03 Friday 10:57:53: Episode:4 Mean Stopped Cross Check= 7.164 +/- 2.110
2023-03-03 Friday 10:57:53: 1-Total Mean Stopped Cross Check= 7.257 +/- 0.932
2023-03-03 Friday 10:57:53: 2-Total Mean Stopped Cross Check= 7.257 +/- 2.806
2023-03-03 Friday 10:57:53: ****
2023-03-03 Friday 10:57:53: Episode:0 Mean Waiting Time= 212.218 +/- 282.761
2023-03-03 Friday 10:57:53: Episode:1 Mean Waiting Time= 117.760 +/- 87.476
2023-03-03 Friday 10:57:53: Episode:2 Mean Waiting Time= 130.490 +/- 122.500
2023-03-03 Friday 10:57:53: Episode:3 Mean Waiting Time= 132.746 +/- 118.680
2023-03-03 Friday 10:57:53: Episode:4 Mean Waiting Time= 148.522 +/- 143.923
2023-03-03 Friday 10:57:53: 1-Total Mean Waiting Time= 148.347 +/- 33.399
2023-03-03 Friday 10:57:53: 2-Total Mean Waiting Time= 148.347 +/- 151.068
2023-03-03 Friday 10:57:53: Episode:0 Mean Avg Speed= 0.343 +/- 0.082
2023-03-03 Friday 10:57:53: Episode:1 Mean Avg Speed= 0.379 +/- 0.060
2023-03-03 Friday 10:57:53: Episode:2 Mean Avg Speed= 0.378 +/- 0.060
2023-03-03 Friday 10:57:53: Episode:3 Mean Avg Speed= 0.373 +/- 0.063
2023-03-03 Friday 10:57:53: Episode:4 Mean Avg Speed= 0.365 +/- 0.058
2023-03-03 Friday 10:57:53: 1-Total Mean Avg Speed= 0.368 +/- 0.013
2023-03-03 Friday 10:57:53: 2-Total Mean Avg Speed= 0.368 +/- 0.065
2023-03-03 Friday 10:57:53: Episode:0 Mean Avg Speed 2= 6.380 +/- 1.498
2023-03-03 Friday 10:57:53: Episode:1 Mean Avg Speed 2= 7.037 +/- 1.099
2023-03-03 Friday 10:57:53: Episode:2 Mean Avg Speed 2= 7.018 +/- 1.082
2023-03-03 Friday 10:57:53: Episode:3 Mean Avg Speed 2= 6.930 +/- 1.138
2023-03-03 Friday 10:57:53: Episode:4 Mean Avg Speed 2= 6.794 +/- 1.047
2023-03-03 Friday 10:57:53: 1-Total Mean Avg Speed 2= 6.832 +/- 0.242
2023-03-03 Friday 10:57:53: 2-Total Mean Avg Speed 2= 6.832 +/- 1.173
2023-03-03 Friday 10:57:53: Episode:0 Mean Avg Speed Cross Check= 7.604 +/- 1.184
2023-03-03 Friday 10:57:53: Episode:1 Mean Avg Speed Cross Check= 8.122 +/- 0.758
2023-03-03 Friday 10:57:53: Episode:2 Mean Avg Speed Cross Check= 8.109 +/- 0.743
2023-03-03 Friday 10:57:53: Episode:3 Mean Avg Speed Cross Check= 8.046 +/- 0.798
2023-03-03 Friday 10:57:53: Episode:4 Mean Avg Speed Cross Check= 7.957 +/- 0.734
2023-03-03 Friday 10:57:53: 1-Total Mean Avg Speed Cross Check= 7.967 +/- 0.191
2023-03-03 Friday 10:57:53: 2-Total Mean Avg Speed Cross Check= 7.967 +/- 0.843
2023-03-03 Friday 10:57:53: ****************************************
