2023-02-06 Monday 18:33:28 root:INFO:Total Missing States: 0
2023-02-06 Monday 18:33:28 root:INFO:Mean Reward=-689.54 +/- 0.00
2023-02-06 Monday 18:33:28 root:INFO:Mean Stopped=1440132.00 +/- 0.00
2023-02-06 Monday 18:33:28 root:INFO:Mean Waiting Time=642220302.00 +/- 0.00
2023-02-06 Monday 18:33:28 root:INFO:****************************************
2023-02-06 Monday 18:33:28 root:INFO:Calculation 1 - Overall 
2023-02-06 Monday 18:33:28 root:INFO:****************************************
2023-02-06 Monday 18:33:28 root:INFO:Inner X Outer Loops Mean Reward=-0.069 +/- 5.062
2023-02-06 Monday 18:33:28 root:INFO:Inner X Outer Loops Mean Stopped= 143.999 +/- 24.796
2023-02-06 Monday 18:33:28 root:INFO:Inner X Outer Loops Mean Waiting Time= 64215.609 +/- 14331.088
2023-02-06 Monday 18:33:28 root:INFO:****************************************
2023-02-06 Monday 18:33:28 root:INFO:Calculation 2 - Per Episode
2023-02-06 Monday 18:33:28 root:INFO:****************************************
2023-02-06 Monday 18:33:28 root:INFO:Episode:0 Mean Waiting Time=-0.069 +/- 5.062
2023-02-06 Monday 18:33:28 root:INFO:Episode:1 Mean Waiting Time=-0.069 +/- 5.062
2023-02-06 Monday 18:33:28 root:INFO:Episode:2 Mean Waiting Time=-0.069 +/- 5.062
2023-02-06 Monday 18:33:28 root:INFO:Episode:3 Mean Waiting Time=-0.069 +/- 5.062
2023-02-06 Monday 18:33:28 root:INFO:Episode:4 Mean Waiting Time=-0.069 +/- 5.062
2023-02-06 Monday 18:33:28 root:INFO:1-Total Mean Reward= -0.069 +/- 0.000
2023-02-06 Monday 18:33:28 root:INFO:2-Total Mean Reward= -0.069 +/- 5.062
2023-02-06 Monday 18:33:28 root:INFO:****
2023-02-06 Monday 18:33:28 root:INFO:Episode:0 Mean Stopped= 143.999 +/- 24.796
2023-02-06 Monday 18:33:28 root:INFO:Episode:1 Mean Stopped= 143.999 +/- 24.796
2023-02-06 Monday 18:33:28 root:INFO:Episode:2 Mean Stopped= 143.999 +/- 24.796
2023-02-06 Monday 18:33:28 root:INFO:Episode:3 Mean Stopped= 143.999 +/- 24.796
2023-02-06 Monday 18:33:28 root:INFO:Episode:4 Mean Stopped= 143.999 +/- 24.796
2023-02-06 Monday 18:33:28 root:INFO:1-Total Mean Stopped= 143.999 +/- 0.000
2023-02-06 Monday 18:33:28 root:INFO:2-Total Mean Stopped= 143.999 +/- 24.796
2023-02-06 Monday 18:33:28 root:INFO:****
2023-02-06 Monday 18:33:28 root:INFO:Episode:0 Mean Waiting Time= 64215.609 +/- 14331.088
2023-02-06 Monday 18:33:28 root:INFO:Episode:1 Mean Waiting Time= 64215.609 +/- 14331.088
2023-02-06 Monday 18:33:28 root:INFO:Episode:2 Mean Waiting Time= 64215.609 +/- 14331.088
2023-02-06 Monday 18:33:28 root:INFO:Episode:3 Mean Waiting Time= 64215.609 +/- 14331.088
2023-02-06 Monday 18:33:28 root:INFO:Episode:4 Mean Waiting Time= 64215.609 +/- 14331.088
2023-02-06 Monday 18:33:28 root:INFO:1-Total Mean Waiting Time= 64215.609 +/- 0.000
2023-02-06 Monday 18:33:28 root:INFO:2-Total Mean Waiting Time= 64215.609 +/- 14331.088
2023-02-06 Monday 18:33:28 root:INFO:****************************************
