2023-03-05 Sunday 22:31:24: Run: 2 for Training experiment: DoE-53 - first seed: 270 - alpha: 0.5 - gamma: 0.99 - epsilon: 0.4 - reward: diff-waiting-time
2023-03-05 Sunday 22:37:39: Run: 1 - First Epsilon: 0.4 - Last Epsilon: 0.4
2023-03-05 Sunday 22:43:55: Run: 2 - First Epsilon: 0.4 - Last Epsilon: 0.4
2023-03-05 Sunday 22:49:22: Run: 3 - First Epsilon: 0.4 - Last Epsilon: 0.4
2023-03-05 Sunday 22:54:49: Run: 4 - First Epsilon: 0.4 - Last Epsilon: 0.4
2023-03-05 Sunday 23:00:19: Run: 5 - First Epsilon: 0.4 - Last Epsilon: 0.4
2023-03-05 Sunday 23:00:19: Q-Table Total Distinct States: 521
2023-03-05 Sunday 23:00:19: Mean_reward=-2.64 +/- 1.72
2023-03-05 Sunday 23:00:19: Mean_Stopped=93239.20 +/- 11481.86
2023-03-05 Sunday 23:00:19: Mean_Stopped=93397.20 +/- 11482.76
2023-03-05 Sunday 23:00:19: Mean_waiting_time=2416286.40 +/- 490077.69
2023-03-05 Sunday 23:00:19: Mean_avg_speed=3308.40 +/- 110.70
2023-03-05 Sunday 23:00:19: Mean_avg_speed_2=61504.38 +/- 2015.24
2023-03-05 Sunday 23:00:19: Mean_avg_speed_cross_check=74573.27 +/- 1768.23
2023-03-05 Sunday 23:00:19: ****************************************
2023-03-05 Sunday 23:00:19: Calculation 1 - Overall 
2023-03-05 Sunday 23:00:19: ****************************************
2023-03-05 Sunday 23:00:19: Inner X Outer Loops Mean Reward= -0.000 +/- 0.936
2023-03-05 Sunday 23:00:19: Inner X Outer Loops Mean Stopped= 9.323 +/- 4.583
2023-03-05 Sunday 23:00:19: Inner X Outer Loops Mean Stopped Cross Check= 9.339 +/- 4.584
2023-03-05 Sunday 23:00:19: Inner X Outer Loops Mean Waiting Time= 241.604 +/- 248.324
2023-03-05 Sunday 23:00:19: Inner X Outer Loops Mean Avg Speed= 0.331 +/- 0.067
2023-03-05 Sunday 23:00:19: Inner X Outer Loops Mean Avg Speed 2= 6.150 +/- 1.224
2023-03-05 Sunday 23:00:19: Inner X Outer Loops Mean Avg Speed Cross Check= 7.457 +/- 0.974
2023-03-05 Sunday 23:00:19: ****************************************
2023-03-05 Sunday 23:00:19: Calculation 2 - Per Episode
2023-03-05 Sunday 23:00:19: ****************************************
2023-03-05 Sunday 23:00:19: Episode:0 Mean Reward= -0.000 +/- 1.093
2023-03-05 Sunday 23:00:19: Episode:1 Mean Reward= -0.000 +/- 0.924
2023-03-05 Sunday 23:00:19: Episode:2 Mean Reward= -0.001 +/- 0.874
2023-03-05 Sunday 23:00:19: Episode:3 Mean Reward= -0.000 +/- 0.866
2023-03-05 Sunday 23:00:19: Episode:4 Mean Reward= -0.000 +/- 0.901
2023-03-05 Sunday 23:00:19: 1-Total Mean Reward= -0.000 +/- 0.000
2023-03-05 Sunday 23:00:19: 2-Total Mean Reward= -0.000 +/- 0.932
2023-03-05 Sunday 23:00:19: ****
2023-03-05 Sunday 23:00:19: Episode:0 Mean Stopped= 11.565 +/- 7.873
2023-03-05 Sunday 23:00:19: Episode:1 Mean Stopped= 8.757 +/- 3.006
2023-03-05 Sunday 23:00:19: Episode:2 Mean Stopped= 8.455 +/- 2.788
2023-03-05 Sunday 23:00:19: Episode:3 Mean Stopped= 8.633 +/- 3.133
2023-03-05 Sunday 23:00:19: Episode:4 Mean Stopped= 9.205 +/- 3.135
2023-03-05 Sunday 23:00:19: 1-Total Mean Stopped= 9.323 +/- 1.148
2023-03-05 Sunday 23:00:19: 2-Total Mean Stopped= 9.323 +/- 3.987
2023-03-05 Sunday 23:00:19: ****
2023-03-05 Sunday 23:00:19: Episode:0 Mean Stopped Cross Check= 11.580 +/- 7.875
2023-03-05 Sunday 23:00:19: Episode:1 Mean Stopped Cross Check= 8.772 +/- 3.007
2023-03-05 Sunday 23:00:19: Episode:2 Mean Stopped Cross Check= 8.471 +/- 2.787
2023-03-05 Sunday 23:00:19: Episode:3 Mean Stopped Cross Check= 8.646 +/- 3.133
2023-03-05 Sunday 23:00:19: Episode:4 Mean Stopped Cross Check= 9.224 +/- 3.135
2023-03-05 Sunday 23:00:19: 1-Total Mean Stopped Cross Check= 9.339 +/- 1.148
2023-03-05 Sunday 23:00:19: 2-Total Mean Stopped Cross Check= 9.339 +/- 3.987
2023-03-05 Sunday 23:00:19: ****
2023-03-05 Sunday 23:00:19: Episode:0 Mean Waiting Time= 338.059 +/- 411.950
2023-03-05 Sunday 23:00:19: Episode:1 Mean Waiting Time= 229.698 +/- 191.534
2023-03-05 Sunday 23:00:19: Episode:2 Mean Waiting Time= 210.416 +/- 173.448
2023-03-05 Sunday 23:00:19: Episode:3 Mean Waiting Time= 205.850 +/- 168.607
2023-03-05 Sunday 23:00:19: Episode:4 Mean Waiting Time= 223.999 +/- 177.250
2023-03-05 Sunday 23:00:19: 1-Total Mean Waiting Time= 241.604 +/- 49.003
2023-03-05 Sunday 23:00:19: 2-Total Mean Waiting Time= 241.604 +/- 224.558
2023-03-05 Sunday 23:00:19: Episode:0 Mean Avg Speed= 0.311 +/- 0.082
2023-03-05 Sunday 23:00:19: Episode:1 Mean Avg Speed= 0.337 +/- 0.062
2023-03-05 Sunday 23:00:19: Episode:2 Mean Avg Speed= 0.341 +/- 0.060
2023-03-05 Sunday 23:00:19: Episode:3 Mean Avg Speed= 0.339 +/- 0.063
2023-03-05 Sunday 23:00:19: Episode:4 Mean Avg Speed= 0.327 +/- 0.062
2023-03-05 Sunday 23:00:19: 1-Total Mean Avg Speed= 0.331 +/- 0.011
2023-03-05 Sunday 23:00:19: 2-Total Mean Avg Speed= 0.331 +/- 0.066
2023-03-05 Sunday 23:00:19: Episode:0 Mean Avg Speed 2= 5.785 +/- 1.513
2023-03-05 Sunday 23:00:19: Episode:1 Mean Avg Speed 2= 6.257 +/- 1.127
2023-03-05 Sunday 23:00:19: Episode:2 Mean Avg Speed 2= 6.327 +/- 1.082
2023-03-05 Sunday 23:00:19: Episode:3 Mean Avg Speed 2= 6.298 +/- 1.144
2023-03-05 Sunday 23:00:19: Episode:4 Mean Avg Speed 2= 6.082 +/- 1.118
2023-03-05 Sunday 23:00:19: 1-Total Mean Avg Speed 2= 6.150 +/- 0.202
2023-03-05 Sunday 23:00:19: 2-Total Mean Avg Speed 2= 6.150 +/- 1.197
2023-03-05 Sunday 23:00:19: Episode:0 Mean Avg Speed Cross Check= 7.127 +/- 1.305
2023-03-05 Sunday 23:00:19: Episode:1 Mean Avg Speed Cross Check= 7.553 +/- 0.857
2023-03-05 Sunday 23:00:19: Episode:2 Mean Avg Speed Cross Check= 7.605 +/- 0.811
2023-03-05 Sunday 23:00:19: Episode:3 Mean Avg Speed Cross Check= 7.579 +/- 0.871
2023-03-05 Sunday 23:00:19: Episode:4 Mean Avg Speed Cross Check= 7.419 +/- 0.857
2023-03-05 Sunday 23:00:19: 1-Total Mean Avg Speed Cross Check= 7.457 +/- 0.177
2023-03-05 Sunday 23:00:19: 2-Total Mean Avg Speed Cross Check= 7.457 +/- 0.940
2023-03-05 Sunday 23:00:19: ****************************************
