2023-03-03 Friday 05:33:27: Run: 2 for Training experiment: DoE-9 - first seed: 270 - alpha: 0.1 - gamma: 0.9 - epsilon: 0.3 - reward: diff-waiting-time
2023-03-03 Friday 05:38:57: Run: 1 - First Epsilon: 0.3 - Last Epsilon: 0.3
2023-03-03 Friday 05:44:26: Run: 2 - First Epsilon: 0.3 - Last Epsilon: 0.3
2023-03-03 Friday 05:49:58: Run: 3 - First Epsilon: 0.3 - Last Epsilon: 0.3
2023-03-03 Friday 05:55:26: Run: 4 - First Epsilon: 0.3 - Last Epsilon: 0.3
2023-03-03 Friday 06:01:16: Run: 5 - First Epsilon: 0.3 - Last Epsilon: 0.3
2023-03-03 Friday 06:01:17: Q-Table Total Distinct States: 409
2023-03-03 Friday 06:01:17: Mean_reward=-1.83 +/- 0.54
2023-03-03 Friday 06:01:17: Mean_Stopped=87031.40 +/- 8289.17
2023-03-03 Friday 06:01:17: Mean_Stopped=87197.00 +/- 8320.69
2023-03-03 Friday 06:01:17: Mean_waiting_time=1879325.40 +/- 282234.69
2023-03-03 Friday 06:01:17: Mean_avg_speed=3391.67 +/- 134.31
2023-03-03 Friday 06:01:17: Mean_avg_speed_2=63059.51 +/- 2478.29
2023-03-03 Friday 06:01:17: Mean_avg_speed_cross_check=75760.41 +/- 1929.67
2023-03-03 Friday 06:01:17: ****************************************
2023-03-03 Friday 06:01:17: Calculation 1 - Overall 
2023-03-03 Friday 06:01:17: ****************************************
2023-03-03 Friday 06:01:17: Inner X Outer Loops Mean Reward= -0.000 +/- 0.812
2023-03-03 Friday 06:01:17: Inner X Outer Loops Mean Stopped= 8.702 +/- 3.805
2023-03-03 Friday 06:01:17: Inner X Outer Loops Mean Stopped Cross Check= 8.719 +/- 3.808
2023-03-03 Friday 06:01:17: Inner X Outer Loops Mean Waiting Time= 187.914 +/- 182.116
2023-03-03 Friday 06:01:17: Inner X Outer Loops Mean Avg Speed= 0.339 +/- 0.068
2023-03-03 Friday 06:01:17: Inner X Outer Loops Mean Avg Speed 2= 6.305 +/- 1.240
2023-03-03 Friday 06:01:17: Inner X Outer Loops Mean Avg Speed Cross Check= 7.575 +/- 0.952
2023-03-03 Friday 06:01:17: ****************************************
2023-03-03 Friday 06:01:17: Calculation 2 - Per Episode
2023-03-03 Friday 06:01:17: ****************************************
2023-03-03 Friday 06:01:17: Episode:0 Mean Reward= -0.000 +/- 0.881
2023-03-03 Friday 06:01:17: Episode:1 Mean Reward= -0.000 +/- 0.736
2023-03-03 Friday 06:01:17: Episode:2 Mean Reward= -0.000 +/- 0.751
2023-03-03 Friday 06:01:17: Episode:3 Mean Reward= -0.000 +/- 0.810
2023-03-03 Friday 06:01:17: Episode:4 Mean Reward= -0.000 +/- 0.873
2023-03-03 Friday 06:01:17: 1-Total Mean Reward= -0.000 +/- 0.000
2023-03-03 Friday 06:01:17: 2-Total Mean Reward= -0.000 +/- 0.810
2023-03-03 Friday 06:01:17: ****
2023-03-03 Friday 06:01:17: Episode:0 Mean Stopped= 9.554 +/- 5.225
2023-03-03 Friday 06:01:17: Episode:1 Mean Stopped= 7.536 +/- 2.690
2023-03-03 Friday 06:01:17: Episode:2 Mean Stopped= 7.907 +/- 2.712
2023-03-03 Friday 06:01:17: Episode:3 Mean Stopped= 9.033 +/- 3.751
2023-03-03 Friday 06:01:17: Episode:4 Mean Stopped= 9.482 +/- 3.604
2023-03-03 Friday 06:01:17: 1-Total Mean Stopped= 8.702 +/- 0.829
2023-03-03 Friday 06:01:17: 2-Total Mean Stopped= 8.702 +/- 3.597
2023-03-03 Friday 06:01:17: ****
2023-03-03 Friday 06:01:17: Episode:0 Mean Stopped Cross Check= 9.570 +/- 5.227
2023-03-03 Friday 06:01:17: Episode:1 Mean Stopped Cross Check= 7.547 +/- 2.692
2023-03-03 Friday 06:01:17: Episode:2 Mean Stopped Cross Check= 7.922 +/- 2.715
2023-03-03 Friday 06:01:17: Episode:3 Mean Stopped Cross Check= 9.051 +/- 3.753
2023-03-03 Friday 06:01:17: Episode:4 Mean Stopped Cross Check= 9.504 +/- 3.610
2023-03-03 Friday 06:01:17: 1-Total Mean Stopped Cross Check= 8.719 +/- 0.832
2023-03-03 Friday 06:01:17: 2-Total Mean Stopped Cross Check= 8.719 +/- 3.599
2023-03-03 Friday 06:01:17: ****
2023-03-03 Friday 06:01:17: Episode:0 Mean Waiting Time= 220.172 +/- 257.370
2023-03-03 Friday 06:01:17: Episode:1 Mean Waiting Time= 152.769 +/- 134.307
2023-03-03 Friday 06:01:17: Episode:2 Mean Waiting Time= 159.420 +/- 121.254
2023-03-03 Friday 06:01:17: Episode:3 Mean Waiting Time= 189.425 +/- 160.336
2023-03-03 Friday 06:01:17: Episode:4 Mean Waiting Time= 217.782 +/- 192.774
2023-03-03 Friday 06:01:17: 1-Total Mean Waiting Time= 187.914 +/- 28.221
2023-03-03 Friday 06:01:17: 2-Total Mean Waiting Time= 187.914 +/- 173.208
2023-03-03 Friday 06:01:17: Episode:0 Mean Avg Speed= 0.330 +/- 0.076
2023-03-03 Friday 06:01:17: Episode:1 Mean Avg Speed= 0.359 +/- 0.063
2023-03-03 Friday 06:01:17: Episode:2 Mean Avg Speed= 0.351 +/- 0.062
2023-03-03 Friday 06:01:17: Episode:3 Mean Avg Speed= 0.332 +/- 0.066
2023-03-03 Friday 06:01:17: Episode:4 Mean Avg Speed= 0.323 +/- 0.065
2023-03-03 Friday 06:01:17: 1-Total Mean Avg Speed= 0.339 +/- 0.013
2023-03-03 Friday 06:01:17: 2-Total Mean Avg Speed= 0.339 +/- 0.067
2023-03-03 Friday 06:01:17: Episode:0 Mean Avg Speed 2= 6.150 +/- 1.389
2023-03-03 Friday 06:01:17: Episode:1 Mean Avg Speed 2= 6.673 +/- 1.153
2023-03-03 Friday 06:01:17: Episode:2 Mean Avg Speed 2= 6.517 +/- 1.130
2023-03-03 Friday 06:01:17: Episode:3 Mean Avg Speed 2= 6.174 +/- 1.206
2023-03-03 Friday 06:01:17: Episode:4 Mean Avg Speed 2= 6.012 +/- 1.181
2023-03-03 Friday 06:01:17: 1-Total Mean Avg Speed 2= 6.305 +/- 0.248
2023-03-03 Friday 06:01:17: 2-Total Mean Avg Speed 2= 6.305 +/- 1.212
2023-03-03 Friday 06:01:17: Episode:0 Mean Avg Speed Cross Check= 7.440 +/- 1.113
2023-03-03 Friday 06:01:17: Episode:1 Mean Avg Speed Cross Check= 7.861 +/- 0.839
2023-03-03 Friday 06:01:17: Episode:2 Mean Avg Speed Cross Check= 7.743 +/- 0.831
2023-03-03 Friday 06:01:17: Episode:3 Mean Avg Speed Cross Check= 7.476 +/- 0.934
2023-03-03 Friday 06:01:17: Episode:4 Mean Avg Speed Cross Check= 7.356 +/- 0.917
2023-03-03 Friday 06:01:17: 1-Total Mean Avg Speed Cross Check= 7.575 +/- 0.193
2023-03-03 Friday 06:01:17: 2-Total Mean Avg Speed Cross Check= 7.575 +/- 0.927
2023-03-03 Friday 06:01:17: ****************************************
