2023-03-13 Monday 10:53:09: Run: 4 for Training experiment: DoE-41 - first seed: 470 - alpha: 0.5 - gamma: 0.8 - epsilon: 0.4 - reward: diff-waiting-time
2023-03-13 Monday 11:02:30: Run: 1 - First Epsilon: 0.4 - Last Epsilon: 0.4
2023-03-13 Monday 11:08:27: Run: 2 - First Epsilon: 0.4 - Last Epsilon: 0.4
2023-03-13 Monday 11:14:20: Run: 3 - First Epsilon: 0.4 - Last Epsilon: 0.4
2023-03-13 Monday 11:19:50: Run: 4 - First Epsilon: 0.4 - Last Epsilon: 0.4
2023-03-13 Monday 11:25:12: Run: 5 - First Epsilon: 0.4 - Last Epsilon: 0.4
2023-03-13 Monday 11:25:13: Q-Table Total Distinct States: 1188
2023-03-13 Monday 11:25:13: Mean_reward=-3.20 +/- 1.08
2023-03-13 Monday 11:25:13: Mean_Stopped=138845.00 +/- 96017.69
2023-03-13 Monday 11:25:13: Mean_Stopped=139004.60 +/- 96045.84
2023-03-13 Monday 11:25:13: Mean_waiting_time=3957676.00 +/- 3737706.08
2023-03-13 Monday 11:25:13: Mean_avg_speed=3083.11 +/- 474.66
2023-03-13 Monday 11:25:13: Mean_avg_speed_2=57280.34 +/- 8797.05
2023-03-13 Monday 11:25:13: Mean_avg_speed_cross_check=70286.77 +/- 8882.14
2023-03-13 Monday 11:25:13: ****************************************
2023-03-13 Monday 11:25:13: Calculation 1 - Overall 
2023-03-13 Monday 11:25:13: ****************************************
2023-03-13 Monday 11:25:13: Inner X Outer Loops Mean Reward= -0.000 +/- 1.107
2023-03-13 Monday 11:25:13: Inner X Outer Loops Mean Stopped= 13.883 +/- 16.238
2023-03-13 Monday 11:25:13: Inner X Outer Loops Mean Stopped Cross Check= 13.899 +/- 16.241
2023-03-13 Monday 11:25:13: Inner X Outer Loops Mean Waiting Time= 395.728 +/- 787.618
2023-03-13 Monday 11:25:13: Inner X Outer Loops Mean Avg Speed= 0.308 +/- 0.093
2023-03-13 Monday 11:25:13: Inner X Outer Loops Mean Avg Speed 2= 5.727 +/- 1.708
2023-03-13 Monday 11:25:13: Inner X Outer Loops Mean Avg Speed Cross Check= 7.028 +/- 1.591
2023-03-13 Monday 11:25:13: ****************************************
2023-03-13 Monday 11:25:13: Calculation 2 - Per Episode
2023-03-13 Monday 11:25:13: ****************************************
2023-03-13 Monday 11:25:13: Episode:0 Mean Reward= -0.000 +/- 1.765
2023-03-13 Monday 11:25:13: Episode:1 Mean Reward= -0.000 +/- 0.898
2023-03-13 Monday 11:25:13: Episode:2 Mean Reward= -0.001 +/- 0.896
2023-03-13 Monday 11:25:13: Episode:3 Mean Reward= -0.000 +/- 0.883
2023-03-13 Monday 11:25:13: Episode:4 Mean Reward= -0.000 +/- 0.789
2023-03-13 Monday 11:25:13: 1-Total Mean Reward= -0.000 +/- 0.000
2023-03-13 Monday 11:25:13: 2-Total Mean Reward= -0.000 +/- 1.046
2023-03-13 Monday 11:25:13: ****
2023-03-13 Monday 11:25:13: Episode:0 Mean Stopped= 33.064 +/- 28.433
2023-03-13 Monday 11:25:13: Episode:1 Mean Stopped= 9.585 +/- 3.965
2023-03-13 Monday 11:25:13: Episode:2 Mean Stopped= 9.427 +/- 3.873
2023-03-13 Monday 11:25:13: Episode:3 Mean Stopped= 9.047 +/- 3.289
2023-03-13 Monday 11:25:13: Episode:4 Mean Stopped= 8.293 +/- 2.747
2023-03-13 Monday 11:25:13: 1-Total Mean Stopped= 13.883 +/- 9.601
2023-03-13 Monday 11:25:13: 2-Total Mean Stopped= 13.883 +/- 8.462
2023-03-13 Monday 11:25:13: ****
2023-03-13 Monday 11:25:13: Episode:0 Mean Stopped Cross Check= 33.085 +/- 28.436
2023-03-13 Monday 11:25:13: Episode:1 Mean Stopped Cross Check= 9.599 +/- 3.967
2023-03-13 Monday 11:25:13: Episode:2 Mean Stopped Cross Check= 9.445 +/- 3.878
2023-03-13 Monday 11:25:13: Episode:3 Mean Stopped Cross Check= 9.060 +/- 3.290
2023-03-13 Monday 11:25:13: Episode:4 Mean Stopped Cross Check= 8.306 +/- 2.748
2023-03-13 Monday 11:25:13: 1-Total Mean Stopped Cross Check= 13.899 +/- 9.604
2023-03-13 Monday 11:25:13: 2-Total Mean Stopped Cross Check= 13.899 +/- 8.464
2023-03-13 Monday 11:25:13: ****
2023-03-13 Monday 11:25:13: Episode:0 Mean Waiting Time= 1142.314 +/- 1507.835
2023-03-13 Monday 11:25:13: Episode:1 Mean Waiting Time= 225.215 +/- 198.908
2023-03-13 Monday 11:25:13: Episode:2 Mean Waiting Time= 221.763 +/- 198.287
2023-03-13 Monday 11:25:13: Episode:3 Mean Waiting Time= 214.766 +/- 188.183
2023-03-13 Monday 11:25:13: Episode:4 Mean Waiting Time= 174.581 +/- 124.361
2023-03-13 Monday 11:25:13: 1-Total Mean Waiting Time= 395.728 +/- 373.733
2023-03-13 Monday 11:25:13: 2-Total Mean Waiting Time= 395.728 +/- 443.515
2023-03-13 Monday 11:25:13: Episode:0 Mean Avg Speed= 0.214 +/- 0.123
2023-03-13 Monday 11:25:13: Episode:1 Mean Avg Speed= 0.325 +/- 0.067
2023-03-13 Monday 11:25:13: Episode:2 Mean Avg Speed= 0.327 +/- 0.068
2023-03-13 Monday 11:25:13: Episode:3 Mean Avg Speed= 0.332 +/- 0.064
2023-03-13 Monday 11:25:13: Episode:4 Mean Avg Speed= 0.344 +/- 0.060
2023-03-13 Monday 11:25:13: 1-Total Mean Avg Speed= 0.308 +/- 0.047
2023-03-13 Monday 11:25:13: 2-Total Mean Avg Speed= 0.308 +/- 0.076
2023-03-13 Monday 11:25:13: Episode:0 Mean Avg Speed 2= 3.985 +/- 2.275
2023-03-13 Monday 11:25:13: Episode:1 Mean Avg Speed 2= 6.031 +/- 1.218
2023-03-13 Monday 11:25:13: Episode:2 Mean Avg Speed 2= 6.074 +/- 1.235
2023-03-13 Monday 11:25:13: Episode:3 Mean Avg Speed 2= 6.165 +/- 1.165
2023-03-13 Monday 11:25:13: Episode:4 Mean Avg Speed 2= 6.382 +/- 1.089
2023-03-13 Monday 11:25:13: 1-Total Mean Avg Speed 2= 5.727 +/- 0.880
2023-03-13 Monday 11:25:13: 2-Total Mean Avg Speed 2= 5.727 +/- 1.396
2023-03-13 Monday 11:25:13: Episode:0 Mean Avg Speed Cross Check= 5.262 +/- 2.329
2023-03-13 Monday 11:25:13: Episode:1 Mean Avg Speed Cross Check= 7.363 +/- 0.950
2023-03-13 Monday 11:25:13: Episode:2 Mean Avg Speed Cross Check= 7.396 +/- 0.961
2023-03-13 Monday 11:25:13: Episode:3 Mean Avg Speed Cross Check= 7.473 +/- 0.888
2023-03-13 Monday 11:25:13: Episode:4 Mean Avg Speed Cross Check= 7.645 +/- 0.819
2023-03-13 Monday 11:25:13: 1-Total Mean Avg Speed Cross Check= 7.028 +/- 0.888
2023-03-13 Monday 11:25:13: 2-Total Mean Avg Speed Cross Check= 7.028 +/- 1.190
2023-03-13 Monday 11:25:13: ****************************************
