2023-01-17 Tuesday 13:04:58: Run: 1 - First Epsilon: 0.4 - Last Epsilon: 0.005
2023-01-17 Tuesday 13:28:55: Run: 2 - First Epsilon: 0.4 - Last Epsilon: 0.005
2023-01-17 Tuesday 13:54:58: Run: 3 - First Epsilon: 0.4 - Last Epsilon: 0.005
2023-01-17 Tuesday 14:25:58: Run: 4 - First Epsilon: 0.4 - Last Epsilon: 0.005
2023-01-17 Tuesday 14:54:43: Run: 5 - First Epsilon: 0.4 - Last Epsilon: 0.005
2023-01-17 Tuesday 14:54:43: Q-Table Total Distinct States: 19261
2023-01-17 Tuesday 14:54:43: Mean_reward=-633.02 +/- 36.34
2023-01-17 Tuesday 14:54:43: Mean_Stopped=1542512.80 +/- 242140.25
2023-01-17 Tuesday 14:54:43: Mean_waiting_time=665291068.60 +/- 32593822.58
2023-01-17 Tuesday 14:54:43: ****************************************
2023-01-17 Tuesday 14:54:43: Calculation 1 - Overall 
2023-01-17 Tuesday 14:54:43: ****************************************
2023-01-17 Tuesday 14:54:43: Inner X Outer Loops Mean Reward= -0.063 +/- 5.440
2023-01-17 Tuesday 14:54:43: Inner X Outer Loops Mean Stopped= 154.236 +/- 32.640
2023-01-17 Tuesday 14:54:43: Inner X Outer Loops Mean Waiting Time= 66522.455 +/- 11968.765
2023-01-17 Tuesday 14:54:43: ****************************************
2023-01-17 Tuesday 14:54:43: Calculation 2 - Per Episode
2023-01-17 Tuesday 14:54:43: ****************************************
2023-01-17 Tuesday 14:54:43: Episode:0 Mean Reward= -0.058 +/- 3.860
2023-01-17 Tuesday 14:54:43: Episode:1 Mean Reward= -0.068 +/- 5.353
2023-01-17 Tuesday 14:54:43: Episode:2 Mean Reward= -0.066 +/- 6.267
2023-01-17 Tuesday 14:54:43: Episode:3 Mean Reward= -0.061 +/- 5.660
2023-01-17 Tuesday 14:54:43: Episode:4 Mean Reward= -0.063 +/- 5.756
2023-01-17 Tuesday 14:54:43: 1-Total Mean Reward= -0.063 +/- 0.004
2023-01-17 Tuesday 14:54:43: 2-Total Mean Reward= -0.063 +/- 5.379
2023-01-17 Tuesday 14:54:43: ****
2023-01-17 Tuesday 14:54:43: Episode:0 Mean Stopped= 114.330 +/- 19.839
2023-01-17 Tuesday 14:54:43: Episode:1 Mean Stopped= 139.418 +/- 20.576
2023-01-17 Tuesday 14:54:43: Episode:2 Mean Stopped= 164.309 +/- 21.972
2023-01-17 Tuesday 14:54:43: Episode:3 Mean Stopped= 173.350 +/- 24.479
2023-01-17 Tuesday 14:54:43: Episode:4 Mean Stopped= 179.773 +/- 22.288
2023-01-17 Tuesday 14:54:43: 1-Total Mean Stopped= 154.236 +/- 24.212
2023-01-17 Tuesday 14:54:43: 2-Total Mean Stopped= 154.236 +/- 21.831
2023-01-17 Tuesday 14:54:43: ****
2023-01-17 Tuesday 14:54:43: Episode:0 Mean Waiting Time= 70217.430 +/- 12335.102
2023-01-17 Tuesday 14:54:43: Episode:1 Mean Waiting Time= 68335.606 +/- 10876.923
2023-01-17 Tuesday 14:54:43: Episode:2 Mean Waiting Time= 68756.037 +/- 12758.854
2023-01-17 Tuesday 14:54:43: Episode:3 Mean Waiting Time= 63429.726 +/- 11274.456
2023-01-17 Tuesday 14:54:43: Episode:4 Mean Waiting Time= 61873.474 +/- 10138.317
2023-01-17 Tuesday 14:54:43: 1-Total Mean Waiting Time= 66522.455 +/- 3259.056
2023-01-17 Tuesday 14:54:43: 2-Total Mean Waiting Time= 66522.455 +/- 11476.731
2023-01-17 Tuesday 14:54:43: ****************************************
