2023-04-15 Saturday 11:08:16: Run: 3 for Training experiment: DE-Enhanced-1 - route: ../nets/roundabout/input_routes_roundabout_auto_v1-1.rou.xml - first seed: 370 - alpha: 0.5 - gamma: 0.99 - epsilon: 0.2 - reward: diff-waiting-time
2023-04-15 Saturday 11:17:26: Run: 1 - First Epsilon: 0.2 - Last Epsilon: 0.2
2023-04-15 Saturday 11:26:37: Run: 2 - First Epsilon: 0.2 - Last Epsilon: 0.2
2023-04-15 Saturday 11:35:46: Run: 3 - First Epsilon: 0.2 - Last Epsilon: 0.2
2023-04-15 Saturday 11:45:39: Run: 4 - First Epsilon: 0.2 - Last Epsilon: 0.2
2023-04-15 Saturday 11:55:29: Run: 5 - First Epsilon: 0.2 - Last Epsilon: 0.2
2023-04-15 Saturday 11:55:30: Q-Table Total Distinct States: 249
2023-04-15 Saturday 11:55:30: Mean_reward=-1.51 +/- 1.73
2023-04-15 Saturday 11:55:30: Mean_Stopped=72329.20 +/- 1952.97
2023-04-15 Saturday 11:55:30: Mean_Stopped=72450.60 +/- 1971.60
2023-04-15 Saturday 11:55:30: Mean_waiting_time=1805885.60 +/- 125282.13
2023-04-15 Saturday 11:55:30: Mean_avg_speed=3654.06 +/- 35.36
2023-04-15 Saturday 11:55:30: Mean_avg_speed_2=67880.40 +/- 678.87
2023-04-15 Saturday 11:55:30: Mean_avg_speed_cross_check=79470.86 +/- 558.97
2023-04-15 Saturday 11:55:30: Mean_average_co2_emission_tl=31051738.78 +/- 86951.14
2023-04-15 Saturday 11:55:30: Mean_average_co_emission_tl=952055.12 +/- 4673.50
2023-04-15 Saturday 11:55:30: Mean_average_fuel_consumption_tl=13348.17 +/- 37.37
2023-04-15 Saturday 11:55:30: Mean_average_noise_emission_tl=606017.67 +/- 455.73
2023-04-15 Saturday 11:55:30: Mean_average_co2_emission=25648189.19 +/- 36985.66
2023-04-15 Saturday 11:55:30: Mean_average_co_emission=666399.20 +/- 5287.23
2023-04-15 Saturday 11:55:30: Mean_average_fuel_consumptions=11025.34 +/- 15.90
2023-04-15 Saturday 11:55:30: Mean_average_noise_emissions=612106.72 +/- 360.66
2023-04-15 Saturday 11:55:30: ****************************************
2023-04-15 Saturday 11:55:30: Calculation 1 - Overall 
2023-04-15 Saturday 11:55:30: ****************************************
2023-04-15 Saturday 11:55:30: Inner X Outer Loops Mean Reward= -0.000 +/- 0.817
2023-04-15 Saturday 11:55:30: Inner X Outer Loops Mean Stopped= 7.232 +/- 2.386
2023-04-15 Saturday 11:55:30: Inner X Outer Loops Mean Stopped Cross Check= 7.244 +/- 2.388
2023-04-15 Saturday 11:55:30: Inner X Outer Loops Mean Waiting Time= 180.571 +/- 191.240
2023-04-15 Saturday 11:55:30: Inner X Outer Loops Mean Avg Speed= 0.365 +/- 0.061
2023-04-15 Saturday 11:55:30: Inner X Outer Loops Mean Avg Speed 2= 6.787 +/- 1.098
2023-04-15 Saturday 11:55:30: Inner X Outer Loops Mean Avg Speed Cross Check= 7.946 +/- 0.779
2023-04-15 Saturday 11:55:30: Inner X Outer Loops Mean Average CO2 Emission TL= 3104.863 +/- 233.129
2023-04-15 Saturday 11:55:30: Inner X Outer Loops Mean Average CO Emission TL= 95.196 +/- 9.901
2023-04-15 Saturday 11:55:30: Inner X Outer Loops Mean Average Fuel Consumption TL= 1.335 +/- 0.100
2023-04-15 Saturday 11:55:30: Inner X Outer Loops Mean Average Noise Emission TL= 60.596 +/- 1.097
2023-04-15 Saturday 11:55:30: Inner X Outer Loops Mean Average CO2 Emission= 2564.562 +/- 206.681
2023-04-15 Saturday 11:55:30: Inner X Outer Loops Mean Average CO Emission= 66.633 +/- 8.829
2023-04-15 Saturday 11:55:30: Inner X Outer Loops Mean Average Fuel Consumptions= 1.102 +/- 0.089
2023-04-15 Saturday 11:55:30: Inner X Outer Loops Mean Average Noise Emissions= 61.205 +/- 0.708
2023-04-15 Saturday 11:55:30: ****************************************
2023-04-15 Saturday 11:55:30: Calculation 2 - Per Episode
2023-04-15 Saturday 11:55:30: ****************************************
2023-04-15 Saturday 11:55:30: Episode:0 Mean Reward= -0.000 +/- 0.872
2023-04-15 Saturday 11:55:30: Episode:1 Mean Reward= -0.000 +/- 0.829
2023-04-15 Saturday 11:55:30: Episode:2 Mean Reward= -0.000 +/- 0.765
2023-04-15 Saturday 11:55:30: Episode:3 Mean Reward= -0.000 +/- 0.806
2023-04-15 Saturday 11:55:30: Episode:4 Mean Reward= -0.000 +/- 0.807
2023-04-15 Saturday 11:55:30: 1-Total Mean Reward= -0.000 +/- 0.000
2023-04-15 Saturday 11:55:30: 2-Total Mean Reward= -0.000 +/- 0.816
2023-04-15 Saturday 11:55:30: ****
2023-04-15 Saturday 11:55:30: Episode:0 Mean Stopped= 7.164 +/- 2.196
2023-04-15 Saturday 11:55:30: Episode:1 Mean Stopped= 7.032 +/- 2.069
2023-04-15 Saturday 11:55:30: Episode:2 Mean Stopped= 7.037 +/- 2.153
2023-04-15 Saturday 11:55:30: Episode:3 Mean Stopped= 7.477 +/- 2.522
2023-04-15 Saturday 11:55:30: Episode:4 Mean Stopped= 7.451 +/- 2.861
2023-04-15 Saturday 11:55:30: 1-Total Mean Stopped= 7.232 +/- 0.195
2023-04-15 Saturday 11:55:30: 2-Total Mean Stopped= 7.232 +/- 2.360
2023-04-15 Saturday 11:55:30: ****
2023-04-15 Saturday 11:55:30: Episode:0 Mean Stopped Cross Check= 7.174 +/- 2.195
2023-04-15 Saturday 11:55:30: Episode:1 Mean Stopped Cross Check= 7.042 +/- 2.068
2023-04-15 Saturday 11:55:30: Episode:2 Mean Stopped Cross Check= 7.048 +/- 2.152
2023-04-15 Saturday 11:55:30: Episode:3 Mean Stopped Cross Check= 7.492 +/- 2.527
2023-04-15 Saturday 11:55:30: Episode:4 Mean Stopped Cross Check= 7.465 +/- 2.863
2023-04-15 Saturday 11:55:30: 1-Total Mean Stopped Cross Check= 7.244 +/- 0.197
2023-04-15 Saturday 11:55:30: 2-Total Mean Stopped Cross Check= 7.244 +/- 2.361
2023-04-15 Saturday 11:55:30: ****
2023-04-15 Saturday 11:55:30: Episode:0 Mean Waiting Time= 199.886 +/- 232.517
2023-04-15 Saturday 11:55:30: Episode:1 Mean Waiting Time= 182.697 +/- 197.633
2023-04-15 Saturday 11:55:30: Episode:2 Mean Waiting Time= 160.497 +/- 160.984
2023-04-15 Saturday 11:55:30: Episode:3 Mean Waiting Time= 181.137 +/- 169.736
2023-04-15 Saturday 11:55:30: Episode:4 Mean Waiting Time= 178.636 +/- 185.015
2023-04-15 Saturday 11:55:30: 1-Total Mean Waiting Time= 180.571 +/- 12.527
2023-04-15 Saturday 11:55:30: 2-Total Mean Waiting Time= 180.571 +/- 189.177
2023-04-15 Saturday 11:55:30: Episode:0 Mean Avg Speed= 0.366 +/- 0.059
2023-04-15 Saturday 11:55:30: Episode:1 Mean Avg Speed= 0.369 +/- 0.058
2023-04-15 Saturday 11:55:30: Episode:2 Mean Avg Speed= 0.368 +/- 0.059
2023-04-15 Saturday 11:55:30: Episode:3 Mean Avg Speed= 0.360 +/- 0.062
2023-04-15 Saturday 11:55:30: Episode:4 Mean Avg Speed= 0.362 +/- 0.064
2023-04-15 Saturday 11:55:30: 1-Total Mean Avg Speed= 0.365 +/- 0.004
2023-04-15 Saturday 11:55:30: 2-Total Mean Avg Speed= 0.365 +/- 0.060
2023-04-15 Saturday 11:55:30: Episode:0 Mean Avg Speed 2= 6.818 +/- 1.077
2023-04-15 Saturday 11:55:30: Episode:1 Mean Avg Speed 2= 6.859 +/- 1.047
2023-04-15 Saturday 11:55:30: Episode:2 Mean Avg Speed 2= 6.847 +/- 1.065
2023-04-15 Saturday 11:55:30: Episode:3 Mean Avg Speed 2= 6.690 +/- 1.125
2023-04-15 Saturday 11:55:30: Episode:4 Mean Avg Speed 2= 6.724 +/- 1.161
2023-04-15 Saturday 11:55:30: 1-Total Mean Avg Speed 2= 6.787 +/- 0.068
2023-04-15 Saturday 11:55:30: 2-Total Mean Avg Speed 2= 6.787 +/- 1.095
2023-04-15 Saturday 11:55:30: Episode:0 Mean Avg Speed Cross Check= 7.981 +/- 0.750
2023-04-15 Saturday 11:55:30: Episode:1 Mean Avg Speed Cross Check= 8.001 +/- 0.727
2023-04-15 Saturday 11:55:30: Episode:2 Mean Avg Speed Cross Check= 7.992 +/- 0.751
2023-04-15 Saturday 11:55:30: Episode:3 Mean Avg Speed Cross Check= 7.868 +/- 0.811
2023-04-15 Saturday 11:55:30: Episode:4 Mean Avg Speed Cross Check= 7.890 +/- 0.842
2023-04-15 Saturday 11:55:30: 1-Total Mean Avg Speed Cross Check= 7.946 +/- 0.056
2023-04-15 Saturday 11:55:30: 2-Total Mean Avg Speed Cross Check= 7.946 +/- 0.776
2023-04-15 Saturday 11:55:30: Episode:0 Mean Average CO2 Emission TL= 3110.274 +/- 229.587
2023-04-15 Saturday 11:55:30: Episode:1 Mean Average CO2 Emission TL= 3112.362 +/- 232.994
2023-04-15 Saturday 11:55:30: Episode:2 Mean Average CO2 Emission TL= 3112.989 +/- 231.795
2023-04-15 Saturday 11:55:30: Episode:3 Mean Average CO2 Emission TL= 3092.736 +/- 234.580
2023-04-15 Saturday 11:55:30: Episode:4 Mean Average CO2 Emission TL= 3095.956 +/- 235.825
2023-04-15 Saturday 11:55:30: 1-Total Mean Average CO2 Emission TL= 3104.863 +/- 8.694
2023-04-15 Saturday 11:55:30: 2-Total Mean Average CO2 Emission TL= 3104.863 +/- 232.956
2023-04-15 Saturday 11:55:30: Episode:0 Mean Average CO Emission TL= 95.100 +/- 9.730
2023-04-15 Saturday 11:55:30: Episode:1 Mean Average CO Emission TL= 94.692 +/- 9.541
2023-04-15 Saturday 11:55:30: Episode:2 Mean Average CO Emission TL= 94.722 +/- 9.610
2023-04-15 Saturday 11:55:30: Episode:3 Mean Average CO Emission TL= 95.849 +/- 10.101
2023-04-15 Saturday 11:55:30: Episode:4 Mean Average CO Emission TL= 95.617 +/- 10.437
2023-04-15 Saturday 11:55:30: 1-Total Mean Average CO Emission TL= 95.196 +/- 0.467
2023-04-15 Saturday 11:55:30: 2-Total Mean Average CO Emission TL= 95.196 +/- 9.884
2023-04-15 Saturday 11:55:30: Episode:0 Mean Average Fuel Consumption TL= 1.337 +/- 0.099
2023-04-15 Saturday 11:55:30: Episode:1 Mean Average Fuel Consumption TL= 1.338 +/- 0.100
2023-04-15 Saturday 11:55:30: Episode:2 Mean Average Fuel Consumption TL= 1.338 +/- 0.100
2023-04-15 Saturday 11:55:30: Episode:3 Mean Average Fuel Consumption TL= 1.329 +/- 0.101
2023-04-15 Saturday 11:55:30: Episode:4 Mean Average Fuel Consumption TL= 1.331 +/- 0.101
2023-04-15 Saturday 11:55:30: 1-Total Mean Average Fuel Consumption TL= 1.335 +/- 0.004
2023-04-15 Saturday 11:55:30: 2-Total Mean Average Fuel Consumption TL= 1.335 +/- 0.100
2023-04-15 Saturday 11:55:30: Episode:0 Mean Average Noise Emission TL= 60.615 +/- 1.088
2023-04-15 Saturday 11:55:30: Episode:1 Mean Average Noise Emission TL= 60.646 +/- 1.074
2023-04-15 Saturday 11:55:30: Episode:2 Mean Average Noise Emission TL= 60.633 +/- 1.096
2023-04-15 Saturday 11:55:30: Episode:3 Mean Average Noise Emission TL= 60.529 +/- 1.097
2023-04-15 Saturday 11:55:30: Episode:4 Mean Average Noise Emission TL= 60.556 +/- 1.123
2023-04-15 Saturday 11:55:30: 1-Total Mean Average Noise Emission TL= 60.596 +/- 0.046
2023-04-15 Saturday 11:55:30: 2-Total Mean Average Noise Emission TL= 60.596 +/- 1.096
2023-04-15 Saturday 11:55:30: Episode:0 Mean Average CO2 Emission= 2570.373 +/- 206.853
2023-04-15 Saturday 11:55:30: Episode:1 Mean Average CO2 Emission= 2561.441 +/- 210.302
2023-04-15 Saturday 11:55:30: Episode:2 Mean Average CO2 Emission= 2565.526 +/- 206.130
2023-04-15 Saturday 11:55:30: Episode:3 Mean Average CO2 Emission= 2565.675 +/- 205.270
2023-04-15 Saturday 11:55:30: Episode:4 Mean Average CO2 Emission= 2559.797 +/- 204.634
2023-04-15 Saturday 11:55:30: 1-Total Mean Average CO2 Emission= 2564.562 +/- 3.698
2023-04-15 Saturday 11:55:30: 2-Total Mean Average CO2 Emission= 2564.562 +/- 206.638
2023-04-15 Saturday 11:55:30: Episode:0 Mean Average CO Emission= 66.492 +/- 8.532
2023-04-15 Saturday 11:55:30: Episode:1 Mean Average CO Emission= 66.040 +/- 8.336
2023-04-15 Saturday 11:55:30: Episode:2 Mean Average CO Emission= 66.145 +/- 8.486
2023-04-15 Saturday 11:55:30: Episode:3 Mean Average CO Emission= 67.382 +/- 9.116
2023-04-15 Saturday 11:55:30: Episode:4 Mean Average CO Emission= 67.108 +/- 9.536
2023-04-15 Saturday 11:55:30: 1-Total Mean Average CO Emission= 66.633 +/- 0.529
2023-04-15 Saturday 11:55:30: 2-Total Mean Average CO Emission= 66.633 +/- 8.801
2023-04-15 Saturday 11:55:30: Episode:0 Mean Average Fuel Consumption= 1.105 +/- 0.089
2023-04-15 Saturday 11:55:30: Episode:1 Mean Average Fuel Consumption= 1.101 +/- 0.090
2023-04-15 Saturday 11:55:30: Episode:2 Mean Average Fuel Consumption= 1.103 +/- 0.089
2023-04-15 Saturday 11:55:30: Episode:3 Mean Average Fuel Consumption= 1.103 +/- 0.088
2023-04-15 Saturday 11:55:30: Episode:4 Mean Average Fuel Consumption= 1.100 +/- 0.088
2023-04-15 Saturday 11:55:30: 1-Total Mean Average Fuel Consumption= 1.102 +/- 0.002
2023-04-15 Saturday 11:55:30: 2-Total Mean Average Fuel Consumption= 1.102 +/- 0.089
2023-04-15 Saturday 11:55:30: Episode:0 Mean Average Noise Emission= 61.229 +/- 0.693
2023-04-15 Saturday 11:55:30: Episode:1 Mean Average Noise Emission= 61.239 +/- 0.681
2023-04-15 Saturday 11:55:30: Episode:2 Mean Average Noise Emission= 61.233 +/- 0.703
2023-04-15 Saturday 11:55:30: Episode:3 Mean Average Noise Emission= 61.153 +/- 0.719
2023-04-15 Saturday 11:55:30: Episode:4 Mean Average Noise Emission= 61.168 +/- 0.736
2023-04-15 Saturday 11:55:30: 1-Total Mean Average Noise Emission= 61.205 +/- 0.036
2023-04-15 Saturday 11:55:30: 2-Total Mean Average Noise Emission= 61.205 +/- 0.707
2023-04-15 Saturday 11:55:30: ****************************************
