2023-04-15 Saturday 12:05:28 root:INFO:Run: 3 for Baseline experiment: DE-Enhanced-1 - route: ../nets/roundabout/input_routes_roundabout_auto_v1-1.rou.xml - first seed: 380 - alpha: 0.5 - gamma: 0.99 - epsilon: 0.2 - reward: diff-waiting-time
2023-04-15 Saturday 12:51:12 root:INFO:Total Missing States: 0
2023-04-15 Saturday 12:51:12 root:INFO:Mean Reward=-1440603.00 +/- 0.00
2023-04-15 Saturday 12:51:12 root:INFO:Mean Stopped=1440603.00 +/- 0.00
2023-04-15 Saturday 12:51:12 root:INFO:Mean_Stopped=1440607.00 +/- 0.00
2023-04-15 Saturday 12:51:12 root:INFO:Mean Waiting Time=32412348.00 +/- 0.00
2023-04-15 Saturday 12:51:12 root:INFO:Mean_avg_speed=381.36 +/- 0.00
2023-04-15 Saturday 12:51:12 root:INFO:Mean_avg_speed_2=7095.19 +/- 0.00
2023-04-15 Saturday 12:51:12 root:INFO:Mean_avg_speed_cross_check=12652.83 +/- 0.00
2023-04-15 Saturday 12:51:12 root:INFO:Mean_average_co2_emission_tl=25403852.20 +/- 0.00
2023-04-15 Saturday 12:51:12 root:INFO:Mean_average_co_emission_tl=1473955.37 +/- 0.00
2023-04-15 Saturday 12:51:12 root:INFO:Mean_average_fuel_consumption_tl=10920.70 +/- 0.00
2023-04-15 Saturday 12:51:12 root:INFO:Mean_average_noise_emission_tl=563401.44 +/- 0.00
2023-04-15 Saturday 12:51:12 root:INFO:Mean_average_co2_emission=25046224.06 +/- 0.00
2023-04-15 Saturday 12:51:12 root:INFO:Mean_average_co_emission=1399080.32 +/- 0.00
2023-04-15 Saturday 12:51:12 root:INFO:Mean_average_fuel_consumptions=10766.94 +/- 0.00
2023-04-15 Saturday 12:51:12 root:INFO:Mean_average_noise_emissions=567064.09 +/- 0.00
2023-04-15 Saturday 12:51:12 root:INFO:****************************************
2023-04-15 Saturday 12:51:12 root:INFO:Calculation 1 - Overall 
2023-04-15 Saturday 12:51:12 root:INFO:****************************************
2023-04-15 Saturday 12:51:12 root:INFO:Inner X Outer Loops Mean Reward=-144.046 +/- 24.799
2023-04-15 Saturday 12:51:12 root:INFO:Inner X Outer Loops Mean Stopped= 144.046 +/- 24.799
2023-04-15 Saturday 12:51:12 root:INFO:Inner X Outer Loops Mean Stopped Cross Check= 144.046 +/- 24.799
2023-04-15 Saturday 12:51:12 root:INFO:Inner X Outer Loops Mean Waiting Time= 3240.911 +/- 586.631
2023-04-15 Saturday 12:51:12 root:INFO:Inner X Outer Loops Mean Avg Speed= 0.038 +/- 0.033
2023-04-15 Saturday 12:51:12 root:INFO:Inner X Outer Loops Mean Avg Speed 2= 0.709 +/- 0.628
2023-04-15 Saturday 12:51:12 root:INFO:Inner X Outer Loops Mean Avg Speed Cross Check= 1.265 +/- 0.718
2023-04-15 Saturday 12:51:12 root:INFO:Inner X Outer Loops Mean Average CO2 Emission TL= 2540.131 +/- 70.133
2023-04-15 Saturday 12:51:12 root:INFO:Inner X Outer Loops Mean Average CO Emission TL= 147.381 +/- 5.787
2023-04-15 Saturday 12:51:12 root:INFO:Inner X Outer Loops Mean Average Fuel Consumption TL= 1.092 +/- 0.030
2023-04-15 Saturday 12:51:12 root:INFO:Inner X Outer Loops Mean Average Noise Emission TL= 56.335 +/- 0.463
2023-04-15 Saturday 12:51:12 root:INFO:Inner X Outer Loops Mean Average CO2 Emission= 2504.372 +/- 57.936
2023-04-15 Saturday 12:51:12 root:INFO:Inner X Outer Loops Mean Average CO Emission= 139.894 +/- 7.591
2023-04-15 Saturday 12:51:12 root:INFO:Inner X Outer Loops Mean Average Fuel Consumptions= 1.077 +/- 0.025
2023-04-15 Saturday 12:51:12 root:INFO:Inner X Outer Loops Mean Average Noise Emissions= 56.701 +/- 0.511
2023-04-15 Saturday 12:51:12 root:INFO:****************************************
2023-04-15 Saturday 12:51:12 root:INFO:Calculation 2 - Per Episode
2023-04-15 Saturday 12:51:12 root:INFO:****************************************
2023-04-15 Saturday 12:51:12 root:INFO:Episode:0 Mean Waiting Time=-144.046 +/- 24.799
2023-04-15 Saturday 12:51:12 root:INFO:1-Total Mean Reward= -144.046 +/- 0.000
2023-04-15 Saturday 12:51:12 root:INFO:2-Total Mean Reward= -144.046 +/- 24.799
2023-04-15 Saturday 12:51:12 root:INFO:****
2023-04-15 Saturday 12:51:12 root:INFO:Episode:0 Mean Stopped= 144.046 +/- 24.799
2023-04-15 Saturday 12:51:12 root:INFO:1-Total Mean Stopped= 144.046 +/- 0.000
2023-04-15 Saturday 12:51:12 root:INFO:2-Total Mean Stopped= 144.046 +/- 24.799
2023-04-15 Saturday 12:51:12 root:INFO:****
2023-04-15 Saturday 12:51:12 root:INFO:Episode:0 Mean Stopped Cross Check= 144.046 +/- 24.799
2023-04-15 Saturday 12:51:12 root:INFO:1-Total Mean Stopped Cross Check= 144.046 +/- 0.000
2023-04-15 Saturday 12:51:12 root:INFO:2-Total Mean Stopped Cross Check= 144.046 +/- 24.799
2023-04-15 Saturday 12:51:12 root:INFO:****
2023-04-15 Saturday 12:51:12 root:INFO:Episode:0 Mean Waiting Time= 3240.911 +/- 586.631
2023-04-15 Saturday 12:51:12 root:INFO:1-Total Mean Waiting Time= 3240.911 +/- 0.000
2023-04-15 Saturday 12:51:12 root:INFO:2-Total Mean Waiting Time= 3240.911 +/- 586.631
2023-04-15 Saturday 12:51:12 root:INFO:Episode:0 Mean Avg Speed= 0.038 +/- 0.033
2023-04-15 Saturday 12:51:12 root:INFO:1-Total Mean Avg Speed= 0.038 +/- 0.000
2023-04-15 Saturday 12:51:12 root:INFO:2-Total Mean Avg Speed= 0.038 +/- 0.033
2023-04-15 Saturday 12:51:12 root:INFO:Episode:0 Mean Avg Speed 2= 0.709 +/- 0.628
2023-04-15 Saturday 12:51:12 root:INFO:1-Total Mean Avg Speed 2= 0.709 +/- 0.000
2023-04-15 Saturday 12:51:12 root:INFO:2-Total Mean Avg Speed 2= 0.709 +/- 0.628
2023-04-15 Saturday 12:51:12 root:INFO:Episode:0 Mean Avg Speed Cross Check= 1.265 +/- 0.718
2023-04-15 Saturday 12:51:12 root:INFO:1-Total Mean Avg Speed Cross Check= 1.265 +/- 0.000
2023-04-15 Saturday 12:51:12 root:INFO:2-Total Mean Avg Speed Cross Check= 1.265 +/- 0.718
2023-04-15 Saturday 12:51:12 root:INFO:Episode:0 Mean Average CO2 Emission TL= 2540.131 +/- 70.133
2023-04-15 Saturday 12:51:12 root:INFO:1-Total Mean Average CO2 Emission TL= 2540.131 +/- 0.000
2023-04-15 Saturday 12:51:12 root:INFO:2-Total Mean Average CO2 Emission TL= 2540.131 +/- 70.133
2023-04-15 Saturday 12:51:12 root:INFO:Episode:0 Mean Average CO Emission TL= 147.381 +/- 5.787
2023-04-15 Saturday 12:51:12 root:INFO:1-Total Mean Average CO Emission TL= 147.381 +/- 0.000
2023-04-15 Saturday 12:51:12 root:INFO:2-Total Mean Average CO Emission TL= 147.381 +/- 5.787
2023-04-15 Saturday 12:51:12 root:INFO:Episode:0 Mean Average Fuel Consumption TL= 1.092 +/- 0.030
2023-04-15 Saturday 12:51:12 root:INFO:1-Total Mean Average Fuel Consumption TL= 1.092 +/- 0.000
2023-04-15 Saturday 12:51:12 root:INFO:2-Total Mean Average Fuel Consumption TL= 1.092 +/- 0.030
2023-04-15 Saturday 12:51:12 root:INFO:Episode:0 Mean Average Noise Emission TL= 56.335 +/- 0.463
2023-04-15 Saturday 12:51:12 root:INFO:1-Total Mean Average Noise Emission TL= 56.335 +/- 0.000
2023-04-15 Saturday 12:51:12 root:INFO:2-Total Mean Average Noise Emission TL= 56.335 +/- 0.463
2023-04-15 Saturday 12:51:12 root:INFO:Episode:0 Mean Average CO2 Emission= 2504.372 +/- 57.936
2023-04-15 Saturday 12:51:12 root:INFO:1-Total Mean Average CO2 Emission= 2504.372 +/- 0.000
2023-04-15 Saturday 12:51:12 root:INFO:2-Total Mean Average CO2 Emission= 2504.372 +/- 57.936
2023-04-15 Saturday 12:51:12 root:INFO:Episode:0 Mean Average CO Emission= 139.894 +/- 7.591
2023-04-15 Saturday 12:51:12 root:INFO:1-Total Mean Average CO Emission= 139.894 +/- 0.000
2023-04-15 Saturday 12:51:12 root:INFO:2-Total Mean Average CO Emission= 139.894 +/- 7.591
2023-04-15 Saturday 12:51:12 root:INFO:Episode:0 Mean Average Fuel Consumption= 1.077 +/- 0.025
2023-04-15 Saturday 12:51:12 root:INFO:1-Total Mean Average Fuel Consumption= 1.077 +/- 0.000
2023-04-15 Saturday 12:51:12 root:INFO:2-Total Mean Average Fuel Consumption= 1.077 +/- 0.025
2023-04-15 Saturday 12:51:12 root:INFO:Episode:0 Mean Average Noise Emission= 56.701 +/- 0.511
2023-04-15 Saturday 12:51:12 root:INFO:1-Total Mean Average Noise Emission= 56.701 +/- 0.000
2023-04-15 Saturday 12:51:12 root:INFO:2-Total Mean Average Noise Emission= 56.701 +/- 0.511
2023-04-15 Saturday 12:51:12 root:INFO:****************************************
