2023-03-13 Monday 12:56:04: Run: 4 for Training experiment: DoE-43 - first seed: 470 - alpha: 0.5 - gamma: 0.9 - epsilon: 0.2 - reward: diff-waiting-time
2023-03-13 Monday 13:01:15: Run: 1 - First Epsilon: 0.2 - Last Epsilon: 0.2
2023-03-13 Monday 13:06:24: Run: 2 - First Epsilon: 0.2 - Last Epsilon: 0.2
2023-03-13 Monday 13:11:34: Run: 3 - First Epsilon: 0.2 - Last Epsilon: 0.2
2023-03-13 Monday 13:16:40: Run: 4 - First Epsilon: 0.2 - Last Epsilon: 0.2
2023-03-13 Monday 13:22:09: Run: 5 - First Epsilon: 0.2 - Last Epsilon: 0.2
2023-03-13 Monday 13:22:10: Q-Table Total Distinct States: 243
2023-03-13 Monday 13:22:10: Mean_reward=-1.01 +/- 0.79
2023-03-13 Monday 13:22:10: Mean_Stopped=71864.20 +/- 2699.21
2023-03-13 Monday 13:22:10: Mean_Stopped=71989.40 +/- 2717.71
2023-03-13 Monday 13:22:10: Mean_waiting_time=1550293.20 +/- 174572.10
2023-03-13 Monday 13:22:10: Mean_avg_speed=3654.81 +/- 50.90
2023-03-13 Monday 13:22:10: Mean_avg_speed_2=67910.96 +/- 933.66
2023-03-13 Monday 13:22:10: Mean_avg_speed_cross_check=79481.21 +/- 666.66
2023-03-13 Monday 13:22:10: ****************************************
2023-03-13 Monday 13:22:10: Calculation 1 - Overall 
2023-03-13 Monday 13:22:10: ****************************************
2023-03-13 Monday 13:22:10: Inner X Outer Loops Mean Reward= -0.000 +/- 0.748
2023-03-13 Monday 13:22:10: Inner X Outer Loops Mean Stopped= 7.186 +/- 2.364
2023-03-13 Monday 13:22:10: Inner X Outer Loops Mean Stopped Cross Check= 7.198 +/- 2.366
2023-03-13 Monday 13:22:10: Inner X Outer Loops Mean Waiting Time= 155.014 +/- 153.151
2023-03-13 Monday 13:22:10: Inner X Outer Loops Mean Avg Speed= 0.365 +/- 0.061
2023-03-13 Monday 13:22:10: Inner X Outer Loops Mean Avg Speed 2= 6.790 +/- 1.106
2023-03-13 Monday 13:22:10: Inner X Outer Loops Mean Avg Speed Cross Check= 7.947 +/- 0.787
2023-03-13 Monday 13:22:10: ****************************************
2023-03-13 Monday 13:22:10: Calculation 2 - Per Episode
2023-03-13 Monday 13:22:10: ****************************************
2023-03-13 Monday 13:22:10: Episode:0 Mean Reward= -0.000 +/- 0.838
2023-03-13 Monday 13:22:10: Episode:1 Mean Reward= -0.000 +/- 0.725
2023-03-13 Monday 13:22:10: Episode:2 Mean Reward= -0.000 +/- 0.745
2023-03-13 Monday 13:22:10: Episode:3 Mean Reward= -0.000 +/- 0.697
2023-03-13 Monday 13:22:10: Episode:4 Mean Reward= -0.000 +/- 0.725
2023-03-13 Monday 13:22:10: 1-Total Mean Reward= -0.000 +/- 0.000
2023-03-13 Monday 13:22:10: 2-Total Mean Reward= -0.000 +/- 0.746
2023-03-13 Monday 13:22:10: ****
2023-03-13 Monday 13:22:10: Episode:0 Mean Stopped= 7.645 +/- 2.762
2023-03-13 Monday 13:22:10: Episode:1 Mean Stopped= 7.187 +/- 2.343
2023-03-13 Monday 13:22:10: Episode:2 Mean Stopped= 7.016 +/- 2.225
2023-03-13 Monday 13:22:10: Episode:3 Mean Stopped= 6.837 +/- 2.056
2023-03-13 Monday 13:22:10: Episode:4 Mean Stopped= 7.243 +/- 2.301
2023-03-13 Monday 13:22:10: 1-Total Mean Stopped= 7.186 +/- 0.270
2023-03-13 Monday 13:22:10: 2-Total Mean Stopped= 7.186 +/- 2.337
2023-03-13 Monday 13:22:10: ****
2023-03-13 Monday 13:22:10: Episode:0 Mean Stopped Cross Check= 7.660 +/- 2.764
2023-03-13 Monday 13:22:10: Episode:1 Mean Stopped Cross Check= 7.198 +/- 2.346
2023-03-13 Monday 13:22:10: Episode:2 Mean Stopped Cross Check= 7.027 +/- 2.224
2023-03-13 Monday 13:22:10: Episode:3 Mean Stopped Cross Check= 6.848 +/- 2.055
2023-03-13 Monday 13:22:10: Episode:4 Mean Stopped Cross Check= 7.258 +/- 2.301
2023-03-13 Monday 13:22:10: 1-Total Mean Stopped Cross Check= 7.198 +/- 0.272
2023-03-13 Monday 13:22:10: 2-Total Mean Stopped Cross Check= 7.198 +/- 2.338
2023-03-13 Monday 13:22:10: ****
2023-03-13 Monday 13:22:10: Episode:0 Mean Waiting Time= 188.128 +/- 219.928
2023-03-13 Monday 13:22:10: Episode:1 Mean Waiting Time= 148.219 +/- 130.558
2023-03-13 Monday 13:22:10: Episode:2 Mean Waiting Time= 153.440 +/- 148.690
2023-03-13 Monday 13:22:10: Episode:3 Mean Waiting Time= 136.636 +/- 115.999
2023-03-13 Monday 13:22:10: Episode:4 Mean Waiting Time= 148.647 +/- 121.548
2023-03-13 Monday 13:22:10: 1-Total Mean Waiting Time= 155.014 +/- 17.455
2023-03-13 Monday 13:22:10: 2-Total Mean Waiting Time= 155.014 +/- 147.345
2023-03-13 Monday 13:22:10: Episode:0 Mean Avg Speed= 0.357 +/- 0.063
2023-03-13 Monday 13:22:10: Episode:1 Mean Avg Speed= 0.365 +/- 0.061
2023-03-13 Monday 13:22:10: Episode:2 Mean Avg Speed= 0.369 +/- 0.060
2023-03-13 Monday 13:22:10: Episode:3 Mean Avg Speed= 0.373 +/- 0.059
2023-03-13 Monday 13:22:10: Episode:4 Mean Avg Speed= 0.363 +/- 0.060
2023-03-13 Monday 13:22:10: 1-Total Mean Avg Speed= 0.365 +/- 0.005
2023-03-13 Monday 13:22:10: 2-Total Mean Avg Speed= 0.365 +/- 0.061
2023-03-13 Monday 13:22:10: Episode:0 Mean Avg Speed 2= 6.643 +/- 1.146
2023-03-13 Monday 13:22:10: Episode:1 Mean Avg Speed 2= 6.787 +/- 1.109
2023-03-13 Monday 13:22:10: Episode:2 Mean Avg Speed 2= 6.852 +/- 1.092
2023-03-13 Monday 13:22:10: Episode:3 Mean Avg Speed 2= 6.919 +/- 1.072
2023-03-13 Monday 13:22:10: Episode:4 Mean Avg Speed 2= 6.751 +/- 1.093
2023-03-13 Monday 13:22:10: 1-Total Mean Avg Speed 2= 6.790 +/- 0.093
2023-03-13 Monday 13:22:10: 2-Total Mean Avg Speed 2= 6.790 +/- 1.102
2023-03-13 Monday 13:22:10: Episode:0 Mean Avg Speed Cross Check= 7.843 +/- 0.829
2023-03-13 Monday 13:22:10: Episode:1 Mean Avg Speed Cross Check= 7.944 +/- 0.788
2023-03-13 Monday 13:22:10: Episode:2 Mean Avg Speed Cross Check= 7.993 +/- 0.773
2023-03-13 Monday 13:22:10: Episode:3 Mean Avg Speed Cross Check= 8.039 +/- 0.752
2023-03-13 Monday 13:22:10: Episode:4 Mean Avg Speed Cross Check= 7.918 +/- 0.778
2023-03-13 Monday 13:22:10: 1-Total Mean Avg Speed Cross Check= 7.947 +/- 0.067
2023-03-13 Monday 13:22:10: 2-Total Mean Avg Speed Cross Check= 7.947 +/- 0.784
2023-03-13 Monday 13:22:10: ****************************************
