2023-03-14 Tuesday 14:59:58: Run: 5 for Training experiment: DoE-9 - first seed: 570 - alpha: 0.1 - gamma: 0.9 - epsilon: 0.3 - reward: diff-waiting-time
2023-03-14 Tuesday 15:05:19: Run: 1 - First Epsilon: 0.3 - Last Epsilon: 0.3
2023-03-14 Tuesday 15:10:32: Run: 2 - First Epsilon: 0.3 - Last Epsilon: 0.3
2023-03-14 Tuesday 15:16:11: Run: 3 - First Epsilon: 0.3 - Last Epsilon: 0.3
2023-03-14 Tuesday 15:21:45: Run: 4 - First Epsilon: 0.3 - Last Epsilon: 0.3
2023-03-14 Tuesday 15:27:25: Run: 5 - First Epsilon: 0.3 - Last Epsilon: 0.3
2023-03-14 Tuesday 15:27:25: Q-Table Total Distinct States: 315
2023-03-14 Tuesday 15:27:25: Mean_reward=-2.23 +/- 1.45
2023-03-14 Tuesday 15:27:25: Mean_Stopped=79010.00 +/- 3675.15
2023-03-14 Tuesday 15:27:25: Mean_Stopped=79145.80 +/- 3687.48
2023-03-14 Tuesday 15:27:25: Mean_waiting_time=1633268.80 +/- 123004.01
2023-03-14 Tuesday 15:27:25: Mean_avg_speed=3520.60 +/- 70.31
2023-03-14 Tuesday 15:27:25: Mean_avg_speed_2=65402.02 +/- 1302.15
2023-03-14 Tuesday 15:27:25: Mean_avg_speed_cross_check=77580.27 +/- 931.72
2023-03-14 Tuesday 15:27:25: ****************************************
2023-03-14 Tuesday 15:27:25: Calculation 1 - Overall 
2023-03-14 Tuesday 15:27:25: ****************************************
2023-03-14 Tuesday 15:27:25: Inner X Outer Loops Mean Reward= -0.000 +/- 0.764
2023-03-14 Tuesday 15:27:25: Inner X Outer Loops Mean Stopped= 7.900 +/- 2.888
2023-03-14 Tuesday 15:27:25: Inner X Outer Loops Mean Stopped Cross Check= 7.914 +/- 2.889
2023-03-14 Tuesday 15:27:25: Inner X Outer Loops Mean Waiting Time= 163.311 +/- 151.328
2023-03-14 Tuesday 15:27:25: Inner X Outer Loops Mean Avg Speed= 0.352 +/- 0.064
2023-03-14 Tuesday 15:27:25: Inner X Outer Loops Mean Avg Speed 2= 6.540 +/- 1.153
2023-03-14 Tuesday 15:27:25: Inner X Outer Loops Mean Avg Speed Cross Check= 7.757 +/- 0.842
2023-03-14 Tuesday 15:27:25: ****************************************
2023-03-14 Tuesday 15:27:25: Calculation 2 - Per Episode
2023-03-14 Tuesday 15:27:25: ****************************************
2023-03-14 Tuesday 15:27:25: Episode:0 Mean Reward= -0.001 +/- 0.808
2023-03-14 Tuesday 15:27:25: Episode:1 Mean Reward= -0.000 +/- 0.716
2023-03-14 Tuesday 15:27:25: Episode:2 Mean Reward= -0.000 +/- 0.753
2023-03-14 Tuesday 15:27:25: Episode:3 Mean Reward= -0.000 +/- 0.759
2023-03-14 Tuesday 15:27:25: Episode:4 Mean Reward= -0.000 +/- 0.779
2023-03-14 Tuesday 15:27:25: 1-Total Mean Reward= -0.000 +/- 0.000
2023-03-14 Tuesday 15:27:25: 2-Total Mean Reward= -0.000 +/- 0.763
2023-03-14 Tuesday 15:27:25: ****
2023-03-14 Tuesday 15:27:25: Episode:0 Mean Stopped= 8.228 +/- 3.657
2023-03-14 Tuesday 15:27:25: Episode:1 Mean Stopped= 7.293 +/- 2.559
2023-03-14 Tuesday 15:27:25: Episode:2 Mean Stopped= 8.099 +/- 2.600
2023-03-14 Tuesday 15:27:25: Episode:3 Mean Stopped= 7.661 +/- 2.471
2023-03-14 Tuesday 15:27:25: Episode:4 Mean Stopped= 8.220 +/- 2.870
2023-03-14 Tuesday 15:27:25: 1-Total Mean Stopped= 7.900 +/- 0.367
2023-03-14 Tuesday 15:27:25: 2-Total Mean Stopped= 7.900 +/- 2.831
2023-03-14 Tuesday 15:27:25: ****
2023-03-14 Tuesday 15:27:25: Episode:0 Mean Stopped Cross Check= 8.240 +/- 3.657
2023-03-14 Tuesday 15:27:25: Episode:1 Mean Stopped Cross Check= 7.303 +/- 2.562
2023-03-14 Tuesday 15:27:25: Episode:2 Mean Stopped Cross Check= 8.115 +/- 2.599
2023-03-14 Tuesday 15:27:25: Episode:3 Mean Stopped Cross Check= 7.676 +/- 2.473
2023-03-14 Tuesday 15:27:25: Episode:4 Mean Stopped Cross Check= 8.234 +/- 2.873
2023-03-14 Tuesday 15:27:25: 1-Total Mean Stopped Cross Check= 7.914 +/- 0.369
2023-03-14 Tuesday 15:27:25: 2-Total Mean Stopped Cross Check= 7.914 +/- 2.833
2023-03-14 Tuesday 15:27:25: ****
2023-03-14 Tuesday 15:27:25: Episode:0 Mean Waiting Time= 180.290 +/- 210.599
2023-03-14 Tuesday 15:27:25: Episode:1 Mean Waiting Time= 143.692 +/- 113.673
2023-03-14 Tuesday 15:27:25: Episode:2 Mean Waiting Time= 161.293 +/- 114.786
2023-03-14 Tuesday 15:27:25: Episode:3 Mean Waiting Time= 159.797 +/- 150.391
2023-03-14 Tuesday 15:27:25: Episode:4 Mean Waiting Time= 171.480 +/- 143.798
2023-03-14 Tuesday 15:27:25: 1-Total Mean Waiting Time= 163.311 +/- 12.299
2023-03-14 Tuesday 15:27:25: 2-Total Mean Waiting Time= 163.311 +/- 146.649
2023-03-14 Tuesday 15:27:25: Episode:0 Mean Avg Speed= 0.350 +/- 0.069
2023-03-14 Tuesday 15:27:25: Episode:1 Mean Avg Speed= 0.364 +/- 0.064
2023-03-14 Tuesday 15:27:25: Episode:2 Mean Avg Speed= 0.346 +/- 0.060
2023-03-14 Tuesday 15:27:25: Episode:3 Mean Avg Speed= 0.355 +/- 0.061
2023-03-14 Tuesday 15:27:25: Episode:4 Mean Avg Speed= 0.345 +/- 0.064
2023-03-14 Tuesday 15:27:25: 1-Total Mean Avg Speed= 0.352 +/- 0.007
2023-03-14 Tuesday 15:27:25: 2-Total Mean Avg Speed= 0.352 +/- 0.063
2023-03-14 Tuesday 15:27:25: Episode:0 Mean Avg Speed 2= 6.487 +/- 1.239
2023-03-14 Tuesday 15:27:25: Episode:1 Mean Avg Speed 2= 6.768 +/- 1.156
2023-03-14 Tuesday 15:27:25: Episode:2 Mean Avg Speed 2= 6.428 +/- 1.078
2023-03-14 Tuesday 15:27:25: Episode:3 Mean Avg Speed 2= 6.595 +/- 1.101
2023-03-14 Tuesday 15:27:25: Episode:4 Mean Avg Speed 2= 6.419 +/- 1.146
2023-03-14 Tuesday 15:27:25: 1-Total Mean Avg Speed 2= 6.540 +/- 0.130
2023-03-14 Tuesday 15:27:25: 2-Total Mean Avg Speed 2= 6.540 +/- 1.144
2023-03-14 Tuesday 15:27:25: Episode:0 Mean Avg Speed Cross Check= 7.712 +/- 0.931
2023-03-14 Tuesday 15:27:25: Episode:1 Mean Avg Speed Cross Check= 7.921 +/- 0.823
2023-03-14 Tuesday 15:27:25: Episode:2 Mean Avg Speed Cross Check= 7.679 +/- 0.788
2023-03-14 Tuesday 15:27:25: Episode:3 Mean Avg Speed Cross Check= 7.798 +/- 0.792
2023-03-14 Tuesday 15:27:25: Episode:4 Mean Avg Speed Cross Check= 7.675 +/- 0.843
2023-03-14 Tuesday 15:27:25: 1-Total Mean Avg Speed Cross Check= 7.757 +/- 0.093
2023-03-14 Tuesday 15:27:25: 2-Total Mean Avg Speed Cross Check= 7.757 +/- 0.835
2023-03-14 Tuesday 15:27:25: ****************************************
