2023-05-21 Sunday 04:25:22 root:INFO:Run: 2 for Baseline experiment: DE-Enhanced-S2-7 - route: ../nets/roundabout/input_routes_roundabout_auto_v1-7.rou.xml - first seed: 280 - alpha: 0.5 - gamma: 0.99 - epsilon: 0.2 - reward: diff-waiting-time
2023-05-21 Sunday 05:04:58 root:INFO:Total Missing States: 0
2023-05-21 Sunday 05:04:58 root:INFO:Mean Reward=-1279565.00 +/- 0.00
2023-05-21 Sunday 05:04:58 root:INFO:Mean Stopped=1279565.00 +/- 0.00
2023-05-21 Sunday 05:04:58 root:INFO:Mean_Stopped=1279592.00 +/- 0.00
2023-05-21 Sunday 05:04:58 root:INFO:Mean Waiting Time=29298755.00 +/- 0.00
2023-05-21 Sunday 05:04:58 root:INFO:Mean_avg_speed=403.98 +/- 0.00
2023-05-21 Sunday 05:04:58 root:INFO:Mean_avg_speed_2=7509.65 +/- 0.00
2023-05-21 Sunday 05:04:58 root:INFO:Mean_avg_speed_cross_check=13438.92 +/- 0.00
2023-05-21 Sunday 05:04:58 root:INFO:Mean_average_co2_emission_tl=25520202.75 +/- 0.00
2023-05-21 Sunday 05:04:58 root:INFO:Mean_average_co_emission_tl=1474619.95 +/- 0.00
2023-05-21 Sunday 05:04:58 root:INFO:Mean_average_fuel_consumption_tl=10970.72 +/- 0.00
2023-05-21 Sunday 05:04:58 root:INFO:Mean_average_noise_emission_tl=563602.67 +/- 0.00
2023-05-21 Sunday 05:04:58 root:INFO:Mean_average_co2_emission=25137287.22 +/- 0.00
2023-05-21 Sunday 05:04:58 root:INFO:Mean_average_co_emission=1394214.96 +/- 0.00
2023-05-21 Sunday 05:04:58 root:INFO:Mean_average_fuel_consumptions=10806.08 +/- 0.00
2023-05-21 Sunday 05:04:58 root:INFO:Mean_average_noise_emissions=567459.75 +/- 0.00
2023-05-21 Sunday 05:04:58 root:INFO:****************************************
2023-05-21 Sunday 05:04:58 root:INFO:Calculation 1 - Overall 
2023-05-21 Sunday 05:04:58 root:INFO:****************************************
2023-05-21 Sunday 05:04:58 root:INFO:Inner X Outer Loops Mean Reward=-127.944 +/- 21.163
2023-05-21 Sunday 05:04:58 root:INFO:Inner X Outer Loops Mean Stopped= 127.944 +/- 21.163
2023-05-21 Sunday 05:04:58 root:INFO:Inner X Outer Loops Mean Stopped Cross Check= 127.946 +/- 21.162
2023-05-21 Sunday 05:04:58 root:INFO:Inner X Outer Loops Mean Waiting Time= 2929.583 +/- 543.135
2023-05-21 Sunday 05:04:58 root:INFO:Inner X Outer Loops Mean Avg Speed= 0.040 +/- 0.032
2023-05-21 Sunday 05:04:58 root:INFO:Inner X Outer Loops Mean Avg Speed 2= 0.751 +/- 0.597
2023-05-21 Sunday 05:04:58 root:INFO:Inner X Outer Loops Mean Avg Speed Cross Check= 1.344 +/- 0.657
2023-05-21 Sunday 05:04:58 root:INFO:Inner X Outer Loops Mean Average CO2 Emission TL= 2551.765 +/- 69.349
2023-05-21 Sunday 05:04:58 root:INFO:Inner X Outer Loops Mean Average CO Emission TL= 147.447 +/- 5.948
2023-05-21 Sunday 05:04:58 root:INFO:Inner X Outer Loops Mean Average Fuel Consumption TL= 1.097 +/- 0.030
2023-05-21 Sunday 05:04:58 root:INFO:Inner X Outer Loops Mean Average Noise Emission TL= 56.355 +/- 0.446
2023-05-21 Sunday 05:04:58 root:INFO:Inner X Outer Loops Mean Average CO2 Emission= 2513.477 +/- 59.979
2023-05-21 Sunday 05:04:58 root:INFO:Inner X Outer Loops Mean Average CO Emission= 139.408 +/- 7.156
2023-05-21 Sunday 05:04:58 root:INFO:Inner X Outer Loops Mean Average Fuel Consumptions= 1.081 +/- 0.026
2023-05-21 Sunday 05:04:58 root:INFO:Inner X Outer Loops Mean Average Noise Emissions= 56.740 +/- 0.476
2023-05-21 Sunday 05:04:58 root:INFO:****************************************
2023-05-21 Sunday 05:04:58 root:INFO:Calculation 2 - Per Episode
2023-05-21 Sunday 05:04:58 root:INFO:****************************************
2023-05-21 Sunday 05:04:58 root:INFO:Episode:0 Mean Waiting Time=-127.944 +/- 21.163
2023-05-21 Sunday 05:04:58 root:INFO:1-Total Mean Reward= -127.944 +/- 0.000
2023-05-21 Sunday 05:04:58 root:INFO:2-Total Mean Reward= -127.944 +/- 21.163
2023-05-21 Sunday 05:04:58 root:INFO:****
2023-05-21 Sunday 05:04:58 root:INFO:Episode:0 Mean Stopped= 127.944 +/- 21.163
2023-05-21 Sunday 05:04:58 root:INFO:1-Total Mean Stopped= 127.944 +/- 0.000
2023-05-21 Sunday 05:04:58 root:INFO:2-Total Mean Stopped= 127.944 +/- 21.163
2023-05-21 Sunday 05:04:58 root:INFO:****
2023-05-21 Sunday 05:04:58 root:INFO:Episode:0 Mean Stopped Cross Check= 127.946 +/- 21.162
2023-05-21 Sunday 05:04:58 root:INFO:1-Total Mean Stopped Cross Check= 127.946 +/- 0.000
2023-05-21 Sunday 05:04:58 root:INFO:2-Total Mean Stopped Cross Check= 127.946 +/- 21.162
2023-05-21 Sunday 05:04:58 root:INFO:****
2023-05-21 Sunday 05:04:58 root:INFO:Episode:0 Mean Waiting Time= 2929.583 +/- 543.135
2023-05-21 Sunday 05:04:58 root:INFO:1-Total Mean Waiting Time= 2929.583 +/- 0.000
2023-05-21 Sunday 05:04:58 root:INFO:2-Total Mean Waiting Time= 2929.583 +/- 543.135
2023-05-21 Sunday 05:04:58 root:INFO:Episode:0 Mean Avg Speed= 0.040 +/- 0.032
2023-05-21 Sunday 05:04:58 root:INFO:1-Total Mean Avg Speed= 0.040 +/- 0.000
2023-05-21 Sunday 05:04:58 root:INFO:2-Total Mean Avg Speed= 0.040 +/- 0.032
2023-05-21 Sunday 05:04:58 root:INFO:Episode:0 Mean Avg Speed 2= 0.751 +/- 0.597
2023-05-21 Sunday 05:04:58 root:INFO:1-Total Mean Avg Speed 2= 0.751 +/- 0.000
2023-05-21 Sunday 05:04:58 root:INFO:2-Total Mean Avg Speed 2= 0.751 +/- 0.597
2023-05-21 Sunday 05:04:58 root:INFO:Episode:0 Mean Avg Speed Cross Check= 1.344 +/- 0.657
2023-05-21 Sunday 05:04:58 root:INFO:1-Total Mean Avg Speed Cross Check= 1.344 +/- 0.000
2023-05-21 Sunday 05:04:58 root:INFO:2-Total Mean Avg Speed Cross Check= 1.344 +/- 0.657
2023-05-21 Sunday 05:04:58 root:INFO:Episode:0 Mean Average CO2 Emission TL= 2551.765 +/- 69.349
2023-05-21 Sunday 05:04:58 root:INFO:1-Total Mean Average CO2 Emission TL= 2551.765 +/- 0.000
2023-05-21 Sunday 05:04:58 root:INFO:2-Total Mean Average CO2 Emission TL= 2551.765 +/- 69.349
2023-05-21 Sunday 05:04:58 root:INFO:Episode:0 Mean Average CO Emission TL= 147.447 +/- 5.948
2023-05-21 Sunday 05:04:58 root:INFO:1-Total Mean Average CO Emission TL= 147.447 +/- 0.000
2023-05-21 Sunday 05:04:58 root:INFO:2-Total Mean Average CO Emission TL= 147.447 +/- 5.948
2023-05-21 Sunday 05:04:58 root:INFO:Episode:0 Mean Average Fuel Consumption TL= 1.097 +/- 0.030
2023-05-21 Sunday 05:04:58 root:INFO:1-Total Mean Average Fuel Consumption TL= 1.097 +/- 0.000
2023-05-21 Sunday 05:04:58 root:INFO:2-Total Mean Average Fuel Consumption TL= 1.097 +/- 0.030
2023-05-21 Sunday 05:04:58 root:INFO:Episode:0 Mean Average Noise Emission TL= 56.355 +/- 0.446
2023-05-21 Sunday 05:04:58 root:INFO:1-Total Mean Average Noise Emission TL= 56.355 +/- 0.000
2023-05-21 Sunday 05:04:58 root:INFO:2-Total Mean Average Noise Emission TL= 56.355 +/- 0.446
2023-05-21 Sunday 05:04:58 root:INFO:Episode:0 Mean Average CO2 Emission= 2513.477 +/- 59.979
2023-05-21 Sunday 05:04:58 root:INFO:1-Total Mean Average CO2 Emission= 2513.477 +/- 0.000
2023-05-21 Sunday 05:04:58 root:INFO:2-Total Mean Average CO2 Emission= 2513.477 +/- 59.979
2023-05-21 Sunday 05:04:58 root:INFO:Episode:0 Mean Average CO Emission= 139.408 +/- 7.156
2023-05-21 Sunday 05:04:58 root:INFO:1-Total Mean Average CO Emission= 139.408 +/- 0.000
2023-05-21 Sunday 05:04:58 root:INFO:2-Total Mean Average CO Emission= 139.408 +/- 7.156
2023-05-21 Sunday 05:04:58 root:INFO:Episode:0 Mean Average Fuel Consumption= 1.081 +/- 0.026
2023-05-21 Sunday 05:04:58 root:INFO:1-Total Mean Average Fuel Consumption= 1.081 +/- 0.000
2023-05-21 Sunday 05:04:58 root:INFO:2-Total Mean Average Fuel Consumption= 1.081 +/- 0.026
2023-05-21 Sunday 05:04:58 root:INFO:Episode:0 Mean Average Noise Emission= 56.740 +/- 0.476
2023-05-21 Sunday 05:04:58 root:INFO:1-Total Mean Average Noise Emission= 56.740 +/- 0.000
2023-05-21 Sunday 05:04:58 root:INFO:2-Total Mean Average Noise Emission= 56.740 +/- 0.476
2023-05-21 Sunday 05:04:58 root:INFO:****************************************
