2023-03-05 Sunday 18:08:01: Run: 2 for Training experiment: DoE-49 - first seed: 270 - alpha: 0.5 - gamma: 0.99 - epsilon: 0.2 - reward: diff-waiting-time
2023-03-05 Sunday 18:13:17: Run: 1 - First Epsilon: 0.2 - Last Epsilon: 0.2
2023-03-05 Sunday 18:18:51: Run: 2 - First Epsilon: 0.2 - Last Epsilon: 0.2
2023-03-05 Sunday 18:24:04: Run: 3 - First Epsilon: 0.2 - Last Epsilon: 0.2
2023-03-05 Sunday 18:29:43: Run: 4 - First Epsilon: 0.2 - Last Epsilon: 0.2
2023-03-05 Sunday 18:34:55: Run: 5 - First Epsilon: 0.2 - Last Epsilon: 0.2
2023-03-05 Sunday 18:34:55: Q-Table Total Distinct States: 198
2023-03-05 Sunday 18:34:55: Mean_reward=-1.59 +/- 0.87
2023-03-05 Sunday 18:34:55: Mean_Stopped=73592.20 +/- 1736.77
2023-03-05 Sunday 18:34:55: Mean_Stopped=73741.40 +/- 1752.05
2023-03-05 Sunday 18:34:55: Mean_waiting_time=1919536.80 +/- 184189.92
2023-03-05 Sunday 18:34:55: Mean_avg_speed=3615.41 +/- 36.12
2023-03-05 Sunday 18:34:55: Mean_avg_speed_2=67204.40 +/- 683.71
2023-03-05 Sunday 18:34:55: Mean_avg_speed_cross_check=79024.22 +/- 499.89
2023-03-05 Sunday 18:34:55: ****************************************
2023-03-05 Sunday 18:34:55: Calculation 1 - Overall 
2023-03-05 Sunday 18:34:55: ****************************************
2023-03-05 Sunday 18:34:55: Inner X Outer Loops Mean Reward= -0.000 +/- 0.844
2023-03-05 Sunday 18:34:55: Inner X Outer Loops Mean Stopped= 7.358 +/- 2.223
2023-03-05 Sunday 18:34:55: Inner X Outer Loops Mean Stopped Cross Check= 7.373 +/- 2.221
2023-03-05 Sunday 18:34:55: Inner X Outer Loops Mean Waiting Time= 191.934 +/- 194.121
2023-03-05 Sunday 18:34:55: Inner X Outer Loops Mean Avg Speed= 0.362 +/- 0.058
2023-03-05 Sunday 18:34:55: Inner X Outer Loops Mean Avg Speed 2= 6.720 +/- 1.054
2023-03-05 Sunday 18:34:55: Inner X Outer Loops Mean Avg Speed Cross Check= 7.902 +/- 0.747
2023-03-05 Sunday 18:34:55: ****************************************
2023-03-05 Sunday 18:34:55: Calculation 2 - Per Episode
2023-03-05 Sunday 18:34:55: ****************************************
2023-03-05 Sunday 18:34:55: Episode:0 Mean Reward= -0.000 +/- 0.848
2023-03-05 Sunday 18:34:55: Episode:1 Mean Reward= -0.000 +/- 0.853
2023-03-05 Sunday 18:34:55: Episode:2 Mean Reward= -0.000 +/- 0.888
2023-03-05 Sunday 18:34:55: Episode:3 Mean Reward= -0.000 +/- 0.870
2023-03-05 Sunday 18:34:55: Episode:4 Mean Reward= -0.000 +/- 0.753
2023-03-05 Sunday 18:34:55: 1-Total Mean Reward= -0.000 +/- 0.000
2023-03-05 Sunday 18:34:55: 2-Total Mean Reward= -0.000 +/- 0.842
2023-03-05 Sunday 18:34:55: ****
2023-03-05 Sunday 18:34:55: Episode:0 Mean Stopped= 7.479 +/- 2.494
2023-03-05 Sunday 18:34:55: Episode:1 Mean Stopped= 7.517 +/- 2.183
2023-03-05 Sunday 18:34:55: Episode:2 Mean Stopped= 7.378 +/- 2.138
2023-03-05 Sunday 18:34:55: Episode:3 Mean Stopped= 7.391 +/- 2.156
2023-03-05 Sunday 18:34:55: Episode:4 Mean Stopped= 7.027 +/- 2.083
2023-03-05 Sunday 18:34:55: 1-Total Mean Stopped= 7.358 +/- 0.174
2023-03-05 Sunday 18:34:55: 2-Total Mean Stopped= 7.358 +/- 2.211
2023-03-05 Sunday 18:34:55: ****
2023-03-05 Sunday 18:34:55: Episode:0 Mean Stopped Cross Check= 7.492 +/- 2.495
2023-03-05 Sunday 18:34:55: Episode:1 Mean Stopped Cross Check= 7.535 +/- 2.183
2023-03-05 Sunday 18:34:55: Episode:2 Mean Stopped Cross Check= 7.392 +/- 2.136
2023-03-05 Sunday 18:34:55: Episode:3 Mean Stopped Cross Check= 7.408 +/- 2.154
2023-03-05 Sunday 18:34:55: Episode:4 Mean Stopped Cross Check= 7.039 +/- 2.081
2023-03-05 Sunday 18:34:55: 1-Total Mean Stopped Cross Check= 7.373 +/- 0.175
2023-03-05 Sunday 18:34:55: 2-Total Mean Stopped Cross Check= 7.373 +/- 2.210
2023-03-05 Sunday 18:34:55: ****
2023-03-05 Sunday 18:34:55: Episode:0 Mean Waiting Time= 194.056 +/- 202.687
2023-03-05 Sunday 18:34:55: Episode:1 Mean Waiting Time= 196.335 +/- 198.083
2023-03-05 Sunday 18:34:55: Episode:2 Mean Waiting Time= 209.042 +/- 208.881
2023-03-05 Sunday 18:34:55: Episode:3 Mean Waiting Time= 203.574 +/- 204.726
2023-03-05 Sunday 18:34:55: Episode:4 Mean Waiting Time= 156.665 +/- 144.420
2023-03-05 Sunday 18:34:55: 1-Total Mean Waiting Time= 191.934 +/- 18.417
2023-03-05 Sunday 18:34:55: 2-Total Mean Waiting Time= 191.934 +/- 191.759
2023-03-05 Sunday 18:34:55: Episode:0 Mean Avg Speed= 0.360 +/- 0.060
2023-03-05 Sunday 18:34:55: Episode:1 Mean Avg Speed= 0.357 +/- 0.057
2023-03-05 Sunday 18:34:55: Episode:2 Mean Avg Speed= 0.361 +/- 0.057
2023-03-05 Sunday 18:34:55: Episode:3 Mean Avg Speed= 0.361 +/- 0.058
2023-03-05 Sunday 18:34:55: Episode:4 Mean Avg Speed= 0.368 +/- 0.058
2023-03-05 Sunday 18:34:55: 1-Total Mean Avg Speed= 0.362 +/- 0.004
2023-03-05 Sunday 18:34:55: 2-Total Mean Avg Speed= 0.362 +/- 0.058
2023-03-05 Sunday 18:34:55: Episode:0 Mean Avg Speed 2= 6.695 +/- 1.099
2023-03-05 Sunday 18:34:55: Episode:1 Mean Avg Speed 2= 6.644 +/- 1.034
2023-03-05 Sunday 18:34:55: Episode:2 Mean Avg Speed 2= 6.715 +/- 1.033
2023-03-05 Sunday 18:34:55: Episode:3 Mean Avg Speed 2= 6.697 +/- 1.042
2023-03-05 Sunday 18:34:55: Episode:4 Mean Avg Speed 2= 6.848 +/- 1.049
2023-03-05 Sunday 18:34:55: 1-Total Mean Avg Speed 2= 6.720 +/- 0.068
2023-03-05 Sunday 18:34:55: 2-Total Mean Avg Speed 2= 6.720 +/- 1.051
2023-03-05 Sunday 18:34:55: Episode:0 Mean Avg Speed Cross Check= 7.884 +/- 0.792
2023-03-05 Sunday 18:34:55: Episode:1 Mean Avg Speed Cross Check= 7.850 +/- 0.739
2023-03-05 Sunday 18:34:55: Episode:2 Mean Avg Speed Cross Check= 7.895 +/- 0.726
2023-03-05 Sunday 18:34:55: Episode:3 Mean Avg Speed Cross Check= 7.882 +/- 0.734
2023-03-05 Sunday 18:34:55: Episode:4 Mean Avg Speed Cross Check= 7.997 +/- 0.734
2023-03-05 Sunday 18:34:55: 1-Total Mean Avg Speed Cross Check= 7.902 +/- 0.050
2023-03-05 Sunday 18:34:55: 2-Total Mean Avg Speed Cross Check= 7.902 +/- 0.745
2023-03-05 Sunday 18:34:55: ****************************************
