2023-04-10 Monday 01:43:29 root:INFO:Run: 1 for Baseline experiment: DE-6 - route: ../nets/roundabout/input_routes_roundabout_auto_v1-6.rou.xml - first seed: 180 - alpha: 0.5 - gamma: 0.99 - epsilon: 0.2 - reward: diff-waiting-time
2023-04-10 Monday 02:30:15 root:INFO:Total Missing States: 0
2023-04-10 Monday 02:30:15 root:INFO:Mean Reward=-1430140.00 +/- 0.00
2023-04-10 Monday 02:30:15 root:INFO:Mean Stopped=1430140.00 +/- 0.00
2023-04-10 Monday 02:30:15 root:INFO:Mean_Stopped=1430164.00 +/- 0.00
2023-04-10 Monday 02:30:15 root:INFO:Mean Waiting Time=32201895.00 +/- 0.00
2023-04-10 Monday 02:30:15 root:INFO:Mean_avg_speed=379.27 +/- 0.00
2023-04-10 Monday 02:30:15 root:INFO:Mean_avg_speed_2=7044.89 +/- 0.00
2023-04-10 Monday 02:30:15 root:INFO:Mean_avg_speed_cross_check=12624.02 +/- 0.00
2023-04-10 Monday 02:30:15 root:INFO:****************************************
2023-04-10 Monday 02:30:15 root:INFO:Calculation 1 - Overall 
2023-04-10 Monday 02:30:15 root:INFO:****************************************
2023-04-10 Monday 02:30:15 root:INFO:Inner X Outer Loops Mean Reward=-143.000 +/- 24.204
2023-04-10 Monday 02:30:15 root:INFO:Inner X Outer Loops Mean Stopped= 143.000 +/- 24.204
2023-04-10 Monday 02:30:15 root:INFO:Inner X Outer Loops Mean Stopped Cross Check= 143.002 +/- 24.195
2023-04-10 Monday 02:30:15 root:INFO:Inner X Outer Loops Mean Waiting Time= 3219.868 +/- 575.669
2023-04-10 Monday 02:30:15 root:INFO:Inner X Outer Loops Mean Avg Speed= 0.038 +/- 0.032
2023-04-10 Monday 02:30:15 root:INFO:Inner X Outer Loops Mean Avg Speed 2= 0.704 +/- 0.591
2023-04-10 Monday 02:30:15 root:INFO:Inner X Outer Loops Mean Avg Speed Cross Check= 1.262 +/- 0.671
2023-04-10 Monday 02:30:15 root:INFO:****************************************
2023-04-10 Monday 02:30:15 root:INFO:Calculation 2 - Per Episode
2023-04-10 Monday 02:30:15 root:INFO:****************************************
2023-04-10 Monday 02:30:15 root:INFO:Episode:0 Mean Waiting Time=-143.000 +/- 24.204
2023-04-10 Monday 02:30:15 root:INFO:1-Total Mean Reward= -143.000 +/- 0.000
2023-04-10 Monday 02:30:15 root:INFO:2-Total Mean Reward= -143.000 +/- 24.204
2023-04-10 Monday 02:30:15 root:INFO:****
2023-04-10 Monday 02:30:15 root:INFO:Episode:0 Mean Stopped= 143.000 +/- 24.204
2023-04-10 Monday 02:30:15 root:INFO:1-Total Mean Stopped= 143.000 +/- 0.000
2023-04-10 Monday 02:30:15 root:INFO:2-Total Mean Stopped= 143.000 +/- 24.204
2023-04-10 Monday 02:30:15 root:INFO:****
2023-04-10 Monday 02:30:15 root:INFO:Episode:0 Mean Stopped Cross Check= 143.002 +/- 24.195
2023-04-10 Monday 02:30:15 root:INFO:1-Total Mean Stopped Cross Check= 143.002 +/- 0.000
2023-04-10 Monday 02:30:15 root:INFO:2-Total Mean Stopped Cross Check= 143.002 +/- 24.195
2023-04-10 Monday 02:30:15 root:INFO:****
2023-04-10 Monday 02:30:15 root:INFO:Episode:0 Mean Waiting Time= 3219.868 +/- 575.669
2023-04-10 Monday 02:30:15 root:INFO:1-Total Mean Waiting Time= 3219.868 +/- 0.000
2023-04-10 Monday 02:30:15 root:INFO:2-Total Mean Waiting Time= 3219.868 +/- 575.669
2023-04-10 Monday 02:30:15 root:INFO:Episode:0 Mean Avg Speed= 0.038 +/- 0.032
2023-04-10 Monday 02:30:15 root:INFO:1-Total Mean Avg Speed= 0.038 +/- 0.000
2023-04-10 Monday 02:30:15 root:INFO:2-Total Mean Avg Speed= 0.038 +/- 0.032
2023-04-10 Monday 02:30:15 root:INFO:Episode:0 Mean Avg Speed 2= 0.704 +/- 0.591
2023-04-10 Monday 02:30:15 root:INFO:1-Total Mean Avg Speed 2= 0.704 +/- 0.000
2023-04-10 Monday 02:30:15 root:INFO:2-Total Mean Avg Speed 2= 0.704 +/- 0.591
2023-04-10 Monday 02:30:15 root:INFO:Episode:0 Mean Avg Speed Cross Check= 1.262 +/- 0.671
2023-04-10 Monday 02:30:15 root:INFO:1-Total Mean Avg Speed Cross Check= 1.262 +/- 0.000
2023-04-10 Monday 02:30:15 root:INFO:2-Total Mean Avg Speed Cross Check= 1.262 +/- 0.671
2023-04-10 Monday 02:30:15 root:INFO:****************************************
