2023-03-02 Thursday 10:05:06: Run: 1 for Training experiment: DoE-46 - first seed: 170 - alpha: 0.5 - gamma: 0.9 - epsilon: 0.3 - reward: average-speed-2
2023-03-02 Thursday 10:18:32: Run: 1 - First Epsilon: 0.3 - Last Epsilon: 0.3
2023-03-02 Thursday 10:37:43: Run: 2 - First Epsilon: 0.3 - Last Epsilon: 0.3
2023-03-02 Thursday 10:50:00: Run: 3 - First Epsilon: 0.3 - Last Epsilon: 0.3
2023-03-02 Thursday 11:00:44: Run: 4 - First Epsilon: 0.3 - Last Epsilon: 0.3
2023-03-02 Thursday 11:11:31: Run: 5 - First Epsilon: 0.3 - Last Epsilon: 0.3
2023-03-02 Thursday 11:11:31: Q-Table Total Distinct States: 1169
2023-03-02 Thursday 11:11:31: Mean_reward=17642.94 +/- 3645.16
2023-03-02 Thursday 11:11:31: Mean_Stopped=606714.60 +/- 183694.56
2023-03-02 Thursday 11:11:31: Mean_Stopped=606948.40 +/- 183762.55
2023-03-02 Thursday 11:11:31: Mean_waiting_time=25854770.20 +/- 10177733.18
2023-03-02 Thursday 11:11:31: Mean_avg_speed=950.07 +/- 197.12
2023-03-02 Thursday 11:11:31: Mean_avg_speed_2=17642.94 +/- 3645.16
2023-03-02 Thursday 11:11:31: Mean_avg_speed_cross_check=29213.29 +/- 5335.15
2023-03-02 Thursday 11:11:31: ****************************************
2023-03-02 Thursday 11:11:31: Calculation 1 - Overall 
2023-03-02 Thursday 11:11:31: ****************************************
2023-03-02 Thursday 11:11:31: Inner X Outer Loops Mean Reward= 1.764 +/- 0.684
2023-03-02 Thursday 11:11:31: Inner X Outer Loops Mean Stopped= 60.665 +/- 21.796
2023-03-02 Thursday 11:11:31: Inner X Outer Loops Mean Stopped Cross Check= 60.689 +/- 21.797
2023-03-02 Thursday 11:11:31: Inner X Outer Loops Mean Waiting Time= 2585.218 +/- 2860.774
2023-03-02 Thursday 11:11:31: Inner X Outer Loops Mean Avg Speed= 0.095 +/- 0.037
2023-03-02 Thursday 11:11:31: Inner X Outer Loops Mean Avg Speed 2= 1.764 +/- 0.684
2023-03-02 Thursday 11:11:31: Inner X Outer Loops Mean Avg Speed Cross Check= 2.921 +/- 0.834
2023-03-02 Thursday 11:11:31: ****************************************
2023-03-02 Thursday 11:11:31: Calculation 2 - Per Episode
2023-03-02 Thursday 11:11:31: ****************************************
2023-03-02 Thursday 11:11:31: Episode:0 Mean Reward= 1.585 +/- 0.583
2023-03-02 Thursday 11:11:31: Episode:1 Mean Reward= 1.150 +/- 0.556
2023-03-02 Thursday 11:11:31: Episode:2 Mean Reward= 1.876 +/- 0.589
2023-03-02 Thursday 11:11:31: Episode:3 Mean Reward= 2.036 +/- 0.606
2023-03-02 Thursday 11:11:31: Episode:4 Mean Reward= 2.174 +/- 0.559
2023-03-02 Thursday 11:11:31: 1-Total Mean Reward= 1.764 +/- 0.364
2023-03-02 Thursday 11:11:31: 2-Total Mean Reward= 1.764 +/- 0.579
2023-03-02 Thursday 11:11:31: ****
2023-03-02 Thursday 11:11:31: Episode:0 Mean Stopped= 63.694 +/- 13.111
2023-03-02 Thursday 11:11:31: Episode:1 Mean Stopped= 94.876 +/- 15.502
2023-03-02 Thursday 11:11:31: Episode:2 Mean Stopped= 53.116 +/- 10.364
2023-03-02 Thursday 11:11:31: Episode:3 Mean Stopped= 48.015 +/- 9.935
2023-03-02 Thursday 11:11:31: Episode:4 Mean Stopped= 43.627 +/- 8.375
2023-03-02 Thursday 11:11:31: 1-Total Mean Stopped= 60.665 +/- 18.368
2023-03-02 Thursday 11:11:31: 2-Total Mean Stopped= 60.665 +/- 11.457
2023-03-02 Thursday 11:11:31: ****
2023-03-02 Thursday 11:11:31: Episode:0 Mean Stopped Cross Check= 63.711 +/- 13.099
2023-03-02 Thursday 11:11:31: Episode:1 Mean Stopped Cross Check= 94.913 +/- 15.492
2023-03-02 Thursday 11:11:31: Episode:2 Mean Stopped Cross Check= 53.142 +/- 10.353
2023-03-02 Thursday 11:11:31: Episode:3 Mean Stopped Cross Check= 48.032 +/- 9.931
2023-03-02 Thursday 11:11:31: Episode:4 Mean Stopped Cross Check= 43.645 +/- 8.366
2023-03-02 Thursday 11:11:31: 1-Total Mean Stopped Cross Check= 60.689 +/- 18.374
2023-03-02 Thursday 11:11:31: 2-Total Mean Stopped Cross Check= 60.689 +/- 11.448
2023-03-02 Thursday 11:11:31: ****
2023-03-02 Thursday 11:11:31: Episode:0 Mean Waiting Time= 3616.297 +/- 4449.506
2023-03-02 Thursday 11:11:31: Episode:1 Mean Waiting Time= 3996.195 +/- 3046.843
2023-03-02 Thursday 11:11:31: Episode:2 Mean Waiting Time= 2060.872 +/- 1812.616
2023-03-02 Thursday 11:11:31: Episode:3 Mean Waiting Time= 1699.024 +/- 1327.257
2023-03-02 Thursday 11:11:31: Episode:4 Mean Waiting Time= 1553.706 +/- 1270.163
2023-03-02 Thursday 11:11:31: 1-Total Mean Waiting Time= 2585.218 +/- 1017.672
2023-03-02 Thursday 11:11:31: 2-Total Mean Waiting Time= 2585.218 +/- 2381.277
2023-03-02 Thursday 11:11:31: Episode:0 Mean Avg Speed= 0.085 +/- 0.031
2023-03-02 Thursday 11:11:31: Episode:1 Mean Avg Speed= 0.062 +/- 0.029
2023-03-02 Thursday 11:11:31: Episode:2 Mean Avg Speed= 0.101 +/- 0.032
2023-03-02 Thursday 11:11:31: Episode:3 Mean Avg Speed= 0.110 +/- 0.033
2023-03-02 Thursday 11:11:31: Episode:4 Mean Avg Speed= 0.117 +/- 0.030
2023-03-02 Thursday 11:11:31: 1-Total Mean Avg Speed= 0.095 +/- 0.020
2023-03-02 Thursday 11:11:31: 2-Total Mean Avg Speed= 0.095 +/- 0.031
2023-03-02 Thursday 11:11:31: Episode:0 Mean Avg Speed 2= 1.585 +/- 0.583
2023-03-02 Thursday 11:11:31: Episode:1 Mean Avg Speed 2= 1.150 +/- 0.556
2023-03-02 Thursday 11:11:31: Episode:2 Mean Avg Speed 2= 1.876 +/- 0.589
2023-03-02 Thursday 11:11:31: Episode:3 Mean Avg Speed 2= 2.036 +/- 0.606
2023-03-02 Thursday 11:11:31: Episode:4 Mean Avg Speed 2= 2.174 +/- 0.559
2023-03-02 Thursday 11:11:31: 1-Total Mean Avg Speed 2= 1.764 +/- 0.364
2023-03-02 Thursday 11:11:31: 2-Total Mean Avg Speed 2= 1.764 +/- 0.579
2023-03-02 Thursday 11:11:31: Episode:0 Mean Avg Speed Cross Check= 2.674 +/- 0.673
2023-03-02 Thursday 11:11:31: Episode:1 Mean Avg Speed Cross Check= 2.010 +/- 0.639
2023-03-02 Thursday 11:11:31: Episode:2 Mean Avg Speed Cross Check= 3.095 +/- 0.636
2023-03-02 Thursday 11:11:31: Episode:3 Mean Avg Speed Cross Check= 3.317 +/- 0.656
2023-03-02 Thursday 11:11:31: Episode:4 Mean Avg Speed Cross Check= 3.509 +/- 0.601
2023-03-02 Thursday 11:11:31: 1-Total Mean Avg Speed Cross Check= 2.921 +/- 0.533
2023-03-02 Thursday 11:11:31: 2-Total Mean Avg Speed Cross Check= 2.921 +/- 0.641
2023-03-02 Thursday 11:11:31: ****************************************
