2023-03-13 Monday 16:48:28: Run: 4 for Training experiment: DoE-47 - first seed: 470 - alpha: 0.5 - gamma: 0.9 - epsilon: 0.4 - reward: diff-waiting-time
2023-03-13 Monday 16:57:27: Run: 1 - First Epsilon: 0.4 - Last Epsilon: 0.4
2023-03-13 Monday 17:03:16: Run: 2 - First Epsilon: 0.4 - Last Epsilon: 0.4
2023-03-13 Monday 17:09:03: Run: 3 - First Epsilon: 0.4 - Last Epsilon: 0.4
2023-03-13 Monday 17:14:55: Run: 4 - First Epsilon: 0.4 - Last Epsilon: 0.4
2023-03-13 Monday 17:20:28: Run: 5 - First Epsilon: 0.4 - Last Epsilon: 0.4
2023-03-13 Monday 17:20:28: Q-Table Total Distinct States: 1169
2023-03-13 Monday 17:20:28: Mean_reward=-1.56 +/- 1.19
2023-03-13 Monday 17:20:28: Mean_Stopped=127771.60 +/- 74018.96
2023-03-13 Monday 17:20:28: Mean_Stopped=127952.00 +/- 74020.75
2023-03-13 Monday 17:20:28: Mean_waiting_time=3721166.60 +/- 3210760.29
2023-03-13 Monday 17:20:28: Mean_avg_speed=3104.96 +/- 397.50
2023-03-13 Monday 17:20:28: Mean_avg_speed_2=57695.73 +/- 7379.09
2023-03-13 Monday 17:20:28: Mean_avg_speed_cross_check=70862.15 +/- 7415.95
2023-03-13 Monday 17:20:28: ****************************************
2023-03-13 Monday 17:20:28: Calculation 1 - Overall 
2023-03-13 Monday 17:20:28: ****************************************
2023-03-13 Monday 17:20:28: Inner X Outer Loops Mean Reward= -0.000 +/- 1.103
2023-03-13 Monday 17:20:28: Inner X Outer Loops Mean Stopped= 12.776 +/- 13.160
2023-03-13 Monday 17:20:28: Inner X Outer Loops Mean Stopped Cross Check= 12.794 +/- 13.161
2023-03-13 Monday 17:20:28: Inner X Outer Loops Mean Waiting Time= 372.079 +/- 722.755
2023-03-13 Monday 17:20:28: Inner X Outer Loops Mean Avg Speed= 0.310 +/- 0.087
2023-03-13 Monday 17:20:28: Inner X Outer Loops Mean Avg Speed 2= 5.769 +/- 1.598
2023-03-13 Monday 17:20:28: Inner X Outer Loops Mean Avg Speed Cross Check= 7.086 +/- 1.462
2023-03-13 Monday 17:20:28: ****************************************
2023-03-13 Monday 17:20:28: Calculation 2 - Per Episode
2023-03-13 Monday 17:20:28: ****************************************
2023-03-13 Monday 17:20:28: Episode:0 Mean Reward= -0.000 +/- 1.741
2023-03-13 Monday 17:20:28: Episode:1 Mean Reward= -0.000 +/- 0.863
2023-03-13 Monday 17:20:28: Episode:2 Mean Reward= -0.000 +/- 0.854
2023-03-13 Monday 17:20:28: Episode:3 Mean Reward= -0.000 +/- 0.870
2023-03-13 Monday 17:20:28: Episode:4 Mean Reward= -0.000 +/- 0.905
2023-03-13 Monday 17:20:28: 1-Total Mean Reward= -0.000 +/- 0.000
2023-03-13 Monday 17:20:28: 2-Total Mean Reward= -0.000 +/- 1.047
2023-03-13 Monday 17:20:28: ****
2023-03-13 Monday 17:20:28: Episode:0 Mean Stopped= 27.566 +/- 23.487
2023-03-13 Monday 17:20:28: Episode:1 Mean Stopped= 8.849 +/- 2.996
2023-03-13 Monday 17:20:28: Episode:2 Mean Stopped= 8.705 +/- 2.821
2023-03-13 Monday 17:20:28: Episode:3 Mean Stopped= 9.163 +/- 3.292
2023-03-13 Monday 17:20:28: Episode:4 Mean Stopped= 9.597 +/- 3.543
2023-03-13 Monday 17:20:28: 1-Total Mean Stopped= 12.776 +/- 7.401
2023-03-13 Monday 17:20:28: 2-Total Mean Stopped= 12.776 +/- 7.228
2023-03-13 Monday 17:20:28: ****
2023-03-13 Monday 17:20:28: Episode:0 Mean Stopped Cross Check= 27.584 +/- 23.489
2023-03-13 Monday 17:20:28: Episode:1 Mean Stopped Cross Check= 8.866 +/- 2.999
2023-03-13 Monday 17:20:28: Episode:2 Mean Stopped Cross Check= 8.723 +/- 2.823
2023-03-13 Monday 17:20:28: Episode:3 Mean Stopped Cross Check= 9.182 +/- 3.295
2023-03-13 Monday 17:20:28: Episode:4 Mean Stopped Cross Check= 9.614 +/- 3.545
2023-03-13 Monday 17:20:28: 1-Total Mean Stopped Cross Check= 12.794 +/- 7.401
2023-03-13 Monday 17:20:28: 2-Total Mean Stopped Cross Check= 12.794 +/- 7.230
2023-03-13 Monday 17:20:28: ****
2023-03-13 Monday 17:20:28: Episode:0 Mean Waiting Time= 1013.945 +/- 1408.108
2023-03-13 Monday 17:20:28: Episode:1 Mean Waiting Time= 206.531 +/- 173.100
2023-03-13 Monday 17:20:28: Episode:2 Mean Waiting Time= 201.853 +/- 154.667
2023-03-13 Monday 17:20:28: Episode:3 Mean Waiting Time= 211.102 +/- 165.456
2023-03-13 Monday 17:20:28: Episode:4 Mean Waiting Time= 226.967 +/- 180.265
2023-03-13 Monday 17:20:28: 1-Total Mean Waiting Time= 372.079 +/- 321.044
2023-03-13 Monday 17:20:28: 2-Total Mean Waiting Time= 372.079 +/- 416.319
2023-03-13 Monday 17:20:28: Episode:0 Mean Avg Speed= 0.231 +/- 0.120
2023-03-13 Monday 17:20:28: Episode:1 Mean Avg Speed= 0.334 +/- 0.061
2023-03-13 Monday 17:20:28: Episode:2 Mean Avg Speed= 0.336 +/- 0.060
2023-03-13 Monday 17:20:28: Episode:3 Mean Avg Speed= 0.329 +/- 0.063
2023-03-13 Monday 17:20:28: Episode:4 Mean Avg Speed= 0.323 +/- 0.064
2023-03-13 Monday 17:20:28: 1-Total Mean Avg Speed= 0.310 +/- 0.040
2023-03-13 Monday 17:20:28: 2-Total Mean Avg Speed= 0.310 +/- 0.074
2023-03-13 Monday 17:20:28: Episode:0 Mean Avg Speed 2= 4.303 +/- 2.229
2023-03-13 Monday 17:20:28: Episode:1 Mean Avg Speed 2= 6.199 +/- 1.109
2023-03-13 Monday 17:20:28: Episode:2 Mean Avg Speed 2= 6.240 +/- 1.086
2023-03-13 Monday 17:20:28: Episode:3 Mean Avg Speed 2= 6.108 +/- 1.138
2023-03-13 Monday 17:20:28: Episode:4 Mean Avg Speed 2= 5.996 +/- 1.174
2023-03-13 Monday 17:20:28: 1-Total Mean Avg Speed 2= 5.769 +/- 0.738
2023-03-13 Monday 17:20:28: 2-Total Mean Avg Speed 2= 5.769 +/- 1.347
2023-03-13 Monday 17:20:28: Episode:0 Mean Avg Speed Cross Check= 5.609 +/- 2.225
2023-03-13 Monday 17:20:28: Episode:1 Mean Avg Speed Cross Check= 7.504 +/- 0.844
2023-03-13 Monday 17:20:28: Episode:2 Mean Avg Speed Cross Check= 7.543 +/- 0.824
2023-03-13 Monday 17:20:28: Episode:3 Mean Avg Speed Cross Check= 7.428 +/- 0.871
2023-03-13 Monday 17:20:28: Episode:4 Mean Avg Speed Cross Check= 7.344 +/- 0.915
2023-03-13 Monday 17:20:28: 1-Total Mean Avg Speed Cross Check= 7.086 +/- 0.742
2023-03-13 Monday 17:20:28: 2-Total Mean Avg Speed Cross Check= 7.086 +/- 1.136
2023-03-13 Monday 17:20:28: ****************************************
