2023-01-28 Saturday 16:04:29 root:INFO:Total Missing States: 0
2023-01-28 Saturday 16:04:29 root:INFO:Mean Reward=-699.86 +/- 5.14
2023-01-28 Saturday 16:04:29 root:INFO:Mean Stopped=1440770.50 +/- 583.23
2023-01-28 Saturday 16:04:29 root:INFO:Mean Waiting Time=642567230.80 +/- 274389.62
2023-01-28 Saturday 16:04:29 root:INFO:****************************************
2023-01-28 Saturday 16:04:29 root:INFO:Calculation 1 - Overall 
2023-01-28 Saturday 16:04:29 root:INFO:****************************************
2023-01-28 Saturday 16:04:30 root:INFO:Inner X Outer Loops Mean Reward=-0.070 +/- 5.062
2023-01-28 Saturday 16:04:30 root:INFO:Inner X Outer Loops Mean Stopped= 144.063 +/- 24.596
2023-01-28 Saturday 16:04:30 root:INFO:Inner X Outer Loops Mean Waiting Time= 64250.298 +/- 14239.838
2023-01-28 Saturday 16:04:30 root:INFO:****************************************
2023-01-28 Saturday 16:04:30 root:INFO:Calculation 2 - Per Episode
2023-01-28 Saturday 16:04:30 root:INFO:****************************************
2023-01-28 Saturday 16:04:30 root:INFO:Episode:0 Mean Waiting Time=-0.070 +/- 5.063
2023-01-28 Saturday 16:04:30 root:INFO:Episode:1 Mean Waiting Time=-0.070 +/- 5.063
2023-01-28 Saturday 16:04:30 root:INFO:Episode:2 Mean Waiting Time=-0.070 +/- 5.066
2023-01-28 Saturday 16:04:30 root:INFO:Episode:3 Mean Waiting Time=-0.070 +/- 5.059
2023-01-28 Saturday 16:04:30 root:INFO:Episode:4 Mean Waiting Time=-0.069 +/- 5.063
2023-01-28 Saturday 16:04:30 root:INFO:Episode:5 Mean Waiting Time=-0.070 +/- 5.063
2023-01-28 Saturday 16:04:30 root:INFO:Episode:6 Mean Waiting Time=-0.070 +/- 5.064
2023-01-28 Saturday 16:04:30 root:INFO:Episode:7 Mean Waiting Time=-0.070 +/- 5.059
2023-01-28 Saturday 16:04:30 root:INFO:Episode:8 Mean Waiting Time=-0.070 +/- 5.060
2023-01-28 Saturday 16:04:30 root:INFO:Episode:9 Mean Waiting Time=-0.069 +/- 5.064
2023-01-28 Saturday 16:04:30 root:INFO:1-Total Mean Reward= -0.070 +/- 0.001
2023-01-28 Saturday 16:04:30 root:INFO:2-Total Mean Reward= -0.070 +/- 5.062
2023-01-28 Saturday 16:04:30 root:INFO:****
2023-01-28 Saturday 16:04:30 root:INFO:Episode:0 Mean Stopped= 144.064 +/- 24.441
2023-01-28 Saturday 16:04:30 root:INFO:Episode:1 Mean Stopped= 144.020 +/- 24.694
2023-01-28 Saturday 16:04:30 root:INFO:Episode:2 Mean Stopped= 144.112 +/- 24.418
2023-01-28 Saturday 16:04:30 root:INFO:Episode:3 Mean Stopped= 144.047 +/- 24.795
2023-01-28 Saturday 16:04:30 root:INFO:Episode:4 Mean Stopped= 144.063 +/- 24.630
2023-01-28 Saturday 16:04:30 root:INFO:Episode:5 Mean Stopped= 144.015 +/- 24.589
2023-01-28 Saturday 16:04:30 root:INFO:Episode:6 Mean Stopped= 144.215 +/- 24.170
2023-01-28 Saturday 16:04:30 root:INFO:Episode:7 Mean Stopped= 144.042 +/- 24.796
2023-01-28 Saturday 16:04:30 root:INFO:Episode:8 Mean Stopped= 144.045 +/- 24.799
2023-01-28 Saturday 16:04:30 root:INFO:Episode:9 Mean Stopped= 144.004 +/- 24.617
2023-01-28 Saturday 16:04:30 root:INFO:1-Total Mean Stopped= 144.063 +/- 0.058
2023-01-28 Saturday 16:04:30 root:INFO:2-Total Mean Stopped= 144.063 +/- 24.595
2023-01-28 Saturday 16:04:30 root:INFO:****
2023-01-28 Saturday 16:04:30 root:INFO:Episode:0 Mean Waiting Time= 64272.919 +/- 14171.322
2023-01-28 Saturday 16:04:30 root:INFO:Episode:1 Mean Waiting Time= 64247.833 +/- 14284.794
2023-01-28 Saturday 16:04:30 root:INFO:Episode:2 Mean Waiting Time= 64267.500 +/- 14165.954
2023-01-28 Saturday 16:04:30 root:INFO:Episode:3 Mean Waiting Time= 64246.337 +/- 14340.102
2023-01-28 Saturday 16:04:30 root:INFO:Episode:4 Mean Waiting Time= 64251.498 +/- 14269.641
2023-01-28 Saturday 16:04:30 root:INFO:Episode:5 Mean Waiting Time= 64229.653 +/- 14196.402
2023-01-28 Saturday 16:04:30 root:INFO:Episode:6 Mean Waiting Time= 64312.503 +/- 14096.344
2023-01-28 Saturday 16:04:30 root:INFO:Episode:7 Mean Waiting Time= 64233.334 +/- 14336.121
2023-01-28 Saturday 16:04:30 root:INFO:Episode:8 Mean Waiting Time= 64234.143 +/- 14336.935
2023-01-28 Saturday 16:04:30 root:INFO:Episode:9 Mean Waiting Time= 64207.260 +/- 14198.182
2023-01-28 Saturday 16:04:30 root:INFO:1-Total Mean Waiting Time= 64250.298 +/- 27.436
2023-01-28 Saturday 16:04:30 root:INFO:2-Total Mean Waiting Time= 64250.298 +/- 14239.580
2023-01-28 Saturday 16:04:30 root:INFO:****************************************
