2023-01-28 Saturday 10:32:55: Run: 1 - First Epsilon: 0.2 - Last Epsilon: 0.2
2023-01-28 Saturday 10:37:17: Run: 2 - First Epsilon: 0.2 - Last Epsilon: 0.2
2023-01-28 Saturday 10:41:25: Run: 3 - First Epsilon: 0.2 - Last Epsilon: 0.2
2023-01-28 Saturday 10:45:33: Run: 4 - First Epsilon: 0.2 - Last Epsilon: 0.2
2023-01-28 Saturday 10:49:43: Run: 5 - First Epsilon: 0.2 - Last Epsilon: 0.2
2023-01-28 Saturday 10:53:50: Run: 6 - First Epsilon: 0.2 - Last Epsilon: 0.2
2023-01-28 Saturday 10:57:57: Run: 7 - First Epsilon: 0.2 - Last Epsilon: 0.2
2023-01-28 Saturday 11:02:01: Run: 8 - First Epsilon: 0.2 - Last Epsilon: 0.2
2023-01-28 Saturday 11:06:07: Run: 9 - First Epsilon: 0.2 - Last Epsilon: 0.2
2023-01-28 Saturday 11:10:13: Run: 10 - First Epsilon: 0.2 - Last Epsilon: 0.2
2023-01-28 Saturday 11:10:13: Q-Table Total Distinct States: 215
2023-01-28 Saturday 11:10:13: Mean_reward=-1.32 +/- 0.57
2023-01-28 Saturday 11:10:13: Mean_Stopped=66311.60 +/- 1979.39
2023-01-28 Saturday 11:10:13: Mean_waiting_time=1831763.10 +/- 121381.08
2023-01-28 Saturday 11:10:13: ****************************************
2023-01-28 Saturday 11:10:13: Calculation 1 - Overall 
2023-01-28 Saturday 11:10:13: ****************************************
2023-01-28 Saturday 11:10:14: Inner X Outer Loops Mean Reward= -0.000 +/- 0.365
2023-01-28 Saturday 11:10:14: Inner X Outer Loops Mean Stopped= 6.630 +/- 2.061
2023-01-28 Saturday 11:10:14: Inner X Outer Loops Mean Waiting Time= 183.158 +/- 159.620
2023-01-28 Saturday 11:10:14: ****************************************
2023-01-28 Saturday 11:10:14: Calculation 2 - Per Episode
2023-01-28 Saturday 11:10:14: ****************************************
2023-01-28 Saturday 11:10:14: Episode:0 Mean Reward= -0.000 +/- 0.386
2023-01-28 Saturday 11:10:14: Episode:1 Mean Reward= -0.000 +/- 0.362
2023-01-28 Saturday 11:10:14: Episode:2 Mean Reward= -0.000 +/- 0.386
2023-01-28 Saturday 11:10:14: Episode:3 Mean Reward= -0.000 +/- 0.361
2023-01-28 Saturday 11:10:14: Episode:4 Mean Reward= -0.000 +/- 0.385
2023-01-28 Saturday 11:10:14: Episode:5 Mean Reward= -0.000 +/- 0.363
2023-01-28 Saturday 11:10:14: Episode:6 Mean Reward= -0.000 +/- 0.347
2023-01-28 Saturday 11:10:14: Episode:7 Mean Reward= -0.000 +/- 0.340
2023-01-28 Saturday 11:10:14: Episode:8 Mean Reward= -0.000 +/- 0.364
2023-01-28 Saturday 11:10:14: Episode:9 Mean Reward= -0.000 +/- 0.356
2023-01-28 Saturday 11:10:14: 1-Total Mean Reward= -0.000 +/- 0.000
2023-01-28 Saturday 11:10:14: 2-Total Mean Reward= -0.000 +/- 0.365
2023-01-28 Saturday 11:10:14: ****
2023-01-28 Saturday 11:10:14: Episode:0 Mean Stopped= 6.878 +/- 2.382
2023-01-28 Saturday 11:10:14: Episode:1 Mean Stopped= 6.767 +/- 2.032
2023-01-28 Saturday 11:10:14: Episode:2 Mean Stopped= 6.643 +/- 1.968
2023-01-28 Saturday 11:10:14: Episode:3 Mean Stopped= 6.595 +/- 2.015
2023-01-28 Saturday 11:10:14: Episode:4 Mean Stopped= 7.010 +/- 2.014
2023-01-28 Saturday 11:10:14: Episode:5 Mean Stopped= 6.559 +/- 1.990
2023-01-28 Saturday 11:10:14: Episode:6 Mean Stopped= 6.539 +/- 2.048
2023-01-28 Saturday 11:10:14: Episode:7 Mean Stopped= 6.276 +/- 1.920
2023-01-28 Saturday 11:10:14: Episode:8 Mean Stopped= 6.553 +/- 2.108
2023-01-28 Saturday 11:10:14: Episode:9 Mean Stopped= 6.485 +/- 2.001
2023-01-28 Saturday 11:10:14: 1-Total Mean Stopped= 6.630 +/- 0.198
2023-01-28 Saturday 11:10:14: 2-Total Mean Stopped= 6.630 +/- 2.048
2023-01-28 Saturday 11:10:14: ****
2023-01-28 Saturday 11:10:14: Episode:0 Mean Waiting Time= 203.936 +/- 265.488
2023-01-28 Saturday 11:10:14: Episode:1 Mean Waiting Time= 184.677 +/- 138.292
2023-01-28 Saturday 11:10:14: Episode:2 Mean Waiting Time= 192.768 +/- 162.927
2023-01-28 Saturday 11:10:14: Episode:3 Mean Waiting Time= 179.888 +/- 144.601
2023-01-28 Saturday 11:10:14: Episode:4 Mean Waiting Time= 201.005 +/- 152.621
2023-01-28 Saturday 11:10:14: Episode:5 Mean Waiting Time= 177.583 +/- 142.110
2023-01-28 Saturday 11:10:14: Episode:6 Mean Waiting Time= 172.519 +/- 129.226
2023-01-28 Saturday 11:10:14: Episode:7 Mean Waiting Time= 163.768 +/- 121.226
2023-01-28 Saturday 11:10:14: Episode:8 Mean Waiting Time= 182.075 +/- 151.612
2023-01-28 Saturday 11:10:14: Episode:9 Mean Waiting Time= 173.359 +/- 135.572
2023-01-28 Saturday 11:10:14: 1-Total Mean Waiting Time= 183.158 +/- 12.137
2023-01-28 Saturday 11:10:14: 2-Total Mean Waiting Time= 183.158 +/- 154.367
2023-01-28 Saturday 11:10:14: ****************************************
