2023-02-08 Wednesday 21:07:53 root:INFO:Total Missing States: 0
2023-02-08 Wednesday 21:07:53 root:INFO:Mean Reward=-34.23 +/- 0.00
2023-02-08 Wednesday 21:07:53 root:INFO:Mean Stopped=1441186.00 +/- 0.00
2023-02-08 Wednesday 21:07:53 root:INFO:Mean Waiting Time=32422595.00 +/- 0.00
2023-02-08 Wednesday 21:07:53 root:INFO:****************************************
2023-02-08 Wednesday 21:07:53 root:INFO:Calculation 1 - Overall 
2023-02-08 Wednesday 21:07:53 root:INFO:****************************************
2023-02-08 Wednesday 21:07:53 root:INFO:Inner X Outer Loops Mean Reward=-0.003 +/- 1.144
2023-02-08 Wednesday 21:07:53 root:INFO:Inner X Outer Loops Mean Stopped= 144.104 +/- 24.619
2023-02-08 Wednesday 21:07:53 root:INFO:Inner X Outer Loops Mean Waiting Time= 3241.935 +/- 582.391
2023-02-08 Wednesday 21:07:53 root:INFO:****************************************
2023-02-08 Wednesday 21:07:53 root:INFO:Calculation 2 - Per Episode
2023-02-08 Wednesday 21:07:53 root:INFO:****************************************
2023-02-08 Wednesday 21:07:53 root:INFO:Episode:0 Mean Waiting Time=-0.003 +/- 1.144
2023-02-08 Wednesday 21:07:53 root:INFO:1-Total Mean Reward= -0.003 +/- 0.000
2023-02-08 Wednesday 21:07:53 root:INFO:2-Total Mean Reward= -0.003 +/- 1.144
2023-02-08 Wednesday 21:07:53 root:INFO:****
2023-02-08 Wednesday 21:07:53 root:INFO:Episode:0 Mean Stopped= 144.104 +/- 24.619
2023-02-08 Wednesday 21:07:53 root:INFO:1-Total Mean Stopped= 144.104 +/- 0.000
2023-02-08 Wednesday 21:07:53 root:INFO:2-Total Mean Stopped= 144.104 +/- 24.619
2023-02-08 Wednesday 21:07:53 root:INFO:****
2023-02-08 Wednesday 21:07:53 root:INFO:Episode:0 Mean Waiting Time= 3241.935 +/- 582.391
2023-02-08 Wednesday 21:07:53 root:INFO:1-Total Mean Waiting Time= 3241.935 +/- 0.000
2023-02-08 Wednesday 21:07:53 root:INFO:2-Total Mean Waiting Time= 3241.935 +/- 582.391
2023-02-08 Wednesday 21:07:53 root:INFO:****************************************
