2023-02-08 Wednesday 20:16:12: Run: 1 - First Epsilon: 0.2 - Last Epsilon: 0.2
2023-02-08 Wednesday 20:20:26: Run: 2 - First Epsilon: 0.2 - Last Epsilon: 0.2
2023-02-08 Wednesday 20:24:51: Run: 3 - First Epsilon: 0.2 - Last Epsilon: 0.2
2023-02-08 Wednesday 20:29:17: Run: 4 - First Epsilon: 0.2 - Last Epsilon: 0.2
2023-02-08 Wednesday 20:33:41: Run: 5 - First Epsilon: 0.2 - Last Epsilon: 0.2
2023-02-08 Wednesday 20:33:42: Q-Table Total Distinct States: 228
2023-02-08 Wednesday 20:33:42: Mean_reward=-1.33 +/- 1.13
2023-02-08 Wednesday 20:33:42: Mean_Stopped=68051.80 +/- 3802.74
2023-02-08 Wednesday 20:33:42: Mean_waiting_time=1282300.60 +/- 110920.59
2023-02-08 Wednesday 20:33:42: ****************************************
2023-02-08 Wednesday 20:33:42: Calculation 1 - Overall 
2023-02-08 Wednesday 20:33:42: ****************************************
2023-02-08 Wednesday 20:33:42: Inner X Outer Loops Mean Reward= -0.000 +/- 0.675
2023-02-08 Wednesday 20:33:42: Inner X Outer Loops Mean Stopped= 6.804 +/- 2.339
2023-02-08 Wednesday 20:33:42: Inner X Outer Loops Mean Waiting Time= 128.217 +/- 120.579
2023-02-08 Wednesday 20:33:42: ****************************************
2023-02-08 Wednesday 20:33:42: Calculation 2 - Per Episode
2023-02-08 Wednesday 20:33:42: ****************************************
2023-02-08 Wednesday 20:33:42: Episode:0 Mean Reward= -0.000 +/- 0.724
2023-02-08 Wednesday 20:33:42: Episode:1 Mean Reward= -0.000 +/- 0.688
2023-02-08 Wednesday 20:33:42: Episode:2 Mean Reward= -0.000 +/- 0.664
2023-02-08 Wednesday 20:33:42: Episode:3 Mean Reward= -0.000 +/- 0.660
2023-02-08 Wednesday 20:33:42: Episode:4 Mean Reward= -0.000 +/- 0.635
2023-02-08 Wednesday 20:33:42: 1-Total Mean Reward= -0.000 +/- 0.000
2023-02-08 Wednesday 20:33:42: 2-Total Mean Reward= -0.000 +/- 0.674
2023-02-08 Wednesday 20:33:42: ****
2023-02-08 Wednesday 20:33:42: Episode:0 Mean Stopped= 7.539 +/- 3.125
2023-02-08 Wednesday 20:33:42: Episode:1 Mean Stopped= 6.703 +/- 2.168
2023-02-08 Wednesday 20:33:42: Episode:2 Mean Stopped= 6.637 +/- 2.063
2023-02-08 Wednesday 20:33:42: Episode:3 Mean Stopped= 6.706 +/- 2.013
2023-02-08 Wednesday 20:33:42: Episode:4 Mean Stopped= 6.438 +/- 1.962
2023-02-08 Wednesday 20:33:42: 1-Total Mean Stopped= 6.804 +/- 0.380
2023-02-08 Wednesday 20:33:42: 2-Total Mean Stopped= 6.804 +/- 2.266
2023-02-08 Wednesday 20:33:42: ****
2023-02-08 Wednesday 20:33:42: Episode:0 Mean Waiting Time= 147.858 +/- 137.670
2023-02-08 Wednesday 20:33:42: Episode:1 Mean Waiting Time= 131.074 +/- 156.379
2023-02-08 Wednesday 20:33:42: Episode:2 Mean Waiting Time= 124.307 +/- 106.427
2023-02-08 Wednesday 20:33:42: Episode:3 Mean Waiting Time= 122.991 +/- 99.659
2023-02-08 Wednesday 20:33:42: Episode:4 Mean Waiting Time= 114.856 +/- 86.113
2023-02-08 Wednesday 20:33:42: 1-Total Mean Waiting Time= 128.217 +/- 11.091
2023-02-08 Wednesday 20:33:42: 2-Total Mean Waiting Time= 128.217 +/- 117.250
2023-02-08 Wednesday 20:33:42: ****************************************
