2023-03-05 Sunday 06:30:57: Run: 2 for Training experiment: DoE-37 - first seed: 270 - alpha: 0.5 - gamma: 0.8 - epsilon: 0.2 - reward: diff-waiting-time
2023-03-05 Sunday 06:36:30: Run: 1 - First Epsilon: 0.2 - Last Epsilon: 0.2
2023-03-05 Sunday 06:41:59: Run: 2 - First Epsilon: 0.2 - Last Epsilon: 0.2
2023-03-05 Sunday 06:47:24: Run: 3 - First Epsilon: 0.2 - Last Epsilon: 0.2
2023-03-05 Sunday 06:52:32: Run: 4 - First Epsilon: 0.2 - Last Epsilon: 0.2
2023-03-05 Sunday 06:57:40: Run: 5 - First Epsilon: 0.2 - Last Epsilon: 0.2
2023-03-05 Sunday 06:57:40: Q-Table Total Distinct States: 264
2023-03-05 Sunday 06:57:40: Mean_reward=-1.86 +/- 1.98
2023-03-05 Sunday 06:57:40: Mean_Stopped=71418.00 +/- 1825.06
2023-03-05 Sunday 06:57:40: Mean_Stopped=71537.60 +/- 1839.38
2023-03-05 Sunday 06:57:40: Mean_waiting_time=1583360.00 +/- 219971.85
2023-03-05 Sunday 06:57:40: Mean_avg_speed=3667.46 +/- 32.99
2023-03-05 Sunday 06:57:40: Mean_avg_speed_2=68177.11 +/- 576.65
2023-03-05 Sunday 06:57:40: Mean_avg_speed_cross_check=79675.18 +/- 428.70
2023-03-05 Sunday 06:57:40: ****************************************
2023-03-05 Sunday 06:57:40: Calculation 1 - Overall 
2023-03-05 Sunday 06:57:40: ****************************************
2023-03-05 Sunday 06:57:40: Inner X Outer Loops Mean Reward= -0.000 +/- 0.760
2023-03-05 Sunday 06:57:40: Inner X Outer Loops Mean Stopped= 7.141 +/- 2.431
2023-03-05 Sunday 06:57:40: Inner X Outer Loops Mean Stopped Cross Check= 7.153 +/- 2.432
2023-03-05 Sunday 06:57:40: Inner X Outer Loops Mean Waiting Time= 158.320 +/- 243.071
2023-03-05 Sunday 06:57:40: Inner X Outer Loops Mean Avg Speed= 0.367 +/- 0.062
2023-03-05 Sunday 06:57:40: Inner X Outer Loops Mean Avg Speed 2= 6.817 +/- 1.122
2023-03-05 Sunday 06:57:40: Inner X Outer Loops Mean Avg Speed Cross Check= 7.967 +/- 0.798
2023-03-05 Sunday 06:57:40: ****************************************
2023-03-05 Sunday 06:57:40: Calculation 2 - Per Episode
2023-03-05 Sunday 06:57:40: ****************************************
2023-03-05 Sunday 06:57:40: Episode:0 Mean Reward= -0.000 +/- 0.882
2023-03-05 Sunday 06:57:40: Episode:1 Mean Reward= -0.000 +/- 0.756
2023-03-05 Sunday 06:57:40: Episode:2 Mean Reward= -0.000 +/- 0.713
2023-03-05 Sunday 06:57:40: Episode:3 Mean Reward= -0.001 +/- 0.714
2023-03-05 Sunday 06:57:40: Episode:4 Mean Reward= -0.000 +/- 0.722
2023-03-05 Sunday 06:57:40: 1-Total Mean Reward= -0.000 +/- 0.000
2023-03-05 Sunday 06:57:40: 2-Total Mean Reward= -0.000 +/- 0.757
2023-03-05 Sunday 06:57:40: ****
2023-03-05 Sunday 06:57:40: Episode:0 Mean Stopped= 7.405 +/- 2.955
2023-03-05 Sunday 06:57:40: Episode:1 Mean Stopped= 7.300 +/- 2.390
2023-03-05 Sunday 06:57:40: Episode:2 Mean Stopped= 6.926 +/- 2.156
2023-03-05 Sunday 06:57:40: Episode:3 Mean Stopped= 6.992 +/- 2.208
2023-03-05 Sunday 06:57:40: Episode:4 Mean Stopped= 7.083 +/- 2.328
2023-03-05 Sunday 06:57:40: 1-Total Mean Stopped= 7.141 +/- 0.182
2023-03-05 Sunday 06:57:40: 2-Total Mean Stopped= 7.141 +/- 2.407
2023-03-05 Sunday 06:57:40: ****
2023-03-05 Sunday 06:57:40: Episode:0 Mean Stopped Cross Check= 7.418 +/- 2.955
2023-03-05 Sunday 06:57:40: Episode:1 Mean Stopped Cross Check= 7.314 +/- 2.393
2023-03-05 Sunday 06:57:40: Episode:2 Mean Stopped Cross Check= 6.938 +/- 2.158
2023-03-05 Sunday 06:57:40: Episode:3 Mean Stopped Cross Check= 7.000 +/- 2.207
2023-03-05 Sunday 06:57:40: Episode:4 Mean Stopped Cross Check= 7.094 +/- 2.329
2023-03-05 Sunday 06:57:40: 1-Total Mean Stopped Cross Check= 7.153 +/- 0.184
2023-03-05 Sunday 06:57:40: 2-Total Mean Stopped Cross Check= 7.153 +/- 2.408
2023-03-05 Sunday 06:57:40: ****
2023-03-05 Sunday 06:57:40: Episode:0 Mean Waiting Time= 200.522 +/- 470.845
2023-03-05 Sunday 06:57:40: Episode:1 Mean Waiting Time= 159.599 +/- 149.600
2023-03-05 Sunday 06:57:40: Episode:2 Mean Waiting Time= 142.043 +/- 127.400
2023-03-05 Sunday 06:57:40: Episode:3 Mean Waiting Time= 143.910 +/- 121.972
2023-03-05 Sunday 06:57:40: Episode:4 Mean Waiting Time= 145.526 +/- 133.478
2023-03-05 Sunday 06:57:40: 1-Total Mean Waiting Time= 158.320 +/- 21.995
2023-03-05 Sunday 06:57:40: 2-Total Mean Waiting Time= 158.320 +/- 200.659
2023-03-05 Sunday 06:57:40: Episode:0 Mean Avg Speed= 0.363 +/- 0.065
2023-03-05 Sunday 06:57:40: Episode:1 Mean Avg Speed= 0.363 +/- 0.061
2023-03-05 Sunday 06:57:40: Episode:2 Mean Avg Speed= 0.371 +/- 0.059
2023-03-05 Sunday 06:57:40: Episode:3 Mean Avg Speed= 0.370 +/- 0.060
2023-03-05 Sunday 06:57:40: Episode:4 Mean Avg Speed= 0.367 +/- 0.062
2023-03-05 Sunday 06:57:40: 1-Total Mean Avg Speed= 0.367 +/- 0.003
2023-03-05 Sunday 06:57:40: 2-Total Mean Avg Speed= 0.367 +/- 0.062
2023-03-05 Sunday 06:57:40: Episode:0 Mean Avg Speed 2= 6.754 +/- 1.195
2023-03-05 Sunday 06:57:40: Episode:1 Mean Avg Speed 2= 6.746 +/- 1.116
2023-03-05 Sunday 06:57:40: Episode:2 Mean Avg Speed 2= 6.888 +/- 1.081
2023-03-05 Sunday 06:57:40: Episode:3 Mean Avg Speed 2= 6.865 +/- 1.084
2023-03-05 Sunday 06:57:40: Episode:4 Mean Avg Speed 2= 6.832 +/- 1.124
2023-03-05 Sunday 06:57:40: 1-Total Mean Avg Speed 2= 6.817 +/- 0.058
2023-03-05 Sunday 06:57:40: 2-Total Mean Avg Speed 2= 6.817 +/- 1.120
2023-03-05 Sunday 06:57:40: Episode:0 Mean Avg Speed Cross Check= 7.917 +/- 0.861
2023-03-05 Sunday 06:57:40: Episode:1 Mean Avg Speed Cross Check= 7.917 +/- 0.805
2023-03-05 Sunday 06:57:40: Episode:2 Mean Avg Speed Cross Check= 8.022 +/- 0.757
2023-03-05 Sunday 06:57:40: Episode:3 Mean Avg Speed Cross Check= 7.999 +/- 0.764
2023-03-05 Sunday 06:57:40: Episode:4 Mean Avg Speed Cross Check= 7.979 +/- 0.792
2023-03-05 Sunday 06:57:40: 1-Total Mean Avg Speed Cross Check= 7.967 +/- 0.043
2023-03-05 Sunday 06:57:40: 2-Total Mean Avg Speed Cross Check= 7.967 +/- 0.796
2023-03-05 Sunday 06:57:40: ****************************************
