2023-02-27 Monday 07:34:17: Run: 1 for Training experiment: DoE-19 - first seed: 170 - alpha: 0.3 - gamma: 0.8 - epsilon: 0.2 - reward: diff-waiting-time
2023-02-27 Monday 07:39:45: Run: 1 - First Epsilon: 0.2 - Last Epsilon: 0.2
2023-02-27 Monday 07:45:13: Run: 2 - First Epsilon: 0.2 - Last Epsilon: 0.2
2023-02-27 Monday 07:50:38: Run: 3 - First Epsilon: 0.2 - Last Epsilon: 0.2
2023-02-27 Monday 07:56:13: Run: 4 - First Epsilon: 0.2 - Last Epsilon: 0.2
2023-02-27 Monday 08:01:41: Run: 5 - First Epsilon: 0.2 - Last Epsilon: 0.2
2023-02-27 Monday 08:01:41: Q-Table Total Distinct States: 343
2023-02-27 Monday 08:01:41: Mean_reward=-1.40 +/- 0.60
2023-02-27 Monday 08:01:41: Mean_Stopped=74034.80 +/- 6412.30
2023-02-27 Monday 08:01:41: Mean_Stopped=74165.60 +/- 6421.63
2023-02-27 Monday 08:01:41: Mean_waiting_time=1565749.00 +/- 302362.71
2023-02-27 Monday 08:01:41: Mean_avg_speed=3624.17 +/- 108.22
2023-02-27 Monday 08:01:41: Mean_avg_speed_2=67334.91 +/- 2006.00
2023-02-27 Monday 08:01:41: Mean_avg_speed_cross_check=79000.74 +/- 1541.93
2023-02-27 Monday 08:01:41: ****************************************
2023-02-27 Monday 08:01:41: Calculation 1 - Overall 
2023-02-27 Monday 08:01:41: ****************************************
2023-02-27 Monday 08:01:41: Inner X Outer Loops Mean Reward= -0.000 +/- 0.747
2023-02-27 Monday 08:01:41: Inner X Outer Loops Mean Stopped= 7.403 +/- 2.937
2023-02-27 Monday 08:01:41: Inner X Outer Loops Mean Stopped Cross Check= 7.416 +/- 2.939
2023-02-27 Monday 08:01:41: Inner X Outer Loops Mean Waiting Time= 156.559 +/- 171.122
2023-02-27 Monday 08:01:41: Inner X Outer Loops Mean Avg Speed= 0.362 +/- 0.064
2023-02-27 Monday 08:01:41: Inner X Outer Loops Mean Avg Speed 2= 6.733 +/- 1.168
2023-02-27 Monday 08:01:41: Inner X Outer Loops Mean Avg Speed Cross Check= 7.899 +/- 0.843
2023-02-27 Monday 08:01:41: ****************************************
2023-02-27 Monday 08:01:41: Calculation 2 - Per Episode
2023-02-27 Monday 08:01:41: ****************************************
2023-02-27 Monday 08:01:41: Episode:0 Mean Reward= -0.000 +/- 0.886
2023-02-27 Monday 08:01:41: Episode:1 Mean Reward= -0.000 +/- 0.716
2023-02-27 Monday 08:01:41: Episode:2 Mean Reward= -0.000 +/- 0.684
2023-02-27 Monday 08:01:41: Episode:3 Mean Reward= -0.000 +/- 0.722
2023-02-27 Monday 08:01:41: Episode:4 Mean Reward= -0.000 +/- 0.710
2023-02-27 Monday 08:01:41: 1-Total Mean Reward= -0.000 +/- 0.000
2023-02-27 Monday 08:01:41: 2-Total Mean Reward= -0.000 +/- 0.744
2023-02-27 Monday 08:01:41: ****
2023-02-27 Monday 08:01:41: Episode:0 Mean Stopped= 8.553 +/- 4.441
2023-02-27 Monday 08:01:41: Episode:1 Mean Stopped= 7.145 +/- 2.262
2023-02-27 Monday 08:01:41: Episode:2 Mean Stopped= 6.771 +/- 2.340
2023-02-27 Monday 08:01:41: Episode:3 Mean Stopped= 7.613 +/- 2.458
2023-02-27 Monday 08:01:41: Episode:4 Mean Stopped= 6.932 +/- 2.173
2023-02-27 Monday 08:01:41: 1-Total Mean Stopped= 7.403 +/- 0.641
2023-02-27 Monday 08:01:41: 2-Total Mean Stopped= 7.403 +/- 2.735
2023-02-27 Monday 08:01:41: ****
2023-02-27 Monday 08:01:41: Episode:0 Mean Stopped Cross Check= 8.567 +/- 4.441
2023-02-27 Monday 08:01:41: Episode:1 Mean Stopped Cross Check= 7.157 +/- 2.262
2023-02-27 Monday 08:01:41: Episode:2 Mean Stopped Cross Check= 6.781 +/- 2.342
2023-02-27 Monday 08:01:41: Episode:3 Mean Stopped Cross Check= 7.630 +/- 2.462
2023-02-27 Monday 08:01:41: Episode:4 Mean Stopped Cross Check= 6.945 +/- 2.174
2023-02-27 Monday 08:01:41: 1-Total Mean Stopped Cross Check= 7.416 +/- 0.642
2023-02-27 Monday 08:01:41: 2-Total Mean Stopped Cross Check= 7.416 +/- 2.736
2023-02-27 Monday 08:01:41: ****
2023-02-27 Monday 08:01:41: Episode:0 Mean Waiting Time= 215.782 +/- 280.506
2023-02-27 Monday 08:01:41: Episode:1 Mean Waiting Time= 145.017 +/- 124.617
2023-02-27 Monday 08:01:41: Episode:2 Mean Waiting Time= 131.381 +/- 119.139
2023-02-27 Monday 08:01:41: Episode:3 Mean Waiting Time= 149.918 +/- 122.408
2023-02-27 Monday 08:01:41: Episode:4 Mean Waiting Time= 140.698 +/- 135.839
2023-02-27 Monday 08:01:41: 1-Total Mean Waiting Time= 156.559 +/- 30.233
2023-02-27 Monday 08:01:41: 2-Total Mean Waiting Time= 156.559 +/- 156.502
2023-02-27 Monday 08:01:41: Episode:0 Mean Avg Speed= 0.345 +/- 0.070
2023-02-27 Monday 08:01:41: Episode:1 Mean Avg Speed= 0.365 +/- 0.060
2023-02-27 Monday 08:01:41: Episode:2 Mean Avg Speed= 0.375 +/- 0.063
2023-02-27 Monday 08:01:41: Episode:3 Mean Avg Speed= 0.356 +/- 0.062
2023-02-27 Monday 08:01:41: Episode:4 Mean Avg Speed= 0.371 +/- 0.060
2023-02-27 Monday 08:01:41: 1-Total Mean Avg Speed= 0.362 +/- 0.011
2023-02-27 Monday 08:01:41: 2-Total Mean Avg Speed= 0.362 +/- 0.063
2023-02-27 Monday 08:01:41: Episode:0 Mean Avg Speed 2= 6.412 +/- 1.279
2023-02-27 Monday 08:01:41: Episode:1 Mean Avg Speed 2= 6.791 +/- 1.095
2023-02-27 Monday 08:01:41: Episode:2 Mean Avg Speed 2= 6.970 +/- 1.136
2023-02-27 Monday 08:01:41: Episode:3 Mean Avg Speed 2= 6.607 +/- 1.132
2023-02-27 Monday 08:01:41: Episode:4 Mean Avg Speed 2= 6.884 +/- 1.099
2023-02-27 Monday 08:01:41: 1-Total Mean Avg Speed 2= 6.733 +/- 0.201
2023-02-27 Monday 08:01:41: 2-Total Mean Avg Speed 2= 6.733 +/- 1.148
2023-02-27 Monday 08:01:41: Episode:0 Mean Avg Speed Cross Check= 7.648 +/- 0.992
2023-02-27 Monday 08:01:41: Episode:1 Mean Avg Speed Cross Check= 7.954 +/- 0.768
2023-02-27 Monday 08:01:41: Episode:2 Mean Avg Speed Cross Check= 8.074 +/- 0.785
2023-02-27 Monday 08:01:41: Episode:3 Mean Avg Speed Cross Check= 7.806 +/- 0.811
2023-02-27 Monday 08:01:41: Episode:4 Mean Avg Speed Cross Check= 8.014 +/- 0.765
2023-02-27 Monday 08:01:41: 1-Total Mean Avg Speed Cross Check= 7.899 +/- 0.154
2023-02-27 Monday 08:01:41: 2-Total Mean Avg Speed Cross Check= 7.899 +/- 0.824
2023-02-27 Monday 08:01:41: ****************************************
