2023-03-15 Wednesday 19:44:44: Run: 5 for Training experiment: DoE-26 - first seed: 570 - alpha: 0.3 - gamma: 0.9 - epsilon: 0.2 - reward: average-speed-2
2023-03-15 Wednesday 20:03:43: Run: 1 - First Epsilon: 0.2 - Last Epsilon: 0.2
2023-03-15 Wednesday 20:21:43: Run: 2 - First Epsilon: 0.2 - Last Epsilon: 0.2
2023-03-15 Wednesday 20:37:10: Run: 3 - First Epsilon: 0.2 - Last Epsilon: 0.2
2023-03-15 Wednesday 20:52:55: Run: 4 - First Epsilon: 0.2 - Last Epsilon: 0.2
2023-03-15 Wednesday 21:08:05: Run: 5 - First Epsilon: 0.2 - Last Epsilon: 0.2
2023-03-15 Wednesday 21:08:06: Q-Table Total Distinct States: 621
2023-03-15 Wednesday 21:08:06: Mean_reward=13035.35 +/- 1063.49
2023-03-15 Wednesday 21:08:06: Mean_Stopped=806032.00 +/- 63493.21
2023-03-15 Wednesday 21:08:06: Mean_Stopped=806178.80 +/- 63483.59
2023-03-15 Wednesday 21:08:06: Mean_waiting_time=39873608.20 +/- 13862255.85
2023-03-15 Wednesday 21:08:06: Mean_avg_speed=701.96 +/- 56.81
2023-03-15 Wednesday 21:08:06: Mean_avg_speed_2=13035.35 +/- 1063.49
2023-03-15 Wednesday 21:08:06: Mean_avg_speed_cross_check=22531.19 +/- 1673.78
2023-03-15 Wednesday 21:08:06: ****************************************
2023-03-15 Wednesday 21:08:06: Calculation 1 - Overall 
2023-03-15 Wednesday 21:08:06: ****************************************
2023-03-15 Wednesday 21:08:06: Inner X Outer Loops Mean Reward= 1.303 +/- 0.528
2023-03-15 Wednesday 21:08:06: Inner X Outer Loops Mean Stopped= 80.595 +/- 13.045
2023-03-15 Wednesday 21:08:06: Inner X Outer Loops Mean Stopped Cross Check= 80.610 +/- 13.038
2023-03-15 Wednesday 21:08:06: Inner X Outer Loops Mean Waiting Time= 3986.962 +/- 4428.299
2023-03-15 Wednesday 21:08:06: Inner X Outer Loops Mean Avg Speed= 0.070 +/- 0.028
2023-03-15 Wednesday 21:08:06: Inner X Outer Loops Mean Avg Speed 2= 1.303 +/- 0.528
2023-03-15 Wednesday 21:08:06: Inner X Outer Loops Mean Avg Speed Cross Check= 2.253 +/- 0.594
2023-03-15 Wednesday 21:08:06: ****************************************
2023-03-15 Wednesday 21:08:06: Calculation 2 - Per Episode
2023-03-15 Wednesday 21:08:06: ****************************************
2023-03-15 Wednesday 21:08:06: Episode:0 Mean Reward= 1.117 +/- 0.515
2023-03-15 Wednesday 21:08:06: Episode:1 Mean Reward= 1.280 +/- 0.516
2023-03-15 Wednesday 21:08:06: Episode:2 Mean Reward= 1.318 +/- 0.489
2023-03-15 Wednesday 21:08:06: Episode:3 Mean Reward= 1.369 +/- 0.556
2023-03-15 Wednesday 21:08:06: Episode:4 Mean Reward= 1.433 +/- 0.509
2023-03-15 Wednesday 21:08:06: 1-Total Mean Reward= 1.303 +/- 0.106
2023-03-15 Wednesday 21:08:06: 2-Total Mean Reward= 1.303 +/- 0.517
2023-03-15 Wednesday 21:08:06: ****
2023-03-15 Wednesday 21:08:06: Episode:0 Mean Stopped= 91.266 +/- 13.489
2023-03-15 Wednesday 21:08:06: Episode:1 Mean Stopped= 82.740 +/- 10.613
2023-03-15 Wednesday 21:08:06: Episode:2 Mean Stopped= 80.085 +/- 10.680
2023-03-15 Wednesday 21:08:06: Episode:3 Mean Stopped= 76.325 +/- 10.938
2023-03-15 Wednesday 21:08:06: Episode:4 Mean Stopped= 72.559 +/- 11.004
2023-03-15 Wednesday 21:08:06: 1-Total Mean Stopped= 80.595 +/- 6.349
2023-03-15 Wednesday 21:08:06: 2-Total Mean Stopped= 80.595 +/- 11.345
2023-03-15 Wednesday 21:08:06: ****
2023-03-15 Wednesday 21:08:06: Episode:0 Mean Stopped Cross Check= 91.277 +/- 13.480
2023-03-15 Wednesday 21:08:06: Episode:1 Mean Stopped Cross Check= 82.758 +/- 10.601
2023-03-15 Wednesday 21:08:06: Episode:2 Mean Stopped Cross Check= 80.101 +/- 10.672
2023-03-15 Wednesday 21:08:06: Episode:3 Mean Stopped Cross Check= 76.340 +/- 10.932
2023-03-15 Wednesday 21:08:06: Episode:4 Mean Stopped Cross Check= 72.573 +/- 10.997
2023-03-15 Wednesday 21:08:06: 1-Total Mean Stopped Cross Check= 80.610 +/- 6.348
2023-03-15 Wednesday 21:08:06: 2-Total Mean Stopped Cross Check= 80.610 +/- 11.337
2023-03-15 Wednesday 21:08:06: ****
2023-03-15 Wednesday 21:08:06: Episode:0 Mean Waiting Time= 6704.480 +/- 6793.964
2023-03-15 Wednesday 21:08:06: Episode:1 Mean Waiting Time= 3818.438 +/- 3775.725
2023-03-15 Wednesday 21:08:06: Episode:2 Mean Waiting Time= 3069.387 +/- 2207.529
2023-03-15 Wednesday 21:08:06: Episode:3 Mean Waiting Time= 3271.694 +/- 3398.582
2023-03-15 Wednesday 21:08:06: Episode:4 Mean Waiting Time= 3070.812 +/- 3406.668
2023-03-15 Wednesday 21:08:06: 1-Total Mean Waiting Time= 3986.962 +/- 1386.087
2023-03-15 Wednesday 21:08:06: 2-Total Mean Waiting Time= 3986.962 +/- 3916.494
2023-03-15 Wednesday 21:08:06: Episode:0 Mean Avg Speed= 0.060 +/- 0.028
2023-03-15 Wednesday 21:08:06: Episode:1 Mean Avg Speed= 0.069 +/- 0.027
2023-03-15 Wednesday 21:08:06: Episode:2 Mean Avg Speed= 0.071 +/- 0.026
2023-03-15 Wednesday 21:08:06: Episode:3 Mean Avg Speed= 0.074 +/- 0.030
2023-03-15 Wednesday 21:08:06: Episode:4 Mean Avg Speed= 0.077 +/- 0.027
2023-03-15 Wednesday 21:08:06: 1-Total Mean Avg Speed= 0.070 +/- 0.006
2023-03-15 Wednesday 21:08:06: 2-Total Mean Avg Speed= 0.070 +/- 0.027
2023-03-15 Wednesday 21:08:06: Episode:0 Mean Avg Speed 2= 1.117 +/- 0.515
2023-03-15 Wednesday 21:08:06: Episode:1 Mean Avg Speed 2= 1.280 +/- 0.516
2023-03-15 Wednesday 21:08:06: Episode:2 Mean Avg Speed 2= 1.318 +/- 0.489
2023-03-15 Wednesday 21:08:06: Episode:3 Mean Avg Speed 2= 1.369 +/- 0.556
2023-03-15 Wednesday 21:08:06: Episode:4 Mean Avg Speed 2= 1.433 +/- 0.509
2023-03-15 Wednesday 21:08:06: 1-Total Mean Avg Speed 2= 1.303 +/- 0.106
2023-03-15 Wednesday 21:08:06: 2-Total Mean Avg Speed 2= 1.303 +/- 0.517
2023-03-15 Wednesday 21:08:06: Episode:0 Mean Avg Speed Cross Check= 1.957 +/- 0.603
2023-03-15 Wednesday 21:08:06: Episode:1 Mean Avg Speed Cross Check= 2.218 +/- 0.548
2023-03-15 Wednesday 21:08:06: Episode:2 Mean Avg Speed Cross Check= 2.281 +/- 0.533
2023-03-15 Wednesday 21:08:06: Episode:3 Mean Avg Speed Cross Check= 2.354 +/- 0.600
2023-03-15 Wednesday 21:08:06: Episode:4 Mean Avg Speed Cross Check= 2.454 +/- 0.565
2023-03-15 Wednesday 21:08:06: 1-Total Mean Avg Speed Cross Check= 2.253 +/- 0.167
2023-03-15 Wednesday 21:08:06: 2-Total Mean Avg Speed Cross Check= 2.253 +/- 0.570
2023-03-15 Wednesday 21:08:06: ****************************************
