2023-01-24 Tuesday 00:32:41 root:INFO:Total Missing States: 0
2023-01-24 Tuesday 00:32:41 root:INFO:Mean Reward=-190.57 +/- 8.56
2023-01-24 Tuesday 00:32:41 root:INFO:Mean Stopped=518864.80 +/- 323.53
2023-01-24 Tuesday 00:32:41 root:INFO:Mean Waiting Time=190368741.60 +/- 1023708.74
2023-01-24 Tuesday 00:32:41 root:INFO:****************************************
2023-01-24 Tuesday 00:32:41 root:INFO:Calculation 1 - Overall 
2023-01-24 Tuesday 00:32:41 root:INFO:****************************************
2023-01-24 Tuesday 00:32:41 root:INFO:Inner X Outer Loops Mean Reward=-0.019 +/- 4.608
2023-01-24 Tuesday 00:32:41 root:INFO:Inner X Outer Loops Mean Stopped= 51.881 +/- 3.852
2023-01-24 Tuesday 00:32:41 root:INFO:Inner X Outer Loops Mean Waiting Time= 19034.971 +/- 2072.538
2023-01-24 Tuesday 00:32:41 root:INFO:****************************************
2023-01-24 Tuesday 00:32:41 root:INFO:Calculation 2 - Per Episode
2023-01-24 Tuesday 00:32:41 root:INFO:****************************************
2023-01-24 Tuesday 00:32:41 root:INFO:Episode:0 Mean Waiting Time=-0.020 +/- 4.598
2023-01-24 Tuesday 00:32:41 root:INFO:Episode:1 Mean Waiting Time=-0.018 +/- 4.606
2023-01-24 Tuesday 00:32:41 root:INFO:Episode:2 Mean Waiting Time=-0.019 +/- 4.611
2023-01-24 Tuesday 00:32:41 root:INFO:Episode:3 Mean Waiting Time=-0.018 +/- 4.599
2023-01-24 Tuesday 00:32:41 root:INFO:Episode:4 Mean Waiting Time=-0.020 +/- 4.627
2023-01-24 Tuesday 00:32:41 root:INFO:1-Total Mean Reward= -0.019 +/- 0.001
2023-01-24 Tuesday 00:32:41 root:INFO:2-Total Mean Reward= -0.019 +/- 4.608
2023-01-24 Tuesday 00:32:41 root:INFO:****
2023-01-24 Tuesday 00:32:41 root:INFO:Episode:0 Mean Stopped= 51.854 +/- 3.843
2023-01-24 Tuesday 00:32:41 root:INFO:Episode:1 Mean Stopped= 51.888 +/- 3.824
2023-01-24 Tuesday 00:32:41 root:INFO:Episode:2 Mean Stopped= 51.868 +/- 3.882
2023-01-24 Tuesday 00:32:41 root:INFO:Episode:3 Mean Stopped= 51.855 +/- 3.862
2023-01-24 Tuesday 00:32:41 root:INFO:Episode:4 Mean Stopped= 51.941 +/- 3.851
2023-01-24 Tuesday 00:32:41 root:INFO:1-Total Mean Stopped= 51.881 +/- 0.032
2023-01-24 Tuesday 00:32:41 root:INFO:2-Total Mean Stopped= 51.881 +/- 3.852
2023-01-24 Tuesday 00:32:41 root:INFO:****
2023-01-24 Tuesday 00:32:41 root:INFO:Episode:0 Mean Waiting Time= 18969.675 +/- 2059.534
2023-01-24 Tuesday 00:32:41 root:INFO:Episode:1 Mean Waiting Time= 18976.519 +/- 2052.980
2023-01-24 Tuesday 00:32:41 root:INFO:Episode:2 Mean Waiting Time= 19075.586 +/- 2078.577
2023-01-24 Tuesday 00:32:41 root:INFO:Episode:3 Mean Waiting Time= 18935.819 +/- 2088.801
2023-01-24 Tuesday 00:32:41 root:INFO:Episode:4 Mean Waiting Time= 19217.255 +/- 2069.950
2023-01-24 Tuesday 00:32:41 root:INFO:1-Total Mean Waiting Time= 19034.971 +/- 102.361
2023-01-24 Tuesday 00:32:41 root:INFO:2-Total Mean Waiting Time= 19034.971 +/- 2069.968
2023-01-24 Tuesday 00:32:41 root:INFO:****************************************
