2023-03-07 Tuesday 15:35:23: Run: 3 for Training experiment: DoE-29 - first seed: 370 - alpha: 0.3 - gamma: 0.9 - epsilon: 0.4 - reward: diff-waiting-time
2023-03-07 Tuesday 15:41:32: Run: 1 - First Epsilon: 0.4 - Last Epsilon: 0.4
2023-03-07 Tuesday 15:47:18: Run: 2 - First Epsilon: 0.4 - Last Epsilon: 0.4
2023-03-07 Tuesday 15:53:15: Run: 3 - First Epsilon: 0.4 - Last Epsilon: 0.4
2023-03-07 Tuesday 15:58:49: Run: 4 - First Epsilon: 0.4 - Last Epsilon: 0.4
2023-03-07 Tuesday 16:04:30: Run: 5 - First Epsilon: 0.4 - Last Epsilon: 0.4
2023-03-07 Tuesday 16:04:30: Q-Table Total Distinct States: 551
2023-03-07 Tuesday 16:04:30: Mean_reward=-1.62 +/- 0.53
2023-03-07 Tuesday 16:04:30: Mean_Stopped=95997.00 +/- 7818.07
2023-03-07 Tuesday 16:04:30: Mean_Stopped=96178.00 +/- 7828.25
2023-03-07 Tuesday 16:04:30: Mean_waiting_time=2289944.00 +/- 334196.60
2023-03-07 Tuesday 16:04:30: Mean_avg_speed=3243.82 +/- 98.03
2023-03-07 Tuesday 16:04:30: Mean_avg_speed_2=60273.94 +/- 1782.51
2023-03-07 Tuesday 16:04:30: Mean_avg_speed_cross_check=73652.80 +/- 1450.28
2023-03-07 Tuesday 16:04:30: ****************************************
2023-03-07 Tuesday 16:04:30: Calculation 1 - Overall 
2023-03-07 Tuesday 16:04:30: ****************************************
2023-03-07 Tuesday 16:04:30: Inner X Outer Loops Mean Reward= -0.000 +/- 0.905
2023-03-07 Tuesday 16:04:30: Inner X Outer Loops Mean Stopped= 9.599 +/- 4.178
2023-03-07 Tuesday 16:04:30: Inner X Outer Loops Mean Stopped Cross Check= 9.617 +/- 4.180
2023-03-07 Tuesday 16:04:30: Inner X Outer Loops Mean Waiting Time= 228.972 +/- 214.415
2023-03-07 Tuesday 16:04:30: Inner X Outer Loops Mean Avg Speed= 0.324 +/- 0.066
2023-03-07 Tuesday 16:04:30: Inner X Outer Loops Mean Avg Speed 2= 6.027 +/- 1.201
2023-03-07 Tuesday 16:04:30: Inner X Outer Loops Mean Avg Speed Cross Check= 7.365 +/- 0.951
2023-03-07 Tuesday 16:04:30: ****************************************
2023-03-07 Tuesday 16:04:30: Calculation 2 - Per Episode
2023-03-07 Tuesday 16:04:30: ****************************************
2023-03-07 Tuesday 16:04:30: Episode:0 Mean Reward= -0.000 +/- 0.995
2023-03-07 Tuesday 16:04:30: Episode:1 Mean Reward= -0.000 +/- 0.807
2023-03-07 Tuesday 16:04:30: Episode:2 Mean Reward= -0.000 +/- 0.956
2023-03-07 Tuesday 16:04:30: Episode:3 Mean Reward= -0.000 +/- 0.865
2023-03-07 Tuesday 16:04:30: Episode:4 Mean Reward= -0.000 +/- 0.887
2023-03-07 Tuesday 16:04:30: 1-Total Mean Reward= -0.000 +/- 0.000
2023-03-07 Tuesday 16:04:30: 2-Total Mean Reward= -0.000 +/- 0.902
2023-03-07 Tuesday 16:04:30: ****
2023-03-07 Tuesday 16:04:30: Episode:0 Mean Stopped= 10.890 +/- 5.950
2023-03-07 Tuesday 16:04:30: Episode:1 Mean Stopped= 8.520 +/- 2.772
2023-03-07 Tuesday 16:04:30: Episode:2 Mean Stopped= 9.726 +/- 3.253
2023-03-07 Tuesday 16:04:30: Episode:3 Mean Stopped= 9.155 +/- 4.227
2023-03-07 Tuesday 16:04:30: Episode:4 Mean Stopped= 9.702 +/- 3.562
2023-03-07 Tuesday 16:04:30: 1-Total Mean Stopped= 9.599 +/- 0.782
2023-03-07 Tuesday 16:04:30: 2-Total Mean Stopped= 9.599 +/- 3.953
2023-03-07 Tuesday 16:04:30: ****
2023-03-07 Tuesday 16:04:30: Episode:0 Mean Stopped Cross Check= 10.909 +/- 5.950
2023-03-07 Tuesday 16:04:30: Episode:1 Mean Stopped Cross Check= 8.536 +/- 2.773
2023-03-07 Tuesday 16:04:30: Episode:2 Mean Stopped Cross Check= 9.748 +/- 3.255
2023-03-07 Tuesday 16:04:30: Episode:3 Mean Stopped Cross Check= 9.172 +/- 4.231
2023-03-07 Tuesday 16:04:30: Episode:4 Mean Stopped Cross Check= 9.720 +/- 3.562
2023-03-07 Tuesday 16:04:30: 1-Total Mean Stopped Cross Check= 9.617 +/- 0.783
2023-03-07 Tuesday 16:04:30: 2-Total Mean Stopped Cross Check= 9.617 +/- 3.954
2023-03-07 Tuesday 16:04:30: ****
2023-03-07 Tuesday 16:04:30: Episode:0 Mean Waiting Time= 281.500 +/- 291.872
2023-03-07 Tuesday 16:04:30: Episode:1 Mean Waiting Time= 182.817 +/- 128.967
2023-03-07 Tuesday 16:04:30: Episode:2 Mean Waiting Time= 247.486 +/- 230.318
2023-03-07 Tuesday 16:04:30: Episode:3 Mean Waiting Time= 211.981 +/- 205.655
2023-03-07 Tuesday 16:04:30: Episode:4 Mean Waiting Time= 221.073 +/- 164.697
2023-03-07 Tuesday 16:04:30: 1-Total Mean Waiting Time= 228.972 +/- 33.416
2023-03-07 Tuesday 16:04:30: 2-Total Mean Waiting Time= 228.972 +/- 204.302
2023-03-07 Tuesday 16:04:30: Episode:0 Mean Avg Speed= 0.312 +/- 0.076
2023-03-07 Tuesday 16:04:30: Episode:1 Mean Avg Speed= 0.339 +/- 0.060
2023-03-07 Tuesday 16:04:30: Episode:2 Mean Avg Speed= 0.318 +/- 0.061
2023-03-07 Tuesday 16:04:30: Episode:3 Mean Avg Speed= 0.332 +/- 0.066
2023-03-07 Tuesday 16:04:30: Episode:4 Mean Avg Speed= 0.321 +/- 0.064
2023-03-07 Tuesday 16:04:30: 1-Total Mean Avg Speed= 0.324 +/- 0.010
2023-03-07 Tuesday 16:04:30: 2-Total Mean Avg Speed= 0.324 +/- 0.065
2023-03-07 Tuesday 16:04:30: Episode:0 Mean Avg Speed 2= 5.799 +/- 1.388
2023-03-07 Tuesday 16:04:30: Episode:1 Mean Avg Speed 2= 6.289 +/- 1.080
2023-03-07 Tuesday 16:04:30: Episode:2 Mean Avg Speed 2= 5.920 +/- 1.093
2023-03-07 Tuesday 16:04:30: Episode:3 Mean Avg Speed 2= 6.174 +/- 1.204
2023-03-07 Tuesday 16:04:30: Episode:4 Mean Avg Speed 2= 5.952 +/- 1.149
2023-03-07 Tuesday 16:04:30: 1-Total Mean Avg Speed 2= 6.027 +/- 0.178
2023-03-07 Tuesday 16:04:30: 2-Total Mean Avg Speed 2= 6.027 +/- 1.183
2023-03-07 Tuesday 16:04:30: Episode:0 Mean Avg Speed Cross Check= 7.165 +/- 1.153
2023-03-07 Tuesday 16:04:30: Episode:1 Mean Avg Speed Cross Check= 7.577 +/- 0.815
2023-03-07 Tuesday 16:04:30: Episode:2 Mean Avg Speed Cross Check= 7.295 +/- 0.852
2023-03-07 Tuesday 16:04:30: Episode:3 Mean Avg Speed Cross Check= 7.476 +/- 0.951
2023-03-07 Tuesday 16:04:30: Episode:4 Mean Avg Speed Cross Check= 7.309 +/- 0.893
2023-03-07 Tuesday 16:04:30: 1-Total Mean Avg Speed Cross Check= 7.365 +/- 0.145
2023-03-07 Tuesday 16:04:30: 2-Total Mean Avg Speed Cross Check= 7.365 +/- 0.933
2023-03-07 Tuesday 16:04:30: ****************************************
