2023-01-22 Sunday 16:38:06 root:INFO:Total Missing States: 0
2023-01-22 Sunday 16:38:06 root:INFO:Mean Reward=-1188.63 +/- 9.60
2023-01-22 Sunday 16:38:06 root:INFO:Mean Stopped=2039530.60 +/- 674.06
2023-01-22 Sunday 16:38:06 root:INFO:Mean Waiting Time=1163255613.60 +/- 9979433.95
2023-01-22 Sunday 16:38:06 root:INFO:****************************************
2023-01-22 Sunday 16:38:06 root:INFO:Calculation 1 - Overall 
2023-01-22 Sunday 16:38:06 root:INFO:****************************************
2023-01-22 Sunday 16:38:06 root:INFO:Inner X Outer Loops Mean Reward=-0.119 +/- 1.927
2023-01-22 Sunday 16:38:06 root:INFO:Inner X Outer Loops Mean Stopped= 203.933 +/- 16.853
2023-01-22 Sunday 16:38:06 root:INFO:Inner X Outer Loops Mean Waiting Time= 116313.930 +/- 14879.257
2023-01-22 Sunday 16:38:06 root:INFO:****************************************
2023-01-22 Sunday 16:38:06 root:INFO:Calculation 2 - Per Episode
2023-01-22 Sunday 16:38:06 root:INFO:****************************************
2023-01-22 Sunday 16:38:06 root:INFO:Episode:0 Mean Waiting Time=-0.118 +/- 1.906
2023-01-22 Sunday 16:38:06 root:INFO:Episode:1 Mean Waiting Time=-0.120 +/- 1.941
2023-01-22 Sunday 16:38:06 root:INFO:Episode:2 Mean Waiting Time=-0.118 +/- 1.904
2023-01-22 Sunday 16:38:06 root:INFO:Episode:3 Mean Waiting Time=-0.118 +/- 1.943
2023-01-22 Sunday 16:38:06 root:INFO:Episode:4 Mean Waiting Time=-0.120 +/- 1.941
2023-01-22 Sunday 16:38:06 root:INFO:1-Total Mean Reward= -0.119 +/- 0.001
2023-01-22 Sunday 16:38:06 root:INFO:2-Total Mean Reward= -0.119 +/- 1.927
2023-01-22 Sunday 16:38:06 root:INFO:****
2023-01-22 Sunday 16:38:06 root:INFO:Episode:0 Mean Stopped= 203.918 +/- 16.992
2023-01-22 Sunday 16:38:06 root:INFO:Episode:1 Mean Stopped= 203.901 +/- 16.702
2023-01-22 Sunday 16:38:06 root:INFO:Episode:2 Mean Stopped= 203.882 +/- 17.043
2023-01-22 Sunday 16:38:06 root:INFO:Episode:3 Mean Stopped= 204.065 +/- 16.798
2023-01-22 Sunday 16:38:06 root:INFO:Episode:4 Mean Stopped= 203.898 +/- 16.725
2023-01-22 Sunday 16:38:06 root:INFO:1-Total Mean Stopped= 203.933 +/- 0.067
2023-01-22 Sunday 16:38:06 root:INFO:2-Total Mean Stopped= 203.933 +/- 16.852
2023-01-22 Sunday 16:38:06 root:INFO:****
2023-01-22 Sunday 16:38:06 root:INFO:Episode:0 Mean Waiting Time= 115489.539 +/- 14779.260
2023-01-22 Sunday 16:38:06 root:INFO:Episode:1 Mean Waiting Time= 117536.889 +/- 14939.235
2023-01-22 Sunday 16:38:06 root:INFO:Episode:2 Mean Waiting Time= 115482.058 +/- 14748.704
2023-01-22 Sunday 16:38:06 root:INFO:Episode:3 Mean Waiting Time= 115526.261 +/- 14809.947
2023-01-22 Sunday 16:38:06 root:INFO:Episode:4 Mean Waiting Time= 117534.903 +/- 14950.482
2023-01-22 Sunday 16:38:06 root:INFO:1-Total Mean Waiting Time= 116313.930 +/- 997.844
2023-01-22 Sunday 16:38:06 root:INFO:2-Total Mean Waiting Time= 116313.930 +/- 14845.526
2023-01-22 Sunday 16:38:06 root:INFO:****************************************
