2023-05-21 Sunday 09:23:54: Run: 3 for Training experiment: DE-Enhanced-S2-1 - route: ../nets/roundabout/input_routes_roundabout_auto_v1-1.rou.xml - first seed: 370 - alpha: 0.5 - gamma: 0.99 - epsilon: 0.2 - reward: diff-waiting-time
2023-05-21 Sunday 09:33:46: Run: 1 - First Epsilon: 0.2 - Last Epsilon: 0.2
2023-05-21 Sunday 09:42:55: Run: 2 - First Epsilon: 0.2 - Last Epsilon: 0.2
2023-05-21 Sunday 09:52:17: Run: 3 - First Epsilon: 0.2 - Last Epsilon: 0.2
2023-05-21 Sunday 10:01:47: Run: 4 - First Epsilon: 0.2 - Last Epsilon: 0.2
2023-05-21 Sunday 10:11:06: Run: 5 - First Epsilon: 0.2 - Last Epsilon: 0.2
2023-05-21 Sunday 10:11:06: Q-Table Total Distinct States: 367
2023-05-21 Sunday 10:11:06: Mean_reward=-2.20 +/- 1.58
2023-05-21 Sunday 10:11:06: Mean_Stopped=78462.40 +/- 8554.49
2023-05-21 Sunday 10:11:06: Mean_Stopped=78643.80 +/- 8582.12
2023-05-21 Sunday 10:11:06: Mean_waiting_time=2018107.00 +/- 425410.07
2023-05-21 Sunday 10:11:06: Mean_avg_speed=3535.59 +/- 138.45
2023-05-21 Sunday 10:11:06: Mean_avg_speed_2=65701.69 +/- 2503.56
2023-05-21 Sunday 10:11:06: Mean_avg_speed_cross_check=77818.19 +/- 1906.00
2023-05-21 Sunday 10:11:06: Mean_average_co2_emission_tl=30818261.31 +/- 216499.76
2023-05-21 Sunday 10:11:06: Mean_average_co_emission_tl=968705.87 +/- 21589.40
2023-05-21 Sunday 10:11:06: Mean_average_fuel_consumption_tl=13247.82 +/- 93.05
2023-05-21 Sunday 10:11:06: Mean_average_noise_emission_tl=604505.54 +/- 1722.08
2023-05-21 Sunday 10:11:06: Mean_average_co2_emission=25666467.46 +/- 31198.59
2023-05-21 Sunday 10:11:06: Mean_average_co_emission=683738.05 +/- 21517.90
2023-05-21 Sunday 10:11:06: Mean_average_fuel_consumptions=11033.21 +/- 13.42
2023-05-21 Sunday 10:11:06: Mean_average_noise_emissions=611026.24 +/- 1252.88
2023-05-21 Sunday 10:11:06: ****************************************
2023-05-21 Sunday 10:11:06: Calculation 1 - Overall 
2023-05-21 Sunday 10:11:06: ****************************************
2023-05-21 Sunday 10:11:06: Inner X Outer Loops Mean Reward= -0.000 +/- 0.858
2023-05-21 Sunday 10:11:06: Inner X Outer Loops Mean Stopped= 7.845 +/- 3.129
2023-05-21 Sunday 10:11:06: Inner X Outer Loops Mean Stopped Cross Check= 7.864 +/- 3.131
2023-05-21 Sunday 10:11:06: Inner X Outer Loops Mean Waiting Time= 201.791 +/- 222.546
2023-05-21 Sunday 10:11:06: Inner X Outer Loops Mean Avg Speed= 0.354 +/- 0.063
2023-05-21 Sunday 10:11:06: Inner X Outer Loops Mean Avg Speed 2= 6.570 +/- 1.153
2023-05-21 Sunday 10:11:06: Inner X Outer Loops Mean Avg Speed Cross Check= 7.781 +/- 0.848
2023-05-21 Sunday 10:11:06: Inner X Outer Loops Mean Average CO2 Emission TL= 3081.518 +/- 231.042
2023-05-21 Sunday 10:11:06: Inner X Outer Loops Mean Average CO Emission TL= 96.861 +/- 10.428
2023-05-21 Sunday 10:11:06: Inner X Outer Loops Mean Average Fuel Consumption TL= 1.325 +/- 0.099
2023-05-21 Sunday 10:11:06: Inner X Outer Loops Mean Average Noise Emission TL= 60.445 +/- 1.114
2023-05-21 Sunday 10:11:06: Inner X Outer Loops Mean Average CO2 Emission= 2566.390 +/- 202.360
2023-05-21 Sunday 10:11:06: Inner X Outer Loops Mean Average CO Emission= 68.367 +/- 9.607
2023-05-21 Sunday 10:11:06: Inner X Outer Loops Mean Average Fuel Consumptions= 1.103 +/- 0.087
2023-05-21 Sunday 10:11:06: Inner X Outer Loops Mean Average Noise Emissions= 61.097 +/- 0.740
2023-05-21 Sunday 10:11:06: ****************************************
2023-05-21 Sunday 10:11:06: Calculation 2 - Per Episode
2023-05-21 Sunday 10:11:06: ****************************************
2023-05-21 Sunday 10:11:06: Episode:0 Mean Reward= -0.000 +/- 1.027
2023-05-21 Sunday 10:11:06: Episode:1 Mean Reward= -0.000 +/- 0.752
2023-05-21 Sunday 10:11:06: Episode:2 Mean Reward= -0.000 +/- 0.843
2023-05-21 Sunday 10:11:06: Episode:3 Mean Reward= -0.000 +/- 0.838
2023-05-21 Sunday 10:11:06: Episode:4 Mean Reward= -0.000 +/- 0.807
2023-05-21 Sunday 10:11:06: 1-Total Mean Reward= -0.000 +/- 0.000
2023-05-21 Sunday 10:11:06: 2-Total Mean Reward= -0.000 +/- 0.853
2023-05-21 Sunday 10:11:06: ****
2023-05-21 Sunday 10:11:06: Episode:0 Mean Stopped= 9.424 +/- 4.936
2023-05-21 Sunday 10:11:06: Episode:1 Mean Stopped= 6.913 +/- 2.106
2023-05-21 Sunday 10:11:06: Episode:2 Mean Stopped= 7.577 +/- 2.439
2023-05-21 Sunday 10:11:06: Episode:3 Mean Stopped= 7.933 +/- 2.326
2023-05-21 Sunday 10:11:06: Episode:4 Mean Stopped= 7.380 +/- 2.268
2023-05-21 Sunday 10:11:06: 1-Total Mean Stopped= 7.845 +/- 0.855
2023-05-21 Sunday 10:11:06: 2-Total Mean Stopped= 7.845 +/- 2.815
2023-05-21 Sunday 10:11:06: ****
2023-05-21 Sunday 10:11:06: Episode:0 Mean Stopped Cross Check= 9.446 +/- 4.935
2023-05-21 Sunday 10:11:06: Episode:1 Mean Stopped Cross Check= 6.927 +/- 2.106
2023-05-21 Sunday 10:11:06: Episode:2 Mean Stopped Cross Check= 7.594 +/- 2.442
2023-05-21 Sunday 10:11:06: Episode:3 Mean Stopped Cross Check= 7.957 +/- 2.327
2023-05-21 Sunday 10:11:06: Episode:4 Mean Stopped Cross Check= 7.394 +/- 2.270
2023-05-21 Sunday 10:11:06: 1-Total Mean Stopped Cross Check= 7.864 +/- 0.858
2023-05-21 Sunday 10:11:06: 2-Total Mean Stopped Cross Check= 7.864 +/- 2.816
2023-05-21 Sunday 10:11:06: ****
2023-05-21 Sunday 10:11:06: Episode:0 Mean Waiting Time= 282.009 +/- 354.256
2023-05-21 Sunday 10:11:07: Episode:1 Mean Waiting Time= 157.195 +/- 144.236
2023-05-21 Sunday 10:11:07: Episode:2 Mean Waiting Time= 193.802 +/- 187.172
2023-05-21 Sunday 10:11:07: Episode:3 Mean Waiting Time= 197.394 +/- 170.008
2023-05-21 Sunday 10:11:07: Episode:4 Mean Waiting Time= 178.553 +/- 168.372
2023-05-21 Sunday 10:11:07: 1-Total Mean Waiting Time= 201.791 +/- 42.537
2023-05-21 Sunday 10:11:07: 2-Total Mean Waiting Time= 201.791 +/- 204.809
2023-05-21 Sunday 10:11:07: Episode:0 Mean Avg Speed= 0.330 +/- 0.070
2023-05-21 Sunday 10:11:07: Episode:1 Mean Avg Speed= 0.371 +/- 0.060
2023-05-21 Sunday 10:11:07: Episode:2 Mean Avg Speed= 0.357 +/- 0.061
2023-05-21 Sunday 10:11:07: Episode:3 Mean Avg Speed= 0.348 +/- 0.058
2023-05-21 Sunday 10:11:07: Episode:4 Mean Avg Speed= 0.361 +/- 0.060
2023-05-21 Sunday 10:11:07: 1-Total Mean Avg Speed= 0.354 +/- 0.014
2023-05-21 Sunday 10:11:07: 2-Total Mean Avg Speed= 0.354 +/- 0.062
2023-05-21 Sunday 10:11:07: Episode:0 Mean Avg Speed 2= 6.150 +/- 1.287
2023-05-21 Sunday 10:11:07: Episode:1 Mean Avg Speed 2= 6.893 +/- 1.088
2023-05-21 Sunday 10:11:07: Episode:2 Mean Avg Speed 2= 6.634 +/- 1.098
2023-05-21 Sunday 10:11:07: Episode:3 Mean Avg Speed 2= 6.467 +/- 1.057
2023-05-21 Sunday 10:11:07: Episode:4 Mean Avg Speed 2= 6.704 +/- 1.081
2023-05-21 Sunday 10:11:07: 1-Total Mean Avg Speed 2= 6.570 +/- 0.250
2023-05-21 Sunday 10:11:07: 2-Total Mean Avg Speed 2= 6.570 +/- 1.122
2023-05-21 Sunday 10:11:07: Episode:0 Mean Avg Speed Cross Check= 7.456 +/- 1.023
2023-05-21 Sunday 10:11:07: Episode:1 Mean Avg Speed Cross Check= 8.022 +/- 0.753
2023-05-21 Sunday 10:11:07: Episode:2 Mean Avg Speed Cross Check= 7.832 +/- 0.793
2023-05-21 Sunday 10:11:07: Episode:3 Mean Avg Speed Cross Check= 7.710 +/- 0.763
2023-05-21 Sunday 10:11:07: Episode:4 Mean Avg Speed Cross Check= 7.885 +/- 0.768
2023-05-21 Sunday 10:11:07: 1-Total Mean Avg Speed Cross Check= 7.781 +/- 0.191
2023-05-21 Sunday 10:11:07: 2-Total Mean Avg Speed Cross Check= 7.781 +/- 0.820
2023-05-21 Sunday 10:11:07: Episode:0 Mean Average CO2 Emission TL= 3047.388 +/- 225.539
2023-05-21 Sunday 10:11:07: Episode:1 Mean Average CO2 Emission TL= 3111.441 +/- 237.900
2023-05-21 Sunday 10:11:07: Episode:2 Mean Average CO2 Emission TL= 3088.028 +/- 227.405
2023-05-21 Sunday 10:11:07: Episode:3 Mean Average CO2 Emission TL= 3069.460 +/- 227.357
2023-05-21 Sunday 10:11:07: Episode:4 Mean Average CO2 Emission TL= 3091.272 +/- 231.713
2023-05-21 Sunday 10:11:07: 1-Total Mean Average CO2 Emission TL= 3081.518 +/- 21.648
2023-05-21 Sunday 10:11:07: 2-Total Mean Average CO2 Emission TL= 3081.518 +/- 229.983
2023-05-21 Sunday 10:11:07: Episode:0 Mean Average CO Emission TL= 100.582 +/- 11.986
2023-05-21 Sunday 10:11:07: Episode:1 Mean Average CO Emission TL= 94.149 +/- 9.575
2023-05-21 Sunday 10:11:07: Episode:2 Mean Average CO Emission TL= 96.311 +/- 9.953
2023-05-21 Sunday 10:11:07: Episode:3 Mean Average CO Emission TL= 97.552 +/- 9.497
2023-05-21 Sunday 10:11:07: Episode:4 Mean Average CO Emission TL= 95.711 +/- 9.791
2023-05-21 Sunday 10:11:07: 1-Total Mean Average CO Emission TL= 96.861 +/- 2.159
2023-05-21 Sunday 10:11:07: 2-Total Mean Average CO Emission TL= 96.861 +/- 10.160
2023-05-21 Sunday 10:11:07: Episode:0 Mean Average Fuel Consumption TL= 1.310 +/- 0.097
2023-05-21 Sunday 10:11:07: Episode:1 Mean Average Fuel Consumption TL= 1.338 +/- 0.102
2023-05-21 Sunday 10:11:07: Episode:2 Mean Average Fuel Consumption TL= 1.327 +/- 0.098
2023-05-21 Sunday 10:11:07: Episode:3 Mean Average Fuel Consumption TL= 1.319 +/- 0.098
2023-05-21 Sunday 10:11:07: Episode:4 Mean Average Fuel Consumption TL= 1.329 +/- 0.100
2023-05-21 Sunday 10:11:07: 1-Total Mean Average Fuel Consumption TL= 1.325 +/- 0.009
2023-05-21 Sunday 10:11:07: 2-Total Mean Average Fuel Consumption TL= 1.325 +/- 0.099
2023-05-21 Sunday 10:11:07: Episode:0 Mean Average Noise Emission TL= 60.155 +/- 1.160
2023-05-21 Sunday 10:11:07: Episode:1 Mean Average Noise Emission TL= 60.668 +/- 1.105
2023-05-21 Sunday 10:11:07: Episode:2 Mean Average Noise Emission TL= 60.485 +/- 1.089
2023-05-21 Sunday 10:11:07: Episode:3 Mean Average Noise Emission TL= 60.377 +/- 1.059
2023-05-21 Sunday 10:11:07: Episode:4 Mean Average Noise Emission TL= 60.537 +/- 1.086
2023-05-21 Sunday 10:11:07: 1-Total Mean Average Noise Emission TL= 60.445 +/- 0.172
2023-05-21 Sunday 10:11:07: 2-Total Mean Average Noise Emission TL= 60.445 +/- 1.100
2023-05-21 Sunday 10:11:07: Episode:0 Mean Average CO2 Emission= 2570.909 +/- 194.887
2023-05-21 Sunday 10:11:07: Episode:1 Mean Average CO2 Emission= 2562.708 +/- 210.028
2023-05-21 Sunday 10:11:07: Episode:2 Mean Average CO2 Emission= 2565.844 +/- 201.788
2023-05-21 Sunday 10:11:07: Episode:3 Mean Average CO2 Emission= 2568.922 +/- 196.810
2023-05-21 Sunday 10:11:07: Episode:4 Mean Average CO2 Emission= 2563.568 +/- 207.738
2023-05-21 Sunday 10:11:07: 1-Total Mean Average CO2 Emission= 2566.390 +/- 3.120
2023-05-21 Sunday 10:11:07: 2-Total Mean Average CO2 Emission= 2566.390 +/- 202.250
2023-05-21 Sunday 10:11:07: Episode:0 Mean Average CO Emission= 72.111 +/- 11.728
2023-05-21 Sunday 10:11:07: Episode:1 Mean Average CO Emission= 65.726 +/- 8.425
2023-05-21 Sunday 10:11:07: Episode:2 Mean Average CO Emission= 67.798 +/- 9.016
2023-05-21 Sunday 10:11:07: Episode:3 Mean Average CO Emission= 69.018 +/- 8.428
2023-05-21 Sunday 10:11:07: Episode:4 Mean Average CO Emission= 67.182 +/- 8.802
2023-05-21 Sunday 10:11:07: 1-Total Mean Average CO Emission= 68.367 +/- 2.152
2023-05-21 Sunday 10:11:07: 2-Total Mean Average CO Emission= 68.367 +/- 9.280
2023-05-21 Sunday 10:11:07: Episode:0 Mean Average Fuel Consumption= 1.105 +/- 0.084
2023-05-21 Sunday 10:11:07: Episode:1 Mean Average Fuel Consumption= 1.102 +/- 0.090
2023-05-21 Sunday 10:11:07: Episode:2 Mean Average Fuel Consumption= 1.103 +/- 0.087
2023-05-21 Sunday 10:11:07: Episode:3 Mean Average Fuel Consumption= 1.104 +/- 0.085
2023-05-21 Sunday 10:11:07: Episode:4 Mean Average Fuel Consumption= 1.102 +/- 0.089
2023-05-21 Sunday 10:11:07: 1-Total Mean Average Fuel Consumption= 1.103 +/- 0.001
2023-05-21 Sunday 10:11:07: 2-Total Mean Average Fuel Consumption= 1.103 +/- 0.087
2023-05-21 Sunday 10:11:07: Episode:0 Mean Average Noise Emission= 60.883 +/- 0.827
2023-05-21 Sunday 10:11:07: Episode:1 Mean Average Noise Emission= 61.255 +/- 0.697
2023-05-21 Sunday 10:11:07: Episode:2 Mean Average Noise Emission= 61.128 +/- 0.713
2023-05-21 Sunday 10:11:07: Episode:3 Mean Average Noise Emission= 61.053 +/- 0.698
2023-05-21 Sunday 10:11:07: Episode:4 Mean Average Noise Emission= 61.164 +/- 0.702
2023-05-21 Sunday 10:11:07: 1-Total Mean Average Noise Emission= 61.097 +/- 0.125
2023-05-21 Sunday 10:11:07: 2-Total Mean Average Noise Emission= 61.097 +/- 0.728
2023-05-21 Sunday 10:11:07: ****************************************
