2023-03-04 Saturday 20:34:21: Run: 2 for Training experiment: DoE-32 - first seed: 270 - alpha: 0.3 - gamma: 0.99 - epsilon: 0.2 - reward: average-speed-2
2023-03-04 Saturday 20:52:56: Run: 1 - First Epsilon: 0.2 - Last Epsilon: 0.2
2023-03-04 Saturday 21:08:12: Run: 2 - First Epsilon: 0.2 - Last Epsilon: 0.2
2023-03-04 Saturday 21:23:38: Run: 3 - First Epsilon: 0.2 - Last Epsilon: 0.2
2023-03-04 Saturday 21:38:49: Run: 4 - First Epsilon: 0.2 - Last Epsilon: 0.2
2023-03-04 Saturday 21:53:20: Run: 5 - First Epsilon: 0.2 - Last Epsilon: 0.2
2023-03-04 Saturday 21:53:20: Q-Table Total Distinct States: 426
2023-03-04 Saturday 21:53:20: Mean_reward=12204.82 +/- 1432.82
2023-03-04 Saturday 21:53:20: Mean_Stopped=833104.80 +/- 98934.95
2023-03-04 Saturday 21:53:20: Mean_Stopped=833289.80 +/- 98913.36
2023-03-04 Saturday 21:53:20: Mean_waiting_time=73546337.00 +/- 41484391.11
2023-03-04 Saturday 21:53:20: Mean_avg_speed=656.85 +/- 77.41
2023-03-04 Saturday 21:53:20: Mean_avg_speed_2=12204.82 +/- 1432.82
2023-03-04 Saturday 21:53:20: Mean_avg_speed_cross_check=21183.21 +/- 2314.31
2023-03-04 Saturday 21:53:20: ****************************************
2023-03-04 Saturday 21:53:20: Calculation 1 - Overall 
2023-03-04 Saturday 21:53:20: ****************************************
2023-03-04 Saturday 21:53:20: Inner X Outer Loops Mean Reward= 1.220 +/- 0.556
2023-03-04 Saturday 21:53:20: Inner X Outer Loops Mean Stopped= 83.302 +/- 17.519
2023-03-04 Saturday 21:53:20: Inner X Outer Loops Mean Stopped Cross Check= 83.321 +/- 17.516
2023-03-04 Saturday 21:53:20: Inner X Outer Loops Mean Waiting Time= 7353.898 +/- 9192.939
2023-03-04 Saturday 21:53:21: Inner X Outer Loops Mean Avg Speed= 0.066 +/- 0.030
2023-03-04 Saturday 21:53:21: Inner X Outer Loops Mean Avg Speed 2= 1.220 +/- 0.556
2023-03-04 Saturday 21:53:21: Inner X Outer Loops Mean Avg Speed Cross Check= 2.118 +/- 0.655
2023-03-04 Saturday 21:53:21: ****************************************
2023-03-04 Saturday 21:53:21: Calculation 2 - Per Episode
2023-03-04 Saturday 21:53:21: ****************************************
2023-03-04 Saturday 21:53:21: Episode:0 Mean Reward= 0.937 +/- 0.520
2023-03-04 Saturday 21:53:21: Episode:1 Mean Reward= 1.279 +/- 0.580
2023-03-04 Saturday 21:53:21: Episode:2 Mean Reward= 1.287 +/- 0.521
2023-03-04 Saturday 21:53:21: Episode:3 Mean Reward= 1.268 +/- 0.570
2023-03-04 Saturday 21:53:21: Episode:4 Mean Reward= 1.331 +/- 0.489
2023-03-04 Saturday 21:53:21: 1-Total Mean Reward= 1.220 +/- 0.143
2023-03-04 Saturday 21:53:21: 2-Total Mean Reward= 1.220 +/- 0.536
2023-03-04 Saturday 21:53:21: ****
2023-03-04 Saturday 21:53:21: Episode:0 Mean Stopped= 102.719 +/- 18.676
2023-03-04 Saturday 21:53:21: Episode:1 Mean Stopped= 78.003 +/- 12.052
2023-03-04 Saturday 21:53:21: Episode:2 Mean Stopped= 77.920 +/- 11.568
2023-03-04 Saturday 21:53:21: Episode:3 Mean Stopped= 81.858 +/- 17.466
2023-03-04 Saturday 21:53:21: Episode:4 Mean Stopped= 76.010 +/- 10.597
2023-03-04 Saturday 21:53:21: 1-Total Mean Stopped= 83.302 +/- 9.893
2023-03-04 Saturday 21:53:21: 2-Total Mean Stopped= 83.302 +/- 14.072
2023-03-04 Saturday 21:53:21: ****
2023-03-04 Saturday 21:53:21: Episode:0 Mean Stopped Cross Check= 102.733 +/- 18.667
2023-03-04 Saturday 21:53:21: Episode:1 Mean Stopped Cross Check= 78.022 +/- 12.054
2023-03-04 Saturday 21:53:21: Episode:2 Mean Stopped Cross Check= 77.942 +/- 11.569
2023-03-04 Saturday 21:53:21: Episode:3 Mean Stopped Cross Check= 81.875 +/- 17.466
2023-03-04 Saturday 21:53:21: Episode:4 Mean Stopped Cross Check= 76.031 +/- 10.597
2023-03-04 Saturday 21:53:21: 1-Total Mean Stopped Cross Check= 83.321 +/- 9.890
2023-03-04 Saturday 21:53:21: 2-Total Mean Stopped Cross Check= 83.321 +/- 14.071
2023-03-04 Saturday 21:53:21: ****
2023-03-04 Saturday 21:53:21: Episode:0 Mean Waiting Time= 15503.306 +/- 14156.098
2023-03-04 Saturday 21:53:21: Episode:1 Mean Waiting Time= 6264.856 +/- 6866.715
2023-03-04 Saturday 21:53:21: Episode:2 Mean Waiting Time= 4961.090 +/- 4857.446
2023-03-04 Saturday 21:53:21: Episode:3 Mean Waiting Time= 5972.246 +/- 7208.649
2023-03-04 Saturday 21:53:21: Episode:4 Mean Waiting Time= 4067.993 +/- 3662.492
2023-03-04 Saturday 21:53:21: 1-Total Mean Waiting Time= 7353.898 +/- 4148.024
2023-03-04 Saturday 21:53:21: 2-Total Mean Waiting Time= 7353.898 +/- 7350.280
2023-03-04 Saturday 21:53:21: Episode:0 Mean Avg Speed= 0.050 +/- 0.027
2023-03-04 Saturday 21:53:21: Episode:1 Mean Avg Speed= 0.069 +/- 0.031
2023-03-04 Saturday 21:53:21: Episode:2 Mean Avg Speed= 0.069 +/- 0.028
2023-03-04 Saturday 21:53:21: Episode:3 Mean Avg Speed= 0.068 +/- 0.031
2023-03-04 Saturday 21:53:21: Episode:4 Mean Avg Speed= 0.072 +/- 0.027
2023-03-04 Saturday 21:53:21: 1-Total Mean Avg Speed= 0.066 +/- 0.008
2023-03-04 Saturday 21:53:21: 2-Total Mean Avg Speed= 0.066 +/- 0.029
2023-03-04 Saturday 21:53:21: Episode:0 Mean Avg Speed 2= 0.937 +/- 0.520
2023-03-04 Saturday 21:53:21: Episode:1 Mean Avg Speed 2= 1.279 +/- 0.580
2023-03-04 Saturday 21:53:21: Episode:2 Mean Avg Speed 2= 1.287 +/- 0.521
2023-03-04 Saturday 21:53:21: Episode:3 Mean Avg Speed 2= 1.268 +/- 0.570
2023-03-04 Saturday 21:53:21: Episode:4 Mean Avg Speed 2= 1.331 +/- 0.489
2023-03-04 Saturday 21:53:21: 1-Total Mean Avg Speed 2= 1.220 +/- 0.143
2023-03-04 Saturday 21:53:21: 2-Total Mean Avg Speed 2= 1.220 +/- 0.536
2023-03-04 Saturday 21:53:21: Episode:0 Mean Avg Speed Cross Check= 1.661 +/- 0.626
2023-03-04 Saturday 21:53:21: Episode:1 Mean Avg Speed Cross Check= 2.210 +/- 0.655
2023-03-04 Saturday 21:53:21: Episode:2 Mean Avg Speed Cross Check= 2.229 +/- 0.584
2023-03-04 Saturday 21:53:21: Episode:3 Mean Avg Speed Cross Check= 2.189 +/- 0.658
2023-03-04 Saturday 21:53:21: Episode:4 Mean Avg Speed Cross Check= 2.300 +/- 0.532
2023-03-04 Saturday 21:53:21: 1-Total Mean Avg Speed Cross Check= 2.118 +/- 0.231
2023-03-04 Saturday 21:53:21: 2-Total Mean Avg Speed Cross Check= 2.118 +/- 0.611
2023-03-04 Saturday 21:53:21: ****************************************
