2023-04-11 Tuesday 03:54:49: Run: 3 for Training experiment: DE-3 - route: ../nets/roundabout/input_routes_roundabout_auto_v1-3.rou.xml - first seed: 370 - alpha: 0.5 - gamma: 0.99 - epsilon: 0.2 - reward: diff-waiting-time
2023-04-11 Tuesday 04:02:30: Run: 1 - First Epsilon: 0.2 - Last Epsilon: 0.2
2023-04-11 Tuesday 04:10:02: Run: 2 - First Epsilon: 0.2 - Last Epsilon: 0.2
2023-04-11 Tuesday 04:17:34: Run: 3 - First Epsilon: 0.2 - Last Epsilon: 0.2
2023-04-11 Tuesday 04:25:04: Run: 4 - First Epsilon: 0.2 - Last Epsilon: 0.2
2023-04-11 Tuesday 04:32:13: Run: 5 - First Epsilon: 0.2 - Last Epsilon: 0.2
2023-04-11 Tuesday 04:32:14: Q-Table Total Distinct States: 162
2023-04-11 Tuesday 04:32:14: Mean_reward=-1.26 +/- 1.80
2023-04-11 Tuesday 04:32:14: Mean_Stopped=48719.80 +/- 1574.97
2023-04-11 Tuesday 04:32:14: Mean_Stopped=48816.20 +/- 1576.40
2023-04-11 Tuesday 04:32:14: Mean_waiting_time=1324593.20 +/- 178616.35
2023-04-11 Tuesday 04:32:14: Mean_avg_speed=3853.55 +/- 42.93
2023-04-11 Tuesday 04:32:14: Mean_avg_speed_2=71588.00 +/- 770.09
2023-04-11 Tuesday 04:32:14: Mean_avg_speed_cross_check=82073.30 +/- 543.20
2023-04-11 Tuesday 04:32:14: ****************************************
2023-04-11 Tuesday 04:32:14: Calculation 1 - Overall 
2023-04-11 Tuesday 04:32:14: ****************************************
2023-04-11 Tuesday 04:32:14: Inner X Outer Loops Mean Reward= -0.000 +/- 0.713
2023-04-11 Tuesday 04:32:14: Inner X Outer Loops Mean Stopped= 4.871 +/- 1.923
2023-04-11 Tuesday 04:32:14: Inner X Outer Loops Mean Stopped Cross Check= 4.881 +/- 1.919
2023-04-11 Tuesday 04:32:14: Inner X Outer Loops Mean Waiting Time= 132.446 +/- 166.341
2023-04-11 Tuesday 04:32:14: Inner X Outer Loops Mean Avg Speed= 0.385 +/- 0.081
2023-04-11 Tuesday 04:32:14: Inner X Outer Loops Mean Avg Speed 2= 7.158 +/- 1.480
2023-04-11 Tuesday 04:32:14: Inner X Outer Loops Mean Avg Speed Cross Check= 8.207 +/- 0.967
2023-04-11 Tuesday 04:32:14: ****************************************
2023-04-11 Tuesday 04:32:14: Calculation 2 - Per Episode
2023-04-11 Tuesday 04:32:14: ****************************************
2023-04-11 Tuesday 04:32:14: Episode:0 Mean Reward= -0.000 +/- 0.797
2023-04-11 Tuesday 04:32:14: Episode:1 Mean Reward= -0.000 +/- 0.653
2023-04-11 Tuesday 04:32:14: Episode:2 Mean Reward= -0.000 +/- 0.721
2023-04-11 Tuesday 04:32:14: Episode:3 Mean Reward= -0.000 +/- 0.663
2023-04-11 Tuesday 04:32:14: Episode:4 Mean Reward= -0.000 +/- 0.723
2023-04-11 Tuesday 04:32:14: 1-Total Mean Reward= -0.000 +/- 0.000
2023-04-11 Tuesday 04:32:14: 2-Total Mean Reward= -0.000 +/- 0.711
2023-04-11 Tuesday 04:32:14: ****
2023-04-11 Tuesday 04:32:14: Episode:0 Mean Stopped= 5.058 +/- 2.018
2023-04-11 Tuesday 04:32:14: Episode:1 Mean Stopped= 4.662 +/- 1.826
2023-04-11 Tuesday 04:32:14: Episode:2 Mean Stopped= 4.871 +/- 1.923
2023-04-11 Tuesday 04:32:14: Episode:3 Mean Stopped= 4.733 +/- 1.783
2023-04-11 Tuesday 04:32:14: Episode:4 Mean Stopped= 5.033 +/- 2.020
2023-04-11 Tuesday 04:32:14: 1-Total Mean Stopped= 4.871 +/- 0.157
2023-04-11 Tuesday 04:32:14: 2-Total Mean Stopped= 4.871 +/- 1.914
2023-04-11 Tuesday 04:32:14: ****
2023-04-11 Tuesday 04:32:14: Episode:0 Mean Stopped Cross Check= 5.068 +/- 2.015
2023-04-11 Tuesday 04:32:14: Episode:1 Mean Stopped Cross Check= 4.672 +/- 1.822
2023-04-11 Tuesday 04:32:14: Episode:2 Mean Stopped Cross Check= 4.881 +/- 1.920
2023-04-11 Tuesday 04:32:14: Episode:3 Mean Stopped Cross Check= 4.742 +/- 1.779
2023-04-11 Tuesday 04:32:14: Episode:4 Mean Stopped Cross Check= 5.043 +/- 2.016
2023-04-11 Tuesday 04:32:14: 1-Total Mean Stopped Cross Check= 4.881 +/- 0.158
2023-04-11 Tuesday 04:32:14: 2-Total Mean Stopped Cross Check= 4.881 +/- 1.910
2023-04-11 Tuesday 04:32:14: ****
2023-04-11 Tuesday 04:32:14: Episode:0 Mean Waiting Time= 162.195 +/- 207.037
2023-04-11 Tuesday 04:32:14: Episode:1 Mean Waiting Time= 112.030 +/- 141.738
2023-04-11 Tuesday 04:32:14: Episode:2 Mean Waiting Time= 135.861 +/- 165.457
2023-04-11 Tuesday 04:32:14: Episode:3 Mean Waiting Time= 116.068 +/- 137.426
2023-04-11 Tuesday 04:32:14: Episode:4 Mean Waiting Time= 136.077 +/- 165.941
2023-04-11 Tuesday 04:32:14: 1-Total Mean Waiting Time= 132.446 +/- 17.860
2023-04-11 Tuesday 04:32:14: 2-Total Mean Waiting Time= 132.446 +/- 163.520
2023-04-11 Tuesday 04:32:14: Episode:0 Mean Avg Speed= 0.381 +/- 0.080
2023-04-11 Tuesday 04:32:14: Episode:1 Mean Avg Speed= 0.391 +/- 0.081
2023-04-11 Tuesday 04:32:14: Episode:2 Mean Avg Speed= 0.385 +/- 0.082
2023-04-11 Tuesday 04:32:14: Episode:3 Mean Avg Speed= 0.389 +/- 0.079
2023-04-11 Tuesday 04:32:14: Episode:4 Mean Avg Speed= 0.380 +/- 0.081
2023-04-11 Tuesday 04:32:14: 1-Total Mean Avg Speed= 0.385 +/- 0.004
2023-04-11 Tuesday 04:32:14: 2-Total Mean Avg Speed= 0.385 +/- 0.081
2023-04-11 Tuesday 04:32:14: Episode:0 Mean Avg Speed 2= 7.087 +/- 1.470
2023-04-11 Tuesday 04:32:14: Episode:1 Mean Avg Speed 2= 7.265 +/- 1.491
2023-04-11 Tuesday 04:32:14: Episode:2 Mean Avg Speed 2= 7.161 +/- 1.494
2023-04-11 Tuesday 04:32:14: Episode:3 Mean Avg Speed 2= 7.218 +/- 1.455
2023-04-11 Tuesday 04:32:14: Episode:4 Mean Avg Speed 2= 7.060 +/- 1.481
2023-04-11 Tuesday 04:32:14: 1-Total Mean Avg Speed 2= 7.158 +/- 0.077
2023-04-11 Tuesday 04:32:14: 2-Total Mean Avg Speed 2= 7.158 +/- 1.478
2023-04-11 Tuesday 04:32:14: Episode:0 Mean Avg Speed Cross Check= 8.155 +/- 0.983
2023-04-11 Tuesday 04:32:14: Episode:1 Mean Avg Speed Cross Check= 8.280 +/- 0.956
2023-04-11 Tuesday 04:32:14: Episode:2 Mean Avg Speed Cross Check= 8.209 +/- 0.974
2023-04-11 Tuesday 04:32:14: Episode:3 Mean Avg Speed Cross Check= 8.251 +/- 0.938
2023-04-11 Tuesday 04:32:14: Episode:4 Mean Avg Speed Cross Check= 8.138 +/- 0.976
2023-04-11 Tuesday 04:32:14: 1-Total Mean Avg Speed Cross Check= 8.207 +/- 0.054
2023-04-11 Tuesday 04:32:14: 2-Total Mean Avg Speed Cross Check= 8.207 +/- 0.965
2023-04-11 Tuesday 04:32:14: ****************************************
