2023-03-14 Tuesday 22:09:11: Run: 5 for Training experiment: DoE-15 - first seed: 570 - alpha: 0.1 - gamma: 0.99 - epsilon: 0.3 - reward: diff-waiting-time
2023-03-14 Tuesday 22:14:36: Run: 1 - First Epsilon: 0.3 - Last Epsilon: 0.3
2023-03-14 Tuesday 22:19:58: Run: 2 - First Epsilon: 0.3 - Last Epsilon: 0.3
2023-03-14 Tuesday 22:25:12: Run: 3 - First Epsilon: 0.3 - Last Epsilon: 0.3
2023-03-14 Tuesday 22:30:26: Run: 4 - First Epsilon: 0.3 - Last Epsilon: 0.3
2023-03-14 Tuesday 22:36:00: Run: 5 - First Epsilon: 0.3 - Last Epsilon: 0.3
2023-03-14 Tuesday 22:36:00: Q-Table Total Distinct States: 390
2023-03-14 Tuesday 22:36:00: Mean_reward=-2.78 +/- 1.79
2023-03-14 Tuesday 22:36:00: Mean_Stopped=77854.00 +/- 4951.32
2023-03-14 Tuesday 22:36:00: Mean_Stopped=77965.60 +/- 4967.47
2023-03-14 Tuesday 22:36:00: Mean_waiting_time=1664955.20 +/- 231560.10
2023-03-14 Tuesday 22:36:00: Mean_avg_speed=3548.13 +/- 77.00
2023-03-14 Tuesday 22:36:00: Mean_avg_speed_2=65922.21 +/- 1447.55
2023-03-14 Tuesday 22:36:00: Mean_avg_speed_cross_check=78008.58 +/- 1140.28
2023-03-14 Tuesday 22:36:00: ****************************************
2023-03-14 Tuesday 22:36:00: Calculation 1 - Overall 
2023-03-14 Tuesday 22:36:00: ****************************************
2023-03-14 Tuesday 22:36:00: Inner X Outer Loops Mean Reward= -0.000 +/- 0.773
2023-03-14 Tuesday 22:36:00: Inner X Outer Loops Mean Stopped= 7.785 +/- 3.084
2023-03-14 Tuesday 22:36:00: Inner X Outer Loops Mean Stopped Cross Check= 7.796 +/- 3.084
2023-03-14 Tuesday 22:36:00: Inner X Outer Loops Mean Waiting Time= 166.479 +/- 180.631
2023-03-14 Tuesday 22:36:00: Inner X Outer Loops Mean Avg Speed= 0.355 +/- 0.062
2023-03-14 Tuesday 22:36:00: Inner X Outer Loops Mean Avg Speed 2= 6.592 +/- 1.133
2023-03-14 Tuesday 22:36:00: Inner X Outer Loops Mean Avg Speed Cross Check= 7.800 +/- 0.839
2023-03-14 Tuesday 22:36:00: ****************************************
2023-03-14 Tuesday 22:36:00: Calculation 2 - Per Episode
2023-03-14 Tuesday 22:36:00: ****************************************
2023-03-14 Tuesday 22:36:00: Episode:0 Mean Reward= -0.001 +/- 0.862
2023-03-14 Tuesday 22:36:00: Episode:1 Mean Reward= -0.000 +/- 0.812
2023-03-14 Tuesday 22:36:00: Episode:2 Mean Reward= -0.000 +/- 0.733
2023-03-14 Tuesday 22:36:00: Episode:3 Mean Reward= -0.000 +/- 0.755
2023-03-14 Tuesday 22:36:00: Episode:4 Mean Reward= -0.000 +/- 0.694
2023-03-14 Tuesday 22:36:00: 1-Total Mean Reward= -0.000 +/- 0.000
2023-03-14 Tuesday 22:36:00: 2-Total Mean Reward= -0.000 +/- 0.771
2023-03-14 Tuesday 22:36:00: ****
2023-03-14 Tuesday 22:36:00: Episode:0 Mean Stopped= 8.447 +/- 3.004
2023-03-14 Tuesday 22:36:00: Episode:1 Mean Stopped= 8.318 +/- 4.666
2023-03-14 Tuesday 22:36:00: Episode:2 Mean Stopped= 7.473 +/- 2.472
2023-03-14 Tuesday 22:36:00: Episode:3 Mean Stopped= 7.428 +/- 2.137
2023-03-14 Tuesday 22:36:00: Episode:4 Mean Stopped= 7.257 +/- 2.206
2023-03-14 Tuesday 22:36:00: 1-Total Mean Stopped= 7.785 +/- 0.495
2023-03-14 Tuesday 22:36:00: 2-Total Mean Stopped= 7.785 +/- 2.897
2023-03-14 Tuesday 22:36:00: ****
2023-03-14 Tuesday 22:36:00: Episode:0 Mean Stopped Cross Check= 8.462 +/- 3.003
2023-03-14 Tuesday 22:36:00: Episode:1 Mean Stopped Cross Check= 8.329 +/- 4.665
2023-03-14 Tuesday 22:36:00: Episode:2 Mean Stopped Cross Check= 7.483 +/- 2.474
2023-03-14 Tuesday 22:36:00: Episode:3 Mean Stopped Cross Check= 7.437 +/- 2.137
2023-03-14 Tuesday 22:36:00: Episode:4 Mean Stopped Cross Check= 7.268 +/- 2.205
2023-03-14 Tuesday 22:36:00: 1-Total Mean Stopped Cross Check= 7.796 +/- 0.497
2023-03-14 Tuesday 22:36:00: 2-Total Mean Stopped Cross Check= 7.796 +/- 2.897
2023-03-14 Tuesday 22:36:00: ****
2023-03-14 Tuesday 22:36:00: Episode:0 Mean Waiting Time= 200.579 +/- 244.975
2023-03-14 Tuesday 22:36:00: Episode:1 Mean Waiting Time= 185.214 +/- 235.983
2023-03-14 Tuesday 22:36:00: Episode:2 Mean Waiting Time= 150.393 +/- 133.513
2023-03-14 Tuesday 22:36:00: Episode:3 Mean Waiting Time= 158.888 +/- 133.226
2023-03-14 Tuesday 22:36:00: Episode:4 Mean Waiting Time= 137.320 +/- 95.824
2023-03-14 Tuesday 22:36:00: 1-Total Mean Waiting Time= 166.479 +/- 23.154
2023-03-14 Tuesday 22:36:00: 2-Total Mean Waiting Time= 166.479 +/- 168.704
2023-03-14 Tuesday 22:36:00: Episode:0 Mean Avg Speed= 0.342 +/- 0.061
2023-03-14 Tuesday 22:36:00: Episode:1 Mean Avg Speed= 0.351 +/- 0.071
2023-03-14 Tuesday 22:36:00: Episode:2 Mean Avg Speed= 0.360 +/- 0.061
2023-03-14 Tuesday 22:36:00: Episode:3 Mean Avg Speed= 0.359 +/- 0.057
2023-03-14 Tuesday 22:36:00: Episode:4 Mean Avg Speed= 0.363 +/- 0.059
2023-03-14 Tuesday 22:36:00: 1-Total Mean Avg Speed= 0.355 +/- 0.008
2023-03-14 Tuesday 22:36:00: 2-Total Mean Avg Speed= 0.355 +/- 0.062
2023-03-14 Tuesday 22:36:00: Episode:0 Mean Avg Speed 2= 6.344 +/- 1.104
2023-03-14 Tuesday 22:36:00: Episode:1 Mean Avg Speed 2= 6.516 +/- 1.294
2023-03-14 Tuesday 22:36:00: Episode:2 Mean Avg Speed 2= 6.682 +/- 1.112
2023-03-14 Tuesday 22:36:00: Episode:3 Mean Avg Speed 2= 6.672 +/- 1.025
2023-03-14 Tuesday 22:36:00: Episode:4 Mean Avg Speed 2= 6.744 +/- 1.067
2023-03-14 Tuesday 22:36:00: 1-Total Mean Avg Speed 2= 6.592 +/- 0.145
2023-03-14 Tuesday 22:36:00: 2-Total Mean Avg Speed 2= 6.592 +/- 1.120
2023-03-14 Tuesday 22:36:00: Episode:0 Mean Avg Speed Cross Check= 7.614 +/- 0.829
2023-03-14 Tuesday 22:36:00: Episode:1 Mean Avg Speed Cross Check= 7.725 +/- 1.007
2023-03-14 Tuesday 22:36:00: Episode:2 Mean Avg Speed Cross Check= 7.867 +/- 0.800
2023-03-14 Tuesday 22:36:00: Episode:3 Mean Avg Speed Cross Check= 7.872 +/- 0.732
2023-03-14 Tuesday 22:36:00: Episode:4 Mean Avg Speed Cross Check= 7.923 +/- 0.758
2023-03-14 Tuesday 22:36:00: 1-Total Mean Avg Speed Cross Check= 7.800 +/- 0.114
2023-03-14 Tuesday 22:36:00: 2-Total Mean Avg Speed Cross Check= 7.800 +/- 0.825
2023-03-14 Tuesday 22:36:00: ****************************************
