2023-02-28 Tuesday 00:27:54: Run: 1 for Training experiment: DoE-35 - first seed: 170 - alpha: 0.3 - gamma: 0.99 - epsilon: 0.4 - reward: diff-waiting-time
2023-02-28 Tuesday 00:39:54: Run: 1 - First Epsilon: 0.4 - Last Epsilon: 0.4
2023-02-28 Tuesday 00:45:40: Run: 2 - First Epsilon: 0.4 - Last Epsilon: 0.4
2023-02-28 Tuesday 00:51:31: Run: 3 - First Epsilon: 0.4 - Last Epsilon: 0.4
2023-02-28 Tuesday 00:57:06: Run: 4 - First Epsilon: 0.4 - Last Epsilon: 0.4
2023-02-28 Tuesday 01:02:53: Run: 5 - First Epsilon: 0.4 - Last Epsilon: 0.4
2023-02-28 Tuesday 01:02:53: Q-Table Total Distinct States: 1530
2023-02-28 Tuesday 01:02:53: Mean_reward=-1.35 +/- 0.90
2023-02-28 Tuesday 01:02:53: Mean_Stopped=156701.80 +/- 140716.51
2023-02-28 Tuesday 01:02:53: Mean_Stopped=156869.40 +/- 140742.82
2023-02-28 Tuesday 01:02:53: Mean_waiting_time=4693205.40 +/- 5175184.58
2023-02-28 Tuesday 01:02:53: Mean_avg_speed=3050.50 +/- 720.35
2023-02-28 Tuesday 01:02:53: Mean_avg_speed_2=56666.13 +/- 13378.92
2023-02-28 Tuesday 01:02:53: Mean_avg_speed_cross_check=69255.81 +/- 13468.06
2023-02-28 Tuesday 01:02:53: ****************************************
2023-02-28 Tuesday 01:02:53: Calculation 1 - Overall 
2023-02-28 Tuesday 01:02:53: ****************************************
2023-02-28 Tuesday 01:02:53: Inner X Outer Loops Mean Reward= -0.000 +/- 1.200
2023-02-28 Tuesday 01:02:53: Inner X Outer Loops Mean Stopped= 15.669 +/- 18.790
2023-02-28 Tuesday 01:02:53: Inner X Outer Loops Mean Stopped Cross Check= 15.685 +/- 18.793
2023-02-28 Tuesday 01:02:53: Inner X Outer Loops Mean Waiting Time= 469.274 +/- 926.069
2023-02-28 Tuesday 01:02:53: Inner X Outer Loops Mean Avg Speed= 0.305 +/- 0.105
2023-02-28 Tuesday 01:02:53: Inner X Outer Loops Mean Avg Speed 2= 5.666 +/- 1.943
2023-02-28 Tuesday 01:02:53: Inner X Outer Loops Mean Avg Speed Cross Check= 6.925 +/- 1.838
2023-02-28 Tuesday 01:02:53: ****************************************
2023-02-28 Tuesday 01:02:53: Calculation 2 - Per Episode
2023-02-28 Tuesday 01:02:53: ****************************************
2023-02-28 Tuesday 01:02:53: Episode:0 Mean Reward= -0.000 +/- 2.035
2023-02-28 Tuesday 01:02:53: Episode:1 Mean Reward= -0.000 +/- 0.895
2023-02-28 Tuesday 01:02:53: Episode:2 Mean Reward= -0.000 +/- 0.870
2023-02-28 Tuesday 01:02:53: Episode:3 Mean Reward= 0.000 +/- 0.887
2023-02-28 Tuesday 01:02:53: Episode:4 Mean Reward= -0.000 +/- 0.848
2023-02-28 Tuesday 01:02:53: 1-Total Mean Reward= -0.000 +/- 0.000
2023-02-28 Tuesday 01:02:53: 2-Total Mean Reward= -0.000 +/- 1.107
2023-02-28 Tuesday 01:02:53: ****
2023-02-28 Tuesday 01:02:53: Episode:0 Mean Stopped= 43.807 +/- 26.867
2023-02-28 Tuesday 01:02:53: Episode:1 Mean Stopped= 8.523 +/- 3.776
2023-02-28 Tuesday 01:02:53: Episode:2 Mean Stopped= 8.769 +/- 3.063
2023-02-28 Tuesday 01:02:53: Episode:3 Mean Stopped= 8.855 +/- 4.516
2023-02-28 Tuesday 01:02:53: Episode:4 Mean Stopped= 8.389 +/- 3.101
2023-02-28 Tuesday 01:02:53: 1-Total Mean Stopped= 15.669 +/- 14.070
2023-02-28 Tuesday 01:02:53: 2-Total Mean Stopped= 15.669 +/- 8.265
2023-02-28 Tuesday 01:02:53: ****
2023-02-28 Tuesday 01:02:53: Episode:0 Mean Stopped Cross Check= 43.829 +/- 26.869
2023-02-28 Tuesday 01:02:53: Episode:1 Mean Stopped Cross Check= 8.537 +/- 3.777
2023-02-28 Tuesday 01:02:53: Episode:2 Mean Stopped Cross Check= 8.788 +/- 3.064
2023-02-28 Tuesday 01:02:53: Episode:3 Mean Stopped Cross Check= 8.870 +/- 4.518
2023-02-28 Tuesday 01:02:53: Episode:4 Mean Stopped Cross Check= 8.403 +/- 3.101
2023-02-28 Tuesday 01:02:53: 1-Total Mean Stopped Cross Check= 15.685 +/- 14.073
2023-02-28 Tuesday 01:02:53: 2-Total Mean Stopped Cross Check= 15.685 +/- 8.266
2023-02-28 Tuesday 01:02:53: ****
2023-02-28 Tuesday 01:02:53: Episode:0 Mean Waiting Time= 1504.086 +/- 1673.692
2023-02-28 Tuesday 01:02:53: Episode:1 Mean Waiting Time= 217.077 +/- 214.514
2023-02-28 Tuesday 01:02:53: Episode:2 Mean Waiting Time= 208.121 +/- 174.525
2023-02-28 Tuesday 01:02:53: Episode:3 Mean Waiting Time= 219.893 +/- 215.406
2023-02-28 Tuesday 01:02:53: Episode:4 Mean Waiting Time= 197.193 +/- 158.243
2023-02-28 Tuesday 01:02:53: 1-Total Mean Waiting Time= 469.274 +/- 517.467
2023-02-28 Tuesday 01:02:53: 2-Total Mean Waiting Time= 469.274 +/- 487.276
2023-02-28 Tuesday 01:02:53: Episode:0 Mean Avg Speed= 0.161 +/- 0.109
2023-02-28 Tuesday 01:02:53: Episode:1 Mean Avg Speed= 0.344 +/- 0.067
2023-02-28 Tuesday 01:02:53: Episode:2 Mean Avg Speed= 0.336 +/- 0.064
2023-02-28 Tuesday 01:02:53: Episode:3 Mean Avg Speed= 0.341 +/- 0.070
2023-02-28 Tuesday 01:02:53: Episode:4 Mean Avg Speed= 0.344 +/- 0.064
2023-02-28 Tuesday 01:02:53: 1-Total Mean Avg Speed= 0.305 +/- 0.072
2023-02-28 Tuesday 01:02:53: 2-Total Mean Avg Speed= 0.305 +/- 0.075
2023-02-28 Tuesday 01:02:53: Episode:0 Mean Avg Speed 2= 2.993 +/- 2.028
2023-02-28 Tuesday 01:02:53: Episode:1 Mean Avg Speed 2= 6.389 +/- 1.226
2023-02-28 Tuesday 01:02:53: Episode:2 Mean Avg Speed 2= 6.238 +/- 1.158
2023-02-28 Tuesday 01:02:53: Episode:3 Mean Avg Speed 2= 6.325 +/- 1.274
2023-02-28 Tuesday 01:02:53: Episode:4 Mean Avg Speed 2= 6.386 +/- 1.164
2023-02-28 Tuesday 01:02:53: 1-Total Mean Avg Speed 2= 5.666 +/- 1.338
2023-02-28 Tuesday 01:02:53: 2-Total Mean Avg Speed 2= 5.666 +/- 1.370
2023-02-28 Tuesday 01:02:53: Episode:0 Mean Avg Speed Cross Check= 4.233 +/- 2.103
2023-02-28 Tuesday 01:02:53: Episode:1 Mean Avg Speed Cross Check= 7.642 +/- 0.944
2023-02-28 Tuesday 01:02:53: Episode:2 Mean Avg Speed Cross Check= 7.531 +/- 0.872
2023-02-28 Tuesday 01:02:53: Episode:3 Mean Avg Speed Cross Check= 7.578 +/- 0.996
2023-02-28 Tuesday 01:02:53: Episode:4 Mean Avg Speed Cross Check= 7.641 +/- 0.876
2023-02-28 Tuesday 01:02:53: 1-Total Mean Avg Speed Cross Check= 6.925 +/- 1.347
2023-02-28 Tuesday 01:02:53: 2-Total Mean Avg Speed Cross Check= 6.925 +/- 1.158
2023-02-28 Tuesday 01:02:53: ****************************************
