2023-02-06 Monday 11:21:21 root:INFO:Total Missing States: 0
2023-02-06 Monday 11:21:21 root:INFO:Mean Reward=-193.71 +/- 0.00
2023-02-06 Monday 11:21:21 root:INFO:Mean Stopped=518916.00 +/- 0.00
2023-02-06 Monday 11:21:21 root:INFO:Mean Waiting Time=191379501.00 +/- 0.00
2023-02-06 Monday 11:21:21 root:INFO:****************************************
2023-02-06 Monday 11:21:21 root:INFO:Calculation 1 - Overall 
2023-02-06 Monday 11:21:21 root:INFO:****************************************
2023-02-06 Monday 11:21:21 root:INFO:Inner X Outer Loops Mean Reward=-0.019 +/- 4.614
2023-02-06 Monday 11:21:21 root:INFO:Inner X Outer Loops Mean Stopped= 51.886 +/- 3.877
2023-02-06 Monday 11:21:21 root:INFO:Inner X Outer Loops Mean Waiting Time= 19136.036 +/- 2102.952
2023-02-06 Monday 11:21:21 root:INFO:****************************************
2023-02-06 Monday 11:21:21 root:INFO:Calculation 2 - Per Episode
2023-02-06 Monday 11:21:21 root:INFO:****************************************
2023-02-06 Monday 11:21:21 root:INFO:Episode:0 Mean Waiting Time=-0.019 +/- 4.614
2023-02-06 Monday 11:21:21 root:INFO:Episode:1 Mean Waiting Time=-0.019 +/- 4.614
2023-02-06 Monday 11:21:21 root:INFO:Episode:2 Mean Waiting Time=-0.019 +/- 4.614
2023-02-06 Monday 11:21:21 root:INFO:Episode:3 Mean Waiting Time=-0.019 +/- 4.614
2023-02-06 Monday 11:21:21 root:INFO:Episode:4 Mean Waiting Time=-0.019 +/- 4.614
2023-02-06 Monday 11:21:21 root:INFO:1-Total Mean Reward= -0.019 +/- 0.000
2023-02-06 Monday 11:21:21 root:INFO:2-Total Mean Reward= -0.019 +/- 4.614
2023-02-06 Monday 11:21:21 root:INFO:****
2023-02-06 Monday 11:21:21 root:INFO:Episode:0 Mean Stopped= 51.886 +/- 3.877
2023-02-06 Monday 11:21:21 root:INFO:Episode:1 Mean Stopped= 51.886 +/- 3.877
2023-02-06 Monday 11:21:21 root:INFO:Episode:2 Mean Stopped= 51.886 +/- 3.877
2023-02-06 Monday 11:21:21 root:INFO:Episode:3 Mean Stopped= 51.886 +/- 3.877
2023-02-06 Monday 11:21:21 root:INFO:Episode:4 Mean Stopped= 51.886 +/- 3.877
2023-02-06 Monday 11:21:21 root:INFO:1-Total Mean Stopped= 51.886 +/- 0.000
2023-02-06 Monday 11:21:21 root:INFO:2-Total Mean Stopped= 51.886 +/- 3.877
2023-02-06 Monday 11:21:21 root:INFO:****
2023-02-06 Monday 11:21:21 root:INFO:Episode:0 Mean Waiting Time= 19136.036 +/- 2102.952
2023-02-06 Monday 11:21:21 root:INFO:Episode:1 Mean Waiting Time= 19136.036 +/- 2102.952
2023-02-06 Monday 11:21:21 root:INFO:Episode:2 Mean Waiting Time= 19136.036 +/- 2102.952
2023-02-06 Monday 11:21:21 root:INFO:Episode:3 Mean Waiting Time= 19136.036 +/- 2102.952
2023-02-06 Monday 11:21:21 root:INFO:Episode:4 Mean Waiting Time= 19136.036 +/- 2102.952
2023-02-06 Monday 11:21:21 root:INFO:1-Total Mean Waiting Time= 19136.036 +/- 0.000
2023-02-06 Monday 11:21:21 root:INFO:2-Total Mean Waiting Time= 19136.036 +/- 2102.952
2023-02-06 Monday 11:21:21 root:INFO:****************************************
