2023-03-07 Tuesday 13:39:12: Run: 3 for Training experiment: DoE-27 - first seed: 370 - alpha: 0.3 - gamma: 0.9 - epsilon: 0.3 - reward: diff-waiting-time
2023-03-07 Tuesday 13:44:32: Run: 1 - First Epsilon: 0.3 - Last Epsilon: 0.3
2023-03-07 Tuesday 13:49:50: Run: 2 - First Epsilon: 0.3 - Last Epsilon: 0.3
2023-03-07 Tuesday 13:55:12: Run: 3 - First Epsilon: 0.3 - Last Epsilon: 0.3
2023-03-07 Tuesday 14:00:30: Run: 4 - First Epsilon: 0.3 - Last Epsilon: 0.3
2023-03-07 Tuesday 14:05:44: Run: 5 - First Epsilon: 0.3 - Last Epsilon: 0.3
2023-03-07 Tuesday 14:05:44: Q-Table Total Distinct States: 269
2023-03-07 Tuesday 14:05:44: Mean_reward=-1.80 +/- 0.74
2023-03-07 Tuesday 14:05:44: Mean_Stopped=77946.60 +/- 1816.10
2023-03-07 Tuesday 14:05:44: Mean_Stopped=78091.80 +/- 1836.05
2023-03-07 Tuesday 14:05:44: Mean_waiting_time=1634672.00 +/- 99719.62
2023-03-07 Tuesday 14:05:44: Mean_avg_speed=3528.78 +/- 41.33
2023-03-07 Tuesday 14:05:44: Mean_avg_speed_2=65563.51 +/- 704.04
2023-03-07 Tuesday 14:05:44: Mean_avg_speed_cross_check=77768.40 +/- 504.59
2023-03-07 Tuesday 14:05:44: ****************************************
2023-03-07 Tuesday 14:05:44: Calculation 1 - Overall 
2023-03-07 Tuesday 14:05:44: ****************************************
2023-03-07 Tuesday 14:05:44: Inner X Outer Loops Mean Reward= -0.000 +/- 0.763
2023-03-07 Tuesday 14:05:44: Inner X Outer Loops Mean Stopped= 7.794 +/- 2.576
2023-03-07 Tuesday 14:05:44: Inner X Outer Loops Mean Stopped Cross Check= 7.808 +/- 2.577
2023-03-07 Tuesday 14:05:44: Inner X Outer Loops Mean Waiting Time= 163.451 +/- 135.084
2023-03-07 Tuesday 14:05:44: Inner X Outer Loops Mean Avg Speed= 0.353 +/- 0.061
2023-03-07 Tuesday 14:05:44: Inner X Outer Loops Mean Avg Speed 2= 6.556 +/- 1.108
2023-03-07 Tuesday 14:05:44: Inner X Outer Loops Mean Avg Speed Cross Check= 7.776 +/- 0.809
2023-03-07 Tuesday 14:05:44: ****************************************
2023-03-07 Tuesday 14:05:44: Calculation 2 - Per Episode
2023-03-07 Tuesday 14:05:44: ****************************************
2023-03-07 Tuesday 14:05:44: Episode:0 Mean Reward= -0.000 +/- 0.787
2023-03-07 Tuesday 14:05:44: Episode:1 Mean Reward= -0.000 +/- 0.748
2023-03-07 Tuesday 14:05:44: Episode:2 Mean Reward= -0.000 +/- 0.794
2023-03-07 Tuesday 14:05:44: Episode:3 Mean Reward= -0.000 +/- 0.757
2023-03-07 Tuesday 14:05:44: Episode:4 Mean Reward= -0.000 +/- 0.727
2023-03-07 Tuesday 14:05:44: 1-Total Mean Reward= -0.000 +/- 0.000
2023-03-07 Tuesday 14:05:44: 2-Total Mean Reward= -0.000 +/- 0.763
2023-03-07 Tuesday 14:05:44: ****
2023-03-07 Tuesday 14:05:44: Episode:0 Mean Stopped= 7.971 +/- 2.663
2023-03-07 Tuesday 14:05:44: Episode:1 Mean Stopped= 7.757 +/- 2.523
2023-03-07 Tuesday 14:05:44: Episode:2 Mean Stopped= 7.955 +/- 2.562
2023-03-07 Tuesday 14:05:44: Episode:3 Mean Stopped= 7.819 +/- 2.640
2023-03-07 Tuesday 14:05:44: Episode:4 Mean Stopped= 7.468 +/- 2.453
2023-03-07 Tuesday 14:05:44: 1-Total Mean Stopped= 7.794 +/- 0.182
2023-03-07 Tuesday 14:05:44: 2-Total Mean Stopped= 7.794 +/- 2.568
2023-03-07 Tuesday 14:05:44: ****
2023-03-07 Tuesday 14:05:44: Episode:0 Mean Stopped Cross Check= 7.986 +/- 2.661
2023-03-07 Tuesday 14:05:44: Episode:1 Mean Stopped Cross Check= 7.772 +/- 2.527
2023-03-07 Tuesday 14:05:44: Episode:2 Mean Stopped Cross Check= 7.972 +/- 2.564
2023-03-07 Tuesday 14:05:44: Episode:3 Mean Stopped Cross Check= 7.833 +/- 2.641
2023-03-07 Tuesday 14:05:44: Episode:4 Mean Stopped Cross Check= 7.479 +/- 2.454
2023-03-07 Tuesday 14:05:44: 1-Total Mean Stopped Cross Check= 7.808 +/- 0.184
2023-03-07 Tuesday 14:05:44: 2-Total Mean Stopped Cross Check= 7.808 +/- 2.569
2023-03-07 Tuesday 14:05:44: ****
2023-03-07 Tuesday 14:05:44: Episode:0 Mean Waiting Time= 172.018 +/- 150.480
2023-03-07 Tuesday 14:05:44: Episode:1 Mean Waiting Time= 159.139 +/- 127.862
2023-03-07 Tuesday 14:05:44: Episode:2 Mean Waiting Time= 176.498 +/- 150.318
2023-03-07 Tuesday 14:05:44: Episode:3 Mean Waiting Time= 161.325 +/- 126.399
2023-03-07 Tuesday 14:05:44: Episode:4 Mean Waiting Time= 148.273 +/- 114.787
2023-03-07 Tuesday 14:05:44: 1-Total Mean Waiting Time= 163.451 +/- 9.971
2023-03-07 Tuesday 14:05:44: 2-Total Mean Waiting Time= 163.451 +/- 133.969
2023-03-07 Tuesday 14:05:44: Episode:0 Mean Avg Speed= 0.349 +/- 0.061
2023-03-07 Tuesday 14:05:44: Episode:1 Mean Avg Speed= 0.354 +/- 0.062
2023-03-07 Tuesday 14:05:44: Episode:2 Mean Avg Speed= 0.349 +/- 0.061
2023-03-07 Tuesday 14:05:44: Episode:3 Mean Avg Speed= 0.353 +/- 0.061
2023-03-07 Tuesday 14:05:44: Episode:4 Mean Avg Speed= 0.360 +/- 0.061
2023-03-07 Tuesday 14:05:44: 1-Total Mean Avg Speed= 0.353 +/- 0.004
2023-03-07 Tuesday 14:05:44: 2-Total Mean Avg Speed= 0.353 +/- 0.061
2023-03-07 Tuesday 14:05:44: Episode:0 Mean Avg Speed 2= 6.494 +/- 1.105
2023-03-07 Tuesday 14:05:44: Episode:1 Mean Avg Speed 2= 6.565 +/- 1.117
2023-03-07 Tuesday 14:05:44: Episode:2 Mean Avg Speed 2= 6.487 +/- 1.099
2023-03-07 Tuesday 14:05:44: Episode:3 Mean Avg Speed 2= 6.550 +/- 1.105
2023-03-07 Tuesday 14:05:44: Episode:4 Mean Avg Speed 2= 6.683 +/- 1.100
2023-03-07 Tuesday 14:05:44: 1-Total Mean Avg Speed 2= 6.556 +/- 0.070
2023-03-07 Tuesday 14:05:44: 2-Total Mean Avg Speed 2= 6.556 +/- 1.105
2023-03-07 Tuesday 14:05:44: Episode:0 Mean Avg Speed Cross Check= 7.743 +/- 0.812
2023-03-07 Tuesday 14:05:44: Episode:1 Mean Avg Speed Cross Check= 7.776 +/- 0.815
2023-03-07 Tuesday 14:05:44: Episode:2 Mean Avg Speed Cross Check= 7.723 +/- 0.810
2023-03-07 Tuesday 14:05:44: Episode:3 Mean Avg Speed Cross Check= 7.769 +/- 0.811
2023-03-07 Tuesday 14:05:44: Episode:4 Mean Avg Speed Cross Check= 7.869 +/- 0.791
2023-03-07 Tuesday 14:05:44: 1-Total Mean Avg Speed Cross Check= 7.776 +/- 0.050
2023-03-07 Tuesday 14:05:44: 2-Total Mean Avg Speed Cross Check= 7.776 +/- 0.808
2023-03-07 Tuesday 14:05:44: ****************************************
