2023-04-16 Sunday 02:38:01: Run: 4 for Training experiment: DE-Enhanced-1 - route: ../nets/roundabout/input_routes_roundabout_auto_v1-1.rou.xml - first seed: 470 - alpha: 0.5 - gamma: 0.99 - epsilon: 0.2 - reward: diff-waiting-time
2023-04-16 Sunday 02:47:52: Run: 1 - First Epsilon: 0.2 - Last Epsilon: 0.2
2023-04-16 Sunday 02:58:23: Run: 2 - First Epsilon: 0.2 - Last Epsilon: 0.2
2023-04-16 Sunday 03:08:07: Run: 3 - First Epsilon: 0.2 - Last Epsilon: 0.2
2023-04-16 Sunday 03:17:12: Run: 4 - First Epsilon: 0.2 - Last Epsilon: 0.2
2023-04-16 Sunday 03:26:52: Run: 5 - First Epsilon: 0.2 - Last Epsilon: 0.2
2023-04-16 Sunday 03:26:52: Q-Table Total Distinct States: 567
2023-04-16 Sunday 03:26:52: Mean_reward=-20.76 +/- 31.52
2023-04-16 Sunday 03:26:52: Mean_Stopped=85300.80 +/- 18899.83
2023-04-16 Sunday 03:26:52: Mean_Stopped=85465.00 +/- 18932.47
2023-04-16 Sunday 03:26:52: Mean_waiting_time=2399236.40 +/- 900217.09
2023-04-16 Sunday 03:26:52: Mean_avg_speed=3491.24 +/- 168.97
2023-04-16 Sunday 03:26:52: Mean_avg_speed_2=64867.85 +/- 3121.03
2023-04-16 Sunday 03:26:52: Mean_avg_speed_cross_check=77053.71 +/- 2745.94
2023-04-16 Sunday 03:26:52: Mean_average_co2_emission_tl=30759128.03 +/- 279025.12
2023-04-16 Sunday 03:26:52: Mean_average_co_emission_tl=977053.58 +/- 26525.95
2023-04-16 Sunday 03:26:52: Mean_average_fuel_consumption_tl=13222.40 +/- 119.93
2023-04-16 Sunday 03:26:52: Mean_average_noise_emission_tl=603928.46 +/- 2179.45
2023-04-16 Sunday 03:26:52: Mean_average_co2_emission=25662951.68 +/- 31002.67
2023-04-16 Sunday 03:26:52: Mean_average_co_emission=692596.89 +/- 30446.21
2023-04-16 Sunday 03:26:52: Mean_average_fuel_consumptions=11031.70 +/- 13.33
2023-04-16 Sunday 03:26:52: Mean_average_noise_emissions=610498.05 +/- 1829.84
2023-04-16 Sunday 03:26:52: ****************************************
2023-04-16 Sunday 03:26:52: Calculation 1 - Overall 
2023-04-16 Sunday 03:26:52: ****************************************
2023-04-16 Sunday 03:26:52: Inner X Outer Loops Mean Reward= -0.002 +/- 0.926
2023-04-16 Sunday 03:26:52: Inner X Outer Loops Mean Stopped= 8.529 +/- 6.275
2023-04-16 Sunday 03:26:52: Inner X Outer Loops Mean Stopped Cross Check= 8.546 +/- 6.276
2023-04-16 Sunday 03:26:52: Inner X Outer Loops Mean Waiting Time= 239.900 +/- 400.534
2023-04-16 Sunday 03:26:52: Inner X Outer Loops Mean Avg Speed= 0.349 +/- 0.068
2023-04-16 Sunday 03:26:52: Inner X Outer Loops Mean Avg Speed 2= 6.486 +/- 1.243
2023-04-16 Sunday 03:26:52: Inner X Outer Loops Mean Avg Speed Cross Check= 7.705 +/- 0.993
2023-04-16 Sunday 03:26:52: Inner X Outer Loops Mean Average CO2 Emission TL= 3075.605 +/- 231.410
2023-04-16 Sunday 03:26:52: Inner X Outer Loops Mean Average CO Emission TL= 97.696 +/- 11.378
2023-04-16 Sunday 03:26:52: Inner X Outer Loops Mean Average Fuel Consumption TL= 1.322 +/- 0.099
2023-04-16 Sunday 03:26:52: Inner X Outer Loops Mean Average Noise Emission TL= 60.387 +/- 1.154
2023-04-16 Sunday 03:26:52: Inner X Outer Loops Mean Average CO2 Emission= 2566.039 +/- 199.880
2023-04-16 Sunday 03:26:52: Inner X Outer Loops Mean Average CO Emission= 69.253 +/- 11.281
2023-04-16 Sunday 03:26:52: Inner X Outer Loops Mean Average Fuel Consumptions= 1.103 +/- 0.086
2023-04-16 Sunday 03:26:52: Inner X Outer Loops Mean Average Noise Emissions= 61.044 +/- 0.816
2023-04-16 Sunday 03:26:52: ****************************************
2023-04-16 Sunday 03:26:52: Calculation 2 - Per Episode
2023-04-16 Sunday 03:26:52: ****************************************
2023-04-16 Sunday 03:26:52: Episode:0 Mean Reward= -0.001 +/- 0.909
2023-04-16 Sunday 03:26:52: Episode:1 Mean Reward= -0.008 +/- 1.181
2023-04-16 Sunday 03:26:52: Episode:2 Mean Reward= -0.000 +/- 0.865
2023-04-16 Sunday 03:26:52: Episode:3 Mean Reward= -0.000 +/- 0.809
2023-04-16 Sunday 03:26:52: Episode:4 Mean Reward= -0.000 +/- 0.816
2023-04-16 Sunday 03:26:52: 1-Total Mean Reward= -0.002 +/- 0.003
2023-04-16 Sunday 03:26:52: 2-Total Mean Reward= -0.002 +/- 0.916
2023-04-16 Sunday 03:26:52: ****
2023-04-16 Sunday 03:26:52: Episode:0 Mean Stopped= 7.956 +/- 2.841
2023-04-16 Sunday 03:26:52: Episode:1 Mean Stopped= 12.277 +/- 12.472
2023-04-16 Sunday 03:26:52: Episode:2 Mean Stopped= 7.717 +/- 2.371
2023-04-16 Sunday 03:26:52: Episode:3 Mean Stopped= 7.230 +/- 2.174
2023-04-16 Sunday 03:26:52: Episode:4 Mean Stopped= 7.465 +/- 2.241
2023-04-16 Sunday 03:26:52: 1-Total Mean Stopped= 8.529 +/- 1.890
2023-04-16 Sunday 03:26:52: 2-Total Mean Stopped= 8.529 +/- 4.420
2023-04-16 Sunday 03:26:52: ****
2023-04-16 Sunday 03:26:52: Episode:0 Mean Stopped Cross Check= 7.972 +/- 2.841
2023-04-16 Sunday 03:26:52: Episode:1 Mean Stopped Cross Check= 12.300 +/- 12.472
2023-04-16 Sunday 03:26:52: Episode:2 Mean Stopped Cross Check= 7.734 +/- 2.372
2023-04-16 Sunday 03:26:52: Episode:3 Mean Stopped Cross Check= 7.242 +/- 2.174
2023-04-16 Sunday 03:26:52: Episode:4 Mean Stopped Cross Check= 7.480 +/- 2.241
2023-04-16 Sunday 03:26:52: 1-Total Mean Stopped Cross Check= 8.546 +/- 1.893
2023-04-16 Sunday 03:26:52: 2-Total Mean Stopped Cross Check= 8.546 +/- 4.420
2023-04-16 Sunday 03:26:52: ****
2023-04-16 Sunday 03:26:52: Episode:0 Mean Waiting Time= 221.889 +/- 296.142
2023-04-16 Sunday 03:26:52: Episode:1 Mean Waiting Time= 417.083 +/- 761.011
2023-04-16 Sunday 03:26:52: Episode:2 Mean Waiting Time= 201.798 +/- 192.257
2023-04-16 Sunday 03:26:52: Episode:3 Mean Waiting Time= 176.866 +/- 174.551
2023-04-16 Sunday 03:26:52: Episode:4 Mean Waiting Time= 181.862 +/- 165.405
2023-04-16 Sunday 03:26:52: 1-Total Mean Waiting Time= 239.900 +/- 90.013
2023-04-16 Sunday 03:26:52: 2-Total Mean Waiting Time= 239.900 +/- 317.873
2023-04-16 Sunday 03:26:52: Episode:0 Mean Avg Speed= 0.350 +/- 0.060
2023-04-16 Sunday 03:26:52: Episode:1 Mean Avg Speed= 0.317 +/- 0.089
2023-04-16 Sunday 03:26:52: Episode:2 Mean Avg Speed= 0.354 +/- 0.059
2023-04-16 Sunday 03:26:52: Episode:3 Mean Avg Speed= 0.365 +/- 0.058
2023-04-16 Sunday 03:26:52: Episode:4 Mean Avg Speed= 0.359 +/- 0.058
2023-04-16 Sunday 03:26:52: 1-Total Mean Avg Speed= 0.349 +/- 0.017
2023-04-16 Sunday 03:26:52: 2-Total Mean Avg Speed= 0.349 +/- 0.065
2023-04-16 Sunday 03:26:52: Episode:0 Mean Avg Speed 2= 6.512 +/- 1.096
2023-04-16 Sunday 03:26:52: Episode:1 Mean Avg Speed 2= 5.887 +/- 1.637
2023-04-16 Sunday 03:26:52: Episode:2 Mean Avg Speed 2= 6.585 +/- 1.068
2023-04-16 Sunday 03:26:52: Episode:3 Mean Avg Speed 2= 6.773 +/- 1.052
2023-04-16 Sunday 03:26:52: Episode:4 Mean Avg Speed 2= 6.673 +/- 1.051
2023-04-16 Sunday 03:26:52: 1-Total Mean Avg Speed 2= 6.486 +/- 0.312
2023-04-16 Sunday 03:26:52: 2-Total Mean Avg Speed 2= 6.486 +/- 1.181
2023-04-16 Sunday 03:26:52: Episode:0 Mean Avg Speed Cross Check= 7.748 +/- 0.802
2023-04-16 Sunday 03:26:52: Episode:1 Mean Avg Speed Cross Check= 7.170 +/- 1.488
2023-04-16 Sunday 03:26:52: Episode:2 Mean Avg Speed Cross Check= 7.800 +/- 0.765
2023-04-16 Sunday 03:26:52: Episode:3 Mean Avg Speed Cross Check= 7.937 +/- 0.745
2023-04-16 Sunday 03:26:52: Episode:4 Mean Avg Speed Cross Check= 7.867 +/- 0.747
2023-04-16 Sunday 03:26:52: 1-Total Mean Avg Speed Cross Check= 7.705 +/- 0.275
2023-04-16 Sunday 03:26:52: 2-Total Mean Avg Speed Cross Check= 7.705 +/- 0.910
2023-04-16 Sunday 03:26:52: Episode:0 Mean Average CO2 Emission TL= 3075.928 +/- 225.740
2023-04-16 Sunday 03:26:52: Episode:1 Mean Average CO2 Emission TL= 3022.802 +/- 239.064
2023-04-16 Sunday 03:26:52: Episode:2 Mean Average CO2 Emission TL= 3082.889 +/- 226.907
2023-04-16 Sunday 03:26:52: Episode:3 Mean Average CO2 Emission TL= 3102.032 +/- 229.960
2023-04-16 Sunday 03:26:52: Episode:4 Mean Average CO2 Emission TL= 3094.376 +/- 226.678
2023-04-16 Sunday 03:26:52: 1-Total Mean Average CO2 Emission TL= 3075.605 +/- 27.900
2023-04-16 Sunday 03:26:52: 2-Total Mean Average CO2 Emission TL= 3075.605 +/- 229.670
2023-04-16 Sunday 03:26:52: Episode:0 Mean Average CO Emission TL= 97.365 +/- 10.157
2023-04-16 Sunday 03:26:52: Episode:1 Mean Average CO Emission TL= 102.823 +/- 15.126
2023-04-16 Sunday 03:26:52: Episode:2 Mean Average CO Emission TL= 96.808 +/- 9.765
2023-04-16 Sunday 03:26:53: Episode:3 Mean Average CO Emission TL= 95.327 +/- 9.546
2023-04-16 Sunday 03:26:53: Episode:4 Mean Average CO Emission TL= 96.155 +/- 9.678
2023-04-16 Sunday 03:26:53: 1-Total Mean Average CO Emission TL= 97.696 +/- 2.652
2023-04-16 Sunday 03:26:53: 2-Total Mean Average CO Emission TL= 97.696 +/- 10.854
2023-04-16 Sunday 03:26:53: Episode:0 Mean Average Fuel Consumption TL= 1.322 +/- 0.097
2023-04-16 Sunday 03:26:53: Episode:1 Mean Average Fuel Consumption TL= 1.299 +/- 0.103
2023-04-16 Sunday 03:26:53: Episode:2 Mean Average Fuel Consumption TL= 1.325 +/- 0.098
2023-04-16 Sunday 03:26:53: Episode:3 Mean Average Fuel Consumption TL= 1.333 +/- 0.099
2023-04-16 Sunday 03:26:53: Episode:4 Mean Average Fuel Consumption TL= 1.330 +/- 0.097
2023-04-16 Sunday 03:26:53: 1-Total Mean Average Fuel Consumption TL= 1.322 +/- 0.012
2023-04-16 Sunday 03:26:53: 2-Total Mean Average Fuel Consumption TL= 1.322 +/- 0.099
2023-04-16 Sunday 03:26:53: Episode:0 Mean Average Noise Emission TL= 60.401 +/- 1.089
2023-04-16 Sunday 03:26:53: Episode:1 Mean Average Noise Emission TL= 59.969 +/- 1.345
2023-04-16 Sunday 03:26:53: Episode:2 Mean Average Noise Emission TL= 60.459 +/- 1.066
2023-04-16 Sunday 03:26:53: Episode:3 Mean Average Noise Emission TL= 60.587 +/- 1.076
2023-04-16 Sunday 03:26:53: Episode:4 Mean Average Noise Emission TL= 60.518 +/- 1.066
2023-04-16 Sunday 03:26:53: 1-Total Mean Average Noise Emission TL= 60.387 +/- 0.218
2023-04-16 Sunday 03:26:53: 2-Total Mean Average Noise Emission TL= 60.387 +/- 1.128
2023-04-16 Sunday 03:26:53: Episode:0 Mean Average CO2 Emission= 2571.491 +/- 200.660
2023-04-16 Sunday 03:26:53: Episode:1 Mean Average CO2 Emission= 2567.070 +/- 191.785
2023-04-16 Sunday 03:26:53: Episode:2 Mean Average CO2 Emission= 2562.534 +/- 200.854
2023-04-16 Sunday 03:26:53: Episode:3 Mean Average CO2 Emission= 2565.064 +/- 202.301
2023-04-16 Sunday 03:26:53: Episode:4 Mean Average CO2 Emission= 2564.034 +/- 203.466
2023-04-16 Sunday 03:26:53: 1-Total Mean Average CO2 Emission= 2566.039 +/- 3.100
2023-04-16 Sunday 03:26:53: 2-Total Mean Average CO2 Emission= 2566.039 +/- 199.813
2023-04-16 Sunday 03:26:53: Episode:0 Mean Average CO Emission= 68.803 +/- 9.044
2023-04-16 Sunday 03:26:53: Episode:1 Mean Average CO Emission= 75.178 +/- 17.007
2023-04-16 Sunday 03:26:53: Episode:2 Mean Average CO Emission= 68.135 +/- 8.676
2023-04-16 Sunday 03:26:53: Episode:3 Mean Average CO Emission= 66.697 +/- 8.475
2023-04-16 Sunday 03:26:53: Episode:4 Mean Average CO Emission= 67.450 +/- 8.477
2023-04-16 Sunday 03:26:53: 1-Total Mean Average CO Emission= 69.253 +/- 3.044
2023-04-16 Sunday 03:26:53: 2-Total Mean Average CO Emission= 69.253 +/- 10.336
2023-04-16 Sunday 03:26:53: Episode:0 Mean Average Fuel Consumption= 1.105 +/- 0.086
2023-04-16 Sunday 03:26:53: Episode:1 Mean Average Fuel Consumption= 1.104 +/- 0.082
2023-04-16 Sunday 03:26:53: Episode:2 Mean Average Fuel Consumption= 1.102 +/- 0.086
2023-04-16 Sunday 03:26:53: Episode:3 Mean Average Fuel Consumption= 1.103 +/- 0.087
2023-04-16 Sunday 03:26:53: Episode:4 Mean Average Fuel Consumption= 1.102 +/- 0.087
2023-04-16 Sunday 03:26:53: 1-Total Mean Average Fuel Consumption= 1.103 +/- 0.001
2023-04-16 Sunday 03:26:53: 2-Total Mean Average Fuel Consumption= 1.103 +/- 0.086
2023-04-16 Sunday 03:26:53: Episode:0 Mean Average Noise Emission= 61.072 +/- 0.724
2023-04-16 Sunday 03:26:53: Episode:1 Mean Average Noise Emission= 60.687 +/- 1.096
2023-04-16 Sunday 03:26:53: Episode:2 Mean Average Noise Emission= 61.109 +/- 0.695
2023-04-16 Sunday 03:26:53: Episode:3 Mean Average Noise Emission= 61.197 +/- 0.690
2023-04-16 Sunday 03:26:53: Episode:4 Mean Average Noise Emission= 61.153 +/- 0.692
2023-04-16 Sunday 03:26:53: 1-Total Mean Average Noise Emission= 61.044 +/- 0.183
2023-04-16 Sunday 03:26:53: 2-Total Mean Average Noise Emission= 61.044 +/- 0.780
2023-04-16 Sunday 03:26:53: ****************************************
