2023-03-14 Tuesday 03:12:02: Run: 5 for Training experiment: DoE-1 - first seed: 570 - alpha: 0.1 - gamma: 0.8 - epsilon: 0.2 - reward: diff-waiting-time
2023-03-14 Tuesday 03:23:54: Run: 1 - First Epsilon: 0.2 - Last Epsilon: 0.2
2023-03-14 Tuesday 03:29:29: Run: 2 - First Epsilon: 0.2 - Last Epsilon: 0.2
2023-03-14 Tuesday 03:35:00: Run: 3 - First Epsilon: 0.2 - Last Epsilon: 0.2
2023-03-14 Tuesday 03:40:44: Run: 4 - First Epsilon: 0.2 - Last Epsilon: 0.2
2023-03-14 Tuesday 03:46:38: Run: 5 - First Epsilon: 0.2 - Last Epsilon: 0.2
2023-03-14 Tuesday 03:46:38: Q-Table Total Distinct States: 1327
2023-03-14 Tuesday 03:46:38: Mean_reward=-1.48 +/- 0.73
2023-03-14 Tuesday 03:46:38: Mean_Stopped=153503.40 +/- 142943.72
2023-03-14 Tuesday 03:46:38: Mean_Stopped=153704.00 +/- 142964.05
2023-03-14 Tuesday 03:46:38: Mean_waiting_time=4436591.60 +/- 5515262.83
2023-03-14 Tuesday 03:46:38: Mean_avg_speed=3066.15 +/- 806.43
2023-03-14 Tuesday 03:46:38: Mean_avg_speed_2=56999.56 +/- 14998.30
2023-03-14 Tuesday 03:46:38: Mean_avg_speed_cross_check=69455.95 +/- 14726.53
2023-03-14 Tuesday 03:46:38: ****************************************
2023-03-14 Tuesday 03:46:38: Calculation 1 - Overall 
2023-03-14 Tuesday 03:46:38: ****************************************
2023-03-14 Tuesday 03:46:38: Inner X Outer Loops Mean Reward= -0.000 +/- 1.160
2023-03-14 Tuesday 03:46:38: Inner X Outer Loops Mean Stopped= 15.349 +/- 17.913
2023-03-14 Tuesday 03:46:38: Inner X Outer Loops Mean Stopped Cross Check= 15.369 +/- 17.914
2023-03-14 Tuesday 03:46:38: Inner X Outer Loops Mean Waiting Time= 443.615 +/- 903.311
2023-03-14 Tuesday 03:46:38: Inner X Outer Loops Mean Avg Speed= 0.307 +/- 0.108
2023-03-14 Tuesday 03:46:38: Inner X Outer Loops Mean Avg Speed 2= 5.699 +/- 1.988
2023-03-14 Tuesday 03:46:38: Inner X Outer Loops Mean Avg Speed Cross Check= 6.945 +/- 1.854
2023-03-14 Tuesday 03:46:38: ****************************************
2023-03-14 Tuesday 03:46:38: Calculation 2 - Per Episode
2023-03-14 Tuesday 03:46:38: ****************************************
2023-03-14 Tuesday 03:46:38: Episode:0 Mean Reward= -0.000 +/- 2.099
2023-03-14 Tuesday 03:46:38: Episode:1 Mean Reward= -0.000 +/- 0.747
2023-03-14 Tuesday 03:46:38: Episode:2 Mean Reward= -0.000 +/- 0.695
2023-03-14 Tuesday 03:46:38: Episode:3 Mean Reward= -0.000 +/- 0.784
2023-03-14 Tuesday 03:46:38: Episode:4 Mean Reward= -0.000 +/- 0.821
2023-03-14 Tuesday 03:46:38: 1-Total Mean Reward= -0.000 +/- 0.000
2023-03-14 Tuesday 03:46:38: 2-Total Mean Reward= -0.000 +/- 1.029
2023-03-14 Tuesday 03:46:38: ****
2023-03-14 Tuesday 03:46:38: Episode:0 Mean Stopped= 43.901 +/- 23.185
2023-03-14 Tuesday 03:46:38: Episode:1 Mean Stopped= 7.736 +/- 2.558
2023-03-14 Tuesday 03:46:38: Episode:2 Mean Stopped= 7.312 +/- 2.431
2023-03-14 Tuesday 03:46:38: Episode:3 Mean Stopped= 8.416 +/- 3.857
2023-03-14 Tuesday 03:46:38: Episode:4 Mean Stopped= 9.380 +/- 4.244
2023-03-14 Tuesday 03:46:38: 1-Total Mean Stopped= 15.349 +/- 14.293
2023-03-14 Tuesday 03:46:38: 2-Total Mean Stopped= 15.349 +/- 7.255
2023-03-14 Tuesday 03:46:38: ****
2023-03-14 Tuesday 03:46:38: Episode:0 Mean Stopped Cross Check= 43.924 +/- 23.183
2023-03-14 Tuesday 03:46:38: Episode:1 Mean Stopped Cross Check= 7.752 +/- 2.558
2023-03-14 Tuesday 03:46:38: Episode:2 Mean Stopped Cross Check= 7.328 +/- 2.430
2023-03-14 Tuesday 03:46:38: Episode:3 Mean Stopped Cross Check= 8.437 +/- 3.860
2023-03-14 Tuesday 03:46:38: Episode:4 Mean Stopped Cross Check= 9.402 +/- 4.250
2023-03-14 Tuesday 03:46:38: 1-Total Mean Stopped Cross Check= 15.369 +/- 14.295
2023-03-14 Tuesday 03:46:38: 2-Total Mean Stopped Cross Check= 15.369 +/- 7.256
2023-03-14 Tuesday 03:46:38: ****
2023-03-14 Tuesday 03:46:38: Episode:0 Mean Waiting Time= 1545.776 +/- 1569.003
2023-03-14 Tuesday 03:46:38: Episode:1 Mean Waiting Time= 156.208 +/- 146.516
2023-03-14 Tuesday 03:46:38: Episode:2 Mean Waiting Time= 137.794 +/- 108.449
2023-03-14 Tuesday 03:46:38: Episode:3 Mean Waiting Time= 179.002 +/- 179.617
2023-03-14 Tuesday 03:46:38: Episode:4 Mean Waiting Time= 199.294 +/- 178.866
2023-03-14 Tuesday 03:46:38: 1-Total Mean Waiting Time= 443.615 +/- 551.471
2023-03-14 Tuesday 03:46:38: 2-Total Mean Waiting Time= 443.615 +/- 436.490
2023-03-14 Tuesday 03:46:38: Episode:0 Mean Avg Speed= 0.147 +/- 0.089
2023-03-14 Tuesday 03:46:38: Episode:1 Mean Avg Speed= 0.353 +/- 0.060
2023-03-14 Tuesday 03:46:38: Episode:2 Mean Avg Speed= 0.362 +/- 0.062
2023-03-14 Tuesday 03:46:38: Episode:3 Mean Avg Speed= 0.343 +/- 0.068
2023-03-14 Tuesday 03:46:38: Episode:4 Mean Avg Speed= 0.328 +/- 0.074
2023-03-14 Tuesday 03:46:38: 1-Total Mean Avg Speed= 0.307 +/- 0.081
2023-03-14 Tuesday 03:46:38: 2-Total Mean Avg Speed= 0.307 +/- 0.071
2023-03-14 Tuesday 03:46:38: Episode:0 Mean Avg Speed 2= 2.729 +/- 1.659
2023-03-14 Tuesday 03:46:38: Episode:1 Mean Avg Speed 2= 6.562 +/- 1.089
2023-03-14 Tuesday 03:46:38: Episode:2 Mean Avg Speed 2= 6.726 +/- 1.116
2023-03-14 Tuesday 03:46:38: Episode:3 Mean Avg Speed 2= 6.382 +/- 1.242
2023-03-14 Tuesday 03:46:38: Episode:4 Mean Avg Speed 2= 6.098 +/- 1.340
2023-03-14 Tuesday 03:46:38: 1-Total Mean Avg Speed 2= 5.699 +/- 1.500
2023-03-14 Tuesday 03:46:38: 2-Total Mean Avg Speed 2= 5.699 +/- 1.289
2023-03-14 Tuesday 03:46:38: Episode:0 Mean Avg Speed Cross Check= 4.018 +/- 1.767
2023-03-14 Tuesday 03:46:38: Episode:1 Mean Avg Speed Cross Check= 7.780 +/- 0.791
2023-03-14 Tuesday 03:46:38: Episode:2 Mean Avg Speed Cross Check= 7.895 +/- 0.797
2023-03-14 Tuesday 03:46:38: Episode:3 Mean Avg Speed Cross Check= 7.628 +/- 0.948
2023-03-14 Tuesday 03:46:38: Episode:4 Mean Avg Speed Cross Check= 7.402 +/- 1.035
2023-03-14 Tuesday 03:46:38: 1-Total Mean Avg Speed Cross Check= 6.945 +/- 1.473
2023-03-14 Tuesday 03:46:38: 2-Total Mean Avg Speed Cross Check= 6.945 +/- 1.068
2023-03-14 Tuesday 03:46:38: ****************************************
