2023-04-14 Friday 21:24:36: Run: 2 for Training experiment: DE-Enhanced-4 - route: ../nets/roundabout/input_routes_roundabout_auto_v1-4.rou.xml - first seed: 270 - alpha: 0.5 - gamma: 0.99 - epsilon: 0.2 - reward: diff-waiting-time
2023-04-14 Friday 21:28:44: Run: 1 - First Epsilon: 0.2 - Last Epsilon: 0.2
2023-04-14 Friday 21:32:51: Run: 2 - First Epsilon: 0.2 - Last Epsilon: 0.2
2023-04-14 Friday 21:37:09: Run: 3 - First Epsilon: 0.2 - Last Epsilon: 0.2
2023-04-14 Friday 21:41:18: Run: 4 - First Epsilon: 0.2 - Last Epsilon: 0.2
2023-04-14 Friday 21:45:38: Run: 5 - First Epsilon: 0.2 - Last Epsilon: 0.2
2023-04-14 Friday 21:45:39: Q-Table Total Distinct States: 111
2023-04-14 Friday 21:45:39: Mean_reward=-1.09 +/- 1.05
2023-04-14 Friday 21:45:39: Mean_Stopped=18051.20 +/- 463.86
2023-04-14 Friday 21:45:39: Mean_Stopped=18053.60 +/- 463.03
2023-04-14 Friday 21:45:39: Mean_waiting_time=689570.40 +/- 50551.36
2023-04-14 Friday 21:45:39: Mean_avg_speed=3655.28 +/- 29.51
2023-04-14 Friday 21:45:39: Mean_avg_speed_2=67095.33 +/- 485.59
2023-04-14 Friday 21:45:39: Mean_avg_speed_cross_check=81836.53 +/- 470.53
2023-04-14 Friday 21:45:39: Mean_average_co2_emission_tl=29891941.70 +/- 34058.45
2023-04-14 Friday 21:45:39: Mean_average_co_emission_tl=949577.72 +/- 6709.78
2023-04-14 Friday 21:45:39: Mean_average_fuel_consumption_tl=12849.63 +/- 14.64
2023-04-14 Friday 21:45:39: Mean_average_noise_emission_tl=601230.10 +/- 208.71
2023-04-14 Friday 21:45:39: Mean_average_co2_emission=27077842.41 +/- 29547.00
2023-04-14 Friday 21:45:39: Mean_average_co_emission=660598.11 +/- 6226.90
2023-04-14 Friday 21:45:39: Mean_average_fuel_consumptions=11639.91 +/- 12.70
2023-04-14 Friday 21:45:39: Mean_average_noise_emissions=611381.20 +/- 235.12
2023-04-14 Friday 21:45:39: ****************************************
2023-04-14 Friday 21:45:39: Calculation 1 - Overall 
2023-04-14 Friday 21:45:39: ****************************************
2023-04-14 Friday 21:45:39: Inner X Outer Loops Mean Reward= -0.000 +/- 0.515
2023-04-14 Friday 21:45:39: Inner X Outer Loops Mean Stopped= 1.805 +/- 1.297
2023-04-14 Friday 21:45:39: Inner X Outer Loops Mean Stopped Cross Check= 1.805 +/- 1.297
2023-04-14 Friday 21:45:39: Inner X Outer Loops Mean Waiting Time= 68.950 +/- 123.199
2023-04-14 Friday 21:45:39: Inner X Outer Loops Mean Avg Speed= 0.365 +/- 0.300
2023-04-14 Friday 21:45:39: Inner X Outer Loops Mean Avg Speed 2= 6.709 +/- 5.894
2023-04-14 Friday 21:45:39: Inner X Outer Loops Mean Avg Speed Cross Check= 8.183 +/- 3.568
2023-04-14 Friday 21:45:39: Inner X Outer Loops Mean Average CO2 Emission TL= 2988.895 +/- 1113.173
2023-04-14 Friday 21:45:39: Inner X Outer Loops Mean Average CO Emission TL= 94.948 +/- 46.810
2023-04-14 Friday 21:45:39: Inner X Outer Loops Mean Average Fuel Consumption TL= 1.285 +/- 0.478
2023-04-14 Friday 21:45:39: Inner X Outer Loops Mean Average Noise Emission TL= 60.117 +/- 4.530
2023-04-14 Friday 21:45:39: Inner X Outer Loops Mean Average CO2 Emission= 2707.513 +/- 700.026
2023-04-14 Friday 21:45:39: Inner X Outer Loops Mean Average CO Emission= 66.053 +/- 29.793
2023-04-14 Friday 21:45:39: Inner X Outer Loops Mean Average Fuel Consumptions= 1.164 +/- 0.301
2023-04-14 Friday 21:45:39: Inner X Outer Loops Mean Average Noise Emissions= 61.132 +/- 2.678
2023-04-14 Friday 21:45:39: ****************************************
2023-04-14 Friday 21:45:39: Calculation 2 - Per Episode
2023-04-14 Friday 21:45:39: ****************************************
2023-04-14 Friday 21:45:39: Episode:0 Mean Reward= -0.000 +/- 0.536
2023-04-14 Friday 21:45:39: Episode:1 Mean Reward= -0.000 +/- 0.542
2023-04-14 Friday 21:45:39: Episode:2 Mean Reward= -0.000 +/- 0.489
2023-04-14 Friday 21:45:39: Episode:3 Mean Reward= -0.000 +/- 0.501
2023-04-14 Friday 21:45:39: Episode:4 Mean Reward= -0.000 +/- 0.502
2023-04-14 Friday 21:45:39: 1-Total Mean Reward= -0.000 +/- 0.000
2023-04-14 Friday 21:45:39: 2-Total Mean Reward= -0.000 +/- 0.514
2023-04-14 Friday 21:45:39: ****
2023-04-14 Friday 21:45:39: Episode:0 Mean Stopped= 1.854 +/- 1.355
2023-04-14 Friday 21:45:39: Episode:1 Mean Stopped= 1.863 +/- 1.320
2023-04-14 Friday 21:45:39: Episode:2 Mean Stopped= 1.751 +/- 1.260
2023-04-14 Friday 21:45:39: Episode:3 Mean Stopped= 1.796 +/- 1.254
2023-04-14 Friday 21:45:39: Episode:4 Mean Stopped= 1.760 +/- 1.288
2023-04-14 Friday 21:45:39: 1-Total Mean Stopped= 1.805 +/- 0.046
2023-04-14 Friday 21:45:39: 2-Total Mean Stopped= 1.805 +/- 1.295
2023-04-14 Friday 21:45:39: ****
2023-04-14 Friday 21:45:39: Episode:0 Mean Stopped Cross Check= 1.854 +/- 1.355
2023-04-14 Friday 21:45:39: Episode:1 Mean Stopped Cross Check= 1.863 +/- 1.320
2023-04-14 Friday 21:45:39: Episode:2 Mean Stopped Cross Check= 1.752 +/- 1.260
2023-04-14 Friday 21:45:39: Episode:3 Mean Stopped Cross Check= 1.796 +/- 1.254
2023-04-14 Friday 21:45:39: Episode:4 Mean Stopped Cross Check= 1.761 +/- 1.289
2023-04-14 Friday 21:45:39: 1-Total Mean Stopped Cross Check= 1.805 +/- 0.046
2023-04-14 Friday 21:45:39: 2-Total Mean Stopped Cross Check= 1.805 +/- 1.296
2023-04-14 Friday 21:45:39: ****
2023-04-14 Friday 21:45:39: Episode:0 Mean Waiting Time= 73.769 +/- 143.602
2023-04-14 Friday 21:45:39: Episode:1 Mean Waiting Time= 76.041 +/- 133.445
2023-04-14 Friday 21:45:39: Episode:2 Mean Waiting Time= 62.917 +/- 109.095
2023-04-14 Friday 21:45:39: Episode:3 Mean Waiting Time= 66.549 +/- 105.486
2023-04-14 Friday 21:45:39: Episode:4 Mean Waiting Time= 65.474 +/- 119.600
2023-04-14 Friday 21:45:39: 1-Total Mean Waiting Time= 68.950 +/- 5.055
2023-04-14 Friday 21:45:39: 2-Total Mean Waiting Time= 68.950 +/- 122.246
2023-04-14 Friday 21:45:39: Episode:0 Mean Avg Speed= 0.363 +/- 0.298
2023-04-14 Friday 21:45:39: Episode:1 Mean Avg Speed= 0.362 +/- 0.295
2023-04-14 Friday 21:45:39: Episode:2 Mean Avg Speed= 0.369 +/- 0.302
2023-04-14 Friday 21:45:39: Episode:3 Mean Avg Speed= 0.365 +/- 0.299
2023-04-14 Friday 21:45:39: Episode:4 Mean Avg Speed= 0.368 +/- 0.304
2023-04-14 Friday 21:45:39: 1-Total Mean Avg Speed= 0.365 +/- 0.003
2023-04-14 Friday 21:45:39: 2-Total Mean Avg Speed= 0.365 +/- 0.300
2023-04-14 Friday 21:45:39: Episode:0 Mean Avg Speed 2= 6.675 +/- 5.872
2023-04-14 Friday 21:45:39: Episode:1 Mean Avg Speed 2= 6.638 +/- 5.813
2023-04-14 Friday 21:45:39: Episode:2 Mean Avg Speed 2= 6.769 +/- 5.929
2023-04-14 Friday 21:45:39: Episode:3 Mean Avg Speed 2= 6.708 +/- 5.881
2023-04-14 Friday 21:45:39: Episode:4 Mean Avg Speed 2= 6.754 +/- 5.972
2023-04-14 Friday 21:45:39: 1-Total Mean Avg Speed 2= 6.709 +/- 0.049
2023-04-14 Friday 21:45:39: 2-Total Mean Avg Speed 2= 6.709 +/- 5.893
2023-04-14 Friday 21:45:39: Episode:0 Mean Avg Speed Cross Check= 8.153 +/- 3.573
2023-04-14 Friday 21:45:39: Episode:1 Mean Avg Speed Cross Check= 8.114 +/- 3.539
2023-04-14 Friday 21:45:39: Episode:2 Mean Avg Speed Cross Check= 8.237 +/- 3.577
2023-04-14 Friday 21:45:39: Episode:3 Mean Avg Speed Cross Check= 8.177 +/- 3.565
2023-04-14 Friday 21:45:39: Episode:4 Mean Avg Speed Cross Check= 8.233 +/- 3.586
2023-04-14 Friday 21:45:39: 1-Total Mean Avg Speed Cross Check= 8.183 +/- 0.047
2023-04-14 Friday 21:45:39: 2-Total Mean Avg Speed Cross Check= 8.183 +/- 3.568
2023-04-14 Friday 21:45:39: Episode:0 Mean Average CO2 Emission TL= 2994.005 +/- 1113.763
2023-04-14 Friday 21:45:39: Episode:1 Mean Average CO2 Emission TL= 2990.105 +/- 1098.035
2023-04-14 Friday 21:45:39: Episode:2 Mean Average CO2 Emission TL= 2984.272 +/- 1118.410
2023-04-14 Friday 21:45:39: Episode:3 Mean Average CO2 Emission TL= 2989.998 +/- 1111.059
2023-04-14 Friday 21:45:39: Episode:4 Mean Average CO2 Emission TL= 2986.097 +/- 1124.397
2023-04-14 Friday 21:45:39: 1-Total Mean Average CO2 Emission TL= 2988.895 +/- 3.406
2023-04-14 Friday 21:45:39: 2-Total Mean Average CO2 Emission TL= 2988.895 +/- 1113.133
2023-04-14 Friday 21:45:39: Episode:0 Mean Average CO Emission TL= 95.488 +/- 46.590
2023-04-14 Friday 21:45:39: Episode:1 Mean Average CO Emission TL= 95.819 +/- 45.881
2023-04-14 Friday 21:45:39: Episode:2 Mean Average CO Emission TL= 94.060 +/- 47.111
2023-04-14 Friday 21:45:39: Episode:3 Mean Average CO Emission TL= 95.059 +/- 46.726
2023-04-14 Friday 21:45:39: Episode:4 Mean Average CO Emission TL= 94.315 +/- 47.697
2023-04-14 Friday 21:45:39: 1-Total Mean Average CO Emission TL= 94.948 +/- 0.671
2023-04-14 Friday 21:45:39: 2-Total Mean Average CO Emission TL= 94.948 +/- 46.801
2023-04-14 Friday 21:45:39: Episode:0 Mean Average Fuel Consumption TL= 1.287 +/- 0.479
2023-04-14 Friday 21:45:39: Episode:1 Mean Average Fuel Consumption TL= 1.285 +/- 0.472
2023-04-14 Friday 21:45:39: Episode:2 Mean Average Fuel Consumption TL= 1.283 +/- 0.481
2023-04-14 Friday 21:45:39: Episode:3 Mean Average Fuel Consumption TL= 1.285 +/- 0.478
2023-04-14 Friday 21:45:39: Episode:4 Mean Average Fuel Consumption TL= 1.284 +/- 0.483
2023-04-14 Friday 21:45:39: 1-Total Mean Average Fuel Consumption TL= 1.285 +/- 0.001
2023-04-14 Friday 21:45:39: 2-Total Mean Average Fuel Consumption TL= 1.285 +/- 0.478
2023-04-14 Friday 21:45:39: Episode:0 Mean Average Noise Emission TL= 60.104 +/- 4.512
2023-04-14 Friday 21:45:39: Episode:1 Mean Average Noise Emission TL= 60.084 +/- 4.470
2023-04-14 Friday 21:45:39: Episode:2 Mean Average Noise Emission TL= 60.145 +/- 4.552
2023-04-14 Friday 21:45:39: Episode:3 Mean Average Noise Emission TL= 60.122 +/- 4.533
2023-04-14 Friday 21:45:39: Episode:4 Mean Average Noise Emission TL= 60.130 +/- 4.583
2023-04-14 Friday 21:45:39: 1-Total Mean Average Noise Emission TL= 60.117 +/- 0.021
2023-04-14 Friday 21:45:39: 2-Total Mean Average Noise Emission TL= 60.117 +/- 4.530
2023-04-14 Friday 21:45:39: Episode:0 Mean Average CO2 Emission= 2711.168 +/- 698.647
2023-04-14 Friday 21:45:39: Episode:1 Mean Average CO2 Emission= 2705.243 +/- 694.289
2023-04-14 Friday 21:45:39: Episode:2 Mean Average CO2 Emission= 2709.193 +/- 696.353
2023-04-14 Friday 21:45:39: Episode:3 Mean Average CO2 Emission= 2703.014 +/- 703.919
2023-04-14 Friday 21:45:39: Episode:4 Mean Average CO2 Emission= 2708.950 +/- 706.813
2023-04-14 Friday 21:45:39: 1-Total Mean Average CO2 Emission= 2707.513 +/- 2.954
2023-04-14 Friday 21:45:39: 2-Total Mean Average CO2 Emission= 2707.513 +/- 700.004
2023-04-14 Friday 21:45:39: Episode:0 Mean Average CO Emission= 66.591 +/- 30.005
2023-04-14 Friday 21:45:39: Episode:1 Mean Average CO Emission= 66.883 +/- 29.593
2023-04-14 Friday 21:45:39: Episode:2 Mean Average CO Emission= 65.288 +/- 29.691
2023-04-14 Friday 21:45:39: Episode:3 Mean Average CO Emission= 66.063 +/- 29.745
2023-04-14 Friday 21:45:39: Episode:4 Mean Average CO Emission= 65.441 +/- 29.898
2023-04-14 Friday 21:45:39: 1-Total Mean Average CO Emission= 66.053 +/- 0.623
2023-04-14 Friday 21:45:39: 2-Total Mean Average CO Emission= 66.053 +/- 29.787
2023-04-14 Friday 21:45:39: Episode:0 Mean Average Fuel Consumption= 1.165 +/- 0.300
2023-04-14 Friday 21:45:39: Episode:1 Mean Average Fuel Consumption= 1.163 +/- 0.298
2023-04-14 Friday 21:45:39: Episode:2 Mean Average Fuel Consumption= 1.165 +/- 0.299
2023-04-14 Friday 21:45:39: Episode:3 Mean Average Fuel Consumption= 1.162 +/- 0.303
2023-04-14 Friday 21:45:39: Episode:4 Mean Average Fuel Consumption= 1.164 +/- 0.304
2023-04-14 Friday 21:45:39: 1-Total Mean Average Fuel Consumption= 1.164 +/- 0.001
2023-04-14 Friday 21:45:39: 2-Total Mean Average Fuel Consumption= 1.164 +/- 0.301
2023-04-14 Friday 21:45:39: Episode:0 Mean Average Noise Emission= 61.118 +/- 2.671
2023-04-14 Friday 21:45:39: Episode:1 Mean Average Noise Emission= 61.097 +/- 2.654
2023-04-14 Friday 21:45:39: Episode:2 Mean Average Noise Emission= 61.157 +/- 2.687
2023-04-14 Friday 21:45:39: Episode:3 Mean Average Noise Emission= 61.128 +/- 2.695
2023-04-14 Friday 21:45:39: Episode:4 Mean Average Noise Emission= 61.159 +/- 2.684
2023-04-14 Friday 21:45:39: 1-Total Mean Average Noise Emission= 61.132 +/- 0.024
2023-04-14 Friday 21:45:39: 2-Total Mean Average Noise Emission= 61.132 +/- 2.678
2023-04-14 Friday 21:45:39: ****************************************
