2023-04-14 Friday 09:42:51: Run: 1 for Training experiment: DE-7 - route: ../nets/roundabout/input_routes_roundabout_auto_v1-7.rou.xml - first seed: 170 - alpha: 0.5 - gamma: 0.99 - epsilon: 0.2 - reward: diff-waiting-time
2023-04-14 Friday 09:57:28: Run: 1 - First Epsilon: 0.2 - Last Epsilon: 0.2
2023-04-14 Friday 10:06:24: Run: 2 - First Epsilon: 0.2 - Last Epsilon: 0.2
2023-04-14 Friday 10:15:28: Run: 3 - First Epsilon: 0.2 - Last Epsilon: 0.2
2023-04-14 Friday 10:24:57: Run: 4 - First Epsilon: 0.2 - Last Epsilon: 0.2
2023-04-14 Friday 10:33:51: Run: 5 - First Epsilon: 0.2 - Last Epsilon: 0.2
2023-04-14 Friday 10:33:51: Q-Table Total Distinct States: 670
2023-04-14 Friday 10:33:51: Mean_reward=-1.47 +/- 0.70
2023-04-14 Friday 10:33:51: Mean_Stopped=102533.40 +/- 63380.27
2023-04-14 Friday 10:33:51: Mean_Stopped=102653.60 +/- 63397.24
2023-04-14 Friday 10:33:51: Mean_waiting_time=2777144.00 +/- 2081030.31
2023-04-14 Friday 10:33:51: Mean_avg_speed=3442.09 +/- 482.93
2023-04-14 Friday 10:33:51: Mean_avg_speed_2=63937.15 +/- 8963.63
2023-04-14 Friday 10:33:51: Mean_avg_speed_cross_check=75704.58 +/- 8348.16
2023-04-14 Friday 10:33:51: Mean_average_co2_emission_tl=30696433.28 +/- 821428.65
2023-04-14 Friday 10:33:51: Mean_average_co_emission_tl=985435.51 +/- 75688.90
2023-04-14 Friday 10:33:51: Mean_average_fuel_consumption_tl=13195.46 +/- 353.05
2023-04-14 Friday 10:33:51: Mean_average_noise_emission_tl=603234.77 +/- 6276.38
2023-04-14 Friday 10:33:51: Mean_average_co2_emission=25586724.11 +/- 78200.21
2023-04-14 Friday 10:33:51: Mean_average_co_emission=706746.07 +/- 90313.61
2023-04-14 Friday 10:33:51: Mean_average_fuel_consumptions=10998.94 +/- 33.57
2023-04-14 Friday 10:33:51: Mean_average_noise_emissions=609536.89 +/- 5631.46
2023-04-14 Friday 10:33:51: ****************************************
2023-04-14 Friday 10:33:51: Calculation 1 - Overall 
2023-04-14 Friday 10:33:51: ****************************************
2023-04-14 Friday 10:33:51: Inner X Outer Loops Mean Reward= -0.000 +/- 0.962
2023-04-14 Friday 10:33:51: Inner X Outer Loops Mean Stopped= 10.252 +/- 10.449
2023-04-14 Friday 10:33:51: Inner X Outer Loops Mean Stopped Cross Check= 10.264 +/- 10.452
2023-04-14 Friday 10:33:51: Inner X Outer Loops Mean Waiting Time= 277.687 +/- 534.778
2023-04-14 Friday 10:33:51: Inner X Outer Loops Mean Avg Speed= 0.344 +/- 0.090
2023-04-14 Friday 10:33:51: Inner X Outer Loops Mean Avg Speed 2= 6.393 +/- 1.664
2023-04-14 Friday 10:33:51: Inner X Outer Loops Mean Avg Speed Cross Check= 7.570 +/- 1.443
2023-04-14 Friday 10:33:51: Inner X Outer Loops Mean Average CO2 Emission TL= 3069.336 +/- 253.690
2023-04-14 Friday 10:33:51: Inner X Outer Loops Mean Average CO Emission TL= 98.534 +/- 14.634
2023-04-14 Friday 10:33:51: Inner X Outer Loops Mean Average Fuel Consumption TL= 1.319 +/- 0.109
2023-04-14 Friday 10:33:51: Inner X Outer Loops Mean Average Noise Emission TL= 60.317 +/- 1.389
2023-04-14 Friday 10:33:51: Inner X Outer Loops Mean Average CO2 Emission= 2558.417 +/- 201.518
2023-04-14 Friday 10:33:51: Inner X Outer Loops Mean Average CO Emission= 70.668 +/- 15.941
2023-04-14 Friday 10:33:51: Inner X Outer Loops Mean Average Fuel Consumptions= 1.100 +/- 0.087
2023-04-14 Friday 10:33:51: Inner X Outer Loops Mean Average Noise Emissions= 60.948 +/- 1.078
2023-04-14 Friday 10:33:51: ****************************************
2023-04-14 Friday 10:33:51: Calculation 2 - Per Episode
2023-04-14 Friday 10:33:51: ****************************************
2023-04-14 Friday 10:33:51: Episode:0 Mean Reward= -0.000 +/- 1.434
2023-04-14 Friday 10:33:51: Episode:1 Mean Reward= -0.000 +/- 0.811
2023-04-14 Friday 10:33:51: Episode:2 Mean Reward= -0.000 +/- 0.884
2023-04-14 Friday 10:33:51: Episode:3 Mean Reward= -0.000 +/- 0.761
2023-04-14 Friday 10:33:51: Episode:4 Mean Reward= -0.000 +/- 0.742
2023-04-14 Friday 10:33:51: 1-Total Mean Reward= -0.000 +/- 0.000
2023-04-14 Friday 10:33:51: 2-Total Mean Reward= -0.000 +/- 0.926
2023-04-14 Friday 10:33:51: ****
2023-04-14 Friday 10:33:51: Episode:0 Mean Stopped= 22.921 +/- 18.049
2023-04-14 Friday 10:33:51: Episode:1 Mean Stopped= 6.941 +/- 2.111
2023-04-14 Friday 10:33:51: Episode:2 Mean Stopped= 7.406 +/- 2.352
2023-04-14 Friday 10:33:51: Episode:3 Mean Stopped= 7.151 +/- 2.167
2023-04-14 Friday 10:33:51: Episode:4 Mean Stopped= 6.842 +/- 2.155
2023-04-14 Friday 10:33:51: 1-Total Mean Stopped= 10.252 +/- 6.337
2023-04-14 Friday 10:33:51: 2-Total Mean Stopped= 10.252 +/- 5.367
2023-04-14 Friday 10:33:51: ****
2023-04-14 Friday 10:33:51: Episode:0 Mean Stopped Cross Check= 22.937 +/- 18.054
2023-04-14 Friday 10:33:51: Episode:1 Mean Stopped Cross Check= 6.951 +/- 2.110
2023-04-14 Friday 10:33:51: Episode:2 Mean Stopped Cross Check= 7.417 +/- 2.351
2023-04-14 Friday 10:33:51: Episode:3 Mean Stopped Cross Check= 7.163 +/- 2.167
2023-04-14 Friday 10:33:51: Episode:4 Mean Stopped Cross Check= 6.854 +/- 2.156
2023-04-14 Friday 10:33:51: 1-Total Mean Stopped Cross Check= 10.264 +/- 6.339
2023-04-14 Friday 10:33:51: 2-Total Mean Stopped Cross Check= 10.264 +/- 5.368
2023-04-14 Friday 10:33:51: ****
2023-04-14 Friday 10:33:51: Episode:0 Mean Waiting Time= 692.028 +/- 1041.764
2023-04-14 Friday 10:33:51: Episode:1 Mean Waiting Time= 176.353 +/- 181.890
2023-04-14 Friday 10:33:51: Episode:2 Mean Waiting Time= 208.494 +/- 210.614
2023-04-14 Friday 10:33:51: Episode:3 Mean Waiting Time= 159.843 +/- 159.357
2023-04-14 Friday 10:33:51: Episode:4 Mean Waiting Time= 151.715 +/- 159.178
2023-04-14 Friday 10:33:51: 1-Total Mean Waiting Time= 277.687 +/- 208.082
2023-04-14 Friday 10:33:51: 2-Total Mean Waiting Time= 277.687 +/- 350.561
2023-04-14 Friday 10:33:51: Episode:0 Mean Avg Speed= 0.248 +/- 0.124
2023-04-14 Friday 10:33:51: Episode:1 Mean Avg Speed= 0.371 +/- 0.058
2023-04-14 Friday 10:33:51: Episode:2 Mean Avg Speed= 0.362 +/- 0.060
2023-04-14 Friday 10:33:51: Episode:3 Mean Avg Speed= 0.366 +/- 0.058
2023-04-14 Friday 10:33:51: Episode:4 Mean Avg Speed= 0.373 +/- 0.059
2023-04-14 Friday 10:33:51: 1-Total Mean Avg Speed= 0.344 +/- 0.048
2023-04-14 Friday 10:33:51: 2-Total Mean Avg Speed= 0.344 +/- 0.072
2023-04-14 Friday 10:33:51: Episode:0 Mean Avg Speed 2= 4.607 +/- 2.297
2023-04-14 Friday 10:33:51: Episode:1 Mean Avg Speed 2= 6.901 +/- 1.055
2023-04-14 Friday 10:33:51: Episode:2 Mean Avg Speed 2= 6.723 +/- 1.082
2023-04-14 Friday 10:33:51: Episode:3 Mean Avg Speed 2= 6.803 +/- 1.058
2023-04-14 Friday 10:33:51: Episode:4 Mean Avg Speed 2= 6.932 +/- 1.072
2023-04-14 Friday 10:33:51: 1-Total Mean Avg Speed 2= 6.393 +/- 0.896
2023-04-14 Friday 10:33:51: 2-Total Mean Avg Speed 2= 6.393 +/- 1.313
2023-04-14 Friday 10:33:51: Episode:0 Mean Avg Speed Cross Check= 5.904 +/- 2.161
2023-04-14 Friday 10:33:51: Episode:1 Mean Avg Speed Cross Check= 8.033 +/- 0.740
2023-04-14 Friday 10:33:51: Episode:2 Mean Avg Speed Cross Check= 7.901 +/- 0.773
2023-04-14 Friday 10:33:51: Episode:3 Mean Avg Speed Cross Check= 7.960 +/- 0.743
2023-04-14 Friday 10:33:51: Episode:4 Mean Avg Speed Cross Check= 8.051 +/- 0.751
2023-04-14 Friday 10:33:51: 1-Total Mean Avg Speed Cross Check= 7.570 +/- 0.835
2023-04-14 Friday 10:33:51: 2-Total Mean Avg Speed Cross Check= 7.570 +/- 1.034
2023-04-14 Friday 10:33:51: Episode:0 Mean Average CO2 Emission TL= 2905.574 +/- 266.249
2023-04-14 Friday 10:33:51: Episode:1 Mean Average CO2 Emission TL= 3115.612 +/- 234.360
2023-04-14 Friday 10:33:51: Episode:2 Mean Average CO2 Emission TL= 3100.332 +/- 230.071
2023-04-14 Friday 10:33:51: Episode:3 Mean Average CO2 Emission TL= 3106.676 +/- 230.777
2023-04-14 Friday 10:33:51: Episode:4 Mean Average CO2 Emission TL= 3118.488 +/- 236.767
2023-04-14 Friday 10:33:51: 1-Total Mean Average CO2 Emission TL= 3069.336 +/- 82.135
2023-04-14 Friday 10:33:51: 2-Total Mean Average CO2 Emission TL= 3069.336 +/- 239.645
2023-04-14 Friday 10:33:51: Episode:0 Mean Average CO Emission TL= 113.611 +/- 20.328
2023-04-14 Friday 10:33:51: Episode:1 Mean Average CO Emission TL= 94.260 +/- 9.480
2023-04-14 Friday 10:33:51: Episode:2 Mean Average CO Emission TL= 95.820 +/- 9.767
2023-04-14 Friday 10:33:51: Episode:3 Mean Average CO Emission TL= 95.086 +/- 9.613
2023-04-14 Friday 10:33:51: Episode:4 Mean Average CO Emission TL= 93.891 +/- 9.668
2023-04-14 Friday 10:33:51: 1-Total Mean Average CO Emission TL= 98.534 +/- 7.568
2023-04-14 Friday 10:33:51: 2-Total Mean Average CO Emission TL= 98.534 +/- 11.771
2023-04-14 Friday 10:33:51: Episode:0 Mean Average Fuel Consumption TL= 1.249 +/- 0.114
2023-04-14 Friday 10:33:51: Episode:1 Mean Average Fuel Consumption TL= 1.339 +/- 0.101
2023-04-14 Friday 10:33:51: Episode:2 Mean Average Fuel Consumption TL= 1.333 +/- 0.099
2023-04-14 Friday 10:33:51: Episode:3 Mean Average Fuel Consumption TL= 1.335 +/- 0.099
2023-04-14 Friday 10:33:51: Episode:4 Mean Average Fuel Consumption TL= 1.341 +/- 0.102
2023-04-14 Friday 10:33:51: 1-Total Mean Average Fuel Consumption TL= 1.319 +/- 0.035
2023-04-14 Friday 10:33:51: 2-Total Mean Average Fuel Consumption TL= 1.319 +/- 0.103
2023-04-14 Friday 10:33:51: Episode:0 Mean Average Noise Emission TL= 59.066 +/- 1.714
2023-04-14 Friday 10:33:51: Episode:1 Mean Average Noise Emission TL= 60.669 +/- 1.083
2023-04-14 Friday 10:33:51: Episode:2 Mean Average Noise Emission TL= 60.551 +/- 1.084
2023-04-14 Friday 10:33:51: Episode:3 Mean Average Noise Emission TL= 60.612 +/- 1.081
2023-04-14 Friday 10:33:51: Episode:4 Mean Average Noise Emission TL= 60.689 +/- 1.103
2023-04-14 Friday 10:33:51: 1-Total Mean Average Noise Emission TL= 60.317 +/- 0.628
2023-04-14 Friday 10:33:51: 2-Total Mean Average Noise Emission TL= 60.317 +/- 1.213
2023-04-14 Friday 10:33:51: Episode:0 Mean Average CO2 Emission= 2542.940 +/- 168.467
2023-04-14 Friday 10:33:51: Episode:1 Mean Average CO2 Emission= 2562.163 +/- 210.800
2023-04-14 Friday 10:33:51: Episode:2 Mean Average CO2 Emission= 2563.480 +/- 204.308
2023-04-14 Friday 10:33:51: Episode:3 Mean Average CO2 Emission= 2560.286 +/- 210.065
2023-04-14 Friday 10:33:51: Episode:4 Mean Average CO2 Emission= 2563.214 +/- 209.895
2023-04-14 Friday 10:33:51: 1-Total Mean Average CO2 Emission= 2558.417 +/- 7.819
2023-04-14 Friday 10:33:51: 2-Total Mean Average CO2 Emission= 2558.417 +/- 200.707
2023-04-14 Friday 10:33:51: Episode:0 Mean Average CO Emission= 88.687 +/- 23.903
2023-04-14 Friday 10:33:51: Episode:1 Mean Average CO Emission= 65.697 +/- 8.485
2023-04-14 Friday 10:33:51: Episode:2 Mean Average CO Emission= 67.163 +/- 8.748
2023-04-14 Friday 10:33:51: Episode:3 Mean Average CO Emission= 66.406 +/- 8.513
2023-04-14 Friday 10:33:51: Episode:4 Mean Average CO Emission= 65.386 +/- 8.395
2023-04-14 Friday 10:33:51: 1-Total Mean Average CO Emission= 70.668 +/- 9.030
2023-04-14 Friday 10:33:51: 2-Total Mean Average CO Emission= 70.668 +/- 11.609
2023-04-14 Friday 10:33:51: Episode:0 Mean Average Fuel Consumption= 1.093 +/- 0.072
2023-04-14 Friday 10:33:51: Episode:1 Mean Average Fuel Consumption= 1.101 +/- 0.091
2023-04-14 Friday 10:33:51: Episode:2 Mean Average Fuel Consumption= 1.102 +/- 0.088
2023-04-14 Friday 10:33:51: Episode:3 Mean Average Fuel Consumption= 1.101 +/- 0.090
2023-04-14 Friday 10:33:51: Episode:4 Mean Average Fuel Consumption= 1.102 +/- 0.090
2023-04-14 Friday 10:33:51: 1-Total Mean Average Fuel Consumption= 1.100 +/- 0.003
2023-04-14 Friday 10:33:51: 2-Total Mean Average Fuel Consumption= 1.100 +/- 0.086
2023-04-14 Friday 10:33:51: Episode:0 Mean Average Noise Emission= 59.823 +/- 1.507
2023-04-14 Friday 10:33:51: Episode:1 Mean Average Noise Emission= 61.257 +/- 0.692
2023-04-14 Friday 10:33:51: Episode:2 Mean Average Noise Emission= 61.173 +/- 0.702
2023-04-14 Friday 10:33:51: Episode:3 Mean Average Noise Emission= 61.216 +/- 0.694
2023-04-14 Friday 10:33:51: Episode:4 Mean Average Noise Emission= 61.268 +/- 0.705
2023-04-14 Friday 10:33:51: 1-Total Mean Average Noise Emission= 60.948 +/- 0.563
2023-04-14 Friday 10:33:51: 2-Total Mean Average Noise Emission= 60.948 +/- 0.860
2023-04-14 Friday 10:33:51: ****************************************
