2023-03-13 Monday 19:23:39: Run: 4 for Training experiment: DoE-49 - first seed: 470 - alpha: 0.5 - gamma: 0.99 - epsilon: 0.2 - reward: diff-waiting-time
2023-03-13 Monday 19:29:13: Run: 1 - First Epsilon: 0.2 - Last Epsilon: 0.2
2023-03-13 Monday 19:34:50: Run: 2 - First Epsilon: 0.2 - Last Epsilon: 0.2
2023-03-13 Monday 19:40:01: Run: 3 - First Epsilon: 0.2 - Last Epsilon: 0.2
2023-03-13 Monday 19:45:25: Run: 4 - First Epsilon: 0.2 - Last Epsilon: 0.2
2023-03-13 Monday 19:51:41: Run: 5 - First Epsilon: 0.2 - Last Epsilon: 0.2
2023-03-13 Monday 19:51:41: Q-Table Total Distinct States: 240
2023-03-13 Monday 19:51:41: Mean_reward=-4.29 +/- 4.08
2023-03-13 Monday 19:51:41: Mean_Stopped=73558.40 +/- 4041.40
2023-03-13 Monday 19:51:41: Mean_Stopped=73690.40 +/- 4072.94
2023-03-13 Monday 19:51:41: Mean_waiting_time=1850728.80 +/- 242561.86
2023-03-13 Monday 19:51:41: Mean_avg_speed=3625.19 +/- 88.01
2023-03-13 Monday 19:51:41: Mean_avg_speed_2=67353.16 +/- 1613.26
2023-03-13 Monday 19:51:41: Mean_avg_speed_cross_check=79088.48 +/- 1165.47
2023-03-13 Monday 19:51:41: ****************************************
2023-03-13 Monday 19:51:41: Calculation 1 - Overall 
2023-03-13 Monday 19:51:41: ****************************************
2023-03-13 Monday 19:51:41: Inner X Outer Loops Mean Reward= -0.000 +/- 0.826
2023-03-13 Monday 19:51:41: Inner X Outer Loops Mean Stopped= 7.355 +/- 2.354
2023-03-13 Monday 19:51:41: Inner X Outer Loops Mean Stopped Cross Check= 7.368 +/- 2.354
2023-03-13 Monday 19:51:41: Inner X Outer Loops Mean Waiting Time= 185.054 +/- 193.600
2023-03-13 Monday 19:51:41: Inner X Outer Loops Mean Avg Speed= 0.362 +/- 0.060
2023-03-13 Monday 19:51:41: Inner X Outer Loops Mean Avg Speed 2= 6.735 +/- 1.087
2023-03-13 Monday 19:51:41: Inner X Outer Loops Mean Avg Speed Cross Check= 7.908 +/- 0.770
2023-03-13 Monday 19:51:41: ****************************************
2023-03-13 Monday 19:51:41: Calculation 2 - Per Episode
2023-03-13 Monday 19:51:41: ****************************************
2023-03-13 Monday 19:51:41: Episode:0 Mean Reward= -0.001 +/- 0.890
2023-03-13 Monday 19:51:41: Episode:1 Mean Reward= -0.000 +/- 0.880
2023-03-13 Monday 19:51:41: Episode:2 Mean Reward= -0.000 +/- 0.841
2023-03-13 Monday 19:51:41: Episode:3 Mean Reward= -0.000 +/- 0.725
2023-03-13 Monday 19:51:41: Episode:4 Mean Reward= -0.001 +/- 0.782
2023-03-13 Monday 19:51:41: 1-Total Mean Reward= -0.000 +/- 0.000
2023-03-13 Monday 19:51:41: 2-Total Mean Reward= -0.000 +/- 0.824
2023-03-13 Monday 19:51:41: ****
2023-03-13 Monday 19:51:41: Episode:0 Mean Stopped= 7.539 +/- 2.501
2023-03-13 Monday 19:51:41: Episode:1 Mean Stopped= 7.935 +/- 2.483
2023-03-13 Monday 19:51:41: Episode:2 Mean Stopped= 7.224 +/- 2.219
2023-03-13 Monday 19:51:41: Episode:3 Mean Stopped= 6.701 +/- 1.991
2023-03-13 Monday 19:51:41: Episode:4 Mean Stopped= 7.377 +/- 2.362
2023-03-13 Monday 19:51:41: 1-Total Mean Stopped= 7.355 +/- 0.404
2023-03-13 Monday 19:51:41: 2-Total Mean Stopped= 7.355 +/- 2.311
2023-03-13 Monday 19:51:41: ****
2023-03-13 Monday 19:51:41: Episode:0 Mean Stopped Cross Check= 7.553 +/- 2.502
2023-03-13 Monday 19:51:41: Episode:1 Mean Stopped Cross Check= 7.953 +/- 2.482
2023-03-13 Monday 19:51:41: Episode:2 Mean Stopped Cross Check= 7.237 +/- 2.218
2023-03-13 Monday 19:51:41: Episode:3 Mean Stopped Cross Check= 6.708 +/- 1.988
2023-03-13 Monday 19:51:41: Episode:4 Mean Stopped Cross Check= 7.390 +/- 2.362
2023-03-13 Monday 19:51:41: 1-Total Mean Stopped Cross Check= 7.368 +/- 0.407
2023-03-13 Monday 19:51:41: 2-Total Mean Stopped Cross Check= 7.368 +/- 2.310
2023-03-13 Monday 19:51:41: ****
2023-03-13 Monday 19:51:41: Episode:0 Mean Waiting Time= 209.841 +/- 246.434
2023-03-13 Monday 19:51:41: Episode:1 Mean Waiting Time= 209.269 +/- 196.941
2023-03-13 Monday 19:51:41: Episode:2 Mean Waiting Time= 189.280 +/- 196.730
2023-03-13 Monday 19:51:41: Episode:3 Mean Waiting Time= 146.069 +/- 139.438
2023-03-13 Monday 19:51:41: Episode:4 Mean Waiting Time= 170.813 +/- 163.715
2023-03-13 Monday 19:51:41: 1-Total Mean Waiting Time= 185.054 +/- 24.254
2023-03-13 Monday 19:51:41: 2-Total Mean Waiting Time= 185.054 +/- 188.652
2023-03-13 Monday 19:51:41: Episode:0 Mean Avg Speed= 0.359 +/- 0.060
2023-03-13 Monday 19:51:41: Episode:1 Mean Avg Speed= 0.350 +/- 0.059
2023-03-13 Monday 19:51:41: Episode:2 Mean Avg Speed= 0.365 +/- 0.059
2023-03-13 Monday 19:51:41: Episode:3 Mean Avg Speed= 0.377 +/- 0.058
2023-03-13 Monday 19:51:41: Episode:4 Mean Avg Speed= 0.362 +/- 0.060
2023-03-13 Monday 19:51:41: 1-Total Mean Avg Speed= 0.362 +/- 0.009
2023-03-13 Monday 19:51:41: 2-Total Mean Avg Speed= 0.362 +/- 0.059
2023-03-13 Monday 19:51:41: Episode:0 Mean Avg Speed 2= 6.673 +/- 1.086
2023-03-13 Monday 19:51:41: Episode:1 Mean Avg Speed 2= 6.497 +/- 1.071
2023-03-13 Monday 19:51:41: Episode:2 Mean Avg Speed 2= 6.782 +/- 1.070
2023-03-13 Monday 19:51:41: Episode:3 Mean Avg Speed 2= 6.995 +/- 1.054
2023-03-13 Monday 19:51:41: Episode:4 Mean Avg Speed 2= 6.726 +/- 1.095
2023-03-13 Monday 19:51:41: 1-Total Mean Avg Speed 2= 6.735 +/- 0.161
2023-03-13 Monday 19:51:41: 2-Total Mean Avg Speed 2= 6.735 +/- 1.075
2023-03-13 Monday 19:51:41: Episode:0 Mean Avg Speed Cross Check= 7.869 +/- 0.775
2023-03-13 Monday 19:51:41: Episode:1 Mean Avg Speed Cross Check= 7.732 +/- 0.770
2023-03-13 Monday 19:51:41: Episode:2 Mean Avg Speed Cross Check= 7.947 +/- 0.758
2023-03-13 Monday 19:51:41: Episode:3 Mean Avg Speed Cross Check= 8.092 +/- 0.726
2023-03-13 Monday 19:51:41: Episode:4 Mean Avg Speed Cross Check= 7.900 +/- 0.776
2023-03-13 Monday 19:51:41: 1-Total Mean Avg Speed Cross Check= 7.908 +/- 0.117
2023-03-13 Monday 19:51:41: 2-Total Mean Avg Speed Cross Check= 7.908 +/- 0.761
2023-03-13 Monday 19:51:41: ****************************************
