2023-01-28 Saturday 22:28:12: Run: 1 - First Epsilon: 0.2 - Last Epsilon: 0.2
2023-01-28 Saturday 22:34:20: Run: 2 - First Epsilon: 0.2 - Last Epsilon: 0.2
2023-01-28 Saturday 22:40:29: Run: 3 - First Epsilon: 0.2 - Last Epsilon: 0.2
2023-01-28 Saturday 22:46:43: Run: 4 - First Epsilon: 0.2 - Last Epsilon: 0.2
2023-01-28 Saturday 22:53:12: Run: 5 - First Epsilon: 0.2 - Last Epsilon: 0.2
2023-01-28 Saturday 22:59:45: Run: 6 - First Epsilon: 0.2 - Last Epsilon: 0.2
2023-01-28 Saturday 23:05:56: Run: 7 - First Epsilon: 0.2 - Last Epsilon: 0.2
2023-01-28 Saturday 23:12:19: Run: 8 - First Epsilon: 0.2 - Last Epsilon: 0.2
2023-01-28 Saturday 23:18:26: Run: 9 - First Epsilon: 0.2 - Last Epsilon: 0.2
2023-01-28 Saturday 23:24:15: Run: 10 - First Epsilon: 0.2 - Last Epsilon: 0.2
2023-01-28 Saturday 23:24:15: Q-Table Total Distinct States: 447
2023-01-28 Saturday 23:24:15: Mean_reward=-6.83 +/- 1.34
2023-01-28 Saturday 23:24:15: Mean_Stopped=170144.90 +/- 19164.88
2023-01-28 Saturday 23:24:15: Mean_waiting_time=8228371.50 +/- 2617524.31
2023-01-28 Saturday 23:24:15: ****************************************
2023-01-28 Saturday 23:24:15: Calculation 1 - Overall 
2023-01-28 Saturday 23:24:15: ****************************************
2023-01-28 Saturday 23:24:15: Inner X Outer Loops Mean Reward= -0.001 +/- 0.652
2023-01-28 Saturday 23:24:15: Inner X Outer Loops Mean Stopped= 17.013 +/- 7.047
2023-01-28 Saturday 23:24:15: Inner X Outer Loops Mean Waiting Time= 822.755 +/- 696.360
2023-01-28 Saturday 23:24:15: ****************************************
2023-01-28 Saturday 23:24:15: Calculation 2 - Per Episode
2023-01-28 Saturday 23:24:15: ****************************************
2023-01-28 Saturday 23:24:15: Episode:0 Mean Reward= -0.001 +/- 0.967
2023-01-28 Saturday 23:24:15: Episode:1 Mean Reward= -0.001 +/- 0.592
2023-01-28 Saturday 23:24:15: Episode:2 Mean Reward= -0.001 +/- 0.580
2023-01-28 Saturday 23:24:15: Episode:3 Mean Reward= -0.001 +/- 0.599
2023-01-28 Saturday 23:24:15: Episode:4 Mean Reward= -0.001 +/- 0.626
2023-01-28 Saturday 23:24:15: Episode:5 Mean Reward= -0.001 +/- 0.643
2023-01-28 Saturday 23:24:15: Episode:6 Mean Reward= -0.000 +/- 0.581
2023-01-28 Saturday 23:24:15: Episode:7 Mean Reward= -0.001 +/- 0.622
2023-01-28 Saturday 23:24:15: Episode:8 Mean Reward= -0.001 +/- 0.620
2023-01-28 Saturday 23:24:15: Episode:9 Mean Reward= -0.001 +/- 0.603
2023-01-28 Saturday 23:24:15: 1-Total Mean Reward= -0.001 +/- 0.000
2023-01-28 Saturday 23:24:15: 2-Total Mean Reward= -0.001 +/- 0.643
2023-01-28 Saturday 23:24:15: ****
2023-01-28 Saturday 23:24:15: Episode:0 Mean Stopped= 22.004 +/- 11.959
2023-01-28 Saturday 23:24:15: Episode:1 Mean Stopped= 15.248 +/- 5.735
2023-01-28 Saturday 23:24:15: Episode:2 Mean Stopped= 15.416 +/- 5.969
2023-01-28 Saturday 23:24:15: Episode:3 Mean Stopped= 16.017 +/- 6.073
2023-01-28 Saturday 23:24:15: Episode:4 Mean Stopped= 17.556 +/- 5.673
2023-01-28 Saturday 23:24:15: Episode:5 Mean Stopped= 17.992 +/- 5.937
2023-01-28 Saturday 23:24:15: Episode:6 Mean Stopped= 15.669 +/- 5.607
2023-01-28 Saturday 23:24:15: Episode:7 Mean Stopped= 17.079 +/- 6.207
2023-01-28 Saturday 23:24:15: Episode:8 Mean Stopped= 17.498 +/- 6.068
2023-01-28 Saturday 23:24:15: Episode:9 Mean Stopped= 15.649 +/- 6.099
2023-01-28 Saturday 23:24:15: 1-Total Mean Stopped= 17.013 +/- 1.916
2023-01-28 Saturday 23:24:15: 2-Total Mean Stopped= 17.013 +/- 6.533
2023-01-28 Saturday 23:24:15: ****
2023-01-28 Saturday 23:24:15: Episode:0 Mean Waiting Time= 1578.402 +/- 1706.800
2023-01-28 Saturday 23:24:15: Episode:1 Mean Waiting Time= 646.287 +/- 351.864
2023-01-28 Saturday 23:24:15: Episode:2 Mean Waiting Time= 659.023 +/- 362.390
2023-01-28 Saturday 23:24:15: Episode:3 Mean Waiting Time= 714.295 +/- 446.571
2023-01-28 Saturday 23:24:15: Episode:4 Mean Waiting Time= 813.512 +/- 309.568
2023-01-28 Saturday 23:24:15: Episode:5 Mean Waiting Time= 859.603 +/- 362.836
2023-01-28 Saturday 23:24:15: Episode:6 Mean Waiting Time= 675.512 +/- 320.053
2023-01-28 Saturday 23:24:15: Episode:7 Mean Waiting Time= 786.551 +/- 389.456
2023-01-28 Saturday 23:24:15: Episode:8 Mean Waiting Time= 812.120 +/- 364.694
2023-01-28 Saturday 23:24:15: Episode:9 Mean Waiting Time= 682.244 +/- 426.427
2023-01-28 Saturday 23:24:15: 1-Total Mean Waiting Time= 822.755 +/- 261.726
2023-01-28 Saturday 23:24:15: 2-Total Mean Waiting Time= 822.755 +/- 504.066
2023-01-28 Saturday 23:24:15: ****************************************
