2023-03-04 Saturday 22:02:00: Run: 2 for Training experiment: DoE-33 - first seed: 270 - alpha: 0.3 - gamma: 0.99 - epsilon: 0.3 - reward: diff-waiting-time
2023-03-04 Saturday 22:07:16: Run: 1 - First Epsilon: 0.3 - Last Epsilon: 0.3
2023-03-04 Saturday 22:12:50: Run: 2 - First Epsilon: 0.3 - Last Epsilon: 0.3
2023-03-04 Saturday 22:18:04: Run: 3 - First Epsilon: 0.3 - Last Epsilon: 0.3
2023-03-04 Saturday 22:23:38: Run: 4 - First Epsilon: 0.3 - Last Epsilon: 0.3
2023-03-04 Saturday 22:28:59: Run: 5 - First Epsilon: 0.3 - Last Epsilon: 0.3
2023-03-04 Saturday 22:28:59: Q-Table Total Distinct States: 260
2023-03-04 Saturday 22:28:59: Mean_reward=-1.37 +/- 0.57
2023-03-04 Saturday 22:28:59: Mean_Stopped=74911.40 +/- 2327.49
2023-03-04 Saturday 22:28:59: Mean_Stopped=75034.00 +/- 2361.67
2023-03-04 Saturday 22:28:59: Mean_waiting_time=1738128.80 +/- 124139.58
2023-03-04 Saturday 22:28:59: Mean_avg_speed=3596.99 +/- 54.50
2023-03-04 Saturday 22:28:59: Mean_avg_speed_2=66863.77 +/- 982.78
2023-03-04 Saturday 22:28:59: Mean_avg_speed_cross_check=78727.94 +/- 718.76
2023-03-04 Saturday 22:28:59: ****************************************
2023-03-04 Saturday 22:28:59: Calculation 1 - Overall 
2023-03-04 Saturday 22:28:59: ****************************************
2023-03-04 Saturday 22:28:59: Inner X Outer Loops Mean Reward= -0.000 +/- 0.796
2023-03-04 Saturday 22:28:59: Inner X Outer Loops Mean Stopped= 7.490 +/- 2.531
2023-03-04 Saturday 22:28:59: Inner X Outer Loops Mean Stopped Cross Check= 7.503 +/- 2.532
2023-03-04 Saturday 22:28:59: Inner X Outer Loops Mean Waiting Time= 173.796 +/- 171.447
2023-03-04 Saturday 22:28:59: Inner X Outer Loops Mean Avg Speed= 0.360 +/- 0.061
2023-03-04 Saturday 22:28:59: Inner X Outer Loops Mean Avg Speed 2= 6.686 +/- 1.110
2023-03-04 Saturday 22:28:59: Inner X Outer Loops Mean Avg Speed Cross Check= 7.872 +/- 0.803
2023-03-04 Saturday 22:28:59: ****************************************
2023-03-04 Saturday 22:28:59: Calculation 2 - Per Episode
2023-03-04 Saturday 22:28:59: ****************************************
2023-03-04 Saturday 22:28:59: Episode:0 Mean Reward= -0.000 +/- 0.856
2023-03-04 Saturday 22:28:59: Episode:1 Mean Reward= -0.000 +/- 0.763
2023-03-04 Saturday 22:28:59: Episode:2 Mean Reward= -0.000 +/- 0.763
2023-03-04 Saturday 22:28:59: Episode:3 Mean Reward= -0.000 +/- 0.791
2023-03-04 Saturday 22:28:59: Episode:4 Mean Reward= -0.000 +/- 0.804
2023-03-04 Saturday 22:28:59: 1-Total Mean Reward= -0.000 +/- 0.000
2023-03-04 Saturday 22:28:59: 2-Total Mean Reward= -0.000 +/- 0.795
2023-03-04 Saturday 22:28:59: ****
2023-03-04 Saturday 22:28:59: Episode:0 Mean Stopped= 7.459 +/- 2.367
2023-03-04 Saturday 22:28:59: Episode:1 Mean Stopped= 7.443 +/- 2.799
2023-03-04 Saturday 22:28:59: Episode:2 Mean Stopped= 7.139 +/- 2.239
2023-03-04 Saturday 22:28:59: Episode:3 Mean Stopped= 7.545 +/- 2.720
2023-03-04 Saturday 22:28:59: Episode:4 Mean Stopped= 7.866 +/- 2.431
2023-03-04 Saturday 22:28:59: 1-Total Mean Stopped= 7.490 +/- 0.233
2023-03-04 Saturday 22:28:59: 2-Total Mean Stopped= 7.490 +/- 2.511
2023-03-04 Saturday 22:28:59: ****
2023-03-04 Saturday 22:28:59: Episode:0 Mean Stopped Cross Check= 7.469 +/- 2.367
2023-03-04 Saturday 22:28:59: Episode:1 Mean Stopped Cross Check= 7.454 +/- 2.799
2023-03-04 Saturday 22:28:59: Episode:2 Mean Stopped Cross Check= 7.147 +/- 2.239
2023-03-04 Saturday 22:28:59: Episode:3 Mean Stopped Cross Check= 7.558 +/- 2.720
2023-03-04 Saturday 22:28:59: Episode:4 Mean Stopped Cross Check= 7.884 +/- 2.433
2023-03-04 Saturday 22:28:59: 1-Total Mean Stopped Cross Check= 7.503 +/- 0.236
2023-03-04 Saturday 22:28:59: 2-Total Mean Stopped Cross Check= 7.503 +/- 2.512
2023-03-04 Saturday 22:28:59: ****
2023-03-04 Saturday 22:28:59: Episode:0 Mean Waiting Time= 193.950 +/- 221.853
2023-03-04 Saturday 22:28:59: Episode:1 Mean Waiting Time= 162.359 +/- 150.662
2023-03-04 Saturday 22:28:59: Episode:2 Mean Waiting Time= 160.143 +/- 153.863
2023-03-04 Saturday 22:28:59: Episode:3 Mean Waiting Time= 172.090 +/- 163.673
2023-03-04 Saturday 22:28:59: Episode:4 Mean Waiting Time= 180.435 +/- 154.334
2023-03-04 Saturday 22:28:59: 1-Total Mean Waiting Time= 173.796 +/- 12.413
2023-03-04 Saturday 22:28:59: 2-Total Mean Waiting Time= 173.796 +/- 168.877
2023-03-04 Saturday 22:28:59: Episode:0 Mean Avg Speed= 0.360 +/- 0.060
2023-03-04 Saturday 22:28:59: Episode:1 Mean Avg Speed= 0.362 +/- 0.063
2023-03-04 Saturday 22:28:59: Episode:2 Mean Avg Speed= 0.367 +/- 0.059
2023-03-04 Saturday 22:28:59: Episode:3 Mean Avg Speed= 0.359 +/- 0.064
2023-03-04 Saturday 22:28:59: Episode:4 Mean Avg Speed= 0.350 +/- 0.059
2023-03-04 Saturday 22:28:59: 1-Total Mean Avg Speed= 0.360 +/- 0.005
2023-03-04 Saturday 22:28:59: 2-Total Mean Avg Speed= 0.360 +/- 0.061
2023-03-04 Saturday 22:28:59: Episode:0 Mean Avg Speed 2= 6.704 +/- 1.085
2023-03-04 Saturday 22:28:59: Episode:1 Mean Avg Speed 2= 6.729 +/- 1.139
2023-03-04 Saturday 22:28:59: Episode:2 Mean Avg Speed 2= 6.811 +/- 1.075
2023-03-04 Saturday 22:28:59: Episode:3 Mean Avg Speed 2= 6.672 +/- 1.156
2023-03-04 Saturday 22:28:59: Episode:4 Mean Avg Speed 2= 6.512 +/- 1.071
2023-03-04 Saturday 22:28:59: 1-Total Mean Avg Speed 2= 6.686 +/- 0.098
2023-03-04 Saturday 22:28:59: 2-Total Mean Avg Speed 2= 6.686 +/- 1.105
2023-03-04 Saturday 22:28:59: Episode:0 Mean Avg Speed Cross Check= 7.890 +/- 0.783
2023-03-04 Saturday 22:28:59: Episode:1 Mean Avg Speed Cross Check= 7.900 +/- 0.833
2023-03-04 Saturday 22:28:59: Episode:2 Mean Avg Speed Cross Check= 7.967 +/- 0.762
2023-03-04 Saturday 22:28:59: Episode:3 Mean Avg Speed Cross Check= 7.856 +/- 0.836
2023-03-04 Saturday 22:28:59: Episode:4 Mean Avg Speed Cross Check= 7.748 +/- 0.785
2023-03-04 Saturday 22:28:59: 1-Total Mean Avg Speed Cross Check= 7.872 +/- 0.072
2023-03-04 Saturday 22:28:59: 2-Total Mean Avg Speed Cross Check= 7.872 +/- 0.799
2023-03-04 Saturday 22:28:59: ****************************************
