2023-01-24 Tuesday 20:28:02 root:INFO:Total Missing States: 0
2023-01-24 Tuesday 20:28:02 root:INFO:Mean Reward=-693.45 +/- 5.14
2023-01-24 Tuesday 20:28:02 root:INFO:Mean Stopped=1440445.00 +/- 318.02
2023-01-24 Tuesday 20:28:02 root:INFO:Mean Waiting Time=642393648.80 +/- 155112.47
2023-01-24 Tuesday 20:28:02 root:INFO:****************************************
2023-01-24 Tuesday 20:28:02 root:INFO:Calculation 1 - Overall 
2023-01-24 Tuesday 20:28:02 root:INFO:****************************************
2023-01-24 Tuesday 20:28:02 root:INFO:Inner X Outer Loops Mean Reward=-0.069 +/- 5.061
2023-01-24 Tuesday 20:28:02 root:INFO:Inner X Outer Loops Mean Stopped= 144.030 +/- 24.762
2023-01-24 Tuesday 20:28:02 root:INFO:Inner X Outer Loops Mean Waiting Time= 64232.942 +/- 14316.523
2023-01-24 Tuesday 20:28:02 root:INFO:****************************************
2023-01-24 Tuesday 20:28:02 root:INFO:Calculation 2 - Per Episode
2023-01-24 Tuesday 20:28:02 root:INFO:****************************************
2023-01-24 Tuesday 20:28:02 root:INFO:Episode:0 Mean Waiting Time=-0.069 +/- 5.061
2023-01-24 Tuesday 20:28:02 root:INFO:Episode:1 Mean Waiting Time=-0.069 +/- 5.063
2023-01-24 Tuesday 20:28:02 root:INFO:Episode:2 Mean Waiting Time=-0.070 +/- 5.061
2023-01-24 Tuesday 20:28:02 root:INFO:Episode:3 Mean Waiting Time=-0.070 +/- 5.063
2023-01-24 Tuesday 20:28:02 root:INFO:Episode:4 Mean Waiting Time=-0.069 +/- 5.059
2023-01-24 Tuesday 20:28:02 root:INFO:1-Total Mean Reward= -0.069 +/- 0.001
2023-01-24 Tuesday 20:28:02 root:INFO:2-Total Mean Reward= -0.069 +/- 5.061
2023-01-24 Tuesday 20:28:02 root:INFO:****
2023-01-24 Tuesday 20:28:02 root:INFO:Episode:0 Mean Stopped= 144.033 +/- 24.803
2023-01-24 Tuesday 20:28:02 root:INFO:Episode:1 Mean Stopped= 143.975 +/- 24.800
2023-01-24 Tuesday 20:28:02 root:INFO:Episode:2 Mean Stopped= 144.073 +/- 24.615
2023-01-24 Tuesday 20:28:02 root:INFO:Episode:3 Mean Stopped= 144.040 +/- 24.791
2023-01-24 Tuesday 20:28:02 root:INFO:Episode:4 Mean Stopped= 144.029 +/- 24.799
2023-01-24 Tuesday 20:28:02 root:INFO:1-Total Mean Stopped= 144.030 +/- 0.032
2023-01-24 Tuesday 20:28:02 root:INFO:2-Total Mean Stopped= 144.030 +/- 24.762
2023-01-24 Tuesday 20:28:02 root:INFO:****
2023-01-24 Tuesday 20:28:02 root:INFO:Episode:0 Mean Waiting Time= 64234.987 +/- 14336.557
2023-01-24 Tuesday 20:28:02 root:INFO:Episode:1 Mean Waiting Time= 64210.315 +/- 14310.524
2023-01-24 Tuesday 20:28:02 root:INFO:Episode:2 Mean Waiting Time= 64253.159 +/- 14265.828
2023-01-24 Tuesday 20:28:02 root:INFO:Episode:3 Mean Waiting Time= 64221.339 +/- 14330.872
2023-01-24 Tuesday 20:28:02 root:INFO:Episode:4 Mean Waiting Time= 64244.909 +/- 14338.663
2023-01-24 Tuesday 20:28:02 root:INFO:1-Total Mean Waiting Time= 64232.942 +/- 15.510
2023-01-24 Tuesday 20:28:02 root:INFO:2-Total Mean Waiting Time= 64232.942 +/- 14316.489
2023-01-24 Tuesday 20:28:02 root:INFO:****************************************
