2023-04-10 Monday 09:57:41 root:INFO:Run: 2 for Baseline experiment: DE-2 - route: ../nets/roundabout/input_routes_roundabout_auto_v1-2.rou.xml - first seed: 280 - alpha: 0.5 - gamma: 0.99 - epsilon: 0.2 - reward: diff-waiting-time
2023-04-10 Monday 10:04:35 root:INFO:Total Missing States: 0
2023-04-10 Monday 10:04:35 root:INFO:Mean Reward=-55272.00 +/- 0.00
2023-04-10 Monday 10:04:35 root:INFO:Mean Stopped=55272.00 +/- 0.00
2023-04-10 Monday 10:04:35 root:INFO:Mean_Stopped=55294.00 +/- 0.00
2023-04-10 Monday 10:04:35 root:INFO:Mean Waiting Time=822033.00 +/- 0.00
2023-04-10 Monday 10:04:36 root:INFO:Mean_avg_speed=3593.77 +/- 0.00
2023-04-10 Monday 10:04:36 root:INFO:Mean_avg_speed_2=66891.01 +/- 0.00
2023-04-10 Monday 10:04:36 root:INFO:Mean_avg_speed_cross_check=79150.17 +/- 0.00
2023-04-10 Monday 10:04:36 root:INFO:****************************************
2023-04-10 Monday 10:04:36 root:INFO:Calculation 1 - Overall 
2023-04-10 Monday 10:04:36 root:INFO:****************************************
2023-04-10 Monday 10:04:36 root:INFO:Inner X Outer Loops Mean Reward=-5.527 +/- 1.203
2023-04-10 Monday 10:04:36 root:INFO:Inner X Outer Loops Mean Stopped= 5.527 +/- 1.203
2023-04-10 Monday 10:04:36 root:INFO:Inner X Outer Loops Mean Stopped Cross Check= 5.529 +/- 1.202
2023-04-10 Monday 10:04:36 root:INFO:Inner X Outer Loops Mean Waiting Time= 82.195 +/- 41.222
2023-04-10 Monday 10:04:36 root:INFO:Inner X Outer Loops Mean Avg Speed= 0.359 +/- 0.063
2023-04-10 Monday 10:04:36 root:INFO:Inner X Outer Loops Mean Avg Speed 2= 6.688 +/- 1.130
2023-04-10 Monday 10:04:36 root:INFO:Inner X Outer Loops Mean Avg Speed Cross Check= 7.914 +/- 0.690
2023-04-10 Monday 10:04:36 root:INFO:****************************************
2023-04-10 Monday 10:04:36 root:INFO:Calculation 2 - Per Episode
2023-04-10 Monday 10:04:36 root:INFO:****************************************
2023-04-10 Monday 10:04:36 root:INFO:Episode:0 Mean Waiting Time=-5.527 +/- 1.203
2023-04-10 Monday 10:04:36 root:INFO:1-Total Mean Reward= -5.527 +/- 0.000
2023-04-10 Monday 10:04:36 root:INFO:2-Total Mean Reward= -5.527 +/- 1.203
2023-04-10 Monday 10:04:36 root:INFO:****
2023-04-10 Monday 10:04:36 root:INFO:Episode:0 Mean Stopped= 5.527 +/- 1.203
2023-04-10 Monday 10:04:36 root:INFO:1-Total Mean Stopped= 5.527 +/- 0.000
2023-04-10 Monday 10:04:36 root:INFO:2-Total Mean Stopped= 5.527 +/- 1.203
2023-04-10 Monday 10:04:36 root:INFO:****
2023-04-10 Monday 10:04:36 root:INFO:Episode:0 Mean Stopped Cross Check= 5.529 +/- 1.202
2023-04-10 Monday 10:04:36 root:INFO:1-Total Mean Stopped Cross Check= 5.529 +/- 0.000
2023-04-10 Monday 10:04:36 root:INFO:2-Total Mean Stopped Cross Check= 5.529 +/- 1.202
2023-04-10 Monday 10:04:36 root:INFO:****
2023-04-10 Monday 10:04:36 root:INFO:Episode:0 Mean Waiting Time= 82.195 +/- 41.222
2023-04-10 Monday 10:04:36 root:INFO:1-Total Mean Waiting Time= 82.195 +/- 0.000
2023-04-10 Monday 10:04:36 root:INFO:2-Total Mean Waiting Time= 82.195 +/- 41.222
2023-04-10 Monday 10:04:36 root:INFO:Episode:0 Mean Avg Speed= 0.359 +/- 0.063
2023-04-10 Monday 10:04:36 root:INFO:1-Total Mean Avg Speed= 0.359 +/- 0.000
2023-04-10 Monday 10:04:36 root:INFO:2-Total Mean Avg Speed= 0.359 +/- 0.063
2023-04-10 Monday 10:04:36 root:INFO:Episode:0 Mean Avg Speed 2= 6.688 +/- 1.130
2023-04-10 Monday 10:04:36 root:INFO:1-Total Mean Avg Speed 2= 6.688 +/- 0.000
2023-04-10 Monday 10:04:36 root:INFO:2-Total Mean Avg Speed 2= 6.688 +/- 1.130
2023-04-10 Monday 10:04:36 root:INFO:Episode:0 Mean Avg Speed Cross Check= 7.914 +/- 0.690
2023-04-10 Monday 10:04:36 root:INFO:1-Total Mean Avg Speed Cross Check= 7.914 +/- 0.000
2023-04-10 Monday 10:04:36 root:INFO:2-Total Mean Avg Speed Cross Check= 7.914 +/- 0.690
2023-04-10 Monday 10:04:36 root:INFO:****************************************
