2023-04-10 Monday 09:13:07: Run: 2 for Training experiment: DE-2 - route: ../nets/roundabout/input_routes_roundabout_auto_v1-2.rou.xml - first seed: 270 - alpha: 0.5 - gamma: 0.99 - epsilon: 0.2 - reward: diff-waiting-time
2023-04-10 Monday 09:20:41: Run: 1 - First Epsilon: 0.2 - Last Epsilon: 0.2
2023-04-10 Monday 09:28:11: Run: 2 - First Epsilon: 0.2 - Last Epsilon: 0.2
2023-04-10 Monday 09:35:44: Run: 3 - First Epsilon: 0.2 - Last Epsilon: 0.2
2023-04-10 Monday 09:42:51: Run: 4 - First Epsilon: 0.2 - Last Epsilon: 0.2
2023-04-10 Monday 09:50:04: Run: 5 - First Epsilon: 0.2 - Last Epsilon: 0.2
2023-04-10 Monday 09:50:04: Q-Table Total Distinct States: 177
2023-04-10 Monday 09:50:04: Mean_reward=-1.79 +/- 1.23
2023-04-10 Monday 09:50:04: Mean_Stopped=47971.80 +/- 1169.75
2023-04-10 Monday 09:50:04: Mean_Stopped=48035.60 +/- 1164.22
2023-04-10 Monday 09:50:04: Mean_waiting_time=1251092.80 +/- 48134.55
2023-04-10 Monday 09:50:04: Mean_avg_speed=3897.49 +/- 36.90
2023-04-10 Monday 09:50:04: Mean_avg_speed_2=72329.14 +/- 656.27
2023-04-10 Monday 09:50:04: Mean_avg_speed_cross_check=82565.21 +/- 406.49
2023-04-10 Monday 09:50:04: ****************************************
2023-04-10 Monday 09:50:04: Calculation 1 - Overall 
2023-04-10 Monday 09:50:04: ****************************************
2023-04-10 Monday 09:50:04: Inner X Outer Loops Mean Reward= -0.000 +/- 0.694
2023-04-10 Monday 09:50:04: Inner X Outer Loops Mean Stopped= 4.797 +/- 1.921
2023-04-10 Monday 09:50:04: Inner X Outer Loops Mean Stopped Cross Check= 4.803 +/- 1.919
2023-04-10 Monday 09:50:04: Inner X Outer Loops Mean Waiting Time= 125.097 +/- 164.566
2023-04-10 Monday 09:50:04: Inner X Outer Loops Mean Avg Speed= 0.390 +/- 0.081
2023-04-10 Monday 09:50:04: Inner X Outer Loops Mean Avg Speed 2= 7.232 +/- 1.484
2023-04-10 Monday 09:50:04: Inner X Outer Loops Mean Avg Speed Cross Check= 8.256 +/- 0.984
2023-04-10 Monday 09:50:04: ****************************************
2023-04-10 Monday 09:50:04: Calculation 2 - Per Episode
2023-04-10 Monday 09:50:04: ****************************************
2023-04-10 Monday 09:50:04: Episode:0 Mean Reward= -0.000 +/- 0.718
2023-04-10 Monday 09:50:04: Episode:1 Mean Reward= -0.000 +/- 0.698
2023-04-10 Monday 09:50:04: Episode:2 Mean Reward= -0.000 +/- 0.695
2023-04-10 Monday 09:50:04: Episode:3 Mean Reward= -0.000 +/- 0.667
2023-04-10 Monday 09:50:04: Episode:4 Mean Reward= -0.000 +/- 0.690
2023-04-10 Monday 09:50:04: 1-Total Mean Reward= -0.000 +/- 0.000
2023-04-10 Monday 09:50:04: 2-Total Mean Reward= -0.000 +/- 0.694
2023-04-10 Monday 09:50:04: ****
2023-04-10 Monday 09:50:04: Episode:0 Mean Stopped= 4.913 +/- 2.107
2023-04-10 Monday 09:50:04: Episode:1 Mean Stopped= 4.671 +/- 1.869
2023-04-10 Monday 09:50:04: Episode:2 Mean Stopped= 4.841 +/- 1.811
2023-04-10 Monday 09:50:04: Episode:3 Mean Stopped= 4.644 +/- 1.884
2023-04-10 Monday 09:50:04: Episode:4 Mean Stopped= 4.914 +/- 1.904
2023-04-10 Monday 09:50:04: 1-Total Mean Stopped= 4.797 +/- 0.117
2023-04-10 Monday 09:50:04: 2-Total Mean Stopped= 4.797 +/- 1.915
2023-04-10 Monday 09:50:04: ****
2023-04-10 Monday 09:50:04: Episode:0 Mean Stopped Cross Check= 4.920 +/- 2.105
2023-04-10 Monday 09:50:04: Episode:1 Mean Stopped Cross Check= 4.677 +/- 1.868
2023-04-10 Monday 09:50:04: Episode:2 Mean Stopped Cross Check= 4.848 +/- 1.809
2023-04-10 Monday 09:50:04: Episode:3 Mean Stopped Cross Check= 4.652 +/- 1.881
2023-04-10 Monday 09:50:04: Episode:4 Mean Stopped Cross Check= 4.919 +/- 1.903
2023-04-10 Monday 09:50:04: 1-Total Mean Stopped Cross Check= 4.803 +/- 0.116
2023-04-10 Monday 09:50:04: 2-Total Mean Stopped Cross Check= 4.803 +/- 1.913
2023-04-10 Monday 09:50:04: ****
2023-04-10 Monday 09:50:04: Episode:0 Mean Waiting Time= 131.514 +/- 208.451
2023-04-10 Monday 09:50:04: Episode:1 Mean Waiting Time= 125.998 +/- 161.588
2023-04-10 Monday 09:50:04: Episode:2 Mean Waiting Time= 126.529 +/- 150.263
2023-04-10 Monday 09:50:04: Episode:3 Mean Waiting Time= 116.629 +/- 143.332
2023-04-10 Monday 09:50:04: Episode:4 Mean Waiting Time= 124.814 +/- 150.363
2023-04-10 Monday 09:50:04: 1-Total Mean Waiting Time= 125.097 +/- 4.813
2023-04-10 Monday 09:50:04: 2-Total Mean Waiting Time= 125.097 +/- 162.800
2023-04-10 Monday 09:50:04: Episode:0 Mean Avg Speed= 0.386 +/- 0.082
2023-04-10 Monday 09:50:04: Episode:1 Mean Avg Speed= 0.394 +/- 0.082
2023-04-10 Monday 09:50:04: Episode:2 Mean Avg Speed= 0.388 +/- 0.078
2023-04-10 Monday 09:50:04: Episode:3 Mean Avg Speed= 0.395 +/- 0.082
2023-04-10 Monday 09:50:04: Episode:4 Mean Avg Speed= 0.386 +/- 0.080
2023-04-10 Monday 09:50:04: 1-Total Mean Avg Speed= 0.390 +/- 0.004
2023-04-10 Monday 09:50:04: 2-Total Mean Avg Speed= 0.390 +/- 0.081
2023-04-10 Monday 09:50:04: Episode:0 Mean Avg Speed 2= 7.180 +/- 1.509
2023-04-10 Monday 09:50:04: Episode:1 Mean Avg Speed 2= 7.309 +/- 1.514
2023-04-10 Monday 09:50:04: Episode:2 Mean Avg Speed 2= 7.192 +/- 1.427
2023-04-10 Monday 09:50:04: Episode:3 Mean Avg Speed 2= 7.314 +/- 1.498
2023-04-10 Monday 09:50:04: Episode:4 Mean Avg Speed 2= 7.165 +/- 1.462
2023-04-10 Monday 09:50:04: 1-Total Mean Avg Speed 2= 7.232 +/- 0.066
2023-04-10 Monday 09:50:04: 2-Total Mean Avg Speed 2= 7.232 +/- 1.482
2023-04-10 Monday 09:50:04: Episode:0 Mean Avg Speed Cross Check= 8.225 +/- 1.011
2023-04-10 Monday 09:50:04: Episode:1 Mean Avg Speed Cross Check= 8.306 +/- 0.994
2023-04-10 Monday 09:50:04: Episode:2 Mean Avg Speed Cross Check= 8.235 +/- 0.954
2023-04-10 Monday 09:50:04: Episode:3 Mean Avg Speed Cross Check= 8.303 +/- 0.980
2023-04-10 Monday 09:50:04: Episode:4 Mean Avg Speed Cross Check= 8.210 +/- 0.977
2023-04-10 Monday 09:50:04: 1-Total Mean Avg Speed Cross Check= 8.256 +/- 0.041
2023-04-10 Monday 09:50:04: 2-Total Mean Avg Speed Cross Check= 8.256 +/- 0.983
2023-04-10 Monday 09:50:04: ****************************************
