2023-01-14 Saturday 16:12:36: Run: 1 - First Epsilon: 0.2 - Last Epsilon: 0.2
2023-01-14 Saturday 16:40:12: Run: 2 - First Epsilon: 0.2 - Last Epsilon: 0.2
2023-01-14 Saturday 17:09:59: Run: 3 - First Epsilon: 0.2 - Last Epsilon: 0.2
2023-01-14 Saturday 17:40:11: Run: 4 - First Epsilon: 0.2 - Last Epsilon: 0.2
2023-01-14 Saturday 18:08:17: Run: 5 - First Epsilon: 0.2 - Last Epsilon: 0.2
2023-01-14 Saturday 18:08:18: Q-Table Total Distinct States: 18064
2023-01-14 Saturday 18:08:18: Mean_reward=-690.91 +/- 50.78
2023-01-14 Saturday 18:08:18: Mean_Stopped=1736352.40 +/- 62734.49
2023-01-14 Saturday 18:08:18: Mean_waiting_time=679607217.40 +/- 22983720.68
2023-01-14 Saturday 18:08:18: ****************************************
2023-01-14 Saturday 18:08:18: Calculation 1 - Overall 
2023-01-14 Saturday 18:08:18: ****************************************
2023-01-14 Saturday 18:08:18: Inner X Outer Loops Mean Reward= -0.069 +/- 6.108
2023-01-14 Saturday 18:08:18: Inner X Outer Loops Mean Stopped= 173.618 +/- 19.488
2023-01-14 Saturday 18:08:18: Inner X Outer Loops Mean Waiting Time= 67953.926 +/- 10661.208
2023-01-14 Saturday 18:08:18: ****************************************
2023-01-14 Saturday 18:08:18: Calculation 2 - Per Episode
2023-01-14 Saturday 18:08:18: ****************************************
2023-01-14 Saturday 18:08:18: Episode:0 Mean Reward= -0.068 +/- 6.599
2023-01-14 Saturday 18:08:18: Episode:1 Mean Reward= -0.064 +/- 6.239
2023-01-14 Saturday 18:08:18: Episode:2 Mean Reward= -0.078 +/- 5.958
2023-01-14 Saturday 18:08:18: Episode:3 Mean Reward= -0.070 +/- 5.887
2023-01-14 Saturday 18:08:18: Episode:4 Mean Reward= -0.065 +/- 5.823
2023-01-14 Saturday 18:08:18: 1-Total Mean Reward= -0.069 +/- 0.005
2023-01-14 Saturday 18:08:18: 2-Total Mean Reward= -0.069 +/- 6.101
2023-01-14 Saturday 18:08:18: ****
2023-01-14 Saturday 18:08:18: Episode:0 Mean Stopped= 161.850 +/- 15.102
2023-01-14 Saturday 18:08:18: Episode:1 Mean Stopped= 172.708 +/- 17.818
2023-01-14 Saturday 18:08:18: Episode:2 Mean Stopped= 177.273 +/- 18.971
2023-01-14 Saturday 18:08:18: Episode:3 Mean Stopped= 179.425 +/- 19.637
2023-01-14 Saturday 18:08:18: Episode:4 Mean Stopped= 176.834 +/- 20.278
2023-01-14 Saturday 18:08:18: 1-Total Mean Stopped= 173.618 +/- 6.273
2023-01-14 Saturday 18:08:18: 2-Total Mean Stopped= 173.618 +/- 18.361
2023-01-14 Saturday 18:08:18: ****
2023-01-14 Saturday 18:08:18: Episode:0 Mean Waiting Time= 71014.215 +/- 11039.802
2023-01-14 Saturday 18:08:18: Episode:1 Mean Waiting Time= 69541.056 +/- 9934.034
2023-01-14 Saturday 18:08:18: Episode:2 Mean Waiting Time= 67330.745 +/- 10861.144
2023-01-14 Saturday 18:08:18: Episode:3 Mean Waiting Time= 67679.239 +/- 10218.325
2023-01-14 Saturday 18:08:18: Episode:4 Mean Waiting Time= 64204.375 +/- 9947.797
2023-01-14 Saturday 18:08:18: 1-Total Mean Waiting Time= 67953.926 +/- 2298.142
2023-01-14 Saturday 18:08:18: 2-Total Mean Waiting Time= 67953.926 +/- 10400.220
2023-01-14 Saturday 18:08:18: ****************************************
