2023-04-15 Saturday 23:24:57: Run: 3 for Training experiment: DE-Enhanced-7 - route: ../nets/roundabout/input_routes_roundabout_auto_v1-7.rou.xml - first seed: 370 - alpha: 0.5 - gamma: 0.99 - epsilon: 0.2 - reward: diff-waiting-time
2023-04-15 Saturday 23:37:33: Run: 1 - First Epsilon: 0.2 - Last Epsilon: 0.2
2023-04-15 Saturday 23:46:40: Run: 2 - First Epsilon: 0.2 - Last Epsilon: 0.2
2023-04-15 Saturday 23:55:52: Run: 3 - First Epsilon: 0.2 - Last Epsilon: 0.2
2023-04-16 Sunday 00:05:09: Run: 4 - First Epsilon: 0.2 - Last Epsilon: 0.2
2023-04-16 Sunday 00:14:41: Run: 5 - First Epsilon: 0.2 - Last Epsilon: 0.2
2023-04-16 Sunday 00:14:42: Q-Table Total Distinct States: 620
2023-04-16 Sunday 00:14:42: Mean_reward=-1.40 +/- 0.80
2023-04-16 Sunday 00:14:42: Mean_Stopped=96218.40 +/- 45154.30
2023-04-16 Sunday 00:14:42: Mean_Stopped=96344.00 +/- 45163.01
2023-04-16 Sunday 00:14:42: Mean_waiting_time=2551152.80 +/- 1678025.10
2023-04-16 Sunday 00:14:42: Mean_avg_speed=3452.26 +/- 338.45
2023-04-16 Sunday 00:14:42: Mean_avg_speed_2=64136.34 +/- 6244.63
2023-04-16 Sunday 00:14:42: Mean_avg_speed_cross_check=76125.30 +/- 5862.58
2023-04-16 Sunday 00:14:42: Mean_average_co2_emission_tl=30718266.41 +/- 553456.21
2023-04-16 Sunday 00:14:42: Mean_average_co_emission_tl=983563.90 +/- 53292.88
2023-04-16 Sunday 00:14:42: Mean_average_fuel_consumption_tl=13204.84 +/- 237.88
2023-04-16 Sunday 00:14:42: Mean_average_noise_emission_tl=603397.67 +/- 4377.45
2023-04-16 Sunday 00:14:42: Mean_average_co2_emission=25627923.62 +/- 72278.71
2023-04-16 Sunday 00:14:42: Mean_average_co_emission=702584.01 +/- 63837.40
2023-04-16 Sunday 00:14:42: Mean_average_fuel_consumptions=11016.65 +/- 31.04
2023-04-16 Sunday 00:14:42: Mean_average_noise_emissions=609851.01 +/- 3960.57
2023-04-16 Sunday 00:14:42: ****************************************
2023-04-16 Sunday 00:14:42: Calculation 1 - Overall 
2023-04-16 Sunday 00:14:42: ****************************************
2023-04-16 Sunday 00:14:42: Inner X Outer Loops Mean Reward= -0.000 +/- 0.938
2023-04-16 Sunday 00:14:42: Inner X Outer Loops Mean Stopped= 9.621 +/- 8.960
2023-04-16 Sunday 00:14:42: Inner X Outer Loops Mean Stopped Cross Check= 9.633 +/- 8.963
2023-04-16 Sunday 00:14:42: Inner X Outer Loops Mean Waiting Time= 255.090 +/- 493.342
2023-04-16 Sunday 00:14:42: Inner X Outer Loops Mean Avg Speed= 0.345 +/- 0.083
2023-04-16 Sunday 00:14:42: Inner X Outer Loops Mean Avg Speed 2= 6.413 +/- 1.523
2023-04-16 Sunday 00:14:42: Inner X Outer Loops Mean Avg Speed Cross Check= 7.612 +/- 1.295
2023-04-16 Sunday 00:14:42: Inner X Outer Loops Mean Average CO2 Emission TL= 3071.519 +/- 244.711
2023-04-16 Sunday 00:14:42: Inner X Outer Loops Mean Average CO Emission TL= 98.347 +/- 13.572
2023-04-16 Sunday 00:14:42: Inner X Outer Loops Mean Average Fuel Consumption TL= 1.320 +/- 0.105
2023-04-16 Sunday 00:14:42: Inner X Outer Loops Mean Average Noise Emission TL= 60.334 +/- 1.307
2023-04-16 Sunday 00:14:42: Inner X Outer Loops Mean Average CO2 Emission= 2562.536 +/- 199.684
2023-04-16 Sunday 00:14:42: Inner X Outer Loops Mean Average CO Emission= 70.251 +/- 14.421
2023-04-16 Sunday 00:14:42: Inner X Outer Loops Mean Average Fuel Consumptions= 1.102 +/- 0.086
2023-04-16 Sunday 00:14:42: Inner X Outer Loops Mean Average Noise Emissions= 60.979 +/- 0.989
2023-04-16 Sunday 00:14:42: ****************************************
2023-04-16 Sunday 00:14:42: Calculation 2 - Per Episode
2023-04-16 Sunday 00:14:42: ****************************************
2023-04-16 Sunday 00:14:42: Episode:0 Mean Reward= -0.000 +/- 1.379
2023-04-16 Sunday 00:14:42: Episode:1 Mean Reward= -0.000 +/- 0.775
2023-04-16 Sunday 00:14:42: Episode:2 Mean Reward= -0.000 +/- 0.805
2023-04-16 Sunday 00:14:42: Episode:3 Mean Reward= -0.000 +/- 0.800
2023-04-16 Sunday 00:14:42: Episode:4 Mean Reward= -0.000 +/- 0.783
2023-04-16 Sunday 00:14:42: 1-Total Mean Reward= -0.000 +/- 0.000
2023-04-16 Sunday 00:14:42: 2-Total Mean Reward= -0.000 +/- 0.908
2023-04-16 Sunday 00:14:42: ****
2023-04-16 Sunday 00:14:42: Episode:0 Mean Stopped= 18.641 +/- 16.624
2023-04-16 Sunday 00:14:42: Episode:1 Mean Stopped= 7.159 +/- 2.253
2023-04-16 Sunday 00:14:42: Episode:2 Mean Stopped= 7.439 +/- 2.265
2023-04-16 Sunday 00:14:42: Episode:3 Mean Stopped= 7.721 +/- 2.902
2023-04-16 Sunday 00:14:42: Episode:4 Mean Stopped= 7.144 +/- 2.123
2023-04-16 Sunday 00:14:42: 1-Total Mean Stopped= 9.621 +/- 4.515
2023-04-16 Sunday 00:14:42: 2-Total Mean Stopped= 9.621 +/- 5.233
2023-04-16 Sunday 00:14:42: ****
2023-04-16 Sunday 00:14:42: Episode:0 Mean Stopped Cross Check= 18.655 +/- 16.630
2023-04-16 Sunday 00:14:42: Episode:1 Mean Stopped Cross Check= 7.169 +/- 2.252
2023-04-16 Sunday 00:14:42: Episode:2 Mean Stopped Cross Check= 7.451 +/- 2.267
2023-04-16 Sunday 00:14:42: Episode:3 Mean Stopped Cross Check= 7.737 +/- 2.905
2023-04-16 Sunday 00:14:42: Episode:4 Mean Stopped Cross Check= 7.155 +/- 2.123
2023-04-16 Sunday 00:14:42: 1-Total Mean Stopped Cross Check= 9.633 +/- 4.516
2023-04-16 Sunday 00:14:42: 2-Total Mean Stopped Cross Check= 9.633 +/- 5.235
2023-04-16 Sunday 00:14:42: ****
2023-04-16 Sunday 00:14:42: Episode:0 Mean Waiting Time= 590.473 +/- 983.441
2023-04-16 Sunday 00:14:42: Episode:1 Mean Waiting Time= 163.531 +/- 163.431
2023-04-16 Sunday 00:14:42: Episode:2 Mean Waiting Time= 177.489 +/- 167.854
2023-04-16 Sunday 00:14:42: Episode:3 Mean Waiting Time= 177.363 +/- 166.613
2023-04-16 Sunday 00:14:42: Episode:4 Mean Waiting Time= 166.593 +/- 162.397
2023-04-16 Sunday 00:14:42: 1-Total Mean Waiting Time= 255.090 +/- 167.786
2023-04-16 Sunday 00:14:42: 2-Total Mean Waiting Time= 255.090 +/- 328.747
2023-04-16 Sunday 00:14:42: Episode:0 Mean Avg Speed= 0.278 +/- 0.121
2023-04-16 Sunday 00:14:42: Episode:1 Mean Avg Speed= 0.367 +/- 0.059
2023-04-16 Sunday 00:14:42: Episode:2 Mean Avg Speed= 0.360 +/- 0.058
2023-04-16 Sunday 00:14:42: Episode:3 Mean Avg Speed= 0.356 +/- 0.061
2023-04-16 Sunday 00:14:42: Episode:4 Mean Avg Speed= 0.366 +/- 0.058
2023-04-16 Sunday 00:14:42: 1-Total Mean Avg Speed= 0.345 +/- 0.034
2023-04-16 Sunday 00:14:42: 2-Total Mean Avg Speed= 0.345 +/- 0.072
2023-04-16 Sunday 00:14:42: Episode:0 Mean Avg Speed 2= 5.173 +/- 2.249
2023-04-16 Sunday 00:14:42: Episode:1 Mean Avg Speed 2= 6.806 +/- 1.071
2023-04-16 Sunday 00:14:42: Episode:2 Mean Avg Speed 2= 6.685 +/- 1.058
2023-04-16 Sunday 00:14:42: Episode:3 Mean Avg Speed 2= 6.605 +/- 1.117
2023-04-16 Sunday 00:14:42: Episode:4 Mean Avg Speed 2= 6.795 +/- 1.036
2023-04-16 Sunday 00:14:42: 1-Total Mean Avg Speed 2= 6.413 +/- 0.624
2023-04-16 Sunday 00:14:42: 2-Total Mean Avg Speed 2= 6.413 +/- 1.306
2023-04-16 Sunday 00:14:42: Episode:0 Mean Avg Speed Cross Check= 6.445 +/- 2.080
2023-04-16 Sunday 00:14:42: Episode:1 Mean Avg Speed Cross Check= 7.964 +/- 0.759
2023-04-16 Sunday 00:14:42: Episode:2 Mean Avg Speed Cross Check= 7.882 +/- 0.757
2023-04-16 Sunday 00:14:42: Episode:3 Mean Avg Speed Cross Check= 7.811 +/- 0.821
2023-04-16 Sunday 00:14:42: Episode:4 Mean Avg Speed Cross Check= 7.956 +/- 0.723
2023-04-16 Sunday 00:14:42: 1-Total Mean Avg Speed Cross Check= 7.612 +/- 0.586
2023-04-16 Sunday 00:14:42: 2-Total Mean Avg Speed Cross Check= 7.612 +/- 1.028
2023-04-16 Sunday 00:14:42: Episode:0 Mean Average CO2 Emission TL= 2961.539 +/- 266.601
2023-04-16 Sunday 00:14:42: Episode:1 Mean Average CO2 Emission TL= 3106.655 +/- 231.283
2023-04-16 Sunday 00:14:42: Episode:2 Mean Average CO2 Emission TL= 3098.060 +/- 228.280
2023-04-16 Sunday 00:14:42: Episode:3 Mean Average CO2 Emission TL= 3088.211 +/- 231.349
2023-04-16 Sunday 00:14:42: Episode:4 Mean Average CO2 Emission TL= 3103.133 +/- 232.166
2023-04-16 Sunday 00:14:42: 1-Total Mean Average CO2 Emission TL= 3071.519 +/- 55.340
2023-04-16 Sunday 00:14:42: 2-Total Mean Average CO2 Emission TL= 3071.519 +/- 237.936
2023-04-16 Sunday 00:14:42: Episode:0 Mean Average CO Emission TL= 108.932 +/- 19.823
2023-04-16 Sunday 00:14:42: Episode:1 Mean Average CO Emission TL= 94.977 +/- 9.873
2023-04-16 Sunday 00:14:42: Episode:2 Mean Average CO Emission TL= 96.091 +/- 9.644
2023-04-16 Sunday 00:14:42: Episode:3 Mean Average CO Emission TL= 96.637 +/- 10.172
2023-04-16 Sunday 00:14:42: Episode:4 Mean Average CO Emission TL= 95.096 +/- 9.594
2023-04-16 Sunday 00:14:42: 1-Total Mean Average CO Emission TL= 98.347 +/- 5.329
2023-04-16 Sunday 00:14:42: 2-Total Mean Average CO Emission TL= 98.347 +/- 11.821
2023-04-16 Sunday 00:14:42: Episode:0 Mean Average Fuel Consumption TL= 1.273 +/- 0.115
2023-04-16 Sunday 00:14:42: Episode:1 Mean Average Fuel Consumption TL= 1.335 +/- 0.099
2023-04-16 Sunday 00:14:42: Episode:2 Mean Average Fuel Consumption TL= 1.332 +/- 0.098
2023-04-16 Sunday 00:14:42: Episode:3 Mean Average Fuel Consumption TL= 1.328 +/- 0.099
2023-04-16 Sunday 00:14:42: Episode:4 Mean Average Fuel Consumption TL= 1.334 +/- 0.100
2023-04-16 Sunday 00:14:42: 1-Total Mean Average Fuel Consumption TL= 1.320 +/- 0.024
2023-04-16 Sunday 00:14:42: 2-Total Mean Average Fuel Consumption TL= 1.320 +/- 0.102
2023-04-16 Sunday 00:14:42: Episode:0 Mean Average Noise Emission TL= 59.464 +/- 1.701
2023-04-16 Sunday 00:14:42: Episode:1 Mean Average Noise Emission TL= 60.605 +/- 1.086
2023-04-16 Sunday 00:14:42: Episode:2 Mean Average Noise Emission TL= 60.528 +/- 1.074
2023-04-16 Sunday 00:14:42: Episode:3 Mean Average Noise Emission TL= 60.467 +/- 1.103
2023-04-16 Sunday 00:14:42: Episode:4 Mean Average Noise Emission TL= 60.604 +/- 1.065
2023-04-16 Sunday 00:14:42: 1-Total Mean Average Noise Emission TL= 60.334 +/- 0.438
2023-04-16 Sunday 00:14:42: 2-Total Mean Average Noise Emission TL= 60.334 +/- 1.206
2023-04-16 Sunday 00:14:42: Episode:0 Mean Average CO2 Emission= 2549.525 +/- 176.238
2023-04-16 Sunday 00:14:42: Episode:1 Mean Average CO2 Emission= 2563.279 +/- 205.903
2023-04-16 Sunday 00:14:42: Episode:2 Mean Average CO2 Emission= 2571.125 +/- 201.222
2023-04-16 Sunday 00:14:42: Episode:3 Mean Average CO2 Emission= 2566.695 +/- 201.732
2023-04-16 Sunday 00:14:42: Episode:4 Mean Average CO2 Emission= 2562.056 +/- 210.866
2023-04-16 Sunday 00:14:42: 1-Total Mean Average CO2 Emission= 2562.536 +/- 7.227
2023-04-16 Sunday 00:14:42: 2-Total Mean Average CO2 Emission= 2562.536 +/- 199.192
2023-04-16 Sunday 00:14:42: Episode:0 Mean Average CO Emission= 82.959 +/- 23.057
2023-04-16 Sunday 00:14:42: Episode:1 Mean Average CO Emission= 66.391 +/- 8.697
2023-04-16 Sunday 00:14:42: Episode:2 Mean Average CO Emission= 67.433 +/- 8.541
2023-04-16 Sunday 00:14:42: Episode:3 Mean Average CO Emission= 68.019 +/- 9.261
2023-04-16 Sunday 00:14:42: Episode:4 Mean Average CO Emission= 66.455 +/- 8.376
2023-04-16 Sunday 00:14:42: 1-Total Mean Average CO Emission= 70.251 +/- 6.383
2023-04-16 Sunday 00:14:42: 2-Total Mean Average CO Emission= 70.251 +/- 11.586
2023-04-16 Sunday 00:14:42: Episode:0 Mean Average Fuel Consumption= 1.096 +/- 0.076
2023-04-16 Sunday 00:14:42: Episode:1 Mean Average Fuel Consumption= 1.102 +/- 0.089
2023-04-16 Sunday 00:14:42: Episode:2 Mean Average Fuel Consumption= 1.105 +/- 0.086
2023-04-16 Sunday 00:14:42: Episode:3 Mean Average Fuel Consumption= 1.103 +/- 0.087
2023-04-16 Sunday 00:14:42: Episode:4 Mean Average Fuel Consumption= 1.101 +/- 0.091
2023-04-16 Sunday 00:14:42: 1-Total Mean Average Fuel Consumption= 1.102 +/- 0.003
2023-04-16 Sunday 00:14:42: 2-Total Mean Average Fuel Consumption= 1.102 +/- 0.086
2023-04-16 Sunday 00:14:42: Episode:0 Mean Average Noise Emission= 60.191 +/- 1.459
2023-04-16 Sunday 00:14:42: Episode:1 Mean Average Noise Emission= 61.214 +/- 0.698
2023-04-16 Sunday 00:14:42: Episode:2 Mean Average Noise Emission= 61.167 +/- 0.699
2023-04-16 Sunday 00:14:42: Episode:3 Mean Average Noise Emission= 61.111 +/- 0.734
2023-04-16 Sunday 00:14:42: Episode:4 Mean Average Noise Emission= 61.212 +/- 0.681
2023-04-16 Sunday 00:14:42: 1-Total Mean Average Noise Emission= 60.979 +/- 0.396
2023-04-16 Sunday 00:14:42: 2-Total Mean Average Noise Emission= 60.979 +/- 0.854
2023-04-16 Sunday 00:14:42: ****************************************
