2023-03-04 Saturday 08:04:37: Run: 2 for Training experiment: DoE-19 - first seed: 270 - alpha: 0.3 - gamma: 0.8 - epsilon: 0.2 - reward: diff-waiting-time
2023-03-04 Saturday 08:09:56: Run: 1 - First Epsilon: 0.2 - Last Epsilon: 0.2
2023-03-04 Saturday 08:15:18: Run: 2 - First Epsilon: 0.2 - Last Epsilon: 0.2
2023-03-04 Saturday 08:20:20: Run: 3 - First Epsilon: 0.2 - Last Epsilon: 0.2
2023-03-04 Saturday 08:25:25: Run: 4 - First Epsilon: 0.2 - Last Epsilon: 0.2
2023-03-04 Saturday 08:30:31: Run: 5 - First Epsilon: 0.2 - Last Epsilon: 0.2
2023-03-04 Saturday 08:30:31: Q-Table Total Distinct States: 211
2023-03-04 Saturday 08:30:31: Mean_reward=-2.16 +/- 1.27
2023-03-04 Saturday 08:30:31: Mean_Stopped=69245.40 +/- 2819.76
2023-03-04 Saturday 08:30:31: Mean_Stopped=69380.80 +/- 2843.46
2023-03-04 Saturday 08:30:31: Mean_waiting_time=1366202.80 +/- 108634.73
2023-03-04 Saturday 08:30:31: Mean_avg_speed=3707.54 +/- 60.63
2023-03-04 Saturday 08:30:31: Mean_avg_speed_2=68925.79 +/- 1097.47
2023-03-04 Saturday 08:30:31: Mean_avg_speed_cross_check=80215.08 +/- 784.40
2023-03-04 Saturday 08:30:31: ****************************************
2023-03-04 Saturday 08:30:31: Calculation 1 - Overall 
2023-03-04 Saturday 08:30:31: ****************************************
2023-03-04 Saturday 08:30:31: Inner X Outer Loops Mean Reward= -0.000 +/- 0.696
2023-03-04 Saturday 08:30:31: Inner X Outer Loops Mean Stopped= 6.924 +/- 2.262
2023-03-04 Saturday 08:30:31: Inner X Outer Loops Mean Stopped Cross Check= 6.937 +/- 2.262
2023-03-04 Saturday 08:30:31: Inner X Outer Loops Mean Waiting Time= 136.607 +/- 126.911
2023-03-04 Saturday 08:30:31: Inner X Outer Loops Mean Avg Speed= 0.371 +/- 0.061
2023-03-04 Saturday 08:30:31: Inner X Outer Loops Mean Avg Speed 2= 6.892 +/- 1.109
2023-03-04 Saturday 08:30:31: Inner X Outer Loops Mean Avg Speed Cross Check= 8.021 +/- 0.778
2023-03-04 Saturday 08:30:31: ****************************************
2023-03-04 Saturday 08:30:31: Calculation 2 - Per Episode
2023-03-04 Saturday 08:30:31: ****************************************
2023-03-04 Saturday 08:30:31: Episode:0 Mean Reward= -0.000 +/- 0.753
2023-03-04 Saturday 08:30:31: Episode:1 Mean Reward= -0.000 +/- 0.677
2023-03-04 Saturday 08:30:31: Episode:2 Mean Reward= -0.000 +/- 0.669
2023-03-04 Saturday 08:30:31: Episode:3 Mean Reward= -0.000 +/- 0.686
2023-03-04 Saturday 08:30:31: Episode:4 Mean Reward= -0.000 +/- 0.692
2023-03-04 Saturday 08:30:31: 1-Total Mean Reward= -0.000 +/- 0.000
2023-03-04 Saturday 08:30:31: 2-Total Mean Reward= -0.000 +/- 0.696
2023-03-04 Saturday 08:30:31: ****
2023-03-04 Saturday 08:30:31: Episode:0 Mean Stopped= 7.326 +/- 2.603
2023-03-04 Saturday 08:30:31: Episode:1 Mean Stopped= 6.540 +/- 1.949
2023-03-04 Saturday 08:30:31: Episode:2 Mean Stopped= 6.687 +/- 2.104
2023-03-04 Saturday 08:30:31: Episode:3 Mean Stopped= 6.969 +/- 2.255
2023-03-04 Saturday 08:30:31: Episode:4 Mean Stopped= 7.097 +/- 2.258
2023-03-04 Saturday 08:30:31: 1-Total Mean Stopped= 6.924 +/- 0.282
2023-03-04 Saturday 08:30:31: 2-Total Mean Stopped= 6.924 +/- 2.234
2023-03-04 Saturday 08:30:31: ****
2023-03-04 Saturday 08:30:31: Episode:0 Mean Stopped Cross Check= 7.341 +/- 2.603
2023-03-04 Saturday 08:30:31: Episode:1 Mean Stopped Cross Check= 6.548 +/- 1.948
2023-03-04 Saturday 08:30:31: Episode:2 Mean Stopped Cross Check= 6.701 +/- 2.105
2023-03-04 Saturday 08:30:31: Episode:3 Mean Stopped Cross Check= 6.982 +/- 2.254
2023-03-04 Saturday 08:30:31: Episode:4 Mean Stopped Cross Check= 7.115 +/- 2.259
2023-03-04 Saturday 08:30:31: 1-Total Mean Stopped Cross Check= 6.937 +/- 0.284
2023-03-04 Saturday 08:30:31: 2-Total Mean Stopped Cross Check= 6.937 +/- 2.234
2023-03-04 Saturday 08:30:31: ****
2023-03-04 Saturday 08:30:31: Episode:0 Mean Waiting Time= 156.947 +/- 161.645
2023-03-04 Saturday 08:30:31: Episode:1 Mean Waiting Time= 127.331 +/- 124.688
2023-03-04 Saturday 08:30:31: Episode:2 Mean Waiting Time= 127.385 +/- 107.258
2023-03-04 Saturday 08:30:31: Episode:3 Mean Waiting Time= 134.372 +/- 114.511
2023-03-04 Saturday 08:30:31: Episode:4 Mean Waiting Time= 136.997 +/- 116.828
2023-03-04 Saturday 08:30:31: 1-Total Mean Waiting Time= 136.607 +/- 10.862
2023-03-04 Saturday 08:30:31: 2-Total Mean Waiting Time= 136.607 +/- 124.986
2023-03-04 Saturday 08:30:31: Episode:0 Mean Avg Speed= 0.363 +/- 0.063
2023-03-04 Saturday 08:30:31: Episode:1 Mean Avg Speed= 0.379 +/- 0.059
2023-03-04 Saturday 08:30:31: Episode:2 Mean Avg Speed= 0.376 +/- 0.061
2023-03-04 Saturday 08:30:31: Episode:3 Mean Avg Speed= 0.370 +/- 0.060
2023-03-04 Saturday 08:30:31: Episode:4 Mean Avg Speed= 0.366 +/- 0.061
2023-03-04 Saturday 08:30:31: 1-Total Mean Avg Speed= 0.371 +/- 0.006
2023-03-04 Saturday 08:30:31: 2-Total Mean Avg Speed= 0.371 +/- 0.061
2023-03-04 Saturday 08:30:31: Episode:0 Mean Avg Speed 2= 6.754 +/- 1.141
2023-03-04 Saturday 08:30:31: Episode:1 Mean Avg Speed 2= 7.049 +/- 1.066
2023-03-04 Saturday 08:30:31: Episode:2 Mean Avg Speed 2= 6.986 +/- 1.102
2023-03-04 Saturday 08:30:31: Episode:3 Mean Avg Speed 2= 6.864 +/- 1.102
2023-03-04 Saturday 08:30:31: Episode:4 Mean Avg Speed 2= 6.807 +/- 1.105
2023-03-04 Saturday 08:30:31: 1-Total Mean Avg Speed 2= 6.892 +/- 0.110
2023-03-04 Saturday 08:30:31: 2-Total Mean Avg Speed 2= 6.892 +/- 1.103
2023-03-04 Saturday 08:30:31: Episode:0 Mean Avg Speed Cross Check= 7.925 +/- 0.818
2023-03-04 Saturday 08:30:31: Episode:1 Mean Avg Speed Cross Check= 8.136 +/- 0.730
2023-03-04 Saturday 08:30:31: Episode:2 Mean Avg Speed Cross Check= 8.085 +/- 0.760
2023-03-04 Saturday 08:30:31: Episode:3 Mean Avg Speed Cross Check= 7.995 +/- 0.776
2023-03-04 Saturday 08:30:31: Episode:4 Mean Avg Speed Cross Check= 7.962 +/- 0.781
2023-03-04 Saturday 08:30:31: 1-Total Mean Avg Speed Cross Check= 8.021 +/- 0.078
2023-03-04 Saturday 08:30:31: 2-Total Mean Avg Speed Cross Check= 8.021 +/- 0.773
2023-03-04 Saturday 08:30:31: ****************************************
