2023-03-14 Tuesday 08:13:58: Run: 5 for Training experiment: DoE-6 - first seed: 570 - alpha: 0.1 - gamma: 0.8 - epsilon: 0.4 - reward: average-speed-2
2023-03-14 Tuesday 08:30:46: Run: 1 - First Epsilon: 0.4 - Last Epsilon: 0.4
2023-03-14 Tuesday 08:48:26: Run: 2 - First Epsilon: 0.4 - Last Epsilon: 0.4
2023-03-14 Tuesday 09:03:31: Run: 3 - First Epsilon: 0.4 - Last Epsilon: 0.4
2023-03-14 Tuesday 09:18:42: Run: 4 - First Epsilon: 0.4 - Last Epsilon: 0.4
2023-03-14 Tuesday 09:32:43: Run: 5 - First Epsilon: 0.4 - Last Epsilon: 0.4
2023-03-14 Tuesday 09:32:43: Q-Table Total Distinct States: 1066
2023-03-14 Tuesday 09:32:43: Mean_reward=13151.89 +/- 1133.24
2023-03-14 Tuesday 09:32:43: Mean_Stopped=812384.40 +/- 81656.39
2023-03-14 Tuesday 09:32:43: Mean_Stopped=812617.40 +/- 81703.25
2023-03-14 Tuesday 09:32:43: Mean_waiting_time=36883127.80 +/- 4743256.35
2023-03-14 Tuesday 09:32:43: Mean_avg_speed=708.10 +/- 60.91
2023-03-14 Tuesday 09:32:43: Mean_avg_speed_2=13151.89 +/- 1133.24
2023-03-14 Tuesday 09:32:43: Mean_avg_speed_cross_check=22677.44 +/- 1752.23
2023-03-14 Tuesday 09:32:43: ****************************************
2023-03-14 Tuesday 09:32:43: Calculation 1 - Overall 
2023-03-14 Tuesday 09:32:43: ****************************************
2023-03-14 Tuesday 09:32:43: Inner X Outer Loops Mean Reward= 1.315 +/- 0.569
2023-03-14 Tuesday 09:32:43: Inner X Outer Loops Mean Stopped= 81.230 +/- 15.617
2023-03-14 Tuesday 09:32:43: Inner X Outer Loops Mean Stopped Cross Check= 81.254 +/- 15.613
2023-03-14 Tuesday 09:32:43: Inner X Outer Loops Mean Waiting Time= 3687.944 +/- 3198.309
2023-03-14 Tuesday 09:32:43: Inner X Outer Loops Mean Avg Speed= 0.071 +/- 0.030
2023-03-14 Tuesday 09:32:43: Inner X Outer Loops Mean Avg Speed 2= 1.315 +/- 0.569
2023-03-14 Tuesday 09:32:44: Inner X Outer Loops Mean Avg Speed Cross Check= 2.268 +/- 0.643
2023-03-14 Tuesday 09:32:44: ****************************************
2023-03-14 Tuesday 09:32:44: Calculation 2 - Per Episode
2023-03-14 Tuesday 09:32:44: ****************************************
2023-03-14 Tuesday 09:32:44: Episode:0 Mean Reward= 1.176 +/- 0.526
2023-03-14 Tuesday 09:32:44: Episode:1 Mean Reward= 1.204 +/- 0.553
2023-03-14 Tuesday 09:32:44: Episode:2 Mean Reward= 1.319 +/- 0.556
2023-03-14 Tuesday 09:32:44: Episode:3 Mean Reward= 1.402 +/- 0.569
2023-03-14 Tuesday 09:32:44: Episode:4 Mean Reward= 1.474 +/- 0.584
2023-03-14 Tuesday 09:32:44: 1-Total Mean Reward= 1.315 +/- 0.113
2023-03-14 Tuesday 09:32:44: 2-Total Mean Reward= 1.315 +/- 0.558
2023-03-14 Tuesday 09:32:44: ****
2023-03-14 Tuesday 09:32:44: Episode:0 Mean Stopped= 91.190 +/- 13.461
2023-03-14 Tuesday 09:32:44: Episode:1 Mean Stopped= 90.127 +/- 15.536
2023-03-14 Tuesday 09:32:44: Episode:2 Mean Stopped= 79.630 +/- 13.568
2023-03-14 Tuesday 09:32:44: Episode:3 Mean Stopped= 73.927 +/- 11.612
2023-03-14 Tuesday 09:32:44: Episode:4 Mean Stopped= 71.277 +/- 12.028
2023-03-14 Tuesday 09:32:44: 1-Total Mean Stopped= 81.230 +/- 8.165
2023-03-14 Tuesday 09:32:44: 2-Total Mean Stopped= 81.230 +/- 13.241
2023-03-14 Tuesday 09:32:44: ****
2023-03-14 Tuesday 09:32:44: Episode:0 Mean Stopped Cross Check= 91.218 +/- 13.450
2023-03-14 Tuesday 09:32:44: Episode:1 Mean Stopped Cross Check= 90.158 +/- 15.529
2023-03-14 Tuesday 09:32:44: Episode:2 Mean Stopped Cross Check= 79.649 +/- 13.562
2023-03-14 Tuesday 09:32:44: Episode:3 Mean Stopped Cross Check= 73.945 +/- 11.604
2023-03-14 Tuesday 09:32:44: Episode:4 Mean Stopped Cross Check= 71.297 +/- 12.019
2023-03-14 Tuesday 09:32:44: 1-Total Mean Stopped Cross Check= 81.254 +/- 8.170
2023-03-14 Tuesday 09:32:44: 2-Total Mean Stopped Cross Check= 81.254 +/- 13.233
2023-03-14 Tuesday 09:32:44: ****
2023-03-14 Tuesday 09:32:44: Episode:0 Mean Waiting Time= 3996.195 +/- 3542.408
2023-03-14 Tuesday 09:32:44: Episode:1 Mean Waiting Time= 4315.887 +/- 3919.736
2023-03-14 Tuesday 09:32:44: Episode:2 Mean Waiting Time= 3848.455 +/- 3181.519
2023-03-14 Tuesday 09:32:44: Episode:3 Mean Waiting Time= 3203.709 +/- 2289.515
2023-03-14 Tuesday 09:32:44: Episode:4 Mean Waiting Time= 3075.474 +/- 2596.974
2023-03-14 Tuesday 09:32:44: 1-Total Mean Waiting Time= 3687.944 +/- 474.278
2023-03-14 Tuesday 09:32:44: 2-Total Mean Waiting Time= 3687.944 +/- 3106.031
2023-03-14 Tuesday 09:32:44: Episode:0 Mean Avg Speed= 0.063 +/- 0.028
2023-03-14 Tuesday 09:32:44: Episode:1 Mean Avg Speed= 0.065 +/- 0.029
2023-03-14 Tuesday 09:32:44: Episode:2 Mean Avg Speed= 0.071 +/- 0.029
2023-03-14 Tuesday 09:32:44: Episode:3 Mean Avg Speed= 0.076 +/- 0.030
2023-03-14 Tuesday 09:32:44: Episode:4 Mean Avg Speed= 0.079 +/- 0.031
2023-03-14 Tuesday 09:32:44: 1-Total Mean Avg Speed= 0.071 +/- 0.006
2023-03-14 Tuesday 09:32:44: 2-Total Mean Avg Speed= 0.071 +/- 0.030
2023-03-14 Tuesday 09:32:44: Episode:0 Mean Avg Speed 2= 1.176 +/- 0.526
2023-03-14 Tuesday 09:32:44: Episode:1 Mean Avg Speed 2= 1.204 +/- 0.553
2023-03-14 Tuesday 09:32:44: Episode:2 Mean Avg Speed 2= 1.319 +/- 0.556
2023-03-14 Tuesday 09:32:44: Episode:3 Mean Avg Speed 2= 1.402 +/- 0.569
2023-03-14 Tuesday 09:32:44: Episode:4 Mean Avg Speed 2= 1.474 +/- 0.584
2023-03-14 Tuesday 09:32:44: 1-Total Mean Avg Speed 2= 1.315 +/- 0.113
2023-03-14 Tuesday 09:32:44: 2-Total Mean Avg Speed 2= 1.315 +/- 0.558
2023-03-14 Tuesday 09:32:44: Episode:0 Mean Avg Speed Cross Check= 2.054 +/- 0.585
2023-03-14 Tuesday 09:32:44: Episode:1 Mean Avg Speed Cross Check= 2.094 +/- 0.642
2023-03-14 Tuesday 09:32:44: Episode:2 Mean Avg Speed Cross Check= 2.274 +/- 0.619
2023-03-14 Tuesday 09:32:44: Episode:3 Mean Avg Speed Cross Check= 2.404 +/- 0.605
2023-03-14 Tuesday 09:32:44: Episode:4 Mean Avg Speed Cross Check= 2.511 +/- 0.642
2023-03-14 Tuesday 09:32:44: 1-Total Mean Avg Speed Cross Check= 2.268 +/- 0.175
2023-03-14 Tuesday 09:32:44: 2-Total Mean Avg Speed Cross Check= 2.268 +/- 0.619
2023-03-14 Tuesday 09:32:44: ****************************************
