2023-03-06 Monday 23:11:28: Run: 3 for Training experiment: DoE-15 - first seed: 370 - alpha: 0.1 - gamma: 0.99 - epsilon: 0.3 - reward: diff-waiting-time
2023-03-06 Monday 23:17:50: Run: 1 - First Epsilon: 0.3 - Last Epsilon: 0.3
2023-03-06 Monday 23:23:57: Run: 2 - First Epsilon: 0.3 - Last Epsilon: 0.3
2023-03-06 Monday 23:30:04: Run: 3 - First Epsilon: 0.3 - Last Epsilon: 0.3
2023-03-06 Monday 23:36:06: Run: 4 - First Epsilon: 0.3 - Last Epsilon: 0.3
2023-03-06 Monday 23:41:27: Run: 5 - First Epsilon: 0.3 - Last Epsilon: 0.3
2023-03-06 Monday 23:41:28: Q-Table Total Distinct States: 378
2023-03-06 Monday 23:41:28: Mean_reward=-1.69 +/- 0.92
2023-03-06 Monday 23:41:28: Mean_Stopped=77420.60 +/- 7718.68
2023-03-06 Monday 23:41:28: Mean_Stopped=77542.40 +/- 7735.09
2023-03-06 Monday 23:41:28: Mean_waiting_time=1645768.40 +/- 282566.14
2023-03-06 Monday 23:41:28: Mean_avg_speed=3571.19 +/- 122.75
2023-03-06 Monday 23:41:28: Mean_avg_speed_2=66344.80 +/- 2220.01
2023-03-06 Monday 23:41:28: Mean_avg_speed_cross_check=78271.68 +/- 1686.64
2023-03-06 Monday 23:41:28: ****************************************
2023-03-06 Monday 23:41:28: Calculation 1 - Overall 
2023-03-06 Monday 23:41:28: ****************************************
2023-03-06 Monday 23:41:28: Inner X Outer Loops Mean Reward= -0.000 +/- 0.766
2023-03-06 Monday 23:41:28: Inner X Outer Loops Mean Stopped= 7.741 +/- 3.163
2023-03-06 Monday 23:41:28: Inner X Outer Loops Mean Stopped Cross Check= 7.753 +/- 3.166
2023-03-06 Monday 23:41:28: Inner X Outer Loops Mean Waiting Time= 164.560 +/- 164.684
2023-03-06 Monday 23:41:28: Inner X Outer Loops Mean Avg Speed= 0.357 +/- 0.066
2023-03-06 Monday 23:41:28: Inner X Outer Loops Mean Avg Speed 2= 6.634 +/- 1.199
2023-03-06 Monday 23:41:28: Inner X Outer Loops Mean Avg Speed Cross Check= 7.826 +/- 0.883
2023-03-06 Monday 23:41:28: ****************************************
2023-03-06 Monday 23:41:28: Calculation 2 - Per Episode
2023-03-06 Monday 23:41:28: ****************************************
2023-03-06 Monday 23:41:28: Episode:0 Mean Reward= -0.000 +/- 0.883
2023-03-06 Monday 23:41:28: Episode:1 Mean Reward= -0.000 +/- 0.705
2023-03-06 Monday 23:41:28: Episode:2 Mean Reward= -0.000 +/- 0.734
2023-03-06 Monday 23:41:28: Episode:3 Mean Reward= -0.000 +/- 0.723
2023-03-06 Monday 23:41:28: Episode:4 Mean Reward= -0.000 +/- 0.772
2023-03-06 Monday 23:41:28: 1-Total Mean Reward= -0.000 +/- 0.000
2023-03-06 Monday 23:41:28: 2-Total Mean Reward= -0.000 +/- 0.764
2023-03-06 Monday 23:41:28: ****
2023-03-06 Monday 23:41:28: Episode:0 Mean Stopped= 9.232 +/- 4.626
2023-03-06 Monday 23:41:28: Episode:1 Mean Stopped= 7.180 +/- 2.477
2023-03-06 Monday 23:41:28: Episode:2 Mean Stopped= 7.524 +/- 2.601
2023-03-06 Monday 23:41:28: Episode:3 Mean Stopped= 7.120 +/- 2.620
2023-03-06 Monday 23:41:28: Episode:4 Mean Stopped= 7.650 +/- 2.428
2023-03-06 Monday 23:41:28: 1-Total Mean Stopped= 7.741 +/- 0.772
2023-03-06 Monday 23:41:28: 2-Total Mean Stopped= 7.741 +/- 2.950
2023-03-06 Monday 23:41:28: ****
2023-03-06 Monday 23:41:28: Episode:0 Mean Stopped Cross Check= 9.247 +/- 4.629
2023-03-06 Monday 23:41:28: Episode:1 Mean Stopped Cross Check= 7.190 +/- 2.480
2023-03-06 Monday 23:41:28: Episode:2 Mean Stopped Cross Check= 7.537 +/- 2.602
2023-03-06 Monday 23:41:28: Episode:3 Mean Stopped Cross Check= 7.129 +/- 2.623
2023-03-06 Monday 23:41:28: Episode:4 Mean Stopped Cross Check= 7.664 +/- 2.428
2023-03-06 Monday 23:41:28: 1-Total Mean Stopped Cross Check= 7.753 +/- 0.773
2023-03-06 Monday 23:41:28: 2-Total Mean Stopped Cross Check= 7.753 +/- 2.952
2023-03-06 Monday 23:41:28: ****
2023-03-06 Monday 23:41:28: Episode:0 Mean Waiting Time= 218.458 +/- 256.846
2023-03-06 Monday 23:41:28: Episode:1 Mean Waiting Time= 140.209 +/- 120.013
2023-03-06 Monday 23:41:28: Episode:2 Mean Waiting Time= 152.219 +/- 127.910
2023-03-06 Monday 23:41:28: Episode:3 Mean Waiting Time= 146.130 +/- 123.104
2023-03-06 Monday 23:41:28: Episode:4 Mean Waiting Time= 165.786 +/- 140.442
2023-03-06 Monday 23:41:28: 1-Total Mean Waiting Time= 164.560 +/- 28.254
2023-03-06 Monday 23:41:28: 2-Total Mean Waiting Time= 164.560 +/- 153.663
2023-03-06 Monday 23:41:28: Episode:0 Mean Avg Speed= 0.334 +/- 0.074
2023-03-06 Monday 23:41:28: Episode:1 Mean Avg Speed= 0.367 +/- 0.063
2023-03-06 Monday 23:41:28: Episode:2 Mean Avg Speed= 0.359 +/- 0.062
2023-03-06 Monday 23:41:28: Episode:3 Mean Avg Speed= 0.369 +/- 0.065
2023-03-06 Monday 23:41:28: Episode:4 Mean Avg Speed= 0.356 +/- 0.060
2023-03-06 Monday 23:41:28: 1-Total Mean Avg Speed= 0.357 +/- 0.012
2023-03-06 Monday 23:41:28: 2-Total Mean Avg Speed= 0.357 +/- 0.065
2023-03-06 Monday 23:41:28: Episode:0 Mean Avg Speed 2= 6.226 +/- 1.345
2023-03-06 Monday 23:41:28: Episode:1 Mean Avg Speed 2= 6.812 +/- 1.143
2023-03-06 Monday 23:41:28: Episode:2 Mean Avg Speed 2= 6.679 +/- 1.130
2023-03-06 Monday 23:41:28: Episode:3 Mean Avg Speed 2= 6.847 +/- 1.174
2023-03-06 Monday 23:41:28: Episode:4 Mean Avg Speed 2= 6.605 +/- 1.080
2023-03-06 Monday 23:41:28: 1-Total Mean Avg Speed 2= 6.634 +/- 0.222
2023-03-06 Monday 23:41:28: 2-Total Mean Avg Speed 2= 6.634 +/- 1.174
2023-03-06 Monday 23:41:28: Episode:0 Mean Avg Speed Cross Check= 7.513 +/- 1.052
2023-03-06 Monday 23:41:28: Episode:1 Mean Avg Speed Cross Check= 7.960 +/- 0.821
2023-03-06 Monday 23:41:28: Episode:2 Mean Avg Speed Cross Check= 7.867 +/- 0.816
2023-03-06 Monday 23:41:28: Episode:3 Mean Avg Speed Cross Check= 7.981 +/- 0.836
2023-03-06 Monday 23:41:28: Episode:4 Mean Avg Speed Cross Check= 7.811 +/- 0.782
2023-03-06 Monday 23:41:28: 1-Total Mean Avg Speed Cross Check= 7.826 +/- 0.169
2023-03-06 Monday 23:41:28: 2-Total Mean Avg Speed Cross Check= 7.826 +/- 0.861
2023-03-06 Monday 23:41:28: ****************************************
