2023-02-26 Sunday 12:53:26: Run: 1 for Training experiment: DoE-13 - first seed: 170 - alpha: 0.1 - gamma: 0.99 - epsilon: 0.2 - reward: diff-waiting-time
2023-02-26 Sunday 12:59:23: Run: 1 - First Epsilon: 0.2 - Last Epsilon: 0.2
2023-02-26 Sunday 13:05:03: Run: 2 - First Epsilon: 0.2 - Last Epsilon: 0.2
2023-02-26 Sunday 13:10:35: Run: 3 - First Epsilon: 0.2 - Last Epsilon: 0.2
2023-02-26 Sunday 13:16:13: Run: 4 - First Epsilon: 0.2 - Last Epsilon: 0.2
2023-02-26 Sunday 13:21:50: Run: 5 - First Epsilon: 0.2 - Last Epsilon: 0.2
2023-02-26 Sunday 13:21:50: Q-Table Total Distinct States: 383
2023-02-26 Sunday 13:21:50: Mean_reward=-1.16 +/- 0.45
2023-02-26 Sunday 13:21:50: Mean_Stopped=77552.00 +/- 8306.54
2023-02-26 Sunday 13:21:50: Mean_Stopped=77714.20 +/- 8311.54
2023-02-26 Sunday 13:21:50: Mean_waiting_time=1785879.00 +/- 464417.51
2023-02-26 Sunday 13:21:50: Mean_avg_speed=3548.99 +/- 121.38
2023-02-26 Sunday 13:21:50: Mean_avg_speed_2=65955.77 +/- 2251.78
2023-02-26 Sunday 13:21:50: Mean_avg_speed_cross_check=78012.68 +/- 1776.04
2023-02-26 Sunday 13:21:50: ****************************************
2023-02-26 Sunday 13:21:50: Calculation 1 - Overall 
2023-02-26 Sunday 13:21:50: ****************************************
2023-02-26 Sunday 13:21:50: Inner X Outer Loops Mean Reward= -0.000 +/- 0.803
2023-02-26 Sunday 13:21:50: Inner X Outer Loops Mean Stopped= 7.754 +/- 3.307
2023-02-26 Sunday 13:21:50: Inner X Outer Loops Mean Stopped Cross Check= 7.771 +/- 3.306
2023-02-26 Sunday 13:21:50: Inner X Outer Loops Mean Waiting Time= 178.570 +/- 225.864
2023-02-26 Sunday 13:21:50: Inner X Outer Loops Mean Avg Speed= 0.355 +/- 0.063
2023-02-26 Sunday 13:21:50: Inner X Outer Loops Mean Avg Speed 2= 6.595 +/- 1.148
2023-02-26 Sunday 13:21:50: Inner X Outer Loops Mean Avg Speed Cross Check= 7.800 +/- 0.851
2023-02-26 Sunday 13:21:50: ****************************************
2023-02-26 Sunday 13:21:50: Calculation 2 - Per Episode
2023-02-26 Sunday 13:21:50: ****************************************
2023-02-26 Sunday 13:21:50: Episode:0 Mean Reward= -0.000 +/- 0.997
2023-02-26 Sunday 13:21:50: Episode:1 Mean Reward= -0.000 +/- 0.785
2023-02-26 Sunday 13:21:50: Episode:2 Mean Reward= -0.000 +/- 0.754
2023-02-26 Sunday 13:21:50: Episode:3 Mean Reward= -0.000 +/- 0.752
2023-02-26 Sunday 13:21:50: Episode:4 Mean Reward= -0.000 +/- 0.692
2023-02-26 Sunday 13:21:50: 1-Total Mean Reward= -0.000 +/- 0.000
2023-02-26 Sunday 13:21:50: 2-Total Mean Reward= -0.000 +/- 0.796
2023-02-26 Sunday 13:21:50: ****
2023-02-26 Sunday 13:21:50: Episode:0 Mean Stopped= 9.344 +/- 5.512
2023-02-26 Sunday 13:21:50: Episode:1 Mean Stopped= 7.718 +/- 2.336
2023-02-26 Sunday 13:21:50: Episode:2 Mean Stopped= 7.087 +/- 2.205
2023-02-26 Sunday 13:21:50: Episode:3 Mean Stopped= 7.513 +/- 2.190
2023-02-26 Sunday 13:21:50: Episode:4 Mean Stopped= 7.109 +/- 2.392
2023-02-26 Sunday 13:21:50: 1-Total Mean Stopped= 7.754 +/- 0.831
2023-02-26 Sunday 13:21:50: 2-Total Mean Stopped= 7.754 +/- 2.927
2023-02-26 Sunday 13:21:50: ****
2023-02-26 Sunday 13:21:50: Episode:0 Mean Stopped Cross Check= 9.361 +/- 5.510
2023-02-26 Sunday 13:21:50: Episode:1 Mean Stopped Cross Check= 7.735 +/- 2.334
2023-02-26 Sunday 13:21:50: Episode:2 Mean Stopped Cross Check= 7.102 +/- 2.204
2023-02-26 Sunday 13:21:50: Episode:3 Mean Stopped Cross Check= 7.531 +/- 2.188
2023-02-26 Sunday 13:21:50: Episode:4 Mean Stopped Cross Check= 7.124 +/- 2.394
2023-02-26 Sunday 13:21:50: 1-Total Mean Stopped Cross Check= 7.771 +/- 0.831
2023-02-26 Sunday 13:21:50: 2-Total Mean Stopped Cross Check= 7.771 +/- 2.926
2023-02-26 Sunday 13:21:50: ****
2023-02-26 Sunday 13:21:50: Episode:0 Mean Waiting Time= 268.353 +/- 407.865
2023-02-26 Sunday 13:21:50: Episode:1 Mean Waiting Time= 173.039 +/- 147.480
2023-02-26 Sunday 13:21:50: Episode:2 Mean Waiting Time= 157.189 +/- 153.090
2023-02-26 Sunday 13:21:50: Episode:3 Mean Waiting Time= 158.468 +/- 142.198
2023-02-26 Sunday 13:21:50: Episode:4 Mean Waiting Time= 135.801 +/- 111.933
2023-02-26 Sunday 13:21:50: 1-Total Mean Waiting Time= 178.570 +/- 46.437
2023-02-26 Sunday 13:21:50: 2-Total Mean Waiting Time= 178.570 +/- 192.513
2023-02-26 Sunday 13:21:50: Episode:0 Mean Avg Speed= 0.333 +/- 0.071
2023-02-26 Sunday 13:21:50: Episode:1 Mean Avg Speed= 0.352 +/- 0.058
2023-02-26 Sunday 13:21:50: Episode:2 Mean Avg Speed= 0.366 +/- 0.060
2023-02-26 Sunday 13:21:50: Episode:3 Mean Avg Speed= 0.356 +/- 0.057
2023-02-26 Sunday 13:21:50: Episode:4 Mean Avg Speed= 0.367 +/- 0.063
2023-02-26 Sunday 13:21:50: 1-Total Mean Avg Speed= 0.355 +/- 0.012
2023-02-26 Sunday 13:21:50: 2-Total Mean Avg Speed= 0.355 +/- 0.062
2023-02-26 Sunday 13:21:50: Episode:0 Mean Avg Speed 2= 6.198 +/- 1.297
2023-02-26 Sunday 13:21:50: Episode:1 Mean Avg Speed 2= 6.543 +/- 1.056
2023-02-26 Sunday 13:21:50: Episode:2 Mean Avg Speed 2= 6.811 +/- 1.080
2023-02-26 Sunday 13:21:50: Episode:3 Mean Avg Speed 2= 6.612 +/- 1.034
2023-02-26 Sunday 13:21:50: Episode:4 Mean Avg Speed 2= 6.811 +/- 1.143
2023-02-26 Sunday 13:21:50: 1-Total Mean Avg Speed 2= 6.595 +/- 0.225
2023-02-26 Sunday 13:21:50: 2-Total Mean Avg Speed 2= 6.595 +/- 1.122
2023-02-26 Sunday 13:21:50: Episode:0 Mean Avg Speed Cross Check= 7.480 +/- 1.047
2023-02-26 Sunday 13:21:50: Episode:1 Mean Avg Speed Cross Check= 7.776 +/- 0.766
2023-02-26 Sunday 13:21:50: Episode:2 Mean Avg Speed Cross Check= 7.969 +/- 0.758
2023-02-26 Sunday 13:21:50: Episode:3 Mean Avg Speed Cross Check= 7.818 +/- 0.740
2023-02-26 Sunday 13:21:50: Episode:4 Mean Avg Speed Cross Check= 7.960 +/- 0.810
2023-02-26 Sunday 13:21:50: 1-Total Mean Avg Speed Cross Check= 7.800 +/- 0.178
2023-02-26 Sunday 13:21:50: 2-Total Mean Avg Speed Cross Check= 7.800 +/- 0.824
2023-02-26 Sunday 13:21:50: ****************************************
