2023-03-07 Tuesday 22:57:33: Run: 3 for Training experiment: DoE-35 - first seed: 370 - alpha: 0.3 - gamma: 0.99 - epsilon: 0.4 - reward: diff-waiting-time
2023-03-07 Tuesday 23:07:07: Run: 1 - First Epsilon: 0.4 - Last Epsilon: 0.4
2023-03-07 Tuesday 23:13:07: Run: 2 - First Epsilon: 0.4 - Last Epsilon: 0.4
2023-03-07 Tuesday 23:18:58: Run: 3 - First Epsilon: 0.4 - Last Epsilon: 0.4
2023-03-07 Tuesday 23:24:44: Run: 4 - First Epsilon: 0.4 - Last Epsilon: 0.4
2023-03-07 Tuesday 23:30:13: Run: 5 - First Epsilon: 0.4 - Last Epsilon: 0.4
2023-03-07 Tuesday 23:30:13: Q-Table Total Distinct States: 1240
2023-03-07 Tuesday 23:30:13: Mean_reward=-1.81 +/- 1.06
2023-03-07 Tuesday 23:30:13: Mean_Stopped=139758.00 +/- 101078.05
2023-03-07 Tuesday 23:30:13: Mean_Stopped=139948.40 +/- 101084.97
2023-03-07 Tuesday 23:30:13: Mean_waiting_time=4098728.80 +/- 3757233.73
2023-03-07 Tuesday 23:30:13: Mean_avg_speed=3041.97 +/- 583.99
2023-03-07 Tuesday 23:30:13: Mean_avg_speed_2=56523.27 +/- 10805.08
2023-03-07 Tuesday 23:30:13: Mean_avg_speed_cross_check=69651.47 +/- 10650.08
2023-03-07 Tuesday 23:30:13: ****************************************
2023-03-07 Tuesday 23:30:13: Calculation 1 - Overall 
2023-03-07 Tuesday 23:30:13: ****************************************
2023-03-07 Tuesday 23:30:13: Inner X Outer Loops Mean Reward= -0.000 +/- 1.154
2023-03-07 Tuesday 23:30:13: Inner X Outer Loops Mean Stopped= 13.974 +/- 14.615
2023-03-07 Tuesday 23:30:13: Inner X Outer Loops Mean Stopped Cross Check= 13.993 +/- 14.615
2023-03-07 Tuesday 23:30:13: Inner X Outer Loops Mean Waiting Time= 409.832 +/- 691.218
2023-03-07 Tuesday 23:30:13: Inner X Outer Loops Mean Avg Speed= 0.304 +/- 0.094
2023-03-07 Tuesday 23:30:13: Inner X Outer Loops Mean Avg Speed 2= 5.652 +/- 1.727
2023-03-07 Tuesday 23:30:13: Inner X Outer Loops Mean Avg Speed Cross Check= 6.964 +/- 1.605
2023-03-07 Tuesday 23:30:13: ****************************************
2023-03-07 Tuesday 23:30:13: Calculation 2 - Per Episode
2023-03-07 Tuesday 23:30:13: ****************************************
2023-03-07 Tuesday 23:30:13: Episode:0 Mean Reward= -0.000 +/- 1.847
2023-03-07 Tuesday 23:30:13: Episode:1 Mean Reward= -0.000 +/- 0.937
2023-03-07 Tuesday 23:30:13: Episode:2 Mean Reward= -0.000 +/- 0.908
2023-03-07 Tuesday 23:30:13: Episode:3 Mean Reward= -0.000 +/- 0.873
2023-03-07 Tuesday 23:30:13: Episode:4 Mean Reward= -0.000 +/- 0.883
2023-03-07 Tuesday 23:30:13: 1-Total Mean Reward= -0.000 +/- 0.000
2023-03-07 Tuesday 23:30:13: 2-Total Mean Reward= -0.000 +/- 1.090
2023-03-07 Tuesday 23:30:13: ****
2023-03-07 Tuesday 23:30:13: Episode:0 Mean Stopped= 34.176 +/- 22.755
2023-03-07 Tuesday 23:30:13: Episode:1 Mean Stopped= 9.533 +/- 3.249
2023-03-07 Tuesday 23:30:13: Episode:2 Mean Stopped= 8.953 +/- 3.272
2023-03-07 Tuesday 23:30:13: Episode:3 Mean Stopped= 8.471 +/- 3.098
2023-03-07 Tuesday 23:30:13: Episode:4 Mean Stopped= 8.739 +/- 2.921
2023-03-07 Tuesday 23:30:13: 1-Total Mean Stopped= 13.974 +/- 10.107
2023-03-07 Tuesday 23:30:13: 2-Total Mean Stopped= 13.974 +/- 7.059
2023-03-07 Tuesday 23:30:13: ****
2023-03-07 Tuesday 23:30:13: Episode:0 Mean Stopped Cross Check= 34.196 +/- 22.755
2023-03-07 Tuesday 23:30:13: Episode:1 Mean Stopped Cross Check= 9.556 +/- 3.251
2023-03-07 Tuesday 23:30:13: Episode:2 Mean Stopped Cross Check= 8.969 +/- 3.275
2023-03-07 Tuesday 23:30:13: Episode:3 Mean Stopped Cross Check= 8.487 +/- 3.099
2023-03-07 Tuesday 23:30:13: Episode:4 Mean Stopped Cross Check= 8.760 +/- 2.923
2023-03-07 Tuesday 23:30:13: 1-Total Mean Stopped Cross Check= 13.993 +/- 10.107
2023-03-07 Tuesday 23:30:13: 2-Total Mean Stopped Cross Check= 13.993 +/- 7.061
2023-03-07 Tuesday 23:30:13: ****
2023-03-07 Tuesday 23:30:13: Episode:0 Mean Waiting Time= 1160.817 +/- 1242.188
2023-03-07 Tuesday 23:30:13: Episode:1 Mean Waiting Time= 242.406 +/- 198.210
2023-03-07 Tuesday 23:30:13: Episode:2 Mean Waiting Time= 225.651 +/- 194.922
2023-03-07 Tuesday 23:30:13: Episode:3 Mean Waiting Time= 207.413 +/- 179.263
2023-03-07 Tuesday 23:30:13: Episode:4 Mean Waiting Time= 212.872 +/- 175.391
2023-03-07 Tuesday 23:30:13: 1-Total Mean Waiting Time= 409.832 +/- 375.686
2023-03-07 Tuesday 23:30:13: 2-Total Mean Waiting Time= 409.832 +/- 397.995
2023-03-07 Tuesday 23:30:13: Episode:0 Mean Avg Speed= 0.188 +/- 0.106
2023-03-07 Tuesday 23:30:13: Episode:1 Mean Avg Speed= 0.322 +/- 0.061
2023-03-07 Tuesday 23:30:13: Episode:2 Mean Avg Speed= 0.333 +/- 0.063
2023-03-07 Tuesday 23:30:13: Episode:3 Mean Avg Speed= 0.342 +/- 0.064
2023-03-07 Tuesday 23:30:13: Episode:4 Mean Avg Speed= 0.336 +/- 0.061
2023-03-07 Tuesday 23:30:13: 1-Total Mean Avg Speed= 0.304 +/- 0.058
2023-03-07 Tuesday 23:30:13: 2-Total Mean Avg Speed= 0.304 +/- 0.071
2023-03-07 Tuesday 23:30:13: Episode:0 Mean Avg Speed 2= 3.504 +/- 1.978
2023-03-07 Tuesday 23:30:13: Episode:1 Mean Avg Speed 2= 5.982 +/- 1.126
2023-03-07 Tuesday 23:30:13: Episode:2 Mean Avg Speed 2= 6.185 +/- 1.149
2023-03-07 Tuesday 23:30:13: Episode:3 Mean Avg Speed 2= 6.353 +/- 1.168
2023-03-07 Tuesday 23:30:13: Episode:4 Mean Avg Speed 2= 6.235 +/- 1.102
2023-03-07 Tuesday 23:30:13: 1-Total Mean Avg Speed 2= 5.652 +/- 1.080
2023-03-07 Tuesday 23:30:13: 2-Total Mean Avg Speed 2= 5.652 +/- 1.304
2023-03-07 Tuesday 23:30:13: Episode:0 Mean Avg Speed Cross Check= 4.842 +/- 2.047
2023-03-07 Tuesday 23:30:13: Episode:1 Mean Avg Speed Cross Check= 7.337 +/- 0.870
2023-03-07 Tuesday 23:30:13: Episode:2 Mean Avg Speed Cross Check= 7.493 +/- 0.886
2023-03-07 Tuesday 23:30:13: Episode:3 Mean Avg Speed Cross Check= 7.614 +/- 0.886
2023-03-07 Tuesday 23:30:13: Episode:4 Mean Avg Speed Cross Check= 7.537 +/- 0.832
2023-03-07 Tuesday 23:30:13: 1-Total Mean Avg Speed Cross Check= 6.964 +/- 1.065
2023-03-07 Tuesday 23:30:13: 2-Total Mean Avg Speed Cross Check= 6.964 +/- 1.104
2023-03-07 Tuesday 23:30:13: ****************************************
