2023-03-15 Wednesday 10:50:40: Run: 5 for Training experiment: DoE-24 - first seed: 570 - alpha: 0.3 - gamma: 0.8 - epsilon: 0.4 - reward: average-speed-2
2023-03-15 Wednesday 11:08:21: Run: 1 - First Epsilon: 0.4 - Last Epsilon: 0.4
2023-03-15 Wednesday 11:23:43: Run: 2 - First Epsilon: 0.4 - Last Epsilon: 0.4
2023-03-15 Wednesday 11:39:13: Run: 3 - First Epsilon: 0.4 - Last Epsilon: 0.4
2023-03-15 Wednesday 11:53:29: Run: 4 - First Epsilon: 0.4 - Last Epsilon: 0.4
2023-03-15 Wednesday 12:06:41: Run: 5 - First Epsilon: 0.4 - Last Epsilon: 0.4
2023-03-15 Wednesday 12:06:41: Q-Table Total Distinct States: 1634
2023-03-15 Wednesday 12:06:41: Mean_reward=14426.79 +/- 2116.45
2023-03-15 Wednesday 12:06:41: Mean_Stopped=749089.20 +/- 125069.48
2023-03-15 Wednesday 12:06:41: Mean_Stopped=749334.20 +/- 125080.10
2023-03-15 Wednesday 12:06:41: Mean_waiting_time=32251272.20 +/- 7576158.19
2023-03-15 Wednesday 12:06:41: Mean_avg_speed=776.68 +/- 113.83
2023-03-15 Wednesday 12:06:41: Mean_avg_speed_2=14426.79 +/- 2116.45
2023-03-15 Wednesday 12:06:41: Mean_avg_speed_cross_check=24569.65 +/- 3185.03
2023-03-15 Wednesday 12:06:41: ****************************************
2023-03-15 Wednesday 12:06:41: Calculation 1 - Overall 
2023-03-15 Wednesday 12:06:41: ****************************************
2023-03-15 Wednesday 12:06:41: Inner X Outer Loops Mean Reward= 1.443 +/- 0.617
2023-03-15 Wednesday 12:06:41: Inner X Outer Loops Mean Stopped= 74.901 +/- 18.342
2023-03-15 Wednesday 12:06:41: Inner X Outer Loops Mean Stopped Cross Check= 74.926 +/- 18.339
2023-03-15 Wednesday 12:06:41: Inner X Outer Loops Mean Waiting Time= 3224.805 +/- 2777.838
2023-03-15 Wednesday 12:06:41: Inner X Outer Loops Mean Avg Speed= 0.078 +/- 0.033
2023-03-15 Wednesday 12:06:41: Inner X Outer Loops Mean Avg Speed 2= 1.443 +/- 0.617
2023-03-15 Wednesday 12:06:41: Inner X Outer Loops Mean Avg Speed Cross Check= 2.457 +/- 0.729
2023-03-15 Wednesday 12:06:41: ****************************************
2023-03-15 Wednesday 12:06:41: Calculation 2 - Per Episode
2023-03-15 Wednesday 12:06:41: ****************************************
2023-03-15 Wednesday 12:06:41: Episode:0 Mean Reward= 1.121 +/- 0.505
2023-03-15 Wednesday 12:06:41: Episode:1 Mean Reward= 1.341 +/- 0.566
2023-03-15 Wednesday 12:06:41: Episode:2 Mean Reward= 1.418 +/- 0.566
2023-03-15 Wednesday 12:06:41: Episode:3 Mean Reward= 1.596 +/- 0.646
2023-03-15 Wednesday 12:06:41: Episode:4 Mean Reward= 1.736 +/- 0.607
2023-03-15 Wednesday 12:06:41: 1-Total Mean Reward= 1.443 +/- 0.212
2023-03-15 Wednesday 12:06:41: 2-Total Mean Reward= 1.443 +/- 0.578
2023-03-15 Wednesday 12:06:41: ****
2023-03-15 Wednesday 12:06:41: Episode:0 Mean Stopped= 96.005 +/- 14.523
2023-03-15 Wednesday 12:06:41: Episode:1 Mean Stopped= 78.556 +/- 13.559
2023-03-15 Wednesday 12:06:41: Episode:2 Mean Stopped= 74.664 +/- 12.588
2023-03-15 Wednesday 12:06:41: Episode:3 Mean Stopped= 65.998 +/- 13.530
2023-03-15 Wednesday 12:06:41: Episode:4 Mean Stopped= 59.283 +/- 12.803
2023-03-15 Wednesday 12:06:41: 1-Total Mean Stopped= 74.901 +/- 12.506
2023-03-15 Wednesday 12:06:41: 2-Total Mean Stopped= 74.901 +/- 13.400
2023-03-15 Wednesday 12:06:41: ****
2023-03-15 Wednesday 12:06:41: Episode:0 Mean Stopped Cross Check= 96.029 +/- 14.516
2023-03-15 Wednesday 12:06:41: Episode:1 Mean Stopped Cross Check= 78.583 +/- 13.557
2023-03-15 Wednesday 12:06:41: Episode:2 Mean Stopped Cross Check= 74.691 +/- 12.581
2023-03-15 Wednesday 12:06:41: Episode:3 Mean Stopped Cross Check= 66.022 +/- 13.525
2023-03-15 Wednesday 12:06:41: Episode:4 Mean Stopped Cross Check= 59.305 +/- 12.797
2023-03-15 Wednesday 12:06:41: 1-Total Mean Stopped Cross Check= 74.926 +/- 12.507
2023-03-15 Wednesday 12:06:41: 2-Total Mean Stopped Cross Check= 74.926 +/- 13.395
2023-03-15 Wednesday 12:06:41: ****
2023-03-15 Wednesday 12:06:41: Episode:0 Mean Waiting Time= 4625.895 +/- 4044.231
2023-03-15 Wednesday 12:06:41: Episode:1 Mean Waiting Time= 3083.063 +/- 2350.526
2023-03-15 Wednesday 12:06:41: Episode:2 Mean Waiting Time= 3233.994 +/- 2338.946
2023-03-15 Wednesday 12:06:41: Episode:3 Mean Waiting Time= 2792.419 +/- 2168.735
2023-03-15 Wednesday 12:06:41: Episode:4 Mean Waiting Time= 2388.653 +/- 1912.520
2023-03-15 Wednesday 12:06:41: 1-Total Mean Waiting Time= 3224.805 +/- 757.540
2023-03-15 Wednesday 12:06:41: 2-Total Mean Waiting Time= 3224.805 +/- 2562.992
2023-03-15 Wednesday 12:06:41: Episode:0 Mean Avg Speed= 0.060 +/- 0.027
2023-03-15 Wednesday 12:06:41: Episode:1 Mean Avg Speed= 0.072 +/- 0.030
2023-03-15 Wednesday 12:06:41: Episode:2 Mean Avg Speed= 0.076 +/- 0.030
2023-03-15 Wednesday 12:06:41: Episode:3 Mean Avg Speed= 0.086 +/- 0.035
2023-03-15 Wednesday 12:06:41: Episode:4 Mean Avg Speed= 0.093 +/- 0.033
2023-03-15 Wednesday 12:06:41: 1-Total Mean Avg Speed= 0.078 +/- 0.011
2023-03-15 Wednesday 12:06:41: 2-Total Mean Avg Speed= 0.078 +/- 0.031
2023-03-15 Wednesday 12:06:41: Episode:0 Mean Avg Speed 2= 1.121 +/- 0.505
2023-03-15 Wednesday 12:06:41: Episode:1 Mean Avg Speed 2= 1.341 +/- 0.566
2023-03-15 Wednesday 12:06:41: Episode:2 Mean Avg Speed 2= 1.418 +/- 0.566
2023-03-15 Wednesday 12:06:41: Episode:3 Mean Avg Speed 2= 1.596 +/- 0.646
2023-03-15 Wednesday 12:06:41: Episode:4 Mean Avg Speed 2= 1.736 +/- 0.607
2023-03-15 Wednesday 12:06:41: 1-Total Mean Avg Speed 2= 1.443 +/- 0.212
2023-03-15 Wednesday 12:06:41: 2-Total Mean Avg Speed 2= 1.443 +/- 0.578
2023-03-15 Wednesday 12:06:41: Episode:0 Mean Avg Speed Cross Check= 1.968 +/- 0.580
2023-03-15 Wednesday 12:06:41: Episode:1 Mean Avg Speed Cross Check= 2.309 +/- 0.646
2023-03-15 Wednesday 12:06:41: Episode:2 Mean Avg Speed Cross Check= 2.426 +/- 0.641
2023-03-15 Wednesday 12:06:41: Episode:3 Mean Avg Speed Cross Check= 2.685 +/- 0.722
2023-03-15 Wednesday 12:06:41: Episode:4 Mean Avg Speed Cross Check= 2.896 +/- 0.679
2023-03-15 Wednesday 12:06:41: 1-Total Mean Avg Speed Cross Check= 2.457 +/- 0.318
2023-03-15 Wednesday 12:06:41: 2-Total Mean Avg Speed Cross Check= 2.457 +/- 0.654
2023-03-15 Wednesday 12:06:41: ****************************************
