2023-03-14 Tuesday 05:27:34: Run: 5 for Training experiment: DoE-3 - first seed: 570 - alpha: 0.1 - gamma: 0.8 - epsilon: 0.3 - reward: diff-waiting-time
2023-03-14 Tuesday 05:36:28: Run: 1 - First Epsilon: 0.3 - Last Epsilon: 0.3
2023-03-14 Tuesday 05:42:01: Run: 2 - First Epsilon: 0.3 - Last Epsilon: 0.3
2023-03-14 Tuesday 05:47:36: Run: 3 - First Epsilon: 0.3 - Last Epsilon: 0.3
2023-03-14 Tuesday 05:53:11: Run: 4 - First Epsilon: 0.3 - Last Epsilon: 0.3
2023-03-14 Tuesday 05:58:29: Run: 5 - First Epsilon: 0.3 - Last Epsilon: 0.3
2023-03-14 Tuesday 05:58:29: Q-Table Total Distinct States: 1093
2023-03-14 Tuesday 05:58:29: Mean_reward=-2.47 +/- 1.14
2023-03-14 Tuesday 05:58:29: Mean_Stopped=122704.60 +/- 90560.77
2023-03-14 Tuesday 05:58:29: Mean_Stopped=122864.20 +/- 90572.95
2023-03-14 Tuesday 05:58:29: Mean_waiting_time=3246635.60 +/- 3438257.82
2023-03-14 Tuesday 05:58:29: Mean_avg_speed=3233.91 +/- 601.09
2023-03-14 Tuesday 05:58:29: Mean_avg_speed_2=60097.61 +/- 11180.78
2023-03-14 Tuesday 05:58:29: Mean_avg_speed_cross_check=72504.67 +/- 10674.47
2023-03-14 Tuesday 05:58:29: ****************************************
2023-03-14 Tuesday 05:58:29: Calculation 1 - Overall 
2023-03-14 Tuesday 05:58:29: ****************************************
2023-03-14 Tuesday 05:58:29: Inner X Outer Loops Mean Reward= -0.000 +/- 1.019
2023-03-14 Tuesday 05:58:29: Inner X Outer Loops Mean Stopped= 12.269 +/- 13.195
2023-03-14 Tuesday 05:58:29: Inner X Outer Loops Mean Stopped Cross Check= 12.285 +/- 13.197
2023-03-14 Tuesday 05:58:29: Inner X Outer Loops Mean Waiting Time= 324.631 +/- 654.671
2023-03-14 Tuesday 05:58:29: Inner X Outer Loops Mean Avg Speed= 0.323 +/- 0.095
2023-03-14 Tuesday 05:58:29: Inner X Outer Loops Mean Avg Speed 2= 6.009 +/- 1.751
2023-03-14 Tuesday 05:58:29: Inner X Outer Loops Mean Avg Speed Cross Check= 7.250 +/- 1.577
2023-03-14 Tuesday 05:58:29: ****************************************
2023-03-14 Tuesday 05:58:29: Calculation 2 - Per Episode
2023-03-14 Tuesday 05:58:29: ****************************************
2023-03-14 Tuesday 05:58:29: Episode:0 Mean Reward= -0.000 +/- 1.740
2023-03-14 Tuesday 05:58:29: Episode:1 Mean Reward= -0.000 +/- 0.733
2023-03-14 Tuesday 05:58:29: Episode:2 Mean Reward= -0.000 +/- 0.732
2023-03-14 Tuesday 05:58:29: Episode:3 Mean Reward= -0.000 +/- 0.735
2023-03-14 Tuesday 05:58:29: Episode:4 Mean Reward= -0.000 +/- 0.741
2023-03-14 Tuesday 05:58:29: 1-Total Mean Reward= -0.000 +/- 0.000
2023-03-14 Tuesday 05:58:29: 2-Total Mean Reward= -0.000 +/- 0.936
2023-03-14 Tuesday 05:58:29: ****
2023-03-14 Tuesday 05:58:29: Episode:0 Mean Stopped= 30.377 +/- 20.865
2023-03-14 Tuesday 05:58:29: Episode:1 Mean Stopped= 7.498 +/- 2.365
2023-03-14 Tuesday 05:58:29: Episode:2 Mean Stopped= 7.818 +/- 2.488
2023-03-14 Tuesday 05:58:29: Episode:3 Mean Stopped= 7.714 +/- 2.534
2023-03-14 Tuesday 05:58:29: Episode:4 Mean Stopped= 7.939 +/- 2.637
2023-03-14 Tuesday 05:58:29: 1-Total Mean Stopped= 12.269 +/- 9.055
2023-03-14 Tuesday 05:58:29: 2-Total Mean Stopped= 12.269 +/- 6.178
2023-03-14 Tuesday 05:58:29: ****
2023-03-14 Tuesday 05:58:29: Episode:0 Mean Stopped Cross Check= 30.396 +/- 20.868
2023-03-14 Tuesday 05:58:29: Episode:1 Mean Stopped Cross Check= 7.515 +/- 2.367
2023-03-14 Tuesday 05:58:29: Episode:2 Mean Stopped Cross Check= 7.833 +/- 2.489
2023-03-14 Tuesday 05:58:29: Episode:3 Mean Stopped Cross Check= 7.728 +/- 2.536
2023-03-14 Tuesday 05:58:29: Episode:4 Mean Stopped Cross Check= 7.955 +/- 2.637
2023-03-14 Tuesday 05:58:29: 1-Total Mean Stopped Cross Check= 12.285 +/- 9.056
2023-03-14 Tuesday 05:58:29: 2-Total Mean Stopped Cross Check= 12.285 +/- 6.179
2023-03-14 Tuesday 05:58:29: ****
2023-03-14 Tuesday 05:58:29: Episode:0 Mean Waiting Time= 1012.206 +/- 1223.583
2023-03-14 Tuesday 05:58:29: Episode:1 Mean Waiting Time= 151.822 +/- 129.135
2023-03-14 Tuesday 05:58:29: Episode:2 Mean Waiting Time= 151.007 +/- 107.451
2023-03-14 Tuesday 05:58:29: Episode:3 Mean Waiting Time= 152.387 +/- 117.213
2023-03-14 Tuesday 05:58:29: Episode:4 Mean Waiting Time= 155.734 +/- 113.559
2023-03-14 Tuesday 05:58:29: 1-Total Mean Waiting Time= 324.631 +/- 343.791
2023-03-14 Tuesday 05:58:29: 2-Total Mean Waiting Time= 324.631 +/- 338.188
2023-03-14 Tuesday 05:58:29: Episode:0 Mean Avg Speed= 0.203 +/- 0.112
2023-03-14 Tuesday 05:58:29: Episode:1 Mean Avg Speed= 0.358 +/- 0.060
2023-03-14 Tuesday 05:58:29: Episode:2 Mean Avg Speed= 0.352 +/- 0.060
2023-03-14 Tuesday 05:58:29: Episode:3 Mean Avg Speed= 0.354 +/- 0.061
2023-03-14 Tuesday 05:58:29: Episode:4 Mean Avg Speed= 0.350 +/- 0.061
2023-03-14 Tuesday 05:58:29: 1-Total Mean Avg Speed= 0.323 +/- 0.060
2023-03-14 Tuesday 05:58:29: 2-Total Mean Avg Speed= 0.323 +/- 0.071
2023-03-14 Tuesday 05:58:29: Episode:0 Mean Avg Speed 2= 3.775 +/- 2.068
2023-03-14 Tuesday 05:58:29: Episode:1 Mean Avg Speed 2= 6.650 +/- 1.080
2023-03-14 Tuesday 05:58:29: Episode:2 Mean Avg Speed 2= 6.534 +/- 1.085
2023-03-14 Tuesday 05:58:29: Episode:3 Mean Avg Speed 2= 6.582 +/- 1.103
2023-03-14 Tuesday 05:58:29: Episode:4 Mean Avg Speed 2= 6.505 +/- 1.112
2023-03-14 Tuesday 05:58:29: 1-Total Mean Avg Speed 2= 6.009 +/- 1.118
2023-03-14 Tuesday 05:58:29: 2-Total Mean Avg Speed 2= 6.009 +/- 1.290
2023-03-14 Tuesday 05:58:29: Episode:0 Mean Avg Speed Cross Check= 5.116 +/- 2.053
2023-03-14 Tuesday 05:58:29: Episode:1 Mean Avg Speed Cross Check= 7.841 +/- 0.774
2023-03-14 Tuesday 05:58:29: Episode:2 Mean Avg Speed Cross Check= 7.758 +/- 0.794
2023-03-14 Tuesday 05:58:29: Episode:3 Mean Avg Speed Cross Check= 7.794 +/- 0.802
2023-03-14 Tuesday 05:58:29: Episode:4 Mean Avg Speed Cross Check= 7.739 +/- 0.810
2023-03-14 Tuesday 05:58:29: 1-Total Mean Avg Speed Cross Check= 7.250 +/- 1.067
2023-03-14 Tuesday 05:58:29: 2-Total Mean Avg Speed Cross Check= 7.250 +/- 1.047
2023-03-14 Tuesday 05:58:29: ****************************************
