2023-04-11 Tuesday 01:18:08: Run: 3 for Training experiment: DE-1 - route: ../nets/roundabout/input_routes_roundabout_auto_v1-1.rou.xml - first seed: 370 - alpha: 0.5 - gamma: 0.99 - epsilon: 0.2 - reward: diff-waiting-time
2023-04-11 Tuesday 01:30:09: Run: 1 - First Epsilon: 0.2 - Last Epsilon: 0.2
2023-04-11 Tuesday 01:42:26: Run: 2 - First Epsilon: 0.2 - Last Epsilon: 0.2
2023-04-11 Tuesday 01:52:04: Run: 3 - First Epsilon: 0.2 - Last Epsilon: 0.2
2023-04-11 Tuesday 02:01:38: Run: 4 - First Epsilon: 0.2 - Last Epsilon: 0.2
2023-04-11 Tuesday 02:11:05: Run: 5 - First Epsilon: 0.2 - Last Epsilon: 0.2
2023-04-11 Tuesday 02:11:05: Q-Table Total Distinct States: 314
2023-04-11 Tuesday 02:11:05: Mean_reward=-3.72 +/- 2.82
2023-04-11 Tuesday 02:11:05: Mean_Stopped=77939.60 +/- 3329.23
2023-04-11 Tuesday 02:11:05: Mean_Stopped=78093.00 +/- 3346.11
2023-04-11 Tuesday 02:11:05: Mean_waiting_time=1993926.60 +/- 176366.03
2023-04-11 Tuesday 02:11:05: Mean_avg_speed=3537.90 +/- 64.45
2023-04-11 Tuesday 02:11:05: Mean_avg_speed_2=65736.10 +/- 1129.92
2023-04-11 Tuesday 02:11:05: Mean_avg_speed_cross_check=77879.83 +/- 823.79
2023-04-11 Tuesday 02:11:05: ****************************************
2023-04-11 Tuesday 02:11:05: Calculation 1 - Overall 
2023-04-11 Tuesday 02:11:05: ****************************************
2023-04-11 Tuesday 02:11:05: Inner X Outer Loops Mean Reward= -0.000 +/- 0.856
2023-04-11 Tuesday 02:11:05: Inner X Outer Loops Mean Stopped= 7.793 +/- 2.704
2023-04-11 Tuesday 02:11:05: Inner X Outer Loops Mean Stopped Cross Check= 7.809 +/- 2.706
2023-04-11 Tuesday 02:11:05: Inner X Outer Loops Mean Waiting Time= 199.373 +/- 199.596
2023-04-11 Tuesday 02:11:05: Inner X Outer Loops Mean Avg Speed= 0.354 +/- 0.062
2023-04-11 Tuesday 02:11:05: Inner X Outer Loops Mean Avg Speed 2= 6.573 +/- 1.124
2023-04-11 Tuesday 02:11:06: Inner X Outer Loops Mean Avg Speed Cross Check= 7.787 +/- 0.816
2023-04-11 Tuesday 02:11:06: ****************************************
2023-04-11 Tuesday 02:11:06: Calculation 2 - Per Episode
2023-04-11 Tuesday 02:11:06: ****************************************
2023-04-11 Tuesday 02:11:06: Episode:0 Mean Reward= -0.000 +/- 0.904
2023-04-11 Tuesday 02:11:06: Episode:1 Mean Reward= -0.001 +/- 0.875
2023-04-11 Tuesday 02:11:06: Episode:2 Mean Reward= -0.001 +/- 0.877
2023-04-11 Tuesday 02:11:06: Episode:3 Mean Reward= -0.000 +/- 0.827
2023-04-11 Tuesday 02:11:06: Episode:4 Mean Reward= -0.000 +/- 0.789
2023-04-11 Tuesday 02:11:06: 1-Total Mean Reward= -0.000 +/- 0.000
2023-04-11 Tuesday 02:11:06: 2-Total Mean Reward= -0.000 +/- 0.855
2023-04-11 Tuesday 02:11:06: ****
2023-04-11 Tuesday 02:11:06: Episode:0 Mean Stopped= 8.275 +/- 3.275
2023-04-11 Tuesday 02:11:06: Episode:1 Mean Stopped= 7.916 +/- 2.563
2023-04-11 Tuesday 02:11:06: Episode:2 Mean Stopped= 7.849 +/- 2.624
2023-04-11 Tuesday 02:11:06: Episode:3 Mean Stopped= 7.670 +/- 2.594
2023-04-11 Tuesday 02:11:06: Episode:4 Mean Stopped= 7.256 +/- 2.259
2023-04-11 Tuesday 02:11:06: 1-Total Mean Stopped= 7.793 +/- 0.333
2023-04-11 Tuesday 02:11:06: 2-Total Mean Stopped= 7.793 +/- 2.663
2023-04-11 Tuesday 02:11:06: ****
2023-04-11 Tuesday 02:11:06: Episode:0 Mean Stopped Cross Check= 8.291 +/- 3.275
2023-04-11 Tuesday 02:11:06: Episode:1 Mean Stopped Cross Check= 7.934 +/- 2.567
2023-04-11 Tuesday 02:11:06: Episode:2 Mean Stopped Cross Check= 7.865 +/- 2.625
2023-04-11 Tuesday 02:11:06: Episode:3 Mean Stopped Cross Check= 7.685 +/- 2.596
2023-04-11 Tuesday 02:11:06: Episode:4 Mean Stopped Cross Check= 7.267 +/- 2.259
2023-04-11 Tuesday 02:11:06: 1-Total Mean Stopped Cross Check= 7.809 +/- 0.335
2023-04-11 Tuesday 02:11:06: 2-Total Mean Stopped Cross Check= 7.809 +/- 2.664
2023-04-11 Tuesday 02:11:06: ****
2023-04-11 Tuesday 02:11:06: Episode:0 Mean Waiting Time= 218.407 +/- 246.956
2023-04-11 Tuesday 02:11:06: Episode:1 Mean Waiting Time= 210.910 +/- 194.589
2023-04-11 Tuesday 02:11:06: Episode:2 Mean Waiting Time= 209.040 +/- 206.649
2023-04-11 Tuesday 02:11:06: Episode:3 Mean Waiting Time= 188.101 +/- 173.129
2023-04-11 Tuesday 02:11:06: Episode:4 Mean Waiting Time= 170.407 +/- 161.582
2023-04-11 Tuesday 02:11:06: 1-Total Mean Waiting Time= 199.373 +/- 17.635
2023-04-11 Tuesday 02:11:06: 2-Total Mean Waiting Time= 199.373 +/- 196.581
2023-04-11 Tuesday 02:11:06: Episode:0 Mean Avg Speed= 0.345 +/- 0.064
2023-04-11 Tuesday 02:11:06: Episode:1 Mean Avg Speed= 0.350 +/- 0.061
2023-04-11 Tuesday 02:11:06: Episode:2 Mean Avg Speed= 0.352 +/- 0.061
2023-04-11 Tuesday 02:11:06: Episode:3 Mean Avg Speed= 0.356 +/- 0.062
2023-04-11 Tuesday 02:11:06: Episode:4 Mean Avg Speed= 0.365 +/- 0.060
2023-04-11 Tuesday 02:11:06: 1-Total Mean Avg Speed= 0.354 +/- 0.006
2023-04-11 Tuesday 02:11:06: 2-Total Mean Avg Speed= 0.354 +/- 0.061
2023-04-11 Tuesday 02:11:06: Episode:0 Mean Avg Speed 2= 6.428 +/- 1.153
2023-04-11 Tuesday 02:11:06: Episode:1 Mean Avg Speed 2= 6.510 +/- 1.118
2023-04-11 Tuesday 02:11:06: Episode:2 Mean Avg Speed 2= 6.549 +/- 1.117
2023-04-11 Tuesday 02:11:06: Episode:3 Mean Avg Speed 2= 6.614 +/- 1.127
2023-04-11 Tuesday 02:11:06: Episode:4 Mean Avg Speed 2= 6.764 +/- 1.075
2023-04-11 Tuesday 02:11:06: 1-Total Mean Avg Speed 2= 6.573 +/- 0.113
2023-04-11 Tuesday 02:11:06: 2-Total Mean Avg Speed 2= 6.573 +/- 1.118
2023-04-11 Tuesday 02:11:06: Episode:0 Mean Avg Speed Cross Check= 7.682 +/- 0.860
2023-04-11 Tuesday 02:11:06: Episode:1 Mean Avg Speed Cross Check= 7.740 +/- 0.813
2023-04-11 Tuesday 02:11:06: Episode:2 Mean Avg Speed Cross Check= 7.771 +/- 0.806
2023-04-11 Tuesday 02:11:06: Episode:3 Mean Avg Speed Cross Check= 7.816 +/- 0.810
2023-04-11 Tuesday 02:11:06: Episode:4 Mean Avg Speed Cross Check= 7.927 +/- 0.765
2023-04-11 Tuesday 02:11:06: 1-Total Mean Avg Speed Cross Check= 7.787 +/- 0.082
2023-04-11 Tuesday 02:11:06: 2-Total Mean Avg Speed Cross Check= 7.787 +/- 0.811
2023-04-11 Tuesday 02:11:06: ****************************************
