2023-04-11 Tuesday 02:20:14 root:INFO:Run: 3 for Baseline experiment: DE-1 - route: ../nets/roundabout/input_routes_roundabout_auto_v1-1.rou.xml - first seed: 380 - alpha: 0.5 - gamma: 0.99 - epsilon: 0.2 - reward: diff-waiting-time
2023-04-11 Tuesday 03:04:24 root:INFO:Total Missing States: 0
2023-04-11 Tuesday 03:04:24 root:INFO:Mean Reward=-1440603.00 +/- 0.00
2023-04-11 Tuesday 03:04:24 root:INFO:Mean Stopped=1440603.00 +/- 0.00
2023-04-11 Tuesday 03:04:24 root:INFO:Mean_Stopped=1440607.00 +/- 0.00
2023-04-11 Tuesday 03:04:24 root:INFO:Mean Waiting Time=32412348.00 +/- 0.00
2023-04-11 Tuesday 03:04:24 root:INFO:Mean_avg_speed=381.36 +/- 0.00
2023-04-11 Tuesday 03:04:24 root:INFO:Mean_avg_speed_2=7095.19 +/- 0.00
2023-04-11 Tuesday 03:04:24 root:INFO:Mean_avg_speed_cross_check=12652.83 +/- 0.00
2023-04-11 Tuesday 03:04:24 root:INFO:****************************************
2023-04-11 Tuesday 03:04:24 root:INFO:Calculation 1 - Overall 
2023-04-11 Tuesday 03:04:24 root:INFO:****************************************
2023-04-11 Tuesday 03:04:24 root:INFO:Inner X Outer Loops Mean Reward=-144.046 +/- 24.799
2023-04-11 Tuesday 03:04:24 root:INFO:Inner X Outer Loops Mean Stopped= 144.046 +/- 24.799
2023-04-11 Tuesday 03:04:24 root:INFO:Inner X Outer Loops Mean Stopped Cross Check= 144.046 +/- 24.799
2023-04-11 Tuesday 03:04:24 root:INFO:Inner X Outer Loops Mean Waiting Time= 3240.911 +/- 586.631
2023-04-11 Tuesday 03:04:24 root:INFO:Inner X Outer Loops Mean Avg Speed= 0.038 +/- 0.033
2023-04-11 Tuesday 03:04:24 root:INFO:Inner X Outer Loops Mean Avg Speed 2= 0.709 +/- 0.628
2023-04-11 Tuesday 03:04:24 root:INFO:Inner X Outer Loops Mean Avg Speed Cross Check= 1.265 +/- 0.718
2023-04-11 Tuesday 03:04:24 root:INFO:****************************************
2023-04-11 Tuesday 03:04:24 root:INFO:Calculation 2 - Per Episode
2023-04-11 Tuesday 03:04:24 root:INFO:****************************************
2023-04-11 Tuesday 03:04:24 root:INFO:Episode:0 Mean Waiting Time=-144.046 +/- 24.799
2023-04-11 Tuesday 03:04:24 root:INFO:1-Total Mean Reward= -144.046 +/- 0.000
2023-04-11 Tuesday 03:04:24 root:INFO:2-Total Mean Reward= -144.046 +/- 24.799
2023-04-11 Tuesday 03:04:24 root:INFO:****
2023-04-11 Tuesday 03:04:24 root:INFO:Episode:0 Mean Stopped= 144.046 +/- 24.799
2023-04-11 Tuesday 03:04:24 root:INFO:1-Total Mean Stopped= 144.046 +/- 0.000
2023-04-11 Tuesday 03:04:24 root:INFO:2-Total Mean Stopped= 144.046 +/- 24.799
2023-04-11 Tuesday 03:04:24 root:INFO:****
2023-04-11 Tuesday 03:04:24 root:INFO:Episode:0 Mean Stopped Cross Check= 144.046 +/- 24.799
2023-04-11 Tuesday 03:04:24 root:INFO:1-Total Mean Stopped Cross Check= 144.046 +/- 0.000
2023-04-11 Tuesday 03:04:24 root:INFO:2-Total Mean Stopped Cross Check= 144.046 +/- 24.799
2023-04-11 Tuesday 03:04:24 root:INFO:****
2023-04-11 Tuesday 03:04:24 root:INFO:Episode:0 Mean Waiting Time= 3240.911 +/- 586.631
2023-04-11 Tuesday 03:04:24 root:INFO:1-Total Mean Waiting Time= 3240.911 +/- 0.000
2023-04-11 Tuesday 03:04:24 root:INFO:2-Total Mean Waiting Time= 3240.911 +/- 586.631
2023-04-11 Tuesday 03:04:24 root:INFO:Episode:0 Mean Avg Speed= 0.038 +/- 0.033
2023-04-11 Tuesday 03:04:24 root:INFO:1-Total Mean Avg Speed= 0.038 +/- 0.000
2023-04-11 Tuesday 03:04:24 root:INFO:2-Total Mean Avg Speed= 0.038 +/- 0.033
2023-04-11 Tuesday 03:04:24 root:INFO:Episode:0 Mean Avg Speed 2= 0.709 +/- 0.628
2023-04-11 Tuesday 03:04:24 root:INFO:1-Total Mean Avg Speed 2= 0.709 +/- 0.000
2023-04-11 Tuesday 03:04:24 root:INFO:2-Total Mean Avg Speed 2= 0.709 +/- 0.628
2023-04-11 Tuesday 03:04:24 root:INFO:Episode:0 Mean Avg Speed Cross Check= 1.265 +/- 0.718
2023-04-11 Tuesday 03:04:24 root:INFO:1-Total Mean Avg Speed Cross Check= 1.265 +/- 0.000
2023-04-11 Tuesday 03:04:24 root:INFO:2-Total Mean Avg Speed Cross Check= 1.265 +/- 0.718
2023-04-11 Tuesday 03:04:24 root:INFO:****************************************
