2023-03-16 Thursday 20:34:31: Run: 5 for Training experiment: DoE-37 - first seed: 570 - alpha: 0.5 - gamma: 0.8 - epsilon: 0.2 - reward: diff-waiting-time
2023-03-16 Thursday 20:40:01: Run: 1 - First Epsilon: 0.2 - Last Epsilon: 0.2
2023-03-16 Thursday 20:45:12: Run: 2 - First Epsilon: 0.2 - Last Epsilon: 0.2
2023-03-16 Thursday 20:50:23: Run: 3 - First Epsilon: 0.2 - Last Epsilon: 0.2
2023-03-16 Thursday 20:55:35: Run: 4 - First Epsilon: 0.2 - Last Epsilon: 0.2
2023-03-16 Thursday 21:00:55: Run: 5 - First Epsilon: 0.2 - Last Epsilon: 0.2
2023-03-16 Thursday 21:00:55: Q-Table Total Distinct States: 238
2023-03-16 Thursday 21:00:55: Mean_reward=-2.93 +/- 2.64
2023-03-16 Thursday 21:00:55: Mean_Stopped=72028.40 +/- 2592.75
2023-03-16 Thursday 21:00:55: Mean_Stopped=72165.40 +/- 2607.80
2023-03-16 Thursday 21:00:55: Mean_waiting_time=1518348.40 +/- 96017.74
2023-03-16 Thursday 21:00:55: Mean_avg_speed=3647.76 +/- 59.29
2023-03-16 Thursday 21:00:55: Mean_avg_speed_2=67789.64 +/- 1078.59
2023-03-16 Thursday 21:00:55: Mean_avg_speed_cross_check=79382.18 +/- 746.99
2023-03-16 Thursday 21:00:55: ****************************************
2023-03-16 Thursday 21:00:55: Calculation 1 - Overall 
2023-03-16 Thursday 21:00:55: ****************************************
2023-03-16 Thursday 21:00:55: Inner X Outer Loops Mean Reward= -0.000 +/- 0.737
2023-03-16 Thursday 21:00:55: Inner X Outer Loops Mean Stopped= 7.202 +/- 2.329
2023-03-16 Thursday 21:00:55: Inner X Outer Loops Mean Stopped Cross Check= 7.216 +/- 2.330
2023-03-16 Thursday 21:00:55: Inner X Outer Loops Mean Waiting Time= 151.820 +/- 148.161
2023-03-16 Thursday 21:00:55: Inner X Outer Loops Mean Avg Speed= 0.365 +/- 0.060
2023-03-16 Thursday 21:00:55: Inner X Outer Loops Mean Avg Speed 2= 6.778 +/- 1.092
2023-03-16 Thursday 21:00:55: Inner X Outer Loops Mean Avg Speed Cross Check= 7.937 +/- 0.773
2023-03-16 Thursday 21:00:55: ****************************************
2023-03-16 Thursday 21:00:55: Calculation 2 - Per Episode
2023-03-16 Thursday 21:00:55: ****************************************
2023-03-16 Thursday 21:00:55: Episode:0 Mean Reward= -0.000 +/- 0.756
2023-03-16 Thursday 21:00:55: Episode:1 Mean Reward= -0.001 +/- 0.727
2023-03-16 Thursday 21:00:55: Episode:2 Mean Reward= -0.000 +/- 0.709
2023-03-16 Thursday 21:00:55: Episode:3 Mean Reward= -0.000 +/- 0.715
2023-03-16 Thursday 21:00:55: Episode:4 Mean Reward= -0.000 +/- 0.774
2023-03-16 Thursday 21:00:55: 1-Total Mean Reward= -0.000 +/- 0.000
2023-03-16 Thursday 21:00:55: 2-Total Mean Reward= -0.000 +/- 0.736
2023-03-16 Thursday 21:00:55: ****
2023-03-16 Thursday 21:00:55: Episode:0 Mean Stopped= 7.249 +/- 2.582
2023-03-16 Thursday 21:00:55: Episode:1 Mean Stopped= 7.061 +/- 2.223
2023-03-16 Thursday 21:00:55: Episode:2 Mean Stopped= 7.010 +/- 2.240
2023-03-16 Thursday 21:00:55: Episode:3 Mean Stopped= 7.001 +/- 2.187
2023-03-16 Thursday 21:00:55: Episode:4 Mean Stopped= 7.689 +/- 2.319
2023-03-16 Thursday 21:00:55: 1-Total Mean Stopped= 7.202 +/- 0.259
2023-03-16 Thursday 21:00:55: 2-Total Mean Stopped= 7.202 +/- 2.310
2023-03-16 Thursday 21:00:55: ****
2023-03-16 Thursday 21:00:55: Episode:0 Mean Stopped Cross Check= 7.262 +/- 2.582
2023-03-16 Thursday 21:00:55: Episode:1 Mean Stopped Cross Check= 7.075 +/- 2.224
2023-03-16 Thursday 21:00:55: Episode:2 Mean Stopped Cross Check= 7.023 +/- 2.240
2023-03-16 Thursday 21:00:55: Episode:3 Mean Stopped Cross Check= 7.013 +/- 2.188
2023-03-16 Thursday 21:00:55: Episode:4 Mean Stopped Cross Check= 7.705 +/- 2.320
2023-03-16 Thursday 21:00:55: 1-Total Mean Stopped Cross Check= 7.216 +/- 0.261
2023-03-16 Thursday 21:00:55: 2-Total Mean Stopped Cross Check= 7.216 +/- 2.311
2023-03-16 Thursday 21:00:55: ****
2023-03-16 Thursday 21:00:55: Episode:0 Mean Waiting Time= 157.396 +/- 186.247
2023-03-16 Thursday 21:00:55: Episode:1 Mean Waiting Time= 149.488 +/- 141.315
2023-03-16 Thursday 21:00:55: Episode:2 Mean Waiting Time= 141.223 +/- 124.044
2023-03-16 Thursday 21:00:55: Episode:3 Mean Waiting Time= 143.557 +/- 129.301
2023-03-16 Thursday 21:00:55: Episode:4 Mean Waiting Time= 167.433 +/- 150.114
2023-03-16 Thursday 21:00:55: 1-Total Mean Waiting Time= 151.820 +/- 9.601
2023-03-16 Thursday 21:00:55: 2-Total Mean Waiting Time= 151.820 +/- 146.204
2023-03-16 Thursday 21:00:55: Episode:0 Mean Avg Speed= 0.365 +/- 0.062
2023-03-16 Thursday 21:00:55: Episode:1 Mean Avg Speed= 0.367 +/- 0.060
2023-03-16 Thursday 21:00:55: Episode:2 Mean Avg Speed= 0.369 +/- 0.059
2023-03-16 Thursday 21:00:55: Episode:3 Mean Avg Speed= 0.369 +/- 0.060
2023-03-16 Thursday 21:00:55: Episode:4 Mean Avg Speed= 0.353 +/- 0.058
2023-03-16 Thursday 21:00:55: 1-Total Mean Avg Speed= 0.365 +/- 0.006
2023-03-16 Thursday 21:00:55: 2-Total Mean Avg Speed= 0.365 +/- 0.060
2023-03-16 Thursday 21:00:55: Episode:0 Mean Avg Speed 2= 6.783 +/- 1.118
2023-03-16 Thursday 21:00:55: Episode:1 Mean Avg Speed 2= 6.828 +/- 1.092
2023-03-16 Thursday 21:00:55: Episode:2 Mean Avg Speed 2= 6.855 +/- 1.082
2023-03-16 Thursday 21:00:55: Episode:3 Mean Avg Speed 2= 6.856 +/- 1.087
2023-03-16 Thursday 21:00:55: Episode:4 Mean Avg Speed 2= 6.569 +/- 1.056
2023-03-16 Thursday 21:00:55: 1-Total Mean Avg Speed 2= 6.778 +/- 0.108
2023-03-16 Thursday 21:00:55: 2-Total Mean Avg Speed 2= 6.778 +/- 1.087
2023-03-16 Thursday 21:00:55: Episode:0 Mean Avg Speed Cross Check= 7.934 +/- 0.798
2023-03-16 Thursday 21:00:55: Episode:1 Mean Avg Speed Cross Check= 7.969 +/- 0.766
2023-03-16 Thursday 21:00:55: Episode:2 Mean Avg Speed Cross Check= 7.993 +/- 0.764
2023-03-16 Thursday 21:00:55: Episode:3 Mean Avg Speed Cross Check= 7.996 +/- 0.760
2023-03-16 Thursday 21:00:55: Episode:4 Mean Avg Speed Cross Check= 7.795 +/- 0.761
2023-03-16 Thursday 21:00:55: 1-Total Mean Avg Speed Cross Check= 7.937 +/- 0.075
2023-03-16 Thursday 21:00:55: 2-Total Mean Avg Speed Cross Check= 7.937 +/- 0.770
2023-03-16 Thursday 21:00:55: ****************************************
