2023-03-17 Friday 13:02:08: Run: 5 for Training experiment: DoE-53 - first seed: 570 - alpha: 0.5 - gamma: 0.99 - epsilon: 0.4 - reward: diff-waiting-time
2023-03-17 Friday 13:08:03: Run: 1 - First Epsilon: 0.4 - Last Epsilon: 0.4
2023-03-17 Friday 13:13:50: Run: 2 - First Epsilon: 0.4 - Last Epsilon: 0.4
2023-03-17 Friday 13:19:20: Run: 3 - First Epsilon: 0.4 - Last Epsilon: 0.4
2023-03-17 Friday 13:24:42: Run: 4 - First Epsilon: 0.4 - Last Epsilon: 0.4
2023-03-17 Friday 13:30:18: Run: 5 - First Epsilon: 0.4 - Last Epsilon: 0.4
2023-03-17 Friday 13:30:18: Q-Table Total Distinct States: 436
2023-03-17 Friday 13:30:18: Mean_reward=-0.84 +/- 0.82
2023-03-17 Friday 13:30:18: Mean_Stopped=89534.20 +/- 5365.11
2023-03-17 Friday 13:30:18: Mean_Stopped=89701.80 +/- 5380.82
2023-03-17 Friday 13:30:18: Mean_waiting_time=2383356.80 +/- 168583.31
2023-03-17 Friday 13:30:18: Mean_avg_speed=3350.03 +/- 89.55
2023-03-17 Friday 13:30:18: Mean_avg_speed_2=62228.17 +/- 1637.76
2023-03-17 Friday 13:30:18: Mean_avg_speed_cross_check=75151.46 +/- 1255.41
2023-03-17 Friday 13:30:18: ****************************************
2023-03-17 Friday 13:30:18: Calculation 1 - Overall 
2023-03-17 Friday 13:30:18: ****************************************
2023-03-17 Friday 13:30:18: Inner X Outer Loops Mean Reward= -0.000 +/- 0.941
2023-03-17 Friday 13:30:18: Inner X Outer Loops Mean Stopped= 8.953 +/- 3.485
2023-03-17 Friday 13:30:18: Inner X Outer Loops Mean Stopped Cross Check= 8.969 +/- 3.486
2023-03-17 Friday 13:30:18: Inner X Outer Loops Mean Waiting Time= 238.312 +/- 221.233
2023-03-17 Friday 13:30:18: Inner X Outer Loops Mean Avg Speed= 0.335 +/- 0.065
2023-03-17 Friday 13:30:18: Inner X Outer Loops Mean Avg Speed 2= 6.222 +/- 1.184
2023-03-17 Friday 13:30:18: Inner X Outer Loops Mean Avg Speed Cross Check= 7.514 +/- 0.908
2023-03-17 Friday 13:30:18: ****************************************
2023-03-17 Friday 13:30:18: Calculation 2 - Per Episode
2023-03-17 Friday 13:30:18: ****************************************
2023-03-17 Friday 13:30:18: Episode:0 Mean Reward= -0.000 +/- 0.966
2023-03-17 Friday 13:30:18: Episode:1 Mean Reward= -0.000 +/- 0.920
2023-03-17 Friday 13:30:18: Episode:2 Mean Reward= -0.000 +/- 0.948
2023-03-17 Friday 13:30:18: Episode:3 Mean Reward= -0.000 +/- 0.894
2023-03-17 Friday 13:30:18: Episode:4 Mean Reward= -0.000 +/- 0.977
2023-03-17 Friday 13:30:18: 1-Total Mean Reward= -0.000 +/- 0.000
2023-03-17 Friday 13:30:18: 2-Total Mean Reward= -0.000 +/- 0.941
2023-03-17 Friday 13:30:18: ****
2023-03-17 Friday 13:30:18: Episode:0 Mean Stopped= 9.207 +/- 3.810
2023-03-17 Friday 13:30:18: Episode:1 Mean Stopped= 8.437 +/- 3.020
2023-03-17 Friday 13:30:18: Episode:2 Mean Stopped= 9.111 +/- 3.741
2023-03-17 Friday 13:30:18: Episode:3 Mean Stopped= 8.270 +/- 2.865
2023-03-17 Friday 13:30:18: Episode:4 Mean Stopped= 9.738 +/- 3.669
2023-03-17 Friday 13:30:18: 1-Total Mean Stopped= 8.953 +/- 0.536
2023-03-17 Friday 13:30:18: 2-Total Mean Stopped= 8.953 +/- 3.421
2023-03-17 Friday 13:30:18: ****
2023-03-17 Friday 13:30:18: Episode:0 Mean Stopped Cross Check= 9.225 +/- 3.809
2023-03-17 Friday 13:30:18: Episode:1 Mean Stopped Cross Check= 8.453 +/- 3.020
2023-03-17 Friday 13:30:18: Episode:2 Mean Stopped Cross Check= 9.125 +/- 3.740
2023-03-17 Friday 13:30:18: Episode:3 Mean Stopped Cross Check= 8.285 +/- 2.865
2023-03-17 Friday 13:30:18: Episode:4 Mean Stopped Cross Check= 9.758 +/- 3.673
2023-03-17 Friday 13:30:18: 1-Total Mean Stopped Cross Check= 8.969 +/- 0.538
2023-03-17 Friday 13:30:18: 2-Total Mean Stopped Cross Check= 8.969 +/- 3.421
2023-03-17 Friday 13:30:18: ****
2023-03-17 Friday 13:30:18: Episode:0 Mean Waiting Time= 250.265 +/- 240.710
2023-03-17 Friday 13:30:18: Episode:1 Mean Waiting Time= 225.843 +/- 201.992
2023-03-17 Friday 13:30:18: Episode:2 Mean Waiting Time= 242.766 +/- 229.274
2023-03-17 Friday 13:30:18: Episode:3 Mean Waiting Time= 212.946 +/- 202.497
2023-03-17 Friday 13:30:18: Episode:4 Mean Waiting Time= 259.739 +/- 225.802
2023-03-17 Friday 13:30:18: 1-Total Mean Waiting Time= 238.312 +/- 16.857
2023-03-17 Friday 13:30:18: 2-Total Mean Waiting Time= 238.312 +/- 220.055
2023-03-17 Friday 13:30:18: Episode:0 Mean Avg Speed= 0.332 +/- 0.066
2023-03-17 Friday 13:30:18: Episode:1 Mean Avg Speed= 0.343 +/- 0.062
2023-03-17 Friday 13:30:18: Episode:2 Mean Avg Speed= 0.334 +/- 0.067
2023-03-17 Friday 13:30:18: Episode:3 Mean Avg Speed= 0.346 +/- 0.063
2023-03-17 Friday 13:30:18: Episode:4 Mean Avg Speed= 0.321 +/- 0.065
2023-03-17 Friday 13:30:18: 1-Total Mean Avg Speed= 0.335 +/- 0.009
2023-03-17 Friday 13:30:18: 2-Total Mean Avg Speed= 0.335 +/- 0.065
2023-03-17 Friday 13:30:18: Episode:0 Mean Avg Speed 2= 6.160 +/- 1.196
2023-03-17 Friday 13:30:18: Episode:1 Mean Avg Speed 2= 6.373 +/- 1.131
2023-03-17 Friday 13:30:18: Episode:2 Mean Avg Speed 2= 6.197 +/- 1.219
2023-03-17 Friday 13:30:18: Episode:3 Mean Avg Speed 2= 6.420 +/- 1.133
2023-03-17 Friday 13:30:18: Episode:4 Mean Avg Speed 2= 5.962 +/- 1.184
2023-03-17 Friday 13:30:18: 1-Total Mean Avg Speed 2= 6.222 +/- 0.164
2023-03-17 Friday 13:30:18: 2-Total Mean Avg Speed 2= 6.222 +/- 1.173
2023-03-17 Friday 13:30:18: Episode:0 Mean Avg Speed Cross Check= 7.463 +/- 0.933
2023-03-17 Friday 13:30:18: Episode:1 Mean Avg Speed Cross Check= 7.633 +/- 0.848
2023-03-17 Friday 13:30:18: Episode:2 Mean Avg Speed Cross Check= 7.494 +/- 0.952
2023-03-17 Friday 13:30:18: Episode:3 Mean Avg Speed Cross Check= 7.665 +/- 0.837
2023-03-17 Friday 13:30:18: Episode:4 Mean Avg Speed Cross Check= 7.317 +/- 0.922
2023-03-17 Friday 13:30:18: 1-Total Mean Avg Speed Cross Check= 7.514 +/- 0.126
2023-03-17 Friday 13:30:18: 2-Total Mean Avg Speed Cross Check= 7.514 +/- 0.898
2023-03-17 Friday 13:30:18: ****************************************
