2023-03-14 Tuesday 12:41:44: Run: 5 for Training experiment: DoE-7 - first seed: 570 - alpha: 0.1 - gamma: 0.9 - epsilon: 0.2 - reward: diff-waiting-time
2023-03-14 Tuesday 12:47:34: Run: 1 - First Epsilon: 0.2 - Last Epsilon: 0.2
2023-03-14 Tuesday 12:53:06: Run: 2 - First Epsilon: 0.2 - Last Epsilon: 0.2
2023-03-14 Tuesday 12:58:42: Run: 3 - First Epsilon: 0.2 - Last Epsilon: 0.2
2023-03-14 Tuesday 13:04:19: Run: 4 - First Epsilon: 0.2 - Last Epsilon: 0.2
2023-03-14 Tuesday 13:10:00: Run: 5 - First Epsilon: 0.2 - Last Epsilon: 0.2
2023-03-14 Tuesday 13:10:01: Q-Table Total Distinct States: 307
2023-03-14 Tuesday 13:10:01: Mean_reward=-1.36 +/- 1.36
2023-03-14 Tuesday 13:10:01: Mean_Stopped=79381.80 +/- 5835.44
2023-03-14 Tuesday 13:10:01: Mean_Stopped=79556.20 +/- 5840.58
2023-03-14 Tuesday 13:10:01: Mean_waiting_time=1595300.80 +/- 183616.96
2023-03-14 Tuesday 13:10:01: Mean_avg_speed=3498.17 +/- 84.15
2023-03-14 Tuesday 13:10:01: Mean_avg_speed_2=65031.38 +/- 1582.46
2023-03-14 Tuesday 13:10:01: Mean_avg_speed_cross_check=77306.75 +/- 1269.34
2023-03-14 Tuesday 13:10:01: ****************************************
2023-03-14 Tuesday 13:10:01: Calculation 1 - Overall 
2023-03-14 Tuesday 13:10:01: ****************************************
2023-03-14 Tuesday 13:10:01: Inner X Outer Loops Mean Reward= -0.000 +/- 0.742
2023-03-14 Tuesday 13:10:01: Inner X Outer Loops Mean Stopped= 7.937 +/- 2.905
2023-03-14 Tuesday 13:10:01: Inner X Outer Loops Mean Stopped Cross Check= 7.955 +/- 2.906
2023-03-14 Tuesday 13:10:01: Inner X Outer Loops Mean Waiting Time= 159.514 +/- 137.613
2023-03-14 Tuesday 13:10:01: Inner X Outer Loops Mean Avg Speed= 0.350 +/- 0.063
2023-03-14 Tuesday 13:10:01: Inner X Outer Loops Mean Avg Speed 2= 6.502 +/- 1.149
2023-03-14 Tuesday 13:10:01: Inner X Outer Loops Mean Avg Speed Cross Check= 7.730 +/- 0.849
2023-03-14 Tuesday 13:10:01: ****************************************
2023-03-14 Tuesday 13:10:01: Calculation 2 - Per Episode
2023-03-14 Tuesday 13:10:01: ****************************************
2023-03-14 Tuesday 13:10:01: Episode:0 Mean Reward= -0.000 +/- 0.813
2023-03-14 Tuesday 13:10:01: Episode:1 Mean Reward= -0.000 +/- 0.680
2023-03-14 Tuesday 13:10:01: Episode:2 Mean Reward= 0.000 +/- 0.749
2023-03-14 Tuesday 13:10:01: Episode:3 Mean Reward= -0.000 +/- 0.736
2023-03-14 Tuesday 13:10:01: Episode:4 Mean Reward= -0.000 +/- 0.724
2023-03-14 Tuesday 13:10:01: 1-Total Mean Reward= -0.000 +/- 0.000
2023-03-14 Tuesday 13:10:01: 2-Total Mean Reward= -0.000 +/- 0.740
2023-03-14 Tuesday 13:10:01: ****
2023-03-14 Tuesday 13:10:01: Episode:0 Mean Stopped= 9.057 +/- 4.168
2023-03-14 Tuesday 13:10:01: Episode:1 Mean Stopped= 7.350 +/- 2.196
2023-03-14 Tuesday 13:10:01: Episode:2 Mean Stopped= 7.680 +/- 2.352
2023-03-14 Tuesday 13:10:01: Episode:3 Mean Stopped= 7.806 +/- 2.424
2023-03-14 Tuesday 13:10:01: Episode:4 Mean Stopped= 7.795 +/- 2.623
2023-03-14 Tuesday 13:10:01: 1-Total Mean Stopped= 7.937 +/- 0.583
2023-03-14 Tuesday 13:10:01: 2-Total Mean Stopped= 7.937 +/- 2.753
2023-03-14 Tuesday 13:10:01: ****
2023-03-14 Tuesday 13:10:01: Episode:0 Mean Stopped Cross Check= 9.074 +/- 4.168
2023-03-14 Tuesday 13:10:01: Episode:1 Mean Stopped Cross Check= 7.363 +/- 2.197
2023-03-14 Tuesday 13:10:01: Episode:2 Mean Stopped Cross Check= 7.700 +/- 2.356
2023-03-14 Tuesday 13:10:01: Episode:3 Mean Stopped Cross Check= 7.824 +/- 2.426
2023-03-14 Tuesday 13:10:01: Episode:4 Mean Stopped Cross Check= 7.813 +/- 2.625
2023-03-14 Tuesday 13:10:01: 1-Total Mean Stopped Cross Check= 7.955 +/- 0.584
2023-03-14 Tuesday 13:10:01: 2-Total Mean Stopped Cross Check= 7.955 +/- 2.754
2023-03-14 Tuesday 13:10:01: ****
2023-03-14 Tuesday 13:10:01: Episode:0 Mean Waiting Time= 191.998 +/- 190.757
2023-03-14 Tuesday 13:10:01: Episode:1 Mean Waiting Time= 135.952 +/- 93.513
2023-03-14 Tuesday 13:10:01: Episode:2 Mean Waiting Time= 161.856 +/- 136.960
2023-03-14 Tuesday 13:10:01: Episode:3 Mean Waiting Time= 155.627 +/- 121.480
2023-03-14 Tuesday 13:10:01: Episode:4 Mean Waiting Time= 152.137 +/- 119.802
2023-03-14 Tuesday 13:10:01: 1-Total Mean Waiting Time= 159.514 +/- 18.360
2023-03-14 Tuesday 13:10:01: 2-Total Mean Waiting Time= 159.514 +/- 132.502
2023-03-14 Tuesday 13:10:01: Episode:0 Mean Avg Speed= 0.334 +/- 0.070
2023-03-14 Tuesday 13:10:01: Episode:1 Mean Avg Speed= 0.360 +/- 0.058
2023-03-14 Tuesday 13:10:01: Episode:2 Mean Avg Speed= 0.353 +/- 0.060
2023-03-14 Tuesday 13:10:01: Episode:3 Mean Avg Speed= 0.350 +/- 0.060
2023-03-14 Tuesday 13:10:01: Episode:4 Mean Avg Speed= 0.352 +/- 0.063
2023-03-14 Tuesday 13:10:01: 1-Total Mean Avg Speed= 0.350 +/- 0.008
2023-03-14 Tuesday 13:10:01: 2-Total Mean Avg Speed= 0.350 +/- 0.062
2023-03-14 Tuesday 13:10:01: Episode:0 Mean Avg Speed 2= 6.211 +/- 1.282
2023-03-14 Tuesday 13:10:01: Episode:1 Mean Avg Speed 2= 6.689 +/- 1.058
2023-03-14 Tuesday 13:10:01: Episode:2 Mean Avg Speed 2= 6.563 +/- 1.096
2023-03-14 Tuesday 13:10:01: Episode:3 Mean Avg Speed 2= 6.510 +/- 1.097
2023-03-14 Tuesday 13:10:01: Episode:4 Mean Avg Speed 2= 6.539 +/- 1.144
2023-03-14 Tuesday 13:10:01: 1-Total Mean Avg Speed 2= 6.502 +/- 0.158
2023-03-14 Tuesday 13:10:01: 2-Total Mean Avg Speed 2= 6.502 +/- 1.135
2023-03-14 Tuesday 13:10:01: Episode:0 Mean Avg Speed Cross Check= 7.493 +/- 0.993
2023-03-14 Tuesday 13:10:01: Episode:1 Mean Avg Speed Cross Check= 7.874 +/- 0.760
2023-03-14 Tuesday 13:10:01: Episode:2 Mean Avg Speed Cross Check= 7.779 +/- 0.796
2023-03-14 Tuesday 13:10:01: Episode:3 Mean Avg Speed Cross Check= 7.743 +/- 0.795
2023-03-14 Tuesday 13:10:01: Episode:4 Mean Avg Speed Cross Check= 7.761 +/- 0.831
2023-03-14 Tuesday 13:10:01: 1-Total Mean Avg Speed Cross Check= 7.730 +/- 0.127
2023-03-14 Tuesday 13:10:01: 2-Total Mean Avg Speed Cross Check= 7.730 +/- 0.835
2023-03-14 Tuesday 13:10:01: ****************************************
