2023-05-30 Tuesday 02:03:25 root:INFO:Run: 5 for Baseline experiment: DE-Enhanced-S3-1 - route: ../nets/roundabout/input_routes_roundabout_auto_v1-1.rou.xml - first seed: 580 - alpha: 0.5 - gamma: 0.99 - epsilon: 0.2 - reward: diff-waiting-time
2023-05-30 Tuesday 02:47:11 root:INFO:Total Missing States: 0
2023-05-30 Tuesday 02:47:11 root:INFO:Mean Reward=-1439945.00 +/- 0.00
2023-05-30 Tuesday 02:47:11 root:INFO:Mean Stopped=1439945.00 +/- 0.00
2023-05-30 Tuesday 02:47:11 root:INFO:Mean_Stopped=1439950.00 +/- 0.00
2023-05-30 Tuesday 02:47:11 root:INFO:Mean Waiting Time=32396995.00 +/- 0.00
2023-05-30 Tuesday 02:47:11 root:INFO:Mean_avg_speed=376.41 +/- 0.00
2023-05-30 Tuesday 02:47:11 root:INFO:Mean_avg_speed_2=6993.16 +/- 0.00
2023-05-30 Tuesday 02:47:11 root:INFO:Mean_avg_speed_cross_check=12545.35 +/- 0.00
2023-05-30 Tuesday 02:47:11 root:INFO:Mean_average_co2_emission_tl=25391356.39 +/- 0.00
2023-05-30 Tuesday 02:47:11 root:INFO:Mean_average_co_emission_tl=1474745.46 +/- 0.00
2023-05-30 Tuesday 02:47:11 root:INFO:Mean_average_fuel_consumption_tl=10915.33 +/- 0.00
2023-05-30 Tuesday 02:47:11 root:INFO:Mean_average_noise_emission_tl=563314.55 +/- 0.00
2023-05-30 Tuesday 02:47:11 root:INFO:Mean_average_co2_emission=25041296.54 +/- 0.00
2023-05-30 Tuesday 02:47:11 root:INFO:Mean_average_co_emission=1400141.49 +/- 0.00
2023-05-30 Tuesday 02:47:11 root:INFO:Mean_average_fuel_consumptions=10764.83 +/- 0.00
2023-05-30 Tuesday 02:47:11 root:INFO:Mean_average_noise_emissions=566976.82 +/- 0.00
2023-05-30 Tuesday 02:47:11 root:INFO:****************************************
2023-05-30 Tuesday 02:47:11 root:INFO:Calculation 1 - Overall 
2023-05-30 Tuesday 02:47:11 root:INFO:****************************************
2023-05-30 Tuesday 02:47:11 root:INFO:Inner X Outer Loops Mean Reward=-143.980 +/- 24.092
2023-05-30 Tuesday 02:47:11 root:INFO:Inner X Outer Loops Mean Stopped= 143.980 +/- 24.092
2023-05-30 Tuesday 02:47:11 root:INFO:Inner X Outer Loops Mean Stopped Cross Check= 143.981 +/- 24.091
2023-05-30 Tuesday 02:47:11 root:INFO:Inner X Outer Loops Mean Waiting Time= 3239.376 +/- 571.216
2023-05-30 Tuesday 02:47:11 root:INFO:Inner X Outer Loops Mean Avg Speed= 0.038 +/- 0.031
2023-05-30 Tuesday 02:47:11 root:INFO:Inner X Outer Loops Mean Avg Speed 2= 0.699 +/- 0.575
2023-05-30 Tuesday 02:47:11 root:INFO:Inner X Outer Loops Mean Avg Speed Cross Check= 1.254 +/- 0.658
2023-05-30 Tuesday 02:47:11 root:INFO:Inner X Outer Loops Mean Average CO2 Emission TL= 2538.882 +/- 64.732
2023-05-30 Tuesday 02:47:11 root:INFO:Inner X Outer Loops Mean Average CO Emission TL= 147.460 +/- 5.407
2023-05-30 Tuesday 02:47:11 root:INFO:Inner X Outer Loops Mean Average Fuel Consumption TL= 1.091 +/- 0.028
2023-05-30 Tuesday 02:47:11 root:INFO:Inner X Outer Loops Mean Average Noise Emission TL= 56.326 +/- 0.418
2023-05-30 Tuesday 02:47:11 root:INFO:Inner X Outer Loops Mean Average CO2 Emission= 2503.879 +/- 57.254
2023-05-30 Tuesday 02:47:11 root:INFO:Inner X Outer Loops Mean Average CO Emission= 140.000 +/- 6.971
2023-05-30 Tuesday 02:47:11 root:INFO:Inner X Outer Loops Mean Average Fuel Consumptions= 1.076 +/- 0.025
2023-05-30 Tuesday 02:47:11 root:INFO:Inner X Outer Loops Mean Average Noise Emissions= 56.692 +/- 0.465
2023-05-30 Tuesday 02:47:11 root:INFO:****************************************
2023-05-30 Tuesday 02:47:11 root:INFO:Calculation 2 - Per Episode
2023-05-30 Tuesday 02:47:11 root:INFO:****************************************
2023-05-30 Tuesday 02:47:11 root:INFO:Episode:0 Mean Waiting Time=-143.980 +/- 24.092
2023-05-30 Tuesday 02:47:11 root:INFO:1-Total Mean Reward= -143.980 +/- 0.000
2023-05-30 Tuesday 02:47:11 root:INFO:2-Total Mean Reward= -143.980 +/- 24.092
2023-05-30 Tuesday 02:47:11 root:INFO:****
2023-05-30 Tuesday 02:47:11 root:INFO:Episode:0 Mean Stopped= 143.980 +/- 24.092
2023-05-30 Tuesday 02:47:11 root:INFO:1-Total Mean Stopped= 143.980 +/- 0.000
2023-05-30 Tuesday 02:47:11 root:INFO:2-Total Mean Stopped= 143.980 +/- 24.092
2023-05-30 Tuesday 02:47:11 root:INFO:****
2023-05-30 Tuesday 02:47:11 root:INFO:Episode:0 Mean Stopped Cross Check= 143.981 +/- 24.091
2023-05-30 Tuesday 02:47:11 root:INFO:1-Total Mean Stopped Cross Check= 143.981 +/- 0.000
2023-05-30 Tuesday 02:47:11 root:INFO:2-Total Mean Stopped Cross Check= 143.981 +/- 24.091
2023-05-30 Tuesday 02:47:11 root:INFO:****
2023-05-30 Tuesday 02:47:11 root:INFO:Episode:0 Mean Waiting Time= 3239.376 +/- 571.216
2023-05-30 Tuesday 02:47:11 root:INFO:1-Total Mean Waiting Time= 3239.376 +/- 0.000
2023-05-30 Tuesday 02:47:11 root:INFO:2-Total Mean Waiting Time= 3239.376 +/- 571.216
2023-05-30 Tuesday 02:47:11 root:INFO:Episode:0 Mean Avg Speed= 0.038 +/- 0.031
2023-05-30 Tuesday 02:47:11 root:INFO:1-Total Mean Avg Speed= 0.038 +/- 0.000
2023-05-30 Tuesday 02:47:11 root:INFO:2-Total Mean Avg Speed= 0.038 +/- 0.031
2023-05-30 Tuesday 02:47:11 root:INFO:Episode:0 Mean Avg Speed 2= 0.699 +/- 0.575
2023-05-30 Tuesday 02:47:11 root:INFO:1-Total Mean Avg Speed 2= 0.699 +/- 0.000
2023-05-30 Tuesday 02:47:11 root:INFO:2-Total Mean Avg Speed 2= 0.699 +/- 0.575
2023-05-30 Tuesday 02:47:11 root:INFO:Episode:0 Mean Avg Speed Cross Check= 1.254 +/- 0.658
2023-05-30 Tuesday 02:47:11 root:INFO:1-Total Mean Avg Speed Cross Check= 1.254 +/- 0.000
2023-05-30 Tuesday 02:47:11 root:INFO:2-Total Mean Avg Speed Cross Check= 1.254 +/- 0.658
2023-05-30 Tuesday 02:47:11 root:INFO:Episode:0 Mean Average CO2 Emission TL= 2538.882 +/- 64.732
2023-05-30 Tuesday 02:47:11 root:INFO:1-Total Mean Average CO2 Emission TL= 2538.882 +/- 0.000
2023-05-30 Tuesday 02:47:11 root:INFO:2-Total Mean Average CO2 Emission TL= 2538.882 +/- 64.732
2023-05-30 Tuesday 02:47:11 root:INFO:Episode:0 Mean Average CO Emission TL= 147.460 +/- 5.407
2023-05-30 Tuesday 02:47:11 root:INFO:1-Total Mean Average CO Emission TL= 147.460 +/- 0.000
2023-05-30 Tuesday 02:47:11 root:INFO:2-Total Mean Average CO Emission TL= 147.460 +/- 5.407
2023-05-30 Tuesday 02:47:11 root:INFO:Episode:0 Mean Average Fuel Consumption TL= 1.091 +/- 0.028
2023-05-30 Tuesday 02:47:11 root:INFO:1-Total Mean Average Fuel Consumption TL= 1.091 +/- 0.000
2023-05-30 Tuesday 02:47:11 root:INFO:2-Total Mean Average Fuel Consumption TL= 1.091 +/- 0.028
2023-05-30 Tuesday 02:47:11 root:INFO:Episode:0 Mean Average Noise Emission TL= 56.326 +/- 0.418
2023-05-30 Tuesday 02:47:11 root:INFO:1-Total Mean Average Noise Emission TL= 56.326 +/- 0.000
2023-05-30 Tuesday 02:47:11 root:INFO:2-Total Mean Average Noise Emission TL= 56.326 +/- 0.418
2023-05-30 Tuesday 02:47:11 root:INFO:Episode:0 Mean Average CO2 Emission= 2503.879 +/- 57.254
2023-05-30 Tuesday 02:47:11 root:INFO:1-Total Mean Average CO2 Emission= 2503.879 +/- 0.000
2023-05-30 Tuesday 02:47:11 root:INFO:2-Total Mean Average CO2 Emission= 2503.879 +/- 57.254
2023-05-30 Tuesday 02:47:11 root:INFO:Episode:0 Mean Average CO Emission= 140.000 +/- 6.971
2023-05-30 Tuesday 02:47:11 root:INFO:1-Total Mean Average CO Emission= 140.000 +/- 0.000
2023-05-30 Tuesday 02:47:11 root:INFO:2-Total Mean Average CO Emission= 140.000 +/- 6.971
2023-05-30 Tuesday 02:47:11 root:INFO:Episode:0 Mean Average Fuel Consumption= 1.076 +/- 0.025
2023-05-30 Tuesday 02:47:11 root:INFO:1-Total Mean Average Fuel Consumption= 1.076 +/- 0.000
2023-05-30 Tuesday 02:47:11 root:INFO:2-Total Mean Average Fuel Consumption= 1.076 +/- 0.025
2023-05-30 Tuesday 02:47:11 root:INFO:Episode:0 Mean Average Noise Emission= 56.692 +/- 0.465
2023-05-30 Tuesday 02:47:11 root:INFO:1-Total Mean Average Noise Emission= 56.692 +/- 0.000
2023-05-30 Tuesday 02:47:11 root:INFO:2-Total Mean Average Noise Emission= 56.692 +/- 0.465
2023-05-30 Tuesday 02:47:11 root:INFO:****************************************
