2023-03-02 Thursday 07:40:26: Run: 1 for Training experiment: DoE-43 - first seed: 170 - alpha: 0.5 - gamma: 0.9 - epsilon: 0.2 - reward: diff-waiting-time
2023-03-02 Thursday 07:45:59: Run: 1 - First Epsilon: 0.2 - Last Epsilon: 0.2
2023-03-02 Thursday 07:51:10: Run: 2 - First Epsilon: 0.2 - Last Epsilon: 0.2
2023-03-02 Thursday 07:56:34: Run: 3 - First Epsilon: 0.2 - Last Epsilon: 0.2
2023-03-02 Thursday 08:02:04: Run: 4 - First Epsilon: 0.2 - Last Epsilon: 0.2
2023-03-02 Thursday 08:07:31: Run: 5 - First Epsilon: 0.2 - Last Epsilon: 0.2
2023-03-02 Thursday 08:07:32: Q-Table Total Distinct States: 248
2023-03-02 Thursday 08:07:32: Mean_reward=-1.23 +/- 0.89
2023-03-02 Thursday 08:07:32: Mean_Stopped=73278.60 +/- 2577.08
2023-03-02 Thursday 08:07:32: Mean_Stopped=73410.20 +/- 2591.48
2023-03-02 Thursday 08:07:32: Mean_waiting_time=1636417.80 +/- 259103.30
2023-03-02 Thursday 08:07:32: Mean_avg_speed=3621.80 +/- 46.77
2023-03-02 Thursday 08:07:32: Mean_avg_speed_2=67283.96 +/- 879.88
2023-03-02 Thursday 08:07:32: Mean_avg_speed_cross_check=79046.50 +/- 684.33
2023-03-02 Thursday 08:07:32: ****************************************
2023-03-02 Thursday 08:07:32: Calculation 1 - Overall 
2023-03-02 Thursday 08:07:32: ****************************************
2023-03-02 Thursday 08:07:32: Inner X Outer Loops Mean Reward= -0.000 +/- 0.771
2023-03-02 Thursday 08:07:32: Inner X Outer Loops Mean Stopped= 7.327 +/- 2.312
2023-03-02 Thursday 08:07:32: Inner X Outer Loops Mean Stopped Cross Check= 7.340 +/- 2.313
2023-03-02 Thursday 08:07:32: Inner X Outer Loops Mean Waiting Time= 163.625 +/- 189.544
2023-03-02 Thursday 08:07:32: Inner X Outer Loops Mean Avg Speed= 0.362 +/- 0.059
2023-03-02 Thursday 08:07:32: Inner X Outer Loops Mean Avg Speed 2= 6.728 +/- 1.074
2023-03-02 Thursday 08:07:32: Inner X Outer Loops Mean Avg Speed Cross Check= 7.904 +/- 0.767
2023-03-02 Thursday 08:07:32: ****************************************
2023-03-02 Thursday 08:07:32: Calculation 2 - Per Episode
2023-03-02 Thursday 08:07:32: ****************************************
2023-03-02 Thursday 08:07:32: Episode:0 Mean Reward= -0.000 +/- 0.907
2023-03-02 Thursday 08:07:32: Episode:1 Mean Reward= -0.000 +/- 0.722
2023-03-02 Thursday 08:07:32: Episode:2 Mean Reward= -0.000 +/- 0.750
2023-03-02 Thursday 08:07:32: Episode:3 Mean Reward= -0.000 +/- 0.725
2023-03-02 Thursday 08:07:32: Episode:4 Mean Reward= -0.000 +/- 0.735
2023-03-02 Thursday 08:07:32: 1-Total Mean Reward= -0.000 +/- 0.000
2023-03-02 Thursday 08:07:32: 2-Total Mean Reward= -0.000 +/- 0.768
2023-03-02 Thursday 08:07:32: ****
2023-03-02 Thursday 08:07:32: Episode:0 Mean Stopped= 7.792 +/- 2.666
2023-03-02 Thursday 08:07:32: Episode:1 Mean Stopped= 7.113 +/- 2.174
2023-03-02 Thursday 08:07:32: Episode:2 Mean Stopped= 7.070 +/- 2.084
2023-03-02 Thursday 08:07:32: Episode:3 Mean Stopped= 7.377 +/- 2.286
2023-03-02 Thursday 08:07:32: Episode:4 Mean Stopped= 7.284 +/- 2.235
2023-03-02 Thursday 08:07:32: 1-Total Mean Stopped= 7.327 +/- 0.258
2023-03-02 Thursday 08:07:32: 2-Total Mean Stopped= 7.327 +/- 2.289
2023-03-02 Thursday 08:07:32: ****
2023-03-02 Thursday 08:07:32: Episode:0 Mean Stopped Cross Check= 7.807 +/- 2.665
2023-03-02 Thursday 08:07:32: Episode:1 Mean Stopped Cross Check= 7.126 +/- 2.174
2023-03-02 Thursday 08:07:32: Episode:2 Mean Stopped Cross Check= 7.080 +/- 2.082
2023-03-02 Thursday 08:07:32: Episode:3 Mean Stopped Cross Check= 7.390 +/- 2.289
2023-03-02 Thursday 08:07:32: Episode:4 Mean Stopped Cross Check= 7.298 +/- 2.236
2023-03-02 Thursday 08:07:32: 1-Total Mean Stopped Cross Check= 7.340 +/- 0.259
2023-03-02 Thursday 08:07:32: 2-Total Mean Stopped Cross Check= 7.340 +/- 2.289
2023-03-02 Thursday 08:07:32: ****
2023-03-02 Thursday 08:07:32: Episode:0 Mean Waiting Time= 215.117 +/- 329.606
2023-03-02 Thursday 08:07:32: Episode:1 Mean Waiting Time= 146.789 +/- 124.520
2023-03-02 Thursday 08:07:32: Episode:2 Mean Waiting Time= 155.485 +/- 144.814
2023-03-02 Thursday 08:07:32: Episode:3 Mean Waiting Time= 149.051 +/- 118.239
2023-03-02 Thursday 08:07:32: Episode:4 Mean Waiting Time= 151.686 +/- 131.076
2023-03-02 Thursday 08:07:32: 1-Total Mean Waiting Time= 163.625 +/- 25.908
2023-03-02 Thursday 08:07:32: 2-Total Mean Waiting Time= 163.625 +/- 169.651
2023-03-02 Thursday 08:07:32: Episode:0 Mean Avg Speed= 0.354 +/- 0.060
2023-03-02 Thursday 08:07:32: Episode:1 Mean Avg Speed= 0.366 +/- 0.059
2023-03-02 Thursday 08:07:32: Episode:2 Mean Avg Speed= 0.367 +/- 0.057
2023-03-02 Thursday 08:07:32: Episode:3 Mean Avg Speed= 0.361 +/- 0.059
2023-03-02 Thursday 08:07:32: Episode:4 Mean Avg Speed= 0.363 +/- 0.060
2023-03-02 Thursday 08:07:32: 1-Total Mean Avg Speed= 0.362 +/- 0.005
2023-03-02 Thursday 08:07:32: 2-Total Mean Avg Speed= 0.362 +/- 0.059
2023-03-02 Thursday 08:07:32: Episode:0 Mean Avg Speed 2= 6.577 +/- 1.097
2023-03-02 Thursday 08:07:32: Episode:1 Mean Avg Speed 2= 6.799 +/- 1.069
2023-03-02 Thursday 08:07:32: Episode:2 Mean Avg Speed 2= 6.826 +/- 1.033
2023-03-02 Thursday 08:07:32: Episode:3 Mean Avg Speed 2= 6.696 +/- 1.067
2023-03-02 Thursday 08:07:32: Episode:4 Mean Avg Speed 2= 6.741 +/- 1.083
2023-03-02 Thursday 08:07:32: 1-Total Mean Avg Speed 2= 6.728 +/- 0.088
2023-03-02 Thursday 08:07:32: 2-Total Mean Avg Speed 2= 6.728 +/- 1.070
2023-03-02 Thursday 08:07:32: Episode:0 Mean Avg Speed Cross Check= 7.786 +/- 0.805
2023-03-02 Thursday 08:07:32: Episode:1 Mean Avg Speed Cross Check= 7.956 +/- 0.754
2023-03-02 Thursday 08:07:32: Episode:2 Mean Avg Speed Cross Check= 7.981 +/- 0.731
2023-03-02 Thursday 08:07:32: Episode:3 Mean Avg Speed Cross Check= 7.879 +/- 0.764
2023-03-02 Thursday 08:07:32: Episode:4 Mean Avg Speed Cross Check= 7.917 +/- 0.765
2023-03-02 Thursday 08:07:32: 1-Total Mean Avg Speed Cross Check= 7.904 +/- 0.068
2023-03-02 Thursday 08:07:32: 2-Total Mean Avg Speed Cross Check= 7.904 +/- 0.764
2023-03-02 Thursday 08:07:32: ****************************************
