2023-05-21 Sunday 15:00:44: Run: 4 for Training experiment: DE-Enhanced-S2-1 - route: ../nets/roundabout/input_routes_roundabout_auto_v1-1.rou.xml - first seed: 470 - alpha: 0.5 - gamma: 0.99 - epsilon: 0.2 - reward: diff-waiting-time
2023-05-21 Sunday 15:10:05: Run: 1 - First Epsilon: 0.2 - Last Epsilon: 0.2
2023-05-21 Sunday 15:19:28: Run: 2 - First Epsilon: 0.2 - Last Epsilon: 0.2
2023-05-21 Sunday 15:28:42: Run: 3 - First Epsilon: 0.2 - Last Epsilon: 0.2
2023-05-21 Sunday 15:38:15: Run: 4 - First Epsilon: 0.2 - Last Epsilon: 0.2
2023-05-21 Sunday 15:47:17: Run: 5 - First Epsilon: 0.2 - Last Epsilon: 0.2
2023-05-21 Sunday 15:47:17: Q-Table Total Distinct States: 329
2023-05-21 Sunday 15:47:17: Mean_reward=-1.73 +/- 0.49
2023-05-21 Sunday 15:47:17: Mean_Stopped=78450.60 +/- 4463.90
2023-05-21 Sunday 15:47:17: Mean_Stopped=78612.80 +/- 4482.52
2023-05-21 Sunday 15:47:17: Mean_waiting_time=2140116.00 +/- 361502.35
2023-05-21 Sunday 15:47:17: Mean_avg_speed=3533.28 +/- 62.07
2023-05-21 Sunday 15:47:17: Mean_avg_speed_2=65642.92 +/- 1153.25
2023-05-21 Sunday 15:47:17: Mean_avg_speed_cross_check=77815.70 +/- 931.93
2023-05-21 Sunday 15:47:17: Mean_average_co2_emission_tl=30818203.98 +/- 102880.92
2023-05-21 Sunday 15:47:17: Mean_average_co_emission_tl=969977.13 +/- 10009.10
2023-05-21 Sunday 15:47:17: Mean_average_fuel_consumption_tl=13247.79 +/- 44.22
2023-05-21 Sunday 15:47:17: Mean_average_noise_emission_tl=604470.57 +/- 777.10
2023-05-21 Sunday 15:47:17: Mean_average_co2_emission=25649691.80 +/- 37489.50
2023-05-21 Sunday 15:47:17: Mean_average_co_emission=683978.51 +/- 9952.76
2023-05-21 Sunday 15:47:17: Mean_average_fuel_consumptions=11026.00 +/- 16.11
2023-05-21 Sunday 15:47:17: Mean_average_noise_emissions=611009.98 +/- 609.86
2023-05-21 Sunday 15:47:17: ****************************************
2023-05-21 Sunday 15:47:17: Calculation 1 - Overall 
2023-05-21 Sunday 15:47:17: ****************************************
2023-05-21 Sunday 15:47:17: Inner X Outer Loops Mean Reward= -0.000 +/- 0.892
2023-05-21 Sunday 15:47:17: Inner X Outer Loops Mean Stopped= 7.844 +/- 2.908
2023-05-21 Sunday 15:47:17: Inner X Outer Loops Mean Stopped Cross Check= 7.860 +/- 2.908
2023-05-21 Sunday 15:47:17: Inner X Outer Loops Mean Waiting Time= 213.990 +/- 232.653
2023-05-21 Sunday 15:47:17: Inner X Outer Loops Mean Avg Speed= 0.353 +/- 0.060
2023-05-21 Sunday 15:47:17: Inner X Outer Loops Mean Avg Speed 2= 6.564 +/- 1.096
2023-05-21 Sunday 15:47:17: Inner X Outer Loops Mean Avg Speed Cross Check= 7.781 +/- 0.809
2023-05-21 Sunday 15:47:17: Inner X Outer Loops Mean Average CO2 Emission TL= 3081.512 +/- 228.759
2023-05-21 Sunday 15:47:17: Inner X Outer Loops Mean Average CO Emission TL= 96.988 +/- 10.083
2023-05-21 Sunday 15:47:17: Inner X Outer Loops Mean Average Fuel Consumption TL= 1.325 +/- 0.098
2023-05-21 Sunday 15:47:17: Inner X Outer Loops Mean Average Noise Emission TL= 60.441 +/- 1.083
2023-05-21 Sunday 15:47:17: Inner X Outer Loops Mean Average CO2 Emission= 2564.713 +/- 200.822
2023-05-21 Sunday 15:47:17: Inner X Outer Loops Mean Average CO Emission= 68.391 +/- 9.224
2023-05-21 Sunday 15:47:17: Inner X Outer Loops Mean Average Fuel Consumptions= 1.102 +/- 0.086
2023-05-21 Sunday 15:47:17: Inner X Outer Loops Mean Average Noise Emissions= 61.095 +/- 0.719
2023-05-21 Sunday 15:47:17: ****************************************
2023-05-21 Sunday 15:47:17: Calculation 2 - Per Episode
2023-05-21 Sunday 15:47:17: ****************************************
2023-05-21 Sunday 15:47:17: Episode:0 Mean Reward= -0.000 +/- 0.880
2023-05-21 Sunday 15:47:17: Episode:1 Mean Reward= -0.000 +/- 1.040
2023-05-21 Sunday 15:47:17: Episode:2 Mean Reward= -0.000 +/- 0.852
2023-05-21 Sunday 15:47:17: Episode:3 Mean Reward= -0.000 +/- 0.828
2023-05-21 Sunday 15:47:17: Episode:4 Mean Reward= -0.000 +/- 0.845
2023-05-21 Sunday 15:47:17: 1-Total Mean Reward= -0.000 +/- 0.000
2023-05-21 Sunday 15:47:17: 2-Total Mean Reward= -0.000 +/- 0.889
2023-05-21 Sunday 15:47:17: ****
2023-05-21 Sunday 15:47:17: Episode:0 Mean Stopped= 7.431 +/- 2.362
2023-05-21 Sunday 15:47:17: Episode:1 Mean Stopped= 8.678 +/- 4.487
2023-05-21 Sunday 15:47:17: Episode:2 Mean Stopped= 7.535 +/- 2.196
2023-05-21 Sunday 15:47:17: Episode:3 Mean Stopped= 7.670 +/- 2.293
2023-05-21 Sunday 15:47:17: Episode:4 Mean Stopped= 7.908 +/- 2.341
2023-05-21 Sunday 15:47:17: 1-Total Mean Stopped= 7.844 +/- 0.446
2023-05-21 Sunday 15:47:17: 2-Total Mean Stopped= 7.844 +/- 2.736
2023-05-21 Sunday 15:47:17: ****
2023-05-21 Sunday 15:47:17: Episode:0 Mean Stopped Cross Check= 7.441 +/- 2.363
2023-05-21 Sunday 15:47:17: Episode:1 Mean Stopped Cross Check= 8.696 +/- 4.488
2023-05-21 Sunday 15:47:17: Episode:2 Mean Stopped Cross Check= 7.550 +/- 2.195
2023-05-21 Sunday 15:47:17: Episode:3 Mean Stopped Cross Check= 7.688 +/- 2.293
2023-05-21 Sunday 15:47:17: Episode:4 Mean Stopped Cross Check= 7.928 +/- 2.340
2023-05-21 Sunday 15:47:17: 1-Total Mean Stopped Cross Check= 7.860 +/- 0.448
2023-05-21 Sunday 15:47:17: 2-Total Mean Stopped Cross Check= 7.860 +/- 2.736
2023-05-21 Sunday 15:47:17: ****
2023-05-21 Sunday 15:47:17: Episode:0 Mean Waiting Time= 204.080 +/- 222.842
2023-05-21 Sunday 15:47:17: Episode:1 Mean Waiting Time= 285.567 +/- 350.439
2023-05-21 Sunday 15:47:17: Episode:2 Mean Waiting Time= 195.336 +/- 184.629
2023-05-21 Sunday 15:47:17: Episode:3 Mean Waiting Time= 188.099 +/- 171.598
2023-05-21 Sunday 15:47:17: Episode:4 Mean Waiting Time= 196.870 +/- 167.643
2023-05-21 Sunday 15:47:17: 1-Total Mean Waiting Time= 213.990 +/- 36.147
2023-05-21 Sunday 15:47:17: 2-Total Mean Waiting Time= 213.990 +/- 219.430
2023-05-21 Sunday 15:47:17: Episode:0 Mean Avg Speed= 0.362 +/- 0.060
2023-05-21 Sunday 15:47:17: Episode:1 Mean Avg Speed= 0.344 +/- 0.068
2023-05-21 Sunday 15:47:17: Episode:2 Mean Avg Speed= 0.357 +/- 0.058
2023-05-21 Sunday 15:47:17: Episode:3 Mean Avg Speed= 0.354 +/- 0.058
2023-05-21 Sunday 15:47:17: Episode:4 Mean Avg Speed= 0.349 +/- 0.057
2023-05-21 Sunday 15:47:17: 1-Total Mean Avg Speed= 0.353 +/- 0.006
2023-05-21 Sunday 15:47:17: 2-Total Mean Avg Speed= 0.353 +/- 0.060
2023-05-21 Sunday 15:47:17: Episode:0 Mean Avg Speed 2= 6.717 +/- 1.075
2023-05-21 Sunday 15:47:17: Episode:1 Mean Avg Speed 2= 6.388 +/- 1.234
2023-05-21 Sunday 15:47:17: Episode:2 Mean Avg Speed 2= 6.644 +/- 1.044
2023-05-21 Sunday 15:47:17: Episode:3 Mean Avg Speed 2= 6.579 +/- 1.048
2023-05-21 Sunday 15:47:17: Episode:4 Mean Avg Speed 2= 6.491 +/- 1.037
2023-05-21 Sunday 15:47:17: 1-Total Mean Avg Speed 2= 6.564 +/- 0.115
2023-05-21 Sunday 15:47:17: 2-Total Mean Avg Speed 2= 6.564 +/- 1.087
2023-05-21 Sunday 15:47:17: Episode:0 Mean Avg Speed Cross Check= 7.898 +/- 0.774
2023-05-21 Sunday 15:47:17: Episode:1 Mean Avg Speed Cross Check= 7.631 +/- 0.964
2023-05-21 Sunday 15:47:17: Episode:2 Mean Avg Speed Cross Check= 7.849 +/- 0.752
2023-05-21 Sunday 15:47:17: Episode:3 Mean Avg Speed Cross Check= 7.792 +/- 0.747
2023-05-21 Sunday 15:47:17: Episode:4 Mean Avg Speed Cross Check= 7.734 +/- 0.759
2023-05-21 Sunday 15:47:17: 1-Total Mean Avg Speed Cross Check= 7.781 +/- 0.093
2023-05-21 Sunday 15:47:17: 2-Total Mean Avg Speed Cross Check= 7.781 +/- 0.799
2023-05-21 Sunday 15:47:17: Episode:0 Mean Average CO2 Emission TL= 3096.550 +/- 231.033
2023-05-21 Sunday 15:47:17: Episode:1 Mean Average CO2 Emission TL= 3068.107 +/- 231.151
2023-05-21 Sunday 15:47:17: Episode:2 Mean Average CO2 Emission TL= 3089.229 +/- 228.997
2023-05-21 Sunday 15:47:17: Episode:3 Mean Average CO2 Emission TL= 3080.003 +/- 226.011
2023-05-21 Sunday 15:47:17: Episode:4 Mean Average CO2 Emission TL= 3073.673 +/- 225.380
2023-05-21 Sunday 15:47:17: 1-Total Mean Average CO2 Emission TL= 3081.512 +/- 10.287
2023-05-21 Sunday 15:47:17: 2-Total Mean Average CO2 Emission TL= 3081.512 +/- 228.514
2023-05-21 Sunday 15:47:17: Episode:0 Mean Average CO Emission TL= 95.782 +/- 9.961
2023-05-21 Sunday 15:47:17: Episode:1 Mean Average CO Emission TL= 98.655 +/- 11.324
2023-05-21 Sunday 15:47:17: Episode:2 Mean Average CO Emission TL= 96.335 +/- 9.495
2023-05-21 Sunday 15:47:17: Episode:3 Mean Average CO Emission TL= 96.680 +/- 9.672
2023-05-21 Sunday 15:47:17: Episode:4 Mean Average CO Emission TL= 97.488 +/- 9.600
2023-05-21 Sunday 15:47:17: 1-Total Mean Average CO Emission TL= 96.988 +/- 1.001
2023-05-21 Sunday 15:47:17: 2-Total Mean Average CO Emission TL= 96.988 +/- 10.010
2023-05-21 Sunday 15:47:17: Episode:0 Mean Average Fuel Consumption TL= 1.331 +/- 0.099
2023-05-21 Sunday 15:47:17: Episode:1 Mean Average Fuel Consumption TL= 1.319 +/- 0.099
2023-05-21 Sunday 15:47:17: Episode:2 Mean Average Fuel Consumption TL= 1.328 +/- 0.098
2023-05-21 Sunday 15:47:17: Episode:3 Mean Average Fuel Consumption TL= 1.324 +/- 0.097
2023-05-21 Sunday 15:47:17: Episode:4 Mean Average Fuel Consumption TL= 1.321 +/- 0.097
2023-05-21 Sunday 15:47:17: 1-Total Mean Average Fuel Consumption TL= 1.325 +/- 0.004
2023-05-21 Sunday 15:47:17: 2-Total Mean Average Fuel Consumption TL= 1.325 +/- 0.098
2023-05-21 Sunday 15:47:17: Episode:0 Mean Average Noise Emission TL= 60.544 +/- 1.085
2023-05-21 Sunday 15:47:17: Episode:1 Mean Average Noise Emission TL= 60.321 +/- 1.139
2023-05-21 Sunday 15:47:17: Episode:2 Mean Average Noise Emission TL= 60.494 +/- 1.068
2023-05-21 Sunday 15:47:17: Episode:3 Mean Average Noise Emission TL= 60.452 +/- 1.058
2023-05-21 Sunday 15:47:17: Episode:4 Mean Average Noise Emission TL= 60.394 +/- 1.048
2023-05-21 Sunday 15:47:17: 1-Total Mean Average Noise Emission TL= 60.441 +/- 0.078
2023-05-21 Sunday 15:47:17: 2-Total Mean Average Noise Emission TL= 60.441 +/- 1.080
2023-05-21 Sunday 15:47:17: Episode:0 Mean Average CO2 Emission= 2561.798 +/- 202.396
2023-05-21 Sunday 15:47:17: Episode:1 Mean Average CO2 Emission= 2559.872 +/- 198.448
2023-05-21 Sunday 15:47:17: Episode:2 Mean Average CO2 Emission= 2570.441 +/- 202.325
2023-05-21 Sunday 15:47:17: Episode:3 Mean Average CO2 Emission= 2564.411 +/- 201.990
2023-05-21 Sunday 15:47:17: Episode:4 Mean Average CO2 Emission= 2567.042 +/- 198.736
2023-05-21 Sunday 15:47:17: 1-Total Mean Average CO2 Emission= 2564.713 +/- 3.749
2023-05-21 Sunday 15:47:17: 2-Total Mean Average CO2 Emission= 2564.713 +/- 200.779
2023-05-21 Sunday 15:47:17: Episode:0 Mean Average CO Emission= 67.192 +/- 8.896
2023-05-21 Sunday 15:47:17: Episode:1 Mean Average CO Emission= 70.060 +/- 11.040
2023-05-21 Sunday 15:47:17: Episode:2 Mean Average CO Emission= 67.730 +/- 8.488
2023-05-21 Sunday 15:47:17: Episode:3 Mean Average CO Emission= 68.117 +/- 8.577
2023-05-21 Sunday 15:47:17: Episode:4 Mean Average CO Emission= 68.855 +/- 8.590
2023-05-21 Sunday 15:47:17: 1-Total Mean Average CO Emission= 68.391 +/- 0.995
2023-05-21 Sunday 15:47:17: 2-Total Mean Average CO Emission= 68.391 +/- 9.118
2023-05-21 Sunday 15:47:17: Episode:0 Mean Average Fuel Consumption= 1.101 +/- 0.087
2023-05-21 Sunday 15:47:17: Episode:1 Mean Average Fuel Consumption= 1.100 +/- 0.085
2023-05-21 Sunday 15:47:17: Episode:2 Mean Average Fuel Consumption= 1.105 +/- 0.087
2023-05-21 Sunday 15:47:17: Episode:3 Mean Average Fuel Consumption= 1.102 +/- 0.087
2023-05-21 Sunday 15:47:17: Episode:4 Mean Average Fuel Consumption= 1.103 +/- 0.085
2023-05-21 Sunday 15:47:17: 1-Total Mean Average Fuel Consumption= 1.102 +/- 0.002
2023-05-21 Sunday 15:47:17: 2-Total Mean Average Fuel Consumption= 1.102 +/- 0.086
2023-05-21 Sunday 15:47:17: Episode:0 Mean Average Noise Emission= 61.171 +/- 0.704
2023-05-21 Sunday 15:47:17: Episode:1 Mean Average Noise Emission= 60.995 +/- 0.793
2023-05-21 Sunday 15:47:17: Episode:2 Mean Average Noise Emission= 61.140 +/- 0.696
2023-05-21 Sunday 15:47:17: Episode:3 Mean Average Noise Emission= 61.102 +/- 0.689
2023-05-21 Sunday 15:47:17: Episode:4 Mean Average Noise Emission= 61.068 +/- 0.693
2023-05-21 Sunday 15:47:17: 1-Total Mean Average Noise Emission= 61.095 +/- 0.061
2023-05-21 Sunday 15:47:17: 2-Total Mean Average Noise Emission= 61.095 +/- 0.715
2023-05-21 Sunday 15:47:17: ****************************************
