2023-03-12 Sunday 12:55:54: Run: 4 for Training experiment: DoE-25 - first seed: 470 - alpha: 0.3 - gamma: 0.9 - epsilon: 0.2 - reward: diff-waiting-time
2023-03-12 Sunday 13:01:14: Run: 1 - First Epsilon: 0.2 - Last Epsilon: 0.2
2023-03-12 Sunday 13:06:28: Run: 2 - First Epsilon: 0.2 - Last Epsilon: 0.2
2023-03-12 Sunday 13:11:37: Run: 3 - First Epsilon: 0.2 - Last Epsilon: 0.2
2023-03-12 Sunday 13:16:42: Run: 4 - First Epsilon: 0.2 - Last Epsilon: 0.2
2023-03-12 Sunday 13:21:45: Run: 5 - First Epsilon: 0.2 - Last Epsilon: 0.2
2023-03-12 Sunday 13:21:45: Q-Table Total Distinct States: 268
2023-03-12 Sunday 13:21:45: Mean_reward=-2.22 +/- 1.11
2023-03-12 Sunday 13:21:45: Mean_Stopped=75677.20 +/- 5171.32
2023-03-12 Sunday 13:21:45: Mean_Stopped=75842.20 +/- 5205.28
2023-03-12 Sunday 13:21:45: Mean_waiting_time=1605417.00 +/- 219019.00
2023-03-12 Sunday 13:21:45: Mean_avg_speed=3570.89 +/- 106.97
2023-03-12 Sunday 13:21:45: Mean_avg_speed_2=66359.88 +/- 1961.07
2023-03-12 Sunday 13:21:45: Mean_avg_speed_cross_check=78328.46 +/- 1439.82
2023-03-12 Sunday 13:21:45: ****************************************
2023-03-12 Sunday 13:21:45: Calculation 1 - Overall 
2023-03-12 Sunday 13:21:45: ****************************************
2023-03-12 Sunday 13:21:45: Inner X Outer Loops Mean Reward= -0.000 +/- 0.753
2023-03-12 Sunday 13:21:45: Inner X Outer Loops Mean Stopped= 7.567 +/- 2.532
2023-03-12 Sunday 13:21:45: Inner X Outer Loops Mean Stopped Cross Check= 7.583 +/- 2.535
2023-03-12 Sunday 13:21:45: Inner X Outer Loops Mean Waiting Time= 160.526 +/- 146.198
2023-03-12 Sunday 13:21:45: Inner X Outer Loops Mean Avg Speed= 0.357 +/- 0.062
2023-03-12 Sunday 13:21:45: Inner X Outer Loops Mean Avg Speed 2= 6.635 +/- 1.117
2023-03-12 Sunday 13:21:45: Inner X Outer Loops Mean Avg Speed Cross Check= 7.832 +/- 0.805
2023-03-12 Sunday 13:21:45: ****************************************
2023-03-12 Sunday 13:21:45: Calculation 2 - Per Episode
2023-03-12 Sunday 13:21:45: ****************************************
2023-03-12 Sunday 13:21:45: Episode:0 Mean Reward= -0.000 +/- 0.812
2023-03-12 Sunday 13:21:45: Episode:1 Mean Reward= -0.000 +/- 0.807
2023-03-12 Sunday 13:21:45: Episode:2 Mean Reward= -0.000 +/- 0.745
2023-03-12 Sunday 13:21:45: Episode:3 Mean Reward= -0.000 +/- 0.710
2023-03-12 Sunday 13:21:45: Episode:4 Mean Reward= -0.000 +/- 0.683
2023-03-12 Sunday 13:21:45: 1-Total Mean Reward= -0.000 +/- 0.000
2023-03-12 Sunday 13:21:45: 2-Total Mean Reward= -0.000 +/- 0.751
2023-03-12 Sunday 13:21:45: ****
2023-03-12 Sunday 13:21:45: Episode:0 Mean Stopped= 8.269 +/- 2.908
2023-03-12 Sunday 13:21:45: Episode:1 Mean Stopped= 7.994 +/- 2.549
2023-03-12 Sunday 13:21:45: Episode:2 Mean Stopped= 7.570 +/- 2.529
2023-03-12 Sunday 13:21:45: Episode:3 Mean Stopped= 7.108 +/- 2.185
2023-03-12 Sunday 13:21:45: Episode:4 Mean Stopped= 6.895 +/- 2.142
2023-03-12 Sunday 13:21:45: 1-Total Mean Stopped= 7.567 +/- 0.517
2023-03-12 Sunday 13:21:45: 2-Total Mean Stopped= 7.567 +/- 2.463
2023-03-12 Sunday 13:21:45: ****
2023-03-12 Sunday 13:21:45: Episode:0 Mean Stopped Cross Check= 8.288 +/- 2.910
2023-03-12 Sunday 13:21:45: Episode:1 Mean Stopped Cross Check= 8.016 +/- 2.551
2023-03-12 Sunday 13:21:45: Episode:2 Mean Stopped Cross Check= 7.587 +/- 2.535
2023-03-12 Sunday 13:21:45: Episode:3 Mean Stopped Cross Check= 7.120 +/- 2.183
2023-03-12 Sunday 13:21:45: Episode:4 Mean Stopped Cross Check= 6.908 +/- 2.145
2023-03-12 Sunday 13:21:45: 1-Total Mean Stopped Cross Check= 7.583 +/- 0.520
2023-03-12 Sunday 13:21:45: 2-Total Mean Stopped Cross Check= 7.583 +/- 2.465
2023-03-12 Sunday 13:21:45: ****
2023-03-12 Sunday 13:21:45: Episode:0 Mean Waiting Time= 187.216 +/- 179.471
2023-03-12 Sunday 13:21:45: Episode:1 Mean Waiting Time= 183.534 +/- 162.163
2023-03-12 Sunday 13:21:45: Episode:2 Mean Waiting Time= 157.926 +/- 140.891
2023-03-12 Sunday 13:21:45: Episode:3 Mean Waiting Time= 141.468 +/- 124.434
2023-03-12 Sunday 13:21:45: Episode:4 Mean Waiting Time= 132.485 +/- 103.107
2023-03-12 Sunday 13:21:45: 1-Total Mean Waiting Time= 160.526 +/- 21.900
2023-03-12 Sunday 13:21:45: 2-Total Mean Waiting Time= 160.526 +/- 142.013
2023-03-12 Sunday 13:21:45: Episode:0 Mean Avg Speed= 0.343 +/- 0.061
2023-03-12 Sunday 13:21:45: Episode:1 Mean Avg Speed= 0.348 +/- 0.061
2023-03-12 Sunday 13:21:45: Episode:2 Mean Avg Speed= 0.357 +/- 0.062
2023-03-12 Sunday 13:21:45: Episode:3 Mean Avg Speed= 0.366 +/- 0.059
2023-03-12 Sunday 13:21:45: Episode:4 Mean Avg Speed= 0.371 +/- 0.060
2023-03-12 Sunday 13:21:45: 1-Total Mean Avg Speed= 0.357 +/- 0.011
2023-03-12 Sunday 13:21:45: 2-Total Mean Avg Speed= 0.357 +/- 0.061
2023-03-12 Sunday 13:21:45: Episode:0 Mean Avg Speed 2= 6.376 +/- 1.102
2023-03-12 Sunday 13:21:45: Episode:1 Mean Avg Speed 2= 6.463 +/- 1.105
2023-03-12 Sunday 13:21:45: Episode:2 Mean Avg Speed 2= 6.638 +/- 1.120
2023-03-12 Sunday 13:21:45: Episode:3 Mean Avg Speed 2= 6.807 +/- 1.076
2023-03-12 Sunday 13:21:45: Episode:4 Mean Avg Speed 2= 6.892 +/- 1.094
2023-03-12 Sunday 13:21:45: 1-Total Mean Avg Speed 2= 6.635 +/- 0.196
2023-03-12 Sunday 13:21:45: 2-Total Mean Avg Speed 2= 6.635 +/- 1.099
2023-03-12 Sunday 13:21:45: Episode:0 Mean Avg Speed Cross Check= 7.643 +/- 0.822
2023-03-12 Sunday 13:21:45: Episode:1 Mean Avg Speed Cross Check= 7.704 +/- 0.807
2023-03-12 Sunday 13:21:45: Episode:2 Mean Avg Speed Cross Check= 7.834 +/- 0.814
2023-03-12 Sunday 13:21:45: Episode:3 Mean Avg Speed Cross Check= 7.962 +/- 0.754
2023-03-12 Sunday 13:21:45: Episode:4 Mean Avg Speed Cross Check= 8.018 +/- 0.761
2023-03-12 Sunday 13:21:45: 1-Total Mean Avg Speed Cross Check= 7.832 +/- 0.144
2023-03-12 Sunday 13:21:45: 2-Total Mean Avg Speed Cross Check= 7.832 +/- 0.792
2023-03-12 Sunday 13:21:45: ****************************************
