2023-03-10 Friday 10:51:38: Run: 4 for Training experiment: DoE-11 - first seed: 470 - alpha: 0.1 - gamma: 0.9 - epsilon: 0.4 - reward: diff-waiting-time
2023-03-10 Friday 11:01:40: Run: 1 - First Epsilon: 0.4 - Last Epsilon: 0.4
2023-03-10 Friday 11:07:26: Run: 2 - First Epsilon: 0.4 - Last Epsilon: 0.4
2023-03-10 Friday 11:13:11: Run: 3 - First Epsilon: 0.4 - Last Epsilon: 0.4
2023-03-10 Friday 11:19:06: Run: 4 - First Epsilon: 0.4 - Last Epsilon: 0.4
2023-03-10 Friday 11:24:55: Run: 5 - First Epsilon: 0.4 - Last Epsilon: 0.4
2023-03-10 Friday 11:24:55: Q-Table Total Distinct States: 1387
2023-03-10 Friday 11:24:56: Mean_reward=-1.90 +/- 0.64
2023-03-10 Friday 11:24:56: Mean_Stopped=136443.80 +/- 97078.82
2023-03-10 Friday 11:24:56: Mean_Stopped=136588.40 +/- 97109.05
2023-03-10 Friday 11:24:56: Mean_waiting_time=3753082.40 +/- 3778491.62
2023-03-10 Friday 11:24:56: Mean_avg_speed=3083.91 +/- 535.54
2023-03-10 Friday 11:24:56: Mean_avg_speed_2=57305.09 +/- 9944.07
2023-03-10 Friday 11:24:56: Mean_avg_speed_cross_check=70332.28 +/- 9855.69
2023-03-10 Friday 11:24:56: ****************************************
2023-03-10 Friday 11:24:56: Calculation 1 - Overall 
2023-03-10 Friday 11:24:56: ****************************************
2023-03-10 Friday 11:24:56: Inner X Outer Loops Mean Reward= -0.000 +/- 1.085
2023-03-10 Friday 11:24:56: Inner X Outer Loops Mean Stopped= 13.643 +/- 15.078
2023-03-10 Friday 11:24:56: Inner X Outer Loops Mean Stopped Cross Check= 13.657 +/- 15.081
2023-03-10 Friday 11:24:56: Inner X Outer Loops Mean Waiting Time= 375.271 +/- 728.176
2023-03-10 Friday 11:24:56: Inner X Outer Loops Mean Avg Speed= 0.308 +/- 0.093
2023-03-10 Friday 11:24:56: Inner X Outer Loops Mean Avg Speed 2= 5.730 +/- 1.705
2023-03-10 Friday 11:24:56: Inner X Outer Loops Mean Avg Speed Cross Check= 7.033 +/- 1.583
2023-03-10 Friday 11:24:56: ****************************************
2023-03-10 Friday 11:24:56: Calculation 2 - Per Episode
2023-03-10 Friday 11:24:56: ****************************************
2023-03-10 Friday 11:24:56: Episode:0 Mean Reward= -0.000 +/- 1.798
2023-03-10 Friday 11:24:56: Episode:1 Mean Reward= -0.000 +/- 0.804
2023-03-10 Friday 11:24:56: Episode:2 Mean Reward= -0.000 +/- 0.801
2023-03-10 Friday 11:24:56: Episode:3 Mean Reward= -0.000 +/- 0.852
2023-03-10 Friday 11:24:56: Episode:4 Mean Reward= -0.000 +/- 0.803
2023-03-10 Friday 11:24:56: 1-Total Mean Reward= -0.000 +/- 0.000
2023-03-10 Friday 11:24:56: 2-Total Mean Reward= -0.000 +/- 1.011
2023-03-10 Friday 11:24:56: ****
2023-03-10 Friday 11:24:56: Episode:0 Mean Stopped= 33.051 +/- 24.996
2023-03-10 Friday 11:24:56: Episode:1 Mean Stopped= 8.640 +/- 2.853
2023-03-10 Friday 11:24:56: Episode:2 Mean Stopped= 8.564 +/- 3.386
2023-03-10 Friday 11:24:56: Episode:3 Mean Stopped= 9.238 +/- 3.634
2023-03-10 Friday 11:24:56: Episode:4 Mean Stopped= 8.722 +/- 2.817
2023-03-10 Friday 11:24:56: 1-Total Mean Stopped= 13.643 +/- 9.707
2023-03-10 Friday 11:24:56: 2-Total Mean Stopped= 13.643 +/- 7.537
2023-03-10 Friday 11:24:56: ****
2023-03-10 Friday 11:24:56: Episode:0 Mean Stopped Cross Check= 33.072 +/- 25.000
2023-03-10 Friday 11:24:56: Episode:1 Mean Stopped Cross Check= 8.652 +/- 2.852
2023-03-10 Friday 11:24:56: Episode:2 Mean Stopped Cross Check= 8.577 +/- 3.387
2023-03-10 Friday 11:24:56: Episode:3 Mean Stopped Cross Check= 9.251 +/- 3.636
2023-03-10 Friday 11:24:56: Episode:4 Mean Stopped Cross Check= 8.736 +/- 2.818
2023-03-10 Friday 11:24:56: 1-Total Mean Stopped Cross Check= 13.657 +/- 9.710
2023-03-10 Friday 11:24:56: 2-Total Mean Stopped Cross Check= 13.657 +/- 7.539
2023-03-10 Friday 11:24:56: ****
2023-03-10 Friday 11:24:56: Episode:0 Mean Waiting Time= 1130.728 +/- 1361.371
2023-03-10 Friday 11:24:56: Episode:1 Mean Waiting Time= 180.831 +/- 130.432
2023-03-10 Friday 11:24:56: Episode:2 Mean Waiting Time= 180.491 +/- 148.416
2023-03-10 Friday 11:24:56: Episode:3 Mean Waiting Time= 201.634 +/- 165.709
2023-03-10 Friday 11:24:56: Episode:4 Mean Waiting Time= 182.668 +/- 132.907
2023-03-10 Friday 11:24:56: 1-Total Mean Waiting Time= 375.271 +/- 377.811
2023-03-10 Friday 11:24:56: 2-Total Mean Waiting Time= 375.271 +/- 387.767
2023-03-10 Friday 11:24:56: Episode:0 Mean Avg Speed= 0.202 +/- 0.114
2023-03-10 Friday 11:24:56: Episode:1 Mean Avg Speed= 0.336 +/- 0.060
2023-03-10 Friday 11:24:56: Episode:2 Mean Avg Speed= 0.340 +/- 0.065
2023-03-10 Friday 11:24:56: Episode:3 Mean Avg Speed= 0.328 +/- 0.064
2023-03-10 Friday 11:24:56: Episode:4 Mean Avg Speed= 0.335 +/- 0.060
2023-03-10 Friday 11:24:56: 1-Total Mean Avg Speed= 0.308 +/- 0.054
2023-03-10 Friday 11:24:56: 2-Total Mean Avg Speed= 0.308 +/- 0.073
2023-03-10 Friday 11:24:56: Episode:0 Mean Avg Speed 2= 3.747 +/- 2.121
2023-03-10 Friday 11:24:56: Episode:1 Mean Avg Speed 2= 6.251 +/- 1.074
2023-03-10 Friday 11:24:56: Episode:2 Mean Avg Speed 2= 6.329 +/- 1.188
2023-03-10 Friday 11:24:56: Episode:3 Mean Avg Speed 2= 6.101 +/- 1.167
2023-03-10 Friday 11:24:56: Episode:4 Mean Avg Speed 2= 6.221 +/- 1.078
2023-03-10 Friday 11:24:56: 1-Total Mean Avg Speed 2= 5.730 +/- 0.994
2023-03-10 Friday 11:24:56: 2-Total Mean Avg Speed 2= 5.730 +/- 1.326
2023-03-10 Friday 11:24:56: Episode:0 Mean Avg Speed Cross Check= 5.065 +/- 2.171
2023-03-10 Friday 11:24:56: Episode:1 Mean Avg Speed Cross Check= 7.549 +/- 0.818
2023-03-10 Friday 11:24:56: Episode:2 Mean Avg Speed Cross Check= 7.596 +/- 0.909
2023-03-10 Friday 11:24:56: Episode:3 Mean Avg Speed Cross Check= 7.423 +/- 0.896
2023-03-10 Friday 11:24:56: Episode:4 Mean Avg Speed Cross Check= 7.530 +/- 0.810
2023-03-10 Friday 11:24:56: 1-Total Mean Avg Speed Cross Check= 7.033 +/- 0.985
2023-03-10 Friday 11:24:56: 2-Total Mean Avg Speed Cross Check= 7.033 +/- 1.121
2023-03-10 Friday 11:24:56: ****************************************
