2023-01-27 Friday 21:52:39 root:INFO:Total Missing States: 0
2023-01-27 Friday 21:52:39 root:INFO:Mean Reward=-195.00 +/- 6.61
2023-01-27 Friday 21:52:39 root:INFO:Mean Stopped=518776.00 +/- 150.05
2023-01-27 Friday 21:52:39 root:INFO:Mean Waiting Time=190274660.00 +/- 420696.89
2023-01-27 Friday 21:52:39 root:INFO:****************************************
2023-01-27 Friday 21:52:39 root:INFO:Calculation 1 - Overall 
2023-01-27 Friday 21:52:39 root:INFO:****************************************
2023-01-27 Friday 21:52:39 root:INFO:Inner X Outer Loops Mean Reward=-0.019 +/- 4.604
2023-01-27 Friday 21:52:39 root:INFO:Inner X Outer Loops Mean Stopped= 51.872 +/- 3.857
2023-01-27 Friday 21:52:39 root:INFO:Inner X Outer Loops Mean Waiting Time= 19025.563 +/- 2073.874
2023-01-27 Friday 21:52:39 root:INFO:****************************************
2023-01-27 Friday 21:52:39 root:INFO:Calculation 2 - Per Episode
2023-01-27 Friday 21:52:39 root:INFO:****************************************
2023-01-27 Friday 21:52:39 root:INFO:Episode:0 Mean Waiting Time=-0.019 +/- 4.605
2023-01-27 Friday 21:52:39 root:INFO:Episode:1 Mean Waiting Time=-0.020 +/- 4.600
2023-01-27 Friday 21:52:39 root:INFO:Episode:2 Mean Waiting Time=-0.019 +/- 4.606
2023-01-27 Friday 21:52:39 root:INFO:Episode:3 Mean Waiting Time=-0.021 +/- 4.601
2023-01-27 Friday 21:52:39 root:INFO:Episode:4 Mean Waiting Time=-0.019 +/- 4.609
2023-01-27 Friday 21:52:39 root:INFO:1-Total Mean Reward= -0.019 +/- 0.001
2023-01-27 Friday 21:52:39 root:INFO:2-Total Mean Reward= -0.019 +/- 4.604
2023-01-27 Friday 21:52:39 root:INFO:****
2023-01-27 Friday 21:52:39 root:INFO:Episode:0 Mean Stopped= 51.880 +/- 3.869
2023-01-27 Friday 21:52:39 root:INFO:Episode:1 Mean Stopped= 51.855 +/- 3.865
2023-01-27 Friday 21:52:39 root:INFO:Episode:2 Mean Stopped= 51.893 +/- 3.833
2023-01-27 Friday 21:52:39 root:INFO:Episode:3 Mean Stopped= 51.855 +/- 3.872
2023-01-27 Friday 21:52:39 root:INFO:Episode:4 Mean Stopped= 51.878 +/- 3.846
2023-01-27 Friday 21:52:39 root:INFO:1-Total Mean Stopped= 51.872 +/- 0.015
2023-01-27 Friday 21:52:39 root:INFO:2-Total Mean Stopped= 51.872 +/- 3.857
2023-01-27 Friday 21:52:39 root:INFO:****
2023-01-27 Friday 21:52:39 root:INFO:Episode:0 Mean Waiting Time= 18985.183 +/- 2089.303
2023-01-27 Friday 21:52:39 root:INFO:Episode:1 Mean Waiting Time= 19023.593 +/- 2073.508
2023-01-27 Friday 21:52:39 root:INFO:Episode:2 Mean Waiting Time= 19076.375 +/- 2031.412
2023-01-27 Friday 21:52:39 root:INFO:Episode:3 Mean Waiting Time= 18973.399 +/- 2066.285
2023-01-27 Friday 21:52:39 root:INFO:Episode:4 Mean Waiting Time= 19069.268 +/- 2105.976
2023-01-27 Friday 21:52:39 root:INFO:1-Total Mean Waiting Time= 19025.563 +/- 42.065
2023-01-27 Friday 21:52:39 root:INFO:2-Total Mean Waiting Time= 19025.563 +/- 2073.297
2023-01-27 Friday 21:52:39 root:INFO:****************************************
