2023-03-12 Sunday 23:47:19: Run: 4 for Training experiment: DoE-35 - first seed: 470 - alpha: 0.3 - gamma: 0.99 - epsilon: 0.4 - reward: diff-waiting-time
2023-03-12 Sunday 23:52:51: Run: 1 - First Epsilon: 0.4 - Last Epsilon: 0.4
2023-03-12 Sunday 23:58:40: Run: 2 - First Epsilon: 0.4 - Last Epsilon: 0.4
2023-03-13 Monday 00:04:02: Run: 3 - First Epsilon: 0.4 - Last Epsilon: 0.4
2023-03-13 Monday 00:09:40: Run: 4 - First Epsilon: 0.4 - Last Epsilon: 0.4
2023-03-13 Monday 00:15:31: Run: 5 - First Epsilon: 0.4 - Last Epsilon: 0.4
2023-03-13 Monday 00:15:31: Q-Table Total Distinct States: 336
2023-03-13 Monday 00:15:31: Mean_reward=-2.78 +/- 0.97
2023-03-13 Monday 00:15:31: Mean_Stopped=86328.60 +/- 4356.38
2023-03-13 Monday 00:15:31: Mean_Stopped=86500.20 +/- 4373.17
2023-03-13 Monday 00:15:31: Mean_waiting_time=2102650.80 +/- 166287.85
2023-03-13 Monday 00:15:31: Mean_avg_speed=3389.81 +/- 68.67
2023-03-13 Monday 00:15:31: Mean_avg_speed_2=62986.04 +/- 1274.45
2023-03-13 Monday 00:15:31: Mean_avg_speed_cross_check=75786.70 +/- 992.70
2023-03-13 Monday 00:15:31: ****************************************
2023-03-13 Monday 00:15:31: Calculation 1 - Overall 
2023-03-13 Monday 00:15:31: ****************************************
2023-03-13 Monday 00:15:31: Inner X Outer Loops Mean Reward= -0.000 +/- 0.874
2023-03-13 Monday 00:15:31: Inner X Outer Loops Mean Stopped= 8.632 +/- 3.192
2023-03-13 Monday 00:15:31: Inner X Outer Loops Mean Stopped Cross Check= 8.649 +/- 3.193
2023-03-13 Monday 00:15:31: Inner X Outer Loops Mean Waiting Time= 210.244 +/- 190.290
2023-03-13 Monday 00:15:31: Inner X Outer Loops Mean Avg Speed= 0.339 +/- 0.063
2023-03-13 Monday 00:15:31: Inner X Outer Loops Mean Avg Speed 2= 6.298 +/- 1.154
2023-03-13 Monday 00:15:31: Inner X Outer Loops Mean Avg Speed Cross Check= 7.578 +/- 0.875
2023-03-13 Monday 00:15:31: ****************************************
2023-03-13 Monday 00:15:31: Calculation 2 - Per Episode
2023-03-13 Monday 00:15:31: ****************************************
2023-03-13 Monday 00:15:31: Episode:0 Mean Reward= -0.000 +/- 0.922
2023-03-13 Monday 00:15:31: Episode:1 Mean Reward= -0.000 +/- 0.877
2023-03-13 Monday 00:15:31: Episode:2 Mean Reward= -0.000 +/- 0.835
2023-03-13 Monday 00:15:31: Episode:3 Mean Reward= -0.000 +/- 0.836
2023-03-13 Monday 00:15:31: Episode:4 Mean Reward= -0.000 +/- 0.898
2023-03-13 Monday 00:15:31: 1-Total Mean Reward= -0.000 +/- 0.000
2023-03-13 Monday 00:15:31: 2-Total Mean Reward= -0.000 +/- 0.873
2023-03-13 Monday 00:15:31: ****
2023-03-13 Monday 00:15:31: Episode:0 Mean Stopped= 8.959 +/- 3.607
2023-03-13 Monday 00:15:31: Episode:1 Mean Stopped= 8.556 +/- 3.043
2023-03-13 Monday 00:15:31: Episode:2 Mean Stopped= 8.282 +/- 2.820
2023-03-13 Monday 00:15:31: Episode:3 Mean Stopped= 8.086 +/- 2.665
2023-03-13 Monday 00:15:31: Episode:4 Mean Stopped= 9.277 +/- 3.558
2023-03-13 Monday 00:15:31: 1-Total Mean Stopped= 8.632 +/- 0.436
2023-03-13 Monday 00:15:31: 2-Total Mean Stopped= 8.632 +/- 3.139
2023-03-13 Monday 00:15:31: ****
2023-03-13 Monday 00:15:31: Episode:0 Mean Stopped Cross Check= 8.976 +/- 3.606
2023-03-13 Monday 00:15:31: Episode:1 Mean Stopped Cross Check= 8.572 +/- 3.044
2023-03-13 Monday 00:15:31: Episode:2 Mean Stopped Cross Check= 8.296 +/- 2.822
2023-03-13 Monday 00:15:31: Episode:3 Mean Stopped Cross Check= 8.103 +/- 2.666
2023-03-13 Monday 00:15:31: Episode:4 Mean Stopped Cross Check= 9.298 +/- 3.562
2023-03-13 Monday 00:15:31: 1-Total Mean Stopped Cross Check= 8.649 +/- 0.437
2023-03-13 Monday 00:15:31: 2-Total Mean Stopped Cross Check= 8.649 +/- 3.140
2023-03-13 Monday 00:15:31: ****
2023-03-13 Monday 00:15:31: Episode:0 Mean Waiting Time= 231.410 +/- 252.859
2023-03-13 Monday 00:15:31: Episode:1 Mean Waiting Time= 211.113 +/- 176.764
2023-03-13 Monday 00:15:31: Episode:2 Mean Waiting Time= 191.786 +/- 159.138
2023-03-13 Monday 00:15:31: Episode:3 Mean Waiting Time= 191.332 +/- 159.782
2023-03-13 Monday 00:15:31: Episode:4 Mean Waiting Time= 225.579 +/- 183.384
2023-03-13 Monday 00:15:31: 1-Total Mean Waiting Time= 210.244 +/- 16.627
2023-03-13 Monday 00:15:31: 2-Total Mean Waiting Time= 210.244 +/- 186.386
2023-03-13 Monday 00:15:31: Episode:0 Mean Avg Speed= 0.334 +/- 0.065
2023-03-13 Monday 00:15:31: Episode:1 Mean Avg Speed= 0.340 +/- 0.062
2023-03-13 Monday 00:15:31: Episode:2 Mean Avg Speed= 0.344 +/- 0.062
2023-03-13 Monday 00:15:31: Episode:3 Mean Avg Speed= 0.348 +/- 0.061
2023-03-13 Monday 00:15:31: Episode:4 Mean Avg Speed= 0.329 +/- 0.066
2023-03-13 Monday 00:15:31: 1-Total Mean Avg Speed= 0.339 +/- 0.007
2023-03-13 Monday 00:15:31: 2-Total Mean Avg Speed= 0.339 +/- 0.063
2023-03-13 Monday 00:15:31: Episode:0 Mean Avg Speed 2= 6.215 +/- 1.178
2023-03-13 Monday 00:15:31: Episode:1 Mean Avg Speed 2= 6.315 +/- 1.132
2023-03-13 Monday 00:15:31: Episode:2 Mean Avg Speed 2= 6.397 +/- 1.114
2023-03-13 Monday 00:15:31: Episode:3 Mean Avg Speed 2= 6.459 +/- 1.112
2023-03-13 Monday 00:15:31: Episode:4 Mean Avg Speed 2= 6.103 +/- 1.194
2023-03-13 Monday 00:15:31: 1-Total Mean Avg Speed 2= 6.298 +/- 0.127
2023-03-13 Monday 00:15:31: 2-Total Mean Avg Speed 2= 6.298 +/- 1.146
2023-03-13 Monday 00:15:31: Episode:0 Mean Avg Speed Cross Check= 7.518 +/- 0.907
2023-03-13 Monday 00:15:31: Episode:1 Mean Avg Speed Cross Check= 7.592 +/- 0.857
2023-03-13 Monday 00:15:31: Episode:2 Mean Avg Speed Cross Check= 7.657 +/- 0.835
2023-03-13 Monday 00:15:31: Episode:3 Mean Avg Speed Cross Check= 7.700 +/- 0.816
2023-03-13 Monday 00:15:31: Episode:4 Mean Avg Speed Cross Check= 7.422 +/- 0.925
2023-03-13 Monday 00:15:31: 1-Total Mean Avg Speed Cross Check= 7.578 +/- 0.099
2023-03-13 Monday 00:15:31: 2-Total Mean Avg Speed Cross Check= 7.578 +/- 0.868
2023-03-13 Monday 00:15:31: ****************************************
