2023-03-16 Thursday 03:59:24: Run: 5 for Training experiment: DoE-33 - first seed: 570 - alpha: 0.3 - gamma: 0.99 - epsilon: 0.3 - reward: diff-waiting-time
2023-03-16 Thursday 04:07:49: Run: 1 - First Epsilon: 0.3 - Last Epsilon: 0.3
2023-03-16 Thursday 04:13:29: Run: 2 - First Epsilon: 0.3 - Last Epsilon: 0.3
2023-03-16 Thursday 04:18:49: Run: 3 - First Epsilon: 0.3 - Last Epsilon: 0.3
2023-03-16 Thursday 04:24:13: Run: 4 - First Epsilon: 0.3 - Last Epsilon: 0.3
2023-03-16 Thursday 04:29:47: Run: 5 - First Epsilon: 0.3 - Last Epsilon: 0.3
2023-03-16 Thursday 04:29:47: Q-Table Total Distinct States: 883
2023-03-16 Thursday 04:29:47: Mean_reward=-1.68 +/- 1.22
2023-03-16 Thursday 04:29:47: Mean_Stopped=115124.00 +/- 74331.10
2023-03-16 Thursday 04:29:47: Mean_Stopped=115271.60 +/- 74346.58
2023-03-16 Thursday 04:29:47: Mean_waiting_time=3308791.60 +/- 2931124.12
2023-03-16 Thursday 04:29:47: Mean_avg_speed=3365.61 +/- 342.39
2023-03-16 Thursday 04:29:47: Mean_avg_speed_2=62541.57 +/- 6387.37
2023-03-16 Thursday 04:29:47: Mean_avg_speed_cross_check=74631.30 +/- 6528.45
2023-03-16 Thursday 04:29:47: ****************************************
2023-03-16 Thursday 04:29:47: Calculation 1 - Overall 
2023-03-16 Thursday 04:29:47: ****************************************
2023-03-16 Thursday 04:29:47: Inner X Outer Loops Mean Reward= -0.000 +/- 1.028
2023-03-16 Thursday 04:29:47: Inner X Outer Loops Mean Stopped= 11.511 +/- 15.186
2023-03-16 Thursday 04:29:47: Inner X Outer Loops Mean Stopped Cross Check= 11.526 +/- 15.188
2023-03-16 Thursday 04:29:47: Inner X Outer Loops Mean Waiting Time= 330.846 +/- 723.516
2023-03-16 Thursday 04:29:47: Inner X Outer Loops Mean Avg Speed= 0.337 +/- 0.088
2023-03-16 Thursday 04:29:47: Inner X Outer Loops Mean Avg Speed 2= 6.254 +/- 1.624
2023-03-16 Thursday 04:29:47: Inner X Outer Loops Mean Avg Speed Cross Check= 7.462 +/- 1.478
2023-03-16 Thursday 04:29:47: ****************************************
2023-03-16 Thursday 04:29:47: Calculation 2 - Per Episode
2023-03-16 Thursday 04:29:47: ****************************************
2023-03-16 Thursday 04:29:47: Episode:0 Mean Reward= -0.000 +/- 1.609
2023-03-16 Thursday 04:29:47: Episode:1 Mean Reward= -0.000 +/- 0.837
2023-03-16 Thursday 04:29:47: Episode:2 Mean Reward= -0.000 +/- 0.819
2023-03-16 Thursday 04:29:47: Episode:3 Mean Reward= -0.000 +/- 0.857
2023-03-16 Thursday 04:29:47: Episode:4 Mean Reward= -0.000 +/- 0.767
2023-03-16 Thursday 04:29:47: 1-Total Mean Reward= -0.000 +/- 0.000
2023-03-16 Thursday 04:29:47: 2-Total Mean Reward= -0.000 +/- 0.978
2023-03-16 Thursday 04:29:47: ****
2023-03-16 Thursday 04:29:47: Episode:0 Mean Stopped= 26.371 +/- 29.144
2023-03-16 Thursday 04:29:47: Episode:1 Mean Stopped= 7.895 +/- 2.480
2023-03-16 Thursday 04:29:47: Episode:2 Mean Stopped= 7.813 +/- 2.667
2023-03-16 Thursday 04:29:47: Episode:3 Mean Stopped= 8.043 +/- 2.952
2023-03-16 Thursday 04:29:47: Episode:4 Mean Stopped= 7.435 +/- 2.351
2023-03-16 Thursday 04:29:47: 1-Total Mean Stopped= 11.511 +/- 7.432
2023-03-16 Thursday 04:29:47: 2-Total Mean Stopped= 11.511 +/- 7.919
2023-03-16 Thursday 04:29:47: ****
2023-03-16 Thursday 04:29:47: Episode:0 Mean Stopped Cross Check= 26.388 +/- 29.148
2023-03-16 Thursday 04:29:47: Episode:1 Mean Stopped Cross Check= 7.912 +/- 2.479
2023-03-16 Thursday 04:29:47: Episode:2 Mean Stopped Cross Check= 7.825 +/- 2.668
2023-03-16 Thursday 04:29:47: Episode:3 Mean Stopped Cross Check= 8.058 +/- 2.953
2023-03-16 Thursday 04:29:47: Episode:4 Mean Stopped Cross Check= 7.447 +/- 2.353
2023-03-16 Thursday 04:29:47: 1-Total Mean Stopped Cross Check= 11.526 +/- 7.434
2023-03-16 Thursday 04:29:47: 2-Total Mean Stopped Cross Check= 11.526 +/- 7.920
2023-03-16 Thursday 04:29:47: ****
2023-03-16 Thursday 04:29:47: Episode:0 Mean Waiting Time= 916.528 +/- 1439.642
2023-03-16 Thursday 04:29:47: Episode:1 Mean Waiting Time= 190.881 +/- 180.076
2023-03-16 Thursday 04:29:47: Episode:2 Mean Waiting Time= 182.895 +/- 164.873
2023-03-16 Thursday 04:29:47: Episode:3 Mean Waiting Time= 200.026 +/- 192.124
2023-03-16 Thursday 04:29:47: Episode:4 Mean Waiting Time= 163.900 +/- 137.113
2023-03-16 Thursday 04:29:47: 1-Total Mean Waiting Time= 330.846 +/- 293.083
2023-03-16 Thursday 04:29:47: 2-Total Mean Waiting Time= 330.846 +/- 422.766
2023-03-16 Thursday 04:29:47: Episode:0 Mean Avg Speed= 0.268 +/- 0.136
2023-03-16 Thursday 04:29:47: Episode:1 Mean Avg Speed= 0.350 +/- 0.059
2023-03-16 Thursday 04:29:47: Episode:2 Mean Avg Speed= 0.354 +/- 0.062
2023-03-16 Thursday 04:29:47: Episode:3 Mean Avg Speed= 0.350 +/- 0.063
2023-03-16 Thursday 04:29:47: Episode:4 Mean Avg Speed= 0.360 +/- 0.059
2023-03-16 Thursday 04:29:47: 1-Total Mean Avg Speed= 0.337 +/- 0.034
2023-03-16 Thursday 04:29:47: 2-Total Mean Avg Speed= 0.337 +/- 0.076
2023-03-16 Thursday 04:29:47: Episode:0 Mean Avg Speed 2= 4.984 +/- 2.507
2023-03-16 Thursday 04:29:47: Episode:1 Mean Avg Speed 2= 6.514 +/- 1.070
2023-03-16 Thursday 04:29:47: Episode:2 Mean Avg Speed 2= 6.578 +/- 1.112
2023-03-16 Thursday 04:29:47: Episode:3 Mean Avg Speed 2= 6.499 +/- 1.144
2023-03-16 Thursday 04:29:47: Episode:4 Mean Avg Speed 2= 6.694 +/- 1.081
2023-03-16 Thursday 04:29:47: 1-Total Mean Avg Speed 2= 6.254 +/- 0.639
2023-03-16 Thursday 04:29:47: 2-Total Mean Avg Speed 2= 6.254 +/- 1.383
2023-03-16 Thursday 04:29:47: Episode:0 Mean Avg Speed Cross Check= 6.161 +/- 2.489
2023-03-16 Thursday 04:29:47: Episode:1 Mean Avg Speed Cross Check= 7.748 +/- 0.776
2023-03-16 Thursday 04:29:47: Episode:2 Mean Avg Speed Cross Check= 7.793 +/- 0.818
2023-03-16 Thursday 04:29:47: Episode:3 Mean Avg Speed Cross Check= 7.726 +/- 0.849
2023-03-16 Thursday 04:29:47: Episode:4 Mean Avg Speed Cross Check= 7.884 +/- 0.781
2023-03-16 Thursday 04:29:47: 1-Total Mean Avg Speed Cross Check= 7.462 +/- 0.653
2023-03-16 Thursday 04:29:47: 2-Total Mean Avg Speed Cross Check= 7.462 +/- 1.143
2023-03-16 Thursday 04:29:47: ****************************************
