2023-04-14 Friday 01:31:20 root:INFO:Run: 1 for Baseline experiment: DE-3 - route: ../nets/roundabout/input_routes_roundabout_auto_v1-3.rou.xml - first seed: 180 - alpha: 0.5 - gamma: 0.99 - epsilon: 0.2 - reward: diff-waiting-time
2023-04-14 Friday 01:52:26 root:INFO:Total Missing States: 0
2023-04-14 Friday 01:52:26 root:INFO:Mean Reward=-546872.00 +/- 0.00
2023-04-14 Friday 01:52:26 root:INFO:Mean Stopped=546872.00 +/- 0.00
2023-04-14 Friday 01:52:26 root:INFO:Mean_Stopped=546877.00 +/- 0.00
2023-04-14 Friday 01:52:26 root:INFO:Mean Waiting Time=12489234.00 +/- 0.00
2023-04-14 Friday 01:52:26 root:INFO:Mean_avg_speed=728.65 +/- 0.00
2023-04-14 Friday 01:52:26 root:INFO:Mean_avg_speed_2=13601.29 +/- 0.00
2023-04-14 Friday 01:52:26 root:INFO:Mean_avg_speed_cross_check=23489.98 +/- 0.00
2023-04-14 Friday 01:52:26 root:INFO:Mean_average_co2_emission_tl=26119271.34 +/- 0.00
2023-04-14 Friday 01:52:26 root:INFO:Mean_average_co_emission_tl=1428311.86 +/- 0.00
2023-04-14 Friday 01:52:26 root:INFO:Mean_average_fuel_consumption_tl=11228.20 +/- 0.00
2023-04-14 Friday 01:52:26 root:INFO:Mean_average_noise_emission_tl=567920.90 +/- 0.00
2023-04-14 Friday 01:52:26 root:INFO:Mean_average_co2_emission=25377865.70 +/- 0.00
2023-04-14 Friday 01:52:26 root:INFO:Mean_average_co_emission=1289916.11 +/- 0.00
2023-04-14 Friday 01:52:26 root:INFO:Mean_average_fuel_consumptions=10909.45 +/- 0.00
2023-04-14 Friday 01:52:26 root:INFO:Mean_average_noise_emissions=574327.10 +/- 0.00
2023-04-14 Friday 01:52:26 root:INFO:****************************************
2023-04-14 Friday 01:52:26 root:INFO:Calculation 1 - Overall 
2023-04-14 Friday 01:52:26 root:INFO:****************************************
2023-04-14 Friday 01:52:26 root:INFO:Inner X Outer Loops Mean Reward=-54.682 +/- 9.406
2023-04-14 Friday 01:52:26 root:INFO:Inner X Outer Loops Mean Stopped= 54.682 +/- 9.406
2023-04-14 Friday 01:52:26 root:INFO:Inner X Outer Loops Mean Stopped Cross Check= 54.682 +/- 9.406
2023-04-14 Friday 01:52:26 root:INFO:Inner X Outer Loops Mean Waiting Time= 1248.799 +/- 244.867
2023-04-14 Friday 01:52:26 root:INFO:Inner X Outer Loops Mean Avg Speed= 0.073 +/- 0.039
2023-04-14 Friday 01:52:26 root:INFO:Inner X Outer Loops Mean Avg Speed 2= 1.360 +/- 0.735
2023-04-14 Friday 01:52:26 root:INFO:Inner X Outer Loops Mean Avg Speed Cross Check= 2.349 +/- 0.765
2023-04-14 Friday 01:52:26 root:INFO:Inner X Outer Loops Mean Average CO2 Emission TL= 2611.666 +/- 86.554
2023-04-14 Friday 01:52:26 root:INFO:Inner X Outer Loops Mean Average CO Emission TL= 142.817 +/- 7.296
2023-04-14 Friday 01:52:26 root:INFO:Inner X Outer Loops Mean Average Fuel Consumption TL= 1.123 +/- 0.037
2023-04-14 Friday 01:52:26 root:INFO:Inner X Outer Loops Mean Average Noise Emission TL= 56.786 +/- 0.545
2023-04-14 Friday 01:52:26 root:INFO:Inner X Outer Loops Mean Average CO2 Emission= 2537.533 +/- 87.968
2023-04-14 Friday 01:52:26 root:INFO:Inner X Outer Loops Mean Average CO Emission= 128.979 +/- 8.410
2023-04-14 Friday 01:52:26 root:INFO:Inner X Outer Loops Mean Average Fuel Consumptions= 1.091 +/- 0.038
2023-04-14 Friday 01:52:26 root:INFO:Inner X Outer Loops Mean Average Noise Emissions= 57.427 +/- 0.553
2023-04-14 Friday 01:52:26 root:INFO:****************************************
2023-04-14 Friday 01:52:26 root:INFO:Calculation 2 - Per Episode
2023-04-14 Friday 01:52:26 root:INFO:****************************************
2023-04-14 Friday 01:52:26 root:INFO:Episode:0 Mean Waiting Time=-54.682 +/- 9.406
2023-04-14 Friday 01:52:26 root:INFO:1-Total Mean Reward= -54.682 +/- 0.000
2023-04-14 Friday 01:52:26 root:INFO:2-Total Mean Reward= -54.682 +/- 9.406
2023-04-14 Friday 01:52:26 root:INFO:****
2023-04-14 Friday 01:52:26 root:INFO:Episode:0 Mean Stopped= 54.682 +/- 9.406
2023-04-14 Friday 01:52:26 root:INFO:1-Total Mean Stopped= 54.682 +/- 0.000
2023-04-14 Friday 01:52:26 root:INFO:2-Total Mean Stopped= 54.682 +/- 9.406
2023-04-14 Friday 01:52:26 root:INFO:****
2023-04-14 Friday 01:52:26 root:INFO:Episode:0 Mean Stopped Cross Check= 54.682 +/- 9.406
2023-04-14 Friday 01:52:26 root:INFO:1-Total Mean Stopped Cross Check= 54.682 +/- 0.000
2023-04-14 Friday 01:52:26 root:INFO:2-Total Mean Stopped Cross Check= 54.682 +/- 9.406
2023-04-14 Friday 01:52:26 root:INFO:****
2023-04-14 Friday 01:52:26 root:INFO:Episode:0 Mean Waiting Time= 1248.799 +/- 244.867
2023-04-14 Friday 01:52:26 root:INFO:1-Total Mean Waiting Time= 1248.799 +/- 0.000
2023-04-14 Friday 01:52:26 root:INFO:2-Total Mean Waiting Time= 1248.799 +/- 244.867
2023-04-14 Friday 01:52:26 root:INFO:Episode:0 Mean Avg Speed= 0.073 +/- 0.039
2023-04-14 Friday 01:52:26 root:INFO:1-Total Mean Avg Speed= 0.073 +/- 0.000
2023-04-14 Friday 01:52:26 root:INFO:2-Total Mean Avg Speed= 0.073 +/- 0.039
2023-04-14 Friday 01:52:26 root:INFO:Episode:0 Mean Avg Speed 2= 1.360 +/- 0.735
2023-04-14 Friday 01:52:26 root:INFO:1-Total Mean Avg Speed 2= 1.360 +/- 0.000
2023-04-14 Friday 01:52:26 root:INFO:2-Total Mean Avg Speed 2= 1.360 +/- 0.735
2023-04-14 Friday 01:52:26 root:INFO:Episode:0 Mean Avg Speed Cross Check= 2.349 +/- 0.765
2023-04-14 Friday 01:52:26 root:INFO:1-Total Mean Avg Speed Cross Check= 2.349 +/- 0.000
2023-04-14 Friday 01:52:26 root:INFO:2-Total Mean Avg Speed Cross Check= 2.349 +/- 0.765
2023-04-14 Friday 01:52:26 root:INFO:Episode:0 Mean Average CO2 Emission TL= 2611.666 +/- 86.554
2023-04-14 Friday 01:52:26 root:INFO:1-Total Mean Average CO2 Emission TL= 2611.666 +/- 0.000
2023-04-14 Friday 01:52:26 root:INFO:2-Total Mean Average CO2 Emission TL= 2611.666 +/- 86.554
2023-04-14 Friday 01:52:26 root:INFO:Episode:0 Mean Average CO Emission TL= 142.817 +/- 7.296
2023-04-14 Friday 01:52:26 root:INFO:1-Total Mean Average CO Emission TL= 142.817 +/- 0.000
2023-04-14 Friday 01:52:26 root:INFO:2-Total Mean Average CO Emission TL= 142.817 +/- 7.296
2023-04-14 Friday 01:52:26 root:INFO:Episode:0 Mean Average Fuel Consumption TL= 1.123 +/- 0.037
2023-04-14 Friday 01:52:26 root:INFO:1-Total Mean Average Fuel Consumption TL= 1.123 +/- 0.000
2023-04-14 Friday 01:52:26 root:INFO:2-Total Mean Average Fuel Consumption TL= 1.123 +/- 0.037
2023-04-14 Friday 01:52:26 root:INFO:Episode:0 Mean Average Noise Emission TL= 56.786 +/- 0.545
2023-04-14 Friday 01:52:26 root:INFO:1-Total Mean Average Noise Emission TL= 56.786 +/- 0.000
2023-04-14 Friday 01:52:26 root:INFO:2-Total Mean Average Noise Emission TL= 56.786 +/- 0.545
2023-04-14 Friday 01:52:26 root:INFO:Episode:0 Mean Average CO2 Emission= 2537.533 +/- 87.968
2023-04-14 Friday 01:52:26 root:INFO:1-Total Mean Average CO2 Emission= 2537.533 +/- 0.000
2023-04-14 Friday 01:52:26 root:INFO:2-Total Mean Average CO2 Emission= 2537.533 +/- 87.968
2023-04-14 Friday 01:52:26 root:INFO:Episode:0 Mean Average CO Emission= 128.979 +/- 8.410
2023-04-14 Friday 01:52:26 root:INFO:1-Total Mean Average CO Emission= 128.979 +/- 0.000
2023-04-14 Friday 01:52:26 root:INFO:2-Total Mean Average CO Emission= 128.979 +/- 8.410
2023-04-14 Friday 01:52:26 root:INFO:Episode:0 Mean Average Fuel Consumption= 1.091 +/- 0.038
2023-04-14 Friday 01:52:26 root:INFO:1-Total Mean Average Fuel Consumption= 1.091 +/- 0.000
2023-04-14 Friday 01:52:26 root:INFO:2-Total Mean Average Fuel Consumption= 1.091 +/- 0.038
2023-04-14 Friday 01:52:26 root:INFO:Episode:0 Mean Average Noise Emission= 57.427 +/- 0.553
2023-04-14 Friday 01:52:26 root:INFO:1-Total Mean Average Noise Emission= 57.427 +/- 0.000
2023-04-14 Friday 01:52:26 root:INFO:2-Total Mean Average Noise Emission= 57.427 +/- 0.553
2023-04-14 Friday 01:52:26 root:INFO:****************************************
