2023-02-25 Saturday 16:30:58: Run: 1 for Training experiment: DoE-7 - first seed: 170 - alpha: 0.1 - gamma: 0.9 - epsilon: 0.2 - reward: diff-waiting-time
2023-02-25 Saturday 16:36:11: Run: 1 - First Epsilon: 0.2 - Last Epsilon: 0.2
2023-02-25 Saturday 16:41:42: Run: 2 - First Epsilon: 0.2 - Last Epsilon: 0.2
2023-02-25 Saturday 16:47:12: Run: 3 - First Epsilon: 0.2 - Last Epsilon: 0.2
2023-02-25 Saturday 16:52:40: Run: 4 - First Epsilon: 0.2 - Last Epsilon: 0.2
2023-02-25 Saturday 16:58:06: Run: 5 - First Epsilon: 0.2 - Last Epsilon: 0.2
2023-02-25 Saturday 16:58:06: Q-Table Total Distinct States: 208
2023-02-25 Saturday 16:58:06: Mean_reward=-0.85 +/- 0.44
2023-02-25 Saturday 16:58:06: Mean_Stopped=71385.80 +/- 1838.27
2023-02-25 Saturday 16:58:06: Mean_Stopped=71513.00 +/- 1868.98
2023-02-25 Saturday 16:58:06: Mean_waiting_time=1343140.60 +/- 119099.04
2023-02-25 Saturday 16:58:06: Mean_avg_speed=3657.40 +/- 42.50
2023-02-25 Saturday 16:58:06: Mean_avg_speed_2=67954.18 +/- 751.95
2023-02-25 Saturday 16:58:06: Mean_avg_speed_cross_check=79535.22 +/- 545.81
2023-02-25 Saturday 16:58:06: ****************************************
2023-02-25 Saturday 16:58:06: Calculation 1 - Overall 
2023-02-25 Saturday 16:58:06: ****************************************
2023-02-25 Saturday 16:58:06: Inner X Outer Loops Mean Reward= -0.000 +/- 0.687
2023-02-25 Saturday 16:58:06: Inner X Outer Loops Mean Stopped= 7.138 +/- 2.205
2023-02-25 Saturday 16:58:06: Inner X Outer Loops Mean Stopped Cross Check= 7.151 +/- 2.207
2023-02-25 Saturday 16:58:06: Inner X Outer Loops Mean Waiting Time= 134.301 +/- 121.792
2023-02-25 Saturday 16:58:06: Inner X Outer Loops Mean Avg Speed= 0.366 +/- 0.060
2023-02-25 Saturday 16:58:06: Inner X Outer Loops Mean Avg Speed 2= 6.795 +/- 1.078
2023-02-25 Saturday 16:58:06: Inner X Outer Loops Mean Avg Speed Cross Check= 7.953 +/- 0.763
2023-02-25 Saturday 16:58:06: ****************************************
2023-02-25 Saturday 16:58:06: Calculation 2 - Per Episode
2023-02-25 Saturday 16:58:06: ****************************************
2023-02-25 Saturday 16:58:06: Episode:0 Mean Reward= -0.000 +/- 0.751
2023-02-25 Saturday 16:58:06: Episode:1 Mean Reward= -0.000 +/- 0.689
2023-02-25 Saturday 16:58:06: Episode:2 Mean Reward= -0.000 +/- 0.685
2023-02-25 Saturday 16:58:06: Episode:3 Mean Reward= -0.000 +/- 0.649
2023-02-25 Saturday 16:58:06: Episode:4 Mean Reward= -0.000 +/- 0.657
2023-02-25 Saturday 16:58:06: 1-Total Mean Reward= -0.000 +/- 0.000
2023-02-25 Saturday 16:58:06: 2-Total Mean Reward= -0.000 +/- 0.686
2023-02-25 Saturday 16:58:06: ****
2023-02-25 Saturday 16:58:06: Episode:0 Mean Stopped= 7.311 +/- 2.413
2023-02-25 Saturday 16:58:06: Episode:1 Mean Stopped= 7.273 +/- 2.206
2023-02-25 Saturday 16:58:06: Episode:2 Mean Stopped= 7.273 +/- 2.137
2023-02-25 Saturday 16:58:06: Episode:3 Mean Stopped= 6.960 +/- 2.203
2023-02-25 Saturday 16:58:06: Episode:4 Mean Stopped= 6.872 +/- 2.008
2023-02-25 Saturday 16:58:06: 1-Total Mean Stopped= 7.138 +/- 0.184
2023-02-25 Saturday 16:58:06: 2-Total Mean Stopped= 7.138 +/- 2.193
2023-02-25 Saturday 16:58:06: ****
2023-02-25 Saturday 16:58:06: Episode:0 Mean Stopped Cross Check= 7.327 +/- 2.417
2023-02-25 Saturday 16:58:06: Episode:1 Mean Stopped Cross Check= 7.289 +/- 2.210
2023-02-25 Saturday 16:58:06: Episode:2 Mean Stopped Cross Check= 7.286 +/- 2.136
2023-02-25 Saturday 16:58:06: Episode:3 Mean Stopped Cross Check= 6.969 +/- 2.205
2023-02-25 Saturday 16:58:06: Episode:4 Mean Stopped Cross Check= 6.881 +/- 2.007
2023-02-25 Saturday 16:58:06: 1-Total Mean Stopped Cross Check= 7.151 +/- 0.187
2023-02-25 Saturday 16:58:06: 2-Total Mean Stopped Cross Check= 7.151 +/- 2.195
2023-02-25 Saturday 16:58:06: ****
2023-02-25 Saturday 16:58:06: Episode:0 Mean Waiting Time= 154.309 +/- 189.839
2023-02-25 Saturday 16:58:06: Episode:1 Mean Waiting Time= 137.332 +/- 105.742
2023-02-25 Saturday 16:58:06: Episode:2 Mean Waiting Time= 135.644 +/- 94.313
2023-02-25 Saturday 16:58:06: Episode:3 Mean Waiting Time= 121.614 +/- 88.316
2023-02-25 Saturday 16:58:06: Episode:4 Mean Waiting Time= 122.604 +/- 97.688
2023-02-25 Saturday 16:58:06: 1-Total Mean Waiting Time= 134.301 +/- 11.909
2023-02-25 Saturday 16:58:06: 2-Total Mean Waiting Time= 134.301 +/- 115.180
2023-02-25 Saturday 16:58:06: Episode:0 Mean Avg Speed= 0.363 +/- 0.062
2023-02-25 Saturday 16:58:06: Episode:1 Mean Avg Speed= 0.362 +/- 0.059
2023-02-25 Saturday 16:58:06: Episode:2 Mean Avg Speed= 0.362 +/- 0.058
2023-02-25 Saturday 16:58:06: Episode:3 Mean Avg Speed= 0.371 +/- 0.061
2023-02-25 Saturday 16:58:06: Episode:4 Mean Avg Speed= 0.371 +/- 0.058
2023-02-25 Saturday 16:58:06: 1-Total Mean Avg Speed= 0.366 +/- 0.004
2023-02-25 Saturday 16:58:06: 2-Total Mean Avg Speed= 0.366 +/- 0.059
2023-02-25 Saturday 16:58:06: Episode:0 Mean Avg Speed 2= 6.741 +/- 1.113
2023-02-25 Saturday 16:58:06: Episode:1 Mean Avg Speed 2= 6.728 +/- 1.078
2023-02-25 Saturday 16:58:06: Episode:2 Mean Avg Speed 2= 6.732 +/- 1.040
2023-02-25 Saturday 16:58:06: Episode:3 Mean Avg Speed 2= 6.877 +/- 1.096
2023-02-25 Saturday 16:58:06: Episode:4 Mean Avg Speed 2= 6.896 +/- 1.047
2023-02-25 Saturday 16:58:06: 1-Total Mean Avg Speed 2= 6.795 +/- 0.075
2023-02-25 Saturday 16:58:06: 2-Total Mean Avg Speed 2= 6.795 +/- 1.075
2023-02-25 Saturday 16:58:06: Episode:0 Mean Avg Speed Cross Check= 7.906 +/- 0.792
2023-02-25 Saturday 16:58:06: Episode:1 Mean Avg Speed Cross Check= 7.907 +/- 0.768
2023-02-25 Saturday 16:58:06: Episode:2 Mean Avg Speed Cross Check= 7.913 +/- 0.743
2023-02-25 Saturday 16:58:06: Episode:3 Mean Avg Speed Cross Check= 8.009 +/- 0.776
2023-02-25 Saturday 16:58:06: Episode:4 Mean Avg Speed Cross Check= 8.029 +/- 0.723
2023-02-25 Saturday 16:58:06: 1-Total Mean Avg Speed Cross Check= 7.953 +/- 0.055
2023-02-25 Saturday 16:58:06: 2-Total Mean Avg Speed Cross Check= 7.953 +/- 0.761
2023-02-25 Saturday 16:58:06: ****************************************
