2023-03-08 Wednesday 17:39:20: Run: 3 for Training experiment: DoE-49 - first seed: 370 - alpha: 0.5 - gamma: 0.99 - epsilon: 0.2 - reward: diff-waiting-time
2023-03-08 Wednesday 17:44:37: Run: 1 - First Epsilon: 0.2 - Last Epsilon: 0.2
2023-03-08 Wednesday 17:50:14: Run: 2 - First Epsilon: 0.2 - Last Epsilon: 0.2
2023-03-08 Wednesday 17:55:44: Run: 3 - First Epsilon: 0.2 - Last Epsilon: 0.2
2023-03-08 Wednesday 18:01:13: Run: 4 - First Epsilon: 0.2 - Last Epsilon: 0.2
2023-03-08 Wednesday 18:06:20: Run: 5 - First Epsilon: 0.2 - Last Epsilon: 0.2
2023-03-08 Wednesday 18:06:20: Q-Table Total Distinct States: 207
2023-03-08 Wednesday 18:06:20: Mean_reward=-2.18 +/- 0.75
2023-03-08 Wednesday 18:06:20: Mean_Stopped=72014.60 +/- 1715.25
2023-03-08 Wednesday 18:06:20: Mean_Stopped=72143.60 +/- 1717.05
2023-03-08 Wednesday 18:06:20: Mean_waiting_time=1741956.60 +/- 148983.50
2023-03-08 Wednesday 18:06:20: Mean_avg_speed=3650.80 +/- 38.23
2023-03-08 Wednesday 18:06:20: Mean_avg_speed_2=67830.31 +/- 630.42
2023-03-08 Wednesday 18:06:20: Mean_avg_speed_cross_check=79467.56 +/- 424.43
2023-03-08 Wednesday 18:06:20: ****************************************
2023-03-08 Wednesday 18:06:20: Calculation 1 - Overall 
2023-03-08 Wednesday 18:06:20: ****************************************
2023-03-08 Wednesday 18:06:20: Inner X Outer Loops Mean Reward= -0.000 +/- 0.800
2023-03-08 Wednesday 18:06:20: Inner X Outer Loops Mean Stopped= 7.201 +/- 2.180
2023-03-08 Wednesday 18:06:20: Inner X Outer Loops Mean Stopped Cross Check= 7.214 +/- 2.179
2023-03-08 Wednesday 18:06:20: Inner X Outer Loops Mean Waiting Time= 174.178 +/- 187.190
2023-03-08 Wednesday 18:06:20: Inner X Outer Loops Mean Avg Speed= 0.365 +/- 0.058
2023-03-08 Wednesday 18:06:20: Inner X Outer Loops Mean Avg Speed 2= 6.782 +/- 1.052
2023-03-08 Wednesday 18:06:20: Inner X Outer Loops Mean Avg Speed Cross Check= 7.946 +/- 0.745
2023-03-08 Wednesday 18:06:20: ****************************************
2023-03-08 Wednesday 18:06:20: Calculation 2 - Per Episode
2023-03-08 Wednesday 18:06:20: ****************************************
2023-03-08 Wednesday 18:06:20: Episode:0 Mean Reward= -0.000 +/- 0.853
2023-03-08 Wednesday 18:06:20: Episode:1 Mean Reward= -0.000 +/- 0.812
2023-03-08 Wednesday 18:06:20: Episode:2 Mean Reward= -0.000 +/- 0.780
2023-03-08 Wednesday 18:06:20: Episode:3 Mean Reward= -0.000 +/- 0.816
2023-03-08 Wednesday 18:06:20: Episode:4 Mean Reward= -0.000 +/- 0.735
2023-03-08 Wednesday 18:06:20: 1-Total Mean Reward= -0.000 +/- 0.000
2023-03-08 Wednesday 18:06:20: 2-Total Mean Reward= -0.000 +/- 0.799
2023-03-08 Wednesday 18:06:20: ****
2023-03-08 Wednesday 18:06:20: Episode:0 Mean Stopped= 7.462 +/- 2.299
2023-03-08 Wednesday 18:06:20: Episode:1 Mean Stopped= 7.181 +/- 2.262
2023-03-08 Wednesday 18:06:20: Episode:2 Mean Stopped= 7.186 +/- 2.122
2023-03-08 Wednesday 18:06:20: Episode:3 Mean Stopped= 7.250 +/- 2.194
2023-03-08 Wednesday 18:06:20: Episode:4 Mean Stopped= 6.925 +/- 1.976
2023-03-08 Wednesday 18:06:20: 1-Total Mean Stopped= 7.201 +/- 0.172
2023-03-08 Wednesday 18:06:20: 2-Total Mean Stopped= 7.201 +/- 2.171
2023-03-08 Wednesday 18:06:20: ****
2023-03-08 Wednesday 18:06:20: Episode:0 Mean Stopped Cross Check= 7.473 +/- 2.299
2023-03-08 Wednesday 18:06:20: Episode:1 Mean Stopped Cross Check= 7.193 +/- 2.262
2023-03-08 Wednesday 18:06:20: Episode:2 Mean Stopped Cross Check= 7.201 +/- 2.120
2023-03-08 Wednesday 18:06:20: Episode:3 Mean Stopped Cross Check= 7.265 +/- 2.192
2023-03-08 Wednesday 18:06:20: Episode:4 Mean Stopped Cross Check= 6.937 +/- 1.975
2023-03-08 Wednesday 18:06:20: 1-Total Mean Stopped Cross Check= 7.214 +/- 0.172
2023-03-08 Wednesday 18:06:20: 2-Total Mean Stopped Cross Check= 7.214 +/- 2.170
2023-03-08 Wednesday 18:06:20: ****
2023-03-08 Wednesday 18:06:20: Episode:0 Mean Waiting Time= 193.860 +/- 254.422
2023-03-08 Wednesday 18:06:20: Episode:1 Mean Waiting Time= 178.935 +/- 182.704
2023-03-08 Wednesday 18:06:20: Episode:2 Mean Waiting Time= 167.500 +/- 163.249
2023-03-08 Wednesday 18:06:20: Episode:3 Mean Waiting Time= 181.066 +/- 173.622
2023-03-08 Wednesday 18:06:20: Episode:4 Mean Waiting Time= 149.530 +/- 138.511
2023-03-08 Wednesday 18:06:20: 1-Total Mean Waiting Time= 174.178 +/- 14.897
2023-03-08 Wednesday 18:06:20: 2-Total Mean Waiting Time= 174.178 +/- 182.502
2023-03-08 Wednesday 18:06:20: Episode:0 Mean Avg Speed= 0.359 +/- 0.058
2023-03-08 Wednesday 18:06:20: Episode:1 Mean Avg Speed= 0.366 +/- 0.059
2023-03-08 Wednesday 18:06:20: Episode:2 Mean Avg Speed= 0.365 +/- 0.058
2023-03-08 Wednesday 18:06:20: Episode:3 Mean Avg Speed= 0.364 +/- 0.057
2023-03-08 Wednesday 18:06:20: Episode:4 Mean Avg Speed= 0.371 +/- 0.057
2023-03-08 Wednesday 18:06:20: 1-Total Mean Avg Speed= 0.365 +/- 0.004
2023-03-08 Wednesday 18:06:20: 2-Total Mean Avg Speed= 0.365 +/- 0.058
2023-03-08 Wednesday 18:06:20: Episode:0 Mean Avg Speed 2= 6.693 +/- 1.052
2023-03-08 Wednesday 18:06:20: Episode:1 Mean Avg Speed 2= 6.804 +/- 1.079
2023-03-08 Wednesday 18:06:20: Episode:2 Mean Avg Speed 2= 6.776 +/- 1.041
2023-03-08 Wednesday 18:06:21: Episode:3 Mean Avg Speed 2= 6.754 +/- 1.045
2023-03-08 Wednesday 18:06:21: Episode:4 Mean Avg Speed 2= 6.885 +/- 1.032
2023-03-08 Wednesday 18:06:21: 1-Total Mean Avg Speed 2= 6.782 +/- 0.063
2023-03-08 Wednesday 18:06:21: 2-Total Mean Avg Speed 2= 6.782 +/- 1.050
2023-03-08 Wednesday 18:06:21: Episode:0 Mean Avg Speed Cross Check= 7.886 +/- 0.750
2023-03-08 Wednesday 18:06:21: Episode:1 Mean Avg Speed Cross Check= 7.960 +/- 0.763
2023-03-08 Wednesday 18:06:21: Episode:2 Mean Avg Speed Cross Check= 7.944 +/- 0.734
2023-03-08 Wednesday 18:06:21: Episode:3 Mean Avg Speed Cross Check= 7.925 +/- 0.749
2023-03-08 Wednesday 18:06:21: Episode:4 Mean Avg Speed Cross Check= 8.015 +/- 0.722
2023-03-08 Wednesday 18:06:21: 1-Total Mean Avg Speed Cross Check= 7.946 +/- 0.042
2023-03-08 Wednesday 18:06:21: 2-Total Mean Avg Speed Cross Check= 7.946 +/- 0.744
2023-03-08 Wednesday 18:06:21: ****************************************
