2023-04-11 Tuesday 13:08:20: Run: 3 for Training experiment: DE-7 - route: ../nets/roundabout/input_routes_roundabout_auto_v1-7.rou.xml - first seed: 370 - alpha: 0.5 - gamma: 0.99 - epsilon: 0.2 - reward: diff-waiting-time
2023-04-11 Tuesday 13:23:56: Run: 1 - First Epsilon: 0.2 - Last Epsilon: 0.2
2023-04-11 Tuesday 13:33:07: Run: 2 - First Epsilon: 0.2 - Last Epsilon: 0.2
2023-04-11 Tuesday 13:42:09: Run: 3 - First Epsilon: 0.2 - Last Epsilon: 0.2
2023-04-11 Tuesday 13:51:35: Run: 4 - First Epsilon: 0.2 - Last Epsilon: 0.2
2023-04-11 Tuesday 14:00:42: Run: 5 - First Epsilon: 0.2 - Last Epsilon: 0.2
2023-04-11 Tuesday 14:00:43: Q-Table Total Distinct States: 771
2023-04-11 Tuesday 14:00:43: Mean_reward=-1.00 +/- 0.57
2023-04-11 Tuesday 14:00:43: Mean_Stopped=119573.40 +/- 88720.04
2023-04-11 Tuesday 14:00:43: Mean_Stopped=119752.80 +/- 88728.33
2023-04-11 Tuesday 14:00:43: Mean_waiting_time=3955268.00 +/- 4114103.05
2023-04-11 Tuesday 14:00:43: Mean_avg_speed=3322.17 +/- 521.01
2023-04-11 Tuesday 14:00:43: Mean_avg_speed_2=61722.72 +/- 9634.25
2023-04-11 Tuesday 14:00:43: Mean_avg_speed_cross_check=73830.08 +/- 9380.06
2023-04-11 Tuesday 14:00:43: ****************************************
2023-04-11 Tuesday 14:00:43: Calculation 1 - Overall 
2023-04-11 Tuesday 14:00:43: ****************************************
2023-04-11 Tuesday 14:00:43: Inner X Outer Loops Mean Reward= -0.000 +/- 1.143
2023-04-11 Tuesday 14:00:43: Inner X Outer Loops Mean Stopped= 11.956 +/- 14.541
2023-04-11 Tuesday 14:00:43: Inner X Outer Loops Mean Stopped Cross Check= 11.974 +/- 14.542
2023-04-11 Tuesday 14:00:43: Inner X Outer Loops Mean Waiting Time= 395.487 +/- 1022.574
2023-04-11 Tuesday 14:00:43: Inner X Outer Loops Mean Avg Speed= 0.332 +/- 0.094
2023-04-11 Tuesday 14:00:43: Inner X Outer Loops Mean Avg Speed 2= 6.172 +/- 1.725
2023-04-11 Tuesday 14:00:43: Inner X Outer Loops Mean Avg Speed Cross Check= 7.382 +/- 1.571
2023-04-11 Tuesday 14:00:43: ****************************************
2023-04-11 Tuesday 14:00:43: Calculation 2 - Per Episode
2023-04-11 Tuesday 14:00:43: ****************************************
2023-04-11 Tuesday 14:00:43: Episode:0 Mean Reward= -0.000 +/- 1.934
2023-04-11 Tuesday 14:00:43: Episode:1 Mean Reward= -0.000 +/- 0.884
2023-04-11 Tuesday 14:00:43: Episode:2 Mean Reward= 0.000 +/- 0.863
2023-04-11 Tuesday 14:00:43: Episode:3 Mean Reward= -0.000 +/- 0.770
2023-04-11 Tuesday 14:00:43: Episode:4 Mean Reward= -0.000 +/- 0.821
2023-04-11 Tuesday 14:00:43: 1-Total Mean Reward= -0.000 +/- 0.000
2023-04-11 Tuesday 14:00:43: 2-Total Mean Reward= -0.000 +/- 1.054
2023-04-11 Tuesday 14:00:43: ****
2023-04-11 Tuesday 14:00:43: Episode:0 Mean Stopped= 29.691 +/- 25.355
2023-04-11 Tuesday 14:00:43: Episode:1 Mean Stopped= 7.840 +/- 2.419
2023-04-11 Tuesday 14:00:43: Episode:2 Mean Stopped= 7.498 +/- 2.284
2023-04-11 Tuesday 14:00:43: Episode:3 Mean Stopped= 7.086 +/- 2.062
2023-04-11 Tuesday 14:00:43: Episode:4 Mean Stopped= 7.665 +/- 2.356
2023-04-11 Tuesday 14:00:43: 1-Total Mean Stopped= 11.956 +/- 8.871
2023-04-11 Tuesday 14:00:43: 2-Total Mean Stopped= 11.956 +/- 6.895
2023-04-11 Tuesday 14:00:43: ****
2023-04-11 Tuesday 14:00:43: Episode:0 Mean Stopped Cross Check= 29.711 +/- 25.356
2023-04-11 Tuesday 14:00:43: Episode:1 Mean Stopped Cross Check= 7.864 +/- 2.421
2023-04-11 Tuesday 14:00:43: Episode:2 Mean Stopped Cross Check= 7.513 +/- 2.284
2023-04-11 Tuesday 14:00:43: Episode:3 Mean Stopped Cross Check= 7.099 +/- 2.060
2023-04-11 Tuesday 14:00:43: Episode:4 Mean Stopped Cross Check= 7.685 +/- 2.360
2023-04-11 Tuesday 14:00:43: 1-Total Mean Stopped Cross Check= 11.974 +/- 8.872
2023-04-11 Tuesday 14:00:43: 2-Total Mean Stopped Cross Check= 11.974 +/- 6.896
2023-04-11 Tuesday 14:00:43: ****
2023-04-11 Tuesday 14:00:43: Episode:0 Mean Waiting Time= 1217.581 +/- 2061.702
2023-04-11 Tuesday 14:00:43: Episode:1 Mean Waiting Time= 211.657 +/- 196.417
2023-04-11 Tuesday 14:00:43: Episode:2 Mean Waiting Time= 200.021 +/- 199.562
2023-04-11 Tuesday 14:00:43: Episode:3 Mean Waiting Time= 162.940 +/- 151.012
2023-04-11 Tuesday 14:00:43: Episode:4 Mean Waiting Time= 185.236 +/- 174.176
2023-04-11 Tuesday 14:00:43: 1-Total Mean Waiting Time= 395.487 +/- 411.369
2023-04-11 Tuesday 14:00:43: 2-Total Mean Waiting Time= 395.487 +/- 556.574
2023-04-11 Tuesday 14:00:43: Episode:0 Mean Avg Speed= 0.228 +/- 0.130
2023-04-11 Tuesday 14:00:43: Episode:1 Mean Avg Speed= 0.351 +/- 0.059
2023-04-11 Tuesday 14:00:43: Episode:2 Mean Avg Speed= 0.359 +/- 0.058
2023-04-11 Tuesday 14:00:43: Episode:3 Mean Avg Speed= 0.367 +/- 0.057
2023-04-11 Tuesday 14:00:43: Episode:4 Mean Avg Speed= 0.355 +/- 0.059
2023-04-11 Tuesday 14:00:43: 1-Total Mean Avg Speed= 0.332 +/- 0.052
2023-04-11 Tuesday 14:00:43: 2-Total Mean Avg Speed= 0.332 +/- 0.073
2023-04-11 Tuesday 14:00:43: Episode:0 Mean Avg Speed 2= 4.255 +/- 2.407
2023-04-11 Tuesday 14:00:43: Episode:1 Mean Avg Speed 2= 6.523 +/- 1.066
2023-04-11 Tuesday 14:00:43: Episode:2 Mean Avg Speed 2= 6.674 +/- 1.054
2023-04-11 Tuesday 14:00:43: Episode:3 Mean Avg Speed 2= 6.812 +/- 1.036
2023-04-11 Tuesday 14:00:43: Episode:4 Mean Avg Speed 2= 6.594 +/- 1.058
2023-04-11 Tuesday 14:00:43: 1-Total Mean Avg Speed 2= 6.172 +/- 0.963
2023-04-11 Tuesday 14:00:43: 2-Total Mean Avg Speed 2= 6.172 +/- 1.324
2023-04-11 Tuesday 14:00:43: Episode:0 Mean Avg Speed Cross Check= 5.512 +/- 2.377
2023-04-11 Tuesday 14:00:43: Episode:1 Mean Avg Speed Cross Check= 7.756 +/- 0.775
2023-04-11 Tuesday 14:00:43: Episode:2 Mean Avg Speed Cross Check= 7.870 +/- 0.755
2023-04-11 Tuesday 14:00:43: Episode:3 Mean Avg Speed Cross Check= 7.969 +/- 0.732
2023-04-11 Tuesday 14:00:43: Episode:4 Mean Avg Speed Cross Check= 7.806 +/- 0.763
2023-04-11 Tuesday 14:00:43: 1-Total Mean Avg Speed Cross Check= 7.382 +/- 0.938
2023-04-11 Tuesday 14:00:43: 2-Total Mean Avg Speed Cross Check= 7.382 +/- 1.081
2023-04-11 Tuesday 14:00:43: ****************************************
