2023-02-27 Monday 22:08:17: Run: 1 for Training experiment: DoE-33 - first seed: 170 - alpha: 0.3 - gamma: 0.99 - epsilon: 0.3 - reward: diff-waiting-time
2023-02-27 Monday 22:18:22: Run: 1 - First Epsilon: 0.3 - Last Epsilon: 0.3
2023-02-27 Monday 22:23:44: Run: 2 - First Epsilon: 0.3 - Last Epsilon: 0.3
2023-02-27 Monday 22:29:20: Run: 3 - First Epsilon: 0.3 - Last Epsilon: 0.3
2023-02-27 Monday 22:35:00: Run: 4 - First Epsilon: 0.3 - Last Epsilon: 0.3
2023-02-27 Monday 22:40:35: Run: 5 - First Epsilon: 0.3 - Last Epsilon: 0.3
2023-02-27 Monday 22:40:35: Q-Table Total Distinct States: 936
2023-02-27 Monday 22:40:35: Mean_reward=-3.85 +/- 3.08
2023-02-27 Monday 22:40:35: Mean_Stopped=135106.60 +/- 114259.59
2023-02-27 Monday 22:40:35: Mean_Stopped=135256.60 +/- 114279.89
2023-02-27 Monday 22:40:35: Mean_waiting_time=3932902.00 +/- 4224008.45
2023-02-27 Monday 22:40:35: Mean_avg_speed=3270.30 +/- 540.52
2023-02-27 Monday 22:40:35: Mean_avg_speed_2=60747.35 +/- 10030.22
2023-02-27 Monday 22:40:35: Mean_avg_speed_cross_check=72854.14 +/- 10019.37
2023-02-27 Monday 22:40:35: ****************************************
2023-02-27 Monday 22:40:35: Calculation 1 - Overall 
2023-02-27 Monday 22:40:35: ****************************************
2023-02-27 Monday 22:40:35: Inner X Outer Loops Mean Reward= -0.000 +/- 1.069
2023-02-27 Monday 22:40:35: Inner X Outer Loops Mean Stopped= 13.509 +/- 18.854
2023-02-27 Monday 22:40:35: Inner X Outer Loops Mean Stopped Cross Check= 13.524 +/- 18.856
2023-02-27 Monday 22:40:35: Inner X Outer Loops Mean Waiting Time= 393.251 +/- 851.519
2023-02-27 Monday 22:40:35: Inner X Outer Loops Mean Avg Speed= 0.327 +/- 0.098
2023-02-27 Monday 22:40:35: Inner X Outer Loops Mean Avg Speed 2= 6.074 +/- 1.799
2023-02-27 Monday 22:40:35: Inner X Outer Loops Mean Avg Speed Cross Check= 7.285 +/- 1.684
2023-02-27 Monday 22:40:35: ****************************************
2023-02-27 Monday 22:40:35: Calculation 2 - Per Episode
2023-02-27 Monday 22:40:35: ****************************************
2023-02-27 Monday 22:40:35: Episode:0 Mean Reward= -0.000 +/- 1.757
2023-02-27 Monday 22:40:35: Episode:1 Mean Reward= -0.001 +/- 0.785
2023-02-27 Monday 22:40:35: Episode:2 Mean Reward= -0.000 +/- 0.796
2023-02-27 Monday 22:40:35: Episode:3 Mean Reward= -0.001 +/- 0.772
2023-02-27 Monday 22:40:35: Episode:4 Mean Reward= -0.000 +/- 0.882
2023-02-27 Monday 22:40:35: 1-Total Mean Reward= -0.000 +/- 0.000
2023-02-27 Monday 22:40:35: 2-Total Mean Reward= -0.000 +/- 0.998
2023-02-27 Monday 22:40:35: ****
2023-02-27 Monday 22:40:35: Episode:0 Mean Stopped= 36.341 +/- 33.130
2023-02-27 Monday 22:40:35: Episode:1 Mean Stopped= 7.453 +/- 2.406
2023-02-27 Monday 22:40:35: Episode:2 Mean Stopped= 7.482 +/- 2.434
2023-02-27 Monday 22:40:35: Episode:3 Mean Stopped= 7.599 +/- 2.446
2023-02-27 Monday 22:40:35: Episode:4 Mean Stopped= 8.671 +/- 3.071
2023-02-27 Monday 22:40:35: 1-Total Mean Stopped= 13.509 +/- 11.425
2023-02-27 Monday 22:40:35: 2-Total Mean Stopped= 13.509 +/- 8.697
2023-02-27 Monday 22:40:35: ****
2023-02-27 Monday 22:40:35: Episode:0 Mean Stopped Cross Check= 36.360 +/- 33.132
2023-02-27 Monday 22:40:35: Episode:1 Mean Stopped Cross Check= 7.463 +/- 2.405
2023-02-27 Monday 22:40:35: Episode:2 Mean Stopped Cross Check= 7.496 +/- 2.435
2023-02-27 Monday 22:40:35: Episode:3 Mean Stopped Cross Check= 7.613 +/- 2.448
2023-02-27 Monday 22:40:35: Episode:4 Mean Stopped Cross Check= 8.689 +/- 3.076
2023-02-27 Monday 22:40:35: 1-Total Mean Stopped Cross Check= 13.524 +/- 11.427
2023-02-27 Monday 22:40:35: 2-Total Mean Stopped Cross Check= 13.524 +/- 8.699
2023-02-27 Monday 22:40:35: ****
2023-02-27 Monday 22:40:35: Episode:0 Mean Waiting Time= 1237.246 +/- 1620.918
2023-02-27 Monday 22:40:35: Episode:1 Mean Waiting Time= 169.708 +/- 149.734
2023-02-27 Monday 22:40:35: Episode:2 Mean Waiting Time= 175.013 +/- 155.764
2023-02-27 Monday 22:40:35: Episode:3 Mean Waiting Time= 168.483 +/- 150.410
2023-02-27 Monday 22:40:35: Episode:4 Mean Waiting Time= 215.805 +/- 191.847
2023-02-27 Monday 22:40:35: 1-Total Mean Waiting Time= 393.251 +/- 422.359
2023-02-27 Monday 22:40:35: 2-Total Mean Waiting Time= 393.251 +/- 453.734
2023-02-27 Monday 22:40:35: Episode:0 Mean Avg Speed= 0.220 +/- 0.135
2023-02-27 Monday 22:40:35: Episode:1 Mean Avg Speed= 0.360 +/- 0.060
2023-02-27 Monday 22:40:35: Episode:2 Mean Avg Speed= 0.360 +/- 0.061
2023-02-27 Monday 22:40:35: Episode:3 Mean Avg Speed= 0.357 +/- 0.061
2023-02-27 Monday 22:40:35: Episode:4 Mean Avg Speed= 0.337 +/- 0.063
2023-02-27 Monday 22:40:35: 1-Total Mean Avg Speed= 0.327 +/- 0.054
2023-02-27 Monday 22:40:35: 2-Total Mean Avg Speed= 0.327 +/- 0.076
2023-02-27 Monday 22:40:35: Episode:0 Mean Avg Speed 2= 4.094 +/- 2.500
2023-02-27 Monday 22:40:35: Episode:1 Mean Avg Speed 2= 6.698 +/- 1.087
2023-02-27 Monday 22:40:35: Episode:2 Mean Avg Speed 2= 6.689 +/- 1.099
2023-02-27 Monday 22:40:35: Episode:3 Mean Avg Speed 2= 6.625 +/- 1.113
2023-02-27 Monday 22:40:35: Episode:4 Mean Avg Speed 2= 6.266 +/- 1.130
2023-02-27 Monday 22:40:35: 1-Total Mean Avg Speed 2= 6.074 +/- 1.003
2023-02-27 Monday 22:40:35: 2-Total Mean Avg Speed 2= 6.074 +/- 1.386
2023-02-27 Monday 22:40:35: Episode:0 Mean Avg Speed Cross Check= 5.295 +/- 2.562
2023-02-27 Monday 22:40:35: Episode:1 Mean Avg Speed Cross Check= 7.882 +/- 0.788
2023-02-27 Monday 22:40:35: Episode:2 Mean Avg Speed Cross Check= 7.872 +/- 0.789
2023-02-27 Monday 22:40:35: Episode:3 Mean Avg Speed Cross Check= 7.819 +/- 0.802
2023-02-27 Monday 22:40:35: Episode:4 Mean Avg Speed Cross Check= 7.556 +/- 0.848
2023-02-27 Monday 22:40:35: 1-Total Mean Avg Speed Cross Check= 7.285 +/- 1.002
2023-02-27 Monday 22:40:35: 2-Total Mean Avg Speed Cross Check= 7.285 +/- 1.158
2023-02-27 Monday 22:40:35: ****************************************
