2023-04-09 Sunday 23:17:30 root:INFO:Run: 1 for Baseline experiment: DE-5 - route: ../nets/roundabout/input_routes_roundabout_auto_v1-5.rou.xml - first seed: 180 - alpha: 0.5 - gamma: 0.99 - epsilon: 0.2 - reward: diff-waiting-time
2023-04-10 Monday 00:28:40 root:INFO:Total Missing States: 0
2023-04-10 Monday 00:28:40 root:INFO:Mean Reward=-2017009.00 +/- 0.00
2023-04-10 Monday 00:28:40 root:INFO:Mean Stopped=2017009.00 +/- 0.00
2023-04-10 Monday 00:28:40 root:INFO:Mean_Stopped=2017838.00 +/- 0.00
2023-04-10 Monday 00:28:40 root:INFO:Mean Waiting Time=45892890.00 +/- 0.00
2023-04-10 Monday 00:28:40 root:INFO:Mean_avg_speed=268.32 +/- 0.00
2023-04-10 Monday 00:28:40 root:INFO:Mean_avg_speed_2=4968.28 +/- 0.00
2023-04-10 Monday 00:28:40 root:INFO:Mean_avg_speed_cross_check=8930.14 +/- 0.00
2023-04-10 Monday 00:28:40 root:INFO:****************************************
2023-04-10 Monday 00:28:40 root:INFO:Calculation 1 - Overall 
2023-04-10 Monday 00:28:40 root:INFO:****************************************
2023-04-10 Monday 00:28:40 root:INFO:Inner X Outer Loops Mean Reward=-201.681 +/- 24.551
2023-04-10 Monday 00:28:40 root:INFO:Inner X Outer Loops Mean Stopped= 201.681 +/- 24.551
2023-04-10 Monday 00:28:40 root:INFO:Inner X Outer Loops Mean Stopped Cross Check= 201.764 +/- 24.548
2023-04-10 Monday 00:28:40 root:INFO:Inner X Outer Loops Mean Waiting Time= 4588.830 +/- 576.752
2023-04-10 Monday 00:28:40 root:INFO:Inner X Outer Loops Mean Avg Speed= 0.027 +/- 0.027
2023-04-10 Monday 00:28:40 root:INFO:Inner X Outer Loops Mean Avg Speed 2= 0.497 +/- 0.505
2023-04-10 Monday 00:28:40 root:INFO:Inner X Outer Loops Mean Avg Speed Cross Check= 0.893 +/- 0.556
2023-04-10 Monday 00:28:40 root:INFO:****************************************
2023-04-10 Monday 00:28:40 root:INFO:Calculation 2 - Per Episode
2023-04-10 Monday 00:28:40 root:INFO:****************************************
2023-04-10 Monday 00:28:40 root:INFO:Episode:0 Mean Waiting Time=-201.681 +/- 24.551
2023-04-10 Monday 00:28:40 root:INFO:1-Total Mean Reward= -201.681 +/- 0.000
2023-04-10 Monday 00:28:40 root:INFO:2-Total Mean Reward= -201.681 +/- 24.551
2023-04-10 Monday 00:28:40 root:INFO:****
2023-04-10 Monday 00:28:40 root:INFO:Episode:0 Mean Stopped= 201.681 +/- 24.551
2023-04-10 Monday 00:28:40 root:INFO:1-Total Mean Stopped= 201.681 +/- 0.000
2023-04-10 Monday 00:28:40 root:INFO:2-Total Mean Stopped= 201.681 +/- 24.551
2023-04-10 Monday 00:28:40 root:INFO:****
2023-04-10 Monday 00:28:40 root:INFO:Episode:0 Mean Stopped Cross Check= 201.764 +/- 24.548
2023-04-10 Monday 00:28:40 root:INFO:1-Total Mean Stopped Cross Check= 201.764 +/- 0.000
2023-04-10 Monday 00:28:40 root:INFO:2-Total Mean Stopped Cross Check= 201.764 +/- 24.548
2023-04-10 Monday 00:28:40 root:INFO:****
2023-04-10 Monday 00:28:40 root:INFO:Episode:0 Mean Waiting Time= 4588.830 +/- 576.752
2023-04-10 Monday 00:28:40 root:INFO:1-Total Mean Waiting Time= 4588.830 +/- 0.000
2023-04-10 Monday 00:28:40 root:INFO:2-Total Mean Waiting Time= 4588.830 +/- 576.752
2023-04-10 Monday 00:28:40 root:INFO:Episode:0 Mean Avg Speed= 0.027 +/- 0.027
2023-04-10 Monday 00:28:40 root:INFO:1-Total Mean Avg Speed= 0.027 +/- 0.000
2023-04-10 Monday 00:28:40 root:INFO:2-Total Mean Avg Speed= 0.027 +/- 0.027
2023-04-10 Monday 00:28:40 root:INFO:Episode:0 Mean Avg Speed 2= 0.497 +/- 0.505
2023-04-10 Monday 00:28:40 root:INFO:1-Total Mean Avg Speed 2= 0.497 +/- 0.000
2023-04-10 Monday 00:28:40 root:INFO:2-Total Mean Avg Speed 2= 0.497 +/- 0.505
2023-04-10 Monday 00:28:40 root:INFO:Episode:0 Mean Avg Speed Cross Check= 0.893 +/- 0.556
2023-04-10 Monday 00:28:40 root:INFO:1-Total Mean Avg Speed Cross Check= 0.893 +/- 0.000
2023-04-10 Monday 00:28:40 root:INFO:2-Total Mean Avg Speed Cross Check= 0.893 +/- 0.556
2023-04-10 Monday 00:28:40 root:INFO:****************************************
