2023-02-26 Sunday 17:51:58: Run: 1 for Training experiment: DoE-17 - first seed: 170 - alpha: 0.1 - gamma: 0.99 - epsilon: 0.4 - reward: diff-waiting-time
2023-02-26 Sunday 18:00:24: Run: 1 - First Epsilon: 0.4 - Last Epsilon: 0.4
2023-02-26 Sunday 18:06:43: Run: 2 - First Epsilon: 0.4 - Last Epsilon: 0.4
2023-02-26 Sunday 18:12:40: Run: 3 - First Epsilon: 0.4 - Last Epsilon: 0.4
2023-02-26 Sunday 18:18:39: Run: 4 - First Epsilon: 0.4 - Last Epsilon: 0.4
2023-02-26 Sunday 18:24:30: Run: 5 - First Epsilon: 0.4 - Last Epsilon: 0.4
2023-02-26 Sunday 18:24:30: Q-Table Total Distinct States: 1023
2023-02-26 Sunday 18:24:30: Mean_reward=-2.21 +/- 1.38
2023-02-26 Sunday 18:24:30: Mean_Stopped=124397.00 +/- 56612.63
2023-02-26 Sunday 18:24:30: Mean_Stopped=124594.40 +/- 56643.69
2023-02-26 Sunday 18:24:30: Mean_waiting_time=3227978.40 +/- 2078138.91
2023-02-26 Sunday 18:24:30: Mean_avg_speed=3021.52 +/- 439.51
2023-02-26 Sunday 18:24:30: Mean_avg_speed_2=56145.20 +/- 8145.20
2023-02-26 Sunday 18:24:30: Mean_avg_speed_cross_check=69788.57 +/- 7510.34
2023-02-26 Sunday 18:24:30: ****************************************
2023-02-26 Sunday 18:24:30: Calculation 1 - Overall 
2023-02-26 Sunday 18:24:30: ****************************************
2023-02-26 Sunday 18:24:30: Inner X Outer Loops Mean Reward= -0.000 +/- 1.040
2023-02-26 Sunday 18:24:30: Inner X Outer Loops Mean Stopped= 12.438 +/- 9.846
2023-02-26 Sunday 18:24:30: Inner X Outer Loops Mean Stopped Cross Check= 12.458 +/- 9.848
2023-02-26 Sunday 18:24:30: Inner X Outer Loops Mean Waiting Time= 322.766 +/- 502.394
2023-02-26 Sunday 18:24:30: Inner X Outer Loops Mean Avg Speed= 0.302 +/- 0.083
2023-02-26 Sunday 18:24:30: Inner X Outer Loops Mean Avg Speed 2= 5.614 +/- 1.533
2023-02-26 Sunday 18:24:30: Inner X Outer Loops Mean Avg Speed Cross Check= 6.978 +/- 1.346
2023-02-26 Sunday 18:24:30: ****************************************
2023-02-26 Sunday 18:24:30: Calculation 2 - Per Episode
2023-02-26 Sunday 18:24:30: ****************************************
2023-02-26 Sunday 18:24:30: Episode:0 Mean Reward= -0.000 +/- 1.526
2023-02-26 Sunday 18:24:30: Episode:1 Mean Reward= -0.000 +/- 0.938
2023-02-26 Sunday 18:24:30: Episode:2 Mean Reward= -0.000 +/- 0.864
2023-02-26 Sunday 18:24:30: Episode:3 Mean Reward= -0.000 +/- 0.876
2023-02-26 Sunday 18:24:30: Episode:4 Mean Reward= -0.000 +/- 0.831
2023-02-26 Sunday 18:24:30: 1-Total Mean Reward= -0.000 +/- 0.000
2023-02-26 Sunday 18:24:30: 2-Total Mean Reward= -0.000 +/- 1.007
2023-02-26 Sunday 18:24:30: ****
2023-02-26 Sunday 18:24:30: Episode:0 Mean Stopped= 23.656 +/- 16.331
2023-02-26 Sunday 18:24:30: Episode:1 Mean Stopped= 11.023 +/- 4.365
2023-02-26 Sunday 18:24:30: Episode:2 Mean Stopped= 9.475 +/- 3.595
2023-02-26 Sunday 18:24:30: Episode:3 Mean Stopped= 9.342 +/- 3.691
2023-02-26 Sunday 18:24:30: Episode:4 Mean Stopped= 8.695 +/- 3.499
2023-02-26 Sunday 18:24:30: 1-Total Mean Stopped= 12.438 +/- 5.661
2023-02-26 Sunday 18:24:30: 2-Total Mean Stopped= 12.438 +/- 6.296
2023-02-26 Sunday 18:24:30: ****
2023-02-26 Sunday 18:24:30: Episode:0 Mean Stopped Cross Check= 23.681 +/- 16.328
2023-02-26 Sunday 18:24:30: Episode:1 Mean Stopped Cross Check= 11.046 +/- 4.368
2023-02-26 Sunday 18:24:30: Episode:2 Mean Stopped Cross Check= 9.495 +/- 3.599
2023-02-26 Sunday 18:24:30: Episode:3 Mean Stopped Cross Check= 9.360 +/- 3.692
2023-02-26 Sunday 18:24:30: Episode:4 Mean Stopped Cross Check= 8.709 +/- 3.504
2023-02-26 Sunday 18:24:30: 1-Total Mean Stopped Cross Check= 12.458 +/- 5.664
2023-02-26 Sunday 18:24:30: 2-Total Mean Stopped Cross Check= 12.458 +/- 6.298
2023-02-26 Sunday 18:24:30: ****
2023-02-26 Sunday 18:24:30: Episode:0 Mean Waiting Time= 736.481 +/- 959.332
2023-02-26 Sunday 18:24:30: Episode:1 Mean Waiting Time= 254.529 +/- 203.430
2023-02-26 Sunday 18:24:30: Episode:2 Mean Waiting Time= 211.394 +/- 165.638
2023-02-26 Sunday 18:24:30: Episode:3 Mean Waiting Time= 217.249 +/- 179.424
2023-02-26 Sunday 18:24:30: Episode:4 Mean Waiting Time= 194.175 +/- 157.416
2023-02-26 Sunday 18:24:30: 1-Total Mean Waiting Time= 322.766 +/- 207.793
2023-02-26 Sunday 18:24:30: 2-Total Mean Waiting Time= 322.766 +/- 333.048
2023-02-26 Sunday 18:24:30: Episode:0 Mean Avg Speed= 0.218 +/- 0.087
2023-02-26 Sunday 18:24:30: Episode:1 Mean Avg Speed= 0.301 +/- 0.065
2023-02-26 Sunday 18:24:30: Episode:2 Mean Avg Speed= 0.324 +/- 0.067
2023-02-26 Sunday 18:24:30: Episode:3 Mean Avg Speed= 0.328 +/- 0.066
2023-02-26 Sunday 18:24:30: Episode:4 Mean Avg Speed= 0.340 +/- 0.067
2023-02-26 Sunday 18:24:30: 1-Total Mean Avg Speed= 0.302 +/- 0.044
2023-02-26 Sunday 18:24:30: 2-Total Mean Avg Speed= 0.302 +/- 0.070
2023-02-26 Sunday 18:24:30: Episode:0 Mean Avg Speed 2= 4.051 +/- 1.605
2023-02-26 Sunday 18:24:30: Episode:1 Mean Avg Speed 2= 5.598 +/- 1.194
2023-02-26 Sunday 18:24:30: Episode:2 Mean Avg Speed 2= 6.030 +/- 1.217
2023-02-26 Sunday 18:24:30: Episode:3 Mean Avg Speed 2= 6.084 +/- 1.208
2023-02-26 Sunday 18:24:30: Episode:4 Mean Avg Speed 2= 6.307 +/- 1.224
2023-02-26 Sunday 18:24:30: 1-Total Mean Avg Speed 2= 5.614 +/- 0.814
2023-02-26 Sunday 18:24:30: 2-Total Mean Avg Speed 2= 5.614 +/- 1.290
2023-02-26 Sunday 18:24:30: Episode:0 Mean Avg Speed Cross Check= 5.520 +/- 1.627
2023-02-26 Sunday 18:24:30: Episode:1 Mean Avg Speed Cross Check= 7.025 +/- 0.974
2023-02-26 Sunday 18:24:30: Episode:2 Mean Avg Speed Cross Check= 7.367 +/- 0.937
2023-02-26 Sunday 18:24:30: Episode:3 Mean Avg Speed Cross Check= 7.402 +/- 0.939
2023-02-26 Sunday 18:24:30: Episode:4 Mean Avg Speed Cross Check= 7.578 +/- 0.935
2023-02-26 Sunday 18:24:30: 1-Total Mean Avg Speed Cross Check= 6.978 +/- 0.751
2023-02-26 Sunday 18:24:30: 2-Total Mean Avg Speed Cross Check= 6.978 +/- 1.083
2023-02-26 Sunday 18:24:30: ****************************************
