2023-03-04 Saturday 12:38:48: Run: 2 for Training experiment: DoE-24 - first seed: 270 - alpha: 0.3 - gamma: 0.8 - epsilon: 0.4 - reward: average-speed-2
2023-03-04 Saturday 12:54:56: Run: 1 - First Epsilon: 0.4 - Last Epsilon: 0.4
2023-03-04 Saturday 13:09:04: Run: 2 - First Epsilon: 0.4 - Last Epsilon: 0.4
2023-03-04 Saturday 13:21:46: Run: 3 - First Epsilon: 0.4 - Last Epsilon: 0.4
2023-03-04 Saturday 13:34:51: Run: 4 - First Epsilon: 0.4 - Last Epsilon: 0.4
2023-03-04 Saturday 13:48:40: Run: 5 - First Epsilon: 0.4 - Last Epsilon: 0.4
2023-03-04 Saturday 13:48:40: Q-Table Total Distinct States: 1628
2023-03-04 Saturday 13:48:40: Mean_reward=15534.11 +/- 1219.20
2023-03-04 Saturday 13:48:40: Mean_Stopped=688724.00 +/- 63921.19
2023-03-04 Saturday 13:48:40: Mean_Stopped=688983.20 +/- 63937.16
2023-03-04 Saturday 13:48:40: Mean_waiting_time=33400608.20 +/- 2543123.75
2023-03-04 Saturday 13:48:40: Mean_avg_speed=836.18 +/- 66.46
2023-03-04 Saturday 13:48:40: Mean_avg_speed_2=15534.11 +/- 1219.20
2023-03-04 Saturday 13:48:40: Mean_avg_speed_cross_check=26230.48 +/- 1790.56
2023-03-04 Saturday 13:48:40: ****************************************
2023-03-04 Saturday 13:48:40: Calculation 1 - Overall 
2023-03-04 Saturday 13:48:40: ****************************************
2023-03-04 Saturday 13:48:40: Inner X Outer Loops Mean Reward= 1.553 +/- 0.620
2023-03-04 Saturday 13:48:40: Inner X Outer Loops Mean Stopped= 68.866 +/- 16.264
2023-03-04 Saturday 13:48:40: Inner X Outer Loops Mean Stopped Cross Check= 68.891 +/- 16.262
2023-03-04 Saturday 13:48:40: Inner X Outer Loops Mean Waiting Time= 3339.727 +/- 2917.616
2023-03-04 Saturday 13:48:40: Inner X Outer Loops Mean Avg Speed= 0.084 +/- 0.033
2023-03-04 Saturday 13:48:40: Inner X Outer Loops Mean Avg Speed 2= 1.553 +/- 0.620
2023-03-04 Saturday 13:48:40: Inner X Outer Loops Mean Avg Speed Cross Check= 2.623 +/- 0.727
2023-03-04 Saturday 13:48:40: ****************************************
2023-03-04 Saturday 13:48:40: Calculation 2 - Per Episode
2023-03-04 Saturday 13:48:40: ****************************************
2023-03-04 Saturday 13:48:40: Episode:0 Mean Reward= 1.335 +/- 0.564
2023-03-04 Saturday 13:48:40: Episode:1 Mean Reward= 1.570 +/- 0.624
2023-03-04 Saturday 13:48:40: Episode:2 Mean Reward= 1.688 +/- 0.635
2023-03-04 Saturday 13:48:40: Episode:3 Mean Reward= 1.641 +/- 0.618
2023-03-04 Saturday 13:48:40: Episode:4 Mean Reward= 1.533 +/- 0.598
2023-03-04 Saturday 13:48:40: 1-Total Mean Reward= 1.553 +/- 0.122
2023-03-04 Saturday 13:48:40: 2-Total Mean Reward= 1.553 +/- 0.608
2023-03-04 Saturday 13:48:40: ****
2023-03-04 Saturday 13:48:40: Episode:0 Mean Stopped= 80.573 +/- 15.606
2023-03-04 Saturday 13:48:40: Episode:1 Mean Stopped= 67.034 +/- 13.111
2023-03-04 Saturday 13:48:40: Episode:2 Mean Stopped= 62.220 +/- 14.324
2023-03-04 Saturday 13:48:40: Episode:3 Mean Stopped= 64.563 +/- 15.805
2023-03-04 Saturday 13:48:40: Episode:4 Mean Stopped= 69.938 +/- 15.744
2023-03-04 Saturday 13:48:40: 1-Total Mean Stopped= 68.866 +/- 6.391
2023-03-04 Saturday 13:48:40: 2-Total Mean Stopped= 68.866 +/- 14.918
2023-03-04 Saturday 13:48:40: ****
2023-03-04 Saturday 13:48:40: Episode:0 Mean Stopped Cross Check= 80.603 +/- 15.601
2023-03-04 Saturday 13:48:40: Episode:1 Mean Stopped Cross Check= 67.058 +/- 13.109
2023-03-04 Saturday 13:48:40: Episode:2 Mean Stopped Cross Check= 62.246 +/- 14.323
2023-03-04 Saturday 13:48:40: Episode:3 Mean Stopped Cross Check= 64.589 +/- 15.807
2023-03-04 Saturday 13:48:40: Episode:4 Mean Stopped Cross Check= 69.962 +/- 15.735
2023-03-04 Saturday 13:48:40: 1-Total Mean Stopped Cross Check= 68.891 +/- 6.393
2023-03-04 Saturday 13:48:40: 2-Total Mean Stopped Cross Check= 68.891 +/- 14.915
2023-03-04 Saturday 13:48:40: ****
2023-03-04 Saturday 13:48:40: Episode:0 Mean Waiting Time= 3825.859 +/- 3153.571
2023-03-04 Saturday 13:48:40: Episode:1 Mean Waiting Time= 3331.570 +/- 2903.945
2023-03-04 Saturday 13:48:40: Episode:2 Mean Waiting Time= 3119.814 +/- 3047.177
2023-03-04 Saturday 13:48:40: Episode:3 Mean Waiting Time= 3261.973 +/- 2917.369
2023-03-04 Saturday 13:48:40: Episode:4 Mean Waiting Time= 3159.419 +/- 2462.696
2023-03-04 Saturday 13:48:40: 1-Total Mean Waiting Time= 3339.727 +/- 254.287
2023-03-04 Saturday 13:48:40: 2-Total Mean Waiting Time= 3339.727 +/- 2896.951
2023-03-04 Saturday 13:48:40: Episode:0 Mean Avg Speed= 0.072 +/- 0.030
2023-03-04 Saturday 13:48:40: Episode:1 Mean Avg Speed= 0.084 +/- 0.033
2023-03-04 Saturday 13:48:40: Episode:2 Mean Avg Speed= 0.091 +/- 0.034
2023-03-04 Saturday 13:48:40: Episode:3 Mean Avg Speed= 0.088 +/- 0.033
2023-03-04 Saturday 13:48:40: Episode:4 Mean Avg Speed= 0.082 +/- 0.033
2023-03-04 Saturday 13:48:40: 1-Total Mean Avg Speed= 0.084 +/- 0.007
2023-03-04 Saturday 13:48:40: 2-Total Mean Avg Speed= 0.084 +/- 0.033
2023-03-04 Saturday 13:48:40: Episode:0 Mean Avg Speed 2= 1.335 +/- 0.564
2023-03-04 Saturday 13:48:40: Episode:1 Mean Avg Speed 2= 1.570 +/- 0.624
2023-03-04 Saturday 13:48:40: Episode:2 Mean Avg Speed 2= 1.688 +/- 0.635
2023-03-04 Saturday 13:48:40: Episode:3 Mean Avg Speed 2= 1.641 +/- 0.618
2023-03-04 Saturday 13:48:40: Episode:4 Mean Avg Speed 2= 1.533 +/- 0.598
2023-03-04 Saturday 13:48:40: 1-Total Mean Avg Speed 2= 1.553 +/- 0.122
2023-03-04 Saturday 13:48:40: 2-Total Mean Avg Speed 2= 1.553 +/- 0.608
2023-03-04 Saturday 13:48:40: Episode:0 Mean Avg Speed Cross Check= 2.300 +/- 0.649
2023-03-04 Saturday 13:48:40: Episode:1 Mean Avg Speed Cross Check= 2.651 +/- 0.698
2023-03-04 Saturday 13:48:40: Episode:2 Mean Avg Speed Cross Check= 2.817 +/- 0.743
2023-03-04 Saturday 13:48:40: Episode:3 Mean Avg Speed Cross Check= 2.751 +/- 0.733
2023-03-04 Saturday 13:48:40: Episode:4 Mean Avg Speed Cross Check= 2.594 +/- 0.698
2023-03-04 Saturday 13:48:40: 1-Total Mean Avg Speed Cross Check= 2.623 +/- 0.179
2023-03-04 Saturday 13:48:40: 2-Total Mean Avg Speed Cross Check= 2.623 +/- 0.704
2023-03-04 Saturday 13:48:40: ****************************************
