2023-04-11 Tuesday 20:01:51: Run: 4 for Training experiment: DE-5 - route: ../nets/roundabout/input_routes_roundabout_auto_v1-5.rou.xml - first seed: 470 - alpha: 0.5 - gamma: 0.99 - epsilon: 0.2 - reward: diff-waiting-time
2023-04-11 Tuesday 20:52:51: Run: 1 - First Epsilon: 0.2 - Last Epsilon: 0.2
2023-04-11 Tuesday 21:56:14: Run: 2 - First Epsilon: 0.2 - Last Epsilon: 0.2
2023-04-11 Tuesday 23:04:41: Run: 3 - First Epsilon: 0.2 - Last Epsilon: 0.2
2023-04-11 Tuesday 23:57:34: Run: 4 - First Epsilon: 0.2 - Last Epsilon: 0.2
2023-04-12 Wednesday 00:48:00: Run: 5 - First Epsilon: 0.2 - Last Epsilon: 0.2
2023-04-12 Wednesday 00:48:00: Q-Table Total Distinct States: 1274
2023-04-12 Wednesday 00:48:00: Mean_reward=-55.13 +/- 15.97
2023-04-12 Wednesday 00:48:00: Mean_Stopped=1414081.00 +/- 151391.19
2023-04-12 Wednesday 00:48:00: Mean_Stopped=1414413.00 +/- 151420.47
2023-04-12 Wednesday 00:48:00: Mean_waiting_time=58068300.20 +/- 10417438.54
2023-04-12 Wednesday 00:48:00: Mean_avg_speed=500.88 +/- 46.92
2023-04-12 Wednesday 00:48:00: Mean_avg_speed_2=9320.08 +/- 869.58
2023-04-12 Wednesday 00:48:00: Mean_avg_speed_cross_check=16581.80 +/- 1444.08
2023-04-12 Wednesday 00:48:00: ****************************************
2023-04-12 Wednesday 00:48:00: Calculation 1 - Overall 
2023-04-12 Wednesday 00:48:00: ****************************************
2023-04-12 Wednesday 00:48:00: Inner X Outer Loops Mean Reward= -0.006 +/- 3.483
2023-04-12 Wednesday 00:48:00: Inner X Outer Loops Mean Stopped= 141.394 +/- 25.325
2023-04-12 Wednesday 00:48:00: Inner X Outer Loops Mean Stopped Cross Check= 141.427 +/- 25.330
2023-04-12 Wednesday 00:48:00: Inner X Outer Loops Mean Waiting Time= 5806.249 +/- 3368.284
2023-04-12 Wednesday 00:48:00: Inner X Outer Loops Mean Avg Speed= 0.050 +/- 0.028
2023-04-12 Wednesday 00:48:01: Inner X Outer Loops Mean Avg Speed 2= 0.932 +/- 0.534
2023-04-12 Wednesday 00:48:01: Inner X Outer Loops Mean Avg Speed Cross Check= 1.658 +/- 0.599
2023-04-12 Wednesday 00:48:01: ****************************************
2023-04-12 Wednesday 00:48:01: Calculation 2 - Per Episode
2023-04-12 Wednesday 00:48:01: ****************************************
2023-04-12 Wednesday 00:48:01: Episode:0 Mean Reward= -0.007 +/- 3.281
2023-04-12 Wednesday 00:48:01: Episode:1 Mean Reward= -0.008 +/- 4.011
2023-04-12 Wednesday 00:48:01: Episode:2 Mean Reward= -0.005 +/- 3.665
2023-04-12 Wednesday 00:48:01: Episode:3 Mean Reward= -0.003 +/- 3.090
2023-04-12 Wednesday 00:48:01: Episode:4 Mean Reward= -0.004 +/- 3.289
2023-04-12 Wednesday 00:48:01: 1-Total Mean Reward= -0.006 +/- 0.002
2023-04-12 Wednesday 00:48:01: 2-Total Mean Reward= -0.006 +/- 3.467
2023-04-12 Wednesday 00:48:01: ****
2023-04-12 Wednesday 00:48:01: Episode:0 Mean Stopped= 126.729 +/- 14.506
2023-04-12 Wednesday 00:48:01: Episode:1 Mean Stopped= 154.549 +/- 22.244
2023-04-12 Wednesday 00:48:01: Episode:2 Mean Stopped= 164.209 +/- 24.640
2023-04-12 Wednesday 00:48:01: Episode:3 Mean Stopped= 128.487 +/- 19.712
2023-04-12 Wednesday 00:48:01: Episode:4 Mean Stopped= 132.997 +/- 18.977
2023-04-12 Wednesday 00:48:01: 1-Total Mean Stopped= 141.394 +/- 15.138
2023-04-12 Wednesday 00:48:01: 2-Total Mean Stopped= 141.394 +/- 20.016
2023-04-12 Wednesday 00:48:01: ****
2023-04-12 Wednesday 00:48:01: Episode:0 Mean Stopped Cross Check= 126.760 +/- 14.510
2023-04-12 Wednesday 00:48:01: Episode:1 Mean Stopped Cross Check= 154.587 +/- 22.252
2023-04-12 Wednesday 00:48:01: Episode:2 Mean Stopped Cross Check= 164.244 +/- 24.643
2023-04-12 Wednesday 00:48:01: Episode:3 Mean Stopped Cross Check= 128.514 +/- 19.715
2023-04-12 Wednesday 00:48:01: Episode:4 Mean Stopped Cross Check= 133.030 +/- 18.980
2023-04-12 Wednesday 00:48:01: 1-Total Mean Stopped Cross Check= 141.427 +/- 15.141
2023-04-12 Wednesday 00:48:01: 2-Total Mean Stopped Cross Check= 141.427 +/- 20.020
2023-04-12 Wednesday 00:48:01: ****
2023-04-12 Wednesday 00:48:01: Episode:0 Mean Waiting Time= 5017.691 +/- 2796.934
2023-04-12 Wednesday 00:48:01: Episode:1 Mean Waiting Time= 7296.939 +/- 4380.541
2023-04-12 Wednesday 00:48:01: Episode:2 Mean Waiting Time= 6839.859 +/- 3491.411
2023-04-12 Wednesday 00:48:01: Episode:3 Mean Waiting Time= 4882.081 +/- 2426.307
2023-04-12 Wednesday 00:48:01: Episode:4 Mean Waiting Time= 4994.677 +/- 2492.532
2023-04-12 Wednesday 00:48:01: 1-Total Mean Waiting Time= 5806.249 +/- 1041.640
2023-04-12 Wednesday 00:48:01: 2-Total Mean Waiting Time= 5806.249 +/- 3117.545
2023-04-12 Wednesday 00:48:01: Episode:0 Mean Avg Speed= 0.053 +/- 0.025
2023-04-12 Wednesday 00:48:01: Episode:1 Mean Avg Speed= 0.045 +/- 0.027
2023-04-12 Wednesday 00:48:01: Episode:2 Mean Avg Speed= 0.044 +/- 0.027
2023-04-12 Wednesday 00:48:01: Episode:3 Mean Avg Speed= 0.055 +/- 0.032
2023-04-12 Wednesday 00:48:01: Episode:4 Mean Avg Speed= 0.053 +/- 0.028
2023-04-12 Wednesday 00:48:01: 1-Total Mean Avg Speed= 0.050 +/- 0.005
2023-04-12 Wednesday 00:48:01: 2-Total Mean Avg Speed= 0.050 +/- 0.028
2023-04-12 Wednesday 00:48:01: Episode:0 Mean Avg Speed 2= 0.995 +/- 0.466
2023-04-12 Wednesday 00:48:01: Episode:1 Mean Avg Speed 2= 0.837 +/- 0.514
2023-04-12 Wednesday 00:48:01: Episode:2 Mean Avg Speed 2= 0.819 +/- 0.513
2023-04-12 Wednesday 00:48:01: Episode:3 Mean Avg Speed 2= 1.031 +/- 0.599
2023-04-12 Wednesday 00:48:01: Episode:4 Mean Avg Speed 2= 0.978 +/- 0.533
2023-04-12 Wednesday 00:48:01: 1-Total Mean Avg Speed 2= 0.932 +/- 0.087
2023-04-12 Wednesday 00:48:01: 2-Total Mean Avg Speed 2= 0.932 +/- 0.525
2023-04-12 Wednesday 00:48:01: Episode:0 Mean Avg Speed Cross Check= 1.772 +/- 0.493
2023-04-12 Wednesday 00:48:01: Episode:1 Mean Avg Speed Cross Check= 1.500 +/- 0.572
2023-04-12 Wednesday 00:48:01: Episode:2 Mean Avg Speed Cross Check= 1.469 +/- 0.575
2023-04-12 Wednesday 00:48:01: Episode:3 Mean Avg Speed Cross Check= 1.814 +/- 0.665
2023-04-12 Wednesday 00:48:01: Episode:4 Mean Avg Speed Cross Check= 1.735 +/- 0.587
2023-04-12 Wednesday 00:48:01: 1-Total Mean Avg Speed Cross Check= 1.658 +/- 0.144
2023-04-12 Wednesday 00:48:01: 2-Total Mean Avg Speed Cross Check= 1.658 +/- 0.579
2023-04-12 Wednesday 00:48:01: ****************************************
