2023-04-12 Wednesday 00:59:09 root:INFO:Run: 4 for Baseline experiment: DE-5 - route: ../nets/roundabout/input_routes_roundabout_auto_v1-5.rou.xml - first seed: 480 - alpha: 0.5 - gamma: 0.99 - epsilon: 0.2 - reward: diff-waiting-time
2023-04-12 Wednesday 02:00:20 root:INFO:Total Missing States: 0
2023-04-12 Wednesday 02:00:20 root:INFO:Mean Reward=-2016310.00 +/- 0.00
2023-04-12 Wednesday 02:00:20 root:INFO:Mean Stopped=2016310.00 +/- 0.00
2023-04-12 Wednesday 02:00:20 root:INFO:Mean_Stopped=2017142.00 +/- 0.00
2023-04-12 Wednesday 02:00:20 root:INFO:Mean Waiting Time=45877250.00 +/- 0.00
2023-04-12 Wednesday 02:00:20 root:INFO:Mean_avg_speed=267.69 +/- 0.00
2023-04-12 Wednesday 02:00:20 root:INFO:Mean_avg_speed_2=4958.02 +/- 0.00
2023-04-12 Wednesday 02:00:20 root:INFO:Mean_avg_speed_cross_check=8917.55 +/- 0.00
2023-04-12 Wednesday 02:00:20 root:INFO:****************************************
2023-04-12 Wednesday 02:00:20 root:INFO:Calculation 1 - Overall 
2023-04-12 Wednesday 02:00:20 root:INFO:****************************************
2023-04-12 Wednesday 02:00:20 root:INFO:Inner X Outer Loops Mean Reward=-201.611 +/- 24.380
2023-04-12 Wednesday 02:00:20 root:INFO:Inner X Outer Loops Mean Stopped= 201.611 +/- 24.380
2023-04-12 Wednesday 02:00:20 root:INFO:Inner X Outer Loops Mean Stopped Cross Check= 201.694 +/- 24.374
2023-04-12 Wednesday 02:00:20 root:INFO:Inner X Outer Loops Mean Waiting Time= 4587.266 +/- 572.914
2023-04-12 Wednesday 02:00:20 root:INFO:Inner X Outer Loops Mean Avg Speed= 0.027 +/- 0.027
2023-04-12 Wednesday 02:00:20 root:INFO:Inner X Outer Loops Mean Avg Speed 2= 0.496 +/- 0.499
2023-04-12 Wednesday 02:00:20 root:INFO:Inner X Outer Loops Mean Avg Speed Cross Check= 0.892 +/- 0.544
2023-04-12 Wednesday 02:00:20 root:INFO:****************************************
2023-04-12 Wednesday 02:00:20 root:INFO:Calculation 2 - Per Episode
2023-04-12 Wednesday 02:00:20 root:INFO:****************************************
2023-04-12 Wednesday 02:00:20 root:INFO:Episode:0 Mean Waiting Time=-201.611 +/- 24.380
2023-04-12 Wednesday 02:00:20 root:INFO:1-Total Mean Reward= -201.611 +/- 0.000
2023-04-12 Wednesday 02:00:20 root:INFO:2-Total Mean Reward= -201.611 +/- 24.380
2023-04-12 Wednesday 02:00:20 root:INFO:****
2023-04-12 Wednesday 02:00:20 root:INFO:Episode:0 Mean Stopped= 201.611 +/- 24.380
2023-04-12 Wednesday 02:00:20 root:INFO:1-Total Mean Stopped= 201.611 +/- 0.000
2023-04-12 Wednesday 02:00:20 root:INFO:2-Total Mean Stopped= 201.611 +/- 24.380
2023-04-12 Wednesday 02:00:20 root:INFO:****
2023-04-12 Wednesday 02:00:20 root:INFO:Episode:0 Mean Stopped Cross Check= 201.694 +/- 24.374
2023-04-12 Wednesday 02:00:20 root:INFO:1-Total Mean Stopped Cross Check= 201.694 +/- 0.000
2023-04-12 Wednesday 02:00:20 root:INFO:2-Total Mean Stopped Cross Check= 201.694 +/- 24.374
2023-04-12 Wednesday 02:00:20 root:INFO:****
2023-04-12 Wednesday 02:00:20 root:INFO:Episode:0 Mean Waiting Time= 4587.266 +/- 572.914
2023-04-12 Wednesday 02:00:20 root:INFO:1-Total Mean Waiting Time= 4587.266 +/- 0.000
2023-04-12 Wednesday 02:00:20 root:INFO:2-Total Mean Waiting Time= 4587.266 +/- 572.914
2023-04-12 Wednesday 02:00:20 root:INFO:Episode:0 Mean Avg Speed= 0.027 +/- 0.027
2023-04-12 Wednesday 02:00:20 root:INFO:1-Total Mean Avg Speed= 0.027 +/- 0.000
2023-04-12 Wednesday 02:00:20 root:INFO:2-Total Mean Avg Speed= 0.027 +/- 0.027
2023-04-12 Wednesday 02:00:20 root:INFO:Episode:0 Mean Avg Speed 2= 0.496 +/- 0.499
2023-04-12 Wednesday 02:00:20 root:INFO:1-Total Mean Avg Speed 2= 0.496 +/- 0.000
2023-04-12 Wednesday 02:00:20 root:INFO:2-Total Mean Avg Speed 2= 0.496 +/- 0.499
2023-04-12 Wednesday 02:00:20 root:INFO:Episode:0 Mean Avg Speed Cross Check= 0.892 +/- 0.544
2023-04-12 Wednesday 02:00:20 root:INFO:1-Total Mean Avg Speed Cross Check= 0.892 +/- 0.000
2023-04-12 Wednesday 02:00:20 root:INFO:2-Total Mean Avg Speed Cross Check= 0.892 +/- 0.544
2023-04-12 Wednesday 02:00:20 root:INFO:****************************************
