2023-02-25 Saturday 13:13:31: Run: 1 for Training experiment: DoE-4 - first seed: 170 - alpha: 0.1 - gamma: 0.8 - epsilon: 0.3 - reward: average-speed-2
2023-02-25 Saturday 13:26:47: Run: 1 - First Epsilon: 0.3 - Last Epsilon: 0.3
2023-02-25 Saturday 13:43:51: Run: 2 - First Epsilon: 0.3 - Last Epsilon: 0.3
2023-02-25 Saturday 13:57:14: Run: 3 - First Epsilon: 0.3 - Last Epsilon: 0.3
2023-02-25 Saturday 14:11:51: Run: 4 - First Epsilon: 0.3 - Last Epsilon: 0.3
2023-02-25 Saturday 14:25:18: Run: 5 - First Epsilon: 0.3 - Last Epsilon: 0.3
2023-02-25 Saturday 14:25:18: Q-Table Total Distinct States: 967
2023-02-25 Saturday 14:25:18: Mean_reward=15037.99 +/- 1559.48
2023-02-25 Saturday 14:25:18: Mean_Stopped=712537.20 +/- 105752.12
2023-02-25 Saturday 14:25:18: Mean_Stopped=712781.40 +/- 105782.75
2023-02-25 Saturday 14:25:18: Mean_waiting_time=41251718.20 +/- 12353709.97
2023-02-25 Saturday 14:25:18: Mean_avg_speed=810.33 +/- 84.48
2023-02-25 Saturday 14:25:18: Mean_avg_speed_2=15037.99 +/- 1559.48
2023-02-25 Saturday 14:25:18: Mean_avg_speed_cross_check=25475.52 +/- 2378.39
2023-02-25 Saturday 14:25:18: ****************************************
2023-02-25 Saturday 14:25:18: Calculation 1 - Overall 
2023-02-25 Saturday 14:25:18: ****************************************
2023-02-25 Saturday 14:25:18: Inner X Outer Loops Mean Reward= 1.504 +/- 0.609
2023-02-25 Saturday 14:25:18: Inner X Outer Loops Mean Stopped= 71.247 +/- 18.844
2023-02-25 Saturday 14:25:18: Inner X Outer Loops Mean Stopped Cross Check= 71.271 +/- 18.846
2023-02-25 Saturday 14:25:18: Inner X Outer Loops Mean Waiting Time= 4124.759 +/- 4255.618
2023-02-25 Saturday 14:25:18: Inner X Outer Loops Mean Avg Speed= 0.081 +/- 0.033
2023-02-25 Saturday 14:25:18: Inner X Outer Loops Mean Avg Speed 2= 1.504 +/- 0.609
2023-02-25 Saturday 14:25:18: Inner X Outer Loops Mean Avg Speed Cross Check= 2.547 +/- 0.730
2023-02-25 Saturday 14:25:18: ****************************************
2023-02-25 Saturday 14:25:18: Calculation 2 - Per Episode
2023-02-25 Saturday 14:25:18: ****************************************
2023-02-25 Saturday 14:25:18: Episode:0 Mean Reward= 1.482 +/- 0.571
2023-02-25 Saturday 14:25:18: Episode:1 Mean Reward= 1.223 +/- 0.609
2023-02-25 Saturday 14:25:18: Episode:2 Mean Reward= 1.578 +/- 0.584
2023-02-25 Saturday 14:25:18: Episode:3 Mean Reward= 1.544 +/- 0.577
2023-02-25 Saturday 14:25:18: Episode:4 Mean Reward= 1.691 +/- 0.598
2023-02-25 Saturday 14:25:18: 1-Total Mean Reward= 1.504 +/- 0.156
2023-02-25 Saturday 14:25:18: 2-Total Mean Reward= 1.504 +/- 0.588
2023-02-25 Saturday 14:25:18: ****
2023-02-25 Saturday 14:25:18: Episode:0 Mean Stopped= 68.100 +/- 11.416
2023-02-25 Saturday 14:25:18: Episode:1 Mean Stopped= 91.624 +/- 21.684
2023-02-25 Saturday 14:25:18: Episode:2 Mean Stopped= 65.905 +/- 12.356
2023-02-25 Saturday 14:25:18: Episode:3 Mean Stopped= 69.468 +/- 17.689
2023-02-25 Saturday 14:25:18: Episode:4 Mean Stopped= 61.136 +/- 12.264
2023-02-25 Saturday 14:25:18: 1-Total Mean Stopped= 71.247 +/- 10.574
2023-02-25 Saturday 14:25:18: 2-Total Mean Stopped= 71.247 +/- 15.082
2023-02-25 Saturday 14:25:18: ****
2023-02-25 Saturday 14:25:18: Episode:0 Mean Stopped Cross Check= 68.120 +/- 11.415
2023-02-25 Saturday 14:25:18: Episode:1 Mean Stopped Cross Check= 91.655 +/- 21.691
2023-02-25 Saturday 14:25:18: Episode:2 Mean Stopped Cross Check= 65.929 +/- 12.350
2023-02-25 Saturday 14:25:18: Episode:3 Mean Stopped Cross Check= 69.492 +/- 17.688
2023-02-25 Saturday 14:25:18: Episode:4 Mean Stopped Cross Check= 61.159 +/- 12.259
2023-02-25 Saturday 14:25:18: 1-Total Mean Stopped Cross Check= 71.271 +/- 10.577
2023-02-25 Saturday 14:25:18: 2-Total Mean Stopped Cross Check= 71.271 +/- 15.081
2023-02-25 Saturday 14:25:18: ****
2023-02-25 Saturday 14:25:18: Episode:0 Mean Waiting Time= 4254.488 +/- 3863.737
2023-02-25 Saturday 14:25:18: Episode:1 Mean Waiting Time= 6429.376 +/- 6086.858
2023-02-25 Saturday 14:25:18: Episode:2 Mean Waiting Time= 3333.774 +/- 3535.093
2023-02-25 Saturday 14:25:18: Episode:3 Mean Waiting Time= 3706.270 +/- 3505.522
2023-02-25 Saturday 14:25:18: Episode:4 Mean Waiting Time= 2899.890 +/- 2481.610
2023-02-25 Saturday 14:25:18: 1-Total Mean Waiting Time= 4124.759 +/- 1235.247
2023-02-25 Saturday 14:25:18: 2-Total Mean Waiting Time= 4124.759 +/- 3894.564
2023-02-25 Saturday 14:25:18: Episode:0 Mean Avg Speed= 0.080 +/- 0.031
2023-02-25 Saturday 14:25:18: Episode:1 Mean Avg Speed= 0.066 +/- 0.032
2023-02-25 Saturday 14:25:18: Episode:2 Mean Avg Speed= 0.085 +/- 0.032
2023-02-25 Saturday 14:25:18: Episode:3 Mean Avg Speed= 0.083 +/- 0.031
2023-02-25 Saturday 14:25:18: Episode:4 Mean Avg Speed= 0.091 +/- 0.032
2023-02-25 Saturday 14:25:18: 1-Total Mean Avg Speed= 0.081 +/- 0.008
2023-02-25 Saturday 14:25:18: 2-Total Mean Avg Speed= 0.081 +/- 0.031
2023-02-25 Saturday 14:25:18: Episode:0 Mean Avg Speed 2= 1.482 +/- 0.571
2023-02-25 Saturday 14:25:18: Episode:1 Mean Avg Speed 2= 1.223 +/- 0.609
2023-02-25 Saturday 14:25:18: Episode:2 Mean Avg Speed 2= 1.578 +/- 0.584
2023-02-25 Saturday 14:25:18: Episode:3 Mean Avg Speed 2= 1.544 +/- 0.577
2023-02-25 Saturday 14:25:18: Episode:4 Mean Avg Speed 2= 1.691 +/- 0.598
2023-02-25 Saturday 14:25:18: 1-Total Mean Avg Speed 2= 1.504 +/- 0.156
2023-02-25 Saturday 14:25:18: 2-Total Mean Avg Speed 2= 1.504 +/- 0.588
2023-02-25 Saturday 14:25:18: Episode:0 Mean Avg Speed Cross Check= 2.516 +/- 0.657
2023-02-25 Saturday 14:25:18: Episode:1 Mean Avg Speed Cross Check= 2.117 +/- 0.745
2023-02-25 Saturday 14:25:18: Episode:2 Mean Avg Speed Cross Check= 2.664 +/- 0.657
2023-02-25 Saturday 14:25:18: Episode:3 Mean Avg Speed Cross Check= 2.612 +/- 0.686
2023-02-25 Saturday 14:25:18: Episode:4 Mean Avg Speed Cross Check= 2.827 +/- 0.702
2023-02-25 Saturday 14:25:18: 1-Total Mean Avg Speed Cross Check= 2.547 +/- 0.238
2023-02-25 Saturday 14:25:18: 2-Total Mean Avg Speed Cross Check= 2.547 +/- 0.690
2023-02-25 Saturday 14:25:18: ****************************************
