2023-03-13 Monday 15:23:07: Run: 4 for Training experiment: DoE-46 - first seed: 470 - alpha: 0.5 - gamma: 0.9 - epsilon: 0.3 - reward: average-speed-2
2023-03-13 Monday 15:40:46: Run: 1 - First Epsilon: 0.3 - Last Epsilon: 0.3
2023-03-13 Monday 15:56:20: Run: 2 - First Epsilon: 0.3 - Last Epsilon: 0.3
2023-03-13 Monday 16:10:08: Run: 3 - First Epsilon: 0.3 - Last Epsilon: 0.3
2023-03-13 Monday 16:24:12: Run: 4 - First Epsilon: 0.3 - Last Epsilon: 0.3
2023-03-13 Monday 16:37:52: Run: 5 - First Epsilon: 0.3 - Last Epsilon: 0.3
2023-03-13 Monday 16:37:53: Q-Table Total Distinct States: 1263
2023-03-13 Monday 16:37:53: Mean_reward=14810.17 +/- 1469.70
2023-03-13 Monday 16:37:53: Mean_Stopped=724869.40 +/- 94237.89
2023-03-13 Monday 16:37:53: Mean_Stopped=725083.00 +/- 94248.83
2023-03-13 Monday 16:37:53: Mean_waiting_time=34563407.40 +/- 8733803.70
2023-03-13 Monday 16:37:53: Mean_avg_speed=797.46 +/- 79.57
2023-03-13 Monday 16:37:53: Mean_avg_speed_2=14810.17 +/- 1469.70
2023-03-13 Monday 16:37:53: Mean_avg_speed_cross_check=25169.87 +/- 2238.01
2023-03-13 Monday 16:37:53: ****************************************
2023-03-13 Monday 16:37:53: Calculation 1 - Overall 
2023-03-13 Monday 16:37:53: ****************************************
2023-03-13 Monday 16:37:53: Inner X Outer Loops Mean Reward= 1.481 +/- 0.604
2023-03-13 Monday 16:37:53: Inner X Outer Loops Mean Stopped= 72.480 +/- 16.700
2023-03-13 Monday 16:37:53: Inner X Outer Loops Mean Stopped Cross Check= 72.501 +/- 16.698
2023-03-13 Monday 16:37:53: Inner X Outer Loops Mean Waiting Time= 3455.995 +/- 3633.678
2023-03-13 Monday 16:37:53: Inner X Outer Loops Mean Avg Speed= 0.080 +/- 0.032
2023-03-13 Monday 16:37:53: Inner X Outer Loops Mean Avg Speed 2= 1.481 +/- 0.604
2023-03-13 Monday 16:37:53: Inner X Outer Loops Mean Avg Speed Cross Check= 2.517 +/- 0.707
2023-03-13 Monday 16:37:53: ****************************************
2023-03-13 Monday 16:37:53: Calculation 2 - Per Episode
2023-03-13 Monday 16:37:53: ****************************************
2023-03-13 Monday 16:37:53: Episode:0 Mean Reward= 1.232 +/- 0.580
2023-03-13 Monday 16:37:53: Episode:1 Mean Reward= 1.420 +/- 0.628
2023-03-13 Monday 16:37:53: Episode:2 Mean Reward= 1.508 +/- 0.555
2023-03-13 Monday 16:37:53: Episode:3 Mean Reward= 1.591 +/- 0.566
2023-03-13 Monday 16:37:53: Episode:4 Mean Reward= 1.653 +/- 0.598
2023-03-13 Monday 16:37:53: 1-Total Mean Reward= 1.481 +/- 0.147
2023-03-13 Monday 16:37:53: 2-Total Mean Reward= 1.481 +/- 0.585
2023-03-13 Monday 16:37:53: ****
2023-03-13 Monday 16:37:53: Episode:0 Mean Stopped= 89.208 +/- 17.064
2023-03-13 Monday 16:37:53: Episode:1 Mean Stopped= 75.698 +/- 14.268
2023-03-13 Monday 16:37:53: Episode:2 Mean Stopped= 69.362 +/- 11.258
2023-03-13 Monday 16:37:53: Episode:3 Mean Stopped= 65.167 +/- 11.282
2023-03-13 Monday 16:37:53: Episode:4 Mean Stopped= 62.963 +/- 14.201
2023-03-13 Monday 16:37:53: 1-Total Mean Stopped= 72.480 +/- 9.423
2023-03-13 Monday 16:37:53: 2-Total Mean Stopped= 72.480 +/- 13.614
2023-03-13 Monday 16:37:53: ****
2023-03-13 Monday 16:37:53: Episode:0 Mean Stopped Cross Check= 89.232 +/- 17.063
2023-03-13 Monday 16:37:53: Episode:1 Mean Stopped Cross Check= 75.719 +/- 14.263
2023-03-13 Monday 16:37:53: Episode:2 Mean Stopped Cross Check= 69.383 +/- 11.253
2023-03-13 Monday 16:37:53: Episode:3 Mean Stopped Cross Check= 65.183 +/- 11.279
2023-03-13 Monday 16:37:53: Episode:4 Mean Stopped Cross Check= 62.988 +/- 14.200
2023-03-13 Monday 16:37:53: 1-Total Mean Stopped Cross Check= 72.501 +/- 9.424
2023-03-13 Monday 16:37:53: 2-Total Mean Stopped Cross Check= 72.501 +/- 13.612
2023-03-13 Monday 16:37:53: ****
2023-03-13 Monday 16:37:53: Episode:0 Mean Waiting Time= 5171.102 +/- 6201.797
2023-03-13 Monday 16:37:53: Episode:1 Mean Waiting Time= 3260.491 +/- 2472.066
2023-03-13 Monday 16:37:53: Episode:2 Mean Waiting Time= 3068.987 +/- 2185.120
2023-03-13 Monday 16:37:53: Episode:3 Mean Waiting Time= 2744.386 +/- 2019.737
2023-03-13 Monday 16:37:53: Episode:4 Mean Waiting Time= 3035.010 +/- 2962.669
2023-03-13 Monday 16:37:53: 1-Total Mean Waiting Time= 3455.995 +/- 873.293
2023-03-13 Monday 16:37:53: 2-Total Mean Waiting Time= 3455.995 +/- 3168.278
2023-03-13 Monday 16:37:53: Episode:0 Mean Avg Speed= 0.066 +/- 0.031
2023-03-13 Monday 16:37:53: Episode:1 Mean Avg Speed= 0.076 +/- 0.034
2023-03-13 Monday 16:37:53: Episode:2 Mean Avg Speed= 0.081 +/- 0.030
2023-03-13 Monday 16:37:53: Episode:3 Mean Avg Speed= 0.086 +/- 0.031
2023-03-13 Monday 16:37:53: Episode:4 Mean Avg Speed= 0.089 +/- 0.032
2023-03-13 Monday 16:37:53: 1-Total Mean Avg Speed= 0.080 +/- 0.008
2023-03-13 Monday 16:37:53: 2-Total Mean Avg Speed= 0.080 +/- 0.031
2023-03-13 Monday 16:37:53: Episode:0 Mean Avg Speed 2= 1.232 +/- 0.580
2023-03-13 Monday 16:37:53: Episode:1 Mean Avg Speed 2= 1.420 +/- 0.628
2023-03-13 Monday 16:37:53: Episode:2 Mean Avg Speed 2= 1.508 +/- 0.555
2023-03-13 Monday 16:37:53: Episode:3 Mean Avg Speed 2= 1.591 +/- 0.566
2023-03-13 Monday 16:37:53: Episode:4 Mean Avg Speed 2= 1.653 +/- 0.598
2023-03-13 Monday 16:37:53: 1-Total Mean Avg Speed 2= 1.481 +/- 0.147
2023-03-13 Monday 16:37:53: 2-Total Mean Avg Speed 2= 1.481 +/- 0.585
2023-03-13 Monday 16:37:53: Episode:0 Mean Avg Speed Cross Check= 2.137 +/- 0.673
2023-03-13 Monday 16:37:53: Episode:1 Mean Avg Speed Cross Check= 2.423 +/- 0.718
2023-03-13 Monday 16:37:53: Episode:2 Mean Avg Speed Cross Check= 2.564 +/- 0.621
2023-03-13 Monday 16:37:53: Episode:3 Mean Avg Speed Cross Check= 2.687 +/- 0.641
2023-03-13 Monday 16:37:53: Episode:4 Mean Avg Speed Cross Check= 2.774 +/- 0.697
2023-03-13 Monday 16:37:53: 1-Total Mean Avg Speed Cross Check= 2.517 +/- 0.224
2023-03-13 Monday 16:37:53: 2-Total Mean Avg Speed Cross Check= 2.517 +/- 0.670
2023-03-13 Monday 16:37:53: ****************************************
