2023-01-22 Sunday 21:51:15 root:INFO:Total Missing States: 0
2023-01-22 Sunday 21:51:15 root:INFO:Mean Reward=-188.52 +/- 7.47
2023-01-22 Sunday 21:51:15 root:INFO:Mean Stopped=518857.80 +/- 186.06
2023-01-22 Sunday 21:51:15 root:INFO:Mean Waiting Time=189866433.80 +/- 735609.30
2023-01-22 Sunday 21:51:15 root:INFO:****************************************
2023-01-22 Sunday 21:51:15 root:INFO:Calculation 1 - Overall 
2023-01-22 Sunday 21:51:15 root:INFO:****************************************
2023-01-22 Sunday 21:51:15 root:INFO:Inner X Outer Loops Mean Reward=-0.019 +/- 4.604
2023-01-22 Sunday 21:51:16 root:INFO:Inner X Outer Loops Mean Stopped= 51.881 +/- 3.824
2023-01-22 Sunday 21:51:16 root:INFO:Inner X Outer Loops Mean Waiting Time= 18984.745 +/- 2039.938
2023-01-22 Sunday 21:51:16 root:INFO:****************************************
2023-01-22 Sunday 21:51:16 root:INFO:Calculation 2 - Per Episode
2023-01-22 Sunday 21:51:16 root:INFO:****************************************
2023-01-22 Sunday 21:51:16 root:INFO:Episode:0 Mean Waiting Time=-0.019 +/- 4.612
2023-01-22 Sunday 21:51:16 root:INFO:Episode:1 Mean Waiting Time=-0.020 +/- 4.600
2023-01-22 Sunday 21:51:16 root:INFO:Episode:2 Mean Waiting Time=-0.019 +/- 4.603
2023-01-22 Sunday 21:51:16 root:INFO:Episode:3 Mean Waiting Time=-0.018 +/- 4.599
2023-01-22 Sunday 21:51:16 root:INFO:Episode:4 Mean Waiting Time=-0.018 +/- 4.605
2023-01-22 Sunday 21:51:16 root:INFO:1-Total Mean Reward= -0.019 +/- 0.001
2023-01-22 Sunday 21:51:16 root:INFO:2-Total Mean Reward= -0.019 +/- 4.604
2023-01-22 Sunday 21:51:16 root:INFO:****
2023-01-22 Sunday 21:51:16 root:INFO:Episode:0 Mean Stopped= 51.900 +/- 3.802
2023-01-22 Sunday 21:51:16 root:INFO:Episode:1 Mean Stopped= 51.854 +/- 3.857
2023-01-22 Sunday 21:51:16 root:INFO:Episode:2 Mean Stopped= 51.885 +/- 3.785
2023-01-22 Sunday 21:51:16 root:INFO:Episode:3 Mean Stopped= 51.865 +/- 3.881
2023-01-22 Sunday 21:51:16 root:INFO:Episode:4 Mean Stopped= 51.900 +/- 3.797
2023-01-22 Sunday 21:51:16 root:INFO:1-Total Mean Stopped= 51.881 +/- 0.019
2023-01-22 Sunday 21:51:16 root:INFO:2-Total Mean Stopped= 51.881 +/- 3.824
2023-01-22 Sunday 21:51:16 root:INFO:****
2023-01-22 Sunday 21:51:16 root:INFO:Episode:0 Mean Waiting Time= 19056.829 +/- 2056.765
2023-01-22 Sunday 21:51:16 root:INFO:Episode:1 Mean Waiting Time= 18907.379 +/- 2038.817
2023-01-22 Sunday 21:51:16 root:INFO:Episode:2 Mean Waiting Time= 18973.661 +/- 1999.033
2023-01-22 Sunday 21:51:16 root:INFO:Episode:3 Mean Waiting Time= 18904.576 +/- 2050.754
2023-01-22 Sunday 21:51:16 root:INFO:Episode:4 Mean Waiting Time= 19081.280 +/- 2047.171
2023-01-22 Sunday 21:51:16 root:INFO:1-Total Mean Waiting Time= 18984.745 +/- 73.554
2023-01-22 Sunday 21:51:16 root:INFO:2-Total Mean Waiting Time= 18984.745 +/- 2038.508
2023-01-22 Sunday 21:51:16 root:INFO:****************************************
