2023-03-17 Friday 04:34:49: Run: 5 for Training experiment: DoE-45 - first seed: 570 - alpha: 0.5 - gamma: 0.9 - epsilon: 0.3 - reward: diff-waiting-time
2023-03-17 Friday 04:40:48: Run: 1 - First Epsilon: 0.3 - Last Epsilon: 0.3
2023-03-17 Friday 04:46:32: Run: 2 - First Epsilon: 0.3 - Last Epsilon: 0.3
2023-03-17 Friday 04:51:56: Run: 3 - First Epsilon: 0.3 - Last Epsilon: 0.3
2023-03-17 Friday 04:57:24: Run: 4 - First Epsilon: 0.3 - Last Epsilon: 0.3
2023-03-17 Friday 05:02:51: Run: 5 - First Epsilon: 0.3 - Last Epsilon: 0.3
2023-03-17 Friday 05:02:52: Q-Table Total Distinct States: 465
2023-03-17 Friday 05:02:52: Mean_reward=-1.53 +/- 0.75
2023-03-17 Friday 05:02:52: Mean_Stopped=84435.40 +/- 5878.65
2023-03-17 Friday 05:02:52: Mean_Stopped=84601.80 +/- 5877.07
2023-03-17 Friday 05:02:52: Mean_waiting_time=1919213.00 +/- 251263.67
2023-03-17 Friday 05:02:52: Mean_avg_speed=3442.90 +/- 57.95
2023-03-17 Friday 05:02:52: Mean_avg_speed_2=63985.97 +/- 1106.37
2023-03-17 Friday 05:02:52: Mean_avg_speed_cross_check=76450.47 +/- 980.75
2023-03-17 Friday 05:02:52: ****************************************
2023-03-17 Friday 05:02:52: Calculation 1 - Overall 
2023-03-17 Friday 05:02:52: ****************************************
2023-03-17 Friday 05:02:52: Inner X Outer Loops Mean Reward= -0.000 +/- 0.828
2023-03-17 Friday 05:02:52: Inner X Outer Loops Mean Stopped= 8.443 +/- 3.859
2023-03-17 Friday 05:02:52: Inner X Outer Loops Mean Stopped Cross Check= 8.459 +/- 3.861
2023-03-17 Friday 05:02:52: Inner X Outer Loops Mean Waiting Time= 191.902 +/- 197.241
2023-03-17 Friday 05:02:52: Inner X Outer Loops Mean Avg Speed= 0.344 +/- 0.066
2023-03-17 Friday 05:02:52: Inner X Outer Loops Mean Avg Speed 2= 6.398 +/- 1.212
2023-03-17 Friday 05:02:52: Inner X Outer Loops Mean Avg Speed Cross Check= 7.644 +/- 0.928
2023-03-17 Friday 05:02:52: ****************************************
2023-03-17 Friday 05:02:52: Calculation 2 - Per Episode
2023-03-17 Friday 05:02:52: ****************************************
2023-03-17 Friday 05:02:52: Episode:0 Mean Reward= -0.000 +/- 0.923
2023-03-17 Friday 05:02:52: Episode:1 Mean Reward= -0.000 +/- 0.793
2023-03-17 Friday 05:02:52: Episode:2 Mean Reward= -0.000 +/- 0.782
2023-03-17 Friday 05:02:52: Episode:3 Mean Reward= -0.000 +/- 0.795
2023-03-17 Friday 05:02:52: Episode:4 Mean Reward= -0.000 +/- 0.838
2023-03-17 Friday 05:02:52: 1-Total Mean Reward= -0.000 +/- 0.000
2023-03-17 Friday 05:02:52: 2-Total Mean Reward= -0.000 +/- 0.826
2023-03-17 Friday 05:02:52: ****
2023-03-17 Friday 05:02:52: Episode:0 Mean Stopped= 9.587 +/- 5.984
2023-03-17 Friday 05:02:52: Episode:1 Mean Stopped= 8.018 +/- 2.934
2023-03-17 Friday 05:02:52: Episode:2 Mean Stopped= 7.997 +/- 2.609
2023-03-17 Friday 05:02:52: Episode:3 Mean Stopped= 8.281 +/- 3.062
2023-03-17 Friday 05:02:52: Episode:4 Mean Stopped= 8.331 +/- 3.483
2023-03-17 Friday 05:02:52: 1-Total Mean Stopped= 8.443 +/- 0.588
2023-03-17 Friday 05:02:52: 2-Total Mean Stopped= 8.443 +/- 3.614
2023-03-17 Friday 05:02:52: ****
2023-03-17 Friday 05:02:52: Episode:0 Mean Stopped Cross Check= 9.603 +/- 5.987
2023-03-17 Friday 05:02:52: Episode:1 Mean Stopped Cross Check= 8.033 +/- 2.937
2023-03-17 Friday 05:02:52: Episode:2 Mean Stopped Cross Check= 8.013 +/- 2.608
2023-03-17 Friday 05:02:52: Episode:3 Mean Stopped Cross Check= 8.300 +/- 3.065
2023-03-17 Friday 05:02:52: Episode:4 Mean Stopped Cross Check= 8.348 +/- 3.483
2023-03-17 Friday 05:02:52: 1-Total Mean Stopped Cross Check= 8.459 +/- 0.588
2023-03-17 Friday 05:02:52: 2-Total Mean Stopped Cross Check= 8.459 +/- 3.616
2023-03-17 Friday 05:02:52: ****
2023-03-17 Friday 05:02:52: Episode:0 Mean Waiting Time= 240.157 +/- 298.039
2023-03-17 Friday 05:02:52: Episode:1 Mean Waiting Time= 176.517 +/- 154.507
2023-03-17 Friday 05:02:52: Episode:2 Mean Waiting Time= 171.969 +/- 135.191
2023-03-17 Friday 05:02:52: Episode:3 Mean Waiting Time= 178.024 +/- 151.048
2023-03-17 Friday 05:02:52: Episode:4 Mean Waiting Time= 192.844 +/- 193.837
2023-03-17 Friday 05:02:52: 1-Total Mean Waiting Time= 191.902 +/- 25.124
2023-03-17 Friday 05:02:52: 2-Total Mean Waiting Time= 191.902 +/- 186.525
2023-03-17 Friday 05:02:52: Episode:0 Mean Avg Speed= 0.333 +/- 0.077
2023-03-17 Friday 05:02:52: Episode:1 Mean Avg Speed= 0.350 +/- 0.063
2023-03-17 Friday 05:02:52: Episode:2 Mean Avg Speed= 0.349 +/- 0.059
2023-03-17 Friday 05:02:52: Episode:3 Mean Avg Speed= 0.345 +/- 0.066
2023-03-17 Friday 05:02:52: Episode:4 Mean Avg Speed= 0.345 +/- 0.064
2023-03-17 Friday 05:02:52: 1-Total Mean Avg Speed= 0.344 +/- 0.006
2023-03-17 Friday 05:02:52: 2-Total Mean Avg Speed= 0.344 +/- 0.066
2023-03-17 Friday 05:02:52: Episode:0 Mean Avg Speed 2= 6.190 +/- 1.409
2023-03-17 Friday 05:02:52: Episode:1 Mean Avg Speed 2= 6.503 +/- 1.158
2023-03-17 Friday 05:02:52: Episode:2 Mean Avg Speed 2= 6.481 +/- 1.082
2023-03-17 Friday 05:02:52: Episode:3 Mean Avg Speed 2= 6.407 +/- 1.196
2023-03-17 Friday 05:02:52: Episode:4 Mean Avg Speed 2= 6.409 +/- 1.165
2023-03-17 Friday 05:02:52: 1-Total Mean Avg Speed 2= 6.398 +/- 0.111
2023-03-17 Friday 05:02:52: 2-Total Mean Avg Speed 2= 6.398 +/- 1.202
2023-03-17 Friday 05:02:52: Episode:0 Mean Avg Speed Cross Check= 7.459 +/- 1.136
2023-03-17 Friday 05:02:52: Episode:1 Mean Avg Speed Cross Check= 7.730 +/- 0.863
2023-03-17 Friday 05:02:52: Episode:2 Mean Avg Speed Cross Check= 7.722 +/- 0.801
2023-03-17 Friday 05:02:52: Episode:3 Mean Avg Speed Cross Check= 7.651 +/- 0.890
2023-03-17 Friday 05:02:52: Episode:4 Mean Avg Speed Cross Check= 7.660 +/- 0.887
2023-03-17 Friday 05:02:52: 1-Total Mean Avg Speed Cross Check= 7.644 +/- 0.098
2023-03-17 Friday 05:02:52: 2-Total Mean Avg Speed Cross Check= 7.644 +/- 0.915
2023-03-17 Friday 05:02:52: ****************************************
