2023-04-15 Saturday 21:30:27: Run: 3 for Training experiment: DE-Enhanced-6 - route: ../nets/roundabout/input_routes_roundabout_auto_v1-6.rou.xml - first seed: 370 - alpha: 0.5 - gamma: 0.99 - epsilon: 0.2 - reward: diff-waiting-time
2023-04-15 Saturday 21:50:55: Run: 1 - First Epsilon: 0.2 - Last Epsilon: 0.2
2023-04-15 Saturday 22:00:37: Run: 2 - First Epsilon: 0.2 - Last Epsilon: 0.2
2023-04-15 Saturday 22:10:01: Run: 3 - First Epsilon: 0.2 - Last Epsilon: 0.2
2023-04-15 Saturday 22:19:44: Run: 4 - First Epsilon: 0.2 - Last Epsilon: 0.2
2023-04-15 Saturday 22:29:00: Run: 5 - First Epsilon: 0.2 - Last Epsilon: 0.2
2023-04-15 Saturday 22:29:00: Q-Table Total Distinct States: 939
2023-04-15 Saturday 22:29:00: Mean_reward=-1.29 +/- 0.49
2023-04-15 Saturday 22:29:00: Mean_Stopped=142304.00 +/- 133422.95
2023-04-15 Saturday 22:29:00: Mean_Stopped=142435.80 +/- 133427.72
2023-04-15 Saturday 22:29:00: Mean_waiting_time=4109302.20 +/- 4407124.22
2023-04-15 Saturday 22:29:00: Mean_avg_speed=3159.33 +/- 851.81
2023-04-15 Saturday 22:29:00: Mean_avg_speed_2=58646.00 +/- 15776.03
2023-04-15 Saturday 22:29:00: Mean_avg_speed_cross_check=70883.98 +/- 15229.60
2023-04-15 Saturday 22:29:00: Mean_average_co2_emission_tl=30215272.90 +/- 1426336.03
2023-04-15 Saturday 22:29:00: Mean_average_co_emission_tl=1029767.35 +/- 134058.37
2023-04-15 Saturday 22:29:00: Mean_average_fuel_consumption_tl=12988.66 +/- 613.04
2023-04-15 Saturday 22:29:00: Mean_average_noise_emission_tl=599587.11 +/- 11083.20
2023-04-15 Saturday 22:29:00: Mean_average_co2_emission=25616138.20 +/- 130259.24
2023-04-15 Saturday 22:29:00: Mean_average_co_emission=759845.06 +/- 165624.45
2023-04-15 Saturday 22:29:00: Mean_average_fuel_consumptions=11011.61 +/- 55.91
2023-04-15 Saturday 22:29:00: Mean_average_noise_emissions=606324.13 +/- 10292.81
2023-04-15 Saturday 22:29:00: ****************************************
2023-04-15 Saturday 22:29:00: Calculation 1 - Overall 
2023-04-15 Saturday 22:29:00: ****************************************
2023-04-15 Saturday 22:29:00: Inner X Outer Loops Mean Reward= -0.000 +/- 1.128
2023-04-15 Saturday 22:29:00: Inner X Outer Loops Mean Stopped= 14.229 +/- 16.133
2023-04-15 Saturday 22:29:00: Inner X Outer Loops Mean Stopped Cross Check= 14.242 +/- 16.133
2023-04-15 Saturday 22:29:00: Inner X Outer Loops Mean Waiting Time= 410.889 +/- 746.114
2023-04-15 Saturday 22:29:00: Inner X Outer Loops Mean Avg Speed= 0.316 +/- 0.107
2023-04-15 Saturday 22:29:00: Inner X Outer Loops Mean Avg Speed 2= 5.864 +/- 1.964
2023-04-15 Saturday 22:29:00: Inner X Outer Loops Mean Avg Speed Cross Check= 7.088 +/- 1.815
2023-04-15 Saturday 22:29:00: Inner X Outer Loops Mean Average CO2 Emission TL= 3021.225 +/- 262.223
2023-04-15 Saturday 22:29:00: Inner X Outer Loops Mean Average CO Emission TL= 102.966 +/- 17.250
2023-04-15 Saturday 22:29:00: Inner X Outer Loops Mean Average Fuel Consumption TL= 1.299 +/- 0.113
2023-04-15 Saturday 22:29:00: Inner X Outer Loops Mean Average Noise Emission TL= 59.953 +/- 1.553
2023-04-15 Saturday 22:29:00: Inner X Outer Loops Mean Average CO2 Emission= 2561.358 +/- 190.674
2023-04-15 Saturday 22:29:00: Inner X Outer Loops Mean Average CO Emission= 75.977 +/- 20.034
2023-04-15 Saturday 22:29:00: Inner X Outer Loops Mean Average Fuel Consumptions= 1.101 +/- 0.082
2023-04-15 Saturday 22:29:00: Inner X Outer Loops Mean Average Noise Emissions= 60.626 +/- 1.303
2023-04-15 Saturday 22:29:00: ****************************************
2023-04-15 Saturday 22:29:00: Calculation 2 - Per Episode
2023-04-15 Saturday 22:29:00: ****************************************
2023-04-15 Saturday 22:29:00: Episode:0 Mean Reward= -0.000 +/- 1.885
2023-04-15 Saturday 22:29:00: Episode:1 Mean Reward= -0.000 +/- 0.863
2023-04-15 Saturday 22:29:00: Episode:2 Mean Reward= -0.000 +/- 0.863
2023-04-15 Saturday 22:29:00: Episode:3 Mean Reward= -0.000 +/- 0.835
2023-04-15 Saturday 22:29:00: Episode:4 Mean Reward= -0.000 +/- 0.787
2023-04-15 Saturday 22:29:00: 1-Total Mean Reward= -0.000 +/- 0.000
2023-04-15 Saturday 22:29:00: 2-Total Mean Reward= -0.000 +/- 1.047
2023-04-15 Saturday 22:29:00: ****
2023-04-15 Saturday 22:29:00: Episode:0 Mean Stopped= 40.909 +/- 19.724
2023-04-15 Saturday 22:29:00: Episode:1 Mean Stopped= 7.593 +/- 2.427
2023-04-15 Saturday 22:29:00: Episode:2 Mean Stopped= 7.821 +/- 2.533
2023-04-15 Saturday 22:29:00: Episode:3 Mean Stopped= 7.359 +/- 2.156
2023-04-15 Saturday 22:29:00: Episode:4 Mean Stopped= 7.463 +/- 2.334
2023-04-15 Saturday 22:29:00: 1-Total Mean Stopped= 14.229 +/- 13.341
2023-04-15 Saturday 22:29:00: 2-Total Mean Stopped= 14.229 +/- 5.835
2023-04-15 Saturday 22:29:00: ****
2023-04-15 Saturday 22:29:00: Episode:0 Mean Stopped Cross Check= 40.923 +/- 19.724
2023-04-15 Saturday 22:29:00: Episode:1 Mean Stopped Cross Check= 7.606 +/- 2.427
2023-04-15 Saturday 22:29:00: Episode:2 Mean Stopped Cross Check= 7.837 +/- 2.537
2023-04-15 Saturday 22:29:00: Episode:3 Mean Stopped Cross Check= 7.370 +/- 2.159
2023-04-15 Saturday 22:29:00: Episode:4 Mean Stopped Cross Check= 7.475 +/- 2.333
2023-04-15 Saturday 22:29:00: 1-Total Mean Stopped Cross Check= 14.242 +/- 13.341
2023-04-15 Saturday 22:29:00: 2-Total Mean Stopped Cross Check= 14.242 +/- 5.836
2023-04-15 Saturday 22:29:00: ****
2023-04-15 Saturday 22:29:00: Episode:0 Mean Waiting Time= 1291.921 +/- 1294.027
2023-04-15 Saturday 22:29:00: Episode:1 Mean Waiting Time= 199.733 +/- 196.960
2023-04-15 Saturday 22:29:00: Episode:2 Mean Waiting Time= 203.606 +/- 198.362
2023-04-15 Saturday 22:29:00: Episode:3 Mean Waiting Time= 188.975 +/- 190.229
2023-04-15 Saturday 22:29:00: Episode:4 Mean Waiting Time= 170.212 +/- 153.804
2023-04-15 Saturday 22:29:00: 1-Total Mean Waiting Time= 410.889 +/- 440.668
2023-04-15 Saturday 22:29:00: 2-Total Mean Waiting Time= 410.889 +/- 406.676
2023-04-15 Saturday 22:29:00: Episode:0 Mean Avg Speed= 0.146 +/- 0.079
2023-04-15 Saturday 22:29:00: Episode:1 Mean Avg Speed= 0.358 +/- 0.060
2023-04-15 Saturday 22:29:00: Episode:2 Mean Avg Speed= 0.353 +/- 0.061
2023-04-15 Saturday 22:29:00: Episode:3 Mean Avg Speed= 0.362 +/- 0.058
2023-04-15 Saturday 22:29:00: Episode:4 Mean Avg Speed= 0.360 +/- 0.059
2023-04-15 Saturday 22:29:00: 1-Total Mean Avg Speed= 0.316 +/- 0.085
2023-04-15 Saturday 22:29:00: 2-Total Mean Avg Speed= 0.316 +/- 0.064
2023-04-15 Saturday 22:29:00: Episode:0 Mean Avg Speed 2= 2.711 +/- 1.474
2023-04-15 Saturday 22:29:00: Episode:1 Mean Avg Speed 2= 6.647 +/- 1.092
2023-04-15 Saturday 22:29:00: Episode:2 Mean Avg Speed 2= 6.558 +/- 1.110
2023-04-15 Saturday 22:29:00: Episode:3 Mean Avg Speed 2= 6.721 +/- 1.050
2023-04-15 Saturday 22:29:00: Episode:4 Mean Avg Speed 2= 6.683 +/- 1.071
2023-04-15 Saturday 22:29:00: 1-Total Mean Avg Speed 2= 5.864 +/- 1.577
2023-04-15 Saturday 22:29:00: 2-Total Mean Avg Speed 2= 5.864 +/- 1.159
2023-04-15 Saturday 22:29:00: Episode:0 Mean Avg Speed Cross Check= 4.043 +/- 1.576
2023-04-15 Saturday 22:29:00: Episode:1 Mean Avg Speed Cross Check= 7.845 +/- 0.783
2023-04-15 Saturday 22:29:00: Episode:2 Mean Avg Speed Cross Check= 7.780 +/- 0.802
2023-04-15 Saturday 22:29:00: Episode:3 Mean Avg Speed Cross Check= 7.903 +/- 0.742
2023-04-15 Saturday 22:29:00: Episode:4 Mean Avg Speed Cross Check= 7.867 +/- 0.769
2023-04-15 Saturday 22:29:00: 1-Total Mean Avg Speed Cross Check= 7.088 +/- 1.523
2023-04-15 Saturday 22:29:00: 2-Total Mean Avg Speed Cross Check= 7.088 +/- 0.934
2023-04-15 Saturday 22:29:00: Episode:0 Mean Average CO2 Emission TL= 2736.159 +/- 175.542
2023-04-15 Saturday 22:29:00: Episode:1 Mean Average CO2 Emission TL= 3091.825 +/- 230.945
2023-04-15 Saturday 22:29:00: Episode:2 Mean Average CO2 Emission TL= 3084.066 +/- 228.919
2023-04-15 Saturday 22:29:00: Episode:3 Mean Average CO2 Emission TL= 3099.289 +/- 230.955
2023-04-15 Saturday 22:29:00: Episode:4 Mean Average CO2 Emission TL= 3094.787 +/- 228.491
2023-04-15 Saturday 22:29:00: 1-Total Mean Average CO2 Emission TL= 3021.225 +/- 142.619
2023-04-15 Saturday 22:29:00: 2-Total Mean Average CO2 Emission TL= 3021.225 +/- 218.970
2023-04-15 Saturday 22:29:00: Episode:0 Mean Average CO Emission TL= 129.761 +/- 14.198
2023-04-15 Saturday 22:29:00: Episode:1 Mean Average CO Emission TL= 96.319 +/- 9.977
2023-04-15 Saturday 22:29:00: Episode:2 Mean Average CO Emission TL= 97.044 +/- 9.955
2023-04-15 Saturday 22:29:00: Episode:3 Mean Average CO Emission TL= 95.727 +/- 9.568
2023-04-15 Saturday 22:29:00: Episode:4 Mean Average CO Emission TL= 95.982 +/- 9.883
2023-04-15 Saturday 22:29:00: 1-Total Mean Average CO Emission TL= 102.966 +/- 13.404
2023-04-15 Saturday 22:29:00: 2-Total Mean Average CO Emission TL= 102.966 +/- 10.716
2023-04-15 Saturday 22:29:00: Episode:0 Mean Average Fuel Consumption TL= 1.176 +/- 0.075
2023-04-15 Saturday 22:29:00: Episode:1 Mean Average Fuel Consumption TL= 1.329 +/- 0.099
2023-04-15 Saturday 22:29:00: Episode:2 Mean Average Fuel Consumption TL= 1.326 +/- 0.098
2023-04-15 Saturday 22:29:00: Episode:3 Mean Average Fuel Consumption TL= 1.332 +/- 0.099
2023-04-15 Saturday 22:29:00: Episode:4 Mean Average Fuel Consumption TL= 1.330 +/- 0.098
2023-04-15 Saturday 22:29:00: 1-Total Mean Average Fuel Consumption TL= 1.299 +/- 0.061
2023-04-15 Saturday 22:29:00: 2-Total Mean Average Fuel Consumption TL= 1.299 +/- 0.094
2023-04-15 Saturday 22:29:00: Episode:0 Mean Average Noise Emission TL= 57.738 +/- 1.095
2023-04-15 Saturday 22:29:00: Episode:1 Mean Average Noise Emission TL= 60.504 +/- 1.085
2023-04-15 Saturday 22:29:00: Episode:2 Mean Average Noise Emission TL= 60.439 +/- 1.101
2023-04-15 Saturday 22:29:00: Episode:3 Mean Average Noise Emission TL= 60.552 +/- 1.078
2023-04-15 Saturday 22:29:00: Episode:4 Mean Average Noise Emission TL= 60.531 +/- 1.084
2023-04-15 Saturday 22:29:00: 1-Total Mean Average Noise Emission TL= 59.953 +/- 1.108
2023-04-15 Saturday 22:29:00: 2-Total Mean Average Noise Emission TL= 59.953 +/- 1.089
2023-04-15 Saturday 22:29:00: Episode:0 Mean Average CO2 Emission= 2535.782 +/- 126.837
2023-04-15 Saturday 22:29:00: Episode:1 Mean Average CO2 Emission= 2567.397 +/- 201.882
2023-04-15 Saturday 22:29:00: Episode:2 Mean Average CO2 Emission= 2570.501 +/- 201.779
2023-04-15 Saturday 22:29:00: Episode:3 Mean Average CO2 Emission= 2569.716 +/- 204.139
2023-04-15 Saturday 22:29:00: Episode:4 Mean Average CO2 Emission= 2563.393 +/- 204.211
2023-04-15 Saturday 22:29:00: 1-Total Mean Average CO2 Emission= 2561.358 +/- 13.025
2023-04-15 Saturday 22:29:00: 2-Total Mean Average CO2 Emission= 2561.358 +/- 187.770
2023-04-15 Saturday 22:29:00: Episode:0 Mean Average CO Emission= 109.086 +/- 18.041
2023-04-15 Saturday 22:29:00: Episode:1 Mean Average CO Emission= 67.749 +/- 8.984
2023-04-15 Saturday 22:29:00: Episode:2 Mean Average CO Emission= 68.485 +/- 9.004
2023-04-15 Saturday 22:29:00: Episode:3 Mean Average CO Emission= 67.154 +/- 8.370
2023-04-15 Saturday 22:29:00: Episode:4 Mean Average CO Emission= 67.410 +/- 8.847
2023-04-15 Saturday 22:29:00: 1-Total Mean Average CO Emission= 75.977 +/- 16.561
2023-04-15 Saturday 22:29:00: 2-Total Mean Average CO Emission= 75.977 +/- 10.649
2023-04-15 Saturday 22:29:00: Episode:0 Mean Average Fuel Consumption= 1.090 +/- 0.055
2023-04-15 Saturday 22:29:00: Episode:1 Mean Average Fuel Consumption= 1.104 +/- 0.087
2023-04-15 Saturday 22:29:00: Episode:2 Mean Average Fuel Consumption= 1.105 +/- 0.087
2023-04-15 Saturday 22:29:00: Episode:3 Mean Average Fuel Consumption= 1.105 +/- 0.088
2023-04-15 Saturday 22:29:00: Episode:4 Mean Average Fuel Consumption= 1.102 +/- 0.088
2023-04-15 Saturday 22:29:00: 1-Total Mean Average Fuel Consumption= 1.101 +/- 0.006
2023-04-15 Saturday 22:29:00: 2-Total Mean Average Fuel Consumption= 1.101 +/- 0.081
2023-04-15 Saturday 22:29:00: Episode:0 Mean Average Noise Emission= 58.569 +/- 1.097
2023-04-15 Saturday 22:29:00: Episode:1 Mean Average Noise Emission= 61.137 +/- 0.704
2023-04-15 Saturday 22:29:00: Episode:2 Mean Average Noise Emission= 61.095 +/- 0.720
2023-04-15 Saturday 22:29:00: Episode:3 Mean Average Noise Emission= 61.177 +/- 0.692
2023-04-15 Saturday 22:29:00: Episode:4 Mean Average Noise Emission= 61.154 +/- 0.703
2023-04-15 Saturday 22:29:00: 1-Total Mean Average Noise Emission= 60.626 +/- 1.029
2023-04-15 Saturday 22:29:00: 2-Total Mean Average Noise Emission= 60.626 +/- 0.783
2023-04-15 Saturday 22:29:00: ****************************************
