2023-03-10 Friday 00:27:35: Run: 4 for Training experiment: DoE-5 - first seed: 470 - alpha: 0.1 - gamma: 0.8 - epsilon: 0.4 - reward: diff-waiting-time
2023-03-10 Friday 00:37:11: Run: 1 - First Epsilon: 0.4 - Last Epsilon: 0.4
2023-03-10 Friday 00:42:46: Run: 2 - First Epsilon: 0.4 - Last Epsilon: 0.4
2023-03-10 Friday 00:48:19: Run: 3 - First Epsilon: 0.4 - Last Epsilon: 0.4
2023-03-10 Friday 00:53:50: Run: 4 - First Epsilon: 0.4 - Last Epsilon: 0.4
2023-03-10 Friday 00:59:17: Run: 5 - First Epsilon: 0.4 - Last Epsilon: 0.4
2023-03-10 Friday 00:59:17: Q-Table Total Distinct States: 1233
2023-03-10 Friday 00:59:17: Mean_reward=-1.50 +/- 0.66
2023-03-10 Friday 00:59:17: Mean_Stopped=137879.80 +/- 101076.45
2023-03-10 Friday 00:59:17: Mean_Stopped=138032.00 +/- 101092.68
2023-03-10 Friday 00:59:17: Mean_waiting_time=3954961.00 +/- 4145584.84
2023-03-10 Friday 00:59:17: Mean_avg_speed=3104.27 +/- 516.82
2023-03-10 Friday 00:59:17: Mean_avg_speed_2=57677.01 +/- 9586.49
2023-03-10 Friday 00:59:17: Mean_avg_speed_cross_check=70594.35 +/- 9668.78
2023-03-10 Friday 00:59:17: ****************************************
2023-03-10 Friday 00:59:17: Calculation 1 - Overall 
2023-03-10 Friday 00:59:17: ****************************************
2023-03-10 Friday 00:59:17: Inner X Outer Loops Mean Reward= -0.000 +/- 1.099
2023-03-10 Friday 00:59:17: Inner X Outer Loops Mean Stopped= 13.787 +/- 15.915
2023-03-10 Friday 00:59:17: Inner X Outer Loops Mean Stopped Cross Check= 13.802 +/- 15.918
2023-03-10 Friday 00:59:17: Inner X Outer Loops Mean Waiting Time= 395.457 +/- 818.683
2023-03-10 Friday 00:59:17: Inner X Outer Loops Mean Avg Speed= 0.310 +/- 0.094
2023-03-10 Friday 00:59:17: Inner X Outer Loops Mean Avg Speed 2= 5.767 +/- 1.724
2023-03-10 Friday 00:59:17: Inner X Outer Loops Mean Avg Speed Cross Check= 7.059 +/- 1.613
2023-03-10 Friday 00:59:17: ****************************************
2023-03-10 Friday 00:59:17: Calculation 2 - Per Episode
2023-03-10 Friday 00:59:17: ****************************************
2023-03-10 Friday 00:59:17: Episode:0 Mean Reward= -0.000 +/- 1.825
2023-03-10 Friday 00:59:17: Episode:1 Mean Reward= -0.000 +/- 0.853
2023-03-10 Friday 00:59:17: Episode:2 Mean Reward= -0.000 +/- 0.835
2023-03-10 Friday 00:59:17: Episode:3 Mean Reward= -0.000 +/- 0.803
2023-03-10 Friday 00:59:17: Episode:4 Mean Reward= -0.000 +/- 0.797
2023-03-10 Friday 00:59:17: 1-Total Mean Reward= -0.000 +/- 0.000
2023-03-10 Friday 00:59:17: 2-Total Mean Reward= -0.000 +/- 1.023
2023-03-10 Friday 00:59:17: ****
2023-03-10 Friday 00:59:17: Episode:0 Mean Stopped= 33.994 +/- 26.789
2023-03-10 Friday 00:59:17: Episode:1 Mean Stopped= 9.037 +/- 3.438
2023-03-10 Friday 00:59:17: Episode:2 Mean Stopped= 8.958 +/- 3.018
2023-03-10 Friday 00:59:17: Episode:3 Mean Stopped= 8.566 +/- 3.093
2023-03-10 Friday 00:59:17: Episode:4 Mean Stopped= 8.378 +/- 2.763
2023-03-10 Friday 00:59:17: 1-Total Mean Stopped= 13.787 +/- 10.107
2023-03-10 Friday 00:59:17: 2-Total Mean Stopped= 13.787 +/- 7.820
2023-03-10 Friday 00:59:17: ****
2023-03-10 Friday 00:59:17: Episode:0 Mean Stopped Cross Check= 34.012 +/- 26.793
2023-03-10 Friday 00:59:17: Episode:1 Mean Stopped Cross Check= 9.052 +/- 3.438
2023-03-10 Friday 00:59:17: Episode:2 Mean Stopped Cross Check= 8.975 +/- 3.015
2023-03-10 Friday 00:59:17: Episode:3 Mean Stopped Cross Check= 8.578 +/- 3.095
2023-03-10 Friday 00:59:17: Episode:4 Mean Stopped Cross Check= 8.391 +/- 2.763
2023-03-10 Friday 00:59:17: 1-Total Mean Stopped Cross Check= 13.802 +/- 10.108
2023-03-10 Friday 00:59:17: 2-Total Mean Stopped Cross Check= 13.802 +/- 7.821
2023-03-10 Friday 00:59:17: ****
2023-03-10 Friday 00:59:17: Episode:0 Mean Waiting Time= 1224.283 +/- 1546.096
2023-03-10 Friday 00:59:17: Episode:1 Mean Waiting Time= 202.071 +/- 193.370
2023-03-10 Friday 00:59:17: Episode:2 Mean Waiting Time= 194.211 +/- 148.429
2023-03-10 Friday 00:59:17: Episode:3 Mean Waiting Time= 180.240 +/- 150.625
2023-03-10 Friday 00:59:17: Episode:4 Mean Waiting Time= 176.478 +/- 139.870
2023-03-10 Friday 00:59:17: 1-Total Mean Waiting Time= 395.457 +/- 414.517
2023-03-10 Friday 00:59:17: 2-Total Mean Waiting Time= 395.457 +/- 435.678
2023-03-10 Friday 00:59:17: Episode:0 Mean Avg Speed= 0.207 +/- 0.124
2023-03-10 Friday 00:59:17: Episode:1 Mean Avg Speed= 0.332 +/- 0.063
2023-03-10 Friday 00:59:17: Episode:2 Mean Avg Speed= 0.331 +/- 0.061
2023-03-10 Friday 00:59:17: Episode:3 Mean Avg Speed= 0.339 +/- 0.062
2023-03-10 Friday 00:59:17: Episode:4 Mean Avg Speed= 0.342 +/- 0.061
2023-03-10 Friday 00:59:17: 1-Total Mean Avg Speed= 0.310 +/- 0.052
2023-03-10 Friday 00:59:17: 2-Total Mean Avg Speed= 0.310 +/- 0.074
2023-03-10 Friday 00:59:17: Episode:0 Mean Avg Speed 2= 3.856 +/- 2.295
2023-03-10 Friday 00:59:17: Episode:1 Mean Avg Speed 2= 6.166 +/- 1.141
2023-03-10 Friday 00:59:17: Episode:2 Mean Avg Speed 2= 6.160 +/- 1.105
2023-03-10 Friday 00:59:17: Episode:3 Mean Avg Speed 2= 6.305 +/- 1.124
2023-03-10 Friday 00:59:17: Episode:4 Mean Avg Speed 2= 6.349 +/- 1.102
2023-03-10 Friday 00:59:17: 1-Total Mean Avg Speed 2= 5.767 +/- 0.959
2023-03-10 Friday 00:59:17: 2-Total Mean Avg Speed 2= 5.767 +/- 1.353
2023-03-10 Friday 00:59:17: Episode:0 Mean Avg Speed Cross Check= 5.129 +/- 2.330
2023-03-10 Friday 00:59:17: Episode:1 Mean Avg Speed Cross Check= 7.478 +/- 0.885
2023-03-10 Friday 00:59:17: Episode:2 Mean Avg Speed Cross Check= 7.480 +/- 0.844
2023-03-10 Friday 00:59:17: Episode:3 Mean Avg Speed Cross Check= 7.584 +/- 0.858
2023-03-10 Friday 00:59:17: Episode:4 Mean Avg Speed Cross Check= 7.624 +/- 0.823
2023-03-10 Friday 00:59:17: 1-Total Mean Avg Speed Cross Check= 7.059 +/- 0.967
2023-03-10 Friday 00:59:17: 2-Total Mean Avg Speed Cross Check= 7.059 +/- 1.148
2023-03-10 Friday 00:59:17: ****************************************
