2023-03-02 Thursday 13:38:08: Run: 1 for Training experiment: DoE-50 - first seed: 170 - alpha: 0.5 - gamma: 0.99 - epsilon: 0.2 - reward: average-speed-2
2023-03-02 Thursday 13:56:38: Run: 1 - First Epsilon: 0.2 - Last Epsilon: 0.2
2023-03-02 Thursday 14:16:06: Run: 2 - First Epsilon: 0.2 - Last Epsilon: 0.2
2023-03-02 Thursday 14:34:09: Run: 3 - First Epsilon: 0.2 - Last Epsilon: 0.2
2023-03-02 Thursday 14:51:55: Run: 4 - First Epsilon: 0.2 - Last Epsilon: 0.2
2023-03-02 Thursday 15:10:27: Run: 5 - First Epsilon: 0.2 - Last Epsilon: 0.2
2023-03-02 Thursday 15:10:27: Q-Table Total Distinct States: 427
2023-03-02 Thursday 15:10:27: Mean_reward=10507.59 +/- 609.88
2023-03-02 Thursday 15:10:27: Mean_Stopped=1012948.20 +/- 39055.36
2023-03-02 Thursday 15:10:27: Mean_Stopped=1013238.60 +/- 39087.45
2023-03-02 Thursday 15:10:27: Mean_waiting_time=90207476.40 +/- 38907040.08
2023-03-02 Thursday 15:10:27: Mean_avg_speed=565.31 +/- 33.29
2023-03-02 Thursday 15:10:27: Mean_avg_speed_2=10507.59 +/- 609.88
2023-03-02 Thursday 15:10:27: Mean_avg_speed_cross_check=18557.44 +/- 1005.99
2023-03-02 Thursday 15:10:27: ****************************************
2023-03-02 Thursday 15:10:27: Calculation 1 - Overall 
2023-03-02 Thursday 15:10:27: ****************************************
2023-03-02 Thursday 15:10:27: Inner X Outer Loops Mean Reward= 1.051 +/- 0.478
2023-03-02 Thursday 15:10:27: Inner X Outer Loops Mean Stopped= 101.285 +/- 13.873
2023-03-02 Thursday 15:10:27: Inner X Outer Loops Mean Stopped Cross Check= 101.314 +/- 13.867
2023-03-02 Thursday 15:10:27: Inner X Outer Loops Mean Waiting Time= 9019.846 +/- 11039.104
2023-03-02 Thursday 15:10:27: Inner X Outer Loops Mean Avg Speed= 0.057 +/- 0.025
2023-03-02 Thursday 15:10:27: Inner X Outer Loops Mean Avg Speed 2= 1.051 +/- 0.478
2023-03-02 Thursday 15:10:27: Inner X Outer Loops Mean Avg Speed Cross Check= 1.856 +/- 0.547
2023-03-02 Thursday 15:10:27: ****************************************
2023-03-02 Thursday 15:10:27: Calculation 2 - Per Episode
2023-03-02 Thursday 15:10:27: ****************************************
2023-03-02 Thursday 15:10:27: Episode:0 Mean Reward= 0.943 +/- 0.485
2023-03-02 Thursday 15:10:27: Episode:1 Mean Reward= 1.033 +/- 0.461
2023-03-02 Thursday 15:10:27: Episode:2 Mean Reward= 1.073 +/- 0.444
2023-03-02 Thursday 15:10:27: Episode:3 Mean Reward= 1.082 +/- 0.470
2023-03-02 Thursday 15:10:27: Episode:4 Mean Reward= 1.123 +/- 0.509
2023-03-02 Thursday 15:10:27: 1-Total Mean Reward= 1.051 +/- 0.061
2023-03-02 Thursday 15:10:27: 2-Total Mean Reward= 1.051 +/- 0.474
2023-03-02 Thursday 15:10:27: ****
2023-03-02 Thursday 15:10:27: Episode:0 Mean Stopped= 107.696 +/- 14.653
2023-03-02 Thursday 15:10:27: Episode:1 Mean Stopped= 103.043 +/- 13.353
2023-03-02 Thursday 15:10:27: Episode:2 Mean Stopped= 99.963 +/- 12.641
2023-03-02 Thursday 15:10:27: Episode:3 Mean Stopped= 99.713 +/- 13.109
2023-03-02 Thursday 15:10:27: Episode:4 Mean Stopped= 96.009 +/- 12.705
2023-03-02 Thursday 15:10:27: 1-Total Mean Stopped= 101.285 +/- 3.905
2023-03-02 Thursday 15:10:27: 2-Total Mean Stopped= 101.285 +/- 13.292
2023-03-02 Thursday 15:10:27: ****
2023-03-02 Thursday 15:10:27: Episode:0 Mean Stopped Cross Check= 107.728 +/- 14.641
2023-03-02 Thursday 15:10:27: Episode:1 Mean Stopped Cross Check= 103.077 +/- 13.346
2023-03-02 Thursday 15:10:27: Episode:2 Mean Stopped Cross Check= 99.997 +/- 12.636
2023-03-02 Thursday 15:10:27: Episode:3 Mean Stopped Cross Check= 99.734 +/- 13.105
2023-03-02 Thursday 15:10:27: Episode:4 Mean Stopped Cross Check= 96.033 +/- 12.697
2023-03-02 Thursday 15:10:27: 1-Total Mean Stopped Cross Check= 101.314 +/- 3.908
2023-03-02 Thursday 15:10:27: 2-Total Mean Stopped Cross Check= 101.314 +/- 13.285
2023-03-02 Thursday 15:10:27: ****
2023-03-02 Thursday 15:10:27: Episode:0 Mean Waiting Time= 15590.085 +/- 14444.296
2023-03-02 Thursday 15:10:27: Episode:1 Mean Waiting Time= 11136.961 +/- 13928.139
2023-03-02 Thursday 15:10:27: Episode:2 Mean Waiting Time= 6362.032 +/- 7025.188
2023-03-02 Thursday 15:10:27: Episode:3 Mean Waiting Time= 7184.244 +/- 7581.478
2023-03-02 Thursday 15:10:27: Episode:4 Mean Waiting Time= 4825.906 +/- 4916.652
2023-03-02 Thursday 15:10:27: 1-Total Mean Waiting Time= 9019.846 +/- 3890.315
2023-03-02 Thursday 15:10:27: 2-Total Mean Waiting Time= 9019.846 +/- 9579.151
2023-03-02 Thursday 15:10:27: Episode:0 Mean Avg Speed= 0.051 +/- 0.025
2023-03-02 Thursday 15:10:27: Episode:1 Mean Avg Speed= 0.055 +/- 0.023
2023-03-02 Thursday 15:10:27: Episode:2 Mean Avg Speed= 0.058 +/- 0.024
2023-03-02 Thursday 15:10:27: Episode:3 Mean Avg Speed= 0.058 +/- 0.025
2023-03-02 Thursday 15:10:27: Episode:4 Mean Avg Speed= 0.060 +/- 0.027
2023-03-02 Thursday 15:10:27: 1-Total Mean Avg Speed= 0.057 +/- 0.003
2023-03-02 Thursday 15:10:27: 2-Total Mean Avg Speed= 0.057 +/- 0.025
2023-03-02 Thursday 15:10:27: Episode:0 Mean Avg Speed 2= 0.943 +/- 0.485
2023-03-02 Thursday 15:10:27: Episode:1 Mean Avg Speed 2= 1.033 +/- 0.461
2023-03-02 Thursday 15:10:27: Episode:2 Mean Avg Speed 2= 1.073 +/- 0.444
2023-03-02 Thursday 15:10:27: Episode:3 Mean Avg Speed 2= 1.082 +/- 0.470
2023-03-02 Thursday 15:10:27: Episode:4 Mean Avg Speed 2= 1.123 +/- 0.509
2023-03-02 Thursday 15:10:27: 1-Total Mean Avg Speed 2= 1.051 +/- 0.061
2023-03-02 Thursday 15:10:27: 2-Total Mean Avg Speed 2= 1.051 +/- 0.474
2023-03-02 Thursday 15:10:27: Episode:0 Mean Avg Speed Cross Check= 1.676 +/- 0.568
2023-03-02 Thursday 15:10:27: Episode:1 Mean Avg Speed Cross Check= 1.828 +/- 0.529
2023-03-02 Thursday 15:10:27: Episode:2 Mean Avg Speed Cross Check= 1.898 +/- 0.489
2023-03-02 Thursday 15:10:27: Episode:3 Mean Avg Speed Cross Check= 1.906 +/- 0.544
2023-03-02 Thursday 15:10:27: Episode:4 Mean Avg Speed Cross Check= 1.970 +/- 0.553
2023-03-02 Thursday 15:10:27: 1-Total Mean Avg Speed Cross Check= 1.856 +/- 0.101
2023-03-02 Thursday 15:10:27: 2-Total Mean Avg Speed Cross Check= 1.856 +/- 0.537
2023-03-02 Thursday 15:10:27: ****************************************
