2023-01-30 Monday 15:46:25 root:INFO:Total Missing States: 0
2023-01-30 Monday 15:46:25 root:INFO:Mean Reward=-192.83 +/- 4.04
2023-01-30 Monday 15:46:25 root:INFO:Mean Stopped=518805.00 +/- 251.40
2023-01-30 Monday 15:46:25 root:INFO:Mean Waiting Time=190665375.40 +/- 750849.76
2023-01-30 Monday 15:46:25 root:INFO:****************************************
2023-01-30 Monday 15:46:25 root:INFO:Calculation 1 - Overall 
2023-01-30 Monday 15:46:25 root:INFO:****************************************
2023-01-30 Monday 15:46:25 root:INFO:Inner X Outer Loops Mean Reward=-0.019 +/- 4.608
2023-01-30 Monday 15:46:25 root:INFO:Inner X Outer Loops Mean Stopped= 51.875 +/- 3.858
2023-01-30 Monday 15:46:25 root:INFO:Inner X Outer Loops Mean Waiting Time= 19064.631 +/- 2070.967
2023-01-30 Monday 15:46:25 root:INFO:****************************************
2023-01-30 Monday 15:46:25 root:INFO:Calculation 2 - Per Episode
2023-01-30 Monday 15:46:25 root:INFO:****************************************
2023-01-30 Monday 15:46:25 root:INFO:Episode:0 Mean Waiting Time=-0.019 +/- 4.620
2023-01-30 Monday 15:46:25 root:INFO:Episode:1 Mean Waiting Time=-0.020 +/- 4.612
2023-01-30 Monday 15:46:25 root:INFO:Episode:2 Mean Waiting Time=-0.019 +/- 4.606
2023-01-30 Monday 15:46:25 root:INFO:Episode:3 Mean Waiting Time=-0.020 +/- 4.612
2023-01-30 Monday 15:46:25 root:INFO:Episode:4 Mean Waiting Time=-0.019 +/- 4.592
2023-01-30 Monday 15:46:25 root:INFO:1-Total Mean Reward= -0.019 +/- 0.000
2023-01-30 Monday 15:46:25 root:INFO:2-Total Mean Reward= -0.019 +/- 4.608
2023-01-30 Monday 15:46:25 root:INFO:****
2023-01-30 Monday 15:46:25 root:INFO:Episode:0 Mean Stopped= 51.903 +/- 3.872
2023-01-30 Monday 15:46:25 root:INFO:Episode:1 Mean Stopped= 51.906 +/- 3.812
2023-01-30 Monday 15:46:25 root:INFO:Episode:2 Mean Stopped= 51.862 +/- 3.871
2023-01-30 Monday 15:46:25 root:INFO:Episode:3 Mean Stopped= 51.862 +/- 3.889
2023-01-30 Monday 15:46:25 root:INFO:Episode:4 Mean Stopped= 51.843 +/- 3.845
2023-01-30 Monday 15:46:25 root:INFO:1-Total Mean Stopped= 51.875 +/- 0.025
2023-01-30 Monday 15:46:25 root:INFO:2-Total Mean Stopped= 51.875 +/- 3.858
2023-01-30 Monday 15:46:25 root:INFO:****
2023-01-30 Monday 15:46:25 root:INFO:Episode:0 Mean Waiting Time= 19153.693 +/- 2107.539
2023-01-30 Monday 15:46:25 root:INFO:Episode:1 Mean Waiting Time= 19047.720 +/- 2021.362
2023-01-30 Monday 15:46:25 root:INFO:Episode:2 Mean Waiting Time= 19064.072 +/- 2066.723
2023-01-30 Monday 15:46:25 root:INFO:Episode:3 Mean Waiting Time= 19122.114 +/- 2100.692
2023-01-30 Monday 15:46:25 root:INFO:Episode:4 Mean Waiting Time= 18935.556 +/- 2050.477
2023-01-30 Monday 15:46:25 root:INFO:1-Total Mean Waiting Time= 19064.631 +/- 75.077
2023-01-30 Monday 15:46:25 root:INFO:2-Total Mean Waiting Time= 19064.631 +/- 2069.359
2023-01-30 Monday 15:46:25 root:INFO:****************************************
