2023-03-05 Sunday 10:20:07: Run: 2 for Training experiment: DoE-41 - first seed: 270 - alpha: 0.5 - gamma: 0.8 - epsilon: 0.4 - reward: diff-waiting-time
2023-03-05 Sunday 10:30:53: Run: 1 - First Epsilon: 0.4 - Last Epsilon: 0.4
2023-03-05 Sunday 10:36:46: Run: 2 - First Epsilon: 0.4 - Last Epsilon: 0.4
2023-03-05 Sunday 10:42:15: Run: 3 - First Epsilon: 0.4 - Last Epsilon: 0.4
2023-03-05 Sunday 10:47:40: Run: 4 - First Epsilon: 0.4 - Last Epsilon: 0.4
2023-03-05 Sunday 10:53:10: Run: 5 - First Epsilon: 0.4 - Last Epsilon: 0.4
2023-03-05 Sunday 10:53:10: Q-Table Total Distinct States: 1517
2023-03-05 Sunday 10:53:10: Mean_reward=-3.50 +/- 0.83
2023-03-05 Sunday 10:53:10: Mean_Stopped=155821.00 +/- 132464.37
2023-03-05 Sunday 10:53:10: Mean_Stopped=156008.00 +/- 132499.39
2023-03-05 Sunday 10:53:10: Mean_waiting_time=4805326.00 +/- 5553524.50
2023-03-05 Sunday 10:53:10: Mean_avg_speed=3001.44 +/- 655.06
2023-03-05 Sunday 10:53:10: Mean_avg_speed_2=55793.63 +/- 12162.44
2023-03-05 Sunday 10:53:10: Mean_avg_speed_cross_check=68797.41 +/- 12276.55
2023-03-05 Sunday 10:53:10: ****************************************
2023-03-05 Sunday 10:53:10: Calculation 1 - Overall 
2023-03-05 Sunday 10:53:10: ****************************************
2023-03-05 Sunday 10:53:10: Inner X Outer Loops Mean Reward= -0.000 +/- 1.221
2023-03-05 Sunday 10:53:10: Inner X Outer Loops Mean Stopped= 15.581 +/- 18.471
2023-03-05 Sunday 10:53:10: Inner X Outer Loops Mean Stopped Cross Check= 15.599 +/- 18.474
2023-03-05 Sunday 10:53:10: Inner X Outer Loops Mean Waiting Time= 480.485 +/- 954.230
2023-03-05 Sunday 10:53:10: Inner X Outer Loops Mean Avg Speed= 0.300 +/- 0.099
2023-03-05 Sunday 10:53:10: Inner X Outer Loops Mean Avg Speed 2= 5.579 +/- 1.827
2023-03-05 Sunday 10:53:10: Inner X Outer Loops Mean Avg Speed Cross Check= 6.879 +/- 1.742
2023-03-05 Sunday 10:53:10: ****************************************
2023-03-05 Sunday 10:53:10: Calculation 2 - Per Episode
2023-03-05 Sunday 10:53:10: ****************************************
2023-03-05 Sunday 10:53:10: Episode:0 Mean Reward= -0.000 +/- 2.130
2023-03-05 Sunday 10:53:10: Episode:1 Mean Reward= -0.001 +/- 0.872
2023-03-05 Sunday 10:53:10: Episode:2 Mean Reward= -0.000 +/- 0.859
2023-03-05 Sunday 10:53:10: Episode:3 Mean Reward= -0.000 +/- 0.829
2023-03-05 Sunday 10:53:10: Episode:4 Mean Reward= -0.000 +/- 0.856
2023-03-05 Sunday 10:53:10: 1-Total Mean Reward= -0.000 +/- 0.000
2023-03-05 Sunday 10:53:10: 2-Total Mean Reward= -0.000 +/- 1.109
2023-03-05 Sunday 10:53:10: ****
2023-03-05 Sunday 10:53:10: Episode:0 Mean Stopped= 42.069 +/- 27.996
2023-03-05 Sunday 10:53:10: Episode:1 Mean Stopped= 8.970 +/- 3.606
2023-03-05 Sunday 10:53:10: Episode:2 Mean Stopped= 9.036 +/- 3.159
2023-03-05 Sunday 10:53:10: Episode:3 Mean Stopped= 8.721 +/- 3.357
2023-03-05 Sunday 10:53:10: Episode:4 Mean Stopped= 9.106 +/- 3.272
2023-03-05 Sunday 10:53:10: 1-Total Mean Stopped= 15.581 +/- 13.245
2023-03-05 Sunday 10:53:10: 2-Total Mean Stopped= 15.581 +/- 8.278
2023-03-05 Sunday 10:53:10: ****
2023-03-05 Sunday 10:53:10: Episode:0 Mean Stopped Cross Check= 42.095 +/- 27.997
2023-03-05 Sunday 10:53:10: Episode:1 Mean Stopped Cross Check= 8.988 +/- 3.608
2023-03-05 Sunday 10:53:10: Episode:2 Mean Stopped Cross Check= 9.050 +/- 3.163
2023-03-05 Sunday 10:53:10: Episode:3 Mean Stopped Cross Check= 8.738 +/- 3.359
2023-03-05 Sunday 10:53:10: Episode:4 Mean Stopped Cross Check= 9.125 +/- 3.276
2023-03-05 Sunday 10:53:10: 1-Total Mean Stopped Cross Check= 15.599 +/- 13.249
2023-03-05 Sunday 10:53:10: 2-Total Mean Stopped Cross Check= 15.599 +/- 8.281
2023-03-05 Sunday 10:53:10: ****
2023-03-05 Sunday 10:53:10: Episode:0 Mean Waiting Time= 1591.019 +/- 1703.584
2023-03-05 Sunday 10:53:10: Episode:1 Mean Waiting Time= 208.368 +/- 190.574
2023-03-05 Sunday 10:53:10: Episode:2 Mean Waiting Time= 205.011 +/- 158.497
2023-03-05 Sunday 10:53:10: Episode:3 Mean Waiting Time= 191.969 +/- 154.142
2023-03-05 Sunday 10:53:10: Episode:4 Mean Waiting Time= 206.056 +/- 153.629
2023-03-05 Sunday 10:53:10: 1-Total Mean Waiting Time= 480.485 +/- 555.297
2023-03-05 Sunday 10:53:10: 2-Total Mean Waiting Time= 480.485 +/- 472.085
2023-03-05 Sunday 10:53:10: Episode:0 Mean Avg Speed= 0.169 +/- 0.107
2023-03-05 Sunday 10:53:10: Episode:1 Mean Avg Speed= 0.333 +/- 0.065
2023-03-05 Sunday 10:53:10: Episode:2 Mean Avg Speed= 0.331 +/- 0.062
2023-03-05 Sunday 10:53:10: Episode:3 Mean Avg Speed= 0.338 +/- 0.065
2023-03-05 Sunday 10:53:10: Episode:4 Mean Avg Speed= 0.329 +/- 0.063
2023-03-05 Sunday 10:53:10: 1-Total Mean Avg Speed= 0.300 +/- 0.065
2023-03-05 Sunday 10:53:10: 2-Total Mean Avg Speed= 0.300 +/- 0.072
2023-03-05 Sunday 10:53:10: Episode:0 Mean Avg Speed 2= 3.149 +/- 1.982
2023-03-05 Sunday 10:53:10: Episode:1 Mean Avg Speed 2= 6.199 +/- 1.170
2023-03-05 Sunday 10:53:10: Episode:2 Mean Avg Speed 2= 6.150 +/- 1.133
2023-03-05 Sunday 10:53:10: Episode:3 Mean Avg Speed 2= 6.273 +/- 1.182
2023-03-05 Sunday 10:53:10: Episode:4 Mean Avg Speed 2= 6.123 +/- 1.144
2023-03-05 Sunday 10:53:10: 1-Total Mean Avg Speed 2= 5.579 +/- 1.216
2023-03-05 Sunday 10:53:10: 2-Total Mean Avg Speed 2= 5.579 +/- 1.322
2023-03-05 Sunday 10:53:10: Episode:0 Mean Avg Speed Cross Check= 4.425 +/- 2.117
2023-03-05 Sunday 10:53:10: Episode:1 Mean Avg Speed Cross Check= 7.500 +/- 0.907
2023-03-05 Sunday 10:53:10: Episode:2 Mean Avg Speed Cross Check= 7.465 +/- 0.871
2023-03-05 Sunday 10:53:10: Episode:3 Mean Avg Speed Cross Check= 7.559 +/- 0.897
2023-03-05 Sunday 10:53:10: Episode:4 Mean Avg Speed Cross Check= 7.446 +/- 0.881
2023-03-05 Sunday 10:53:10: 1-Total Mean Avg Speed Cross Check= 6.879 +/- 1.228
2023-03-05 Sunday 10:53:10: 2-Total Mean Avg Speed Cross Check= 6.879 +/- 1.135
2023-03-05 Sunday 10:53:10: ****************************************
