2023-05-29 Monday 08:30:14 root:INFO:Run: 2 for Baseline experiment: DE-Enhanced-S3-2 - route: ../nets/roundabout/input_routes_roundabout_auto_v1-2.rou.xml - first seed: 280 - alpha: 0.5 - gamma: 0.99 - epsilon: 0.2 - reward: diff-waiting-time
2023-05-29 Monday 08:37:00 root:INFO:Total Missing States: 0
2023-05-29 Monday 08:37:00 root:INFO:Mean Reward=-55272.00 +/- 0.00
2023-05-29 Monday 08:37:00 root:INFO:Mean Stopped=55272.00 +/- 0.00
2023-05-29 Monday 08:37:00 root:INFO:Mean_Stopped=55294.00 +/- 0.00
2023-05-29 Monday 08:37:00 root:INFO:Mean Waiting Time=822033.00 +/- 0.00
2023-05-29 Monday 08:37:00 root:INFO:Mean_avg_speed=3593.77 +/- 0.00
2023-05-29 Monday 08:37:00 root:INFO:Mean_avg_speed_2=66891.01 +/- 0.00
2023-05-29 Monday 08:37:00 root:INFO:Mean_avg_speed_cross_check=79150.17 +/- 0.00
2023-05-29 Monday 08:37:00 root:INFO:Mean_average_co2_emission_tl=31187387.02 +/- 0.00
2023-05-29 Monday 08:37:00 root:INFO:Mean_average_co_emission_tl=973922.72 +/- 0.00
2023-05-29 Monday 08:37:00 root:INFO:Mean_average_fuel_consumption_tl=13406.49 +/- 0.00
2023-05-29 Monday 08:37:00 root:INFO:Mean_average_noise_emission_tl=605975.40 +/- 0.00
2023-05-29 Monday 08:37:00 root:INFO:Mean_average_co2_emission=26040090.70 +/- 0.00
2023-05-29 Monday 08:37:00 root:INFO:Mean_average_co_emission=680204.81 +/- 0.00
2023-05-29 Monday 08:37:00 root:INFO:Mean_average_fuel_consumptions=11193.81 +/- 0.00
2023-05-29 Monday 08:37:00 root:INFO:Mean_average_noise_emissions=612645.26 +/- 0.00
2023-05-29 Monday 08:37:00 root:INFO:****************************************
2023-05-29 Monday 08:37:00 root:INFO:Calculation 1 - Overall 
2023-05-29 Monday 08:37:00 root:INFO:****************************************
2023-05-29 Monday 08:37:00 root:INFO:Inner X Outer Loops Mean Reward=-5.527 +/- 1.203
2023-05-29 Monday 08:37:00 root:INFO:Inner X Outer Loops Mean Stopped= 5.527 +/- 1.203
2023-05-29 Monday 08:37:00 root:INFO:Inner X Outer Loops Mean Stopped Cross Check= 5.529 +/- 1.202
2023-05-29 Monday 08:37:00 root:INFO:Inner X Outer Loops Mean Waiting Time= 82.195 +/- 41.222
2023-05-29 Monday 08:37:00 root:INFO:Inner X Outer Loops Mean Avg Speed= 0.359 +/- 0.063
2023-05-29 Monday 08:37:00 root:INFO:Inner X Outer Loops Mean Avg Speed 2= 6.688 +/- 1.130
2023-05-29 Monday 08:37:00 root:INFO:Inner X Outer Loops Mean Avg Speed Cross Check= 7.914 +/- 0.690
2023-05-29 Monday 08:37:00 root:INFO:Inner X Outer Loops Mean Average CO2 Emission TL= 3118.427 +/- 280.242
2023-05-29 Monday 08:37:00 root:INFO:Inner X Outer Loops Mean Average CO Emission TL= 97.383 +/- 10.959
2023-05-29 Monday 08:37:00 root:INFO:Inner X Outer Loops Mean Average Fuel Consumption TL= 1.341 +/- 0.120
2023-05-29 Monday 08:37:00 root:INFO:Inner X Outer Loops Mean Average Noise Emission TL= 60.591 +/- 1.084
2023-05-29 Monday 08:37:00 root:INFO:Inner X Outer Loops Mean Average CO2 Emission= 2603.749 +/- 246.850
2023-05-29 Monday 08:37:00 root:INFO:Inner X Outer Loops Mean Average CO Emission= 68.014 +/- 6.432
2023-05-29 Monday 08:37:00 root:INFO:Inner X Outer Loops Mean Average Fuel Consumptions= 1.119 +/- 0.106
2023-05-29 Monday 08:37:00 root:INFO:Inner X Outer Loops Mean Average Noise Emissions= 61.258 +/- 0.645
2023-05-29 Monday 08:37:00 root:INFO:****************************************
2023-05-29 Monday 08:37:00 root:INFO:Calculation 2 - Per Episode
2023-05-29 Monday 08:37:00 root:INFO:****************************************
2023-05-29 Monday 08:37:00 root:INFO:Episode:0 Mean Waiting Time=-5.527 +/- 1.203
2023-05-29 Monday 08:37:00 root:INFO:1-Total Mean Reward= -5.527 +/- 0.000
2023-05-29 Monday 08:37:00 root:INFO:2-Total Mean Reward= -5.527 +/- 1.203
2023-05-29 Monday 08:37:00 root:INFO:****
2023-05-29 Monday 08:37:00 root:INFO:Episode:0 Mean Stopped= 5.527 +/- 1.203
2023-05-29 Monday 08:37:00 root:INFO:1-Total Mean Stopped= 5.527 +/- 0.000
2023-05-29 Monday 08:37:00 root:INFO:2-Total Mean Stopped= 5.527 +/- 1.203
2023-05-29 Monday 08:37:00 root:INFO:****
2023-05-29 Monday 08:37:00 root:INFO:Episode:0 Mean Stopped Cross Check= 5.529 +/- 1.202
2023-05-29 Monday 08:37:00 root:INFO:1-Total Mean Stopped Cross Check= 5.529 +/- 0.000
2023-05-29 Monday 08:37:00 root:INFO:2-Total Mean Stopped Cross Check= 5.529 +/- 1.202
2023-05-29 Monday 08:37:00 root:INFO:****
2023-05-29 Monday 08:37:00 root:INFO:Episode:0 Mean Waiting Time= 82.195 +/- 41.222
2023-05-29 Monday 08:37:00 root:INFO:1-Total Mean Waiting Time= 82.195 +/- 0.000
2023-05-29 Monday 08:37:00 root:INFO:2-Total Mean Waiting Time= 82.195 +/- 41.222
2023-05-29 Monday 08:37:00 root:INFO:Episode:0 Mean Avg Speed= 0.359 +/- 0.063
2023-05-29 Monday 08:37:00 root:INFO:1-Total Mean Avg Speed= 0.359 +/- 0.000
2023-05-29 Monday 08:37:00 root:INFO:2-Total Mean Avg Speed= 0.359 +/- 0.063
2023-05-29 Monday 08:37:00 root:INFO:Episode:0 Mean Avg Speed 2= 6.688 +/- 1.130
2023-05-29 Monday 08:37:00 root:INFO:1-Total Mean Avg Speed 2= 6.688 +/- 0.000
2023-05-29 Monday 08:37:00 root:INFO:2-Total Mean Avg Speed 2= 6.688 +/- 1.130
2023-05-29 Monday 08:37:00 root:INFO:Episode:0 Mean Avg Speed Cross Check= 7.914 +/- 0.690
2023-05-29 Monday 08:37:00 root:INFO:1-Total Mean Avg Speed Cross Check= 7.914 +/- 0.000
2023-05-29 Monday 08:37:00 root:INFO:2-Total Mean Avg Speed Cross Check= 7.914 +/- 0.690
2023-05-29 Monday 08:37:00 root:INFO:Episode:0 Mean Average CO2 Emission TL= 3118.427 +/- 280.242
2023-05-29 Monday 08:37:00 root:INFO:1-Total Mean Average CO2 Emission TL= 3118.427 +/- 0.000
2023-05-29 Monday 08:37:00 root:INFO:2-Total Mean Average CO2 Emission TL= 3118.427 +/- 280.242
2023-05-29 Monday 08:37:00 root:INFO:Episode:0 Mean Average CO Emission TL= 97.383 +/- 10.959
2023-05-29 Monday 08:37:00 root:INFO:1-Total Mean Average CO Emission TL= 97.383 +/- 0.000
2023-05-29 Monday 08:37:00 root:INFO:2-Total Mean Average CO Emission TL= 97.383 +/- 10.959
2023-05-29 Monday 08:37:00 root:INFO:Episode:0 Mean Average Fuel Consumption TL= 1.341 +/- 0.120
2023-05-29 Monday 08:37:00 root:INFO:1-Total Mean Average Fuel Consumption TL= 1.341 +/- 0.000
2023-05-29 Monday 08:37:00 root:INFO:2-Total Mean Average Fuel Consumption TL= 1.341 +/- 0.120
2023-05-29 Monday 08:37:00 root:INFO:Episode:0 Mean Average Noise Emission TL= 60.591 +/- 1.084
2023-05-29 Monday 08:37:00 root:INFO:1-Total Mean Average Noise Emission TL= 60.591 +/- 0.000
2023-05-29 Monday 08:37:00 root:INFO:2-Total Mean Average Noise Emission TL= 60.591 +/- 1.084
2023-05-29 Monday 08:37:00 root:INFO:Episode:0 Mean Average CO2 Emission= 2603.749 +/- 246.850
2023-05-29 Monday 08:37:00 root:INFO:1-Total Mean Average CO2 Emission= 2603.749 +/- 0.000
2023-05-29 Monday 08:37:00 root:INFO:2-Total Mean Average CO2 Emission= 2603.749 +/- 246.850
2023-05-29 Monday 08:37:00 root:INFO:Episode:0 Mean Average CO Emission= 68.014 +/- 6.432
2023-05-29 Monday 08:37:00 root:INFO:1-Total Mean Average CO Emission= 68.014 +/- 0.000
2023-05-29 Monday 08:37:00 root:INFO:2-Total Mean Average CO Emission= 68.014 +/- 6.432
2023-05-29 Monday 08:37:00 root:INFO:Episode:0 Mean Average Fuel Consumption= 1.119 +/- 0.106
2023-05-29 Monday 08:37:00 root:INFO:1-Total Mean Average Fuel Consumption= 1.119 +/- 0.000
2023-05-29 Monday 08:37:00 root:INFO:2-Total Mean Average Fuel Consumption= 1.119 +/- 0.106
2023-05-29 Monday 08:37:00 root:INFO:Episode:0 Mean Average Noise Emission= 61.258 +/- 0.645
2023-05-29 Monday 08:37:00 root:INFO:1-Total Mean Average Noise Emission= 61.258 +/- 0.000
2023-05-29 Monday 08:37:00 root:INFO:2-Total Mean Average Noise Emission= 61.258 +/- 0.645
2023-05-29 Monday 08:37:00 root:INFO:****************************************
