2023-02-26 Sunday 18:29:45: Run: 1 for Training experiment: DoE-18 - first seed: 170 - alpha: 0.1 - gamma: 0.99 - epsilon: 0.4 - reward: average-speed-2
2023-02-26 Sunday 18:42:37: Run: 1 - First Epsilon: 0.4 - Last Epsilon: 0.4
2023-02-26 Sunday 19:01:45: Run: 2 - First Epsilon: 0.4 - Last Epsilon: 0.4
2023-02-26 Sunday 19:21:44: Run: 3 - First Epsilon: 0.4 - Last Epsilon: 0.4
2023-02-26 Sunday 19:41:16: Run: 4 - First Epsilon: 0.4 - Last Epsilon: 0.4
2023-02-26 Sunday 19:59:42: Run: 5 - First Epsilon: 0.4 - Last Epsilon: 0.4
2023-02-26 Sunday 19:59:42: Q-Table Total Distinct States: 842
2023-02-26 Sunday 19:59:42: Mean_reward=11113.94 +/- 1945.98
2023-02-26 Sunday 19:59:42: Mean_Stopped=952716.20 +/- 161379.05
2023-02-26 Sunday 19:59:42: Mean_Stopped=952866.60 +/- 161415.27
2023-02-26 Sunday 19:59:42: Mean_waiting_time=71829306.80 +/- 5192433.19
2023-02-26 Sunday 19:59:42: Mean_avg_speed=598.67 +/- 104.85
2023-02-26 Sunday 19:59:42: Mean_avg_speed_2=11113.94 +/- 1945.98
2023-02-26 Sunday 19:59:42: Mean_avg_speed_cross_check=19318.16 +/- 3078.49
2023-02-26 Sunday 19:59:42: ****************************************
2023-02-26 Sunday 19:59:42: Calculation 1 - Overall 
2023-02-26 Sunday 19:59:42: ****************************************
2023-02-26 Sunday 19:59:42: Inner X Outer Loops Mean Reward= 1.111 +/- 0.637
2023-02-26 Sunday 19:59:42: Inner X Outer Loops Mean Stopped= 95.262 +/- 23.479
2023-02-26 Sunday 19:59:42: Inner X Outer Loops Mean Stopped Cross Check= 95.277 +/- 23.478
2023-02-26 Sunday 19:59:42: Inner X Outer Loops Mean Waiting Time= 7182.212 +/- 6651.050
2023-02-26 Sunday 19:59:42: Inner X Outer Loops Mean Avg Speed= 0.060 +/- 0.034
2023-02-26 Sunday 19:59:42: Inner X Outer Loops Mean Avg Speed 2= 1.111 +/- 0.637
2023-02-26 Sunday 19:59:42: Inner X Outer Loops Mean Avg Speed Cross Check= 1.932 +/- 0.769
2023-02-26 Sunday 19:59:42: ****************************************
2023-02-26 Sunday 19:59:42: Calculation 2 - Per Episode
2023-02-26 Sunday 19:59:42: ****************************************
2023-02-26 Sunday 19:59:42: Episode:0 Mean Reward= 1.496 +/- 0.563
2023-02-26 Sunday 19:59:42: Episode:1 Mean Reward= 1.028 +/- 0.655
2023-02-26 Sunday 19:59:42: Episode:2 Mean Reward= 0.957 +/- 0.608
2023-02-26 Sunday 19:59:42: Episode:3 Mean Reward= 1.032 +/- 0.625
2023-02-26 Sunday 19:59:42: Episode:4 Mean Reward= 1.044 +/- 0.575
2023-02-26 Sunday 19:59:42: 1-Total Mean Reward= 1.111 +/- 0.195
2023-02-26 Sunday 19:59:42: 2-Total Mean Reward= 1.111 +/- 0.605
2023-02-26 Sunday 19:59:42: ****
2023-02-26 Sunday 19:59:42: Episode:0 Mean Stopped= 63.143 +/- 9.368
2023-02-26 Sunday 19:59:42: Episode:1 Mean Stopped= 102.264 +/- 21.617
2023-02-26 Sunday 19:59:42: Episode:2 Mean Stopped= 106.100 +/- 16.394
2023-02-26 Sunday 19:59:42: Episode:3 Mean Stopped= 103.365 +/- 17.675
2023-02-26 Sunday 19:59:42: Episode:4 Mean Stopped= 101.438 +/- 17.838
2023-02-26 Sunday 19:59:42: 1-Total Mean Stopped= 95.262 +/- 16.136
2023-02-26 Sunday 19:59:42: 2-Total Mean Stopped= 95.262 +/- 16.579
2023-02-26 Sunday 19:59:42: ****
2023-02-26 Sunday 19:59:42: Episode:0 Mean Stopped Cross Check= 63.151 +/- 9.361
2023-02-26 Sunday 19:59:42: Episode:1 Mean Stopped Cross Check= 102.272 +/- 21.612
2023-02-26 Sunday 19:59:42: Episode:2 Mean Stopped Cross Check= 106.113 +/- 16.388
2023-02-26 Sunday 19:59:42: Episode:3 Mean Stopped Cross Check= 103.392 +/- 17.669
2023-02-26 Sunday 19:59:42: Episode:4 Mean Stopped Cross Check= 101.457 +/- 17.833
2023-02-26 Sunday 19:59:42: 1-Total Mean Stopped Cross Check= 95.277 +/- 16.140
2023-02-26 Sunday 19:59:42: 2-Total Mean Stopped Cross Check= 95.277 +/- 16.573
2023-02-26 Sunday 19:59:42: ****
2023-02-26 Sunday 19:59:42: Episode:0 Mean Waiting Time= 6351.474 +/- 6366.627
2023-02-26 Sunday 19:59:42: Episode:1 Mean Waiting Time= 6872.439 +/- 5412.279
2023-02-26 Sunday 19:59:42: Episode:2 Mean Waiting Time= 7301.609 +/- 6090.749
2023-02-26 Sunday 19:59:42: Episode:3 Mean Waiting Time= 7578.495 +/- 7887.590
2023-02-26 Sunday 19:59:42: Episode:4 Mean Waiting Time= 7807.046 +/- 7120.147
2023-02-26 Sunday 19:59:42: 1-Total Mean Waiting Time= 7182.212 +/- 519.191
2023-02-26 Sunday 19:59:42: 2-Total Mean Waiting Time= 7182.212 +/- 6575.479
2023-02-26 Sunday 19:59:42: Episode:0 Mean Avg Speed= 0.081 +/- 0.030
2023-02-26 Sunday 19:59:42: Episode:1 Mean Avg Speed= 0.055 +/- 0.034
2023-02-26 Sunday 19:59:42: Episode:2 Mean Avg Speed= 0.052 +/- 0.033
2023-02-26 Sunday 19:59:42: Episode:3 Mean Avg Speed= 0.056 +/- 0.034
2023-02-26 Sunday 19:59:42: Episode:4 Mean Avg Speed= 0.056 +/- 0.031
2023-02-26 Sunday 19:59:42: 1-Total Mean Avg Speed= 0.060 +/- 0.010
2023-02-26 Sunday 19:59:42: 2-Total Mean Avg Speed= 0.060 +/- 0.032
2023-02-26 Sunday 19:59:42: Episode:0 Mean Avg Speed 2= 1.496 +/- 0.563
2023-02-26 Sunday 19:59:42: Episode:1 Mean Avg Speed 2= 1.028 +/- 0.655
2023-02-26 Sunday 19:59:42: Episode:2 Mean Avg Speed 2= 0.957 +/- 0.608
2023-02-26 Sunday 19:59:42: Episode:3 Mean Avg Speed 2= 1.032 +/- 0.625
2023-02-26 Sunday 19:59:42: Episode:4 Mean Avg Speed 2= 1.044 +/- 0.575
2023-02-26 Sunday 19:59:42: 1-Total Mean Avg Speed 2= 1.111 +/- 0.195
2023-02-26 Sunday 19:59:42: 2-Total Mean Avg Speed 2= 1.111 +/- 0.605
2023-02-26 Sunday 19:59:42: Episode:0 Mean Avg Speed Cross Check= 2.539 +/- 0.623
2023-02-26 Sunday 19:59:42: Episode:1 Mean Avg Speed Cross Check= 1.795 +/- 0.790
2023-02-26 Sunday 19:59:42: Episode:2 Mean Avg Speed Cross Check= 1.686 +/- 0.695
2023-02-26 Sunday 19:59:42: Episode:3 Mean Avg Speed Cross Check= 1.806 +/- 0.728
2023-02-26 Sunday 19:59:42: Episode:4 Mean Avg Speed Cross Check= 1.832 +/- 0.679
2023-02-26 Sunday 19:59:42: 1-Total Mean Avg Speed Cross Check= 1.932 +/- 0.308
2023-02-26 Sunday 19:59:42: 2-Total Mean Avg Speed Cross Check= 1.932 +/- 0.703
2023-02-26 Sunday 19:59:42: ****************************************
