2023-03-15 Wednesday 06:55:12: Run: 5 for Training experiment: DoE-20 - first seed: 570 - alpha: 0.3 - gamma: 0.8 - epsilon: 0.2 - reward: average-speed-2
2023-03-15 Wednesday 07:13:56: Run: 1 - First Epsilon: 0.2 - Last Epsilon: 0.2
2023-03-15 Wednesday 07:29:36: Run: 2 - First Epsilon: 0.2 - Last Epsilon: 0.2
2023-03-15 Wednesday 07:41:58: Run: 3 - First Epsilon: 0.2 - Last Epsilon: 0.2
2023-03-15 Wednesday 07:54:22: Run: 4 - First Epsilon: 0.2 - Last Epsilon: 0.2
2023-03-15 Wednesday 08:06:47: Run: 5 - First Epsilon: 0.2 - Last Epsilon: 0.2
2023-03-15 Wednesday 08:06:47: Q-Table Total Distinct States: 882
2023-03-15 Wednesday 08:06:47: Mean_reward=15358.83 +/- 3373.16
2023-03-15 Wednesday 08:06:47: Mean_Stopped=699354.60 +/- 182749.29
2023-03-15 Wednesday 08:06:47: Mean_Stopped=699609.40 +/- 182755.93
2023-03-15 Wednesday 08:06:47: Mean_waiting_time=73874681.40 +/- 59308377.43
2023-03-15 Wednesday 08:06:47: Mean_avg_speed=827.12 +/- 181.17
2023-03-15 Wednesday 08:06:47: Mean_avg_speed_2=15358.83 +/- 3373.16
2023-03-15 Wednesday 08:06:47: Mean_avg_speed_cross_check=25863.02 +/- 5109.07
2023-03-15 Wednesday 08:06:47: ****************************************
2023-03-15 Wednesday 08:06:47: Calculation 1 - Overall 
2023-03-15 Wednesday 08:06:47: ****************************************
2023-03-15 Wednesday 08:06:47: Inner X Outer Loops Mean Reward= 1.536 +/- 0.660
2023-03-15 Wednesday 08:06:47: Inner X Outer Loops Mean Stopped= 69.928 +/- 23.616
2023-03-15 Wednesday 08:06:47: Inner X Outer Loops Mean Stopped Cross Check= 69.954 +/- 23.613
2023-03-15 Wednesday 08:06:47: Inner X Outer Loops Mean Waiting Time= 7386.729 +/- 12574.280
2023-03-15 Wednesday 08:06:47: Inner X Outer Loops Mean Avg Speed= 0.083 +/- 0.035
2023-03-15 Wednesday 08:06:47: Inner X Outer Loops Mean Avg Speed 2= 1.536 +/- 0.660
2023-03-15 Wednesday 08:06:47: Inner X Outer Loops Mean Avg Speed Cross Check= 2.586 +/- 0.820
2023-03-15 Wednesday 08:06:47: ****************************************
2023-03-15 Wednesday 08:06:47: Calculation 2 - Per Episode
2023-03-15 Wednesday 08:06:47: ****************************************
2023-03-15 Wednesday 08:06:47: Episode:0 Mean Reward= 1.032 +/- 0.553
2023-03-15 Wednesday 08:06:47: Episode:1 Mean Reward= 1.240 +/- 0.517
2023-03-15 Wednesday 08:06:47: Episode:2 Mean Reward= 1.703 +/- 0.551
2023-03-15 Wednesday 08:06:47: Episode:3 Mean Reward= 1.847 +/- 0.586
2023-03-15 Wednesday 08:06:47: Episode:4 Mean Reward= 1.856 +/- 0.621
2023-03-15 Wednesday 08:06:47: 1-Total Mean Reward= 1.536 +/- 0.337
2023-03-15 Wednesday 08:06:47: 2-Total Mean Reward= 1.536 +/- 0.566
2023-03-15 Wednesday 08:06:47: ****
2023-03-15 Wednesday 08:06:47: Episode:0 Mean Stopped= 100.503 +/- 19.057
2023-03-15 Wednesday 08:06:47: Episode:1 Mean Stopped= 81.214 +/- 17.746
2023-03-15 Wednesday 08:06:47: Episode:2 Mean Stopped= 59.910 +/- 12.237
2023-03-15 Wednesday 08:06:47: Episode:3 Mean Stopped= 53.856 +/- 10.907
2023-03-15 Wednesday 08:06:47: Episode:4 Mean Stopped= 54.159 +/- 13.123
2023-03-15 Wednesday 08:06:47: 1-Total Mean Stopped= 69.928 +/- 18.273
2023-03-15 Wednesday 08:06:47: 2-Total Mean Stopped= 69.928 +/- 14.614
2023-03-15 Wednesday 08:06:47: ****
2023-03-15 Wednesday 08:06:47: Episode:0 Mean Stopped Cross Check= 100.539 +/- 19.065
2023-03-15 Wednesday 08:06:47: Episode:1 Mean Stopped Cross Check= 81.223 +/- 17.746
2023-03-15 Wednesday 08:06:47: Episode:2 Mean Stopped Cross Check= 59.936 +/- 12.223
2023-03-15 Wednesday 08:06:47: Episode:3 Mean Stopped Cross Check= 53.885 +/- 10.892
2023-03-15 Wednesday 08:06:47: Episode:4 Mean Stopped Cross Check= 54.186 +/- 13.107
2023-03-15 Wednesday 08:06:47: 1-Total Mean Stopped Cross Check= 69.954 +/- 18.274
2023-03-15 Wednesday 08:06:47: 2-Total Mean Stopped Cross Check= 69.954 +/- 14.607
2023-03-15 Wednesday 08:06:47: ****
2023-03-15 Wednesday 08:06:47: Episode:0 Mean Waiting Time= 17388.663 +/- 19544.654
2023-03-15 Wednesday 08:06:47: Episode:1 Mean Waiting Time= 11041.339 +/- 13714.449
2023-03-15 Wednesday 08:06:47: Episode:2 Mean Waiting Time= 3204.313 +/- 4573.594
2023-03-15 Wednesday 08:06:47: Episode:3 Mean Waiting Time= 2459.893 +/- 2841.546
2023-03-15 Wednesday 08:06:47: Episode:4 Mean Waiting Time= 2839.440 +/- 3956.230
2023-03-15 Wednesday 08:06:47: 1-Total Mean Waiting Time= 7386.729 +/- 5930.245
2023-03-15 Wednesday 08:06:47: 2-Total Mean Waiting Time= 7386.729 +/- 8926.095
2023-03-15 Wednesday 08:06:47: Episode:0 Mean Avg Speed= 0.056 +/- 0.030
2023-03-15 Wednesday 08:06:47: Episode:1 Mean Avg Speed= 0.067 +/- 0.027
2023-03-15 Wednesday 08:06:47: Episode:2 Mean Avg Speed= 0.092 +/- 0.029
2023-03-15 Wednesday 08:06:47: Episode:3 Mean Avg Speed= 0.099 +/- 0.031
2023-03-15 Wednesday 08:06:47: Episode:4 Mean Avg Speed= 0.100 +/- 0.033
2023-03-15 Wednesday 08:06:47: 1-Total Mean Avg Speed= 0.083 +/- 0.018
2023-03-15 Wednesday 08:06:47: 2-Total Mean Avg Speed= 0.083 +/- 0.030
2023-03-15 Wednesday 08:06:47: Episode:0 Mean Avg Speed 2= 1.032 +/- 0.553
2023-03-15 Wednesday 08:06:47: Episode:1 Mean Avg Speed 2= 1.240 +/- 0.517
2023-03-15 Wednesday 08:06:47: Episode:2 Mean Avg Speed 2= 1.703 +/- 0.551
2023-03-15 Wednesday 08:06:47: Episode:3 Mean Avg Speed 2= 1.847 +/- 0.586
2023-03-15 Wednesday 08:06:47: Episode:4 Mean Avg Speed 2= 1.856 +/- 0.621
2023-03-15 Wednesday 08:06:47: 1-Total Mean Avg Speed 2= 1.536 +/- 0.337
2023-03-15 Wednesday 08:06:47: 2-Total Mean Avg Speed 2= 1.536 +/- 0.566
2023-03-15 Wednesday 08:06:47: Episode:0 Mean Avg Speed Cross Check= 1.815 +/- 0.643
2023-03-15 Wednesday 08:06:47: Episode:1 Mean Avg Speed Cross Check= 2.146 +/- 0.619
2023-03-15 Wednesday 08:06:47: Episode:2 Mean Avg Speed Cross Check= 2.850 +/- 0.609
2023-03-15 Wednesday 08:06:47: Episode:3 Mean Avg Speed Cross Check= 3.056 +/- 0.641
2023-03-15 Wednesday 08:06:47: Episode:4 Mean Avg Speed Cross Check= 3.063 +/- 0.694
2023-03-15 Wednesday 08:06:47: 1-Total Mean Avg Speed Cross Check= 2.586 +/- 0.511
2023-03-15 Wednesday 08:06:47: 2-Total Mean Avg Speed Cross Check= 2.586 +/- 0.641
2023-03-15 Wednesday 08:06:47: ****************************************
