2023-03-08 Wednesday 10:47:02: Run: 3 for Training experiment: DoE-42 - first seed: 370 - alpha: 0.5 - gamma: 0.8 - epsilon: 0.4 - reward: average-speed-2
2023-03-08 Wednesday 11:03:34: Run: 1 - First Epsilon: 0.4 - Last Epsilon: 0.4
2023-03-08 Wednesday 11:16:46: Run: 2 - First Epsilon: 0.4 - Last Epsilon: 0.4
2023-03-08 Wednesday 11:28:43: Run: 3 - First Epsilon: 0.4 - Last Epsilon: 0.4
2023-03-08 Wednesday 11:40:36: Run: 4 - First Epsilon: 0.4 - Last Epsilon: 0.4
2023-03-08 Wednesday 11:51:39: Run: 5 - First Epsilon: 0.4 - Last Epsilon: 0.4
2023-03-08 Wednesday 11:51:39: Q-Table Total Distinct States: 1693
2023-03-08 Wednesday 11:51:39: Mean_reward=17548.26 +/- 2638.22
2023-03-08 Wednesday 11:51:39: Mean_Stopped=606409.20 +/- 124680.10
2023-03-08 Wednesday 11:51:39: Mean_Stopped=606649.20 +/- 124690.55
2023-03-08 Wednesday 11:51:39: Mean_waiting_time=26701867.20 +/- 6840899.62
2023-03-08 Wednesday 11:51:39: Mean_avg_speed=945.09 +/- 143.20
2023-03-08 Wednesday 11:51:39: Mean_avg_speed_2=17548.26 +/- 2638.22
2023-03-08 Wednesday 11:51:39: Mean_avg_speed_cross_check=29068.30 +/- 3845.95
2023-03-08 Wednesday 11:51:39: ****************************************
2023-03-08 Wednesday 11:51:39: Calculation 1 - Overall 
2023-03-08 Wednesday 11:51:39: ****************************************
2023-03-08 Wednesday 11:51:39: Inner X Outer Loops Mean Reward= 1.755 +/- 0.709
2023-03-08 Wednesday 11:51:39: Inner X Outer Loops Mean Stopped= 60.635 +/- 18.136
2023-03-08 Wednesday 11:51:39: Inner X Outer Loops Mean Stopped Cross Check= 60.659 +/- 18.131
2023-03-08 Wednesday 11:51:39: Inner X Outer Loops Mean Waiting Time= 2669.920 +/- 2616.358
2023-03-08 Wednesday 11:51:39: Inner X Outer Loops Mean Avg Speed= 0.094 +/- 0.038
2023-03-08 Wednesday 11:51:39: Inner X Outer Loops Mean Avg Speed 2= 1.755 +/- 0.709
2023-03-08 Wednesday 11:51:39: Inner X Outer Loops Mean Avg Speed Cross Check= 2.907 +/- 0.826
2023-03-08 Wednesday 11:51:39: ****************************************
2023-03-08 Wednesday 11:51:39: Calculation 2 - Per Episode
2023-03-08 Wednesday 11:51:39: ****************************************
2023-03-08 Wednesday 11:51:39: Episode:0 Mean Reward= 1.301 +/- 0.670
2023-03-08 Wednesday 11:51:39: Episode:1 Mean Reward= 1.708 +/- 0.627
2023-03-08 Wednesday 11:51:39: Episode:2 Mean Reward= 1.793 +/- 0.590
2023-03-08 Wednesday 11:51:39: Episode:3 Mean Reward= 1.860 +/- 0.732
2023-03-08 Wednesday 11:51:39: Episode:4 Mean Reward= 2.112 +/- 0.661
2023-03-08 Wednesday 11:51:39: 1-Total Mean Reward= 1.755 +/- 0.264
2023-03-08 Wednesday 11:51:39: 2-Total Mean Reward= 1.755 +/- 0.656
2023-03-08 Wednesday 11:51:39: ****
2023-03-08 Wednesday 11:51:39: Episode:0 Mean Stopped= 83.674 +/- 14.900
2023-03-08 Wednesday 11:51:39: Episode:1 Mean Stopped= 61.128 +/- 13.350
2023-03-08 Wednesday 11:51:39: Episode:2 Mean Stopped= 56.237 +/- 11.146
2023-03-08 Wednesday 11:51:39: Episode:3 Mean Stopped= 55.739 +/- 15.718
2023-03-08 Wednesday 11:51:39: Episode:4 Mean Stopped= 46.396 +/- 9.791
2023-03-08 Wednesday 11:51:39: 1-Total Mean Stopped= 60.635 +/- 12.467
2023-03-08 Wednesday 11:51:39: 2-Total Mean Stopped= 60.635 +/- 12.981
2023-03-08 Wednesday 11:51:39: ****
2023-03-08 Wednesday 11:51:39: Episode:0 Mean Stopped Cross Check= 83.701 +/- 14.893
2023-03-08 Wednesday 11:51:39: Episode:1 Mean Stopped Cross Check= 61.150 +/- 13.350
2023-03-08 Wednesday 11:51:39: Episode:2 Mean Stopped Cross Check= 56.260 +/- 11.131
2023-03-08 Wednesday 11:51:39: Episode:3 Mean Stopped Cross Check= 55.764 +/- 15.709
2023-03-08 Wednesday 11:51:39: Episode:4 Mean Stopped Cross Check= 46.420 +/- 9.785
2023-03-08 Wednesday 11:51:39: 1-Total Mean Stopped Cross Check= 60.659 +/- 12.468
2023-03-08 Wednesday 11:51:39: 2-Total Mean Stopped Cross Check= 60.659 +/- 12.974
2023-03-08 Wednesday 11:51:39: ****
2023-03-08 Wednesday 11:51:39: Episode:0 Mean Waiting Time= 3933.486 +/- 3411.356
2023-03-08 Wednesday 11:51:39: Episode:1 Mean Waiting Time= 2654.765 +/- 2143.506
2023-03-08 Wednesday 11:51:39: Episode:2 Mean Waiting Time= 2539.612 +/- 2713.897
2023-03-08 Wednesday 11:51:39: Episode:3 Mean Waiting Time= 2335.077 +/- 2404.223
2023-03-08 Wednesday 11:51:39: Episode:4 Mean Waiting Time= 1886.659 +/- 1584.213
2023-03-08 Wednesday 11:51:39: 1-Total Mean Waiting Time= 2669.920 +/- 684.022
2023-03-08 Wednesday 11:51:39: 2-Total Mean Waiting Time= 2669.920 +/- 2451.439
2023-03-08 Wednesday 11:51:39: Episode:0 Mean Avg Speed= 0.070 +/- 0.036
2023-03-08 Wednesday 11:51:39: Episode:1 Mean Avg Speed= 0.092 +/- 0.033
2023-03-08 Wednesday 11:51:39: Episode:2 Mean Avg Speed= 0.097 +/- 0.032
2023-03-08 Wednesday 11:51:39: Episode:3 Mean Avg Speed= 0.100 +/- 0.039
2023-03-08 Wednesday 11:51:39: Episode:4 Mean Avg Speed= 0.114 +/- 0.036
2023-03-08 Wednesday 11:51:39: 1-Total Mean Avg Speed= 0.094 +/- 0.014
2023-03-08 Wednesday 11:51:39: 2-Total Mean Avg Speed= 0.094 +/- 0.035
2023-03-08 Wednesday 11:51:39: Episode:0 Mean Avg Speed 2= 1.301 +/- 0.670
2023-03-08 Wednesday 11:51:39: Episode:1 Mean Avg Speed 2= 1.708 +/- 0.627
2023-03-08 Wednesday 11:51:39: Episode:2 Mean Avg Speed 2= 1.793 +/- 0.590
2023-03-08 Wednesday 11:51:39: Episode:3 Mean Avg Speed 2= 1.860 +/- 0.732
2023-03-08 Wednesday 11:51:39: Episode:4 Mean Avg Speed 2= 2.112 +/- 0.661
2023-03-08 Wednesday 11:51:39: 1-Total Mean Avg Speed 2= 1.755 +/- 0.264
2023-03-08 Wednesday 11:51:39: 2-Total Mean Avg Speed 2= 1.755 +/- 0.656
2023-03-08 Wednesday 11:51:39: Episode:0 Mean Avg Speed Cross Check= 2.236 +/- 0.741
2023-03-08 Wednesday 11:51:39: Episode:1 Mean Avg Speed Cross Check= 2.850 +/- 0.723
2023-03-08 Wednesday 11:51:39: Episode:2 Mean Avg Speed Cross Check= 2.976 +/- 0.659
2023-03-08 Wednesday 11:51:39: Episode:3 Mean Avg Speed Cross Check= 3.055 +/- 0.814
2023-03-08 Wednesday 11:51:39: Episode:4 Mean Avg Speed Cross Check= 3.416 +/- 0.711
2023-03-08 Wednesday 11:51:39: 1-Total Mean Avg Speed Cross Check= 2.907 +/- 0.385
2023-03-08 Wednesday 11:51:39: 2-Total Mean Avg Speed Cross Check= 2.907 +/- 0.730
2023-03-08 Wednesday 11:51:39: ****************************************
