2023-04-15 Saturday 12:51:15: Run: 3 for Training experiment: DE-Enhanced-2 - route: ../nets/roundabout/input_routes_roundabout_auto_v1-2.rou.xml - first seed: 370 - alpha: 0.5 - gamma: 0.99 - epsilon: 0.2 - reward: diff-waiting-time
2023-04-15 Saturday 12:58:32: Run: 1 - First Epsilon: 0.2 - Last Epsilon: 0.2
2023-04-15 Saturday 13:06:25: Run: 2 - First Epsilon: 0.2 - Last Epsilon: 0.2
2023-04-15 Saturday 13:13:45: Run: 3 - First Epsilon: 0.2 - Last Epsilon: 0.2
2023-04-15 Saturday 13:21:07: Run: 4 - First Epsilon: 0.2 - Last Epsilon: 0.2
2023-04-15 Saturday 13:28:41: Run: 5 - First Epsilon: 0.2 - Last Epsilon: 0.2
2023-04-15 Saturday 13:28:41: Q-Table Total Distinct States: 168
2023-04-15 Saturday 13:28:41: Mean_reward=-1.62 +/- 1.14
2023-04-15 Saturday 13:28:41: Mean_Stopped=47841.60 +/- 1098.26
2023-04-15 Saturday 13:28:41: Mean_Stopped=47899.00 +/- 1089.84
2023-04-15 Saturday 13:28:41: Mean_waiting_time=1210155.00 +/- 101508.63
2023-04-15 Saturday 13:28:41: Mean_avg_speed=3898.71 +/- 31.73
2023-04-15 Saturday 13:28:41: Mean_avg_speed_2=72336.05 +/- 584.21
2023-04-15 Saturday 13:28:41: Mean_avg_speed_cross_check=82561.92 +/- 377.64
2023-04-15 Saturday 13:28:41: Mean_average_co2_emission_tl=31357312.00 +/- 42432.68
2023-04-15 Saturday 13:28:41: Mean_average_co_emission_tl=913672.64 +/- 5516.54
2023-04-15 Saturday 13:28:41: Mean_average_fuel_consumption_tl=13479.50 +/- 18.24
2023-04-15 Saturday 13:28:41: Mean_average_noise_emission_tl=608658.60 +/- 394.30
2023-04-15 Saturday 13:28:41: Mean_average_co2_emission=25861032.43 +/- 29161.48
2023-04-15 Saturday 13:28:41: Mean_average_co_emission=636793.59 +/- 4609.05
2023-04-15 Saturday 13:28:41: Mean_average_fuel_consumptions=11116.82 +/- 12.54
2023-04-15 Saturday 13:28:41: Mean_average_noise_emissions=613952.30 +/- 242.94
2023-04-15 Saturday 13:28:41: ****************************************
2023-04-15 Saturday 13:28:41: Calculation 1 - Overall 
2023-04-15 Saturday 13:28:41: ****************************************
2023-04-15 Saturday 13:28:41: Inner X Outer Loops Mean Reward= -0.000 +/- 0.681
2023-04-15 Saturday 13:28:41: Inner X Outer Loops Mean Stopped= 4.784 +/- 1.956
2023-04-15 Saturday 13:28:41: Inner X Outer Loops Mean Stopped Cross Check= 4.789 +/- 1.955
2023-04-15 Saturday 13:28:41: Inner X Outer Loops Mean Waiting Time= 121.003 +/- 155.405
2023-04-15 Saturday 13:28:41: Inner X Outer Loops Mean Avg Speed= 0.390 +/- 0.082
2023-04-15 Saturday 13:28:41: Inner X Outer Loops Mean Avg Speed 2= 7.233 +/- 1.508
2023-04-15 Saturday 13:28:41: Inner X Outer Loops Mean Avg Speed Cross Check= 8.255 +/- 0.991
2023-04-15 Saturday 13:28:41: Inner X Outer Loops Mean Average CO2 Emission TL= 3135.418 +/- 315.015
2023-04-15 Saturday 13:28:41: Inner X Outer Loops Mean Average CO Emission TL= 91.358 +/- 13.641
2023-04-15 Saturday 13:28:41: Inner X Outer Loops Mean Average Fuel Consumption TL= 1.348 +/- 0.135
2023-04-15 Saturday 13:28:41: Inner X Outer Loops Mean Average Noise Emission TL= 60.860 +/- 1.360
2023-04-15 Saturday 13:28:41: Inner X Outer Loops Mean Average CO2 Emission= 2585.845 +/- 276.351
2023-04-15 Saturday 13:28:41: Inner X Outer Loops Mean Average CO Emission= 63.673 +/- 10.867
2023-04-15 Saturday 13:28:41: Inner X Outer Loops Mean Average Fuel Consumptions= 1.112 +/- 0.119
2023-04-15 Saturday 13:28:42: Inner X Outer Loops Mean Average Noise Emissions= 61.389 +/- 0.851
2023-04-15 Saturday 13:28:42: ****************************************
2023-04-15 Saturday 13:28:42: Calculation 2 - Per Episode
2023-04-15 Saturday 13:28:42: ****************************************
2023-04-15 Saturday 13:28:42: Episode:0 Mean Reward= -0.000 +/- 0.711
2023-04-15 Saturday 13:28:42: Episode:1 Mean Reward= -0.000 +/- 0.698
2023-04-15 Saturday 13:28:42: Episode:2 Mean Reward= -0.000 +/- 0.704
2023-04-15 Saturday 13:28:42: Episode:3 Mean Reward= -0.000 +/- 0.667
2023-04-15 Saturday 13:28:42: Episode:4 Mean Reward= -0.000 +/- 0.623
2023-04-15 Saturday 13:28:42: 1-Total Mean Reward= -0.000 +/- 0.000
2023-04-15 Saturday 13:28:42: 2-Total Mean Reward= -0.000 +/- 0.680
2023-04-15 Saturday 13:28:42: ****
2023-04-15 Saturday 13:28:42: Episode:0 Mean Stopped= 4.797 +/- 2.242
2023-04-15 Saturday 13:28:42: Episode:1 Mean Stopped= 4.765 +/- 1.833
2023-04-15 Saturday 13:28:42: Episode:2 Mean Stopped= 4.934 +/- 1.923
2023-04-15 Saturday 13:28:42: Episode:3 Mean Stopped= 4.826 +/- 1.927
2023-04-15 Saturday 13:28:42: Episode:4 Mean Stopped= 4.596 +/- 1.808
2023-04-15 Saturday 13:28:42: 1-Total Mean Stopped= 4.784 +/- 0.110
2023-04-15 Saturday 13:28:42: 2-Total Mean Stopped= 4.784 +/- 1.947
2023-04-15 Saturday 13:28:42: ****
2023-04-15 Saturday 13:28:42: Episode:0 Mean Stopped Cross Check= 4.804 +/- 2.242
2023-04-15 Saturday 13:28:42: Episode:1 Mean Stopped Cross Check= 4.769 +/- 1.832
2023-04-15 Saturday 13:28:42: Episode:2 Mean Stopped Cross Check= 4.939 +/- 1.923
2023-04-15 Saturday 13:28:42: Episode:3 Mean Stopped Cross Check= 4.833 +/- 1.926
2023-04-15 Saturday 13:28:42: Episode:4 Mean Stopped Cross Check= 4.603 +/- 1.805
2023-04-15 Saturday 13:28:42: 1-Total Mean Stopped Cross Check= 4.789 +/- 0.109
2023-04-15 Saturday 13:28:42: 2-Total Mean Stopped Cross Check= 4.789 +/- 1.946
2023-04-15 Saturday 13:28:42: ****
2023-04-15 Saturday 13:28:42: Episode:0 Mean Waiting Time= 131.088 +/- 168.949
2023-04-15 Saturday 13:28:42: Episode:1 Mean Waiting Time= 125.141 +/- 173.078
2023-04-15 Saturday 13:28:42: Episode:2 Mean Waiting Time= 128.859 +/- 159.137
2023-04-15 Saturday 13:28:42: Episode:3 Mean Waiting Time= 116.703 +/- 143.732
2023-04-15 Saturday 13:28:42: Episode:4 Mean Waiting Time= 103.225 +/- 125.518
2023-04-15 Saturday 13:28:42: 1-Total Mean Waiting Time= 121.003 +/- 10.150
2023-04-15 Saturday 13:28:42: 2-Total Mean Waiting Time= 121.003 +/- 154.083
2023-04-15 Saturday 13:28:42: Episode:0 Mean Avg Speed= 0.391 +/- 0.086
2023-04-15 Saturday 13:28:42: Episode:1 Mean Avg Speed= 0.390 +/- 0.080
2023-04-15 Saturday 13:28:42: Episode:2 Mean Avg Speed= 0.385 +/- 0.081
2023-04-15 Saturday 13:28:42: Episode:3 Mean Avg Speed= 0.389 +/- 0.082
2023-04-15 Saturday 13:28:42: Episode:4 Mean Avg Speed= 0.395 +/- 0.082
2023-04-15 Saturday 13:28:42: 1-Total Mean Avg Speed= 0.390 +/- 0.003
2023-04-15 Saturday 13:28:42: 2-Total Mean Avg Speed= 0.390 +/- 0.082
2023-04-15 Saturday 13:28:42: Episode:0 Mean Avg Speed 2= 7.260 +/- 1.570
2023-04-15 Saturday 13:28:42: Episode:1 Mean Avg Speed 2= 7.233 +/- 1.465
2023-04-15 Saturday 13:28:42: Episode:2 Mean Avg Speed 2= 7.146 +/- 1.481
2023-04-15 Saturday 13:28:42: Episode:3 Mean Avg Speed 2= 7.204 +/- 1.512
2023-04-15 Saturday 13:28:42: Episode:4 Mean Avg Speed 2= 7.322 +/- 1.504
2023-04-15 Saturday 13:28:42: 1-Total Mean Avg Speed 2= 7.233 +/- 0.058
2023-04-15 Saturday 13:28:42: 2-Total Mean Avg Speed 2= 7.233 +/- 1.506
2023-04-15 Saturday 13:28:42: Episode:0 Mean Avg Speed Cross Check= 8.274 +/- 1.031
2023-04-15 Saturday 13:28:42: Episode:1 Mean Avg Speed Cross Check= 8.261 +/- 0.954
2023-04-15 Saturday 13:28:42: Episode:2 Mean Avg Speed Cross Check= 8.201 +/- 0.973
2023-04-15 Saturday 13:28:42: Episode:3 Mean Avg Speed Cross Check= 8.230 +/- 1.005
2023-04-15 Saturday 13:28:42: Episode:4 Mean Avg Speed Cross Check= 8.312 +/- 0.984
2023-04-15 Saturday 13:28:42: 1-Total Mean Avg Speed Cross Check= 8.255 +/- 0.038
2023-04-15 Saturday 13:28:42: 2-Total Mean Avg Speed Cross Check= 8.255 +/- 0.989
2023-04-15 Saturday 13:28:42: Episode:0 Mean Average CO2 Emission TL= 3136.385 +/- 314.466
2023-04-15 Saturday 13:28:42: Episode:1 Mean Average CO2 Emission TL= 3132.253 +/- 310.074
2023-04-15 Saturday 13:28:42: Episode:2 Mean Average CO2 Emission TL= 3130.707 +/- 310.418
2023-04-15 Saturday 13:28:42: Episode:3 Mean Average CO2 Emission TL= 3134.809 +/- 318.005
2023-04-15 Saturday 13:28:42: Episode:4 Mean Average CO2 Emission TL= 3142.934 +/- 321.809
2023-04-15 Saturday 13:28:42: 1-Total Mean Average CO2 Emission TL= 3135.418 +/- 4.243
2023-04-15 Saturday 13:28:42: 2-Total Mean Average CO2 Emission TL= 3135.418 +/- 314.954
2023-04-15 Saturday 13:28:42: Episode:0 Mean Average CO Emission TL= 91.165 +/- 14.394
2023-04-15 Saturday 13:28:42: Episode:1 Mean Average CO Emission TL= 91.292 +/- 13.242
2023-04-15 Saturday 13:28:42: Episode:2 Mean Average CO Emission TL= 92.223 +/- 13.471
2023-04-15 Saturday 13:28:42: Episode:3 Mean Average CO Emission TL= 91.578 +/- 13.591
2023-04-15 Saturday 13:28:42: Episode:4 Mean Average CO Emission TL= 90.532 +/- 13.421
2023-04-15 Saturday 13:28:42: 1-Total Mean Average CO Emission TL= 91.358 +/- 0.552
2023-04-15 Saturday 13:28:42: 2-Total Mean Average CO Emission TL= 91.358 +/- 13.624
2023-04-15 Saturday 13:28:42: Episode:0 Mean Average Fuel Consumption TL= 1.348 +/- 0.135
2023-04-15 Saturday 13:28:42: Episode:1 Mean Average Fuel Consumption TL= 1.346 +/- 0.133
2023-04-15 Saturday 13:28:42: Episode:2 Mean Average Fuel Consumption TL= 1.346 +/- 0.133
2023-04-15 Saturday 13:28:42: Episode:3 Mean Average Fuel Consumption TL= 1.348 +/- 0.137
2023-04-15 Saturday 13:28:42: Episode:4 Mean Average Fuel Consumption TL= 1.351 +/- 0.138
2023-04-15 Saturday 13:28:42: 1-Total Mean Average Fuel Consumption TL= 1.348 +/- 0.002
2023-04-15 Saturday 13:28:42: 2-Total Mean Average Fuel Consumption TL= 1.348 +/- 0.135
2023-04-15 Saturday 13:28:42: Episode:0 Mean Average Noise Emission TL= 60.876 +/- 1.388
2023-04-15 Saturday 13:28:42: Episode:1 Mean Average Noise Emission TL= 60.854 +/- 1.341
2023-04-15 Saturday 13:28:42: Episode:2 Mean Average Noise Emission TL= 60.806 +/- 1.337
2023-04-15 Saturday 13:28:42: Episode:3 Mean Average Noise Emission TL= 60.839 +/- 1.366
2023-04-15 Saturday 13:28:42: Episode:4 Mean Average Noise Emission TL= 60.924 +/- 1.364
2023-04-15 Saturday 13:28:42: 1-Total Mean Average Noise Emission TL= 60.860 +/- 0.039
2023-04-15 Saturday 13:28:42: 2-Total Mean Average Noise Emission TL= 60.860 +/- 1.359
2023-04-15 Saturday 13:28:42: Episode:0 Mean Average CO2 Emission= 2591.579 +/- 277.097
2023-04-15 Saturday 13:28:42: Episode:1 Mean Average CO2 Emission= 2584.170 +/- 270.483
2023-04-15 Saturday 13:28:42: Episode:2 Mean Average CO2 Emission= 2584.142 +/- 272.674
2023-04-15 Saturday 13:28:42: Episode:3 Mean Average CO2 Emission= 2585.425 +/- 283.706
2023-04-15 Saturday 13:28:42: Episode:4 Mean Average CO2 Emission= 2583.908 +/- 277.529
2023-04-15 Saturday 13:28:42: 1-Total Mean Average CO2 Emission= 2585.845 +/- 2.916
2023-04-15 Saturday 13:28:42: 2-Total Mean Average CO2 Emission= 2585.845 +/- 276.298
2023-04-15 Saturday 13:28:42: Episode:0 Mean Average CO Emission= 63.643 +/- 11.541
2023-04-15 Saturday 13:28:42: Episode:1 Mean Average CO Emission= 63.575 +/- 10.355
2023-04-15 Saturday 13:28:42: Episode:2 Mean Average CO Emission= 64.334 +/- 10.665
2023-04-15 Saturday 13:28:42: Episode:3 Mean Average CO Emission= 63.892 +/- 11.068
2023-04-15 Saturday 13:28:42: Episode:4 Mean Average CO Emission= 62.921 +/- 10.617
2023-04-15 Saturday 13:28:42: 1-Total Mean Average CO Emission= 63.673 +/- 0.461
2023-04-15 Saturday 13:28:42: 2-Total Mean Average CO Emission= 63.673 +/- 10.849
2023-04-15 Saturday 13:28:42: Episode:0 Mean Average Fuel Consumption= 1.114 +/- 0.119
2023-04-15 Saturday 13:28:42: Episode:1 Mean Average Fuel Consumption= 1.111 +/- 0.116
2023-04-15 Saturday 13:28:42: Episode:2 Mean Average Fuel Consumption= 1.111 +/- 0.117
2023-04-15 Saturday 13:28:42: Episode:3 Mean Average Fuel Consumption= 1.111 +/- 0.122
2023-04-15 Saturday 13:28:42: Episode:4 Mean Average Fuel Consumption= 1.111 +/- 0.119
2023-04-15 Saturday 13:28:42: 1-Total Mean Average Fuel Consumption= 1.112 +/- 0.001
2023-04-15 Saturday 13:28:42: 2-Total Mean Average Fuel Consumption= 1.112 +/- 0.119
2023-04-15 Saturday 13:28:42: Episode:0 Mean Average Noise Emission= 61.400 +/- 0.873
2023-04-15 Saturday 13:28:42: Episode:1 Mean Average Noise Emission= 61.387 +/- 0.836
2023-04-15 Saturday 13:28:42: Episode:2 Mean Average Noise Emission= 61.358 +/- 0.838
2023-04-15 Saturday 13:28:42: Episode:3 Mean Average Noise Emission= 61.371 +/- 0.856
2023-04-15 Saturday 13:28:42: Episode:4 Mean Average Noise Emission= 61.429 +/- 0.847
2023-04-15 Saturday 13:28:42: 1-Total Mean Average Noise Emission= 61.389 +/- 0.024
2023-04-15 Saturday 13:28:42: 2-Total Mean Average Noise Emission= 61.389 +/- 0.850
2023-04-15 Saturday 13:28:42: ****************************************
