2023-01-27 Friday 17:52:17 root:INFO:Total Missing States: 0
2023-01-27 Friday 17:52:17 root:INFO:Mean Reward=-696.61 +/- 5.79
2023-01-27 Friday 17:52:17 root:INFO:Mean Stopped=1440526.40 +/- 437.60
2023-01-27 Friday 17:52:17 root:INFO:Mean Waiting Time=642481470.60 +/- 199645.87
2023-01-27 Friday 17:52:17 root:INFO:****************************************
2023-01-27 Friday 17:52:17 root:INFO:Calculation 1 - Overall 
2023-01-27 Friday 17:52:17 root:INFO:****************************************
2023-01-27 Friday 17:52:17 root:INFO:Inner X Outer Loops Mean Reward=-0.070 +/- 5.063
2023-01-27 Friday 17:52:17 root:INFO:Inner X Outer Loops Mean Stopped= 144.038 +/- 24.632
2023-01-27 Friday 17:52:17 root:INFO:Inner X Outer Loops Mean Waiting Time= 64241.723 +/- 14249.686
2023-01-27 Friday 17:52:17 root:INFO:****************************************
2023-01-27 Friday 17:52:17 root:INFO:Calculation 2 - Per Episode
2023-01-27 Friday 17:52:17 root:INFO:****************************************
2023-01-27 Friday 17:52:17 root:INFO:Episode:0 Mean Waiting Time=-0.070 +/- 5.065
2023-01-27 Friday 17:52:17 root:INFO:Episode:1 Mean Waiting Time=-0.070 +/- 5.061
2023-01-27 Friday 17:52:17 root:INFO:Episode:2 Mean Waiting Time=-0.069 +/- 5.065
2023-01-27 Friday 17:52:17 root:INFO:Episode:3 Mean Waiting Time=-0.069 +/- 5.064
2023-01-27 Friday 17:52:17 root:INFO:Episode:4 Mean Waiting Time=-0.070 +/- 5.062
2023-01-27 Friday 17:52:17 root:INFO:1-Total Mean Reward= -0.070 +/- 0.001
2023-01-27 Friday 17:52:17 root:INFO:2-Total Mean Reward= -0.070 +/- 5.063
2023-01-27 Friday 17:52:17 root:INFO:****
2023-01-27 Friday 17:52:17 root:INFO:Episode:0 Mean Stopped= 144.028 +/- 24.521
2023-01-27 Friday 17:52:17 root:INFO:Episode:1 Mean Stopped= 144.033 +/- 24.797
2023-01-27 Friday 17:52:17 root:INFO:Episode:2 Mean Stopped= 144.055 +/- 24.541
2023-01-27 Friday 17:52:17 root:INFO:Episode:3 Mean Stopped= 143.970 +/- 24.677
2023-01-27 Friday 17:52:17 root:INFO:Episode:4 Mean Stopped= 144.105 +/- 24.624
2023-01-27 Friday 17:52:17 root:INFO:1-Total Mean Stopped= 144.038 +/- 0.044
2023-01-27 Friday 17:52:17 root:INFO:2-Total Mean Stopped= 144.038 +/- 24.632
2023-01-27 Friday 17:52:17 root:INFO:****
2023-01-27 Friday 17:52:17 root:INFO:Episode:0 Mean Waiting Time= 64256.398 +/- 14180.856
2023-01-27 Friday 17:52:17 root:INFO:Episode:1 Mean Waiting Time= 64231.892 +/- 14334.318
2023-01-27 Friday 17:52:17 root:INFO:Episode:2 Mean Waiting Time= 64250.427 +/- 14208.085
2023-01-27 Friday 17:52:17 root:INFO:Episode:3 Mean Waiting Time= 64207.444 +/- 14253.111
2023-01-27 Friday 17:52:17 root:INFO:Episode:4 Mean Waiting Time= 64262.453 +/- 14271.495
2023-01-27 Friday 17:52:17 root:INFO:1-Total Mean Waiting Time= 64241.723 +/- 19.963
2023-01-27 Friday 17:52:17 root:INFO:2-Total Mean Waiting Time= 64241.723 +/- 14249.573
2023-01-27 Friday 17:52:17 root:INFO:****************************************
