2023-03-17 Friday 00:42:41: Run: 5 for Training experiment: DoE-42 - first seed: 570 - alpha: 0.5 - gamma: 0.8 - epsilon: 0.4 - reward: average-speed-2
2023-03-17 Friday 00:56:35: Run: 1 - First Epsilon: 0.4 - Last Epsilon: 0.4
2023-03-17 Friday 01:09:55: Run: 2 - First Epsilon: 0.4 - Last Epsilon: 0.4
2023-03-17 Friday 01:24:08: Run: 3 - First Epsilon: 0.4 - Last Epsilon: 0.4
2023-03-17 Friday 01:36:34: Run: 4 - First Epsilon: 0.4 - Last Epsilon: 0.4
2023-03-17 Friday 01:48:10: Run: 5 - First Epsilon: 0.4 - Last Epsilon: 0.4
2023-03-17 Friday 01:48:10: Q-Table Total Distinct States: 1809
2023-03-17 Friday 01:48:10: Mean_reward=17825.53 +/- 1477.74
2023-03-17 Friday 01:48:10: Mean_Stopped=589349.00 +/- 52489.81
2023-03-17 Friday 01:48:10: Mean_Stopped=589581.40 +/- 52482.48
2023-03-17 Friday 01:48:10: Mean_waiting_time=27303788.60 +/- 3311455.45
2023-03-17 Friday 01:48:10: Mean_avg_speed=959.92 +/- 79.60
2023-03-17 Friday 01:48:10: Mean_avg_speed_2=17825.53 +/- 1477.74
2023-03-17 Friday 01:48:10: Mean_avg_speed_cross_check=29457.07 +/- 2048.79
2023-03-17 Friday 01:48:10: ****************************************
2023-03-17 Friday 01:48:10: Calculation 1 - Overall 
2023-03-17 Friday 01:48:10: ****************************************
2023-03-17 Friday 01:48:10: Inner X Outer Loops Mean Reward= 1.782 +/- 0.714
2023-03-17 Friday 01:48:10: Inner X Outer Loops Mean Stopped= 58.929 +/- 16.850
2023-03-17 Friday 01:48:10: Inner X Outer Loops Mean Stopped Cross Check= 58.952 +/- 16.845
2023-03-17 Friday 01:48:10: Inner X Outer Loops Mean Waiting Time= 2730.106 +/- 2831.377
2023-03-17 Friday 01:48:10: Inner X Outer Loops Mean Avg Speed= 0.096 +/- 0.038
2023-03-17 Friday 01:48:10: Inner X Outer Loops Mean Avg Speed 2= 1.782 +/- 0.714
2023-03-17 Friday 01:48:10: Inner X Outer Loops Mean Avg Speed Cross Check= 2.945 +/- 0.822
2023-03-17 Friday 01:48:10: ****************************************
2023-03-17 Friday 01:48:10: Calculation 2 - Per Episode
2023-03-17 Friday 01:48:10: ****************************************
2023-03-17 Friday 01:48:10: Episode:0 Mean Reward= 1.591 +/- 0.564
2023-03-17 Friday 01:48:10: Episode:1 Mean Reward= 1.720 +/- 0.654
2023-03-17 Friday 01:48:10: Episode:2 Mean Reward= 1.690 +/- 0.744
2023-03-17 Friday 01:48:10: Episode:3 Mean Reward= 1.957 +/- 0.787
2023-03-17 Friday 01:48:10: Episode:4 Mean Reward= 1.955 +/- 0.720
2023-03-17 Friday 01:48:10: 1-Total Mean Reward= 1.782 +/- 0.148
2023-03-17 Friday 01:48:10: 2-Total Mean Reward= 1.782 +/- 0.694
2023-03-17 Friday 01:48:10: ****
2023-03-17 Friday 01:48:10: Episode:0 Mean Stopped= 63.857 +/- 12.494
2023-03-17 Friday 01:48:10: Episode:1 Mean Stopped= 59.988 +/- 11.399
2023-03-17 Friday 01:48:10: Episode:2 Mean Stopped= 65.106 +/- 22.873
2023-03-17 Friday 01:48:10: Episode:3 Mean Stopped= 53.137 +/- 16.400
2023-03-17 Friday 01:48:10: Episode:4 Mean Stopped= 52.556 +/- 14.274
2023-03-17 Friday 01:48:10: 1-Total Mean Stopped= 58.929 +/- 5.248
2023-03-17 Friday 01:48:10: 2-Total Mean Stopped= 58.929 +/- 15.488
2023-03-17 Friday 01:48:10: ****
2023-03-17 Friday 01:48:10: Episode:0 Mean Stopped Cross Check= 63.877 +/- 12.486
2023-03-17 Friday 01:48:10: Episode:1 Mean Stopped Cross Check= 60.014 +/- 11.393
2023-03-17 Friday 01:48:10: Episode:2 Mean Stopped Cross Check= 65.129 +/- 22.869
2023-03-17 Friday 01:48:10: Episode:3 Mean Stopped Cross Check= 53.163 +/- 16.395
2023-03-17 Friday 01:48:10: Episode:4 Mean Stopped Cross Check= 52.578 +/- 14.271
2023-03-17 Friday 01:48:10: 1-Total Mean Stopped Cross Check= 58.952 +/- 5.248
2023-03-17 Friday 01:48:10: 2-Total Mean Stopped Cross Check= 58.952 +/- 15.483
2023-03-17 Friday 01:48:10: ****
2023-03-17 Friday 01:48:10: Episode:0 Mean Waiting Time= 3102.493 +/- 3115.943
2023-03-17 Friday 01:48:10: Episode:1 Mean Waiting Time= 3009.111 +/- 3260.779
2023-03-17 Friday 01:48:10: Episode:2 Mean Waiting Time= 2868.874 +/- 2811.845
2023-03-17 Friday 01:48:10: Episode:3 Mean Waiting Time= 2324.359 +/- 2495.657
2023-03-17 Friday 01:48:10: Episode:4 Mean Waiting Time= 2345.692 +/- 2249.167
2023-03-17 Friday 01:48:10: 1-Total Mean Waiting Time= 2730.106 +/- 331.112
2023-03-17 Friday 01:48:10: 2-Total Mean Waiting Time= 2730.106 +/- 2786.678
2023-03-17 Friday 01:48:10: Episode:0 Mean Avg Speed= 0.086 +/- 0.030
2023-03-17 Friday 01:48:10: Episode:1 Mean Avg Speed= 0.093 +/- 0.035
2023-03-17 Friday 01:48:10: Episode:2 Mean Avg Speed= 0.091 +/- 0.040
2023-03-17 Friday 01:48:10: Episode:3 Mean Avg Speed= 0.105 +/- 0.042
2023-03-17 Friday 01:48:10: Episode:4 Mean Avg Speed= 0.105 +/- 0.039
2023-03-17 Friday 01:48:10: 1-Total Mean Avg Speed= 0.096 +/- 0.008
2023-03-17 Friday 01:48:10: 2-Total Mean Avg Speed= 0.096 +/- 0.037
2023-03-17 Friday 01:48:10: Episode:0 Mean Avg Speed 2= 1.591 +/- 0.564
2023-03-17 Friday 01:48:10: Episode:1 Mean Avg Speed 2= 1.720 +/- 0.654
2023-03-17 Friday 01:48:10: Episode:2 Mean Avg Speed 2= 1.690 +/- 0.744
2023-03-17 Friday 01:48:10: Episode:3 Mean Avg Speed 2= 1.957 +/- 0.787
2023-03-17 Friday 01:48:10: Episode:4 Mean Avg Speed 2= 1.955 +/- 0.720
2023-03-17 Friday 01:48:10: 1-Total Mean Avg Speed 2= 1.782 +/- 0.148
2023-03-17 Friday 01:48:10: 2-Total Mean Avg Speed 2= 1.782 +/- 0.694
2023-03-17 Friday 01:48:10: Episode:0 Mean Avg Speed Cross Check= 2.686 +/- 0.641
2023-03-17 Friday 01:48:10: Episode:1 Mean Avg Speed Cross Check= 2.864 +/- 0.724
2023-03-17 Friday 01:48:10: Episode:2 Mean Avg Speed Cross Check= 2.805 +/- 0.891
2023-03-17 Friday 01:48:10: Episode:3 Mean Avg Speed Cross Check= 3.183 +/- 0.881
2023-03-17 Friday 01:48:10: Episode:4 Mean Avg Speed Cross Check= 3.189 +/- 0.817
2023-03-17 Friday 01:48:10: 1-Total Mean Avg Speed Cross Check= 2.945 +/- 0.205
2023-03-17 Friday 01:48:10: 2-Total Mean Avg Speed Cross Check= 2.945 +/- 0.791
2023-03-17 Friday 01:48:10: ****************************************
