2023-03-15 Wednesday 23:10:09: Run: 5 for Training experiment: DoE-29 - first seed: 570 - alpha: 0.3 - gamma: 0.9 - epsilon: 0.4 - reward: diff-waiting-time
2023-03-15 Wednesday 23:15:51: Run: 1 - First Epsilon: 0.4 - Last Epsilon: 0.4
2023-03-15 Wednesday 23:21:17: Run: 2 - First Epsilon: 0.4 - Last Epsilon: 0.4
2023-03-15 Wednesday 23:26:48: Run: 3 - First Epsilon: 0.4 - Last Epsilon: 0.4
2023-03-15 Wednesday 23:32:40: Run: 4 - First Epsilon: 0.4 - Last Epsilon: 0.4
2023-03-15 Wednesday 23:38:36: Run: 5 - First Epsilon: 0.4 - Last Epsilon: 0.4
2023-03-15 Wednesday 23:38:36: Q-Table Total Distinct States: 445
2023-03-15 Wednesday 23:38:36: Mean_reward=-1.73 +/- 1.82
2023-03-15 Wednesday 23:38:36: Mean_Stopped=90343.40 +/- 5689.56
2023-03-15 Wednesday 23:38:36: Mean_Stopped=90489.40 +/- 5699.15
2023-03-15 Wednesday 23:38:36: Mean_waiting_time=2060362.40 +/- 264874.50
2023-03-15 Wednesday 23:38:36: Mean_avg_speed=3328.42 +/- 73.54
2023-03-15 Wednesday 23:38:36: Mean_avg_speed_2=61842.36 +/- 1379.09
2023-03-15 Wednesday 23:38:36: Mean_avg_speed_cross_check=74865.57 +/- 1157.46
2023-03-15 Wednesday 23:38:36: ****************************************
2023-03-15 Wednesday 23:38:36: Calculation 1 - Overall 
2023-03-15 Wednesday 23:38:36: ****************************************
2023-03-15 Wednesday 23:38:36: Inner X Outer Loops Mean Reward= -0.000 +/- 0.862
2023-03-15 Wednesday 23:38:36: Inner X Outer Loops Mean Stopped= 9.033 +/- 3.690
2023-03-15 Wednesday 23:38:36: Inner X Outer Loops Mean Stopped Cross Check= 9.048 +/- 3.691
2023-03-15 Wednesday 23:38:36: Inner X Outer Loops Mean Waiting Time= 206.016 +/- 209.388
2023-03-15 Wednesday 23:38:36: Inner X Outer Loops Mean Avg Speed= 0.333 +/- 0.065
2023-03-15 Wednesday 23:38:36: Inner X Outer Loops Mean Avg Speed 2= 6.184 +/- 1.175
2023-03-15 Wednesday 23:38:36: Inner X Outer Loops Mean Avg Speed Cross Check= 7.486 +/- 0.912
2023-03-15 Wednesday 23:38:36: ****************************************
2023-03-15 Wednesday 23:38:36: Calculation 2 - Per Episode
2023-03-15 Wednesday 23:38:36: ****************************************
2023-03-15 Wednesday 23:38:36: Episode:0 Mean Reward= -0.001 +/- 0.967
2023-03-15 Wednesday 23:38:36: Episode:1 Mean Reward= -0.000 +/- 0.835
2023-03-15 Wednesday 23:38:36: Episode:2 Mean Reward= -0.000 +/- 0.827
2023-03-15 Wednesday 23:38:36: Episode:3 Mean Reward= -0.000 +/- 0.816
2023-03-15 Wednesday 23:38:36: Episode:4 Mean Reward= -0.000 +/- 0.855
2023-03-15 Wednesday 23:38:36: 1-Total Mean Reward= -0.000 +/- 0.000
2023-03-15 Wednesday 23:38:36: 2-Total Mean Reward= -0.000 +/- 0.860
2023-03-15 Wednesday 23:38:36: ****
2023-03-15 Wednesday 23:38:36: Episode:0 Mean Stopped= 9.977 +/- 5.373
2023-03-15 Wednesday 23:38:36: Episode:1 Mean Stopped= 8.390 +/- 2.845
2023-03-15 Wednesday 23:38:36: Episode:2 Mean Stopped= 8.751 +/- 2.965
2023-03-15 Wednesday 23:38:36: Episode:3 Mean Stopped= 8.683 +/- 3.185
2023-03-15 Wednesday 23:38:36: Episode:4 Mean Stopped= 9.366 +/- 3.249
2023-03-15 Wednesday 23:38:36: 1-Total Mean Stopped= 9.033 +/- 0.569
2023-03-15 Wednesday 23:38:36: 2-Total Mean Stopped= 9.033 +/- 3.523
2023-03-15 Wednesday 23:38:36: ****
2023-03-15 Wednesday 23:38:36: Episode:0 Mean Stopped Cross Check= 9.993 +/- 5.378
2023-03-15 Wednesday 23:38:36: Episode:1 Mean Stopped Cross Check= 8.404 +/- 2.844
2023-03-15 Wednesday 23:38:36: Episode:2 Mean Stopped Cross Check= 8.765 +/- 2.964
2023-03-15 Wednesday 23:38:36: Episode:3 Mean Stopped Cross Check= 8.696 +/- 3.186
2023-03-15 Wednesday 23:38:36: Episode:4 Mean Stopped Cross Check= 9.382 +/- 3.249
2023-03-15 Wednesday 23:38:36: 1-Total Mean Stopped Cross Check= 9.048 +/- 0.570
2023-03-15 Wednesday 23:38:36: 2-Total Mean Stopped Cross Check= 9.048 +/- 3.524
2023-03-15 Wednesday 23:38:36: ****
2023-03-15 Wednesday 23:38:36: Episode:0 Mean Waiting Time= 257.478 +/- 353.167
2023-03-15 Wednesday 23:38:36: Episode:1 Mean Waiting Time= 190.987 +/- 168.401
2023-03-15 Wednesday 23:38:36: Episode:2 Mean Waiting Time= 190.324 +/- 138.802
2023-03-15 Wednesday 23:38:36: Episode:3 Mean Waiting Time= 186.379 +/- 143.486
2023-03-15 Wednesday 23:38:36: Episode:4 Mean Waiting Time= 204.910 +/- 150.898
2023-03-15 Wednesday 23:38:36: 1-Total Mean Waiting Time= 206.016 +/- 26.485
2023-03-15 Wednesday 23:38:36: 2-Total Mean Waiting Time= 206.016 +/- 190.951
2023-03-15 Wednesday 23:38:36: Episode:0 Mean Avg Speed= 0.324 +/- 0.073
2023-03-15 Wednesday 23:38:36: Episode:1 Mean Avg Speed= 0.342 +/- 0.060
2023-03-15 Wednesday 23:38:36: Episode:2 Mean Avg Speed= 0.335 +/- 0.061
2023-03-15 Wednesday 23:38:36: Episode:3 Mean Avg Speed= 0.338 +/- 0.063
2023-03-15 Wednesday 23:38:36: Episode:4 Mean Avg Speed= 0.325 +/- 0.062
2023-03-15 Wednesday 23:38:36: 1-Total Mean Avg Speed= 0.333 +/- 0.007
2023-03-15 Wednesday 23:38:36: 2-Total Mean Avg Speed= 0.333 +/- 0.064
2023-03-15 Wednesday 23:38:36: Episode:0 Mean Avg Speed 2= 6.009 +/- 1.325
2023-03-15 Wednesday 23:38:36: Episode:1 Mean Avg Speed 2= 6.362 +/- 1.096
2023-03-15 Wednesday 23:38:36: Episode:2 Mean Avg Speed 2= 6.232 +/- 1.114
2023-03-15 Wednesday 23:38:36: Episode:3 Mean Avg Speed 2= 6.278 +/- 1.154
2023-03-15 Wednesday 23:38:36: Episode:4 Mean Avg Speed 2= 6.037 +/- 1.133
2023-03-15 Wednesday 23:38:36: 1-Total Mean Avg Speed 2= 6.184 +/- 0.138
2023-03-15 Wednesday 23:38:36: 2-Total Mean Avg Speed 2= 6.184 +/- 1.164
2023-03-15 Wednesday 23:38:36: Episode:0 Mean Avg Speed Cross Check= 7.324 +/- 1.070
2023-03-15 Wednesday 23:38:36: Episode:1 Mean Avg Speed Cross Check= 7.631 +/- 0.824
2023-03-15 Wednesday 23:38:36: Episode:2 Mean Avg Speed Cross Check= 7.532 +/- 0.842
2023-03-15 Wednesday 23:38:36: Episode:3 Mean Avg Speed Cross Check= 7.564 +/- 0.882
2023-03-15 Wednesday 23:38:36: Episode:4 Mean Avg Speed Cross Check= 7.378 +/- 0.881
2023-03-15 Wednesday 23:38:36: 1-Total Mean Avg Speed Cross Check= 7.486 +/- 0.116
2023-03-15 Wednesday 23:38:36: 2-Total Mean Avg Speed Cross Check= 7.486 +/- 0.900
2023-03-15 Wednesday 23:38:36: ****************************************
