2023-02-28 Tuesday 23:37:04: Run: 1 for Training experiment: DoE-41 - first seed: 170 - alpha: 0.5 - gamma: 0.8 - epsilon: 0.4 - reward: diff-waiting-time
2023-02-28 Tuesday 23:43:03: Run: 1 - First Epsilon: 0.4 - Last Epsilon: 0.4
2023-02-28 Tuesday 23:48:57: Run: 2 - First Epsilon: 0.4 - Last Epsilon: 0.4
2023-02-28 Tuesday 23:54:50: Run: 3 - First Epsilon: 0.4 - Last Epsilon: 0.4
2023-03-01 Wednesday 00:00:39: Run: 4 - First Epsilon: 0.4 - Last Epsilon: 0.4
2023-03-01 Wednesday 00:06:31: Run: 5 - First Epsilon: 0.4 - Last Epsilon: 0.4
2023-03-01 Wednesday 00:06:31: Q-Table Total Distinct States: 430
2023-03-01 Wednesday 00:06:31: Mean_reward=-1.69 +/- 0.97
2023-03-01 Wednesday 00:06:31: Mean_Stopped=92512.60 +/- 3658.09
2023-03-01 Wednesday 00:06:31: Mean_Stopped=92681.20 +/- 3672.44
2023-03-01 Wednesday 00:06:31: Mean_waiting_time=2136132.00 +/- 157403.91
2023-03-01 Wednesday 00:06:31: Mean_avg_speed=3286.90 +/- 51.27
2023-03-01 Wednesday 00:06:31: Mean_avg_speed_2=61059.11 +/- 940.03
2023-03-01 Wednesday 00:06:31: Mean_avg_speed_cross_check=74265.52 +/- 784.96
2023-03-01 Wednesday 00:06:31: ****************************************
2023-03-01 Wednesday 00:06:31: Calculation 1 - Overall 
2023-03-01 Wednesday 00:06:31: ****************************************
2023-03-01 Wednesday 00:06:31: Inner X Outer Loops Mean Reward= -0.000 +/- 0.874
2023-03-01 Wednesday 00:06:31: Inner X Outer Loops Mean Stopped= 9.250 +/- 3.566
2023-03-01 Wednesday 00:06:31: Inner X Outer Loops Mean Stopped Cross Check= 9.267 +/- 3.567
2023-03-01 Wednesday 00:06:31: Inner X Outer Loops Mean Waiting Time= 213.592 +/- 184.508
2023-03-01 Wednesday 00:06:31: Inner X Outer Loops Mean Avg Speed= 0.329 +/- 0.065
2023-03-01 Wednesday 00:06:31: Inner X Outer Loops Mean Avg Speed 2= 6.105 +/- 1.180
2023-03-01 Wednesday 00:06:31: Inner X Outer Loops Mean Avg Speed Cross Check= 7.426 +/- 0.913
2023-03-01 Wednesday 00:06:31: ****************************************
2023-03-01 Wednesday 00:06:31: Calculation 2 - Per Episode
2023-03-01 Wednesday 00:06:31: ****************************************
2023-03-01 Wednesday 00:06:31: Episode:0 Mean Reward= -0.000 +/- 0.928
2023-03-01 Wednesday 00:06:31: Episode:1 Mean Reward= -0.000 +/- 0.886
2023-03-01 Wednesday 00:06:31: Episode:2 Mean Reward= -0.000 +/- 0.875
2023-03-01 Wednesday 00:06:31: Episode:3 Mean Reward= -0.000 +/- 0.829
2023-03-01 Wednesday 00:06:31: Episode:4 Mean Reward= -0.000 +/- 0.848
2023-03-01 Wednesday 00:06:31: 1-Total Mean Reward= -0.000 +/- 0.000
2023-03-01 Wednesday 00:06:31: 2-Total Mean Reward= -0.000 +/- 0.873
2023-03-01 Wednesday 00:06:31: ****
2023-03-01 Wednesday 00:06:31: Episode:0 Mean Stopped= 9.891 +/- 4.076
2023-03-01 Wednesday 00:06:31: Episode:1 Mean Stopped= 9.410 +/- 3.819
2023-03-01 Wednesday 00:06:31: Episode:2 Mean Stopped= 9.027 +/- 3.419
2023-03-01 Wednesday 00:06:31: Episode:3 Mean Stopped= 8.871 +/- 3.265
2023-03-01 Wednesday 00:06:31: Episode:4 Mean Stopped= 9.053 +/- 3.062
2023-03-01 Wednesday 00:06:31: 1-Total Mean Stopped= 9.250 +/- 0.366
2023-03-01 Wednesday 00:06:31: 2-Total Mean Stopped= 9.250 +/- 3.528
2023-03-01 Wednesday 00:06:31: ****
2023-03-01 Wednesday 00:06:31: Episode:0 Mean Stopped Cross Check= 9.911 +/- 4.077
2023-03-01 Wednesday 00:06:31: Episode:1 Mean Stopped Cross Check= 9.427 +/- 3.820
2023-03-01 Wednesday 00:06:31: Episode:2 Mean Stopped Cross Check= 9.043 +/- 3.420
2023-03-01 Wednesday 00:06:31: Episode:3 Mean Stopped Cross Check= 8.887 +/- 3.265
2023-03-01 Wednesday 00:06:31: Episode:4 Mean Stopped Cross Check= 9.068 +/- 3.062
2023-03-01 Wednesday 00:06:31: 1-Total Mean Stopped Cross Check= 9.267 +/- 0.367
2023-03-01 Wednesday 00:06:31: 2-Total Mean Stopped Cross Check= 9.267 +/- 3.529
2023-03-01 Wednesday 00:06:31: ****
2023-03-01 Wednesday 00:06:31: Episode:0 Mean Waiting Time= 239.288 +/- 230.794
2023-03-01 Wednesday 00:06:31: Episode:1 Mean Waiting Time= 220.203 +/- 186.061
2023-03-01 Wednesday 00:06:31: Episode:2 Mean Waiting Time= 211.987 +/- 183.754
2023-03-01 Wednesday 00:06:31: Episode:3 Mean Waiting Time= 192.734 +/- 152.791
2023-03-01 Wednesday 00:06:31: Episode:4 Mean Waiting Time= 203.747 +/- 154.861
2023-03-01 Wednesday 00:06:31: 1-Total Mean Waiting Time= 213.592 +/- 15.739
2023-03-01 Wednesday 00:06:31: 2-Total Mean Waiting Time= 213.592 +/- 181.652
2023-03-01 Wednesday 00:06:31: Episode:0 Mean Avg Speed= 0.320 +/- 0.068
2023-03-01 Wednesday 00:06:31: Episode:1 Mean Avg Speed= 0.327 +/- 0.067
2023-03-01 Wednesday 00:06:31: Episode:2 Mean Avg Speed= 0.332 +/- 0.064
2023-03-01 Wednesday 00:06:31: Episode:3 Mean Avg Speed= 0.335 +/- 0.064
2023-03-01 Wednesday 00:06:31: Episode:4 Mean Avg Speed= 0.330 +/- 0.061
2023-03-01 Wednesday 00:06:31: 1-Total Mean Avg Speed= 0.329 +/- 0.005
2023-03-01 Wednesday 00:06:31: 2-Total Mean Avg Speed= 0.329 +/- 0.065
2023-03-01 Wednesday 00:06:31: Episode:0 Mean Avg Speed 2= 5.942 +/- 1.241
2023-03-01 Wednesday 00:06:31: Episode:1 Mean Avg Speed 2= 6.072 +/- 1.210
2023-03-01 Wednesday 00:06:31: Episode:2 Mean Avg Speed 2= 6.169 +/- 1.162
2023-03-01 Wednesday 00:06:31: Episode:3 Mean Avg Speed 2= 6.214 +/- 1.161
2023-03-01 Wednesday 00:06:31: Episode:4 Mean Avg Speed 2= 6.128 +/- 1.104
2023-03-01 Wednesday 00:06:31: 1-Total Mean Avg Speed 2= 6.105 +/- 0.094
2023-03-01 Wednesday 00:06:31: 2-Total Mean Avg Speed 2= 6.105 +/- 1.175
2023-03-01 Wednesday 00:06:31: Episode:0 Mean Avg Speed Cross Check= 7.286 +/- 0.974
2023-03-01 Wednesday 00:06:31: Episode:1 Mean Avg Speed Cross Check= 7.402 +/- 0.945
2023-03-01 Wednesday 00:06:31: Episode:2 Mean Avg Speed Cross Check= 7.482 +/- 0.890
2023-03-01 Wednesday 00:06:31: Episode:3 Mean Avg Speed Cross Check= 7.509 +/- 0.889
2023-03-01 Wednesday 00:06:31: Episode:4 Mean Avg Speed Cross Check= 7.450 +/- 0.845
2023-03-01 Wednesday 00:06:31: 1-Total Mean Avg Speed Cross Check= 7.426 +/- 0.078
2023-03-01 Wednesday 00:06:31: 2-Total Mean Avg Speed Cross Check= 7.426 +/- 0.909
2023-03-01 Wednesday 00:06:31: ****************************************
