2023-02-28 Tuesday 19:53:27: Run: 1 for Training experiment: DoE-37 - first seed: 170 - alpha: 0.5 - gamma: 0.8 - epsilon: 0.2 - reward: diff-waiting-time
2023-02-28 Tuesday 19:58:59: Run: 1 - First Epsilon: 0.2 - Last Epsilon: 0.2
2023-02-28 Tuesday 20:04:34: Run: 2 - First Epsilon: 0.2 - Last Epsilon: 0.2
2023-02-28 Tuesday 20:10:01: Run: 3 - First Epsilon: 0.2 - Last Epsilon: 0.2
2023-02-28 Tuesday 20:15:13: Run: 4 - First Epsilon: 0.2 - Last Epsilon: 0.2
2023-02-28 Tuesday 20:20:22: Run: 5 - First Epsilon: 0.2 - Last Epsilon: 0.2
2023-02-28 Tuesday 20:20:23: Q-Table Total Distinct States: 253
2023-02-28 Tuesday 20:20:23: Mean_reward=-1.11 +/- 1.75
2023-02-28 Tuesday 20:20:23: Mean_Stopped=72450.20 +/- 1632.14
2023-02-28 Tuesday 20:20:23: Mean_Stopped=72594.40 +/- 1636.01
2023-02-28 Tuesday 20:20:23: Mean_waiting_time=1523101.60 +/- 97189.07
2023-02-28 Tuesday 20:20:23: Mean_avg_speed=3639.43 +/- 30.52
2023-02-28 Tuesday 20:20:23: Mean_avg_speed_2=67630.74 +/- 546.93
2023-02-28 Tuesday 20:20:23: Mean_avg_speed_cross_check=79254.97 +/- 405.75
2023-02-28 Tuesday 20:20:23: ****************************************
2023-02-28 Tuesday 20:20:23: Calculation 1 - Overall 
2023-02-28 Tuesday 20:20:23: ****************************************
2023-02-28 Tuesday 20:20:23: Inner X Outer Loops Mean Reward= -0.000 +/- 0.738
2023-02-28 Tuesday 20:20:23: Inner X Outer Loops Mean Stopped= 7.244 +/- 2.440
2023-02-28 Tuesday 20:20:23: Inner X Outer Loops Mean Stopped Cross Check= 7.259 +/- 2.442
2023-02-28 Tuesday 20:20:23: Inner X Outer Loops Mean Waiting Time= 152.295 +/- 156.335
2023-02-28 Tuesday 20:20:23: Inner X Outer Loops Mean Avg Speed= 0.364 +/- 0.061
2023-02-28 Tuesday 20:20:23: Inner X Outer Loops Mean Avg Speed 2= 6.762 +/- 1.113
2023-02-28 Tuesday 20:20:23: Inner X Outer Loops Mean Avg Speed Cross Check= 7.925 +/- 0.795
2023-02-28 Tuesday 20:20:23: ****************************************
2023-02-28 Tuesday 20:20:23: Calculation 2 - Per Episode
2023-02-28 Tuesday 20:20:23: ****************************************
2023-02-28 Tuesday 20:20:23: Episode:0 Mean Reward= -0.000 +/- 0.791
2023-02-28 Tuesday 20:20:23: Episode:1 Mean Reward= -0.000 +/- 0.716
2023-02-28 Tuesday 20:20:23: Episode:2 Mean Reward= -0.000 +/- 0.709
2023-02-28 Tuesday 20:20:23: Episode:3 Mean Reward= 0.000 +/- 0.732
2023-02-28 Tuesday 20:20:23: Episode:4 Mean Reward= -0.000 +/- 0.737
2023-02-28 Tuesday 20:20:23: 1-Total Mean Reward= -0.000 +/- 0.000
2023-02-28 Tuesday 20:20:23: 2-Total Mean Reward= -0.000 +/- 0.737
2023-02-28 Tuesday 20:20:23: ****
2023-02-28 Tuesday 20:20:23: Episode:0 Mean Stopped= 7.536 +/- 2.959
2023-02-28 Tuesday 20:20:23: Episode:1 Mean Stopped= 7.263 +/- 2.246
2023-02-28 Tuesday 20:20:23: Episode:2 Mean Stopped= 7.126 +/- 2.237
2023-02-28 Tuesday 20:20:23: Episode:3 Mean Stopped= 7.236 +/- 2.351
2023-02-28 Tuesday 20:20:23: Episode:4 Mean Stopped= 7.060 +/- 2.305
2023-02-28 Tuesday 20:20:23: 1-Total Mean Stopped= 7.244 +/- 0.163
2023-02-28 Tuesday 20:20:23: 2-Total Mean Stopped= 7.244 +/- 2.420
2023-02-28 Tuesday 20:20:23: ****
2023-02-28 Tuesday 20:20:23: Episode:0 Mean Stopped Cross Check= 7.550 +/- 2.961
2023-02-28 Tuesday 20:20:23: Episode:1 Mean Stopped Cross Check= 7.279 +/- 2.248
2023-02-28 Tuesday 20:20:23: Episode:2 Mean Stopped Cross Check= 7.142 +/- 2.238
2023-02-28 Tuesday 20:20:23: Episode:3 Mean Stopped Cross Check= 7.250 +/- 2.353
2023-02-28 Tuesday 20:20:23: Episode:4 Mean Stopped Cross Check= 7.072 +/- 2.306
2023-02-28 Tuesday 20:20:23: 1-Total Mean Stopped Cross Check= 7.259 +/- 0.164
2023-02-28 Tuesday 20:20:23: 2-Total Mean Stopped Cross Check= 7.259 +/- 2.421
2023-02-28 Tuesday 20:20:23: ****
2023-02-28 Tuesday 20:20:23: Episode:0 Mean Waiting Time= 170.767 +/- 233.450
2023-02-28 Tuesday 20:20:23: Episode:1 Mean Waiting Time= 146.158 +/- 115.596
2023-02-28 Tuesday 20:20:23: Episode:2 Mean Waiting Time= 142.861 +/- 117.979
2023-02-28 Tuesday 20:20:23: Episode:3 Mean Waiting Time= 151.082 +/- 137.437
2023-02-28 Tuesday 20:20:23: Episode:4 Mean Waiting Time= 150.606 +/- 145.128
2023-02-28 Tuesday 20:20:23: 1-Total Mean Waiting Time= 152.295 +/- 9.718
2023-02-28 Tuesday 20:20:23: 2-Total Mean Waiting Time= 152.295 +/- 149.918
2023-02-28 Tuesday 20:20:23: Episode:0 Mean Avg Speed= 0.359 +/- 0.062
2023-02-28 Tuesday 20:20:23: Episode:1 Mean Avg Speed= 0.362 +/- 0.060
2023-02-28 Tuesday 20:20:23: Episode:2 Mean Avg Speed= 0.366 +/- 0.060
2023-02-28 Tuesday 20:20:23: Episode:3 Mean Avg Speed= 0.364 +/- 0.061
2023-02-28 Tuesday 20:20:23: Episode:4 Mean Avg Speed= 0.368 +/- 0.062
2023-02-28 Tuesday 20:20:23: 1-Total Mean Avg Speed= 0.364 +/- 0.003
2023-02-28 Tuesday 20:20:23: 2-Total Mean Avg Speed= 0.364 +/- 0.061
2023-02-28 Tuesday 20:20:23: Episode:0 Mean Avg Speed 2= 6.679 +/- 1.139
2023-02-28 Tuesday 20:20:23: Episode:1 Mean Avg Speed 2= 6.739 +/- 1.091
2023-02-28 Tuesday 20:20:23: Episode:2 Mean Avg Speed 2= 6.797 +/- 1.096
2023-02-28 Tuesday 20:20:23: Episode:3 Mean Avg Speed 2= 6.757 +/- 1.112
2023-02-28 Tuesday 20:20:23: Episode:4 Mean Avg Speed 2= 6.841 +/- 1.118
2023-02-28 Tuesday 20:20:23: 1-Total Mean Avg Speed 2= 6.762 +/- 0.055
2023-02-28 Tuesday 20:20:23: 2-Total Mean Avg Speed 2= 6.762 +/- 1.111
2023-02-28 Tuesday 20:20:23: Episode:0 Mean Avg Speed Cross Check= 7.860 +/- 0.840
2023-02-28 Tuesday 20:20:23: Episode:1 Mean Avg Speed Cross Check= 7.912 +/- 0.774
2023-02-28 Tuesday 20:20:23: Episode:2 Mean Avg Speed Cross Check= 7.952 +/- 0.778
2023-02-28 Tuesday 20:20:23: Episode:3 Mean Avg Speed Cross Check= 7.918 +/- 0.788
2023-02-28 Tuesday 20:20:23: Episode:4 Mean Avg Speed Cross Check= 7.981 +/- 0.788
2023-02-28 Tuesday 20:20:23: 1-Total Mean Avg Speed Cross Check= 7.925 +/- 0.041
2023-02-28 Tuesday 20:20:23: 2-Total Mean Avg Speed Cross Check= 7.925 +/- 0.793
2023-02-28 Tuesday 20:20:23: ****************************************
