2023-04-15 Saturday 08:39:32: Run: 2 for Training experiment: DE-Enhanced-7 - route: ../nets/roundabout/input_routes_roundabout_auto_v1-7.rou.xml - first seed: 270 - alpha: 0.5 - gamma: 0.99 - epsilon: 0.2 - reward: diff-waiting-time
2023-04-15 Saturday 08:51:06: Run: 1 - First Epsilon: 0.2 - Last Epsilon: 0.2
2023-04-15 Saturday 09:00:49: Run: 2 - First Epsilon: 0.2 - Last Epsilon: 0.2
2023-04-15 Saturday 09:10:29: Run: 3 - First Epsilon: 0.2 - Last Epsilon: 0.2
2023-04-15 Saturday 09:20:03: Run: 4 - First Epsilon: 0.2 - Last Epsilon: 0.2
2023-04-15 Saturday 09:29:10: Run: 5 - First Epsilon: 0.2 - Last Epsilon: 0.2
2023-04-15 Saturday 09:29:11: Q-Table Total Distinct States: 572
2023-04-15 Saturday 09:29:11: Mean_reward=-0.98 +/- 0.40
2023-04-15 Saturday 09:29:11: Mean_Stopped=89095.80 +/- 31293.06
2023-04-15 Saturday 09:29:11: Mean_Stopped=89250.60 +/- 31308.07
2023-04-15 Saturday 09:29:11: Mean_waiting_time=2466928.20 +/- 1272795.29
2023-04-15 Saturday 09:29:11: Mean_avg_speed=3490.12 +/- 268.70
2023-04-15 Saturday 09:29:11: Mean_avg_speed_2=64871.13 +/- 4969.37
2023-04-15 Saturday 09:29:11: Mean_avg_speed_cross_check=76869.01 +/- 4492.73
2023-04-15 Saturday 09:29:11: Mean_average_co2_emission_tl=30774168.82 +/- 434816.94
2023-04-15 Saturday 09:29:11: Mean_average_co_emission_tl=977284.71 +/- 42751.07
2023-04-15 Saturday 09:29:11: Mean_average_fuel_consumption_tl=13228.87 +/- 186.88
2023-04-15 Saturday 09:29:11: Mean_average_noise_emission_tl=603887.60 +/- 3469.47
2023-04-15 Saturday 09:29:11: Mean_average_co2_emission=25597154.08 +/- 35897.83
2023-04-15 Saturday 09:29:11: Mean_average_co_emission=694086.88 +/- 49346.39
2023-04-15 Saturday 09:29:11: Mean_average_fuel_consumptions=11003.42 +/- 15.42
2023-04-15 Saturday 09:29:11: Mean_average_noise_emissions=610317.31 +/- 3020.98
2023-04-15 Saturday 09:29:11: ****************************************
2023-04-15 Saturday 09:29:11: Calculation 1 - Overall 
2023-04-15 Saturday 09:29:11: ****************************************
2023-04-15 Saturday 09:29:11: Inner X Outer Loops Mean Reward= -0.000 +/- 0.941
2023-04-15 Saturday 09:29:11: Inner X Outer Loops Mean Stopped= 8.909 +/- 7.144
2023-04-15 Saturday 09:29:11: Inner X Outer Loops Mean Stopped Cross Check= 8.924 +/- 7.147
2023-04-15 Saturday 09:29:11: Inner X Outer Loops Mean Waiting Time= 246.668 +/- 432.235
2023-04-15 Saturday 09:29:11: Inner X Outer Loops Mean Avg Speed= 0.349 +/- 0.077
2023-04-15 Saturday 09:29:11: Inner X Outer Loops Mean Avg Speed 2= 6.486 +/- 1.402
2023-04-15 Saturday 09:29:11: Inner X Outer Loops Mean Avg Speed Cross Check= 7.686 +/- 1.152
2023-04-15 Saturday 09:29:11: Inner X Outer Loops Mean Average CO2 Emission TL= 3077.109 +/- 241.410
2023-04-15 Saturday 09:29:11: Inner X Outer Loops Mean Average CO Emission TL= 97.719 +/- 12.651
2023-04-15 Saturday 09:29:11: Inner X Outer Loops Mean Average Fuel Consumption TL= 1.323 +/- 0.104
2023-04-15 Saturday 09:29:11: Inner X Outer Loops Mean Average Noise Emission TL= 60.383 +/- 1.241
2023-04-15 Saturday 09:29:11: Inner X Outer Loops Mean Average CO2 Emission= 2559.459 +/- 201.358
2023-04-15 Saturday 09:29:11: Inner X Outer Loops Mean Average CO Emission= 69.402 +/- 12.931
2023-04-15 Saturday 09:29:11: Inner X Outer Loops Mean Average Fuel Consumptions= 1.100 +/- 0.087
2023-04-15 Saturday 09:29:11: Inner X Outer Loops Mean Average Noise Emissions= 61.026 +/- 0.906
2023-04-15 Saturday 09:29:11: ****************************************
2023-04-15 Saturday 09:29:11: Calculation 2 - Per Episode
2023-04-15 Saturday 09:29:11: ****************************************
2023-04-15 Saturday 09:29:11: Episode:0 Mean Reward= -0.000 +/- 1.310
2023-04-15 Saturday 09:29:11: Episode:1 Mean Reward= -0.000 +/- 0.886
2023-04-15 Saturday 09:29:11: Episode:2 Mean Reward= -0.000 +/- 0.817
2023-04-15 Saturday 09:29:11: Episode:3 Mean Reward= -0.000 +/- 0.789
2023-04-15 Saturday 09:29:11: Episode:4 Mean Reward= -0.000 +/- 0.799
2023-04-15 Saturday 09:29:11: 1-Total Mean Reward= -0.000 +/- 0.000
2023-04-15 Saturday 09:29:11: 2-Total Mean Reward= -0.000 +/- 0.920
2023-04-15 Saturday 09:29:11: ****
2023-04-15 Saturday 09:29:11: Episode:0 Mean Stopped= 15.157 +/- 13.597
2023-04-15 Saturday 09:29:11: Episode:1 Mean Stopped= 7.616 +/- 2.329
2023-04-15 Saturday 09:29:11: Episode:2 Mean Stopped= 7.432 +/- 2.408
2023-04-15 Saturday 09:29:11: Episode:3 Mean Stopped= 7.222 +/- 2.194
2023-04-15 Saturday 09:29:11: Episode:4 Mean Stopped= 7.116 +/- 2.314
2023-04-15 Saturday 09:29:11: 1-Total Mean Stopped= 8.909 +/- 3.129
2023-04-15 Saturday 09:29:11: 2-Total Mean Stopped= 8.909 +/- 4.568
2023-04-15 Saturday 09:29:11: ****
2023-04-15 Saturday 09:29:11: Episode:0 Mean Stopped Cross Check= 15.176 +/- 13.599
2023-04-15 Saturday 09:29:11: Episode:1 Mean Stopped Cross Check= 7.634 +/- 2.329
2023-04-15 Saturday 09:29:11: Episode:2 Mean Stopped Cross Check= 7.444 +/- 2.411
2023-04-15 Saturday 09:29:11: Episode:3 Mean Stopped Cross Check= 7.235 +/- 2.196
2023-04-15 Saturday 09:29:11: Episode:4 Mean Stopped Cross Check= 7.132 +/- 2.316
2023-04-15 Saturday 09:29:11: 1-Total Mean Stopped Cross Check= 8.924 +/- 3.130
2023-04-15 Saturday 09:29:11: 2-Total Mean Stopped Cross Check= 8.924 +/- 4.570
2023-04-15 Saturday 09:29:11: ****
2023-04-15 Saturday 09:29:11: Episode:0 Mean Waiting Time= 499.682 +/- 854.099
2023-04-15 Saturday 09:29:11: Episode:1 Mean Waiting Time= 209.672 +/- 206.666
2023-04-15 Saturday 09:29:11: Episode:2 Mean Waiting Time= 179.872 +/- 167.533
2023-04-15 Saturday 09:29:11: Episode:3 Mean Waiting Time= 170.646 +/- 159.496
2023-04-15 Saturday 09:29:11: Episode:4 Mean Waiting Time= 173.468 +/- 165.677
2023-04-15 Saturday 09:29:11: 1-Total Mean Waiting Time= 246.668 +/- 127.267
2023-04-15 Saturday 09:29:11: 2-Total Mean Waiting Time= 246.668 +/- 310.694
2023-04-15 Saturday 09:29:11: Episode:0 Mean Avg Speed= 0.296 +/- 0.108
2023-04-15 Saturday 09:29:11: Episode:1 Mean Avg Speed= 0.357 +/- 0.058
2023-04-15 Saturday 09:29:11: Episode:2 Mean Avg Speed= 0.361 +/- 0.061
2023-04-15 Saturday 09:29:11: Episode:3 Mean Avg Speed= 0.365 +/- 0.059
2023-04-15 Saturday 09:29:11: Episode:4 Mean Avg Speed= 0.367 +/- 0.061
2023-04-15 Saturday 09:29:11: 1-Total Mean Avg Speed= 0.349 +/- 0.027
2023-04-15 Saturday 09:29:11: 2-Total Mean Avg Speed= 0.349 +/- 0.069
2023-04-15 Saturday 09:29:11: Episode:0 Mean Avg Speed 2= 5.502 +/- 1.989
2023-04-15 Saturday 09:29:11: Episode:1 Mean Avg Speed 2= 6.630 +/- 1.052
2023-04-15 Saturday 09:29:11: Episode:2 Mean Avg Speed 2= 6.703 +/- 1.097
2023-04-15 Saturday 09:29:11: Episode:3 Mean Avg Speed 2= 6.769 +/- 1.062
2023-04-15 Saturday 09:29:11: Episode:4 Mean Avg Speed 2= 6.829 +/- 1.098
2023-04-15 Saturday 09:29:11: 1-Total Mean Avg Speed 2= 6.486 +/- 0.497
2023-04-15 Saturday 09:29:11: 2-Total Mean Avg Speed 2= 6.486 +/- 1.260
2023-04-15 Saturday 09:29:11: Episode:0 Mean Avg Speed Cross Check= 6.792 +/- 1.808
2023-04-15 Saturday 09:29:11: Episode:1 Mean Avg Speed Cross Check= 7.839 +/- 0.756
2023-04-15 Saturday 09:29:11: Episode:2 Mean Avg Speed Cross Check= 7.890 +/- 0.784
2023-04-15 Saturday 09:29:11: Episode:3 Mean Avg Speed Cross Check= 7.931 +/- 0.750
2023-04-15 Saturday 09:29:11: Episode:4 Mean Avg Speed Cross Check= 7.978 +/- 0.780
2023-04-15 Saturday 09:29:11: 1-Total Mean Avg Speed Cross Check= 7.686 +/- 0.449
2023-04-15 Saturday 09:29:11: 2-Total Mean Avg Speed Cross Check= 7.686 +/- 0.975
2023-04-15 Saturday 09:29:11: Episode:0 Mean Average CO2 Emission TL= 2990.668 +/- 255.678
2023-04-15 Saturday 09:29:11: Episode:1 Mean Average CO2 Emission TL= 3093.545 +/- 226.834
2023-04-15 Saturday 09:29:11: Episode:2 Mean Average CO2 Emission TL= 3095.165 +/- 233.615
2023-04-15 Saturday 09:29:11: Episode:3 Mean Average CO2 Emission TL= 3098.975 +/- 233.303
2023-04-15 Saturday 09:29:11: Episode:4 Mean Average CO2 Emission TL= 3107.193 +/- 236.879
2023-04-15 Saturday 09:29:11: 1-Total Mean Average CO2 Emission TL= 3077.109 +/- 43.477
2023-04-15 Saturday 09:29:11: 2-Total Mean Average CO2 Emission TL= 3077.109 +/- 237.262
2023-04-15 Saturday 09:29:11: Episode:0 Mean Average CO Emission TL= 106.173 +/- 17.839
2023-04-15 Saturday 09:29:11: Episode:1 Mean Average CO Emission TL= 96.683 +/- 9.669
2023-04-15 Saturday 09:29:11: Episode:2 Mean Average CO Emission TL= 95.769 +/- 10.085
2023-04-15 Saturday 09:29:11: Episode:3 Mean Average CO Emission TL= 95.174 +/- 9.748
2023-04-15 Saturday 09:29:11: Episode:4 Mean Average CO Emission TL= 94.795 +/- 10.021
2023-04-15 Saturday 09:29:11: 1-Total Mean Average CO Emission TL= 97.719 +/- 4.275
2023-04-15 Saturday 09:29:11: 2-Total Mean Average CO Emission TL= 97.719 +/- 11.472
2023-04-15 Saturday 09:29:11: Episode:0 Mean Average Fuel Consumption TL= 1.286 +/- 0.110
2023-04-15 Saturday 09:29:11: Episode:1 Mean Average Fuel Consumption TL= 1.330 +/- 0.098
2023-04-15 Saturday 09:29:11: Episode:2 Mean Average Fuel Consumption TL= 1.331 +/- 0.100
2023-04-15 Saturday 09:29:11: Episode:3 Mean Average Fuel Consumption TL= 1.332 +/- 0.100
2023-04-15 Saturday 09:29:11: Episode:4 Mean Average Fuel Consumption TL= 1.336 +/- 0.102
2023-04-15 Saturday 09:29:11: 1-Total Mean Average Fuel Consumption TL= 1.323 +/- 0.019
2023-04-15 Saturday 09:29:11: 2-Total Mean Average Fuel Consumption TL= 1.323 +/- 0.102
2023-04-15 Saturday 09:29:11: Episode:0 Mean Average Noise Emission TL= 59.694 +/- 1.545
2023-04-15 Saturday 09:29:11: Episode:1 Mean Average Noise Emission TL= 60.492 +/- 1.061
2023-04-15 Saturday 09:29:11: Episode:2 Mean Average Noise Emission TL= 60.527 +/- 1.101
2023-04-15 Saturday 09:29:11: Episode:3 Mean Average Noise Emission TL= 60.581 +/- 1.078
2023-04-15 Saturday 09:29:11: Episode:4 Mean Average Noise Emission TL= 60.620 +/- 1.103
2023-04-15 Saturday 09:29:11: 1-Total Mean Average Noise Emission TL= 60.383 +/- 0.347
2023-04-15 Saturday 09:29:11: 2-Total Mean Average Noise Emission TL= 60.383 +/- 1.178
2023-04-15 Saturday 09:29:11: Episode:0 Mean Average CO2 Emission= 2554.499 +/- 185.541
2023-04-15 Saturday 09:29:11: Episode:1 Mean Average CO2 Emission= 2561.150 +/- 200.745
2023-04-15 Saturday 09:29:11: Episode:2 Mean Average CO2 Emission= 2563.544 +/- 202.582
2023-04-15 Saturday 09:29:11: Episode:3 Mean Average CO2 Emission= 2555.895 +/- 207.591
2023-04-15 Saturday 09:29:11: Episode:4 Mean Average CO2 Emission= 2562.209 +/- 209.292
2023-04-15 Saturday 09:29:11: 1-Total Mean Average CO2 Emission= 2559.459 +/- 3.589
2023-04-15 Saturday 09:29:11: 2-Total Mean Average CO2 Emission= 2559.459 +/- 201.150
2023-04-15 Saturday 09:29:11: Episode:0 Mean Average CO Emission= 79.212 +/- 20.211
2023-04-15 Saturday 09:29:11: Episode:1 Mean Average CO Emission= 67.806 +/- 8.542
2023-04-15 Saturday 09:29:11: Episode:2 Mean Average CO Emission= 67.182 +/- 8.920
2023-04-15 Saturday 09:29:11: Episode:3 Mean Average CO Emission= 66.565 +/- 8.585
2023-04-15 Saturday 09:29:11: Episode:4 Mean Average CO Emission= 66.244 +/- 8.922
2023-04-15 Saturday 09:29:11: 1-Total Mean Average CO Emission= 69.402 +/- 4.934
2023-04-15 Saturday 09:29:11: 2-Total Mean Average CO Emission= 69.402 +/- 11.036
2023-04-15 Saturday 09:29:11: Episode:0 Mean Average Fuel Consumption= 1.098 +/- 0.080
2023-04-15 Saturday 09:29:11: Episode:1 Mean Average Fuel Consumption= 1.101 +/- 0.086
2023-04-15 Saturday 09:29:11: Episode:2 Mean Average Fuel Consumption= 1.102 +/- 0.087
2023-04-15 Saturday 09:29:11: Episode:3 Mean Average Fuel Consumption= 1.099 +/- 0.089
2023-04-15 Saturday 09:29:11: Episode:4 Mean Average Fuel Consumption= 1.101 +/- 0.090
2023-04-15 Saturday 09:29:11: 1-Total Mean Average Fuel Consumption= 1.100 +/- 0.002
2023-04-15 Saturday 09:29:11: 2-Total Mean Average Fuel Consumption= 1.100 +/- 0.086
2023-04-15 Saturday 09:29:11: Episode:0 Mean Average Noise Emission= 60.424 +/- 1.291
2023-04-15 Saturday 09:29:11: Episode:1 Mean Average Noise Emission= 61.135 +/- 0.695
2023-04-15 Saturday 09:29:11: Episode:2 Mean Average Noise Emission= 61.159 +/- 0.713
2023-04-15 Saturday 09:29:11: Episode:3 Mean Average Noise Emission= 61.191 +/- 0.695
2023-04-15 Saturday 09:29:11: Episode:4 Mean Average Noise Emission= 61.219 +/- 0.713
2023-04-15 Saturday 09:29:11: 1-Total Mean Average Noise Emission= 61.026 +/- 0.302
2023-04-15 Saturday 09:29:11: 2-Total Mean Average Noise Emission= 61.026 +/- 0.821
2023-04-15 Saturday 09:29:11: ****************************************
