2023-04-14 Friday 07:55:52: Run: 1 for Training experiment: DE-6 - route: ../nets/roundabout/input_routes_roundabout_auto_v1-6.rou.xml - first seed: 170 - alpha: 0.5 - gamma: 0.99 - epsilon: 0.2 - reward: diff-waiting-time
2023-04-14 Friday 08:12:15: Run: 1 - First Epsilon: 0.2 - Last Epsilon: 0.2
2023-04-14 Friday 08:21:54: Run: 2 - First Epsilon: 0.2 - Last Epsilon: 0.2
2023-04-14 Friday 08:31:04: Run: 3 - First Epsilon: 0.2 - Last Epsilon: 0.2
2023-04-14 Friday 08:40:43: Run: 4 - First Epsilon: 0.2 - Last Epsilon: 0.2
2023-04-14 Friday 08:49:45: Run: 5 - First Epsilon: 0.2 - Last Epsilon: 0.2
2023-04-14 Friday 08:49:45: Q-Table Total Distinct States: 954
2023-04-14 Friday 08:49:45: Mean_reward=-1.62 +/- 0.80
2023-04-14 Friday 08:49:45: Mean_Stopped=120926.60 +/- 86641.13
2023-04-14 Friday 08:49:45: Mean_Stopped=121076.00 +/- 86646.99
2023-04-14 Friday 08:49:45: Mean_waiting_time=3948748.60 +/- 3924557.76
2023-04-14 Friday 08:49:45: Mean_avg_speed=3248.12 +/- 595.67
2023-04-14 Friday 08:49:45: Mean_avg_speed_2=60298.69 +/- 11048.24
2023-04-14 Friday 08:49:45: Mean_avg_speed_cross_check=72691.47 +/- 10509.60
2023-04-14 Friday 08:49:45: Mean_average_co2_emission_tl=30374480.14 +/- 977931.33
2023-04-14 Friday 08:49:45: Mean_average_co_emission_tl=1016216.90 +/- 94685.16
2023-04-14 Friday 08:49:45: Mean_average_fuel_consumption_tl=13057.08 +/- 420.31
2023-04-14 Friday 08:49:45: Mean_average_noise_emission_tl=600768.20 +/- 7744.08
2023-04-14 Friday 08:49:45: Mean_average_co2_emission=25625911.52 +/- 80010.34
2023-04-14 Friday 08:49:45: Mean_average_co_emission=740159.83 +/- 114886.89
2023-04-14 Friday 08:49:45: Mean_average_fuel_consumptions=11015.80 +/- 34.34
2023-04-14 Friday 08:49:45: Mean_average_noise_emissions=607545.58 +/- 7093.14
2023-04-14 Friday 08:49:45: ****************************************
2023-04-14 Friday 08:49:45: Calculation 1 - Overall 
2023-04-14 Friday 08:49:45: ****************************************
2023-04-14 Friday 08:49:45: Inner X Outer Loops Mean Reward= -0.000 +/- 1.153
2023-04-14 Friday 08:49:45: Inner X Outer Loops Mean Stopped= 12.091 +/- 12.724
2023-04-14 Friday 08:49:45: Inner X Outer Loops Mean Stopped Cross Check= 12.106 +/- 12.725
2023-04-14 Friday 08:49:45: Inner X Outer Loops Mean Waiting Time= 394.835 +/- 1110.277
2023-04-14 Friday 08:49:45: Inner X Outer Loops Mean Avg Speed= 0.325 +/- 0.095
2023-04-14 Friday 08:49:45: Inner X Outer Loops Mean Avg Speed 2= 6.029 +/- 1.739
2023-04-14 Friday 08:49:45: Inner X Outer Loops Mean Avg Speed Cross Check= 7.268 +/- 1.560
2023-04-14 Friday 08:49:45: Inner X Outer Loops Mean Average CO2 Emission TL= 3037.144 +/- 249.900
2023-04-14 Friday 08:49:45: Inner X Outer Loops Mean Average CO Emission TL= 101.612 +/- 15.531
2023-04-14 Friday 08:49:45: Inner X Outer Loops Mean Average Fuel Consumption TL= 1.306 +/- 0.107
2023-04-14 Friday 08:49:45: Inner X Outer Loops Mean Average Noise Emission TL= 60.071 +/- 1.417
2023-04-14 Friday 08:49:45: Inner X Outer Loops Mean Average CO2 Emission= 2562.335 +/- 194.690
2023-04-14 Friday 08:49:45: Inner X Outer Loops Mean Average CO Emission= 74.009 +/- 17.429
2023-04-14 Friday 08:49:45: Inner X Outer Loops Mean Average Fuel Consumptions= 1.101 +/- 0.084
2023-04-14 Friday 08:49:45: Inner X Outer Loops Mean Average Noise Emissions= 60.748 +/- 1.143
2023-04-14 Friday 08:49:45: ****************************************
2023-04-14 Friday 08:49:45: Calculation 2 - Per Episode
2023-04-14 Friday 08:49:45: ****************************************
2023-04-14 Friday 08:49:45: Episode:0 Mean Reward= -0.000 +/- 1.928
2023-04-14 Friday 08:49:45: Episode:1 Mean Reward= -0.000 +/- 0.875
2023-04-14 Friday 08:49:45: Episode:2 Mean Reward= -0.000 +/- 0.854
2023-04-14 Friday 08:49:45: Episode:3 Mean Reward= -0.000 +/- 0.872
2023-04-14 Friday 08:49:45: Episode:4 Mean Reward= -0.000 +/- 0.823
2023-04-14 Friday 08:49:45: 1-Total Mean Reward= -0.000 +/- 0.000
2023-04-14 Friday 08:49:45: 2-Total Mean Reward= -0.000 +/- 1.071
2023-04-14 Friday 08:49:45: ****
2023-04-14 Friday 08:49:45: Episode:0 Mean Stopped= 29.414 +/- 20.227
2023-04-14 Friday 08:49:45: Episode:1 Mean Stopped= 7.811 +/- 2.533
2023-04-14 Friday 08:49:45: Episode:2 Mean Stopped= 8.054 +/- 2.754
2023-04-14 Friday 08:49:45: Episode:3 Mean Stopped= 7.653 +/- 2.324
2023-04-14 Friday 08:49:45: Episode:4 Mean Stopped= 7.526 +/- 2.394
2023-04-14 Friday 08:49:45: 1-Total Mean Stopped= 12.091 +/- 8.663
2023-04-14 Friday 08:49:45: 2-Total Mean Stopped= 12.091 +/- 6.046
2023-04-14 Friday 08:49:45: ****
2023-04-14 Friday 08:49:45: Episode:0 Mean Stopped Cross Check= 29.430 +/- 20.229
2023-04-14 Friday 08:49:45: Episode:1 Mean Stopped Cross Check= 7.823 +/- 2.533
2023-04-14 Friday 08:49:45: Episode:2 Mean Stopped Cross Check= 8.069 +/- 2.754
2023-04-14 Friday 08:49:45: Episode:3 Mean Stopped Cross Check= 7.669 +/- 2.324
2023-04-14 Friday 08:49:45: Episode:4 Mean Stopped Cross Check= 7.539 +/- 2.393
2023-04-14 Friday 08:49:45: 1-Total Mean Stopped Cross Check= 12.106 +/- 8.664
2023-04-14 Friday 08:49:45: 2-Total Mean Stopped Cross Check= 12.106 +/- 6.047
2023-04-14 Friday 08:49:45: ****
2023-04-14 Friday 08:49:45: Episode:0 Mean Waiting Time= 1179.496 +/- 2292.849
2023-04-14 Friday 08:49:45: Episode:1 Mean Waiting Time= 206.045 +/- 197.637
2023-04-14 Friday 08:49:45: Episode:2 Mean Waiting Time= 200.151 +/- 179.420
2023-04-14 Friday 08:49:45: Episode:3 Mean Waiting Time= 205.257 +/- 194.860
2023-04-14 Friday 08:49:45: Episode:4 Mean Waiting Time= 183.228 +/- 165.044
2023-04-14 Friday 08:49:45: 1-Total Mean Waiting Time= 394.835 +/- 392.417
2023-04-14 Friday 08:49:45: 2-Total Mean Waiting Time= 394.835 +/- 605.962
2023-04-14 Friday 08:49:45: Episode:0 Mean Avg Speed= 0.206 +/- 0.112
2023-04-14 Friday 08:49:45: Episode:1 Mean Avg Speed= 0.354 +/- 0.061
2023-04-14 Friday 08:49:45: Episode:2 Mean Avg Speed= 0.349 +/- 0.061
2023-04-14 Friday 08:49:45: Episode:3 Mean Avg Speed= 0.356 +/- 0.059
2023-04-14 Friday 08:49:45: Episode:4 Mean Avg Speed= 0.359 +/- 0.060
2023-04-14 Friday 08:49:45: 1-Total Mean Avg Speed= 0.325 +/- 0.060
2023-04-14 Friday 08:49:45: 2-Total Mean Avg Speed= 0.325 +/- 0.071
2023-04-14 Friday 08:49:45: Episode:0 Mean Avg Speed 2= 3.823 +/- 2.067
2023-04-14 Friday 08:49:45: Episode:1 Mean Avg Speed 2= 6.566 +/- 1.095
2023-04-14 Friday 08:49:45: Episode:2 Mean Avg Speed 2= 6.479 +/- 1.113
2023-04-14 Friday 08:49:45: Episode:3 Mean Avg Speed 2= 6.612 +/- 1.065
2023-04-14 Friday 08:49:45: Episode:4 Mean Avg Speed 2= 6.667 +/- 1.087
2023-04-14 Friday 08:49:45: 1-Total Mean Avg Speed 2= 6.029 +/- 1.105
2023-04-14 Friday 08:49:45: 2-Total Mean Avg Speed 2= 6.029 +/- 1.286
2023-04-14 Friday 08:49:45: Episode:0 Mean Avg Speed Cross Check= 5.169 +/- 2.039
2023-04-14 Friday 08:49:45: Episode:1 Mean Avg Speed Cross Check= 7.783 +/- 0.785
2023-04-14 Friday 08:49:45: Episode:2 Mean Avg Speed Cross Check= 7.720 +/- 0.824
2023-04-14 Friday 08:49:45: Episode:3 Mean Avg Speed Cross Check= 7.815 +/- 0.770
2023-04-14 Friday 08:49:45: Episode:4 Mean Avg Speed Cross Check= 7.856 +/- 0.780
2023-04-14 Friday 08:49:45: 1-Total Mean Avg Speed Cross Check= 7.268 +/- 1.051
2023-04-14 Friday 08:49:45: 2-Total Mean Avg Speed Cross Check= 7.268 +/- 1.040
2023-04-14 Friday 08:49:45: Episode:0 Mean Average CO2 Emission TL= 2841.848 +/- 234.392
2023-04-14 Friday 08:49:45: Episode:1 Mean Average CO2 Emission TL= 3085.227 +/- 229.951
2023-04-14 Friday 08:49:45: Episode:2 Mean Average CO2 Emission TL= 3077.728 +/- 228.444
2023-04-14 Friday 08:49:45: Episode:3 Mean Average CO2 Emission TL= 3087.029 +/- 227.258
2023-04-14 Friday 08:49:45: Episode:4 Mean Average CO2 Emission TL= 3093.890 +/- 229.766
2023-04-14 Friday 08:49:45: 1-Total Mean Average CO2 Emission TL= 3037.144 +/- 97.783
2023-04-14 Friday 08:49:45: 2-Total Mean Average CO2 Emission TL= 3037.144 +/- 229.962
2023-04-14 Friday 08:49:46: Episode:0 Mean Average CO Emission TL= 120.518 +/- 18.959
2023-04-14 Friday 08:49:46: Episode:1 Mean Average CO Emission TL= 97.044 +/- 10.112
2023-04-14 Friday 08:49:46: Episode:2 Mean Average CO Emission TL= 97.712 +/- 10.158
2023-04-14 Friday 08:49:46: Episode:3 Mean Average CO Emission TL= 96.657 +/- 9.650
2023-04-14 Friday 08:49:46: Episode:4 Mean Average CO Emission TL= 96.126 +/- 9.996
2023-04-14 Friday 08:49:46: 1-Total Mean Average CO Emission TL= 101.612 +/- 9.468
2023-04-14 Friday 08:49:46: 2-Total Mean Average CO Emission TL= 101.612 +/- 11.775
2023-04-14 Friday 08:49:46: Episode:0 Mean Average Fuel Consumption TL= 1.222 +/- 0.101
2023-04-14 Friday 08:49:46: Episode:1 Mean Average Fuel Consumption TL= 1.326 +/- 0.099
2023-04-14 Friday 08:49:46: Episode:2 Mean Average Fuel Consumption TL= 1.323 +/- 0.098
2023-04-14 Friday 08:49:46: Episode:3 Mean Average Fuel Consumption TL= 1.327 +/- 0.098
2023-04-14 Friday 08:49:46: Episode:4 Mean Average Fuel Consumption TL= 1.330 +/- 0.099
2023-04-14 Friday 08:49:46: 1-Total Mean Average Fuel Consumption TL= 1.306 +/- 0.042
2023-04-14 Friday 08:49:46: 2-Total Mean Average Fuel Consumption TL= 1.306 +/- 0.099
2023-04-14 Friday 08:49:46: Episode:0 Mean Average Noise Emission TL= 58.525 +/- 1.535
2023-04-14 Friday 08:49:46: Episode:1 Mean Average Noise Emission TL= 60.446 +/- 1.080
2023-04-14 Friday 08:49:46: Episode:2 Mean Average Noise Emission TL= 60.384 +/- 1.090
2023-04-14 Friday 08:49:46: Episode:3 Mean Average Noise Emission TL= 60.484 +/- 1.071
2023-04-14 Friday 08:49:46: Episode:4 Mean Average Noise Emission TL= 60.515 +/- 1.085
2023-04-14 Friday 08:49:46: 1-Total Mean Average Noise Emission TL= 60.071 +/- 0.774
2023-04-14 Friday 08:49:46: 2-Total Mean Average Noise Emission TL= 60.071 +/- 1.172
2023-04-14 Friday 08:49:46: Episode:0 Mean Average CO2 Emission= 2546.915 +/- 156.114
2023-04-14 Friday 08:49:46: Episode:1 Mean Average CO2 Emission= 2566.978 +/- 205.646
2023-04-14 Friday 08:49:46: Episode:2 Mean Average CO2 Emission= 2569.135 +/- 200.618
2023-04-14 Friday 08:49:46: Episode:3 Mean Average CO2 Emission= 2566.130 +/- 200.988
2023-04-14 Friday 08:49:46: Episode:4 Mean Average CO2 Emission= 2562.516 +/- 204.686
2023-04-14 Friday 08:49:46: 1-Total Mean Average CO2 Emission= 2562.335 +/- 8.000
2023-04-14 Friday 08:49:46: 2-Total Mean Average CO2 Emission= 2562.335 +/- 193.610
2023-04-14 Friday 08:49:46: Episode:0 Mean Average CO Emission= 96.961 +/- 23.115
2023-04-14 Friday 08:49:46: Episode:1 Mean Average CO Emission= 68.414 +/- 9.065
2023-04-14 Friday 08:49:46: Episode:2 Mean Average CO Emission= 69.106 +/- 9.256
2023-04-14 Friday 08:49:46: Episode:3 Mean Average CO Emission= 68.036 +/- 8.711
2023-04-14 Friday 08:49:46: Episode:4 Mean Average CO Emission= 67.526 +/- 9.000
2023-04-14 Friday 08:49:46: 1-Total Mean Average CO Emission= 74.009 +/- 11.488
2023-04-14 Friday 08:49:46: 2-Total Mean Average CO Emission= 74.009 +/- 11.829
2023-04-14 Friday 08:49:46: Episode:0 Mean Average Fuel Consumption= 1.095 +/- 0.067
2023-04-14 Friday 08:49:46: Episode:1 Mean Average Fuel Consumption= 1.103 +/- 0.088
2023-04-14 Friday 08:49:46: Episode:2 Mean Average Fuel Consumption= 1.104 +/- 0.086
2023-04-14 Friday 08:49:46: Episode:3 Mean Average Fuel Consumption= 1.103 +/- 0.086
2023-04-14 Friday 08:49:46: Episode:4 Mean Average Fuel Consumption= 1.102 +/- 0.088
2023-04-14 Friday 08:49:46: 1-Total Mean Average Fuel Consumption= 1.101 +/- 0.003
2023-04-14 Friday 08:49:46: 2-Total Mean Average Fuel Consumption= 1.101 +/- 0.083
2023-04-14 Friday 08:49:46: Episode:0 Mean Average Noise Emission= 59.331 +/- 1.419
2023-04-14 Friday 08:49:46: Episode:1 Mean Average Noise Emission= 61.096 +/- 0.702
2023-04-14 Friday 08:49:46: Episode:2 Mean Average Noise Emission= 61.055 +/- 0.726
2023-04-14 Friday 08:49:46: Episode:3 Mean Average Noise Emission= 61.121 +/- 0.700
2023-04-14 Friday 08:49:46: Episode:4 Mean Average Noise Emission= 61.140 +/- 0.705
2023-04-14 Friday 08:49:46: 1-Total Mean Average Noise Emission= 60.748 +/- 0.709
2023-04-14 Friday 08:49:46: 2-Total Mean Average Noise Emission= 60.748 +/- 0.850
2023-04-14 Friday 08:49:46: ****************************************
