2023-02-09 Thursday 23:45:57 root:INFO:Total Missing States: 0
2023-02-09 Thursday 23:45:57 root:INFO:Mean Reward=-518672.00 +/- 0.00
2023-02-09 Thursday 23:45:57 root:INFO:Mean Stopped=518672.00 +/- 0.00
2023-02-09 Thursday 23:45:57 root:INFO:Mean Waiting Time=189281401.00 +/- 0.00
2023-02-09 Thursday 23:45:57 root:INFO:****************************************
2023-02-09 Thursday 23:45:57 root:INFO:Calculation 1 - Overall 
2023-02-09 Thursday 23:45:57 root:INFO:****************************************
2023-02-09 Thursday 23:45:57 root:INFO:Inner X Outer Loops Mean Reward=-51.862 +/- 3.821
2023-02-09 Thursday 23:45:57 root:INFO:Inner X Outer Loops Mean Stopped= 51.862 +/- 3.821
2023-02-09 Thursday 23:45:57 root:INFO:Inner X Outer Loops Mean Waiting Time= 18926.247 +/- 2026.300
2023-02-09 Thursday 23:45:57 root:INFO:****************************************
2023-02-09 Thursday 23:45:57 root:INFO:Calculation 2 - Per Episode
2023-02-09 Thursday 23:45:57 root:INFO:****************************************
2023-02-09 Thursday 23:45:57 root:INFO:Episode:0 Mean Waiting Time=-51.862 +/- 3.821
2023-02-09 Thursday 23:45:57 root:INFO:1-Total Mean Reward= -51.862 +/- 0.000
2023-02-09 Thursday 23:45:57 root:INFO:2-Total Mean Reward= -51.862 +/- 3.821
2023-02-09 Thursday 23:45:57 root:INFO:****
2023-02-09 Thursday 23:45:57 root:INFO:Episode:0 Mean Stopped= 51.862 +/- 3.821
2023-02-09 Thursday 23:45:57 root:INFO:1-Total Mean Stopped= 51.862 +/- 0.000
2023-02-09 Thursday 23:45:57 root:INFO:2-Total Mean Stopped= 51.862 +/- 3.821
2023-02-09 Thursday 23:45:57 root:INFO:****
2023-02-09 Thursday 23:45:57 root:INFO:Episode:0 Mean Waiting Time= 18926.247 +/- 2026.300
2023-02-09 Thursday 23:45:57 root:INFO:1-Total Mean Waiting Time= 18926.247 +/- 0.000
2023-02-09 Thursday 23:45:57 root:INFO:2-Total Mean Waiting Time= 18926.247 +/- 2026.300
2023-02-09 Thursday 23:45:57 root:INFO:****************************************
