2023-03-16 Thursday 22:19:37: Run: 5 for Training experiment: DoE-39 - first seed: 570 - alpha: 0.5 - gamma: 0.8 - epsilon: 0.3 - reward: diff-waiting-time
2023-03-16 Thursday 22:25:32: Run: 1 - First Epsilon: 0.3 - Last Epsilon: 0.3
2023-03-16 Thursday 22:30:49: Run: 2 - First Epsilon: 0.3 - Last Epsilon: 0.3
2023-03-16 Thursday 22:36:34: Run: 3 - First Epsilon: 0.3 - Last Epsilon: 0.3
2023-03-16 Thursday 22:42:00: Run: 4 - First Epsilon: 0.3 - Last Epsilon: 0.3
2023-03-16 Thursday 22:47:26: Run: 5 - First Epsilon: 0.3 - Last Epsilon: 0.3
2023-03-16 Thursday 22:47:26: Q-Table Total Distinct States: 561
2023-03-16 Thursday 22:47:26: Mean_reward=-1.41 +/- 0.53
2023-03-16 Thursday 22:47:26: Mean_Stopped=86776.40 +/- 13901.08
2023-03-16 Thursday 22:47:26: Mean_Stopped=86941.20 +/- 13914.85
2023-03-16 Thursday 22:47:26: Mean_waiting_time=2068950.20 +/- 612556.20
2023-03-16 Thursday 22:47:26: Mean_avg_speed=3427.86 +/- 139.03
2023-03-16 Thursday 22:47:26: Mean_avg_speed_2=63700.46 +/- 2619.71
2023-03-16 Thursday 22:47:26: Mean_avg_speed_cross_check=76173.63 +/- 2294.94
2023-03-16 Thursday 22:47:26: ****************************************
2023-03-16 Thursday 22:47:26: Calculation 1 - Overall 
2023-03-16 Thursday 22:47:26: ****************************************
2023-03-16 Thursday 22:47:26: Inner X Outer Loops Mean Reward= -0.000 +/- 0.860
2023-03-16 Thursday 22:47:27: Inner X Outer Loops Mean Stopped= 8.677 +/- 4.776
2023-03-16 Thursday 22:47:27: Inner X Outer Loops Mean Stopped Cross Check= 8.693 +/- 4.779
2023-03-16 Thursday 22:47:27: Inner X Outer Loops Mean Waiting Time= 206.874 +/- 302.338
2023-03-16 Thursday 22:47:27: Inner X Outer Loops Mean Avg Speed= 0.343 +/- 0.069
2023-03-16 Thursday 22:47:27: Inner X Outer Loops Mean Avg Speed 2= 6.369 +/- 1.263
2023-03-16 Thursday 22:47:27: Inner X Outer Loops Mean Avg Speed Cross Check= 7.617 +/- 0.988
2023-03-16 Thursday 22:47:27: ****************************************
2023-03-16 Thursday 22:47:27: Calculation 2 - Per Episode
2023-03-16 Thursday 22:47:27: ****************************************
2023-03-16 Thursday 22:47:27: Episode:0 Mean Reward= -0.000 +/- 1.079
2023-03-16 Thursday 22:47:27: Episode:1 Mean Reward= -0.000 +/- 0.776
2023-03-16 Thursday 22:47:27: Episode:2 Mean Reward= -0.000 +/- 0.814
2023-03-16 Thursday 22:47:27: Episode:3 Mean Reward= -0.000 +/- 0.786
2023-03-16 Thursday 22:47:27: Episode:4 Mean Reward= -0.000 +/- 0.806
2023-03-16 Thursday 22:47:27: 1-Total Mean Reward= -0.000 +/- 0.000
2023-03-16 Thursday 22:47:27: 2-Total Mean Reward= -0.000 +/- 0.852
2023-03-16 Thursday 22:47:27: ****
2023-03-16 Thursday 22:47:27: Episode:0 Mean Stopped= 11.399 +/- 8.653
2023-03-16 Thursday 22:47:27: Episode:1 Mean Stopped= 7.453 +/- 2.449
2023-03-16 Thursday 22:47:27: Episode:2 Mean Stopped= 8.155 +/- 2.616
2023-03-16 Thursday 22:47:27: Episode:3 Mean Stopped= 8.158 +/- 2.924
2023-03-16 Thursday 22:47:27: Episode:4 Mean Stopped= 8.218 +/- 2.853
2023-03-16 Thursday 22:47:27: 1-Total Mean Stopped= 8.677 +/- 1.390
2023-03-16 Thursday 22:47:27: 2-Total Mean Stopped= 8.677 +/- 3.899
2023-03-16 Thursday 22:47:27: ****
2023-03-16 Thursday 22:47:27: Episode:0 Mean Stopped Cross Check= 11.418 +/- 8.656
2023-03-16 Thursday 22:47:27: Episode:1 Mean Stopped Cross Check= 7.467 +/- 2.451
2023-03-16 Thursday 22:47:27: Episode:2 Mean Stopped Cross Check= 8.172 +/- 2.620
2023-03-16 Thursday 22:47:27: Episode:3 Mean Stopped Cross Check= 8.174 +/- 2.927
2023-03-16 Thursday 22:47:27: Episode:4 Mean Stopped Cross Check= 8.235 +/- 2.857
2023-03-16 Thursday 22:47:27: 1-Total Mean Stopped Cross Check= 8.693 +/- 1.391
2023-03-16 Thursday 22:47:27: 2-Total Mean Stopped Cross Check= 8.693 +/- 3.902
2023-03-16 Thursday 22:47:27: ****
2023-03-16 Thursday 22:47:27: Episode:0 Mean Waiting Time= 328.705 +/- 586.286
2023-03-16 Thursday 22:47:27: Episode:1 Mean Waiting Time= 165.898 +/- 152.446
2023-03-16 Thursday 22:47:27: Episode:2 Mean Waiting Time= 183.411 +/- 171.445
2023-03-16 Thursday 22:47:27: Episode:3 Mean Waiting Time= 173.795 +/- 138.889
2023-03-16 Thursday 22:47:27: Episode:4 Mean Waiting Time= 182.564 +/- 150.429
2023-03-16 Thursday 22:47:27: 1-Total Mean Waiting Time= 206.874 +/- 61.249
2023-03-16 Thursday 22:47:27: 2-Total Mean Waiting Time= 206.874 +/- 239.899
2023-03-16 Thursday 22:47:27: Episode:0 Mean Avg Speed= 0.317 +/- 0.088
2023-03-16 Thursday 22:47:27: Episode:1 Mean Avg Speed= 0.360 +/- 0.060
2023-03-16 Thursday 22:47:27: Episode:2 Mean Avg Speed= 0.345 +/- 0.060
2023-03-16 Thursday 22:47:27: Episode:3 Mean Avg Speed= 0.347 +/- 0.064
2023-03-16 Thursday 22:47:27: Episode:4 Mean Avg Speed= 0.345 +/- 0.062
2023-03-16 Thursday 22:47:27: 1-Total Mean Avg Speed= 0.343 +/- 0.014
2023-03-16 Thursday 22:47:27: 2-Total Mean Avg Speed= 0.343 +/- 0.067
2023-03-16 Thursday 22:47:27: Episode:0 Mean Avg Speed 2= 5.888 +/- 1.617
2023-03-16 Thursday 22:47:27: Episode:1 Mean Avg Speed 2= 6.689 +/- 1.095
2023-03-16 Thursday 22:47:27: Episode:2 Mean Avg Speed 2= 6.418 +/- 1.100
2023-03-16 Thursday 22:47:27: Episode:3 Mean Avg Speed 2= 6.438 +/- 1.153
2023-03-16 Thursday 22:47:27: Episode:4 Mean Avg Speed 2= 6.414 +/- 1.131
2023-03-16 Thursday 22:47:27: 1-Total Mean Avg Speed 2= 6.369 +/- 0.262
2023-03-16 Thursday 22:47:27: 2-Total Mean Avg Speed 2= 6.369 +/- 1.219
2023-03-16 Thursday 22:47:27: Episode:0 Mean Avg Speed Cross Check= 7.184 +/- 1.378
2023-03-16 Thursday 22:47:27: Episode:1 Mean Avg Speed Cross Check= 7.872 +/- 0.794
2023-03-16 Thursday 22:47:27: Episode:2 Mean Avg Speed Cross Check= 7.673 +/- 0.813
2023-03-16 Thursday 22:47:27: Episode:3 Mean Avg Speed Cross Check= 7.682 +/- 0.846
2023-03-16 Thursday 22:47:27: Episode:4 Mean Avg Speed Cross Check= 7.673 +/- 0.844
2023-03-16 Thursday 22:47:27: 1-Total Mean Avg Speed Cross Check= 7.617 +/- 0.229
2023-03-16 Thursday 22:47:27: 2-Total Mean Avg Speed Cross Check= 7.617 +/- 0.935
2023-03-16 Thursday 22:47:27: ****************************************
