2023-03-15 Wednesday 00:29:19: Run: 5 for Training experiment: DoE-17 - first seed: 570 - alpha: 0.1 - gamma: 0.99 - epsilon: 0.4 - reward: diff-waiting-time
2023-03-15 Wednesday 00:35:03: Run: 1 - First Epsilon: 0.4 - Last Epsilon: 0.4
2023-03-15 Wednesday 00:45:49: Run: 2 - First Epsilon: 0.4 - Last Epsilon: 0.4
2023-03-15 Wednesday 00:51:14: Run: 3 - First Epsilon: 0.4 - Last Epsilon: 0.4
2023-03-15 Wednesday 00:57:01: Run: 4 - First Epsilon: 0.4 - Last Epsilon: 0.4
2023-03-15 Wednesday 01:02:44: Run: 5 - First Epsilon: 0.4 - Last Epsilon: 0.4
2023-03-15 Wednesday 01:02:44: Q-Table Total Distinct States: 1224
2023-03-15 Wednesday 01:02:44: Mean_reward=-0.89 +/- 2.03
2023-03-15 Wednesday 01:02:44: Mean_Stopped=144281.80 +/- 113955.25
2023-03-15 Wednesday 01:02:44: Mean_Stopped=144465.60 +/- 113974.78
2023-03-15 Wednesday 01:02:44: Mean_waiting_time=4366991.00 +/- 4630339.20
2023-03-15 Wednesday 01:02:44: Mean_avg_speed=3128.28 +/- 504.57
2023-03-15 Wednesday 01:02:44: Mean_avg_speed_2=58133.67 +/- 9355.89
2023-03-15 Wednesday 01:02:44: Mean_avg_speed_cross_check=70750.34 +/- 9692.30
2023-03-15 Wednesday 01:02:44: ****************************************
2023-03-15 Wednesday 01:02:44: Calculation 1 - Overall 
2023-03-15 Wednesday 01:02:44: ****************************************
2023-03-15 Wednesday 01:02:44: Inner X Outer Loops Mean Reward= -0.000 +/- 1.165
2023-03-15 Wednesday 01:02:44: Inner X Outer Loops Mean Stopped= 14.427 +/- 18.222
2023-03-15 Wednesday 01:02:44: Inner X Outer Loops Mean Stopped Cross Check= 14.445 +/- 18.225
2023-03-15 Wednesday 01:02:44: Inner X Outer Loops Mean Waiting Time= 436.655 +/- 910.770
2023-03-15 Wednesday 01:02:44: Inner X Outer Loops Mean Avg Speed= 0.313 +/- 0.097
2023-03-15 Wednesday 01:02:44: Inner X Outer Loops Mean Avg Speed 2= 5.813 +/- 1.798
2023-03-15 Wednesday 01:02:44: Inner X Outer Loops Mean Avg Speed Cross Check= 7.074 +/- 1.703
2023-03-15 Wednesday 01:02:44: ****************************************
2023-03-15 Wednesday 01:02:44: Calculation 2 - Per Episode
2023-03-15 Wednesday 01:02:44: ****************************************
2023-03-15 Wednesday 01:02:44: Episode:0 Mean Reward= -0.000 +/- 0.949
2023-03-15 Wednesday 01:02:44: Episode:1 Mean Reward= -0.000 +/- 1.954
2023-03-15 Wednesday 01:02:44: Episode:2 Mean Reward= -0.000 +/- 0.818
2023-03-15 Wednesday 01:02:44: Episode:3 Mean Reward= -0.000 +/- 0.844
2023-03-15 Wednesday 01:02:44: Episode:4 Mean Reward= 0.000 +/- 0.828
2023-03-15 Wednesday 01:02:44: 1-Total Mean Reward= -0.000 +/- 0.000
2023-03-15 Wednesday 01:02:44: 2-Total Mean Reward= -0.000 +/- 1.079
2023-03-15 Wednesday 01:02:44: ****
2023-03-15 Wednesday 01:02:44: Episode:0 Mean Stopped= 10.039 +/- 4.398
2023-03-15 Wednesday 01:02:44: Episode:1 Mean Stopped= 37.175 +/- 31.102
2023-03-15 Wednesday 01:02:44: Episode:2 Mean Stopped= 8.161 +/- 2.582
2023-03-15 Wednesday 01:02:44: Episode:3 Mean Stopped= 8.522 +/- 2.910
2023-03-15 Wednesday 01:02:44: Episode:4 Mean Stopped= 8.237 +/- 3.024
2023-03-15 Wednesday 01:02:44: 1-Total Mean Stopped= 14.427 +/- 11.394
2023-03-15 Wednesday 01:02:44: 2-Total Mean Stopped= 14.427 +/- 8.803
2023-03-15 Wednesday 01:02:44: ****
2023-03-15 Wednesday 01:02:44: Episode:0 Mean Stopped Cross Check= 10.056 +/- 4.399
2023-03-15 Wednesday 01:02:44: Episode:1 Mean Stopped Cross Check= 37.197 +/- 31.107
2023-03-15 Wednesday 01:02:44: Episode:2 Mean Stopped Cross Check= 8.178 +/- 2.582
2023-03-15 Wednesday 01:02:44: Episode:3 Mean Stopped Cross Check= 8.541 +/- 2.910
2023-03-15 Wednesday 01:02:44: Episode:4 Mean Stopped Cross Check= 8.254 +/- 3.024
2023-03-15 Wednesday 01:02:44: 1-Total Mean Stopped Cross Check= 14.445 +/- 11.396
2023-03-15 Wednesday 01:02:44: 2-Total Mean Stopped Cross Check= 14.445 +/- 8.805
2023-03-15 Wednesday 01:02:44: ****
2023-03-15 Wednesday 01:02:44: Episode:0 Mean Waiting Time= 248.610 +/- 239.177
2023-03-15 Wednesday 01:02:44: Episode:1 Mean Waiting Time= 1361.526 +/- 1715.704
2023-03-15 Wednesday 01:02:44: Episode:2 Mean Waiting Time= 185.709 +/- 148.128
2023-03-15 Wednesday 01:02:44: Episode:3 Mean Waiting Time= 197.396 +/- 161.433
2023-03-15 Wednesday 01:02:44: Episode:4 Mean Waiting Time= 190.035 +/- 163.920
2023-03-15 Wednesday 01:02:44: 1-Total Mean Waiting Time= 436.655 +/- 462.988
2023-03-15 Wednesday 01:02:44: 2-Total Mean Waiting Time= 436.655 +/- 485.672
2023-03-15 Wednesday 01:02:44: Episode:0 Mean Avg Speed= 0.320 +/- 0.070
2023-03-15 Wednesday 01:02:44: Episode:1 Mean Avg Speed= 0.214 +/- 0.137
2023-03-15 Wednesday 01:02:44: Episode:2 Mean Avg Speed= 0.345 +/- 0.059
2023-03-15 Wednesday 01:02:44: Episode:3 Mean Avg Speed= 0.340 +/- 0.061
2023-03-15 Wednesday 01:02:44: Episode:4 Mean Avg Speed= 0.346 +/- 0.063
2023-03-15 Wednesday 01:02:44: 1-Total Mean Avg Speed= 0.313 +/- 0.050
2023-03-15 Wednesday 01:02:44: 2-Total Mean Avg Speed= 0.313 +/- 0.078
2023-03-15 Wednesday 01:02:44: Episode:0 Mean Avg Speed 2= 5.933 +/- 1.270
2023-03-15 Wednesday 01:02:44: Episode:1 Mean Avg Speed 2= 3.977 +/- 2.548
2023-03-15 Wednesday 01:02:44: Episode:2 Mean Avg Speed 2= 6.416 +/- 1.076
2023-03-15 Wednesday 01:02:44: Episode:3 Mean Avg Speed 2= 6.311 +/- 1.102
2023-03-15 Wednesday 01:02:44: Episode:4 Mean Avg Speed 2= 6.427 +/- 1.149
2023-03-15 Wednesday 01:02:44: 1-Total Mean Avg Speed 2= 5.813 +/- 0.935
2023-03-15 Wednesday 01:02:44: 2-Total Mean Avg Speed 2= 5.813 +/- 1.429
2023-03-15 Wednesday 01:02:44: Episode:0 Mean Avg Speed Cross Check= 7.275 +/- 1.015
2023-03-15 Wednesday 01:02:44: Episode:1 Mean Avg Speed Cross Check= 5.159 +/- 2.587
2023-03-15 Wednesday 01:02:44: Episode:2 Mean Avg Speed Cross Check= 7.672 +/- 0.794
2023-03-15 Wednesday 01:02:44: Episode:3 Mean Avg Speed Cross Check= 7.588 +/- 0.840
2023-03-15 Wednesday 01:02:44: Episode:4 Mean Avg Speed Cross Check= 7.678 +/- 0.862
2023-03-15 Wednesday 01:02:44: 1-Total Mean Avg Speed Cross Check= 7.074 +/- 0.969
2023-03-15 Wednesday 01:02:44: 2-Total Mean Avg Speed Cross Check= 7.074 +/- 1.220
2023-03-15 Wednesday 01:02:44: ****************************************
