2023-03-05 Sunday 16:43:43: Run: 2 for Training experiment: DoE-48 - first seed: 270 - alpha: 0.5 - gamma: 0.9 - epsilon: 0.4 - reward: average-speed-2
2023-03-05 Sunday 17:01:26: Run: 1 - First Epsilon: 0.4 - Last Epsilon: 0.4
2023-03-05 Sunday 17:17:53: Run: 2 - First Epsilon: 0.4 - Last Epsilon: 0.4
2023-03-05 Sunday 17:31:22: Run: 3 - First Epsilon: 0.4 - Last Epsilon: 0.4
2023-03-05 Sunday 17:43:36: Run: 4 - First Epsilon: 0.4 - Last Epsilon: 0.4
2023-03-05 Sunday 17:56:22: Run: 5 - First Epsilon: 0.4 - Last Epsilon: 0.4
2023-03-05 Sunday 17:56:22: Q-Table Total Distinct States: 1311
2023-03-05 Sunday 17:56:22: Mean_reward=14821.53 +/- 2305.44
2023-03-05 Sunday 17:56:22: Mean_Stopped=730866.40 +/- 143500.29
2023-03-05 Sunday 17:56:22: Mean_Stopped=731093.60 +/- 143518.45
2023-03-05 Sunday 17:56:22: Mean_waiting_time=34041674.60 +/- 10292525.17
2023-03-05 Sunday 17:56:22: Mean_avg_speed=797.79 +/- 124.59
2023-03-05 Sunday 17:56:22: Mean_avg_speed_2=14821.53 +/- 2305.44
2023-03-05 Sunday 17:56:22: Mean_avg_speed_cross_check=25153.34 +/- 3483.85
2023-03-05 Sunday 17:56:22: ****************************************
2023-03-05 Sunday 17:56:22: Calculation 1 - Overall 
2023-03-05 Sunday 17:56:22: ****************************************
2023-03-05 Sunday 17:56:22: Inner X Outer Loops Mean Reward= 1.482 +/- 0.619
2023-03-05 Sunday 17:56:22: Inner X Outer Loops Mean Stopped= 73.079 +/- 19.965
2023-03-05 Sunday 17:56:22: Inner X Outer Loops Mean Stopped Cross Check= 73.102 +/- 19.963
2023-03-05 Sunday 17:56:22: Inner X Outer Loops Mean Waiting Time= 3403.827 +/- 3264.317
2023-03-05 Sunday 17:56:22: Inner X Outer Loops Mean Avg Speed= 0.080 +/- 0.033
2023-03-05 Sunday 17:56:22: Inner X Outer Loops Mean Avg Speed 2= 1.482 +/- 0.619
2023-03-05 Sunday 17:56:22: Inner X Outer Loops Mean Avg Speed Cross Check= 2.515 +/- 0.739
2023-03-05 Sunday 17:56:22: ****************************************
2023-03-05 Sunday 17:56:22: Calculation 2 - Per Episode
2023-03-05 Sunday 17:56:22: ****************************************
2023-03-05 Sunday 17:56:22: Episode:0 Mean Reward= 1.152 +/- 0.560
2023-03-05 Sunday 17:56:22: Episode:1 Mean Reward= 1.278 +/- 0.555
2023-03-05 Sunday 17:56:22: Episode:2 Mean Reward= 1.555 +/- 0.566
2023-03-05 Sunday 17:56:22: Episode:3 Mean Reward= 1.759 +/- 0.613
2023-03-05 Sunday 17:56:22: Episode:4 Mean Reward= 1.666 +/- 0.578
2023-03-05 Sunday 17:56:22: 1-Total Mean Reward= 1.482 +/- 0.231
2023-03-05 Sunday 17:56:22: 2-Total Mean Reward= 1.482 +/- 0.574
2023-03-05 Sunday 17:56:22: ****
2023-03-05 Sunday 17:56:22: Episode:0 Mean Stopped= 96.449 +/- 16.509
2023-03-05 Sunday 17:56:22: Episode:1 Mean Stopped= 82.326 +/- 14.257
2023-03-05 Sunday 17:56:22: Episode:2 Mean Stopped= 67.049 +/- 13.385
2023-03-05 Sunday 17:56:22: Episode:3 Mean Stopped= 57.788 +/- 11.793
2023-03-05 Sunday 17:56:22: Episode:4 Mean Stopped= 61.784 +/- 13.023
2023-03-05 Sunday 17:56:22: 1-Total Mean Stopped= 73.079 +/- 14.349
2023-03-05 Sunday 17:56:22: 2-Total Mean Stopped= 73.079 +/- 13.793
2023-03-05 Sunday 17:56:22: ****
2023-03-05 Sunday 17:56:22: Episode:0 Mean Stopped Cross Check= 96.478 +/- 16.501
2023-03-05 Sunday 17:56:22: Episode:1 Mean Stopped Cross Check= 82.344 +/- 14.254
2023-03-05 Sunday 17:56:22: Episode:2 Mean Stopped Cross Check= 67.071 +/- 13.379
2023-03-05 Sunday 17:56:22: Episode:3 Mean Stopped Cross Check= 57.806 +/- 11.787
2023-03-05 Sunday 17:56:22: Episode:4 Mean Stopped Cross Check= 61.811 +/- 13.019
2023-03-05 Sunday 17:56:22: 1-Total Mean Stopped Cross Check= 73.102 +/- 14.350
2023-03-05 Sunday 17:56:22: 2-Total Mean Stopped Cross Check= 73.102 +/- 13.788
2023-03-05 Sunday 17:56:22: ****
2023-03-05 Sunday 17:56:22: Episode:0 Mean Waiting Time= 5032.524 +/- 4497.666
2023-03-05 Sunday 17:56:22: Episode:1 Mean Waiting Time= 4145.735 +/- 3305.970
2023-03-05 Sunday 17:56:22: Episode:2 Mean Waiting Time= 2928.730 +/- 2386.435
2023-03-05 Sunday 17:56:22: Episode:3 Mean Waiting Time= 2268.359 +/- 2250.671
2023-03-05 Sunday 17:56:22: Episode:4 Mean Waiting Time= 2643.788 +/- 2462.531
2023-03-05 Sunday 17:56:22: 1-Total Mean Waiting Time= 3403.827 +/- 1029.150
2023-03-05 Sunday 17:56:22: 2-Total Mean Waiting Time= 3403.827 +/- 2980.655
2023-03-05 Sunday 17:56:22: Episode:0 Mean Avg Speed= 0.062 +/- 0.030
2023-03-05 Sunday 17:56:22: Episode:1 Mean Avg Speed= 0.069 +/- 0.029
2023-03-05 Sunday 17:56:22: Episode:2 Mean Avg Speed= 0.084 +/- 0.030
2023-03-05 Sunday 17:56:22: Episode:3 Mean Avg Speed= 0.095 +/- 0.033
2023-03-05 Sunday 17:56:22: Episode:4 Mean Avg Speed= 0.090 +/- 0.032
2023-03-05 Sunday 17:56:22: 1-Total Mean Avg Speed= 0.080 +/- 0.012
2023-03-05 Sunday 17:56:22: 2-Total Mean Avg Speed= 0.080 +/- 0.031
2023-03-05 Sunday 17:56:22: Episode:0 Mean Avg Speed 2= 1.152 +/- 0.560
2023-03-05 Sunday 17:56:22: Episode:1 Mean Avg Speed 2= 1.278 +/- 0.555
2023-03-05 Sunday 17:56:22: Episode:2 Mean Avg Speed 2= 1.555 +/- 0.566
2023-03-05 Sunday 17:56:22: Episode:3 Mean Avg Speed 2= 1.759 +/- 0.613
2023-03-05 Sunday 17:56:23: Episode:4 Mean Avg Speed 2= 1.666 +/- 0.578
2023-03-05 Sunday 17:56:23: 1-Total Mean Avg Speed 2= 1.482 +/- 0.231
2023-03-05 Sunday 17:56:23: 2-Total Mean Avg Speed 2= 1.482 +/- 0.574
2023-03-05 Sunday 17:56:23: Episode:0 Mean Avg Speed Cross Check= 2.011 +/- 0.661
2023-03-05 Sunday 17:56:23: Episode:1 Mean Avg Speed Cross Check= 2.211 +/- 0.631
2023-03-05 Sunday 17:56:23: Episode:2 Mean Avg Speed Cross Check= 2.633 +/- 0.631
2023-03-05 Sunday 17:56:23: Episode:3 Mean Avg Speed Cross Check= 2.924 +/- 0.685
2023-03-05 Sunday 17:56:23: Episode:4 Mean Avg Speed Cross Check= 2.796 +/- 0.649
2023-03-05 Sunday 17:56:23: 1-Total Mean Avg Speed Cross Check= 2.515 +/- 0.348
2023-03-05 Sunday 17:56:23: 2-Total Mean Avg Speed Cross Check= 2.515 +/- 0.651
2023-03-05 Sunday 17:56:23: ****************************************
