2023-02-27 Monday 19:40:21: Run: 1 for Training experiment: DoE-31 - first seed: 170 - alpha: 0.3 - gamma: 0.99 - epsilon: 0.2 - reward: diff-waiting-time
2023-02-27 Monday 19:45:37: Run: 1 - First Epsilon: 0.2 - Last Epsilon: 0.2
2023-02-27 Monday 19:50:54: Run: 2 - First Epsilon: 0.2 - Last Epsilon: 0.2
2023-02-27 Monday 19:56:24: Run: 3 - First Epsilon: 0.2 - Last Epsilon: 0.2
2023-02-27 Monday 20:01:52: Run: 4 - First Epsilon: 0.2 - Last Epsilon: 0.2
2023-02-27 Monday 20:07:20: Run: 5 - First Epsilon: 0.2 - Last Epsilon: 0.2
2023-02-27 Monday 20:07:20: Q-Table Total Distinct States: 234
2023-02-27 Monday 20:07:20: Mean_reward=-0.91 +/- 0.47
2023-02-27 Monday 20:07:20: Mean_Stopped=70310.20 +/- 1692.92
2023-02-27 Monday 20:07:20: Mean_Stopped=70442.00 +/- 1692.18
2023-02-27 Monday 20:07:20: Mean_waiting_time=1610949.40 +/- 110863.45
2023-02-27 Monday 20:07:20: Mean_avg_speed=3692.25 +/- 32.25
2023-02-27 Monday 20:07:20: Mean_avg_speed_2=68590.74 +/- 592.89
2023-02-27 Monday 20:07:20: Mean_avg_speed_cross_check=79966.27 +/- 411.80
2023-02-27 Monday 20:07:20: ****************************************
2023-02-27 Monday 20:07:20: Calculation 1 - Overall 
2023-02-27 Monday 20:07:20: ****************************************
2023-02-27 Monday 20:07:20: Inner X Outer Loops Mean Reward= -0.000 +/- 0.768
2023-02-27 Monday 20:07:20: Inner X Outer Loops Mean Stopped= 7.030 +/- 2.319
2023-02-27 Monday 20:07:20: Inner X Outer Loops Mean Stopped Cross Check= 7.043 +/- 2.319
2023-02-27 Monday 20:07:20: Inner X Outer Loops Mean Waiting Time= 161.079 +/- 172.579
2023-02-27 Monday 20:07:20: Inner X Outer Loops Mean Avg Speed= 0.369 +/- 0.060
2023-02-27 Monday 20:07:20: Inner X Outer Loops Mean Avg Speed 2= 6.858 +/- 1.093
2023-02-27 Monday 20:07:20: Inner X Outer Loops Mean Avg Speed Cross Check= 7.996 +/- 0.770
2023-02-27 Monday 20:07:20: ****************************************
2023-02-27 Monday 20:07:20: Calculation 2 - Per Episode
2023-02-27 Monday 20:07:20: ****************************************
2023-02-27 Monday 20:07:20: Episode:0 Mean Reward= -0.000 +/- 0.808
2023-02-27 Monday 20:07:20: Episode:1 Mean Reward= -0.000 +/- 0.727
2023-02-27 Monday 20:07:20: Episode:2 Mean Reward= -0.000 +/- 0.799
2023-02-27 Monday 20:07:20: Episode:3 Mean Reward= -0.000 +/- 0.751
2023-02-27 Monday 20:07:20: Episode:4 Mean Reward= -0.000 +/- 0.754
2023-02-27 Monday 20:07:20: 1-Total Mean Reward= -0.000 +/- 0.000
2023-02-27 Monday 20:07:20: 2-Total Mean Reward= -0.000 +/- 0.768
2023-02-27 Monday 20:07:20: ****
2023-02-27 Monday 20:07:20: Episode:0 Mean Stopped= 7.293 +/- 2.953
2023-02-27 Monday 20:07:20: Episode:1 Mean Stopped= 6.792 +/- 2.245
2023-02-27 Monday 20:07:20: Episode:2 Mean Stopped= 7.120 +/- 2.009
2023-02-27 Monday 20:07:20: Episode:3 Mean Stopped= 7.011 +/- 2.090
2023-02-27 Monday 20:07:20: Episode:4 Mean Stopped= 6.936 +/- 2.140
2023-02-27 Monday 20:07:20: 1-Total Mean Stopped= 7.030 +/- 0.169
2023-02-27 Monday 20:07:20: 2-Total Mean Stopped= 7.030 +/- 2.287
2023-02-27 Monday 20:07:20: ****
2023-02-27 Monday 20:07:20: Episode:0 Mean Stopped Cross Check= 7.305 +/- 2.954
2023-02-27 Monday 20:07:20: Episode:1 Mean Stopped Cross Check= 6.803 +/- 2.246
2023-02-27 Monday 20:07:20: Episode:2 Mean Stopped Cross Check= 7.133 +/- 2.010
2023-02-27 Monday 20:07:20: Episode:3 Mean Stopped Cross Check= 7.027 +/- 2.089
2023-02-27 Monday 20:07:20: Episode:4 Mean Stopped Cross Check= 6.949 +/- 2.138
2023-02-27 Monday 20:07:20: 1-Total Mean Stopped Cross Check= 7.043 +/- 0.169
2023-02-27 Monday 20:07:20: 2-Total Mean Stopped Cross Check= 7.043 +/- 2.287
2023-02-27 Monday 20:07:20: ****
2023-02-27 Monday 20:07:20: Episode:0 Mean Waiting Time= 174.521 +/- 227.006
2023-02-27 Monday 20:07:20: Episode:1 Mean Waiting Time= 145.591 +/- 139.344
2023-02-27 Monday 20:07:20: Episode:2 Mean Waiting Time= 173.086 +/- 173.700
2023-02-27 Monday 20:07:20: Episode:3 Mean Waiting Time= 156.234 +/- 144.858
2023-02-27 Monday 20:07:20: Episode:4 Mean Waiting Time= 155.963 +/- 161.860
2023-02-27 Monday 20:07:20: 1-Total Mean Waiting Time= 161.079 +/- 11.085
2023-02-27 Monday 20:07:20: 2-Total Mean Waiting Time= 161.079 +/- 169.354
2023-02-27 Monday 20:07:20: Episode:0 Mean Avg Speed= 0.366 +/- 0.065
2023-02-27 Monday 20:07:20: Episode:1 Mean Avg Speed= 0.375 +/- 0.062
2023-02-27 Monday 20:07:20: Episode:2 Mean Avg Speed= 0.366 +/- 0.057
2023-02-27 Monday 20:07:20: Episode:3 Mean Avg Speed= 0.369 +/- 0.058
2023-02-27 Monday 20:07:20: Episode:4 Mean Avg Speed= 0.371 +/- 0.060
2023-02-27 Monday 20:07:20: 1-Total Mean Avg Speed= 0.369 +/- 0.003
2023-02-27 Monday 20:07:20: 2-Total Mean Avg Speed= 0.369 +/- 0.060
2023-02-27 Monday 20:07:20: Episode:0 Mean Avg Speed 2= 6.803 +/- 1.173
2023-02-27 Monday 20:07:20: Episode:1 Mean Avg Speed 2= 6.959 +/- 1.125
2023-02-27 Monday 20:07:20: Episode:2 Mean Avg Speed 2= 6.800 +/- 1.030
2023-02-27 Monday 20:07:20: Episode:3 Mean Avg Speed 2= 6.844 +/- 1.047
2023-02-27 Monday 20:07:20: Episode:4 Mean Avg Speed 2= 6.887 +/- 1.077
2023-02-27 Monday 20:07:20: 1-Total Mean Avg Speed 2= 6.858 +/- 0.059
2023-02-27 Monday 20:07:20: 2-Total Mean Avg Speed 2= 6.858 +/- 1.090
2023-02-27 Monday 20:07:20: Episode:0 Mean Avg Speed Cross Check= 7.946 +/- 0.847
2023-02-27 Monday 20:07:20: Episode:1 Mean Avg Speed Cross Check= 8.063 +/- 0.787
2023-02-27 Monday 20:07:20: Episode:2 Mean Avg Speed Cross Check= 7.965 +/- 0.719
2023-02-27 Monday 20:07:20: Episode:3 Mean Avg Speed Cross Check= 7.987 +/- 0.734
2023-02-27 Monday 20:07:20: Episode:4 Mean Avg Speed Cross Check= 8.019 +/- 0.753
2023-02-27 Monday 20:07:20: 1-Total Mean Avg Speed Cross Check= 7.996 +/- 0.041
2023-02-27 Monday 20:07:20: 2-Total Mean Avg Speed Cross Check= 7.996 +/- 0.768
2023-02-27 Monday 20:07:20: ****************************************
