2023-03-16 Thursday 06:20:20: Run: 5 for Training experiment: DoE-35 - first seed: 570 - alpha: 0.3 - gamma: 0.99 - epsilon: 0.4 - reward: diff-waiting-time
2023-03-16 Thursday 06:26:18: Run: 1 - First Epsilon: 0.4 - Last Epsilon: 0.4
2023-03-16 Thursday 06:31:43: Run: 2 - First Epsilon: 0.4 - Last Epsilon: 0.4
2023-03-16 Thursday 06:37:09: Run: 3 - First Epsilon: 0.4 - Last Epsilon: 0.4
2023-03-16 Thursday 06:42:55: Run: 4 - First Epsilon: 0.4 - Last Epsilon: 0.4
2023-03-16 Thursday 06:48:36: Run: 5 - First Epsilon: 0.4 - Last Epsilon: 0.4
2023-03-16 Thursday 06:48:36: Q-Table Total Distinct States: 382
2023-03-16 Thursday 06:48:36: Mean_reward=-1.57 +/- 0.41
2023-03-16 Thursday 06:48:36: Mean_Stopped=85345.00 +/- 5617.91
2023-03-16 Thursday 06:48:36: Mean_Stopped=85492.00 +/- 5620.30
2023-03-16 Thursday 06:48:36: Mean_waiting_time=2097472.80 +/- 236171.70
2023-03-16 Thursday 06:48:36: Mean_avg_speed=3410.34 +/- 84.23
2023-03-16 Thursday 06:48:36: Mean_avg_speed_2=63350.66 +/- 1600.45
2023-03-16 Thursday 06:48:36: Mean_avg_speed_cross_check=76082.27 +/- 1278.30
2023-03-16 Thursday 06:48:36: ****************************************
2023-03-16 Thursday 06:48:36: Calculation 1 - Overall 
2023-03-16 Thursday 06:48:36: ****************************************
2023-03-16 Thursday 06:48:36: Inner X Outer Loops Mean Reward= -0.000 +/- 0.877
2023-03-16 Thursday 06:48:36: Inner X Outer Loops Mean Stopped= 8.534 +/- 3.163
2023-03-16 Thursday 06:48:36: Inner X Outer Loops Mean Stopped Cross Check= 8.548 +/- 3.163
2023-03-16 Thursday 06:48:36: Inner X Outer Loops Mean Waiting Time= 209.726 +/- 190.014
2023-03-16 Thursday 06:48:36: Inner X Outer Loops Mean Avg Speed= 0.341 +/- 0.062
2023-03-16 Thursday 06:48:36: Inner X Outer Loops Mean Avg Speed 2= 6.334 +/- 1.132
2023-03-16 Thursday 06:48:36: Inner X Outer Loops Mean Avg Speed Cross Check= 7.607 +/- 0.856
2023-03-16 Thursday 06:48:36: ****************************************
2023-03-16 Thursday 06:48:36: Calculation 2 - Per Episode
2023-03-16 Thursday 06:48:36: ****************************************
2023-03-16 Thursday 06:48:36: Episode:0 Mean Reward= -0.000 +/- 0.972
2023-03-16 Thursday 06:48:36: Episode:1 Mean Reward= -0.000 +/- 0.883
2023-03-16 Thursday 06:48:36: Episode:2 Mean Reward= -0.000 +/- 0.847
2023-03-16 Thursday 06:48:36: Episode:3 Mean Reward= -0.000 +/- 0.847
2023-03-16 Thursday 06:48:36: Episode:4 Mean Reward= -0.000 +/- 0.830
2023-03-16 Thursday 06:48:36: 1-Total Mean Reward= -0.000 +/- 0.000
2023-03-16 Thursday 06:48:36: 2-Total Mean Reward= -0.000 +/- 0.876
2023-03-16 Thursday 06:48:36: ****
2023-03-16 Thursday 06:48:36: Episode:0 Mean Stopped= 9.636 +/- 3.955
2023-03-16 Thursday 06:48:36: Episode:1 Mean Stopped= 8.268 +/- 2.932
2023-03-16 Thursday 06:48:36: Episode:2 Mean Stopped= 8.350 +/- 2.612
2023-03-16 Thursday 06:48:36: Episode:3 Mean Stopped= 8.359 +/- 3.119
2023-03-16 Thursday 06:48:36: Episode:4 Mean Stopped= 8.056 +/- 2.767
2023-03-16 Thursday 06:48:36: 1-Total Mean Stopped= 8.534 +/- 0.562
2023-03-16 Thursday 06:48:36: 2-Total Mean Stopped= 8.534 +/- 3.077
2023-03-16 Thursday 06:48:36: ****
2023-03-16 Thursday 06:48:36: Episode:0 Mean Stopped Cross Check= 9.651 +/- 3.954
2023-03-16 Thursday 06:48:36: Episode:1 Mean Stopped Cross Check= 8.281 +/- 2.932
2023-03-16 Thursday 06:48:36: Episode:2 Mean Stopped Cross Check= 8.365 +/- 2.612
2023-03-16 Thursday 06:48:36: Episode:3 Mean Stopped Cross Check= 8.375 +/- 3.118
2023-03-16 Thursday 06:48:36: Episode:4 Mean Stopped Cross Check= 8.070 +/- 2.766
2023-03-16 Thursday 06:48:36: 1-Total Mean Stopped Cross Check= 8.548 +/- 0.562
2023-03-16 Thursday 06:48:36: 2-Total Mean Stopped Cross Check= 8.548 +/- 3.077
2023-03-16 Thursday 06:48:36: ****
2023-03-16 Thursday 06:48:36: Episode:0 Mean Waiting Time= 255.184 +/- 254.037
2023-03-16 Thursday 06:48:36: Episode:1 Mean Waiting Time= 209.215 +/- 186.263
2023-03-16 Thursday 06:48:36: Episode:2 Mean Waiting Time= 197.311 +/- 152.895
2023-03-16 Thursday 06:48:36: Episode:3 Mean Waiting Time= 197.840 +/- 170.052
2023-03-16 Thursday 06:48:36: Episode:4 Mean Waiting Time= 189.081 +/- 161.910
2023-03-16 Thursday 06:48:36: 1-Total Mean Waiting Time= 209.726 +/- 23.615
2023-03-16 Thursday 06:48:36: 2-Total Mean Waiting Time= 209.726 +/- 185.032
2023-03-16 Thursday 06:48:36: Episode:0 Mean Avg Speed= 0.325 +/- 0.065
2023-03-16 Thursday 06:48:36: Episode:1 Mean Avg Speed= 0.346 +/- 0.062
2023-03-16 Thursday 06:48:36: Episode:2 Mean Avg Speed= 0.342 +/- 0.058
2023-03-16 Thursday 06:48:36: Episode:3 Mean Avg Speed= 0.344 +/- 0.063
2023-03-16 Thursday 06:48:36: Episode:4 Mean Avg Speed= 0.348 +/- 0.060
2023-03-16 Thursday 06:48:36: 1-Total Mean Avg Speed= 0.341 +/- 0.008
2023-03-16 Thursday 06:48:36: 2-Total Mean Avg Speed= 0.341 +/- 0.062
2023-03-16 Thursday 06:48:36: Episode:0 Mean Avg Speed 2= 6.024 +/- 1.177
2023-03-16 Thursday 06:48:36: Episode:1 Mean Avg Speed 2= 6.427 +/- 1.137
2023-03-16 Thursday 06:48:36: Episode:2 Mean Avg Speed 2= 6.355 +/- 1.054
2023-03-16 Thursday 06:48:36: Episode:3 Mean Avg Speed 2= 6.391 +/- 1.142
2023-03-16 Thursday 06:48:36: Episode:4 Mean Avg Speed 2= 6.474 +/- 1.088
2023-03-16 Thursday 06:48:36: 1-Total Mean Avg Speed 2= 6.334 +/- 0.160
2023-03-16 Thursday 06:48:36: 2-Total Mean Avg Speed 2= 6.334 +/- 1.120
2023-03-16 Thursday 06:48:36: Episode:0 Mean Avg Speed Cross Check= 7.360 +/- 0.926
2023-03-16 Thursday 06:48:36: Episode:1 Mean Avg Speed Cross Check= 7.679 +/- 0.841
2023-03-16 Thursday 06:48:36: Episode:2 Mean Avg Speed Cross Check= 7.629 +/- 0.786
2023-03-16 Thursday 06:48:36: Episode:3 Mean Avg Speed Cross Check= 7.647 +/- 0.862
2023-03-16 Thursday 06:48:36: Episode:4 Mean Avg Speed Cross Check= 7.722 +/- 0.808
2023-03-16 Thursday 06:48:36: 1-Total Mean Avg Speed Cross Check= 7.607 +/- 0.128
2023-03-16 Thursday 06:48:36: 2-Total Mean Avg Speed Cross Check= 7.607 +/- 0.845
2023-03-16 Thursday 06:48:36: ****************************************
