2023-03-07 Tuesday 11:28:49: Run: 3 for Training experiment: DoE-25 - first seed: 370 - alpha: 0.3 - gamma: 0.9 - epsilon: 0.2 - reward: diff-waiting-time
2023-03-07 Tuesday 11:34:08: Run: 1 - First Epsilon: 0.2 - Last Epsilon: 0.2
2023-03-07 Tuesday 11:39:43: Run: 2 - First Epsilon: 0.2 - Last Epsilon: 0.2
2023-03-07 Tuesday 11:44:53: Run: 3 - First Epsilon: 0.2 - Last Epsilon: 0.2
2023-03-07 Tuesday 11:50:23: Run: 4 - First Epsilon: 0.2 - Last Epsilon: 0.2
2023-03-07 Tuesday 11:55:58: Run: 5 - First Epsilon: 0.2 - Last Epsilon: 0.2
2023-03-07 Tuesday 11:55:58: Q-Table Total Distinct States: 283
2023-03-07 Tuesday 11:55:58: Mean_reward=-1.74 +/- 0.55
2023-03-07 Tuesday 11:55:58: Mean_Stopped=72652.80 +/- 2583.80
2023-03-07 Tuesday 11:55:58: Mean_Stopped=72788.00 +/- 2600.64
2023-03-07 Tuesday 11:55:58: Mean_waiting_time=1529791.40 +/- 177989.60
2023-03-07 Tuesday 11:55:58: Mean_avg_speed=3644.74 +/- 49.21
2023-03-07 Tuesday 11:55:58: Mean_avg_speed_2=67725.79 +/- 936.84
2023-03-07 Tuesday 11:55:58: Mean_avg_speed_cross_check=79344.54 +/- 713.82
2023-03-07 Tuesday 11:55:58: ****************************************
2023-03-07 Tuesday 11:55:58: Calculation 1 - Overall 
2023-03-07 Tuesday 11:55:58: ****************************************
2023-03-07 Tuesday 11:55:58: Inner X Outer Loops Mean Reward= -0.000 +/- 0.745
2023-03-07 Tuesday 11:55:58: Inner X Outer Loops Mean Stopped= 7.265 +/- 2.579
2023-03-07 Tuesday 11:55:58: Inner X Outer Loops Mean Stopped Cross Check= 7.278 +/- 2.580
2023-03-07 Tuesday 11:55:58: Inner X Outer Loops Mean Waiting Time= 152.964 +/- 195.587
2023-03-07 Tuesday 11:55:58: Inner X Outer Loops Mean Avg Speed= 0.364 +/- 0.062
2023-03-07 Tuesday 11:55:58: Inner X Outer Loops Mean Avg Speed 2= 6.772 +/- 1.127
2023-03-07 Tuesday 11:55:58: Inner X Outer Loops Mean Avg Speed Cross Check= 7.934 +/- 0.803
2023-03-07 Tuesday 11:55:58: ****************************************
2023-03-07 Tuesday 11:55:58: Calculation 2 - Per Episode
2023-03-07 Tuesday 11:55:58: ****************************************
2023-03-07 Tuesday 11:55:58: Episode:0 Mean Reward= -0.000 +/- 0.787
2023-03-07 Tuesday 11:55:58: Episode:1 Mean Reward= -0.000 +/- 0.823
2023-03-07 Tuesday 11:55:58: Episode:2 Mean Reward= -0.000 +/- 0.677
2023-03-07 Tuesday 11:55:58: Episode:3 Mean Reward= -0.000 +/- 0.709
2023-03-07 Tuesday 11:55:58: Episode:4 Mean Reward= -0.000 +/- 0.717
2023-03-07 Tuesday 11:55:58: 1-Total Mean Reward= -0.000 +/- 0.000
2023-03-07 Tuesday 11:55:58: 2-Total Mean Reward= -0.000 +/- 0.743
2023-03-07 Tuesday 11:55:58: ****
2023-03-07 Tuesday 11:55:58: Episode:0 Mean Stopped= 7.365 +/- 2.834
2023-03-07 Tuesday 11:55:58: Episode:1 Mean Stopped= 7.532 +/- 3.000
2023-03-07 Tuesday 11:55:58: Episode:2 Mean Stopped= 6.838 +/- 2.004
2023-03-07 Tuesday 11:55:58: Episode:3 Mean Stopped= 7.109 +/- 2.494
2023-03-07 Tuesday 11:55:58: Episode:4 Mean Stopped= 7.479 +/- 2.375
2023-03-07 Tuesday 11:55:58: 1-Total Mean Stopped= 7.265 +/- 0.258
2023-03-07 Tuesday 11:55:58: 2-Total Mean Stopped= 7.265 +/- 2.542
2023-03-07 Tuesday 11:55:58: ****
2023-03-07 Tuesday 11:55:58: Episode:0 Mean Stopped Cross Check= 7.379 +/- 2.834
2023-03-07 Tuesday 11:55:58: Episode:1 Mean Stopped Cross Check= 7.545 +/- 3.002
2023-03-07 Tuesday 11:55:58: Episode:2 Mean Stopped Cross Check= 6.848 +/- 2.003
2023-03-07 Tuesday 11:55:58: Episode:3 Mean Stopped Cross Check= 7.123 +/- 2.498
2023-03-07 Tuesday 11:55:58: Episode:4 Mean Stopped Cross Check= 7.496 +/- 2.378
2023-03-07 Tuesday 11:55:58: 1-Total Mean Stopped Cross Check= 7.278 +/- 0.260
2023-03-07 Tuesday 11:55:58: 2-Total Mean Stopped Cross Check= 7.278 +/- 2.543
2023-03-07 Tuesday 11:55:58: ****
2023-03-07 Tuesday 11:55:58: Episode:0 Mean Waiting Time= 167.186 +/- 244.278
2023-03-07 Tuesday 11:55:58: Episode:1 Mean Waiting Time= 179.075 +/- 291.840
2023-03-07 Tuesday 11:55:58: Episode:2 Mean Waiting Time= 129.800 +/- 113.601
2023-03-07 Tuesday 11:55:58: Episode:3 Mean Waiting Time= 141.579 +/- 130.993
2023-03-07 Tuesday 11:55:58: Episode:4 Mean Waiting Time= 147.179 +/- 121.579
2023-03-07 Tuesday 11:55:58: 1-Total Mean Waiting Time= 152.964 +/- 17.797
2023-03-07 Tuesday 11:55:58: 2-Total Mean Waiting Time= 152.964 +/- 180.458
2023-03-07 Tuesday 11:55:58: Episode:0 Mean Avg Speed= 0.363 +/- 0.065
2023-03-07 Tuesday 11:55:58: Episode:1 Mean Avg Speed= 0.361 +/- 0.065
2023-03-07 Tuesday 11:55:58: Episode:2 Mean Avg Speed= 0.372 +/- 0.058
2023-03-07 Tuesday 11:55:58: Episode:3 Mean Avg Speed= 0.368 +/- 0.062
2023-03-07 Tuesday 11:55:58: Episode:4 Mean Avg Speed= 0.358 +/- 0.061
2023-03-07 Tuesday 11:55:58: 1-Total Mean Avg Speed= 0.364 +/- 0.005
2023-03-07 Tuesday 11:55:58: 2-Total Mean Avg Speed= 0.364 +/- 0.062
2023-03-07 Tuesday 11:55:58: Episode:0 Mean Avg Speed 2= 6.757 +/- 1.179
2023-03-07 Tuesday 11:55:58: Episode:1 Mean Avg Speed 2= 6.701 +/- 1.180
2023-03-07 Tuesday 11:55:58: Episode:2 Mean Avg Speed 2= 6.917 +/- 1.036
2023-03-07 Tuesday 11:55:58: Episode:3 Mean Avg Speed 2= 6.831 +/- 1.116
2023-03-07 Tuesday 11:55:58: Episode:4 Mean Avg Speed 2= 6.653 +/- 1.100
2023-03-07 Tuesday 11:55:58: 1-Total Mean Avg Speed 2= 6.772 +/- 0.094
2023-03-07 Tuesday 11:55:58: 2-Total Mean Avg Speed 2= 6.772 +/- 1.122
2023-03-07 Tuesday 11:55:58: Episode:0 Mean Avg Speed Cross Check= 7.924 +/- 0.843
2023-03-07 Tuesday 11:55:58: Episode:1 Mean Avg Speed Cross Check= 7.878 +/- 0.855
2023-03-07 Tuesday 11:55:58: Episode:2 Mean Avg Speed Cross Check= 8.047 +/- 0.716
2023-03-07 Tuesday 11:55:58: Episode:3 Mean Avg Speed Cross Check= 7.974 +/- 0.792
2023-03-07 Tuesday 11:55:58: Episode:4 Mean Avg Speed Cross Check= 7.845 +/- 0.784
2023-03-07 Tuesday 11:55:58: 1-Total Mean Avg Speed Cross Check= 7.934 +/- 0.071
2023-03-07 Tuesday 11:55:58: 2-Total Mean Avg Speed Cross Check= 7.934 +/- 0.798
2023-03-07 Tuesday 11:55:58: ****************************************
