2023-04-09 Sunday 14:20:05 root:INFO:Run: 1 for Baseline experiment: DE-2 - route: ../nets/roundabout/input_routes_roundabout_auto_v1-2.rou.xml - first seed: 180 - alpha: 0.5 - gamma: 0.99 - epsilon: 0.2 - reward: diff-waiting-time
2023-04-09 Sunday 14:27:16 root:INFO:Total Missing States: 0
2023-04-09 Sunday 14:27:16 root:INFO:Mean Reward=-50084.00 +/- 0.00
2023-04-09 Sunday 14:27:16 root:INFO:Mean Stopped=50084.00 +/- 0.00
2023-04-09 Sunday 14:27:16 root:INFO:Mean_Stopped=50144.00 +/- 0.00
2023-04-09 Sunday 14:27:16 root:INFO:Mean Waiting Time=707069.00 +/- 0.00
2023-04-09 Sunday 14:27:16 root:INFO:Mean_avg_speed=3743.06 +/- 0.00
2023-04-09 Sunday 14:27:16 root:INFO:Mean_avg_speed_2=69653.04 +/- 0.00
2023-04-09 Sunday 14:27:16 root:INFO:Mean_avg_speed_cross_check=80996.80 +/- 0.00
2023-04-09 Sunday 14:27:16 root:INFO:****************************************
2023-04-09 Sunday 14:27:16 root:INFO:Calculation 1 - Overall 
2023-04-09 Sunday 14:27:16 root:INFO:****************************************
2023-04-09 Sunday 14:27:16 root:INFO:Inner X Outer Loops Mean Reward=-5.008 +/- 1.231
2023-04-09 Sunday 14:27:16 root:INFO:Inner X Outer Loops Mean Stopped= 5.008 +/- 1.231
2023-04-09 Sunday 14:27:16 root:INFO:Inner X Outer Loops Mean Stopped Cross Check= 5.014 +/- 1.231
2023-04-09 Sunday 14:27:16 root:INFO:Inner X Outer Loops Mean Waiting Time= 70.700 +/- 39.819
2023-04-09 Sunday 14:27:16 root:INFO:Inner X Outer Loops Mean Avg Speed= 0.374 +/- 0.065
2023-04-09 Sunday 14:27:16 root:INFO:Inner X Outer Loops Mean Avg Speed 2= 6.965 +/- 1.192
2023-04-09 Sunday 14:27:16 root:INFO:Inner X Outer Loops Mean Avg Speed Cross Check= 8.099 +/- 0.722
2023-04-09 Sunday 14:27:16 root:INFO:****************************************
2023-04-09 Sunday 14:27:16 root:INFO:Calculation 2 - Per Episode
2023-04-09 Sunday 14:27:16 root:INFO:****************************************
2023-04-09 Sunday 14:27:16 root:INFO:Episode:0 Mean Waiting Time=-5.008 +/- 1.231
2023-04-09 Sunday 14:27:16 root:INFO:1-Total Mean Reward= -5.008 +/- 0.000
2023-04-09 Sunday 14:27:16 root:INFO:2-Total Mean Reward= -5.008 +/- 1.231
2023-04-09 Sunday 14:27:16 root:INFO:****
2023-04-09 Sunday 14:27:16 root:INFO:Episode:0 Mean Stopped= 5.008 +/- 1.231
2023-04-09 Sunday 14:27:16 root:INFO:1-Total Mean Stopped= 5.008 +/- 0.000
2023-04-09 Sunday 14:27:16 root:INFO:2-Total Mean Stopped= 5.008 +/- 1.231
2023-04-09 Sunday 14:27:16 root:INFO:****
2023-04-09 Sunday 14:27:16 root:INFO:Episode:0 Mean Stopped Cross Check= 5.014 +/- 1.231
2023-04-09 Sunday 14:27:16 root:INFO:1-Total Mean Stopped Cross Check= 5.014 +/- 0.000
2023-04-09 Sunday 14:27:16 root:INFO:2-Total Mean Stopped Cross Check= 5.014 +/- 1.231
2023-04-09 Sunday 14:27:16 root:INFO:****
2023-04-09 Sunday 14:27:16 root:INFO:Episode:0 Mean Waiting Time= 70.700 +/- 39.819
2023-04-09 Sunday 14:27:16 root:INFO:1-Total Mean Waiting Time= 70.700 +/- 0.000
2023-04-09 Sunday 14:27:16 root:INFO:2-Total Mean Waiting Time= 70.700 +/- 39.819
2023-04-09 Sunday 14:27:16 root:INFO:Episode:0 Mean Avg Speed= 0.374 +/- 0.065
2023-04-09 Sunday 14:27:16 root:INFO:1-Total Mean Avg Speed= 0.374 +/- 0.000
2023-04-09 Sunday 14:27:16 root:INFO:2-Total Mean Avg Speed= 0.374 +/- 0.065
2023-04-09 Sunday 14:27:16 root:INFO:Episode:0 Mean Avg Speed 2= 6.965 +/- 1.192
2023-04-09 Sunday 14:27:16 root:INFO:1-Total Mean Avg Speed 2= 6.965 +/- 0.000
2023-04-09 Sunday 14:27:16 root:INFO:2-Total Mean Avg Speed 2= 6.965 +/- 1.192
2023-04-09 Sunday 14:27:16 root:INFO:Episode:0 Mean Avg Speed Cross Check= 8.099 +/- 0.722
2023-04-09 Sunday 14:27:16 root:INFO:1-Total Mean Avg Speed Cross Check= 8.099 +/- 0.000
2023-04-09 Sunday 14:27:16 root:INFO:2-Total Mean Avg Speed Cross Check= 8.099 +/- 0.722
2023-04-09 Sunday 14:27:16 root:INFO:****************************************
