2023-04-09 Sunday 13:35:47: Run: 1 for Training experiment: DE-2 - route: ../nets/roundabout/input_routes_roundabout_auto_v1-2.rou.xml - first seed: 170 - alpha: 0.5 - gamma: 0.99 - epsilon: 0.2 - reward: diff-waiting-time
2023-04-09 Sunday 13:42:52: Run: 1 - First Epsilon: 0.2 - Last Epsilon: 0.2
2023-04-09 Sunday 13:50:02: Run: 2 - First Epsilon: 0.2 - Last Epsilon: 0.2
2023-04-09 Sunday 13:57:37: Run: 3 - First Epsilon: 0.2 - Last Epsilon: 0.2
2023-04-09 Sunday 14:05:12: Run: 4 - First Epsilon: 0.2 - Last Epsilon: 0.2
2023-04-09 Sunday 14:12:22: Run: 5 - First Epsilon: 0.2 - Last Epsilon: 0.2
2023-04-09 Sunday 14:12:22: Q-Table Total Distinct States: 153
2023-04-09 Sunday 14:12:22: Mean_reward=-1.16 +/- 1.21
2023-04-09 Sunday 14:12:22: Mean_Stopped=47344.20 +/- 1047.34
2023-04-09 Sunday 14:12:22: Mean_Stopped=47417.00 +/- 1036.58
2023-04-09 Sunday 14:12:22: Mean_waiting_time=1174079.00 +/- 94161.85
2023-04-09 Sunday 14:12:22: Mean_avg_speed=3912.79 +/- 26.16
2023-04-09 Sunday 14:12:22: Mean_avg_speed_2=72575.55 +/- 493.73
2023-04-09 Sunday 14:12:22: Mean_avg_speed_cross_check=82715.90 +/- 358.93
2023-04-09 Sunday 14:12:22: ****************************************
2023-04-09 Sunday 14:12:22: Calculation 1 - Overall 
2023-04-09 Sunday 14:12:22: ****************************************
2023-04-09 Sunday 14:12:22: Inner X Outer Loops Mean Reward= -0.000 +/- 0.670
2023-04-09 Sunday 14:12:22: Inner X Outer Loops Mean Stopped= 4.734 +/- 1.879
2023-04-09 Sunday 14:12:22: Inner X Outer Loops Mean Stopped Cross Check= 4.741 +/- 1.877
2023-04-09 Sunday 14:12:22: Inner X Outer Loops Mean Waiting Time= 117.396 +/- 146.298
2023-04-09 Sunday 14:12:22: Inner X Outer Loops Mean Avg Speed= 0.391 +/- 0.081
2023-04-09 Sunday 14:12:22: Inner X Outer Loops Mean Avg Speed 2= 7.257 +/- 1.487
2023-04-09 Sunday 14:12:22: Inner X Outer Loops Mean Avg Speed Cross Check= 8.271 +/- 0.978
2023-04-09 Sunday 14:12:22: ****************************************
2023-04-09 Sunday 14:12:22: Calculation 2 - Per Episode
2023-04-09 Sunday 14:12:22: ****************************************
2023-04-09 Sunday 14:12:22: Episode:0 Mean Reward= -0.000 +/- 0.628
2023-04-09 Sunday 14:12:22: Episode:1 Mean Reward= -0.000 +/- 0.719
2023-04-09 Sunday 14:12:22: Episode:2 Mean Reward= -0.000 +/- 0.663
2023-04-09 Sunday 14:12:22: Episode:3 Mean Reward= -0.000 +/- 0.659
2023-04-09 Sunday 14:12:22: Episode:4 Mean Reward= -0.000 +/- 0.676
2023-04-09 Sunday 14:12:22: 1-Total Mean Reward= -0.000 +/- 0.000
2023-04-09 Sunday 14:12:22: 2-Total Mean Reward= -0.000 +/- 0.669
2023-04-09 Sunday 14:12:22: ****
2023-04-09 Sunday 14:12:22: Episode:0 Mean Stopped= 4.553 +/- 1.806
2023-04-09 Sunday 14:12:22: Episode:1 Mean Stopped= 4.788 +/- 1.884
2023-04-09 Sunday 14:12:22: Episode:2 Mean Stopped= 4.733 +/- 1.843
2023-04-09 Sunday 14:12:22: Episode:3 Mean Stopped= 4.723 +/- 1.882
2023-04-09 Sunday 14:12:22: Episode:4 Mean Stopped= 4.872 +/- 1.960
2023-04-09 Sunday 14:12:22: 1-Total Mean Stopped= 4.734 +/- 0.105
2023-04-09 Sunday 14:12:22: 2-Total Mean Stopped= 4.734 +/- 1.875
2023-04-09 Sunday 14:12:22: ****
2023-04-09 Sunday 14:12:22: Episode:0 Mean Stopped Cross Check= 4.563 +/- 1.804
2023-04-09 Sunday 14:12:22: Episode:1 Mean Stopped Cross Check= 4.796 +/- 1.882
2023-04-09 Sunday 14:12:22: Episode:2 Mean Stopped Cross Check= 4.741 +/- 1.841
2023-04-09 Sunday 14:12:22: Episode:3 Mean Stopped Cross Check= 4.728 +/- 1.880
2023-04-09 Sunday 14:12:22: Episode:4 Mean Stopped Cross Check= 4.878 +/- 1.959
2023-04-09 Sunday 14:12:22: 1-Total Mean Stopped Cross Check= 4.741 +/- 0.104
2023-04-09 Sunday 14:12:22: 2-Total Mean Stopped Cross Check= 4.741 +/- 1.873
2023-04-09 Sunday 14:12:22: ****
2023-04-09 Sunday 14:12:22: Episode:0 Mean Waiting Time= 104.301 +/- 130.640
2023-04-09 Sunday 14:12:22: Episode:1 Mean Waiting Time= 133.122 +/- 180.059
2023-04-09 Sunday 14:12:22: Episode:2 Mean Waiting Time= 115.007 +/- 141.288
2023-04-09 Sunday 14:12:22: Episode:3 Mean Waiting Time= 114.216 +/- 136.643
2023-04-09 Sunday 14:12:22: Episode:4 Mean Waiting Time= 120.334 +/- 135.833
2023-04-09 Sunday 14:12:22: 1-Total Mean Waiting Time= 117.396 +/- 9.415
2023-04-09 Sunday 14:12:22: 2-Total Mean Waiting Time= 117.396 +/- 144.893
2023-04-09 Sunday 14:12:22: Episode:0 Mean Avg Speed= 0.396 +/- 0.083
2023-04-09 Sunday 14:12:22: Episode:1 Mean Avg Speed= 0.390 +/- 0.079
2023-04-09 Sunday 14:12:22: Episode:2 Mean Avg Speed= 0.391 +/- 0.081
2023-04-09 Sunday 14:12:22: Episode:3 Mean Avg Speed= 0.392 +/- 0.082
2023-04-09 Sunday 14:12:22: Episode:4 Mean Avg Speed= 0.388 +/- 0.081
2023-04-09 Sunday 14:12:22: 1-Total Mean Avg Speed= 0.391 +/- 0.003
2023-04-09 Sunday 14:12:22: 2-Total Mean Avg Speed= 0.391 +/- 0.081
2023-04-09 Sunday 14:12:22: Episode:0 Mean Avg Speed 2= 7.341 +/- 1.511
2023-04-09 Sunday 14:12:22: Episode:1 Mean Avg Speed 2= 7.239 +/- 1.454
2023-04-09 Sunday 14:12:22: Episode:2 Mean Avg Speed 2= 7.250 +/- 1.477
2023-04-09 Sunday 14:12:22: Episode:3 Mean Avg Speed 2= 7.265 +/- 1.504
2023-04-09 Sunday 14:12:22: Episode:4 Mean Avg Speed 2= 7.189 +/- 1.485
2023-04-09 Sunday 14:12:22: 1-Total Mean Avg Speed 2= 7.257 +/- 0.049
2023-04-09 Sunday 14:12:22: 2-Total Mean Avg Speed 2= 7.257 +/- 1.486
2023-04-09 Sunday 14:12:22: Episode:0 Mean Avg Speed Cross Check= 8.335 +/- 0.974
2023-04-09 Sunday 14:12:22: Episode:1 Mean Avg Speed Cross Check= 8.260 +/- 0.966
2023-04-09 Sunday 14:12:22: Episode:2 Mean Avg Speed Cross Check= 8.267 +/- 0.969
2023-04-09 Sunday 14:12:22: Episode:3 Mean Avg Speed Cross Check= 8.269 +/- 0.988
2023-04-09 Sunday 14:12:22: Episode:4 Mean Avg Speed Cross Check= 8.224 +/- 0.992
2023-04-09 Sunday 14:12:22: 1-Total Mean Avg Speed Cross Check= 8.271 +/- 0.036
2023-04-09 Sunday 14:12:22: 2-Total Mean Avg Speed Cross Check= 8.271 +/- 0.978
2023-04-09 Sunday 14:12:22: ****************************************
