2023-03-02 Thursday 17:27:57: Run: 1 for Training experiment: DoE-53 - first seed: 170 - alpha: 0.5 - gamma: 0.99 - epsilon: 0.4 - reward: diff-waiting-time
2023-03-02 Thursday 17:35:51: Run: 1 - First Epsilon: 0.4 - Last Epsilon: 0.4
2023-03-02 Thursday 17:41:25: Run: 2 - First Epsilon: 0.4 - Last Epsilon: 0.4
2023-03-02 Thursday 17:47:14: Run: 3 - First Epsilon: 0.4 - Last Epsilon: 0.4
2023-03-02 Thursday 17:53:06: Run: 4 - First Epsilon: 0.4 - Last Epsilon: 0.4
2023-03-02 Thursday 17:58:51: Run: 5 - First Epsilon: 0.4 - Last Epsilon: 0.4
2023-03-02 Thursday 17:58:51: Q-Table Total Distinct States: 1230
2023-03-02 Thursday 17:58:52: Mean_reward=-1.55 +/- 1.02
2023-03-02 Thursday 17:58:52: Mean_Stopped=124148.40 +/- 60566.87
2023-03-02 Thursday 17:58:52: Mean_Stopped=124342.80 +/- 60561.61
2023-03-02 Thursday 17:58:52: Mean_waiting_time=3739730.40 +/- 2350382.66
2023-03-02 Thursday 17:58:52: Mean_avg_speed=3091.86 +/- 341.45
2023-03-02 Thursday 17:58:52: Mean_avg_speed_2=57436.46 +/- 6340.52
2023-03-02 Thursday 17:58:52: Mean_avg_speed_cross_check=70835.11 +/- 6308.65
2023-03-02 Thursday 17:58:52: ****************************************
2023-03-02 Thursday 17:58:52: Calculation 1 - Overall 
2023-03-02 Thursday 17:58:52: ****************************************
2023-03-02 Thursday 17:58:52: Inner X Outer Loops Mean Reward= -0.000 +/- 1.141
2023-03-02 Thursday 17:58:52: Inner X Outer Loops Mean Stopped= 12.414 +/- 11.960
2023-03-02 Thursday 17:58:52: Inner X Outer Loops Mean Stopped Cross Check= 12.433 +/- 11.959
2023-03-02 Thursday 17:58:52: Inner X Outer Loops Mean Waiting Time= 373.936 +/- 591.354
2023-03-02 Thursday 17:58:52: Inner X Outer Loops Mean Avg Speed= 0.309 +/- 0.083
2023-03-02 Thursday 17:58:52: Inner X Outer Loops Mean Avg Speed 2= 5.743 +/- 1.518
2023-03-02 Thursday 17:58:52: Inner X Outer Loops Mean Avg Speed Cross Check= 7.083 +/- 1.366
2023-03-02 Thursday 17:58:52: ****************************************
2023-03-02 Thursday 17:58:52: Calculation 2 - Per Episode
2023-03-02 Thursday 17:58:52: ****************************************
2023-03-02 Thursday 17:58:52: Episode:0 Mean Reward= -0.000 +/- 1.647
2023-03-02 Thursday 17:58:52: Episode:1 Mean Reward= -0.000 +/- 1.017
2023-03-02 Thursday 17:58:52: Episode:2 Mean Reward= -0.000 +/- 0.995
2023-03-02 Thursday 17:58:52: Episode:3 Mean Reward= -0.000 +/- 0.961
2023-03-02 Thursday 17:58:52: Episode:4 Mean Reward= 0.000 +/- 0.923
2023-03-02 Thursday 17:58:52: 1-Total Mean Reward= -0.000 +/- 0.000
2023-03-02 Thursday 17:58:52: 2-Total Mean Reward= -0.000 +/- 1.109
2023-03-02 Thursday 17:58:52: ****
2023-03-02 Thursday 17:58:52: Episode:0 Mean Stopped= 24.510 +/- 22.078
2023-03-02 Thursday 17:58:52: Episode:1 Mean Stopped= 9.846 +/- 3.413
2023-03-02 Thursday 17:58:52: Episode:2 Mean Stopped= 9.247 +/- 3.447
2023-03-02 Thursday 17:58:52: Episode:3 Mean Stopped= 9.536 +/- 3.384
2023-03-02 Thursday 17:58:52: Episode:4 Mean Stopped= 8.928 +/- 3.059
2023-03-02 Thursday 17:58:52: 1-Total Mean Stopped= 12.414 +/- 6.056
2023-03-02 Thursday 17:58:52: 2-Total Mean Stopped= 12.414 +/- 7.076
2023-03-02 Thursday 17:58:52: ****
2023-03-02 Thursday 17:58:52: Episode:0 Mean Stopped Cross Check= 24.529 +/- 22.077
2023-03-02 Thursday 17:58:52: Episode:1 Mean Stopped Cross Check= 9.868 +/- 3.416
2023-03-02 Thursday 17:58:52: Episode:2 Mean Stopped Cross Check= 9.267 +/- 3.448
2023-03-02 Thursday 17:58:52: Episode:3 Mean Stopped Cross Check= 9.557 +/- 3.384
2023-03-02 Thursday 17:58:52: Episode:4 Mean Stopped Cross Check= 8.944 +/- 3.060
2023-03-02 Thursday 17:58:52: 1-Total Mean Stopped Cross Check= 12.433 +/- 6.056
2023-03-02 Thursday 17:58:52: 2-Total Mean Stopped Cross Check= 12.433 +/- 7.077
2023-03-02 Thursday 17:58:52: ****
2023-03-02 Thursday 17:58:52: Episode:0 Mean Waiting Time= 842.868 +/- 1134.692
2023-03-02 Thursday 17:58:52: Episode:1 Mean Waiting Time= 278.855 +/- 234.669
2023-03-02 Thursday 17:58:52: Episode:2 Mean Waiting Time= 265.908 +/- 234.317
2023-03-02 Thursday 17:58:52: Episode:3 Mean Waiting Time= 251.515 +/- 195.685
2023-03-02 Thursday 17:58:52: Episode:4 Mean Waiting Time= 230.532 +/- 191.175
2023-03-02 Thursday 17:58:52: 1-Total Mean Waiting Time= 373.936 +/- 235.015
2023-03-02 Thursday 17:58:52: 2-Total Mean Waiting Time= 373.936 +/- 398.107
2023-03-02 Thursday 17:58:52: Episode:0 Mean Avg Speed= 0.242 +/- 0.113
2023-03-02 Thursday 17:58:52: Episode:1 Mean Avg Speed= 0.318 +/- 0.062
2023-03-02 Thursday 17:58:52: Episode:2 Mean Avg Speed= 0.329 +/- 0.063
2023-03-02 Thursday 17:58:52: Episode:3 Mean Avg Speed= 0.324 +/- 0.062
2023-03-02 Thursday 17:58:52: Episode:4 Mean Avg Speed= 0.333 +/- 0.062
2023-03-02 Thursday 17:58:52: 1-Total Mean Avg Speed= 0.309 +/- 0.034
2023-03-02 Thursday 17:58:52: 2-Total Mean Avg Speed= 0.309 +/- 0.072
2023-03-02 Thursday 17:58:52: Episode:0 Mean Avg Speed 2= 4.489 +/- 2.095
2023-03-02 Thursday 17:58:52: Episode:1 Mean Avg Speed 2= 5.912 +/- 1.121
2023-03-02 Thursday 17:58:52: Episode:2 Mean Avg Speed 2= 6.119 +/- 1.152
2023-03-02 Thursday 17:58:52: Episode:3 Mean Avg Speed 2= 6.010 +/- 1.125
2023-03-02 Thursday 17:58:52: Episode:4 Mean Avg Speed 2= 6.185 +/- 1.124
2023-03-02 Thursday 17:58:52: 1-Total Mean Avg Speed 2= 5.743 +/- 0.634
2023-03-02 Thursday 17:58:52: 2-Total Mean Avg Speed 2= 5.743 +/- 1.324
2023-03-02 Thursday 17:58:52: Episode:0 Mean Avg Speed Cross Check= 5.829 +/- 2.070
2023-03-02 Thursday 17:58:52: Episode:1 Mean Avg Speed Cross Check= 7.289 +/- 0.871
2023-03-02 Thursday 17:58:52: Episode:2 Mean Avg Speed Cross Check= 7.443 +/- 0.890
2023-03-02 Thursday 17:58:52: Episode:3 Mean Avg Speed Cross Check= 7.358 +/- 0.877
2023-03-02 Thursday 17:58:52: Episode:4 Mean Avg Speed Cross Check= 7.495 +/- 0.854
2023-03-02 Thursday 17:58:52: 1-Total Mean Avg Speed Cross Check= 7.083 +/- 0.631
2023-03-02 Thursday 17:58:52: 2-Total Mean Avg Speed Cross Check= 7.083 +/- 1.112
2023-03-02 Thursday 17:58:52: ****************************************
