2023-02-27 Monday 22:45:50: Run: 1 for Training experiment: DoE-34 - first seed: 170 - alpha: 0.3 - gamma: 0.99 - epsilon: 0.3 - reward: average-speed-2
2023-02-27 Monday 23:05:53: Run: 1 - First Epsilon: 0.3 - Last Epsilon: 0.3
2023-02-27 Monday 23:24:25: Run: 2 - First Epsilon: 0.3 - Last Epsilon: 0.3
2023-02-27 Monday 23:42:51: Run: 3 - First Epsilon: 0.3 - Last Epsilon: 0.3
2023-02-28 Tuesday 00:02:10: Run: 4 - First Epsilon: 0.3 - Last Epsilon: 0.3
2023-02-28 Tuesday 00:20:45: Run: 5 - First Epsilon: 0.3 - Last Epsilon: 0.3
2023-02-28 Tuesday 00:20:45: Q-Table Total Distinct States: 704
2023-02-28 Tuesday 00:20:45: Mean_reward=10811.01 +/- 676.99
2023-02-28 Tuesday 00:20:45: Mean_Stopped=979947.00 +/- 47986.49
2023-02-28 Tuesday 00:20:45: Mean_Stopped=980212.00 +/- 47980.03
2023-02-28 Tuesday 00:20:45: Mean_waiting_time=70836856.60 +/- 10923251.61
2023-02-28 Tuesday 00:20:45: Mean_avg_speed=581.78 +/- 36.66
2023-02-28 Tuesday 00:20:45: Mean_avg_speed_2=10811.01 +/- 676.99
2023-02-28 Tuesday 00:20:45: Mean_avg_speed_cross_check=19030.78 +/- 1109.24
2023-02-28 Tuesday 00:20:45: ****************************************
2023-02-28 Tuesday 00:20:45: Calculation 1 - Overall 
2023-02-28 Tuesday 00:20:45: ****************************************
2023-02-28 Tuesday 00:20:45: Inner X Outer Loops Mean Reward= 1.081 +/- 0.495
2023-02-28 Tuesday 00:20:45: Inner X Outer Loops Mean Stopped= 97.985 +/- 15.172
2023-02-28 Tuesday 00:20:45: Inner X Outer Loops Mean Stopped Cross Check= 98.011 +/- 15.171
2023-02-28 Tuesday 00:20:45: Inner X Outer Loops Mean Waiting Time= 7082.977 +/- 6799.163
2023-02-28 Tuesday 00:20:45: Inner X Outer Loops Mean Avg Speed= 0.058 +/- 0.026
2023-02-28 Tuesday 00:20:45: Inner X Outer Loops Mean Avg Speed 2= 1.081 +/- 0.495
2023-02-28 Tuesday 00:20:45: Inner X Outer Loops Mean Avg Speed Cross Check= 1.903 +/- 0.564
2023-02-28 Tuesday 00:20:45: ****************************************
2023-02-28 Tuesday 00:20:45: Calculation 2 - Per Episode
2023-02-28 Tuesday 00:20:45: ****************************************
2023-02-28 Tuesday 00:20:45: Episode:0 Mean Reward= 0.958 +/- 0.482
2023-02-28 Tuesday 00:20:45: Episode:1 Mean Reward= 1.080 +/- 0.504
2023-02-28 Tuesday 00:20:45: Episode:2 Mean Reward= 1.109 +/- 0.484
2023-02-28 Tuesday 00:20:45: Episode:3 Mean Reward= 1.094 +/- 0.494
2023-02-28 Tuesday 00:20:45: Episode:4 Mean Reward= 1.164 +/- 0.488
2023-02-28 Tuesday 00:20:45: 1-Total Mean Reward= 1.081 +/- 0.068
2023-02-28 Tuesday 00:20:45: 2-Total Mean Reward= 1.081 +/- 0.490
2023-02-28 Tuesday 00:20:45: ****
2023-02-28 Tuesday 00:20:45: Episode:0 Mean Stopped= 106.828 +/- 14.153
2023-02-28 Tuesday 00:20:45: Episode:1 Mean Stopped= 96.137 +/- 14.007
2023-02-28 Tuesday 00:20:45: Episode:2 Mean Stopped= 94.479 +/- 14.018
2023-02-28 Tuesday 00:20:45: Episode:3 Mean Stopped= 98.990 +/- 13.153
2023-02-28 Tuesday 00:20:45: Episode:4 Mean Stopped= 93.491 +/- 16.427
2023-02-28 Tuesday 00:20:45: 1-Total Mean Stopped= 97.985 +/- 4.798
2023-02-28 Tuesday 00:20:45: 2-Total Mean Stopped= 97.985 +/- 14.352
2023-02-28 Tuesday 00:20:45: ****
2023-02-28 Tuesday 00:20:45: Episode:0 Mean Stopped Cross Check= 106.851 +/- 14.145
2023-02-28 Tuesday 00:20:45: Episode:1 Mean Stopped Cross Check= 96.159 +/- 14.009
2023-02-28 Tuesday 00:20:45: Episode:2 Mean Stopped Cross Check= 94.502 +/- 14.015
2023-02-28 Tuesday 00:20:45: Episode:3 Mean Stopped Cross Check= 99.024 +/- 13.148
2023-02-28 Tuesday 00:20:45: Episode:4 Mean Stopped Cross Check= 93.521 +/- 16.435
2023-02-28 Tuesday 00:20:45: 1-Total Mean Stopped Cross Check= 98.011 +/- 4.798
2023-02-28 Tuesday 00:20:45: 2-Total Mean Stopped Cross Check= 98.011 +/- 14.351
2023-02-28 Tuesday 00:20:45: ****
2023-02-28 Tuesday 00:20:45: Episode:0 Mean Waiting Time= 9051.042 +/- 6731.138
2023-02-28 Tuesday 00:20:45: Episode:1 Mean Waiting Time= 7339.551 +/- 6311.308
2023-02-28 Tuesday 00:20:45: Episode:2 Mean Waiting Time= 6047.232 +/- 5305.341
2023-02-28 Tuesday 00:20:45: Episode:3 Mean Waiting Time= 6137.768 +/- 6033.685
2023-02-28 Tuesday 00:20:45: Episode:4 Mean Waiting Time= 6839.294 +/- 8688.245
2023-02-28 Tuesday 00:20:45: 1-Total Mean Waiting Time= 7082.977 +/- 1092.216
2023-02-28 Tuesday 00:20:45: 2-Total Mean Waiting Time= 7082.977 +/- 6613.943
2023-02-28 Tuesday 00:20:45: Episode:0 Mean Avg Speed= 0.052 +/- 0.025
2023-02-28 Tuesday 00:20:45: Episode:1 Mean Avg Speed= 0.058 +/- 0.026
2023-02-28 Tuesday 00:20:45: Episode:2 Mean Avg Speed= 0.060 +/- 0.026
2023-02-28 Tuesday 00:20:45: Episode:3 Mean Avg Speed= 0.059 +/- 0.026
2023-02-28 Tuesday 00:20:45: Episode:4 Mean Avg Speed= 0.063 +/- 0.026
2023-02-28 Tuesday 00:20:45: 1-Total Mean Avg Speed= 0.058 +/- 0.004
2023-02-28 Tuesday 00:20:45: 2-Total Mean Avg Speed= 0.058 +/- 0.026
2023-02-28 Tuesday 00:20:45: Episode:0 Mean Avg Speed 2= 0.958 +/- 0.482
2023-02-28 Tuesday 00:20:45: Episode:1 Mean Avg Speed 2= 1.080 +/- 0.504
2023-02-28 Tuesday 00:20:45: Episode:2 Mean Avg Speed 2= 1.109 +/- 0.484
2023-02-28 Tuesday 00:20:45: Episode:3 Mean Avg Speed 2= 1.094 +/- 0.494
2023-02-28 Tuesday 00:20:45: Episode:4 Mean Avg Speed 2= 1.164 +/- 0.488
2023-02-28 Tuesday 00:20:45: 1-Total Mean Avg Speed 2= 1.081 +/- 0.068
2023-02-28 Tuesday 00:20:45: 2-Total Mean Avg Speed 2= 1.081 +/- 0.490
2023-02-28 Tuesday 00:20:45: Episode:0 Mean Avg Speed Cross Check= 1.702 +/- 0.569
2023-02-28 Tuesday 00:20:45: Episode:1 Mean Avg Speed Cross Check= 1.899 +/- 0.571
2023-02-28 Tuesday 00:20:45: Episode:2 Mean Avg Speed Cross Check= 1.949 +/- 0.539
2023-02-28 Tuesday 00:20:45: Episode:3 Mean Avg Speed Cross Check= 1.927 +/- 0.540
2023-02-28 Tuesday 00:20:45: Episode:4 Mean Avg Speed Cross Check= 2.038 +/- 0.546
2023-02-28 Tuesday 00:20:45: 1-Total Mean Avg Speed Cross Check= 1.903 +/- 0.111
2023-02-28 Tuesday 00:20:45: 2-Total Mean Avg Speed Cross Check= 1.903 +/- 0.553
2023-02-28 Tuesday 00:20:45: ****************************************
