2023-02-19 Sunday 12:50:44: Run: 1 - First Epsilon: 0.4 - Last Epsilon: 0.4
2023-02-19 Sunday 12:56:36: Run: 2 - First Epsilon: 0.4 - Last Epsilon: 0.4
2023-02-19 Sunday 13:02:19: Run: 3 - First Epsilon: 0.4 - Last Epsilon: 0.4
2023-02-19 Sunday 13:08:04: Run: 4 - First Epsilon: 0.4 - Last Epsilon: 0.4
2023-02-19 Sunday 13:13:48: Run: 5 - First Epsilon: 0.4 - Last Epsilon: 0.4
2023-02-19 Sunday 13:13:49: Q-Table Total Distinct States: 333
2023-02-19 Sunday 13:13:49: Mean_reward=-3.85 +/- 1.46
2023-02-19 Sunday 13:13:49: Mean_Stopped=99947.60 +/- 27720.32
2023-02-19 Sunday 13:13:49: Mean_Stopped=100133.40 +/- 27760.22
2023-02-19 Sunday 13:13:49: Mean_waiting_time=2510763.40 +/- 881586.99
2023-02-19 Sunday 13:13:49: Mean_avg_speed=31399.54 +/- 28601.97
2023-02-19 Sunday 13:13:49: Mean_avg_speed_2=nan +/- nan
2023-02-19 Sunday 13:13:49: Mean_avg_speed_cross_check=72976.77 +/- 5634.64
2023-02-19 Sunday 13:13:49: ****************************************
2023-02-19 Sunday 13:13:49: Calculation 1 - Overall 
2023-02-19 Sunday 13:13:49: ****************************************
2023-02-19 Sunday 13:13:49: Inner X Outer Loops Mean Reward= -0.000 +/- 0.947
2023-02-19 Sunday 13:13:49: Inner X Outer Loops Mean Stopped= 9.994 +/- 4.550
2023-02-19 Sunday 13:13:49: Inner X Outer Loops Mean Stopped Cross Check= 10.012 +/- 4.553
2023-02-19 Sunday 13:13:49: Inner X Outer Loops Mean Waiting Time= 251.051 +/- 223.723
2023-02-19 Sunday 13:13:49: Inner X Outer Loops Mean Avg Speed= 0.321 +/- 0.071
2023-02-19 Sunday 13:13:49: Inner X Outer Loops Mean Avg Speed 2= 5.959 +/- 1.298
2023-02-19 Sunday 13:13:49: Inner X Outer Loops Mean Avg Speed Cross Check= 7.297 +/- 1.035
2023-02-19 Sunday 13:13:49: ****************************************
2023-02-19 Sunday 13:13:49: Calculation 2 - Per Episode
2023-02-19 Sunday 13:13:49: ****************************************
2023-02-19 Sunday 13:13:49: Episode:0 Mean Reward= -0.001 +/- 1.211
2023-02-19 Sunday 13:13:49: Episode:1 Mean Reward= -0.000 +/- 0.905
2023-02-19 Sunday 13:13:49: Episode:2 Mean Reward= -0.000 +/- 0.859
2023-02-19 Sunday 13:13:49: Episode:3 Mean Reward= -0.000 +/- 0.863
2023-02-19 Sunday 13:13:49: Episode:4 Mean Reward= -0.000 +/- 0.845
2023-02-19 Sunday 13:13:49: 1-Total Mean Reward= -0.000 +/- 0.000
2023-02-19 Sunday 13:13:49: 2-Total Mean Reward= -0.000 +/- 0.936
2023-02-19 Sunday 13:13:49: ****
2023-02-19 Sunday 13:13:49: Episode:0 Mean Stopped= 15.507 +/- 5.318
2023-02-19 Sunday 13:13:49: Episode:1 Mean Stopped= 9.152 +/- 3.327
2023-02-19 Sunday 13:13:49: Episode:2 Mean Stopped= 8.365 +/- 2.772
2023-02-19 Sunday 13:13:49: Episode:3 Mean Stopped= 8.578 +/- 3.142
2023-02-19 Sunday 13:13:49: Episode:4 Mean Stopped= 8.367 +/- 2.863
2023-02-19 Sunday 13:13:49: 1-Total Mean Stopped= 9.994 +/- 2.772
2023-02-19 Sunday 13:13:49: 2-Total Mean Stopped= 9.994 +/- 3.484
2023-02-19 Sunday 13:13:49: ****
2023-02-19 Sunday 13:13:49: Episode:0 Mean Stopped Cross Check= 15.534 +/- 5.319
2023-02-19 Sunday 13:13:49: Episode:1 Mean Stopped Cross Check= 9.170 +/- 3.331
2023-02-19 Sunday 13:13:49: Episode:2 Mean Stopped Cross Check= 8.379 +/- 2.772
2023-02-19 Sunday 13:13:49: Episode:3 Mean Stopped Cross Check= 8.593 +/- 3.142
2023-02-19 Sunday 13:13:49: Episode:4 Mean Stopped Cross Check= 8.385 +/- 2.862
2023-02-19 Sunday 13:13:49: 1-Total Mean Stopped Cross Check= 10.012 +/- 2.776
2023-02-19 Sunday 13:13:49: 2-Total Mean Stopped Cross Check= 10.012 +/- 3.485
2023-02-19 Sunday 13:13:49: ****
2023-02-19 Sunday 13:13:49: Episode:0 Mean Waiting Time= 426.192 +/- 315.447
2023-02-19 Sunday 13:13:49: Episode:1 Mean Waiting Time= 225.883 +/- 189.059
2023-02-19 Sunday 13:13:49: Episode:2 Mean Waiting Time= 200.344 +/- 155.379
2023-02-19 Sunday 13:13:49: Episode:3 Mean Waiting Time= 206.227 +/- 168.869
2023-02-19 Sunday 13:13:49: Episode:4 Mean Waiting Time= 196.610 +/- 153.291
2023-02-19 Sunday 13:13:49: 1-Total Mean Waiting Time= 251.051 +/- 88.150
2023-02-19 Sunday 13:13:49: 2-Total Mean Waiting Time= 251.051 +/- 196.409
2023-02-19 Sunday 13:13:49: Episode:0 Mean Avg Speed= 0.248 +/- 0.056
2023-02-19 Sunday 13:13:49: Episode:1 Mean Avg Speed= 0.330 +/- 0.064
2023-02-19 Sunday 13:13:49: Episode:2 Mean Avg Speed= 0.343 +/- 0.061
2023-02-19 Sunday 13:13:49: Episode:3 Mean Avg Speed= 0.340 +/- 0.063
2023-02-19 Sunday 13:13:49: Episode:4 Mean Avg Speed= 0.343 +/- 0.061
2023-02-19 Sunday 13:13:49: 1-Total Mean Avg Speed= 0.321 +/- 0.037
2023-02-19 Sunday 13:13:49: 2-Total Mean Avg Speed= 0.321 +/- 0.061
2023-02-19 Sunday 13:13:49: Episode:0 Mean Avg Speed 2= 4.608 +/- 1.018
2023-02-19 Sunday 13:13:49: Episode:1 Mean Avg Speed 2= 6.127 +/- 1.152
2023-02-19 Sunday 13:13:49: Episode:2 Mean Avg Speed 2= 6.368 +/- 1.099
2023-02-19 Sunday 13:13:49: Episode:3 Mean Avg Speed 2= 6.316 +/- 1.150
2023-02-19 Sunday 13:13:49: Episode:4 Mean Avg Speed 2= 6.374 +/- 1.100
2023-02-19 Sunday 13:13:49: 1-Total Mean Avg Speed 2= 5.959 +/- 0.681
2023-02-19 Sunday 13:13:49: 2-Total Mean Avg Speed 2= 5.959 +/- 1.104
2023-02-19 Sunday 13:13:49: Episode:0 Mean Avg Speed Cross Check= 6.179 +/- 0.924
2023-02-19 Sunday 13:13:49: Episode:1 Mean Avg Speed Cross Check= 7.446 +/- 0.881
2023-02-19 Sunday 13:13:49: Episode:2 Mean Avg Speed Cross Check= 7.637 +/- 0.827
2023-02-19 Sunday 13:13:49: Episode:3 Mean Avg Speed Cross Check= 7.584 +/- 0.874
2023-02-19 Sunday 13:13:49: Episode:4 Mean Avg Speed Cross Check= 7.640 +/- 0.833
2023-02-19 Sunday 13:13:49: 1-Total Mean Avg Speed Cross Check= 7.297 +/- 0.563
2023-02-19 Sunday 13:13:49: 2-Total Mean Avg Speed Cross Check= 7.297 +/- 0.868
2023-02-19 Sunday 13:13:49: ****************************************
