2023-03-08 Wednesday 19:43:05: Run: 3 for Training experiment: DoE-51 - first seed: 370 - alpha: 0.5 - gamma: 0.99 - epsilon: 0.3 - reward: diff-waiting-time
2023-03-08 Wednesday 19:49:02: Run: 1 - First Epsilon: 0.3 - Last Epsilon: 0.3
2023-03-08 Wednesday 19:54:40: Run: 2 - First Epsilon: 0.3 - Last Epsilon: 0.3
2023-03-08 Wednesday 20:00:16: Run: 3 - First Epsilon: 0.3 - Last Epsilon: 0.3
2023-03-08 Wednesday 20:05:52: Run: 4 - First Epsilon: 0.3 - Last Epsilon: 0.3
2023-03-08 Wednesday 20:11:12: Run: 5 - First Epsilon: 0.3 - Last Epsilon: 0.3
2023-03-08 Wednesday 20:11:12: Q-Table Total Distinct States: 359
2023-03-08 Wednesday 20:11:12: Mean_reward=-4.61 +/- 4.15
2023-03-08 Wednesday 20:11:12: Mean_Stopped=83460.20 +/- 8307.50
2023-03-08 Wednesday 20:11:12: Mean_Stopped=83603.20 +/- 8309.74
2023-03-08 Wednesday 20:11:12: Mean_waiting_time=2209721.20 +/- 374885.37
2023-03-08 Wednesday 20:11:12: Mean_avg_speed=3456.30 +/- 123.83
2023-03-08 Wednesday 20:11:12: Mean_avg_speed_2=64213.14 +/- 2252.06
2023-03-08 Wednesday 20:11:12: Mean_avg_speed_cross_check=76715.94 +/- 1742.51
2023-03-08 Wednesday 20:11:12: ****************************************
2023-03-08 Wednesday 20:11:12: Calculation 1 - Overall 
2023-03-08 Wednesday 20:11:12: ****************************************
2023-03-08 Wednesday 20:11:12: Inner X Outer Loops Mean Reward= -0.000 +/- 0.905
2023-03-08 Wednesday 20:11:12: Inner X Outer Loops Mean Stopped= 8.345 +/- 3.219
2023-03-08 Wednesday 20:11:12: Inner X Outer Loops Mean Stopped Cross Check= 8.359 +/- 3.219
2023-03-08 Wednesday 20:11:12: Inner X Outer Loops Mean Waiting Time= 220.950 +/- 210.253
2023-03-08 Wednesday 20:11:12: Inner X Outer Loops Mean Avg Speed= 0.346 +/- 0.064
2023-03-08 Wednesday 20:11:12: Inner X Outer Loops Mean Avg Speed 2= 6.421 +/- 1.160
2023-03-08 Wednesday 20:11:12: Inner X Outer Loops Mean Avg Speed Cross Check= 7.671 +/- 0.870
2023-03-08 Wednesday 20:11:12: ****************************************
2023-03-08 Wednesday 20:11:12: Calculation 2 - Per Episode
2023-03-08 Wednesday 20:11:12: ****************************************
2023-03-08 Wednesday 20:11:12: Episode:0 Mean Reward= -0.000 +/- 1.053
2023-03-08 Wednesday 20:11:12: Episode:1 Mean Reward= -0.000 +/- 0.908
2023-03-08 Wednesday 20:11:12: Episode:2 Mean Reward= -0.000 +/- 0.833
2023-03-08 Wednesday 20:11:12: Episode:3 Mean Reward= -0.001 +/- 0.858
2023-03-08 Wednesday 20:11:12: Episode:4 Mean Reward= -0.000 +/- 0.857
2023-03-08 Wednesday 20:11:12: 1-Total Mean Reward= -0.000 +/- 0.000
2023-03-08 Wednesday 20:11:12: 2-Total Mean Reward= -0.000 +/- 0.902
2023-03-08 Wednesday 20:11:12: ****
2023-03-08 Wednesday 20:11:12: Episode:0 Mean Stopped= 9.969 +/- 4.496
2023-03-08 Wednesday 20:11:12: Episode:1 Mean Stopped= 8.075 +/- 2.717
2023-03-08 Wednesday 20:11:12: Episode:2 Mean Stopped= 7.669 +/- 2.556
2023-03-08 Wednesday 20:11:12: Episode:3 Mean Stopped= 7.841 +/- 2.574
2023-03-08 Wednesday 20:11:12: Episode:4 Mean Stopped= 8.172 +/- 2.755
2023-03-08 Wednesday 20:11:12: 1-Total Mean Stopped= 8.345 +/- 0.831
2023-03-08 Wednesday 20:11:12: 2-Total Mean Stopped= 8.345 +/- 3.020
2023-03-08 Wednesday 20:11:12: ****
2023-03-08 Wednesday 20:11:12: Episode:0 Mean Stopped Cross Check= 9.983 +/- 4.497
2023-03-08 Wednesday 20:11:12: Episode:1 Mean Stopped Cross Check= 8.087 +/- 2.718
2023-03-08 Wednesday 20:11:12: Episode:2 Mean Stopped Cross Check= 7.682 +/- 2.556
2023-03-08 Wednesday 20:11:12: Episode:3 Mean Stopped Cross Check= 7.857 +/- 2.575
2023-03-08 Wednesday 20:11:12: Episode:4 Mean Stopped Cross Check= 8.188 +/- 2.755
2023-03-08 Wednesday 20:11:12: 1-Total Mean Stopped Cross Check= 8.359 +/- 0.831
2023-03-08 Wednesday 20:11:12: 2-Total Mean Stopped Cross Check= 8.359 +/- 3.020
2023-03-08 Wednesday 20:11:12: ****
2023-03-08 Wednesday 20:11:12: Episode:0 Mean Waiting Time= 293.093 +/- 288.633
2023-03-08 Wednesday 20:11:12: Episode:1 Mean Waiting Time= 220.388 +/- 190.538
2023-03-08 Wednesday 20:11:12: Episode:2 Mean Waiting Time= 188.500 +/- 166.982
2023-03-08 Wednesday 20:11:12: Episode:3 Mean Waiting Time= 202.378 +/- 190.226
2023-03-08 Wednesday 20:11:12: Episode:4 Mean Waiting Time= 200.391 +/- 174.139
2023-03-08 Wednesday 20:11:12: 1-Total Mean Waiting Time= 220.950 +/- 37.485
2023-03-08 Wednesday 20:11:12: 2-Total Mean Waiting Time= 220.950 +/- 202.104
2023-03-08 Wednesday 20:11:12: Episode:0 Mean Avg Speed= 0.322 +/- 0.070
2023-03-08 Wednesday 20:11:12: Episode:1 Mean Avg Speed= 0.350 +/- 0.061
2023-03-08 Wednesday 20:11:12: Episode:2 Mean Avg Speed= 0.357 +/- 0.061
2023-03-08 Wednesday 20:11:12: Episode:3 Mean Avg Speed= 0.353 +/- 0.060
2023-03-08 Wednesday 20:11:12: Episode:4 Mean Avg Speed= 0.347 +/- 0.061
2023-03-08 Wednesday 20:11:12: 1-Total Mean Avg Speed= 0.346 +/- 0.012
2023-03-08 Wednesday 20:11:12: 2-Total Mean Avg Speed= 0.346 +/- 0.063
2023-03-08 Wednesday 20:11:12: Episode:0 Mean Avg Speed 2= 5.987 +/- 1.278
2023-03-08 Wednesday 20:11:12: Episode:1 Mean Avg Speed 2= 6.498 +/- 1.105
2023-03-08 Wednesday 20:11:12: Episode:2 Mean Avg Speed 2= 6.629 +/- 1.106
2023-03-08 Wednesday 20:11:12: Episode:3 Mean Avg Speed 2= 6.548 +/- 1.092
2023-03-08 Wednesday 20:11:12: Episode:4 Mean Avg Speed 2= 6.441 +/- 1.099
2023-03-08 Wednesday 20:11:12: 1-Total Mean Avg Speed 2= 6.421 +/- 0.225
2023-03-08 Wednesday 20:11:12: 2-Total Mean Avg Speed 2= 6.421 +/- 1.136
2023-03-08 Wednesday 20:11:12: Episode:0 Mean Avg Speed Cross Check= 7.335 +/- 1.013
2023-03-08 Wednesday 20:11:12: Episode:1 Mean Avg Speed Cross Check= 7.733 +/- 0.812
2023-03-08 Wednesday 20:11:12: Episode:2 Mean Avg Speed Cross Check= 7.828 +/- 0.810
2023-03-08 Wednesday 20:11:12: Episode:3 Mean Avg Speed Cross Check= 7.771 +/- 0.794
2023-03-08 Wednesday 20:11:12: Episode:4 Mean Avg Speed Cross Check= 7.688 +/- 0.815
2023-03-08 Wednesday 20:11:12: 1-Total Mean Avg Speed Cross Check= 7.671 +/- 0.174
2023-03-08 Wednesday 20:11:12: 2-Total Mean Avg Speed Cross Check= 7.671 +/- 0.849
2023-03-08 Wednesday 20:11:12: ****************************************
