2023-03-05 Sunday 14:43:32: Run: 2 for Training experiment: DoE-46 - first seed: 270 - alpha: 0.5 - gamma: 0.9 - epsilon: 0.3 - reward: average-speed-2
2023-03-05 Sunday 15:02:57: Run: 1 - First Epsilon: 0.3 - Last Epsilon: 0.3
2023-03-05 Sunday 15:20:06: Run: 2 - First Epsilon: 0.3 - Last Epsilon: 0.3
2023-03-05 Sunday 15:34:46: Run: 3 - First Epsilon: 0.3 - Last Epsilon: 0.3
2023-03-05 Sunday 15:47:06: Run: 4 - First Epsilon: 0.3 - Last Epsilon: 0.3
2023-03-05 Sunday 16:00:39: Run: 5 - First Epsilon: 0.3 - Last Epsilon: 0.3
2023-03-05 Sunday 16:00:39: Q-Table Total Distinct States: 1133
2023-03-05 Sunday 16:00:39: Mean_reward=14044.81 +/- 2486.58
2023-03-05 Sunday 16:00:39: Mean_Stopped=769582.60 +/- 156356.61
2023-03-05 Sunday 16:00:39: Mean_Stopped=769810.80 +/- 156379.03
2023-03-05 Sunday 16:00:39: Mean_waiting_time=40988334.60 +/- 15407996.48
2023-03-05 Sunday 16:00:39: Mean_avg_speed=755.99 +/- 134.52
2023-03-05 Sunday 16:00:39: Mean_avg_speed_2=14044.81 +/- 2486.58
2023-03-05 Sunday 16:00:39: Mean_avg_speed_cross_check=24012.95 +/- 3753.89
2023-03-05 Sunday 16:00:39: ****************************************
2023-03-05 Sunday 16:00:39: Calculation 1 - Overall 
2023-03-05 Sunday 16:00:39: ****************************************
2023-03-05 Sunday 16:00:39: Inner X Outer Loops Mean Reward= 1.404 +/- 0.581
2023-03-05 Sunday 16:00:39: Inner X Outer Loops Mean Stopped= 76.951 +/- 19.928
2023-03-05 Sunday 16:00:39: Inner X Outer Loops Mean Stopped Cross Check= 76.973 +/- 19.926
2023-03-05 Sunday 16:00:39: Inner X Outer Loops Mean Waiting Time= 4098.424 +/- 4451.465
2023-03-05 Sunday 16:00:39: Inner X Outer Loops Mean Avg Speed= 0.076 +/- 0.031
2023-03-05 Sunday 16:00:39: Inner X Outer Loops Mean Avg Speed 2= 1.404 +/- 0.581
2023-03-05 Sunday 16:00:39: Inner X Outer Loops Mean Avg Speed Cross Check= 2.401 +/- 0.696
2023-03-05 Sunday 16:00:39: ****************************************
2023-03-05 Sunday 16:00:39: Calculation 2 - Per Episode
2023-03-05 Sunday 16:00:39: ****************************************
2023-03-05 Sunday 16:00:39: Episode:0 Mean Reward= 1.061 +/- 0.479
2023-03-05 Sunday 16:00:39: Episode:1 Mean Reward= 1.225 +/- 0.481
2023-03-05 Sunday 16:00:39: Episode:2 Mean Reward= 1.374 +/- 0.511
2023-03-05 Sunday 16:00:39: Episode:3 Mean Reward= 1.733 +/- 0.590
2023-03-05 Sunday 16:00:39: Episode:4 Mean Reward= 1.629 +/- 0.557
2023-03-05 Sunday 16:00:39: 1-Total Mean Reward= 1.404 +/- 0.249
2023-03-05 Sunday 16:00:39: 2-Total Mean Reward= 1.404 +/- 0.523
2023-03-05 Sunday 16:00:39: ****
2023-03-05 Sunday 16:00:39: Episode:0 Mean Stopped= 101.442 +/- 13.744
2023-03-05 Sunday 16:00:39: Episode:1 Mean Stopped= 86.113 +/- 12.509
2023-03-05 Sunday 16:00:39: Episode:2 Mean Stopped= 75.964 +/- 12.470
2023-03-05 Sunday 16:00:39: Episode:3 Mean Stopped= 59.243 +/- 11.468
2023-03-05 Sunday 16:00:39: Episode:4 Mean Stopped= 61.991 +/- 11.449
2023-03-05 Sunday 16:00:39: 1-Total Mean Stopped= 76.951 +/- 15.634
2023-03-05 Sunday 16:00:39: 2-Total Mean Stopped= 76.951 +/- 12.328
2023-03-05 Sunday 16:00:39: ****
2023-03-05 Sunday 16:00:39: Episode:0 Mean Stopped Cross Check= 101.471 +/- 13.740
2023-03-05 Sunday 16:00:39: Episode:1 Mean Stopped Cross Check= 86.135 +/- 12.500
2023-03-05 Sunday 16:00:39: Episode:2 Mean Stopped Cross Check= 75.985 +/- 12.463
2023-03-05 Sunday 16:00:39: Episode:3 Mean Stopped Cross Check= 59.264 +/- 11.466
2023-03-05 Sunday 16:00:39: Episode:4 Mean Stopped Cross Check= 62.013 +/- 11.441
2023-03-05 Sunday 16:00:39: 1-Total Mean Stopped Cross Check= 76.973 +/- 15.636
2023-03-05 Sunday 16:00:39: 2-Total Mean Stopped Cross Check= 76.973 +/- 12.322
2023-03-05 Sunday 16:00:39: ****
2023-03-05 Sunday 16:00:39: Episode:0 Mean Waiting Time= 6941.336 +/- 6606.521
2023-03-05 Sunday 16:00:39: Episode:1 Mean Waiting Time= 4271.919 +/- 3619.279
2023-03-05 Sunday 16:00:39: Episode:2 Mean Waiting Time= 3592.214 +/- 3409.157
2023-03-05 Sunday 16:00:39: Episode:3 Mean Waiting Time= 2425.653 +/- 1857.820
2023-03-05 Sunday 16:00:39: Episode:4 Mean Waiting Time= 3260.995 +/- 3923.087
2023-03-05 Sunday 16:00:39: 1-Total Mean Waiting Time= 4098.424 +/- 1540.646
2023-03-05 Sunday 16:00:39: 2-Total Mean Waiting Time= 4098.424 +/- 3883.173
2023-03-05 Sunday 16:00:39: Episode:0 Mean Avg Speed= 0.057 +/- 0.025
2023-03-05 Sunday 16:00:39: Episode:1 Mean Avg Speed= 0.066 +/- 0.025
2023-03-05 Sunday 16:00:39: Episode:2 Mean Avg Speed= 0.074 +/- 0.027
2023-03-05 Sunday 16:00:39: Episode:3 Mean Avg Speed= 0.093 +/- 0.032
2023-03-05 Sunday 16:00:39: Episode:4 Mean Avg Speed= 0.088 +/- 0.031
2023-03-05 Sunday 16:00:39: 1-Total Mean Avg Speed= 0.076 +/- 0.013
2023-03-05 Sunday 16:00:39: 2-Total Mean Avg Speed= 0.076 +/- 0.028
2023-03-05 Sunday 16:00:39: Episode:0 Mean Avg Speed 2= 1.061 +/- 0.479
2023-03-05 Sunday 16:00:39: Episode:1 Mean Avg Speed 2= 1.225 +/- 0.481
2023-03-05 Sunday 16:00:39: Episode:2 Mean Avg Speed 2= 1.374 +/- 0.511
2023-03-05 Sunday 16:00:39: Episode:3 Mean Avg Speed 2= 1.733 +/- 0.590
2023-03-05 Sunday 16:00:39: Episode:4 Mean Avg Speed 2= 1.629 +/- 0.557
2023-03-05 Sunday 16:00:39: 1-Total Mean Avg Speed 2= 1.404 +/- 0.249
2023-03-05 Sunday 16:00:39: 2-Total Mean Avg Speed 2= 1.404 +/- 0.523
2023-03-05 Sunday 16:00:39: Episode:0 Mean Avg Speed Cross Check= 1.874 +/- 0.527
2023-03-05 Sunday 16:00:39: Episode:1 Mean Avg Speed Cross Check= 2.136 +/- 0.545
2023-03-05 Sunday 16:00:39: Episode:2 Mean Avg Speed Cross Check= 2.365 +/- 0.565
2023-03-05 Sunday 16:00:39: Episode:3 Mean Avg Speed Cross Check= 2.891 +/- 0.666
2023-03-05 Sunday 16:00:39: Episode:4 Mean Avg Speed Cross Check= 2.740 +/- 0.617
2023-03-05 Sunday 16:00:39: 1-Total Mean Avg Speed Cross Check= 2.401 +/- 0.375
2023-03-05 Sunday 16:00:39: 2-Total Mean Avg Speed Cross Check= 2.401 +/- 0.584
2023-03-05 Sunday 16:00:39: ****************************************
