2023-02-28 Tuesday 21:50:30: Run: 1 for Training experiment: DoE-39 - first seed: 170 - alpha: 0.5 - gamma: 0.8 - epsilon: 0.3 - reward: diff-waiting-time
2023-02-28 Tuesday 21:57:26: Run: 1 - First Epsilon: 0.3 - Last Epsilon: 0.3
2023-02-28 Tuesday 22:02:47: Run: 2 - First Epsilon: 0.3 - Last Epsilon: 0.3
2023-02-28 Tuesday 22:08:10: Run: 3 - First Epsilon: 0.3 - Last Epsilon: 0.3
2023-02-28 Tuesday 22:13:40: Run: 4 - First Epsilon: 0.3 - Last Epsilon: 0.3
2023-02-28 Tuesday 22:19:06: Run: 5 - First Epsilon: 0.3 - Last Epsilon: 0.3
2023-02-28 Tuesday 22:19:06: Q-Table Total Distinct States: 746
2023-02-28 Tuesday 22:19:06: Mean_reward=-2.97 +/- 2.00
2023-02-28 Tuesday 22:19:06: Mean_Stopped=96491.60 +/- 28261.05
2023-02-28 Tuesday 22:19:06: Mean_Stopped=96648.80 +/- 28245.07
2023-02-28 Tuesday 22:19:06: Mean_waiting_time=2393071.00 +/- 1210621.10
2023-02-28 Tuesday 22:19:06: Mean_avg_speed=3366.70 +/- 163.33
2023-02-28 Tuesday 22:19:06: Mean_avg_speed_2=62553.55 +/- 3045.68
2023-02-28 Tuesday 22:19:06: Mean_avg_speed_cross_check=75065.49 +/- 3100.47
2023-02-28 Tuesday 22:19:06: ****************************************
2023-02-28 Tuesday 22:19:06: Calculation 1 - Overall 
2023-02-28 Tuesday 22:19:06: ****************************************
2023-02-28 Tuesday 22:19:06: Inner X Outer Loops Mean Reward= -0.000 +/- 0.907
2023-02-28 Tuesday 22:19:06: Inner X Outer Loops Mean Stopped= 9.648 +/- 7.740
2023-02-28 Tuesday 22:19:06: Inner X Outer Loops Mean Stopped Cross Check= 9.664 +/- 7.742
2023-02-28 Tuesday 22:19:06: Inner X Outer Loops Mean Waiting Time= 239.283 +/- 397.524
2023-02-28 Tuesday 22:19:06: Inner X Outer Loops Mean Avg Speed= 0.337 +/- 0.077
2023-02-28 Tuesday 22:19:06: Inner X Outer Loops Mean Avg Speed 2= 6.255 +/- 1.412
2023-02-28 Tuesday 22:19:06: Inner X Outer Loops Mean Avg Speed Cross Check= 7.506 +/- 1.182
2023-02-28 Tuesday 22:19:06: ****************************************
2023-02-28 Tuesday 22:19:06: Calculation 2 - Per Episode
2023-02-28 Tuesday 22:19:06: ****************************************
2023-02-28 Tuesday 22:19:06: Episode:0 Mean Reward= -0.000 +/- 1.251
2023-02-28 Tuesday 22:19:06: Episode:1 Mean Reward= -0.000 +/- 0.782
2023-02-28 Tuesday 22:19:06: Episode:2 Mean Reward= -0.000 +/- 0.795
2023-02-28 Tuesday 22:19:06: Episode:3 Mean Reward= -0.000 +/- 0.827
2023-02-28 Tuesday 22:19:06: Episode:4 Mean Reward= -0.001 +/- 0.787
2023-02-28 Tuesday 22:19:06: 1-Total Mean Reward= -0.000 +/- 0.000
2023-02-28 Tuesday 22:19:06: 2-Total Mean Reward= -0.000 +/- 0.889
2023-02-28 Tuesday 22:19:06: ****
2023-02-28 Tuesday 22:19:06: Episode:0 Mean Stopped= 15.275 +/- 15.114
2023-02-28 Tuesday 22:19:06: Episode:1 Mean Stopped= 7.869 +/- 2.657
2023-02-28 Tuesday 22:19:06: Episode:2 Mean Stopped= 8.068 +/- 2.656
2023-02-28 Tuesday 22:19:06: Episode:3 Mean Stopped= 8.637 +/- 3.057
2023-02-28 Tuesday 22:19:06: Episode:4 Mean Stopped= 8.392 +/- 2.775
2023-02-28 Tuesday 22:19:06: 1-Total Mean Stopped= 9.648 +/- 2.826
2023-02-28 Tuesday 22:19:06: 2-Total Mean Stopped= 9.648 +/- 5.252
2023-02-28 Tuesday 22:19:06: ****
2023-02-28 Tuesday 22:19:06: Episode:0 Mean Stopped Cross Check= 15.287 +/- 15.119
2023-02-28 Tuesday 22:19:06: Episode:1 Mean Stopped Cross Check= 7.882 +/- 2.659
2023-02-28 Tuesday 22:19:06: Episode:2 Mean Stopped Cross Check= 8.082 +/- 2.659
2023-02-28 Tuesday 22:19:06: Episode:3 Mean Stopped Cross Check= 8.654 +/- 3.061
2023-02-28 Tuesday 22:19:06: Episode:4 Mean Stopped Cross Check= 8.414 +/- 2.777
2023-02-28 Tuesday 22:19:06: 1-Total Mean Stopped Cross Check= 9.664 +/- 2.824
2023-02-28 Tuesday 22:19:06: 2-Total Mean Stopped Cross Check= 9.664 +/- 5.255
2023-02-28 Tuesday 22:19:06: ****
2023-02-28 Tuesday 22:19:06: Episode:0 Mean Waiting Time= 480.981 +/- 794.947
2023-02-28 Tuesday 22:19:06: Episode:1 Mean Waiting Time= 170.852 +/- 148.608
2023-02-28 Tuesday 22:19:06: Episode:2 Mean Waiting Time= 175.940 +/- 149.250
2023-02-28 Tuesday 22:19:06: Episode:3 Mean Waiting Time= 191.764 +/- 152.430
2023-02-28 Tuesday 22:19:06: Episode:4 Mean Waiting Time= 176.879 +/- 131.630
2023-02-28 Tuesday 22:19:06: 1-Total Mean Waiting Time= 239.283 +/- 121.050
2023-02-28 Tuesday 22:19:06: 2-Total Mean Waiting Time= 239.283 +/- 275.373
2023-02-28 Tuesday 22:19:06: Episode:0 Mean Avg Speed= 0.305 +/- 0.114
2023-02-28 Tuesday 22:19:06: Episode:1 Mean Avg Speed= 0.352 +/- 0.062
2023-02-28 Tuesday 22:19:06: Episode:2 Mean Avg Speed= 0.347 +/- 0.062
2023-02-28 Tuesday 22:19:06: Episode:3 Mean Avg Speed= 0.338 +/- 0.063
2023-02-28 Tuesday 22:19:06: Episode:4 Mean Avg Speed= 0.341 +/- 0.061
2023-02-28 Tuesday 22:19:06: 1-Total Mean Avg Speed= 0.337 +/- 0.016
2023-02-28 Tuesday 22:19:06: 2-Total Mean Avg Speed= 0.337 +/- 0.072
2023-02-28 Tuesday 22:19:06: Episode:0 Mean Avg Speed 2= 5.675 +/- 2.109
2023-02-28 Tuesday 22:19:06: Episode:1 Mean Avg Speed 2= 6.538 +/- 1.133
2023-02-28 Tuesday 22:19:06: Episode:2 Mean Avg Speed 2= 6.458 +/- 1.117
2023-02-28 Tuesday 22:19:06: Episode:3 Mean Avg Speed 2= 6.276 +/- 1.143
2023-02-28 Tuesday 22:19:06: Episode:4 Mean Avg Speed 2= 6.327 +/- 1.104
2023-02-28 Tuesday 22:19:06: 1-Total Mean Avg Speed 2= 6.255 +/- 0.305
2023-02-28 Tuesday 22:19:06: 2-Total Mean Avg Speed 2= 6.255 +/- 1.321
2023-02-28 Tuesday 22:19:06: Episode:0 Mean Avg Speed Cross Check= 6.902 +/- 1.924
2023-02-28 Tuesday 22:19:06: Episode:1 Mean Avg Speed Cross Check= 7.761 +/- 0.835
2023-02-28 Tuesday 22:19:06: Episode:2 Mean Avg Speed Cross Check= 7.703 +/- 0.823
2023-02-28 Tuesday 22:19:06: Episode:3 Mean Avg Speed Cross Check= 7.560 +/- 0.864
2023-02-28 Tuesday 22:19:06: Episode:4 Mean Avg Speed Cross Check= 7.603 +/- 0.829
2023-02-28 Tuesday 22:19:06: 1-Total Mean Avg Speed Cross Check= 7.506 +/- 0.310
2023-02-28 Tuesday 22:19:06: 2-Total Mean Avg Speed Cross Check= 7.506 +/- 1.055
2023-02-28 Tuesday 22:19:06: ****************************************
