2023-01-23 Monday 18:05:20: Run: 1 - First Epsilon: 0.2 - Last Epsilon: 0.2
2023-01-23 Monday 18:12:10: Run: 2 - First Epsilon: 0.2 - Last Epsilon: 0.2
2023-01-23 Monday 18:19:00: Run: 3 - First Epsilon: 0.2 - Last Epsilon: 0.2
2023-01-23 Monday 18:25:44: Run: 4 - First Epsilon: 0.2 - Last Epsilon: 0.2
2023-01-23 Monday 18:32:16: Run: 5 - First Epsilon: 0.2 - Last Epsilon: 0.2
2023-01-23 Monday 18:32:16: Q-Table Total Distinct States: 906
2023-01-23 Monday 18:32:16: Mean_reward=-13.89 +/- 5.30
2023-01-23 Monday 18:32:16: Mean_Stopped=236557.40 +/- 62177.46
2023-01-23 Monday 18:32:16: Mean_waiting_time=19651475.60 +/- 10858338.39
2023-01-23 Monday 18:32:16: ****************************************
2023-01-23 Monday 18:32:16: Calculation 1 - Overall 
2023-01-23 Monday 18:32:16: ****************************************
2023-01-23 Monday 18:32:16: Inner X Outer Loops Mean Reward= -0.001 +/- 1.214
2023-01-23 Monday 18:32:16: Inner X Outer Loops Mean Stopped= 23.653 +/- 10.778
2023-01-23 Monday 18:32:16: Inner X Outer Loops Mean Waiting Time= 1964.951 +/- 1957.449
2023-01-23 Monday 18:32:16: ****************************************
2023-01-23 Monday 18:32:16: Calculation 2 - Per Episode
2023-01-23 Monday 18:32:16: ****************************************
2023-01-23 Monday 18:32:16: Episode:0 Mean Reward= -0.001 +/- 1.687
2023-01-23 Monday 18:32:16: Episode:1 Mean Reward= -0.001 +/- 1.091
2023-01-23 Monday 18:32:16: Episode:2 Mean Reward= -0.001 +/- 1.089
2023-01-23 Monday 18:32:16: Episode:3 Mean Reward= -0.002 +/- 1.037
2023-01-23 Monday 18:32:16: Episode:4 Mean Reward= -0.001 +/- 1.034
2023-01-23 Monday 18:32:16: 1-Total Mean Reward= -0.001 +/- 0.001
2023-01-23 Monday 18:32:16: 2-Total Mean Reward= -0.001 +/- 1.188
2023-01-23 Monday 18:32:16: ****
2023-01-23 Monday 18:32:16: Episode:0 Mean Stopped= 36.070 +/- 14.507
2023-01-23 Monday 18:32:16: Episode:1 Mean Stopped= 20.745 +/- 7.102
2023-01-23 Monday 18:32:16: Episode:2 Mean Stopped= 20.833 +/- 6.762
2023-01-23 Monday 18:32:16: Episode:3 Mean Stopped= 19.909 +/- 6.174
2023-01-23 Monday 18:32:16: Episode:4 Mean Stopped= 20.711 +/- 6.548
2023-01-23 Monday 18:32:16: 1-Total Mean Stopped= 23.653 +/- 6.217
2023-01-23 Monday 18:32:16: 2-Total Mean Stopped= 23.653 +/- 8.219
2023-01-23 Monday 18:32:16: ****
2023-01-23 Monday 18:32:16: Episode:0 Mean Waiting Time= 4134.340 +/- 3209.676
2023-01-23 Monday 18:32:16: Episode:1 Mean Waiting Time= 1473.199 +/- 951.343
2023-01-23 Monday 18:32:16: Episode:2 Mean Waiting Time= 1474.502 +/- 915.121
2023-01-23 Monday 18:32:16: Episode:3 Mean Waiting Time= 1352.907 +/- 771.972
2023-01-23 Monday 18:32:16: Episode:4 Mean Waiting Time= 1389.808 +/- 789.674
2023-01-23 Monday 18:32:16: 1-Total Mean Waiting Time= 1964.951 +/- 1085.725
2023-01-23 Monday 18:32:16: 2-Total Mean Waiting Time= 1964.951 +/- 1327.557
2023-01-23 Monday 18:32:16: ****************************************
