2023-04-09 Sunday 14:27:19: Run: 1 for Training experiment: DE-3 - route: ../nets/roundabout/input_routes_roundabout_auto_v1-3.rou.xml - first seed: 170 - alpha: 0.5 - gamma: 0.99 - epsilon: 0.2 - reward: diff-waiting-time
2023-04-09 Sunday 14:34:33: Run: 1 - First Epsilon: 0.2 - Last Epsilon: 0.2
2023-04-09 Sunday 14:41:49: Run: 2 - First Epsilon: 0.2 - Last Epsilon: 0.2
2023-04-09 Sunday 14:50:10: Run: 3 - First Epsilon: 0.2 - Last Epsilon: 0.2
2023-04-09 Sunday 15:00:13: Run: 4 - First Epsilon: 0.2 - Last Epsilon: 0.2
2023-04-09 Sunday 15:09:48: Run: 5 - First Epsilon: 0.2 - Last Epsilon: 0.2
2023-04-09 Sunday 15:09:48: Q-Table Total Distinct States: 162
2023-04-09 Sunday 15:09:48: Mean_reward=-1.93 +/- 1.86
2023-04-09 Sunday 15:09:48: Mean_Stopped=48738.20 +/- 1096.20
2023-04-09 Sunday 15:09:48: Mean_Stopped=48831.00 +/- 1097.41
2023-04-09 Sunday 15:09:48: Mean_waiting_time=1457665.60 +/- 172591.52
2023-04-09 Sunday 15:09:48: Mean_avg_speed=3857.33 +/- 30.25
2023-04-09 Sunday 15:09:48: Mean_avg_speed_2=71617.91 +/- 535.73
2023-04-09 Sunday 15:09:48: Mean_avg_speed_cross_check=82099.28 +/- 356.97
2023-04-09 Sunday 15:09:48: ****************************************
2023-04-09 Sunday 15:09:48: Calculation 1 - Overall 
2023-04-09 Sunday 15:09:48: ****************************************
2023-04-09 Sunday 15:09:48: Inner X Outer Loops Mean Reward= -0.000 +/- 0.751
2023-04-09 Sunday 15:09:48: Inner X Outer Loops Mean Stopped= 4.873 +/- 1.879
2023-04-09 Sunday 15:09:48: Inner X Outer Loops Mean Stopped Cross Check= 4.883 +/- 1.875
2023-04-09 Sunday 15:09:48: Inner X Outer Loops Mean Waiting Time= 145.752 +/- 185.266
2023-04-09 Sunday 15:09:48: Inner X Outer Loops Mean Avg Speed= 0.386 +/- 0.079
2023-04-09 Sunday 15:09:48: Inner X Outer Loops Mean Avg Speed 2= 7.161 +/- 1.456
2023-04-09 Sunday 15:09:48: Inner X Outer Loops Mean Avg Speed Cross Check= 8.209 +/- 0.959
2023-04-09 Sunday 15:09:48: ****************************************
2023-04-09 Sunday 15:09:48: Calculation 2 - Per Episode
2023-04-09 Sunday 15:09:48: ****************************************
2023-04-09 Sunday 15:09:48: Episode:0 Mean Reward= -0.000 +/- 0.839
2023-04-09 Sunday 15:09:48: Episode:1 Mean Reward= -0.001 +/- 0.734
2023-04-09 Sunday 15:09:48: Episode:2 Mean Reward= -0.000 +/- 0.747
2023-04-09 Sunday 15:09:48: Episode:3 Mean Reward= -0.000 +/- 0.692
2023-04-09 Sunday 15:09:48: Episode:4 Mean Reward= -0.000 +/- 0.735
2023-04-09 Sunday 15:09:48: 1-Total Mean Reward= -0.000 +/- 0.000
2023-04-09 Sunday 15:09:48: 2-Total Mean Reward= -0.000 +/- 0.750
2023-04-09 Sunday 15:09:48: ****
2023-04-09 Sunday 15:09:48: Episode:0 Mean Stopped= 5.039 +/- 1.979
2023-04-09 Sunday 15:09:48: Episode:1 Mean Stopped= 4.954 +/- 1.850
2023-04-09 Sunday 15:09:48: Episode:2 Mean Stopped= 4.853 +/- 1.886
2023-04-09 Sunday 15:09:48: Episode:3 Mean Stopped= 4.765 +/- 1.831
2023-04-09 Sunday 15:09:48: Episode:4 Mean Stopped= 4.755 +/- 1.826
2023-04-09 Sunday 15:09:48: 1-Total Mean Stopped= 4.873 +/- 0.110
2023-04-09 Sunday 15:09:48: 2-Total Mean Stopped= 4.873 +/- 1.875
2023-04-09 Sunday 15:09:48: ****
2023-04-09 Sunday 15:09:48: Episode:0 Mean Stopped Cross Check= 5.049 +/- 1.976
2023-04-09 Sunday 15:09:48: Episode:1 Mean Stopped Cross Check= 4.965 +/- 1.844
2023-04-09 Sunday 15:09:48: Episode:2 Mean Stopped Cross Check= 4.860 +/- 1.884
2023-04-09 Sunday 15:09:48: Episode:3 Mean Stopped Cross Check= 4.776 +/- 1.826
2023-04-09 Sunday 15:09:48: Episode:4 Mean Stopped Cross Check= 4.764 +/- 1.823
2023-04-09 Sunday 15:09:48: 1-Total Mean Stopped Cross Check= 4.883 +/- 0.110
2023-04-09 Sunday 15:09:48: 2-Total Mean Stopped Cross Check= 4.883 +/- 1.871
2023-04-09 Sunday 15:09:48: ****
2023-04-09 Sunday 15:09:48: Episode:0 Mean Waiting Time= 177.890 +/- 217.745
2023-04-09 Sunday 15:09:48: Episode:1 Mean Waiting Time= 140.708 +/- 173.490
2023-04-09 Sunday 15:09:48: Episode:2 Mean Waiting Time= 144.193 +/- 190.776
2023-04-09 Sunday 15:09:48: Episode:3 Mean Waiting Time= 125.830 +/- 155.468
2023-04-09 Sunday 15:09:48: Episode:4 Mean Waiting Time= 140.138 +/- 179.027
2023-04-09 Sunday 15:09:48: 1-Total Mean Waiting Time= 145.752 +/- 17.257
2023-04-09 Sunday 15:09:48: 2-Total Mean Waiting Time= 145.752 +/- 183.301
2023-04-09 Sunday 15:09:48: Episode:0 Mean Avg Speed= 0.383 +/- 0.080
2023-04-09 Sunday 15:09:48: Episode:1 Mean Avg Speed= 0.382 +/- 0.077
2023-04-09 Sunday 15:09:48: Episode:2 Mean Avg Speed= 0.386 +/- 0.079
2023-04-09 Sunday 15:09:48: Episode:3 Mean Avg Speed= 0.388 +/- 0.080
2023-04-09 Sunday 15:09:48: Episode:4 Mean Avg Speed= 0.389 +/- 0.079
2023-04-09 Sunday 15:09:48: 1-Total Mean Avg Speed= 0.386 +/- 0.003
2023-04-09 Sunday 15:09:48: 2-Total Mean Avg Speed= 0.386 +/- 0.079
2023-04-09 Sunday 15:09:48: Episode:0 Mean Avg Speed 2= 7.101 +/- 1.470
2023-04-09 Sunday 15:09:48: Episode:1 Mean Avg Speed 2= 7.094 +/- 1.425
2023-04-09 Sunday 15:09:48: Episode:2 Mean Avg Speed 2= 7.180 +/- 1.461
2023-04-09 Sunday 15:09:48: Episode:3 Mean Avg Speed 2= 7.206 +/- 1.470
2023-04-09 Sunday 15:09:48: Episode:4 Mean Avg Speed 2= 7.224 +/- 1.450
2023-04-09 Sunday 15:09:48: 1-Total Mean Avg Speed 2= 7.161 +/- 0.054
2023-04-09 Sunday 15:09:48: 2-Total Mean Avg Speed 2= 7.161 +/- 1.455
2023-04-09 Sunday 15:09:48: Episode:0 Mean Avg Speed Cross Check= 8.168 +/- 0.974
2023-04-09 Sunday 15:09:48: Episode:1 Mean Avg Speed Cross Check= 8.166 +/- 0.941
2023-04-09 Sunday 15:09:48: Episode:2 Mean Avg Speed Cross Check= 8.223 +/- 0.962
2023-04-09 Sunday 15:09:48: Episode:3 Mean Avg Speed Cross Check= 8.236 +/- 0.960
2023-04-09 Sunday 15:09:48: Episode:4 Mean Avg Speed Cross Check= 8.253 +/- 0.957
2023-04-09 Sunday 15:09:48: 1-Total Mean Avg Speed Cross Check= 8.209 +/- 0.036
2023-04-09 Sunday 15:09:48: 2-Total Mean Avg Speed Cross Check= 8.209 +/- 0.959
2023-04-09 Sunday 15:09:48: ****************************************
