2023-04-12 Wednesday 11:34:36 root:INFO:Run: 5 for Baseline experiment: DE-4 - route: ../nets/roundabout/input_routes_roundabout_auto_v1-4.rou.xml - first seed: 580 - alpha: 0.5 - gamma: 0.99 - epsilon: 0.2 - reward: diff-waiting-time
2023-04-12 Wednesday 11:38:32 root:INFO:Total Missing States: 0
2023-04-12 Wednesday 11:38:32 root:INFO:Mean Reward=-11933.00 +/- 0.00
2023-04-12 Wednesday 11:38:32 root:INFO:Mean Stopped=11933.00 +/- 0.00
2023-04-12 Wednesday 11:38:32 root:INFO:Mean_Stopped=11933.00 +/- 0.00
2023-04-12 Wednesday 11:38:32 root:INFO:Mean Waiting Time=123628.00 +/- 0.00
2023-04-12 Wednesday 11:38:32 root:INFO:Mean_avg_speed=4046.86 +/- 0.00
2023-04-12 Wednesday 11:38:32 root:INFO:Mean_avg_speed_2=74493.24 +/- 0.00
2023-04-12 Wednesday 11:38:32 root:INFO:Mean_avg_speed_cross_check=89631.30 +/- 0.00
2023-04-12 Wednesday 11:38:32 root:INFO:****************************************
2023-04-12 Wednesday 11:38:32 root:INFO:Calculation 1 - Overall 
2023-04-12 Wednesday 11:38:32 root:INFO:****************************************
2023-04-12 Wednesday 11:38:32 root:INFO:Inner X Outer Loops Mean Reward=-1.193 +/- 1.035
2023-04-12 Wednesday 11:38:32 root:INFO:Inner X Outer Loops Mean Stopped= 1.193 +/- 1.035
2023-04-12 Wednesday 11:38:32 root:INFO:Inner X Outer Loops Mean Stopped Cross Check= 1.193 +/- 1.035
2023-04-12 Wednesday 11:38:32 root:INFO:Inner X Outer Loops Mean Waiting Time= 12.362 +/- 20.136
2023-04-12 Wednesday 11:38:32 root:INFO:Inner X Outer Loops Mean Avg Speed= 0.405 +/- 0.345
2023-04-12 Wednesday 11:38:32 root:INFO:Inner X Outer Loops Mean Avg Speed 2= 7.449 +/- 6.731
2023-04-12 Wednesday 11:38:32 root:INFO:Inner X Outer Loops Mean Avg Speed Cross Check= 8.962 +/- 3.703
2023-04-12 Wednesday 11:38:32 root:INFO:****************************************
2023-04-12 Wednesday 11:38:32 root:INFO:Calculation 2 - Per Episode
2023-04-12 Wednesday 11:38:32 root:INFO:****************************************
2023-04-12 Wednesday 11:38:32 root:INFO:Episode:0 Mean Waiting Time=-1.193 +/- 1.035
2023-04-12 Wednesday 11:38:32 root:INFO:1-Total Mean Reward= -1.193 +/- 0.000
2023-04-12 Wednesday 11:38:32 root:INFO:2-Total Mean Reward= -1.193 +/- 1.035
2023-04-12 Wednesday 11:38:32 root:INFO:****
2023-04-12 Wednesday 11:38:32 root:INFO:Episode:0 Mean Stopped= 1.193 +/- 1.035
2023-04-12 Wednesday 11:38:32 root:INFO:1-Total Mean Stopped= 1.193 +/- 0.000
2023-04-12 Wednesday 11:38:32 root:INFO:2-Total Mean Stopped= 1.193 +/- 1.035
2023-04-12 Wednesday 11:38:32 root:INFO:****
2023-04-12 Wednesday 11:38:32 root:INFO:Episode:0 Mean Stopped Cross Check= 1.193 +/- 1.035
2023-04-12 Wednesday 11:38:32 root:INFO:1-Total Mean Stopped Cross Check= 1.193 +/- 0.000
2023-04-12 Wednesday 11:38:32 root:INFO:2-Total Mean Stopped Cross Check= 1.193 +/- 1.035
2023-04-12 Wednesday 11:38:32 root:INFO:****
2023-04-12 Wednesday 11:38:32 root:INFO:Episode:0 Mean Waiting Time= 12.362 +/- 20.136
2023-04-12 Wednesday 11:38:32 root:INFO:1-Total Mean Waiting Time= 12.362 +/- 0.000
2023-04-12 Wednesday 11:38:32 root:INFO:2-Total Mean Waiting Time= 12.362 +/- 20.136
2023-04-12 Wednesday 11:38:32 root:INFO:Episode:0 Mean Avg Speed= 0.405 +/- 0.345
2023-04-12 Wednesday 11:38:32 root:INFO:1-Total Mean Avg Speed= 0.405 +/- 0.000
2023-04-12 Wednesday 11:38:32 root:INFO:2-Total Mean Avg Speed= 0.405 +/- 0.345
2023-04-12 Wednesday 11:38:32 root:INFO:Episode:0 Mean Avg Speed 2= 7.449 +/- 6.731
2023-04-12 Wednesday 11:38:32 root:INFO:1-Total Mean Avg Speed 2= 7.449 +/- 0.000
2023-04-12 Wednesday 11:38:32 root:INFO:2-Total Mean Avg Speed 2= 7.449 +/- 6.731
2023-04-12 Wednesday 11:38:32 root:INFO:Episode:0 Mean Avg Speed Cross Check= 8.962 +/- 3.703
2023-04-12 Wednesday 11:38:32 root:INFO:1-Total Mean Avg Speed Cross Check= 8.962 +/- 0.000
2023-04-12 Wednesday 11:38:32 root:INFO:2-Total Mean Avg Speed Cross Check= 8.962 +/- 3.703
2023-04-12 Wednesday 11:38:32 root:INFO:****************************************
