2023-04-12 Wednesday 11:09:48: Run: 5 for Training experiment: DE-4 - route: ../nets/roundabout/input_routes_roundabout_auto_v1-4.rou.xml - first seed: 570 - alpha: 0.5 - gamma: 0.99 - epsilon: 0.2 - reward: diff-waiting-time
2023-04-12 Wednesday 11:13:47: Run: 1 - First Epsilon: 0.2 - Last Epsilon: 0.2
2023-04-12 Wednesday 11:17:50: Run: 2 - First Epsilon: 0.2 - Last Epsilon: 0.2
2023-04-12 Wednesday 11:21:53: Run: 3 - First Epsilon: 0.2 - Last Epsilon: 0.2
2023-04-12 Wednesday 11:25:55: Run: 4 - First Epsilon: 0.2 - Last Epsilon: 0.2
2023-04-12 Wednesday 11:29:55: Run: 5 - First Epsilon: 0.2 - Last Epsilon: 0.2
2023-04-12 Wednesday 11:29:55: Q-Table Total Distinct States: 108
2023-04-12 Wednesday 11:29:55: Mean_reward=-1.90 +/- 2.09
2023-04-12 Wednesday 11:29:55: Mean_Stopped=18533.60 +/- 1086.08
2023-04-12 Wednesday 11:29:55: Mean_Stopped=18536.00 +/- 1086.46
2023-04-12 Wednesday 11:29:55: Mean_waiting_time=744534.80 +/- 134069.73
2023-04-12 Wednesday 11:29:55: Mean_avg_speed=3625.82 +/- 64.72
2023-04-12 Wednesday 11:29:55: Mean_avg_speed_2=66585.68 +/- 1105.90
2023-04-12 Wednesday 11:29:55: Mean_avg_speed_cross_check=81465.64 +/- 1024.91
2023-04-12 Wednesday 11:29:55: ****************************************
2023-04-12 Wednesday 11:29:55: Calculation 1 - Overall 
2023-04-12 Wednesday 11:29:55: ****************************************
2023-04-12 Wednesday 11:29:55: Inner X Outer Loops Mean Reward= -0.000 +/- 0.535
2023-04-12 Wednesday 11:29:55: Inner X Outer Loops Mean Stopped= 1.853 +/- 1.324
2023-04-12 Wednesday 11:29:55: Inner X Outer Loops Mean Stopped Cross Check= 1.853 +/- 1.325
2023-04-12 Wednesday 11:29:55: Inner X Outer Loops Mean Waiting Time= 74.446 +/- 128.874
2023-04-12 Wednesday 11:29:55: Inner X Outer Loops Mean Avg Speed= 0.363 +/- 0.298
2023-04-12 Wednesday 11:29:55: Inner X Outer Loops Mean Avg Speed 2= 6.658 +/- 5.861
2023-04-12 Wednesday 11:29:55: Inner X Outer Loops Mean Avg Speed Cross Check= 8.146 +/- 3.563
2023-04-12 Wednesday 11:29:55: ****************************************
2023-04-12 Wednesday 11:29:55: Calculation 2 - Per Episode
2023-04-12 Wednesday 11:29:55: ****************************************
2023-04-12 Wednesday 11:29:55: Episode:0 Mean Reward= -0.000 +/- 0.477
2023-04-12 Wednesday 11:29:55: Episode:1 Mean Reward= 0.000 +/- 0.616
2023-04-12 Wednesday 11:29:55: Episode:2 Mean Reward= -0.000 +/- 0.562
2023-04-12 Wednesday 11:29:55: Episode:3 Mean Reward= -0.001 +/- 0.529
2023-04-12 Wednesday 11:29:55: Episode:4 Mean Reward= -0.000 +/- 0.479
2023-04-12 Wednesday 11:29:55: 1-Total Mean Reward= -0.000 +/- 0.000
2023-04-12 Wednesday 11:29:55: 2-Total Mean Reward= -0.000 +/- 0.533
2023-04-12 Wednesday 11:29:55: ****
2023-04-12 Wednesday 11:29:55: Episode:0 Mean Stopped= 1.762 +/- 1.243
2023-04-12 Wednesday 11:29:55: Episode:1 Mean Stopped= 2.020 +/- 1.432
2023-04-12 Wednesday 11:29:55: Episode:2 Mean Stopped= 1.919 +/- 1.362
2023-04-12 Wednesday 11:29:55: Episode:3 Mean Stopped= 1.847 +/- 1.299
2023-04-12 Wednesday 11:29:55: Episode:4 Mean Stopped= 1.718 +/- 1.254
2023-04-12 Wednesday 11:29:55: 1-Total Mean Stopped= 1.853 +/- 0.109
2023-04-12 Wednesday 11:29:55: 2-Total Mean Stopped= 1.853 +/- 1.318
2023-04-12 Wednesday 11:29:55: ****
2023-04-12 Wednesday 11:29:55: Episode:0 Mean Stopped Cross Check= 1.762 +/- 1.244
2023-04-12 Wednesday 11:29:55: Episode:1 Mean Stopped Cross Check= 2.021 +/- 1.432
2023-04-12 Wednesday 11:29:55: Episode:2 Mean Stopped Cross Check= 1.919 +/- 1.362
2023-04-12 Wednesday 11:29:55: Episode:3 Mean Stopped Cross Check= 1.848 +/- 1.299
2023-04-12 Wednesday 11:29:55: Episode:4 Mean Stopped Cross Check= 1.718 +/- 1.255
2023-04-12 Wednesday 11:29:55: 1-Total Mean Stopped Cross Check= 1.853 +/- 0.109
2023-04-12 Wednesday 11:29:55: 2-Total Mean Stopped Cross Check= 1.853 +/- 1.318
2023-04-12 Wednesday 11:29:55: ****
2023-04-12 Wednesday 11:29:55: Episode:0 Mean Waiting Time= 60.791 +/- 94.892
2023-04-12 Wednesday 11:29:55: Episode:1 Mean Waiting Time= 95.963 +/- 163.303
2023-04-12 Wednesday 11:29:55: Episode:2 Mean Waiting Time= 81.488 +/- 140.157
2023-04-12 Wednesday 11:29:55: Episode:3 Mean Waiting Time= 73.643 +/- 123.901
2023-04-12 Wednesday 11:29:55: Episode:4 Mean Waiting Time= 60.344 +/- 107.128
2023-04-12 Wednesday 11:29:55: 1-Total Mean Waiting Time= 74.446 +/- 13.406
2023-04-12 Wednesday 11:29:55: 2-Total Mean Waiting Time= 74.446 +/- 125.876
2023-04-12 Wednesday 11:29:55: Episode:0 Mean Avg Speed= 0.369 +/- 0.302
2023-04-12 Wednesday 11:29:55: Episode:1 Mean Avg Speed= 0.353 +/- 0.290
2023-04-12 Wednesday 11:29:55: Episode:2 Mean Avg Speed= 0.360 +/- 0.296
2023-04-12 Wednesday 11:29:55: Episode:3 Mean Avg Speed= 0.361 +/- 0.296
2023-04-12 Wednesday 11:29:55: Episode:4 Mean Avg Speed= 0.370 +/- 0.305
2023-04-12 Wednesday 11:29:55: 1-Total Mean Avg Speed= 0.363 +/- 0.006
2023-04-12 Wednesday 11:29:55: 2-Total Mean Avg Speed= 0.363 +/- 0.298
2023-04-12 Wednesday 11:29:55: Episode:0 Mean Avg Speed 2= 6.748 +/- 5.911
2023-04-12 Wednesday 11:29:55: Episode:1 Mean Avg Speed 2= 6.491 +/- 5.719
2023-04-12 Wednesday 11:29:55: Episode:2 Mean Avg Speed 2= 6.596 +/- 5.815
2023-04-12 Wednesday 11:29:55: Episode:3 Mean Avg Speed 2= 6.651 +/- 5.852
2023-04-12 Wednesday 11:29:55: Episode:4 Mean Avg Speed 2= 6.804 +/- 5.999
2023-04-12 Wednesday 11:29:55: 1-Total Mean Avg Speed 2= 6.658 +/- 0.111
2023-04-12 Wednesday 11:29:55: 2-Total Mean Avg Speed 2= 6.658 +/- 5.859
2023-04-12 Wednesday 11:29:55: Episode:0 Mean Avg Speed Cross Check= 8.226 +/- 3.557
2023-04-12 Wednesday 11:29:55: Episode:1 Mean Avg Speed Cross Check= 7.998 +/- 3.532
2023-04-12 Wednesday 11:29:55: Episode:2 Mean Avg Speed Cross Check= 8.075 +/- 3.566
2023-04-12 Wednesday 11:29:55: Episode:3 Mean Avg Speed Cross Check= 8.145 +/- 3.567
2023-04-12 Wednesday 11:29:55: Episode:4 Mean Avg Speed Cross Check= 8.284 +/- 3.587
2023-04-12 Wednesday 11:29:55: 1-Total Mean Avg Speed Cross Check= 8.146 +/- 0.102
2023-04-12 Wednesday 11:29:55: 2-Total Mean Avg Speed Cross Check= 8.146 +/- 3.562
2023-04-12 Wednesday 11:29:55: ****************************************
