2023-01-27 Friday 19:47:51 root:INFO:Total Missing States: 0
2023-01-27 Friday 19:47:51 root:INFO:Mean Reward=-697.56 +/- 4.25
2023-01-27 Friday 19:47:51 root:INFO:Mean Stopped=1440708.40 +/- 364.15
2023-01-27 Friday 19:47:51 root:INFO:Mean Waiting Time=642423603.00 +/- 206007.08
2023-01-27 Friday 19:47:51 root:INFO:****************************************
2023-01-27 Friday 19:47:51 root:INFO:Calculation 1 - Overall 
2023-01-27 Friday 19:47:51 root:INFO:****************************************
2023-01-27 Friday 19:47:51 root:INFO:Inner X Outer Loops Mean Reward=-0.070 +/- 5.062
2023-01-27 Friday 19:47:51 root:INFO:Inner X Outer Loops Mean Stopped= 144.056 +/- 24.664
2023-01-27 Friday 19:47:51 root:INFO:Inner X Outer Loops Mean Waiting Time= 64235.937 +/- 14278.387
2023-01-27 Friday 19:47:51 root:INFO:****************************************
2023-01-27 Friday 19:47:51 root:INFO:Calculation 2 - Per Episode
2023-01-27 Friday 19:47:51 root:INFO:****************************************
2023-01-27 Friday 19:47:51 root:INFO:Episode:0 Mean Waiting Time=-0.070 +/- 5.063
2023-01-27 Friday 19:47:51 root:INFO:Episode:1 Mean Waiting Time=-0.070 +/- 5.064
2023-01-27 Friday 19:47:51 root:INFO:Episode:2 Mean Waiting Time=-0.069 +/- 5.063
2023-01-27 Friday 19:47:51 root:INFO:Episode:3 Mean Waiting Time=-0.070 +/- 5.061
2023-01-27 Friday 19:47:51 root:INFO:Episode:4 Mean Waiting Time=-0.070 +/- 5.061
2023-01-27 Friday 19:47:51 root:INFO:1-Total Mean Reward= -0.070 +/- 0.000
2023-01-27 Friday 19:47:51 root:INFO:2-Total Mean Reward= -0.070 +/- 5.062
2023-01-27 Friday 19:47:51 root:INFO:****
2023-01-27 Friday 19:47:51 root:INFO:Episode:0 Mean Stopped= 144.095 +/- 24.618
2023-01-27 Friday 19:47:51 root:INFO:Episode:1 Mean Stopped= 144.014 +/- 24.650
2023-01-27 Friday 19:47:51 root:INFO:Episode:2 Mean Stopped= 144.105 +/- 24.621
2023-01-27 Friday 19:47:51 root:INFO:Episode:3 Mean Stopped= 144.035 +/- 24.626
2023-01-27 Friday 19:47:51 root:INFO:Episode:4 Mean Stopped= 144.033 +/- 24.803
2023-01-27 Friday 19:47:51 root:INFO:1-Total Mean Stopped= 144.056 +/- 0.036
2023-01-27 Friday 19:47:51 root:INFO:2-Total Mean Stopped= 144.056 +/- 24.664
2023-01-27 Friday 19:47:51 root:INFO:****
2023-01-27 Friday 19:47:51 root:INFO:Episode:0 Mean Waiting Time= 64237.700 +/- 14261.937
2023-01-27 Friday 19:47:51 root:INFO:Episode:1 Mean Waiting Time= 64224.614 +/- 14259.057
2023-01-27 Friday 19:47:51 root:INFO:Episode:2 Mean Waiting Time= 64272.519 +/- 14276.214
2023-01-27 Friday 19:47:51 root:INFO:Episode:3 Mean Waiting Time= 64234.400 +/- 14266.198
2023-01-27 Friday 19:47:51 root:INFO:Episode:4 Mean Waiting Time= 64210.450 +/- 14328.340
2023-01-27 Friday 19:47:51 root:INFO:1-Total Mean Waiting Time= 64235.937 +/- 20.599
2023-01-27 Friday 19:47:51 root:INFO:2-Total Mean Waiting Time= 64235.937 +/- 14278.349
2023-01-27 Friday 19:47:51 root:INFO:****************************************
