2023-01-25 Wednesday 23:31:28: Run: 1 - First Epsilon: 0.4 - Last Epsilon: 0.4
2023-01-25 Wednesday 23:35:43: Run: 2 - First Epsilon: 0.4 - Last Epsilon: 0.4
2023-01-25 Wednesday 23:40:13: Run: 3 - First Epsilon: 0.4 - Last Epsilon: 0.4
2023-01-25 Wednesday 23:44:27: Run: 4 - First Epsilon: 0.4 - Last Epsilon: 0.4
2023-01-25 Wednesday 23:49:01: Run: 5 - First Epsilon: 0.4 - Last Epsilon: 0.4
2023-01-25 Wednesday 23:49:01: Q-Table Total Distinct States: 436
2023-01-25 Wednesday 23:49:01: Mean_reward=-1.82 +/- 0.71
2023-01-25 Wednesday 23:49:01: Mean_Stopped=78619.20 +/- 6084.59
2023-01-25 Wednesday 23:49:01: Mean_waiting_time=2636726.20 +/- 633861.96
2023-01-25 Wednesday 23:49:01: ****************************************
2023-01-25 Wednesday 23:49:01: Calculation 1 - Overall 
2023-01-25 Wednesday 23:49:01: ****************************************
2023-01-25 Wednesday 23:49:01: Inner X Outer Loops Mean Reward= -0.000 +/- 0.456
2023-01-25 Wednesday 23:49:01: Inner X Outer Loops Mean Stopped= 7.861 +/- 3.404
2023-01-25 Wednesday 23:49:01: Inner X Outer Loops Mean Waiting Time= 263.646 +/- 418.686
2023-01-25 Wednesday 23:49:01: ****************************************
2023-01-25 Wednesday 23:49:01: Calculation 2 - Per Episode
2023-01-25 Wednesday 23:49:01: ****************************************
2023-01-25 Wednesday 23:49:01: Episode:0 Mean Reward= -0.000 +/- 0.577
2023-01-25 Wednesday 23:49:01: Episode:1 Mean Reward= -0.000 +/- 0.426
2023-01-25 Wednesday 23:49:01: Episode:2 Mean Reward= -0.000 +/- 0.414
2023-01-25 Wednesday 23:49:01: Episode:3 Mean Reward= -0.000 +/- 0.409
2023-01-25 Wednesday 23:49:01: Episode:4 Mean Reward= -0.000 +/- 0.433
2023-01-25 Wednesday 23:49:01: 1-Total Mean Reward= -0.000 +/- 0.000
2023-01-25 Wednesday 23:49:01: 2-Total Mean Reward= -0.000 +/- 0.452
2023-01-25 Wednesday 23:49:01: ****
2023-01-25 Wednesday 23:49:01: Episode:0 Mean Stopped= 9.059 +/- 5.210
2023-01-25 Wednesday 23:49:01: Episode:1 Mean Stopped= 7.568 +/- 2.667
2023-01-25 Wednesday 23:49:01: Episode:2 Mean Stopped= 7.519 +/- 2.641
2023-01-25 Wednesday 23:49:01: Episode:3 Mean Stopped= 7.414 +/- 2.605
2023-01-25 Wednesday 23:49:01: Episode:4 Mean Stopped= 7.746 +/- 2.843
2023-01-25 Wednesday 23:49:01: 1-Total Mean Stopped= 7.861 +/- 0.608
2023-01-25 Wednesday 23:49:01: 2-Total Mean Stopped= 7.861 +/- 3.193
2023-01-25 Wednesday 23:49:01: ****
2023-01-25 Wednesday 23:49:01: Episode:0 Mean Waiting Time= 389.660 +/- 861.567
2023-01-25 Wednesday 23:49:01: Episode:1 Mean Waiting Time= 235.256 +/- 166.030
2023-01-25 Wednesday 23:49:01: Episode:2 Mean Waiting Time= 228.295 +/- 163.190
2023-01-25 Wednesday 23:49:01: Episode:3 Mean Waiting Time= 222.239 +/- 162.712
2023-01-25 Wednesday 23:49:01: Episode:4 Mean Waiting Time= 242.781 +/- 182.852
2023-01-25 Wednesday 23:49:01: 1-Total Mean Waiting Time= 263.646 +/- 63.380
2023-01-25 Wednesday 23:49:01: 2-Total Mean Waiting Time= 263.646 +/- 307.270
2023-01-25 Wednesday 23:49:01: ****************************************
