2023-03-03 Friday 07:44:42: Run: 2 for Training experiment: DoE-11 - first seed: 270 - alpha: 0.1 - gamma: 0.9 - epsilon: 0.4 - reward: diff-waiting-time
2023-03-03 Friday 07:49:58: Run: 1 - First Epsilon: 0.4 - Last Epsilon: 0.4
2023-03-03 Friday 07:55:16: Run: 2 - First Epsilon: 0.4 - Last Epsilon: 0.4
2023-03-03 Friday 08:00:50: Run: 3 - First Epsilon: 0.4 - Last Epsilon: 0.4
2023-03-03 Friday 08:06:30: Run: 4 - First Epsilon: 0.4 - Last Epsilon: 0.4
2023-03-03 Friday 08:12:07: Run: 5 - First Epsilon: 0.4 - Last Epsilon: 0.4
2023-03-03 Friday 08:12:07: Q-Table Total Distinct States: 320
2023-03-03 Friday 08:12:07: Mean_reward=-1.30 +/- 0.65
2023-03-03 Friday 08:12:07: Mean_Stopped=83059.20 +/- 2067.73
2023-03-03 Friday 08:12:07: Mean_Stopped=83179.40 +/- 2066.25
2023-03-03 Friday 08:12:07: Mean_waiting_time=1788530.80 +/- 93762.17
2023-03-03 Friday 08:12:07: Mean_avg_speed=3442.04 +/- 34.94
2023-03-03 Friday 08:12:07: Mean_avg_speed_2=63976.88 +/- 662.52
2023-03-03 Friday 08:12:07: Mean_avg_speed_cross_check=76608.34 +/- 525.24
2023-03-03 Friday 08:12:07: ****************************************
2023-03-03 Friday 08:12:07: Calculation 1 - Overall 
2023-03-03 Friday 08:12:07: ****************************************
2023-03-03 Friday 08:12:07: Inner X Outer Loops Mean Reward= -0.000 +/- 0.802
2023-03-03 Friday 08:12:07: Inner X Outer Loops Mean Stopped= 8.305 +/- 2.960
2023-03-03 Friday 08:12:07: Inner X Outer Loops Mean Stopped Cross Check= 8.317 +/- 2.960
2023-03-03 Friday 08:12:07: Inner X Outer Loops Mean Waiting Time= 178.835 +/- 154.073
2023-03-03 Friday 08:12:07: Inner X Outer Loops Mean Avg Speed= 0.344 +/- 0.062
2023-03-03 Friday 08:12:07: Inner X Outer Loops Mean Avg Speed 2= 6.397 +/- 1.117
2023-03-03 Friday 08:12:07: Inner X Outer Loops Mean Avg Speed Cross Check= 7.660 +/- 0.839
2023-03-03 Friday 08:12:07: ****************************************
2023-03-03 Friday 08:12:07: Calculation 2 - Per Episode
2023-03-03 Friday 08:12:07: ****************************************
2023-03-03 Friday 08:12:07: Episode:0 Mean Reward= -0.000 +/- 0.782
2023-03-03 Friday 08:12:07: Episode:1 Mean Reward= -0.000 +/- 0.806
2023-03-03 Friday 08:12:07: Episode:2 Mean Reward= -0.000 +/- 0.772
2023-03-03 Friday 08:12:07: Episode:3 Mean Reward= -0.000 +/- 0.825
2023-03-03 Friday 08:12:07: Episode:4 Mean Reward= -0.000 +/- 0.826
2023-03-03 Friday 08:12:07: 1-Total Mean Reward= -0.000 +/- 0.000
2023-03-03 Friday 08:12:07: 2-Total Mean Reward= -0.000 +/- 0.802
2023-03-03 Friday 08:12:07: ****
2023-03-03 Friday 08:12:07: Episode:0 Mean Stopped= 8.192 +/- 2.837
2023-03-03 Friday 08:12:07: Episode:1 Mean Stopped= 8.268 +/- 2.892
2023-03-03 Friday 08:12:07: Episode:2 Mean Stopped= 8.018 +/- 2.609
2023-03-03 Friday 08:12:07: Episode:3 Mean Stopped= 8.628 +/- 3.080
2023-03-03 Friday 08:12:07: Episode:4 Mean Stopped= 8.420 +/- 3.298
2023-03-03 Friday 08:12:07: 1-Total Mean Stopped= 8.305 +/- 0.207
2023-03-03 Friday 08:12:07: 2-Total Mean Stopped= 8.305 +/- 2.943
2023-03-03 Friday 08:12:07: ****
2023-03-03 Friday 08:12:07: Episode:0 Mean Stopped Cross Check= 8.204 +/- 2.837
2023-03-03 Friday 08:12:07: Episode:1 Mean Stopped Cross Check= 8.281 +/- 2.893
2023-03-03 Friday 08:12:07: Episode:2 Mean Stopped Cross Check= 8.030 +/- 2.608
2023-03-03 Friday 08:12:07: Episode:3 Mean Stopped Cross Check= 8.640 +/- 3.081
2023-03-03 Friday 08:12:07: Episode:4 Mean Stopped Cross Check= 8.431 +/- 3.298
2023-03-03 Friday 08:12:07: 1-Total Mean Stopped Cross Check= 8.317 +/- 0.207
2023-03-03 Friday 08:12:07: 2-Total Mean Stopped Cross Check= 8.317 +/- 2.943
2023-03-03 Friday 08:12:07: ****
2023-03-03 Friday 08:12:07: Episode:0 Mean Waiting Time= 169.782 +/- 143.749
2023-03-03 Friday 08:12:07: Episode:1 Mean Waiting Time= 181.229 +/- 151.741
2023-03-03 Friday 08:12:07: Episode:2 Mean Waiting Time= 166.115 +/- 123.921
2023-03-03 Friday 08:12:07: Episode:3 Mean Waiting Time= 189.571 +/- 151.966
2023-03-03 Friday 08:12:07: Episode:4 Mean Waiting Time= 187.479 +/- 190.035
2023-03-03 Friday 08:12:07: 1-Total Mean Waiting Time= 178.835 +/- 9.375
2023-03-03 Friday 08:12:07: 2-Total Mean Waiting Time= 178.835 +/- 152.282
2023-03-03 Friday 08:12:07: Episode:0 Mean Avg Speed= 0.346 +/- 0.062
2023-03-03 Friday 08:12:07: Episode:1 Mean Avg Speed= 0.344 +/- 0.060
2023-03-03 Friday 08:12:07: Episode:2 Mean Avg Speed= 0.349 +/- 0.060
2023-03-03 Friday 08:12:07: Episode:3 Mean Avg Speed= 0.338 +/- 0.062
2023-03-03 Friday 08:12:07: Episode:4 Mean Avg Speed= 0.344 +/- 0.064
2023-03-03 Friday 08:12:07: 1-Total Mean Avg Speed= 0.344 +/- 0.003
2023-03-03 Friday 08:12:07: 2-Total Mean Avg Speed= 0.344 +/- 0.062
2023-03-03 Friday 08:12:07: Episode:0 Mean Avg Speed 2= 6.444 +/- 1.129
2023-03-03 Friday 08:12:07: Episode:1 Mean Avg Speed 2= 6.399 +/- 1.095
2023-03-03 Friday 08:12:07: Episode:2 Mean Avg Speed 2= 6.474 +/- 1.079
2023-03-03 Friday 08:12:07: Episode:3 Mean Avg Speed 2= 6.279 +/- 1.114
2023-03-03 Friday 08:12:07: Episode:4 Mean Avg Speed 2= 6.390 +/- 1.158
2023-03-03 Friday 08:12:07: 1-Total Mean Avg Speed 2= 6.397 +/- 0.066
2023-03-03 Friday 08:12:07: 2-Total Mean Avg Speed 2= 6.397 +/- 1.115
2023-03-03 Friday 08:12:07: Episode:0 Mean Avg Speed Cross Check= 7.698 +/- 0.842
2023-03-03 Friday 08:12:07: Episode:1 Mean Avg Speed Cross Check= 7.666 +/- 0.827
2023-03-03 Friday 08:12:07: Episode:2 Mean Avg Speed Cross Check= 7.720 +/- 0.797
2023-03-03 Friday 08:12:07: Episode:3 Mean Avg Speed Cross Check= 7.568 +/- 0.847
2023-03-03 Friday 08:12:07: Episode:4 Mean Avg Speed Cross Check= 7.648 +/- 0.873
2023-03-03 Friday 08:12:07: 1-Total Mean Avg Speed Cross Check= 7.660 +/- 0.053
2023-03-03 Friday 08:12:07: 2-Total Mean Avg Speed Cross Check= 7.660 +/- 0.837
2023-03-03 Friday 08:12:07: ****************************************
