2023-03-05 Sunday 08:28:15: Run: 2 for Training experiment: DoE-39 - first seed: 270 - alpha: 0.5 - gamma: 0.8 - epsilon: 0.3 - reward: diff-waiting-time
2023-03-05 Sunday 08:34:06: Run: 1 - First Epsilon: 0.3 - Last Epsilon: 0.3
2023-03-05 Sunday 08:39:45: Run: 2 - First Epsilon: 0.3 - Last Epsilon: 0.3
2023-03-05 Sunday 08:45:27: Run: 3 - First Epsilon: 0.3 - Last Epsilon: 0.3
2023-03-05 Sunday 08:51:04: Run: 4 - First Epsilon: 0.3 - Last Epsilon: 0.3
2023-03-05 Sunday 08:56:44: Run: 5 - First Epsilon: 0.3 - Last Epsilon: 0.3
2023-03-05 Sunday 08:56:45: Q-Table Total Distinct States: 392
2023-03-05 Sunday 08:56:45: Mean_reward=-1.45 +/- 1.03
2023-03-05 Sunday 08:56:45: Mean_Stopped=82075.80 +/- 4686.16
2023-03-05 Sunday 08:56:45: Mean_Stopped=82223.00 +/- 4678.56
2023-03-05 Sunday 08:56:45: Mean_waiting_time=1825199.80 +/- 260152.19
2023-03-05 Sunday 08:56:45: Mean_avg_speed=3465.18 +/- 59.94
2023-03-05 Sunday 08:56:45: Mean_avg_speed_2=64427.91 +/- 1078.26
2023-03-05 Sunday 08:56:45: Mean_avg_speed_cross_check=76874.18 +/- 843.83
2023-03-05 Sunday 08:56:45: ****************************************
2023-03-05 Sunday 08:56:45: Calculation 1 - Overall 
2023-03-05 Sunday 08:56:45: ****************************************
2023-03-05 Sunday 08:56:45: Inner X Outer Loops Mean Reward= -0.000 +/- 0.808
2023-03-05 Sunday 08:56:45: Inner X Outer Loops Mean Stopped= 8.207 +/- 3.314
2023-03-05 Sunday 08:56:45: Inner X Outer Loops Mean Stopped Cross Check= 8.221 +/- 3.314
2023-03-05 Sunday 08:56:45: Inner X Outer Loops Mean Waiting Time= 182.502 +/- 199.882
2023-03-05 Sunday 08:56:45: Inner X Outer Loops Mean Avg Speed= 0.346 +/- 0.063
2023-03-05 Sunday 08:56:45: Inner X Outer Loops Mean Avg Speed 2= 6.442 +/- 1.155
2023-03-05 Sunday 08:56:45: Inner X Outer Loops Mean Avg Speed Cross Check= 7.687 +/- 0.868
2023-03-05 Sunday 08:56:45: ****************************************
2023-03-05 Sunday 08:56:45: Calculation 2 - Per Episode
2023-03-05 Sunday 08:56:45: ****************************************
2023-03-05 Sunday 08:56:45: Episode:0 Mean Reward= -0.000 +/- 0.922
2023-03-05 Sunday 08:56:45: Episode:1 Mean Reward= -0.000 +/- 0.793
2023-03-05 Sunday 08:56:45: Episode:2 Mean Reward= -0.000 +/- 0.781
2023-03-05 Sunday 08:56:45: Episode:3 Mean Reward= -0.000 +/- 0.748
2023-03-05 Sunday 08:56:45: Episode:4 Mean Reward= -0.000 +/- 0.787
2023-03-05 Sunday 08:56:45: 1-Total Mean Reward= -0.000 +/- 0.000
2023-03-05 Sunday 08:56:45: 2-Total Mean Reward= -0.000 +/- 0.806
2023-03-05 Sunday 08:56:45: ****
2023-03-05 Sunday 08:56:45: Episode:0 Mean Stopped= 9.076 +/- 4.954
2023-03-05 Sunday 08:56:45: Episode:1 Mean Stopped= 7.913 +/- 2.704
2023-03-05 Sunday 08:56:45: Episode:2 Mean Stopped= 8.219 +/- 2.769
2023-03-05 Sunday 08:56:45: Episode:3 Mean Stopped= 7.709 +/- 2.556
2023-03-05 Sunday 08:56:45: Episode:4 Mean Stopped= 8.117 +/- 2.785
2023-03-05 Sunday 08:56:45: 1-Total Mean Stopped= 8.207 +/- 0.469
2023-03-05 Sunday 08:56:45: 2-Total Mean Stopped= 8.207 +/- 3.154
2023-03-05 Sunday 08:56:45: ****
2023-03-05 Sunday 08:56:45: Episode:0 Mean Stopped Cross Check= 9.089 +/- 4.953
2023-03-05 Sunday 08:56:45: Episode:1 Mean Stopped Cross Check= 7.929 +/- 2.705
2023-03-05 Sunday 08:56:45: Episode:2 Mean Stopped Cross Check= 8.233 +/- 2.769
2023-03-05 Sunday 08:56:45: Episode:3 Mean Stopped Cross Check= 7.724 +/- 2.555
2023-03-05 Sunday 08:56:45: Episode:4 Mean Stopped Cross Check= 8.131 +/- 2.786
2023-03-05 Sunday 08:56:45: 1-Total Mean Stopped Cross Check= 8.221 +/- 0.468
2023-03-05 Sunday 08:56:45: 2-Total Mean Stopped Cross Check= 8.221 +/- 3.154
2023-03-05 Sunday 08:56:45: ****
2023-03-05 Sunday 08:56:45: Episode:0 Mean Waiting Time= 233.105 +/- 350.372
2023-03-05 Sunday 08:56:45: Episode:1 Mean Waiting Time= 174.825 +/- 147.695
2023-03-05 Sunday 08:56:45: Episode:2 Mean Waiting Time= 171.933 +/- 129.869
2023-03-05 Sunday 08:56:45: Episode:3 Mean Waiting Time= 158.310 +/- 119.426
2023-03-05 Sunday 08:56:45: Episode:4 Mean Waiting Time= 174.334 +/- 143.796
2023-03-05 Sunday 08:56:45: 1-Total Mean Waiting Time= 182.502 +/- 26.013
2023-03-05 Sunday 08:56:45: 2-Total Mean Waiting Time= 182.502 +/- 178.231
2023-03-05 Sunday 08:56:45: Episode:0 Mean Avg Speed= 0.337 +/- 0.070
2023-03-05 Sunday 08:56:45: Episode:1 Mean Avg Speed= 0.351 +/- 0.062
2023-03-05 Sunday 08:56:45: Episode:2 Mean Avg Speed= 0.344 +/- 0.061
2023-03-05 Sunday 08:56:45: Episode:3 Mean Avg Speed= 0.354 +/- 0.061
2023-03-05 Sunday 08:56:45: Episode:4 Mean Avg Speed= 0.346 +/- 0.062
2023-03-05 Sunday 08:56:45: 1-Total Mean Avg Speed= 0.346 +/- 0.006
2023-03-05 Sunday 08:56:45: 2-Total Mean Avg Speed= 0.346 +/- 0.063
2023-03-05 Sunday 08:56:45: Episode:0 Mean Avg Speed 2= 6.267 +/- 1.279
2023-03-05 Sunday 08:56:45: Episode:1 Mean Avg Speed 2= 6.518 +/- 1.126
2023-03-05 Sunday 08:56:45: Episode:2 Mean Avg Speed 2= 6.397 +/- 1.114
2023-03-05 Sunday 08:56:45: Episode:3 Mean Avg Speed 2= 6.582 +/- 1.102
2023-03-05 Sunday 08:56:45: Episode:4 Mean Avg Speed 2= 6.446 +/- 1.121
2023-03-05 Sunday 08:56:45: 1-Total Mean Avg Speed 2= 6.442 +/- 0.108
2023-03-05 Sunday 08:56:45: 2-Total Mean Avg Speed 2= 6.442 +/- 1.148
2023-03-05 Sunday 08:56:45: Episode:0 Mean Avg Speed Cross Check= 7.543 +/- 1.015
2023-03-05 Sunday 08:56:45: Episode:1 Mean Avg Speed Cross Check= 7.744 +/- 0.826
2023-03-05 Sunday 08:56:45: Episode:2 Mean Avg Speed Cross Check= 7.659 +/- 0.830
2023-03-05 Sunday 08:56:45: Episode:3 Mean Avg Speed Cross Check= 7.791 +/- 0.802
2023-03-05 Sunday 08:56:45: Episode:4 Mean Avg Speed Cross Check= 7.696 +/- 0.830
2023-03-05 Sunday 08:56:45: 1-Total Mean Avg Speed Cross Check= 7.687 +/- 0.084
2023-03-05 Sunday 08:56:45: 2-Total Mean Avg Speed Cross Check= 7.687 +/- 0.861
2023-03-05 Sunday 08:56:45: ****************************************
