2023-02-19 Sunday 10:36:31: Run: 1 - First Epsilon: 0.2 - Last Epsilon: 0.2
2023-02-19 Sunday 10:41:53: Run: 2 - First Epsilon: 0.2 - Last Epsilon: 0.2
2023-02-19 Sunday 10:47:16: Run: 3 - First Epsilon: 0.2 - Last Epsilon: 0.2
2023-02-19 Sunday 10:52:33: Run: 4 - First Epsilon: 0.2 - Last Epsilon: 0.2
2023-02-19 Sunday 10:57:47: Run: 5 - First Epsilon: 0.2 - Last Epsilon: 0.2
2023-02-19 Sunday 10:57:47: Q-Table Total Distinct States: 195
2023-02-19 Sunday 10:57:47: Mean_reward=-1.44 +/- 0.77
2023-02-19 Sunday 10:57:47: Mean_Stopped=80311.40 +/- 4830.96
2023-02-19 Sunday 10:57:47: Mean_Stopped=80485.20 +/- 4847.47
2023-02-19 Sunday 10:57:47: Mean_waiting_time=1772533.20 +/- 189521.53
2023-02-19 Sunday 10:57:47: Mean_avg_speed=34256.28 +/- 30780.89
2023-02-19 Sunday 10:57:47: Mean_avg_speed_2=nan +/- nan
2023-02-19 Sunday 10:57:47: Mean_avg_speed_cross_check=77270.68 +/- 1255.78
2023-02-19 Sunday 10:57:47: ****************************************
2023-02-19 Sunday 10:57:47: Calculation 1 - Overall 
2023-02-19 Sunday 10:57:47: ****************************************
2023-02-19 Sunday 10:57:48: Inner X Outer Loops Mean Reward= -0.000 +/- 0.794
2023-02-19 Sunday 10:57:48: Inner X Outer Loops Mean Stopped= 8.030 +/- 3.047
2023-02-19 Sunday 10:57:48: Inner X Outer Loops Mean Stopped Cross Check= 8.048 +/- 3.047
2023-02-19 Sunday 10:57:48: Inner X Outer Loops Mean Waiting Time= 177.236 +/- 163.886
2023-02-19 Sunday 10:57:48: Inner X Outer Loops Mean Avg Speed= 0.350 +/- 0.064
2023-02-19 Sunday 10:57:48: Inner X Outer Loops Mean Avg Speed 2= 6.501 +/- 1.169
2023-02-19 Sunday 10:57:48: Inner X Outer Loops Mean Avg Speed Cross Check= 7.726 +/- 0.868
2023-02-19 Sunday 10:57:48: ****************************************
2023-02-19 Sunday 10:57:48: Calculation 2 - Per Episode
2023-02-19 Sunday 10:57:48: ****************************************
2023-02-19 Sunday 10:57:48: Episode:0 Mean Reward= -0.000 +/- 0.840
2023-02-19 Sunday 10:57:48: Episode:1 Mean Reward= -0.000 +/- 0.820
2023-02-19 Sunday 10:57:48: Episode:2 Mean Reward= -0.000 +/- 0.830
2023-02-19 Sunday 10:57:48: Episode:3 Mean Reward= -0.000 +/- 0.759
2023-02-19 Sunday 10:57:48: Episode:4 Mean Reward= -0.000 +/- 0.713
2023-02-19 Sunday 10:57:48: 1-Total Mean Reward= -0.000 +/- 0.000
2023-02-19 Sunday 10:57:48: 2-Total Mean Reward= -0.000 +/- 0.792
2023-02-19 Sunday 10:57:48: ****
2023-02-19 Sunday 10:57:48: Episode:0 Mean Stopped= 8.613 +/- 3.339
2023-02-19 Sunday 10:57:48: Episode:1 Mean Stopped= 8.274 +/- 3.081
2023-02-19 Sunday 10:57:48: Episode:2 Mean Stopped= 8.314 +/- 3.075
2023-02-19 Sunday 10:57:48: Episode:3 Mean Stopped= 7.665 +/- 2.736
2023-02-19 Sunday 10:57:48: Episode:4 Mean Stopped= 7.286 +/- 2.767
2023-02-19 Sunday 10:57:48: 1-Total Mean Stopped= 8.030 +/- 0.483
2023-02-19 Sunday 10:57:48: 2-Total Mean Stopped= 8.030 +/- 3.000
2023-02-19 Sunday 10:57:48: ****
2023-02-19 Sunday 10:57:48: Episode:0 Mean Stopped Cross Check= 8.635 +/- 3.338
2023-02-19 Sunday 10:57:48: Episode:1 Mean Stopped Cross Check= 8.290 +/- 3.082
2023-02-19 Sunday 10:57:48: Episode:2 Mean Stopped Cross Check= 8.330 +/- 3.076
2023-02-19 Sunday 10:57:48: Episode:3 Mean Stopped Cross Check= 7.683 +/- 2.734
2023-02-19 Sunday 10:57:48: Episode:4 Mean Stopped Cross Check= 7.301 +/- 2.769
2023-02-19 Sunday 10:57:48: 1-Total Mean Stopped Cross Check= 8.048 +/- 0.485
2023-02-19 Sunday 10:57:48: 2-Total Mean Stopped Cross Check= 8.048 +/- 3.000
2023-02-19 Sunday 10:57:48: ****
2023-02-19 Sunday 10:57:48: Episode:0 Mean Waiting Time= 194.990 +/- 201.368
2023-02-19 Sunday 10:57:48: Episode:1 Mean Waiting Time= 188.272 +/- 167.942
2023-02-19 Sunday 10:57:48: Episode:2 Mean Waiting Time= 192.720 +/- 166.894
2023-02-19 Sunday 10:57:48: Episode:3 Mean Waiting Time= 163.423 +/- 140.851
2023-02-19 Sunday 10:57:48: Episode:4 Mean Waiting Time= 146.773 +/- 126.695
2023-02-19 Sunday 10:57:48: 1-Total Mean Waiting Time= 177.236 +/- 18.950
2023-02-19 Sunday 10:57:48: 2-Total Mean Waiting Time= 177.236 +/- 160.750
2023-02-19 Sunday 10:57:48: Episode:0 Mean Avg Speed= 0.339 +/- 0.065
2023-02-19 Sunday 10:57:48: Episode:1 Mean Avg Speed= 0.345 +/- 0.065
2023-02-19 Sunday 10:57:48: Episode:2 Mean Avg Speed= 0.344 +/- 0.064
2023-02-19 Sunday 10:57:48: Episode:3 Mean Avg Speed= 0.356 +/- 0.061
2023-02-19 Sunday 10:57:48: Episode:4 Mean Avg Speed= 0.365 +/- 0.063
2023-02-19 Sunday 10:57:48: 1-Total Mean Avg Speed= 0.350 +/- 0.009
2023-02-19 Sunday 10:57:48: 2-Total Mean Avg Speed= 0.350 +/- 0.063
2023-02-19 Sunday 10:57:48: Episode:0 Mean Avg Speed 2= 6.313 +/- 1.181
2023-02-19 Sunday 10:57:48: Episode:1 Mean Avg Speed 2= 6.407 +/- 1.170
2023-02-19 Sunday 10:57:48: Episode:2 Mean Avg Speed 2= 6.396 +/- 1.169
2023-02-19 Sunday 10:57:48: Episode:3 Mean Avg Speed 2= 6.610 +/- 1.112
2023-02-19 Sunday 10:57:48: Episode:4 Mean Avg Speed 2= 6.777 +/- 1.150
2023-02-19 Sunday 10:57:48: 1-Total Mean Avg Speed 2= 6.501 +/- 0.169
2023-02-19 Sunday 10:57:48: 2-Total Mean Avg Speed 2= 6.501 +/- 1.156
2023-02-19 Sunday 10:57:48: Episode:0 Mean Avg Speed Cross Check= 7.587 +/- 0.901
2023-02-19 Sunday 10:57:48: Episode:1 Mean Avg Speed Cross Check= 7.657 +/- 0.872
2023-02-19 Sunday 10:57:48: Episode:2 Mean Avg Speed Cross Check= 7.649 +/- 0.872
2023-02-19 Sunday 10:57:48: Episode:3 Mean Avg Speed Cross Check= 7.807 +/- 0.814
2023-02-19 Sunday 10:57:48: Episode:4 Mean Avg Speed Cross Check= 7.931 +/- 0.833
2023-02-19 Sunday 10:57:48: 1-Total Mean Avg Speed Cross Check= 7.726 +/- 0.126
2023-02-19 Sunday 10:57:48: 2-Total Mean Avg Speed Cross Check= 7.726 +/- 0.858
2023-02-19 Sunday 10:57:48: ****************************************
