2023-03-10 Friday 23:06:46: Run: 4 for Training experiment: DoE-17 - first seed: 470 - alpha: 0.1 - gamma: 0.99 - epsilon: 0.4 - reward: diff-waiting-time
2023-03-10 Friday 23:17:50: Run: 1 - First Epsilon: 0.4 - Last Epsilon: 0.4
2023-03-10 Friday 23:23:36: Run: 2 - First Epsilon: 0.4 - Last Epsilon: 0.4
2023-03-10 Friday 23:29:01: Run: 3 - First Epsilon: 0.4 - Last Epsilon: 0.4
2023-03-10 Friday 23:34:49: Run: 4 - First Epsilon: 0.4 - Last Epsilon: 0.4
2023-03-10 Friday 23:40:25: Run: 5 - First Epsilon: 0.4 - Last Epsilon: 0.4
2023-03-10 Friday 23:40:25: Q-Table Total Distinct States: 962
2023-03-10 Friday 23:40:25: Mean_reward=-7.38 +/- 9.29
2023-03-10 Friday 23:40:25: Mean_Stopped=157108.60 +/- 134684.71
2023-03-10 Friday 23:40:25: Mean_Stopped=157282.40 +/- 134703.79
2023-03-10 Friday 23:40:25: Mean_waiting_time=4680124.40 +/- 5104289.44
2023-03-10 Friday 23:40:25: Mean_avg_speed=3085.10 +/- 518.97
2023-03-10 Friday 23:40:25: Mean_avg_speed_2=57322.19 +/- 9644.87
2023-03-10 Friday 23:40:25: Mean_avg_speed_cross_check=70024.06 +/- 10113.27
2023-03-10 Friday 23:40:25: ****************************************
2023-03-10 Friday 23:40:25: Calculation 1 - Overall 
2023-03-10 Friday 23:40:25: ****************************************
2023-03-10 Friday 23:40:25: Inner X Outer Loops Mean Reward= -0.001 +/- 1.188
2023-03-10 Friday 23:40:25: Inner X Outer Loops Mean Stopped= 15.709 +/- 21.752
2023-03-10 Friday 23:40:25: Inner X Outer Loops Mean Stopped Cross Check= 15.727 +/- 21.755
2023-03-10 Friday 23:40:25: Inner X Outer Loops Mean Waiting Time= 467.966 +/- 1034.712
2023-03-10 Friday 23:40:25: Inner X Outer Loops Mean Avg Speed= 0.308 +/- 0.098
2023-03-10 Friday 23:40:26: Inner X Outer Loops Mean Avg Speed 2= 5.732 +/- 1.814
2023-03-10 Friday 23:40:26: Inner X Outer Loops Mean Avg Speed Cross Check= 7.002 +/- 1.756
2023-03-10 Friday 23:40:26: ****************************************
2023-03-10 Friday 23:40:26: Calculation 2 - Per Episode
2023-03-10 Friday 23:40:26: ****************************************
2023-03-10 Friday 23:40:26: Episode:0 Mean Reward= -0.003 +/- 1.993
2023-03-10 Friday 23:40:26: Episode:1 Mean Reward= -0.001 +/- 0.875
2023-03-10 Friday 23:40:26: Episode:2 Mean Reward= -0.000 +/- 0.794
2023-03-10 Friday 23:40:26: Episode:3 Mean Reward= -0.000 +/- 0.945
2023-03-10 Friday 23:40:26: Episode:4 Mean Reward= -0.000 +/- 0.892
2023-03-10 Friday 23:40:26: 1-Total Mean Reward= -0.001 +/- 0.001
2023-03-10 Friday 23:40:26: 2-Total Mean Reward= -0.001 +/- 1.100
2023-03-10 Friday 23:40:26: ****
2023-03-10 Friday 23:40:26: Episode:0 Mean Stopped= 42.600 +/- 37.443
2023-03-10 Friday 23:40:26: Episode:1 Mean Stopped= 8.497 +/- 2.919
2023-03-10 Friday 23:40:26: Episode:2 Mean Stopped= 8.064 +/- 2.604
2023-03-10 Friday 23:40:26: Episode:3 Mean Stopped= 10.335 +/- 5.664
2023-03-10 Friday 23:40:26: Episode:4 Mean Stopped= 9.049 +/- 3.110
2023-03-10 Friday 23:40:26: 1-Total Mean Stopped= 15.709 +/- 13.467
2023-03-10 Friday 23:40:26: 2-Total Mean Stopped= 15.709 +/- 10.348
2023-03-10 Friday 23:40:26: ****
2023-03-10 Friday 23:40:26: Episode:0 Mean Stopped Cross Check= 42.621 +/- 37.448
2023-03-10 Friday 23:40:26: Episode:1 Mean Stopped Cross Check= 8.513 +/- 2.917
2023-03-10 Friday 23:40:26: Episode:2 Mean Stopped Cross Check= 8.079 +/- 2.602
2023-03-10 Friday 23:40:26: Episode:3 Mean Stopped Cross Check= 10.353 +/- 5.665
2023-03-10 Friday 23:40:26: Episode:4 Mean Stopped Cross Check= 9.066 +/- 3.112
2023-03-10 Friday 23:40:26: 1-Total Mean Stopped Cross Check= 15.727 +/- 13.469
2023-03-10 Friday 23:40:26: 2-Total Mean Stopped Cross Check= 15.727 +/- 10.349
2023-03-10 Friday 23:40:26: ****
2023-03-10 Friday 23:40:26: Episode:0 Mean Waiting Time= 1487.503 +/- 1968.716
2023-03-10 Friday 23:40:26: Episode:1 Mean Waiting Time= 205.922 +/- 249.649
2023-03-10 Friday 23:40:26: Episode:2 Mean Waiting Time= 175.331 +/- 135.482
2023-03-10 Friday 23:40:26: Episode:3 Mean Waiting Time= 253.197 +/- 249.934
2023-03-10 Friday 23:40:26: Episode:4 Mean Waiting Time= 217.876 +/- 178.119
2023-03-10 Friday 23:40:26: 1-Total Mean Waiting Time= 467.966 +/- 510.378
2023-03-10 Friday 23:40:26: 2-Total Mean Waiting Time= 467.966 +/- 556.380
2023-03-10 Friday 23:40:26: Episode:0 Mean Avg Speed= 0.206 +/- 0.136
2023-03-10 Friday 23:40:26: Episode:1 Mean Avg Speed= 0.340 +/- 0.060
2023-03-10 Friday 23:40:26: Episode:2 Mean Avg Speed= 0.347 +/- 0.060
2023-03-10 Friday 23:40:26: Episode:3 Mean Avg Speed= 0.319 +/- 0.074
2023-03-10 Friday 23:40:26: Episode:4 Mean Avg Speed= 0.330 +/- 0.061
2023-03-10 Friday 23:40:26: 1-Total Mean Avg Speed= 0.308 +/- 0.052
2023-03-10 Friday 23:40:26: 2-Total Mean Avg Speed= 0.308 +/- 0.078
2023-03-10 Friday 23:40:26: Episode:0 Mean Avg Speed 2= 3.836 +/- 2.521
2023-03-10 Friday 23:40:26: Episode:1 Mean Avg Speed 2= 6.316 +/- 1.094
2023-03-10 Friday 23:40:26: Episode:2 Mean Avg Speed 2= 6.452 +/- 1.079
2023-03-10 Friday 23:40:26: Episode:3 Mean Avg Speed 2= 5.922 +/- 1.360
2023-03-10 Friday 23:40:26: Episode:4 Mean Avg Speed 2= 6.132 +/- 1.110
2023-03-10 Friday 23:40:26: 1-Total Mean Avg Speed 2= 5.732 +/- 0.964
2023-03-10 Friday 23:40:26: 2-Total Mean Avg Speed 2= 5.732 +/- 1.433
2023-03-10 Friday 23:40:26: Episode:0 Mean Avg Speed Cross Check= 5.002 +/- 2.655
2023-03-10 Friday 23:40:26: Episode:1 Mean Avg Speed Cross Check= 7.598 +/- 0.822
2023-03-10 Friday 23:40:26: Episode:2 Mean Avg Speed Cross Check= 7.702 +/- 0.796
2023-03-10 Friday 23:40:26: Episode:3 Mean Avg Speed Cross Check= 7.250 +/- 1.109
2023-03-10 Friday 23:40:26: Episode:4 Mean Avg Speed Cross Check= 7.457 +/- 0.850
2023-03-10 Friday 23:40:26: 1-Total Mean Avg Speed Cross Check= 7.002 +/- 1.011
2023-03-10 Friday 23:40:26: 2-Total Mean Avg Speed Cross Check= 7.002 +/- 1.246
2023-03-10 Friday 23:40:26: ****************************************
