2023-04-11 Tuesday 03:47:28 root:INFO:Run: 3 for Baseline experiment: DE-2 - route: ../nets/roundabout/input_routes_roundabout_auto_v1-2.rou.xml - first seed: 380 - alpha: 0.5 - gamma: 0.99 - epsilon: 0.2 - reward: diff-waiting-time
2023-04-11 Tuesday 03:54:46 root:INFO:Total Missing States: 0
2023-04-11 Tuesday 03:54:46 root:INFO:Mean Reward=-55109.00 +/- 0.00
2023-04-11 Tuesday 03:54:46 root:INFO:Mean Stopped=55109.00 +/- 0.00
2023-04-11 Tuesday 03:54:46 root:INFO:Mean_Stopped=55131.00 +/- 0.00
2023-04-11 Tuesday 03:54:46 root:INFO:Mean Waiting Time=817913.00 +/- 0.00
2023-04-11 Tuesday 03:54:46 root:INFO:Mean_avg_speed=3596.31 +/- 0.00
2023-04-11 Tuesday 03:54:46 root:INFO:Mean_avg_speed_2=66973.35 +/- 0.00
2023-04-11 Tuesday 03:54:46 root:INFO:Mean_avg_speed_cross_check=79181.22 +/- 0.00
2023-04-11 Tuesday 03:54:46 root:INFO:****************************************
2023-04-11 Tuesday 03:54:46 root:INFO:Calculation 1 - Overall 
2023-04-11 Tuesday 03:54:46 root:INFO:****************************************
2023-04-11 Tuesday 03:54:46 root:INFO:Inner X Outer Loops Mean Reward=-5.510 +/- 1.205
2023-04-11 Tuesday 03:54:46 root:INFO:Inner X Outer Loops Mean Stopped= 5.510 +/- 1.205
2023-04-11 Tuesday 03:54:46 root:INFO:Inner X Outer Loops Mean Stopped Cross Check= 5.513 +/- 1.205
2023-04-11 Tuesday 03:54:46 root:INFO:Inner X Outer Loops Mean Waiting Time= 81.783 +/- 41.184
2023-04-11 Tuesday 03:54:46 root:INFO:Inner X Outer Loops Mean Avg Speed= 0.360 +/- 0.063
2023-04-11 Tuesday 03:54:46 root:INFO:Inner X Outer Loops Mean Avg Speed 2= 6.697 +/- 1.142
2023-04-11 Tuesday 03:54:46 root:INFO:Inner X Outer Loops Mean Avg Speed Cross Check= 7.917 +/- 0.695
2023-04-11 Tuesday 03:54:46 root:INFO:****************************************
2023-04-11 Tuesday 03:54:46 root:INFO:Calculation 2 - Per Episode
2023-04-11 Tuesday 03:54:46 root:INFO:****************************************
2023-04-11 Tuesday 03:54:46 root:INFO:Episode:0 Mean Waiting Time=-5.510 +/- 1.205
2023-04-11 Tuesday 03:54:46 root:INFO:1-Total Mean Reward= -5.510 +/- 0.000
2023-04-11 Tuesday 03:54:46 root:INFO:2-Total Mean Reward= -5.510 +/- 1.205
2023-04-11 Tuesday 03:54:46 root:INFO:****
2023-04-11 Tuesday 03:54:46 root:INFO:Episode:0 Mean Stopped= 5.510 +/- 1.205
2023-04-11 Tuesday 03:54:46 root:INFO:1-Total Mean Stopped= 5.510 +/- 0.000
2023-04-11 Tuesday 03:54:46 root:INFO:2-Total Mean Stopped= 5.510 +/- 1.205
2023-04-11 Tuesday 03:54:46 root:INFO:****
2023-04-11 Tuesday 03:54:46 root:INFO:Episode:0 Mean Stopped Cross Check= 5.513 +/- 1.205
2023-04-11 Tuesday 03:54:46 root:INFO:1-Total Mean Stopped Cross Check= 5.513 +/- 0.000
2023-04-11 Tuesday 03:54:46 root:INFO:2-Total Mean Stopped Cross Check= 5.513 +/- 1.205
2023-04-11 Tuesday 03:54:46 root:INFO:****
2023-04-11 Tuesday 03:54:46 root:INFO:Episode:0 Mean Waiting Time= 81.783 +/- 41.184
2023-04-11 Tuesday 03:54:46 root:INFO:1-Total Mean Waiting Time= 81.783 +/- 0.000
2023-04-11 Tuesday 03:54:46 root:INFO:2-Total Mean Waiting Time= 81.783 +/- 41.184
2023-04-11 Tuesday 03:54:46 root:INFO:Episode:0 Mean Avg Speed= 0.360 +/- 0.063
2023-04-11 Tuesday 03:54:46 root:INFO:1-Total Mean Avg Speed= 0.360 +/- 0.000
2023-04-11 Tuesday 03:54:46 root:INFO:2-Total Mean Avg Speed= 0.360 +/- 0.063
2023-04-11 Tuesday 03:54:46 root:INFO:Episode:0 Mean Avg Speed 2= 6.697 +/- 1.142
2023-04-11 Tuesday 03:54:46 root:INFO:1-Total Mean Avg Speed 2= 6.697 +/- 0.000
2023-04-11 Tuesday 03:54:46 root:INFO:2-Total Mean Avg Speed 2= 6.697 +/- 1.142
2023-04-11 Tuesday 03:54:46 root:INFO:Episode:0 Mean Avg Speed Cross Check= 7.917 +/- 0.695
2023-04-11 Tuesday 03:54:46 root:INFO:1-Total Mean Avg Speed Cross Check= 7.917 +/- 0.000
2023-04-11 Tuesday 03:54:46 root:INFO:2-Total Mean Avg Speed Cross Check= 7.917 +/- 0.695
2023-04-11 Tuesday 03:54:46 root:INFO:****************************************
