2023-03-03 Friday 03:57:26: Run: 2 for Training experiment: DoE-8 - first seed: 270 - alpha: 0.1 - gamma: 0.9 - epsilon: 0.2 - reward: average-speed-2
2023-03-03 Friday 04:15:11: Run: 1 - First Epsilon: 0.2 - Last Epsilon: 0.2
2023-03-03 Friday 04:32:21: Run: 2 - First Epsilon: 0.2 - Last Epsilon: 0.2
2023-03-03 Friday 04:50:36: Run: 3 - First Epsilon: 0.2 - Last Epsilon: 0.2
2023-03-03 Friday 05:08:21: Run: 4 - First Epsilon: 0.2 - Last Epsilon: 0.2
2023-03-03 Friday 05:25:46: Run: 5 - First Epsilon: 0.2 - Last Epsilon: 0.2
2023-03-03 Friday 05:25:46: Q-Table Total Distinct States: 562
2023-03-03 Friday 05:25:46: Mean_reward=10989.09 +/- 1090.01
2023-03-03 Friday 05:25:46: Mean_Stopped=959166.20 +/- 57457.57
2023-03-03 Friday 05:25:46: Mean_Stopped=959301.60 +/- 57409.06
2023-03-03 Friday 05:25:46: Mean_waiting_time=62837081.20 +/- 26746567.36
2023-03-03 Friday 05:25:46: Mean_avg_speed=591.73 +/- 58.75
2023-03-03 Friday 05:25:46: Mean_avg_speed_2=10989.09 +/- 1090.01
2023-03-03 Friday 05:25:46: Mean_avg_speed_cross_check=19271.02 +/- 1792.36
2023-03-03 Friday 05:25:46: ****************************************
2023-03-03 Friday 05:25:46: Calculation 1 - Overall 
2023-03-03 Friday 05:25:46: ****************************************
2023-03-03 Friday 05:25:46: Inner X Outer Loops Mean Reward= 1.099 +/- 0.523
2023-03-03 Friday 05:25:46: Inner X Outer Loops Mean Stopped= 95.907 +/- 15.454
2023-03-03 Friday 05:25:46: Inner X Outer Loops Mean Stopped Cross Check= 95.921 +/- 15.445
2023-03-03 Friday 05:25:46: Inner X Outer Loops Mean Waiting Time= 6283.080 +/- 6452.974
2023-03-03 Friday 05:25:46: Inner X Outer Loops Mean Avg Speed= 0.059 +/- 0.028
2023-03-03 Friday 05:25:46: Inner X Outer Loops Mean Avg Speed 2= 1.099 +/- 0.523
2023-03-03 Friday 05:25:46: Inner X Outer Loops Mean Avg Speed Cross Check= 1.927 +/- 0.614
2023-03-03 Friday 05:25:46: ****************************************
2023-03-03 Friday 05:25:46: Calculation 2 - Per Episode
2023-03-03 Friday 05:25:46: ****************************************
2023-03-03 Friday 05:25:46: Episode:0 Mean Reward= 0.901 +/- 0.522
2023-03-03 Friday 05:25:46: Episode:1 Mean Reward= 1.090 +/- 0.483
2023-03-03 Friday 05:25:46: Episode:2 Mean Reward= 1.104 +/- 0.488
2023-03-03 Friday 05:25:46: Episode:3 Mean Reward= 1.191 +/- 0.524
2023-03-03 Friday 05:25:46: Episode:4 Mean Reward= 1.207 +/- 0.541
2023-03-03 Friday 05:25:46: 1-Total Mean Reward= 1.099 +/- 0.109
2023-03-03 Friday 05:25:46: 2-Total Mean Reward= 1.099 +/- 0.511
2023-03-03 Friday 05:25:46: ****
2023-03-03 Friday 05:25:46: Episode:0 Mean Stopped= 106.101 +/- 15.321
2023-03-03 Friday 05:25:46: Episode:1 Mean Stopped= 96.552 +/- 14.674
2023-03-03 Friday 05:25:46: Episode:2 Mean Stopped= 96.052 +/- 16.286
2023-03-03 Friday 05:25:46: Episode:3 Mean Stopped= 90.836 +/- 12.316
2023-03-03 Friday 05:25:46: Episode:4 Mean Stopped= 89.995 +/- 12.731
2023-03-03 Friday 05:25:46: 1-Total Mean Stopped= 95.907 +/- 5.745
2023-03-03 Friday 05:25:46: 2-Total Mean Stopped= 95.907 +/- 14.265
2023-03-03 Friday 05:25:46: ****
2023-03-03 Friday 05:25:46: Episode:0 Mean Stopped Cross Check= 106.107 +/- 15.318
2023-03-03 Friday 05:25:46: Episode:1 Mean Stopped Cross Check= 96.565 +/- 14.665
2023-03-03 Friday 05:25:46: Episode:2 Mean Stopped Cross Check= 96.064 +/- 16.278
2023-03-03 Friday 05:25:46: Episode:3 Mean Stopped Cross Check= 90.850 +/- 12.309
2023-03-03 Friday 05:25:46: Episode:4 Mean Stopped Cross Check= 90.017 +/- 12.721
2023-03-03 Friday 05:25:46: 1-Total Mean Stopped Cross Check= 95.921 +/- 5.740
2023-03-03 Friday 05:25:46: 2-Total Mean Stopped Cross Check= 95.921 +/- 14.258
2023-03-03 Friday 05:25:46: ****
2023-03-03 Friday 05:25:46: Episode:0 Mean Waiting Time= 11499.750 +/- 9252.613
2023-03-03 Friday 05:25:46: Episode:1 Mean Waiting Time= 5455.993 +/- 5230.833
2023-03-03 Friday 05:25:46: Episode:2 Mean Waiting Time= 5672.777 +/- 5584.227
2023-03-03 Friday 05:25:46: Episode:3 Mean Waiting Time= 3975.036 +/- 3303.114
2023-03-03 Friday 05:25:46: Episode:4 Mean Waiting Time= 4811.842 +/- 4168.451
2023-03-03 Friday 05:25:46: 1-Total Mean Waiting Time= 6283.080 +/- 2674.389
2023-03-03 Friday 05:25:46: 2-Total Mean Waiting Time= 6283.080 +/- 5507.848
2023-03-03 Friday 05:25:46: Episode:0 Mean Avg Speed= 0.049 +/- 0.027
2023-03-03 Friday 05:25:46: Episode:1 Mean Avg Speed= 0.059 +/- 0.025
2023-03-03 Friday 05:25:46: Episode:2 Mean Avg Speed= 0.059 +/- 0.026
2023-03-03 Friday 05:25:46: Episode:3 Mean Avg Speed= 0.064 +/- 0.028
2023-03-03 Friday 05:25:46: Episode:4 Mean Avg Speed= 0.065 +/- 0.030
2023-03-03 Friday 05:25:46: 1-Total Mean Avg Speed= 0.059 +/- 0.006
2023-03-03 Friday 05:25:46: 2-Total Mean Avg Speed= 0.059 +/- 0.027
2023-03-03 Friday 05:25:46: Episode:0 Mean Avg Speed 2= 0.901 +/- 0.522
2023-03-03 Friday 05:25:46: Episode:1 Mean Avg Speed 2= 1.090 +/- 0.483
2023-03-03 Friday 05:25:46: Episode:2 Mean Avg Speed 2= 1.104 +/- 0.488
2023-03-03 Friday 05:25:46: Episode:3 Mean Avg Speed 2= 1.191 +/- 0.524
2023-03-03 Friday 05:25:46: Episode:4 Mean Avg Speed 2= 1.207 +/- 0.541
2023-03-03 Friday 05:25:46: 1-Total Mean Avg Speed 2= 1.099 +/- 0.109
2023-03-03 Friday 05:25:46: 2-Total Mean Avg Speed 2= 1.099 +/- 0.511
2023-03-03 Friday 05:25:46: Episode:0 Mean Avg Speed Cross Check= 1.599 +/- 0.625
2023-03-03 Friday 05:25:46: Episode:1 Mean Avg Speed Cross Check= 1.918 +/- 0.563
2023-03-03 Friday 05:25:46: Episode:2 Mean Avg Speed Cross Check= 1.939 +/- 0.566
2023-03-03 Friday 05:25:46: Episode:3 Mean Avg Speed Cross Check= 2.078 +/- 0.580
2023-03-03 Friday 05:25:46: Episode:4 Mean Avg Speed Cross Check= 2.101 +/- 0.601
2023-03-03 Friday 05:25:46: 1-Total Mean Avg Speed Cross Check= 1.927 +/- 0.179
2023-03-03 Friday 05:25:46: 2-Total Mean Avg Speed Cross Check= 1.927 +/- 0.587
2023-03-03 Friday 05:25:46: ****************************************
