2023-01-27 Friday 20:52:35 root:INFO:Total Missing States: 0
2023-01-27 Friday 20:52:35 root:INFO:Mean Reward=-192.68 +/- 9.32
2023-01-27 Friday 20:52:35 root:INFO:Mean Stopped=519007.80 +/- 250.59
2023-01-27 Friday 20:52:35 root:INFO:Mean Waiting Time=190918411.00 +/- 623000.44
2023-01-27 Friday 20:52:35 root:INFO:****************************************
2023-01-27 Friday 20:52:35 root:INFO:Calculation 1 - Overall 
2023-01-27 Friday 20:52:35 root:INFO:****************************************
2023-01-27 Friday 20:52:35 root:INFO:Inner X Outer Loops Mean Reward=-0.019 +/- 4.612
2023-01-27 Friday 20:52:35 root:INFO:Inner X Outer Loops Mean Stopped= 51.896 +/- 3.839
2023-01-27 Friday 20:52:35 root:INFO:Inner X Outer Loops Mean Waiting Time= 19089.932 +/- 2059.682
2023-01-27 Friday 20:52:35 root:INFO:****************************************
2023-01-27 Friday 20:52:35 root:INFO:Calculation 2 - Per Episode
2023-01-27 Friday 20:52:35 root:INFO:****************************************
2023-01-27 Friday 20:52:35 root:INFO:Episode:0 Mean Waiting Time=-0.020 +/- 4.628
2023-01-27 Friday 20:52:35 root:INFO:Episode:1 Mean Waiting Time=-0.018 +/- 4.606
2023-01-27 Friday 20:52:35 root:INFO:Episode:2 Mean Waiting Time=-0.018 +/- 4.611
2023-01-27 Friday 20:52:35 root:INFO:Episode:3 Mean Waiting Time=-0.020 +/- 4.606
2023-01-27 Friday 20:52:35 root:INFO:Episode:4 Mean Waiting Time=-0.021 +/- 4.611
2023-01-27 Friday 20:52:35 root:INFO:1-Total Mean Reward= -0.019 +/- 0.001
2023-01-27 Friday 20:52:35 root:INFO:2-Total Mean Reward= -0.019 +/- 4.612
2023-01-27 Friday 20:52:35 root:INFO:****
2023-01-27 Friday 20:52:35 root:INFO:Episode:0 Mean Stopped= 51.941 +/- 3.882
2023-01-27 Friday 20:52:35 root:INFO:Episode:1 Mean Stopped= 51.900 +/- 3.847
2023-01-27 Friday 20:52:35 root:INFO:Episode:2 Mean Stopped= 51.889 +/- 3.795
2023-01-27 Friday 20:52:35 root:INFO:Episode:3 Mean Stopped= 51.881 +/- 3.814
2023-01-27 Friday 20:52:35 root:INFO:Episode:4 Mean Stopped= 51.868 +/- 3.856
2023-01-27 Friday 20:52:35 root:INFO:1-Total Mean Stopped= 51.896 +/- 0.025
2023-01-27 Friday 20:52:35 root:INFO:2-Total Mean Stopped= 51.896 +/- 3.839
2023-01-27 Friday 20:52:35 root:INFO:****
2023-01-27 Friday 20:52:35 root:INFO:Episode:0 Mean Waiting Time= 19180.370 +/- 2127.727
2023-01-27 Friday 20:52:35 root:INFO:Episode:1 Mean Waiting Time= 19011.522 +/- 2060.333
2023-01-27 Friday 20:52:35 root:INFO:Episode:2 Mean Waiting Time= 19093.038 +/- 2020.193
2023-01-27 Friday 20:52:35 root:INFO:Episode:3 Mean Waiting Time= 19032.610 +/- 2020.920
2023-01-27 Friday 20:52:35 root:INFO:Episode:4 Mean Waiting Time= 19132.121 +/- 2062.657
2023-01-27 Friday 20:52:35 root:INFO:1-Total Mean Waiting Time= 19089.932 +/- 62.294
2023-01-27 Friday 20:52:35 root:INFO:2-Total Mean Waiting Time= 19089.932 +/- 2058.366
2023-01-27 Friday 20:52:35 root:INFO:****************************************
