2023-03-02 Thursday 15:58:52: Run: 1 for Training experiment: DoE-52 - first seed: 170 - alpha: 0.5 - gamma: 0.99 - epsilon: 0.3 - reward: average-speed-2
2023-03-02 Thursday 16:12:00: Run: 1 - First Epsilon: 0.3 - Last Epsilon: 0.3
2023-03-02 Thursday 16:29:53: Run: 2 - First Epsilon: 0.3 - Last Epsilon: 0.3
2023-03-02 Thursday 16:49:07: Run: 3 - First Epsilon: 0.3 - Last Epsilon: 0.3
2023-03-02 Thursday 17:01:06: Run: 4 - First Epsilon: 0.3 - Last Epsilon: 0.3
2023-03-02 Thursday 17:19:55: Run: 5 - First Epsilon: 0.3 - Last Epsilon: 0.3
2023-03-02 Thursday 17:19:55: Q-Table Total Distinct States: 688
2023-03-02 Thursday 17:19:55: Mean_reward=12645.16 +/- 2429.05
2023-03-02 Thursday 17:19:55: Mean_Stopped=855282.20 +/- 185014.79
2023-03-02 Thursday 17:19:55: Mean_Stopped=855551.40 +/- 185081.82
2023-03-02 Thursday 17:19:55: Mean_waiting_time=61207085.20 +/- 14780796.28
2023-03-02 Thursday 17:19:55: Mean_avg_speed=680.90 +/- 131.66
2023-03-02 Thursday 17:19:55: Mean_avg_speed_2=12645.16 +/- 2429.05
2023-03-02 Thursday 17:19:55: Mean_avg_speed_cross_check=21809.73 +/- 3756.85
2023-03-02 Thursday 17:19:55: ****************************************
2023-03-02 Thursday 17:19:55: Calculation 1 - Overall 
2023-03-02 Thursday 17:19:55: ****************************************
2023-03-02 Thursday 17:19:55: Inner X Outer Loops Mean Reward= 1.264 +/- 0.604
2023-03-02 Thursday 17:19:55: Inner X Outer Loops Mean Stopped= 85.520 +/- 22.943
2023-03-02 Thursday 17:19:55: Inner X Outer Loops Mean Stopped Cross Check= 85.547 +/- 22.946
2023-03-02 Thursday 17:19:55: Inner X Outer Loops Mean Waiting Time= 6120.097 +/- 6584.163
2023-03-02 Thursday 17:19:55: Inner X Outer Loops Mean Avg Speed= 0.068 +/- 0.032
2023-03-02 Thursday 17:19:55: Inner X Outer Loops Mean Avg Speed 2= 1.264 +/- 0.604
2023-03-02 Thursday 17:19:55: Inner X Outer Loops Mean Avg Speed Cross Check= 2.181 +/- 0.735
2023-03-02 Thursday 17:19:55: ****************************************
2023-03-02 Thursday 17:19:55: Calculation 2 - Per Episode
2023-03-02 Thursday 17:19:55: ****************************************
2023-03-02 Thursday 17:19:55: Episode:0 Mean Reward= 1.517 +/- 0.579
2023-03-02 Thursday 17:19:55: Episode:1 Mean Reward= 1.021 +/- 0.544
2023-03-02 Thursday 17:19:55: Episode:2 Mean Reward= 1.067 +/- 0.513
2023-03-02 Thursday 17:19:55: Episode:3 Mean Reward= 1.598 +/- 0.541
2023-03-02 Thursday 17:19:55: Episode:4 Mean Reward= 1.118 +/- 0.584
2023-03-02 Thursday 17:19:55: 1-Total Mean Reward= 1.264 +/- 0.243
2023-03-02 Thursday 17:19:55: 2-Total Mean Reward= 1.264 +/- 0.552
2023-03-02 Thursday 17:19:55: ****
2023-03-02 Thursday 17:19:55: Episode:0 Mean Stopped= 64.674 +/- 10.874
2023-03-02 Thursday 17:19:55: Episode:1 Mean Stopped= 102.815 +/- 15.558
2023-03-02 Thursday 17:19:55: Episode:2 Mean Stopped= 101.063 +/- 15.064
2023-03-02 Thursday 17:19:55: Episode:3 Mean Stopped= 61.302 +/- 10.025
2023-03-02 Thursday 17:19:55: Episode:4 Mean Stopped= 97.743 +/- 15.262
2023-03-02 Thursday 17:19:55: 1-Total Mean Stopped= 85.520 +/- 18.500
2023-03-02 Thursday 17:19:55: 2-Total Mean Stopped= 85.520 +/- 13.356
2023-03-02 Thursday 17:19:55: ****
2023-03-02 Thursday 17:19:55: Episode:0 Mean Stopped Cross Check= 64.693 +/- 10.874
2023-03-02 Thursday 17:19:55: Episode:1 Mean Stopped Cross Check= 102.844 +/- 15.554
2023-03-02 Thursday 17:19:55: Episode:2 Mean Stopped Cross Check= 101.094 +/- 15.058
2023-03-02 Thursday 17:19:55: Episode:3 Mean Stopped Cross Check= 61.320 +/- 10.023
2023-03-02 Thursday 17:19:55: Episode:4 Mean Stopped Cross Check= 97.783 +/- 15.256
2023-03-02 Thursday 17:19:55: 1-Total Mean Stopped Cross Check= 85.547 +/- 18.506
2023-03-02 Thursday 17:19:55: 2-Total Mean Stopped Cross Check= 85.547 +/- 13.353
2023-03-02 Thursday 17:19:55: ****
2023-03-02 Thursday 17:19:55: Episode:0 Mean Waiting Time= 4881.866 +/- 5033.092
2023-03-02 Thursday 17:19:55: Episode:1 Mean Waiting Time= 8308.404 +/- 7521.548
2023-03-02 Thursday 17:19:55: Episode:2 Mean Waiting Time= 7490.753 +/- 8039.064
2023-03-02 Thursday 17:19:55: Episode:3 Mean Waiting Time= 4841.613 +/- 5495.216
2023-03-02 Thursday 17:19:55: Episode:4 Mean Waiting Time= 5077.846 +/- 5394.897
2023-03-02 Thursday 17:19:55: 1-Total Mean Waiting Time= 6120.097 +/- 1477.932
2023-03-02 Thursday 17:19:55: 2-Total Mean Waiting Time= 6120.097 +/- 6296.764
2023-03-02 Thursday 17:19:55: Episode:0 Mean Avg Speed= 0.082 +/- 0.031
2023-03-02 Thursday 17:19:55: Episode:1 Mean Avg Speed= 0.055 +/- 0.028
2023-03-02 Thursday 17:19:55: Episode:2 Mean Avg Speed= 0.057 +/- 0.028
2023-03-02 Thursday 17:19:55: Episode:3 Mean Avg Speed= 0.086 +/- 0.029
2023-03-02 Thursday 17:19:55: Episode:4 Mean Avg Speed= 0.060 +/- 0.031
2023-03-02 Thursday 17:19:55: 1-Total Mean Avg Speed= 0.068 +/- 0.013
2023-03-02 Thursday 17:19:55: 2-Total Mean Avg Speed= 0.068 +/- 0.029
2023-03-02 Thursday 17:19:55: Episode:0 Mean Avg Speed 2= 1.517 +/- 0.579
2023-03-02 Thursday 17:19:55: Episode:1 Mean Avg Speed 2= 1.021 +/- 0.544
2023-03-02 Thursday 17:19:55: Episode:2 Mean Avg Speed 2= 1.067 +/- 0.513
2023-03-02 Thursday 17:19:55: Episode:3 Mean Avg Speed 2= 1.598 +/- 0.541
2023-03-02 Thursday 17:19:55: Episode:4 Mean Avg Speed 2= 1.118 +/- 0.584
2023-03-02 Thursday 17:19:55: 1-Total Mean Avg Speed 2= 1.264 +/- 0.243
2023-03-02 Thursday 17:19:55: 2-Total Mean Avg Speed 2= 1.264 +/- 0.552
2023-03-02 Thursday 17:19:55: Episode:0 Mean Avg Speed Cross Check= 2.575 +/- 0.661
2023-03-02 Thursday 17:19:55: Episode:1 Mean Avg Speed Cross Check= 1.800 +/- 0.628
2023-03-02 Thursday 17:19:55: Episode:2 Mean Avg Speed Cross Check= 1.878 +/- 0.591
2023-03-02 Thursday 17:19:55: Episode:3 Mean Avg Speed Cross Check= 2.694 +/- 0.621
2023-03-02 Thursday 17:19:55: Episode:4 Mean Avg Speed Cross Check= 1.956 +/- 0.653
2023-03-02 Thursday 17:19:55: 1-Total Mean Avg Speed Cross Check= 2.181 +/- 0.376
2023-03-02 Thursday 17:19:55: 2-Total Mean Avg Speed Cross Check= 2.181 +/- 0.631
2023-03-02 Thursday 17:19:55: ****************************************
