2023-04-09 Sunday 15:37:59: Run: 1 for Training experiment: DE-4 - route: ../nets/roundabout/input_routes_roundabout_auto_v1-4.rou.xml - first seed: 170 - alpha: 0.5 - gamma: 0.99 - epsilon: 0.2 - reward: diff-waiting-time
2023-04-09 Sunday 15:42:16: Run: 1 - First Epsilon: 0.2 - Last Epsilon: 0.2
2023-04-09 Sunday 15:46:34: Run: 2 - First Epsilon: 0.2 - Last Epsilon: 0.2
2023-04-09 Sunday 15:50:53: Run: 3 - First Epsilon: 0.2 - Last Epsilon: 0.2
2023-04-09 Sunday 15:55:11: Run: 4 - First Epsilon: 0.2 - Last Epsilon: 0.2
2023-04-09 Sunday 15:59:31: Run: 5 - First Epsilon: 0.2 - Last Epsilon: 0.2
2023-04-09 Sunday 15:59:31: Q-Table Total Distinct States: 118
2023-04-09 Sunday 15:59:31: Mean_reward=-1.01 +/- 1.09
2023-04-09 Sunday 15:59:31: Mean_Stopped=19542.80 +/- 405.15
2023-04-09 Sunday 15:59:31: Mean_Stopped=19543.40 +/- 405.07
2023-04-09 Sunday 15:59:31: Mean_waiting_time=851536.00 +/- 60951.70
2023-04-09 Sunday 15:59:31: Mean_avg_speed=3565.45 +/- 20.48
2023-04-09 Sunday 15:59:31: Mean_avg_speed_2=65462.38 +/- 384.00
2023-04-09 Sunday 15:59:31: Mean_avg_speed_cross_check=80500.55 +/- 360.10
2023-04-09 Sunday 15:59:31: ****************************************
2023-04-09 Sunday 15:59:31: Calculation 1 - Overall 
2023-04-09 Sunday 15:59:31: ****************************************
2023-04-09 Sunday 15:59:31: Inner X Outer Loops Mean Reward= -0.000 +/- 0.576
2023-04-09 Sunday 15:59:31: Inner X Outer Loops Mean Stopped= 1.954 +/- 1.389
2023-04-09 Sunday 15:59:31: Inner X Outer Loops Mean Stopped Cross Check= 1.954 +/- 1.389
2023-04-09 Sunday 15:59:31: Inner X Outer Loops Mean Waiting Time= 85.145 +/- 147.899
2023-04-09 Sunday 15:59:31: Inner X Outer Loops Mean Avg Speed= 0.357 +/- 0.294
2023-04-09 Sunday 15:59:31: Inner X Outer Loops Mean Avg Speed 2= 6.546 +/- 5.783
2023-04-09 Sunday 15:59:31: Inner X Outer Loops Mean Avg Speed Cross Check= 8.049 +/- 3.544
2023-04-09 Sunday 15:59:31: ****************************************
2023-04-09 Sunday 15:59:31: Calculation 2 - Per Episode
2023-04-09 Sunday 15:59:31: ****************************************
2023-04-09 Sunday 15:59:31: Episode:0 Mean Reward= -0.000 +/- 0.594
2023-04-09 Sunday 15:59:31: Episode:1 Mean Reward= -0.000 +/- 0.584
2023-04-09 Sunday 15:59:31: Episode:2 Mean Reward= -0.000 +/- 0.548
2023-04-09 Sunday 15:59:31: Episode:3 Mean Reward= -0.000 +/- 0.548
2023-04-09 Sunday 15:59:31: Episode:4 Mean Reward= -0.000 +/- 0.606
2023-04-09 Sunday 15:59:31: 1-Total Mean Reward= -0.000 +/- 0.000
2023-04-09 Sunday 15:59:31: 2-Total Mean Reward= -0.000 +/- 0.576
2023-04-09 Sunday 15:59:31: ****
2023-04-09 Sunday 15:59:31: Episode:0 Mean Stopped= 1.963 +/- 1.418
2023-04-09 Sunday 15:59:31: Episode:1 Mean Stopped= 1.965 +/- 1.377
2023-04-09 Sunday 15:59:31: Episode:2 Mean Stopped= 1.905 +/- 1.328
2023-04-09 Sunday 15:59:31: Episode:3 Mean Stopped= 1.918 +/- 1.366
2023-04-09 Sunday 15:59:31: Episode:4 Mean Stopped= 2.020 +/- 1.449
2023-04-09 Sunday 15:59:31: 1-Total Mean Stopped= 1.954 +/- 0.041
2023-04-09 Sunday 15:59:31: 2-Total Mean Stopped= 1.954 +/- 1.388
2023-04-09 Sunday 15:59:31: ****
2023-04-09 Sunday 15:59:31: Episode:0 Mean Stopped Cross Check= 1.963 +/- 1.418
2023-04-09 Sunday 15:59:31: Episode:1 Mean Stopped Cross Check= 1.965 +/- 1.377
2023-04-09 Sunday 15:59:31: Episode:2 Mean Stopped Cross Check= 1.905 +/- 1.328
2023-04-09 Sunday 15:59:31: Episode:3 Mean Stopped Cross Check= 1.918 +/- 1.366
2023-04-09 Sunday 15:59:31: Episode:4 Mean Stopped Cross Check= 2.020 +/- 1.449
2023-04-09 Sunday 15:59:31: 1-Total Mean Stopped Cross Check= 1.954 +/- 0.041
2023-04-09 Sunday 15:59:31: 2-Total Mean Stopped Cross Check= 1.954 +/- 1.388
2023-04-09 Sunday 15:59:31: ****
2023-04-09 Sunday 15:59:31: Episode:0 Mean Waiting Time= 88.377 +/- 174.020
2023-04-09 Sunday 15:59:31: Episode:1 Mean Waiting Time= 87.378 +/- 146.966
2023-04-09 Sunday 15:59:31: Episode:2 Mean Waiting Time= 77.784 +/- 124.577
2023-04-09 Sunday 15:59:31: Episode:3 Mean Waiting Time= 78.533 +/- 128.602
2023-04-09 Sunday 15:59:31: Episode:4 Mean Waiting Time= 93.653 +/- 158.888
2023-04-09 Sunday 15:59:31: 1-Total Mean Waiting Time= 85.145 +/- 6.095
2023-04-09 Sunday 15:59:31: 2-Total Mean Waiting Time= 85.145 +/- 146.611
2023-04-09 Sunday 15:59:31: Episode:0 Mean Avg Speed= 0.356 +/- 0.294
2023-04-09 Sunday 15:59:31: Episode:1 Mean Avg Speed= 0.356 +/- 0.292
2023-04-09 Sunday 15:59:31: Episode:2 Mean Avg Speed= 0.359 +/- 0.295
2023-04-09 Sunday 15:59:31: Episode:3 Mean Avg Speed= 0.359 +/- 0.298
2023-04-09 Sunday 15:59:31: Episode:4 Mean Avg Speed= 0.354 +/- 0.294
2023-04-09 Sunday 15:59:31: 1-Total Mean Avg Speed= 0.357 +/- 0.002
2023-04-09 Sunday 15:59:31: 2-Total Mean Avg Speed= 0.357 +/- 0.294
2023-04-09 Sunday 15:59:31: Episode:0 Mean Avg Speed 2= 6.540 +/- 5.782
2023-04-09 Sunday 15:59:31: Episode:1 Mean Avg Speed 2= 6.526 +/- 5.731
2023-04-09 Sunday 15:59:31: Episode:2 Mean Avg Speed 2= 6.587 +/- 5.794
2023-04-09 Sunday 15:59:31: Episode:3 Mean Avg Speed 2= 6.588 +/- 5.843
2023-04-09 Sunday 15:59:31: Episode:4 Mean Avg Speed 2= 6.487 +/- 5.762
2023-04-09 Sunday 15:59:31: 1-Total Mean Avg Speed 2= 6.546 +/- 0.038
2023-04-09 Sunday 15:59:31: 2-Total Mean Avg Speed 2= 6.546 +/- 5.782
2023-04-09 Sunday 15:59:31: Episode:0 Mean Avg Speed Cross Check= 8.047 +/- 3.545
2023-04-09 Sunday 15:59:31: Episode:1 Mean Avg Speed Cross Check= 8.029 +/- 3.525
2023-04-09 Sunday 15:59:31: Episode:2 Mean Avg Speed Cross Check= 8.089 +/- 3.530
2023-04-09 Sunday 15:59:31: Episode:3 Mean Avg Speed Cross Check= 8.087 +/- 3.567
2023-04-09 Sunday 15:59:31: Episode:4 Mean Avg Speed Cross Check= 7.994 +/- 3.552
2023-04-09 Sunday 15:59:31: 1-Total Mean Avg Speed Cross Check= 8.049 +/- 0.036
2023-04-09 Sunday 15:59:31: 2-Total Mean Avg Speed Cross Check= 8.049 +/- 3.544
2023-04-09 Sunday 15:59:31: ****************************************
