2023-03-04 Saturday 20:01:04: Run: 2 for Training experiment: DoE-31 - first seed: 270 - alpha: 0.3 - gamma: 0.99 - epsilon: 0.2 - reward: diff-waiting-time
2023-03-04 Saturday 20:06:38: Run: 1 - First Epsilon: 0.2 - Last Epsilon: 0.2
2023-03-04 Saturday 20:12:46: Run: 2 - First Epsilon: 0.2 - Last Epsilon: 0.2
2023-03-04 Saturday 20:18:15: Run: 3 - First Epsilon: 0.2 - Last Epsilon: 0.2
2023-03-04 Saturday 20:23:45: Run: 4 - First Epsilon: 0.2 - Last Epsilon: 0.2
2023-03-04 Saturday 20:28:57: Run: 5 - First Epsilon: 0.2 - Last Epsilon: 0.2
2023-03-04 Saturday 20:28:57: Q-Table Total Distinct States: 490
2023-03-04 Saturday 20:28:57: Mean_reward=-1.31 +/- 0.50
2023-03-04 Saturday 20:28:57: Mean_Stopped=83598.80 +/- 21845.74
2023-03-04 Saturday 20:28:57: Mean_Stopped=83761.80 +/- 21840.77
2023-03-04 Saturday 20:28:57: Mean_waiting_time=2064289.00 +/- 890245.68
2023-03-04 Saturday 20:28:57: Mean_avg_speed=3550.85 +/- 163.86
2023-03-04 Saturday 20:28:57: Mean_avg_speed_2=66023.38 +/- 3038.98
2023-03-04 Saturday 20:28:57: Mean_avg_speed_cross_check=77806.96 +/- 2847.39
2023-03-04 Saturday 20:28:57: ****************************************
2023-03-04 Saturday 20:28:57: Calculation 1 - Overall 
2023-03-04 Saturday 20:28:57: ****************************************
2023-03-04 Saturday 20:28:57: Inner X Outer Loops Mean Reward= -0.000 +/- 0.847
2023-03-04 Saturday 20:28:57: Inner X Outer Loops Mean Stopped= 8.359 +/- 6.368
2023-03-04 Saturday 20:28:57: Inner X Outer Loops Mean Stopped Cross Check= 8.375 +/- 6.368
2023-03-04 Saturday 20:28:57: Inner X Outer Loops Mean Waiting Time= 206.408 +/- 379.922
2023-03-04 Saturday 20:28:57: Inner X Outer Loops Mean Avg Speed= 0.355 +/- 0.073
2023-03-04 Saturday 20:28:57: Inner X Outer Loops Mean Avg Speed 2= 6.602 +/- 1.340
2023-03-04 Saturday 20:28:57: Inner X Outer Loops Mean Avg Speed Cross Check= 7.780 +/- 1.075
2023-03-04 Saturday 20:28:57: ****************************************
2023-03-04 Saturday 20:28:57: Calculation 2 - Per Episode
2023-03-04 Saturday 20:28:57: ****************************************
2023-03-04 Saturday 20:28:57: Episode:0 Mean Reward= -0.000 +/- 0.833
2023-03-04 Saturday 20:28:57: Episode:1 Mean Reward= -0.000 +/- 1.115
2023-03-04 Saturday 20:28:57: Episode:2 Mean Reward= -0.000 +/- 0.750
2023-03-04 Saturday 20:28:57: Episode:3 Mean Reward= -0.000 +/- 0.744
2023-03-04 Saturday 20:28:57: Episode:4 Mean Reward= -0.000 +/- 0.731
2023-03-04 Saturday 20:28:57: 1-Total Mean Reward= -0.000 +/- 0.000
2023-03-04 Saturday 20:28:57: 2-Total Mean Reward= -0.000 +/- 0.834
2023-03-04 Saturday 20:28:57: ****
2023-03-04 Saturday 20:28:57: Episode:0 Mean Stopped= 7.680 +/- 2.665
2023-03-04 Saturday 20:28:57: Episode:1 Mean Stopped= 12.706 +/- 12.537
2023-03-04 Saturday 20:28:57: Episode:2 Mean Stopped= 7.235 +/- 2.246
2023-03-04 Saturday 20:28:57: Episode:3 Mean Stopped= 7.087 +/- 2.250
2023-03-04 Saturday 20:28:57: Episode:4 Mean Stopped= 7.087 +/- 2.126
2023-03-04 Saturday 20:28:57: 1-Total Mean Stopped= 8.359 +/- 2.184
2023-03-04 Saturday 20:28:57: 2-Total Mean Stopped= 8.359 +/- 4.365
2023-03-04 Saturday 20:28:57: ****
2023-03-04 Saturday 20:28:57: Episode:0 Mean Stopped Cross Check= 7.700 +/- 2.664
2023-03-04 Saturday 20:28:57: Episode:1 Mean Stopped Cross Check= 12.721 +/- 12.536
2023-03-04 Saturday 20:28:57: Episode:2 Mean Stopped Cross Check= 7.250 +/- 2.248
2023-03-04 Saturday 20:28:57: Episode:3 Mean Stopped Cross Check= 7.103 +/- 2.250
2023-03-04 Saturday 20:28:58: Episode:4 Mean Stopped Cross Check= 7.102 +/- 2.125
2023-03-04 Saturday 20:28:58: 1-Total Mean Stopped Cross Check= 8.375 +/- 2.184
2023-03-04 Saturday 20:28:58: 2-Total Mean Stopped Cross Check= 8.375 +/- 4.365
2023-03-04 Saturday 20:28:58: ****
2023-03-04 Saturday 20:28:58: Episode:0 Mean Waiting Time= 188.992 +/- 208.457
2023-03-04 Saturday 20:28:58: Episode:1 Mean Waiting Time= 382.247 +/- 761.341
2023-03-04 Saturday 20:28:58: Episode:2 Mean Waiting Time= 157.640 +/- 145.892
2023-03-04 Saturday 20:28:58: Episode:3 Mean Waiting Time= 153.296 +/- 139.820
2023-03-04 Saturday 20:28:58: Episode:4 Mean Waiting Time= 149.867 +/- 134.741
2023-03-04 Saturday 20:28:58: 1-Total Mean Waiting Time= 206.408 +/- 89.016
2023-03-04 Saturday 20:28:58: 2-Total Mean Waiting Time= 206.408 +/- 278.050
2023-03-04 Saturday 20:28:58: Episode:0 Mean Avg Speed= 0.355 +/- 0.062
2023-03-04 Saturday 20:28:58: Episode:1 Mean Avg Speed= 0.323 +/- 0.105
2023-03-04 Saturday 20:28:58: Episode:2 Mean Avg Speed= 0.363 +/- 0.059
2023-03-04 Saturday 20:28:58: Episode:3 Mean Avg Speed= 0.367 +/- 0.060
2023-03-04 Saturday 20:28:58: Episode:4 Mean Avg Speed= 0.366 +/- 0.058
2023-03-04 Saturday 20:28:58: 1-Total Mean Avg Speed= 0.355 +/- 0.016
2023-03-04 Saturday 20:28:58: 2-Total Mean Avg Speed= 0.355 +/- 0.069
2023-03-04 Saturday 20:28:58: Episode:0 Mean Avg Speed 2= 6.608 +/- 1.124
2023-03-04 Saturday 20:28:58: Episode:1 Mean Avg Speed 2= 6.014 +/- 1.949
2023-03-04 Saturday 20:28:58: Episode:2 Mean Avg Speed 2= 6.750 +/- 1.073
2023-03-04 Saturday 20:28:58: Episode:3 Mean Avg Speed 2= 6.826 +/- 1.095
2023-03-04 Saturday 20:28:58: Episode:4 Mean Avg Speed 2= 6.812 +/- 1.054
2023-03-04 Saturday 20:28:58: 1-Total Mean Avg Speed 2= 6.602 +/- 0.304
2023-03-04 Saturday 20:28:58: 2-Total Mean Avg Speed 2= 6.602 +/- 1.259
2023-03-04 Saturday 20:28:58: Episode:0 Mean Avg Speed Cross Check= 7.821 +/- 0.807
2023-03-04 Saturday 20:28:58: Episode:1 Mean Avg Speed Cross Check= 7.221 +/- 1.731
2023-03-04 Saturday 20:28:58: Episode:2 Mean Avg Speed Cross Check= 7.918 +/- 0.760
2023-03-04 Saturday 20:28:58: Episode:3 Mean Avg Speed Cross Check= 7.970 +/- 0.768
2023-03-04 Saturday 20:28:58: Episode:4 Mean Avg Speed Cross Check= 7.971 +/- 0.743
2023-03-04 Saturday 20:28:58: 1-Total Mean Avg Speed Cross Check= 7.780 +/- 0.285
2023-03-04 Saturday 20:28:58: 2-Total Mean Avg Speed Cross Check= 7.780 +/- 0.962
2023-03-04 Saturday 20:28:58: ****************************************
