2023-03-14 Tuesday 07:29:16: Run: 5 for Training experiment: DoE-5 - first seed: 570 - alpha: 0.1 - gamma: 0.8 - epsilon: 0.4 - reward: diff-waiting-time
2023-03-14 Tuesday 07:45:30: Run: 1 - First Epsilon: 0.4 - Last Epsilon: 0.4
2023-03-14 Tuesday 07:52:08: Run: 2 - First Epsilon: 0.4 - Last Epsilon: 0.4
2023-03-14 Tuesday 07:57:30: Run: 3 - First Epsilon: 0.4 - Last Epsilon: 0.4
2023-03-14 Tuesday 08:02:50: Run: 4 - First Epsilon: 0.4 - Last Epsilon: 0.4
2023-03-14 Tuesday 08:08:34: Run: 5 - First Epsilon: 0.4 - Last Epsilon: 0.4
2023-03-14 Tuesday 08:08:34: Q-Table Total Distinct States: 1461
2023-03-14 Tuesday 08:08:34: Mean_reward=-2.01 +/- 2.22
2023-03-14 Tuesday 08:08:34: Mean_Stopped=180898.80 +/- 191463.08
2023-03-14 Tuesday 08:08:34: Mean_Stopped=181047.20 +/- 191505.03
2023-03-14 Tuesday 08:08:34: Mean_waiting_time=5262006.80 +/- 6958803.56
2023-03-14 Tuesday 08:08:34: Mean_avg_speed=2934.38 +/- 946.45
2023-03-14 Tuesday 08:08:34: Mean_avg_speed_2=54529.18 +/- 17592.04
2023-03-14 Tuesday 08:08:34: Mean_avg_speed_cross_check=67140.83 +/- 17845.20
2023-03-14 Tuesday 08:08:34: ****************************************
2023-03-14 Tuesday 08:08:34: Calculation 1 - Overall 
2023-03-14 Tuesday 08:08:34: ****************************************
2023-03-14 Tuesday 08:08:34: Inner X Outer Loops Mean Reward= -0.000 +/- 1.219
2023-03-14 Tuesday 08:08:34: Inner X Outer Loops Mean Stopped= 18.088 +/- 21.747
2023-03-14 Tuesday 08:08:34: Inner X Outer Loops Mean Stopped Cross Check= 18.103 +/- 21.751
2023-03-14 Tuesday 08:08:34: Inner X Outer Loops Mean Waiting Time= 526.148 +/- 943.505
2023-03-14 Tuesday 08:08:34: Inner X Outer Loops Mean Avg Speed= 0.293 +/- 0.112
2023-03-14 Tuesday 08:08:34: Inner X Outer Loops Mean Avg Speed 2= 5.452 +/- 2.064
2023-03-14 Tuesday 08:08:34: Inner X Outer Loops Mean Avg Speed Cross Check= 6.713 +/- 1.994
2023-03-14 Tuesday 08:08:34: ****************************************
2023-03-14 Tuesday 08:08:34: Calculation 2 - Per Episode
2023-03-14 Tuesday 08:08:34: ****************************************
2023-03-14 Tuesday 08:08:34: Episode:0 Mean Reward= -0.001 +/- 2.209
2023-03-14 Tuesday 08:08:34: Episode:1 Mean Reward= -0.000 +/- 0.844
2023-03-14 Tuesday 08:08:34: Episode:2 Mean Reward= -0.000 +/- 0.811
2023-03-14 Tuesday 08:08:34: Episode:3 Mean Reward= -0.000 +/- 0.757
2023-03-14 Tuesday 08:08:34: Episode:4 Mean Reward= -0.000 +/- 0.779
2023-03-14 Tuesday 08:08:34: 1-Total Mean Reward= -0.000 +/- 0.000
2023-03-14 Tuesday 08:08:34: 2-Total Mean Reward= -0.000 +/- 1.080
2023-03-14 Tuesday 08:08:34: ****
2023-03-14 Tuesday 08:08:34: Episode:0 Mean Stopped= 56.370 +/- 22.226
2023-03-14 Tuesday 08:08:34: Episode:1 Mean Stopped= 9.194 +/- 3.760
2023-03-14 Tuesday 08:08:34: Episode:2 Mean Stopped= 8.399 +/- 2.900
2023-03-14 Tuesday 08:08:34: Episode:3 Mean Stopped= 8.094 +/- 2.693
2023-03-14 Tuesday 08:08:34: Episode:4 Mean Stopped= 8.383 +/- 2.874
2023-03-14 Tuesday 08:08:34: 1-Total Mean Stopped= 18.088 +/- 19.144
2023-03-14 Tuesday 08:08:34: 2-Total Mean Stopped= 18.088 +/- 6.891
2023-03-14 Tuesday 08:08:34: ****
2023-03-14 Tuesday 08:08:34: Episode:0 Mean Stopped Cross Check= 56.393 +/- 22.226
2023-03-14 Tuesday 08:08:34: Episode:1 Mean Stopped Cross Check= 9.209 +/- 3.761
2023-03-14 Tuesday 08:08:34: Episode:2 Mean Stopped Cross Check= 8.410 +/- 2.901
2023-03-14 Tuesday 08:08:34: Episode:3 Mean Stopped Cross Check= 8.106 +/- 2.693
2023-03-14 Tuesday 08:08:34: Episode:4 Mean Stopped Cross Check= 8.397 +/- 2.876
2023-03-14 Tuesday 08:08:34: 1-Total Mean Stopped Cross Check= 18.103 +/- 19.149
2023-03-14 Tuesday 08:08:34: 2-Total Mean Stopped Cross Check= 18.103 +/- 6.891
2023-03-14 Tuesday 08:08:34: ****
2023-03-14 Tuesday 08:08:34: Episode:0 Mean Waiting Time= 1917.538 +/- 1393.412
2023-03-14 Tuesday 08:08:34: Episode:1 Mean Waiting Time= 199.883 +/- 171.593
2023-03-14 Tuesday 08:08:34: Episode:2 Mean Waiting Time= 181.060 +/- 166.192
2023-03-14 Tuesday 08:08:34: Episode:3 Mean Waiting Time= 161.873 +/- 121.151
2023-03-14 Tuesday 08:08:34: Episode:4 Mean Waiting Time= 170.386 +/- 130.018
2023-03-14 Tuesday 08:08:34: 1-Total Mean Waiting Time= 526.148 +/- 695.811
2023-03-14 Tuesday 08:08:34: 2-Total Mean Waiting Time= 526.148 +/- 396.473
2023-03-14 Tuesday 08:08:34: Episode:0 Mean Avg Speed= 0.104 +/- 0.047
2023-03-14 Tuesday 08:08:34: Episode:1 Mean Avg Speed= 0.331 +/- 0.066
2023-03-14 Tuesday 08:08:34: Episode:2 Mean Avg Speed= 0.342 +/- 0.061
2023-03-14 Tuesday 08:08:34: Episode:3 Mean Avg Speed= 0.348 +/- 0.060
2023-03-14 Tuesday 08:08:34: Episode:4 Mean Avg Speed= 0.342 +/- 0.062
2023-03-14 Tuesday 08:08:34: 1-Total Mean Avg Speed= 0.293 +/- 0.095
2023-03-14 Tuesday 08:08:34: 2-Total Mean Avg Speed= 0.293 +/- 0.059
2023-03-14 Tuesday 08:08:34: Episode:0 Mean Avg Speed 2= 1.940 +/- 0.859
2023-03-14 Tuesday 08:08:34: Episode:1 Mean Avg Speed 2= 6.152 +/- 1.203
2023-03-14 Tuesday 08:08:34: Episode:2 Mean Avg Speed 2= 6.361 +/- 1.098
2023-03-14 Tuesday 08:08:34: Episode:3 Mean Avg Speed 2= 6.455 +/- 1.088
2023-03-14 Tuesday 08:08:34: Episode:4 Mean Avg Speed 2= 6.354 +/- 1.121
2023-03-14 Tuesday 08:08:34: 1-Total Mean Avg Speed 2= 5.452 +/- 1.759
2023-03-14 Tuesday 08:08:34: 2-Total Mean Avg Speed 2= 5.452 +/- 1.074
2023-03-14 Tuesday 08:08:34: Episode:0 Mean Avg Speed Cross Check= 3.148 +/- 1.025
2023-03-14 Tuesday 08:08:34: Episode:1 Mean Avg Speed Cross Check= 7.461 +/- 0.933
2023-03-14 Tuesday 08:08:34: Episode:2 Mean Avg Speed Cross Check= 7.632 +/- 0.830
2023-03-14 Tuesday 08:08:34: Episode:3 Mean Avg Speed Cross Check= 7.700 +/- 0.806
2023-03-14 Tuesday 08:08:34: Episode:4 Mean Avg Speed Cross Check= 7.626 +/- 0.843
2023-03-14 Tuesday 08:08:34: 1-Total Mean Avg Speed Cross Check= 6.713 +/- 1.784
2023-03-14 Tuesday 08:08:34: 2-Total Mean Avg Speed Cross Check= 6.713 +/- 0.887
2023-03-14 Tuesday 08:08:34: ****************************************
