2023-03-02 Thursday 23:24:24: Run: 2 for Training experiment: DoE-3 - first seed: 270 - alpha: 0.1 - gamma: 0.8 - epsilon: 0.3 - reward: diff-waiting-time
2023-03-02 Thursday 23:31:04: Run: 1 - First Epsilon: 0.3 - Last Epsilon: 0.3
2023-03-02 Thursday 23:36:38: Run: 2 - First Epsilon: 0.3 - Last Epsilon: 0.3
2023-03-02 Thursday 23:41:52: Run: 3 - First Epsilon: 0.3 - Last Epsilon: 0.3
2023-03-02 Thursday 23:47:09: Run: 4 - First Epsilon: 0.3 - Last Epsilon: 0.3
2023-03-02 Thursday 23:52:35: Run: 5 - First Epsilon: 0.3 - Last Epsilon: 0.3
2023-03-02 Thursday 23:52:35: Q-Table Total Distinct States: 596
2023-03-02 Thursday 23:52:35: Mean_reward=-1.09 +/- 0.82
2023-03-02 Thursday 23:52:35: Mean_Stopped=94219.60 +/- 36644.43
2023-03-02 Thursday 23:52:35: Mean_Stopped=94353.60 +/- 36671.70
2023-03-02 Thursday 23:52:35: Mean_waiting_time=2239865.80 +/- 1531764.32
2023-03-02 Thursday 23:52:35: Mean_avg_speed=3439.22 +/- 265.18
2023-03-02 Thursday 23:52:35: Mean_avg_speed_2=63927.43 +/- 4913.24
2023-03-02 Thursday 23:52:35: Mean_avg_speed_cross_check=76091.55 +/- 4545.87
2023-03-02 Thursday 23:52:35: ****************************************
2023-03-02 Thursday 23:52:35: Calculation 1 - Overall 
2023-03-02 Thursday 23:52:35: ****************************************
2023-03-02 Thursday 23:52:35: Inner X Outer Loops Mean Reward= -0.000 +/- 0.865
2023-03-02 Thursday 23:52:35: Inner X Outer Loops Mean Stopped= 9.421 +/- 8.642
2023-03-02 Thursday 23:52:35: Inner X Outer Loops Mean Stopped Cross Check= 9.434 +/- 8.645
2023-03-02 Thursday 23:52:35: Inner X Outer Loops Mean Waiting Time= 223.964 +/- 521.201
2023-03-02 Thursday 23:52:35: Inner X Outer Loops Mean Avg Speed= 0.344 +/- 0.078
2023-03-02 Thursday 23:52:35: Inner X Outer Loops Mean Avg Speed 2= 6.392 +/- 1.433
2023-03-02 Thursday 23:52:35: Inner X Outer Loops Mean Avg Speed Cross Check= 7.608 +/- 1.206
2023-03-02 Thursday 23:52:35: ****************************************
2023-03-02 Thursday 23:52:35: Calculation 2 - Per Episode
2023-03-02 Thursday 23:52:35: ****************************************
2023-03-02 Thursday 23:52:35: Episode:0 Mean Reward= -0.000 +/- 1.288
2023-03-02 Thursday 23:52:35: Episode:1 Mean Reward= -0.000 +/- 0.723
2023-03-02 Thursday 23:52:35: Episode:2 Mean Reward= -0.000 +/- 0.733
2023-03-02 Thursday 23:52:35: Episode:3 Mean Reward= -0.000 +/- 0.742
2023-03-02 Thursday 23:52:35: Episode:4 Mean Reward= -0.000 +/- 0.689
2023-03-02 Thursday 23:52:35: 1-Total Mean Reward= -0.000 +/- 0.000
2023-03-02 Thursday 23:52:35: 2-Total Mean Reward= -0.000 +/- 0.835
2023-03-02 Thursday 23:52:35: ****
2023-03-02 Thursday 23:52:35: Episode:0 Mean Stopped= 16.734 +/- 16.771
2023-03-02 Thursday 23:52:35: Episode:1 Mean Stopped= 7.741 +/- 2.649
2023-03-02 Thursday 23:52:35: Episode:2 Mean Stopped= 7.603 +/- 2.446
2023-03-02 Thursday 23:52:35: Episode:3 Mean Stopped= 7.862 +/- 2.682
2023-03-02 Thursday 23:52:35: Episode:4 Mean Stopped= 7.165 +/- 2.209
2023-03-02 Thursday 23:52:35: 1-Total Mean Stopped= 9.421 +/- 3.664
2023-03-02 Thursday 23:52:35: 2-Total Mean Stopped= 9.421 +/- 5.351
2023-03-02 Thursday 23:52:35: ****
2023-03-02 Thursday 23:52:35: Episode:0 Mean Stopped Cross Check= 16.753 +/- 16.776
2023-03-02 Thursday 23:52:35: Episode:1 Mean Stopped Cross Check= 7.752 +/- 2.648
2023-03-02 Thursday 23:52:35: Episode:2 Mean Stopped Cross Check= 7.614 +/- 2.446
2023-03-02 Thursday 23:52:35: Episode:3 Mean Stopped Cross Check= 7.876 +/- 2.684
2023-03-02 Thursday 23:52:35: Episode:4 Mean Stopped Cross Check= 7.177 +/- 2.209
2023-03-02 Thursday 23:52:35: 1-Total Mean Stopped Cross Check= 9.434 +/- 3.667
2023-03-02 Thursday 23:52:35: 2-Total Mean Stopped Cross Check= 9.434 +/- 5.352
2023-03-02 Thursday 23:52:35: ****
2023-03-02 Thursday 23:52:35: Episode:0 Mean Waiting Time= 529.971 +/- 1091.181
2023-03-02 Thursday 23:52:35: Episode:1 Mean Waiting Time= 148.680 +/- 109.958
2023-03-02 Thursday 23:52:35: Episode:2 Mean Waiting Time= 150.846 +/- 117.117
2023-03-02 Thursday 23:52:35: Episode:3 Mean Waiting Time= 155.595 +/- 115.752
2023-03-02 Thursday 23:52:35: Episode:4 Mean Waiting Time= 134.729 +/- 105.256
2023-03-02 Thursday 23:52:35: 1-Total Mean Waiting Time= 223.964 +/- 153.161
2023-03-02 Thursday 23:52:35: 2-Total Mean Waiting Time= 223.964 +/- 307.853
2023-03-02 Thursday 23:52:35: Episode:0 Mean Avg Speed= 0.292 +/- 0.111
2023-03-02 Thursday 23:52:35: Episode:1 Mean Avg Speed= 0.354 +/- 0.062
2023-03-02 Thursday 23:52:35: Episode:2 Mean Avg Speed= 0.357 +/- 0.060
2023-03-02 Thursday 23:52:35: Episode:3 Mean Avg Speed= 0.352 +/- 0.062
2023-03-02 Thursday 23:52:35: Episode:4 Mean Avg Speed= 0.365 +/- 0.060
2023-03-02 Thursday 23:52:35: 1-Total Mean Avg Speed= 0.344 +/- 0.027
2023-03-02 Thursday 23:52:35: 2-Total Mean Avg Speed= 0.344 +/- 0.071
2023-03-02 Thursday 23:52:35: Episode:0 Mean Avg Speed 2= 5.423 +/- 2.043
2023-03-02 Thursday 23:52:35: Episode:1 Mean Avg Speed 2= 6.586 +/- 1.124
2023-03-02 Thursday 23:52:35: Episode:2 Mean Avg Speed 2= 6.627 +/- 1.094
2023-03-02 Thursday 23:52:35: Episode:3 Mean Avg Speed 2= 6.542 +/- 1.128
2023-03-02 Thursday 23:52:35: Episode:4 Mean Avg Speed 2= 6.783 +/- 1.076
2023-03-02 Thursday 23:52:35: 1-Total Mean Avg Speed 2= 6.392 +/- 0.491
2023-03-02 Thursday 23:52:35: 2-Total Mean Avg Speed 2= 6.392 +/- 1.293
2023-03-02 Thursday 23:52:35: Episode:0 Mean Avg Speed Cross Check= 6.707 +/- 1.919
2023-03-02 Thursday 23:52:35: Episode:1 Mean Avg Speed Cross Check= 7.800 +/- 0.820
2023-03-02 Thursday 23:52:35: Episode:2 Mean Avg Speed Cross Check= 7.829 +/- 0.788
2023-03-02 Thursday 23:52:35: Episode:3 Mean Avg Speed Cross Check= 7.762 +/- 0.832
2023-03-02 Thursday 23:52:35: Episode:4 Mean Avg Speed Cross Check= 7.944 +/- 0.757
2023-03-02 Thursday 23:52:35: 1-Total Mean Avg Speed Cross Check= 7.608 +/- 0.455
2023-03-02 Thursday 23:52:35: 2-Total Mean Avg Speed Cross Check= 7.608 +/- 1.023
2023-03-02 Thursday 23:52:35: ****************************************
