2023-03-14 Tuesday 13:15:06: Run: 5 for Training experiment: DoE-8 - first seed: 570 - alpha: 0.1 - gamma: 0.9 - epsilon: 0.2 - reward: average-speed-2
2023-03-14 Tuesday 13:34:18: Run: 1 - First Epsilon: 0.2 - Last Epsilon: 0.2
2023-03-14 Tuesday 13:53:47: Run: 2 - First Epsilon: 0.2 - Last Epsilon: 0.2
2023-03-14 Tuesday 14:12:09: Run: 3 - First Epsilon: 0.2 - Last Epsilon: 0.2
2023-03-14 Tuesday 14:31:37: Run: 4 - First Epsilon: 0.2 - Last Epsilon: 0.2
2023-03-14 Tuesday 14:50:53: Run: 5 - First Epsilon: 0.2 - Last Epsilon: 0.2
2023-03-14 Tuesday 14:50:53: Q-Table Total Distinct States: 412
2023-03-14 Tuesday 14:50:53: Mean_reward=10003.98 +/- 778.79
2023-03-14 Tuesday 14:50:53: Mean_Stopped=1043526.00 +/- 50182.71
2023-03-14 Tuesday 14:50:53: Mean_Stopped=1043919.60 +/- 50169.27
2023-03-14 Tuesday 14:50:53: Mean_waiting_time=118460256.80 +/- 42899501.63
2023-03-14 Tuesday 14:50:53: Mean_avg_speed=538.08 +/- 41.41
2023-03-14 Tuesday 14:50:53: Mean_avg_speed_2=10003.98 +/- 778.79
2023-03-14 Tuesday 14:50:53: Mean_avg_speed_cross_check=17722.14 +/- 1314.22
2023-03-14 Tuesday 14:50:53: ****************************************
2023-03-14 Tuesday 14:50:53: Calculation 1 - Overall 
2023-03-14 Tuesday 14:50:53: ****************************************
2023-03-14 Tuesday 14:50:53: Inner X Outer Loops Mean Reward= 1.000 +/- 0.501
2023-03-14 Tuesday 14:50:53: Inner X Outer Loops Mean Stopped= 104.342 +/- 14.053
2023-03-14 Tuesday 14:50:53: Inner X Outer Loops Mean Stopped Cross Check= 104.382 +/- 14.042
2023-03-14 Tuesday 14:50:53: Inner X Outer Loops Mean Waiting Time= 11844.841 +/- 14394.393
2023-03-14 Tuesday 14:50:53: Inner X Outer Loops Mean Avg Speed= 0.054 +/- 0.027
2023-03-14 Tuesday 14:50:53: Inner X Outer Loops Mean Avg Speed 2= 1.000 +/- 0.501
2023-03-14 Tuesday 14:50:53: Inner X Outer Loops Mean Avg Speed Cross Check= 1.772 +/- 0.558
2023-03-14 Tuesday 14:50:53: ****************************************
2023-03-14 Tuesday 14:50:53: Calculation 2 - Per Episode
2023-03-14 Tuesday 14:50:53: ****************************************
2023-03-14 Tuesday 14:50:53: Episode:0 Mean Reward= 0.852 +/- 0.513
2023-03-14 Tuesday 14:50:53: Episode:1 Mean Reward= 1.002 +/- 0.481
2023-03-14 Tuesday 14:50:53: Episode:2 Mean Reward= 1.041 +/- 0.528
2023-03-14 Tuesday 14:50:53: Episode:3 Mean Reward= 1.029 +/- 0.442
2023-03-14 Tuesday 14:50:53: Episode:4 Mean Reward= 1.078 +/- 0.503
2023-03-14 Tuesday 14:50:53: 1-Total Mean Reward= 1.000 +/- 0.078
2023-03-14 Tuesday 14:50:53: 2-Total Mean Reward= 1.000 +/- 0.494
2023-03-14 Tuesday 14:50:53: ****
2023-03-14 Tuesday 14:50:53: Episode:0 Mean Stopped= 113.684 +/- 16.832
2023-03-14 Tuesday 14:50:53: Episode:1 Mean Stopped= 104.673 +/- 11.556
2023-03-14 Tuesday 14:50:53: Episode:2 Mean Stopped= 102.931 +/- 12.198
2023-03-14 Tuesday 14:50:53: Episode:3 Mean Stopped= 101.309 +/- 11.352
2023-03-14 Tuesday 14:50:53: Episode:4 Mean Stopped= 99.115 +/- 12.921
2023-03-14 Tuesday 14:50:53: 1-Total Mean Stopped= 104.342 +/- 5.018
2023-03-14 Tuesday 14:50:53: 2-Total Mean Stopped= 104.342 +/- 12.972
2023-03-14 Tuesday 14:50:53: ****
2023-03-14 Tuesday 14:50:53: Episode:0 Mean Stopped Cross Check= 113.721 +/- 16.811
2023-03-14 Tuesday 14:50:53: Episode:1 Mean Stopped Cross Check= 104.708 +/- 11.550
2023-03-14 Tuesday 14:50:53: Episode:2 Mean Stopped Cross Check= 102.970 +/- 12.193
2023-03-14 Tuesday 14:50:53: Episode:3 Mean Stopped Cross Check= 101.355 +/- 11.337
2023-03-14 Tuesday 14:50:53: Episode:4 Mean Stopped Cross Check= 99.154 +/- 12.917
2023-03-14 Tuesday 14:50:53: 1-Total Mean Stopped Cross Check= 104.382 +/- 5.016
2023-03-14 Tuesday 14:50:53: 2-Total Mean Stopped Cross Check= 104.382 +/- 12.961
2023-03-14 Tuesday 14:50:53: ****
2023-03-14 Tuesday 14:50:53: Episode:0 Mean Waiting Time= 18464.998 +/- 18853.971
2023-03-14 Tuesday 14:50:53: Episode:1 Mean Waiting Time= 13866.256 +/- 11495.307
2023-03-14 Tuesday 14:50:53: Episode:2 Mean Waiting Time= 12500.577 +/- 13038.233
2023-03-14 Tuesday 14:50:53: Episode:3 Mean Waiting Time= 7663.851 +/- 10192.459
2023-03-14 Tuesday 14:50:53: Episode:4 Mean Waiting Time= 6728.524 +/- 13509.137
2023-03-14 Tuesday 14:50:53: 1-Total Mean Waiting Time= 11844.841 +/- 4289.521
2023-03-14 Tuesday 14:50:53: 2-Total Mean Waiting Time= 11844.841 +/- 13417.821
2023-03-14 Tuesday 14:50:53: Episode:0 Mean Avg Speed= 0.046 +/- 0.028
2023-03-14 Tuesday 14:50:53: Episode:1 Mean Avg Speed= 0.054 +/- 0.025
2023-03-14 Tuesday 14:50:53: Episode:2 Mean Avg Speed= 0.056 +/- 0.028
2023-03-14 Tuesday 14:50:53: Episode:3 Mean Avg Speed= 0.055 +/- 0.023
2023-03-14 Tuesday 14:50:53: Episode:4 Mean Avg Speed= 0.058 +/- 0.027
2023-03-14 Tuesday 14:50:53: 1-Total Mean Avg Speed= 0.054 +/- 0.004
2023-03-14 Tuesday 14:50:53: 2-Total Mean Avg Speed= 0.054 +/- 0.026
2023-03-14 Tuesday 14:50:53: Episode:0 Mean Avg Speed 2= 0.852 +/- 0.513
2023-03-14 Tuesday 14:50:53: Episode:1 Mean Avg Speed 2= 1.002 +/- 0.481
2023-03-14 Tuesday 14:50:53: Episode:2 Mean Avg Speed 2= 1.041 +/- 0.528
2023-03-14 Tuesday 14:50:53: Episode:3 Mean Avg Speed 2= 1.029 +/- 0.442
2023-03-14 Tuesday 14:50:53: Episode:4 Mean Avg Speed 2= 1.078 +/- 0.503
2023-03-14 Tuesday 14:50:53: 1-Total Mean Avg Speed 2= 1.000 +/- 0.078
2023-03-14 Tuesday 14:50:53: 2-Total Mean Avg Speed 2= 1.000 +/- 0.494
2023-03-14 Tuesday 14:50:53: Episode:0 Mean Avg Speed Cross Check= 1.521 +/- 0.613
2023-03-14 Tuesday 14:50:53: Episode:1 Mean Avg Speed Cross Check= 1.776 +/- 0.512
2023-03-14 Tuesday 14:50:53: Episode:2 Mean Avg Speed Cross Check= 1.836 +/- 0.560
2023-03-14 Tuesday 14:50:53: Episode:3 Mean Avg Speed Cross Check= 1.826 +/- 0.469
2023-03-14 Tuesday 14:50:53: Episode:4 Mean Avg Speed Cross Check= 1.901 +/- 0.549
2023-03-14 Tuesday 14:50:53: 1-Total Mean Avg Speed Cross Check= 1.772 +/- 0.131
2023-03-14 Tuesday 14:50:53: 2-Total Mean Avg Speed Cross Check= 1.772 +/- 0.541
2023-03-14 Tuesday 14:50:53: ****************************************
