2023-03-06 Monday 11:56:54: Run: 3 for Training experiment: DoE-5 - first seed: 370 - alpha: 0.1 - gamma: 0.8 - epsilon: 0.4 - reward: diff-waiting-time
2023-03-06 Monday 12:03:05: Run: 1 - First Epsilon: 0.4 - Last Epsilon: 0.4
2023-03-06 Monday 12:08:33: Run: 2 - First Epsilon: 0.4 - Last Epsilon: 0.4
2023-03-06 Monday 12:14:09: Run: 3 - First Epsilon: 0.4 - Last Epsilon: 0.4
2023-03-06 Monday 12:19:56: Run: 4 - First Epsilon: 0.4 - Last Epsilon: 0.4
2023-03-06 Monday 12:25:30: Run: 5 - First Epsilon: 0.4 - Last Epsilon: 0.4
2023-03-06 Monday 12:25:31: Q-Table Total Distinct States: 435
2023-03-06 Monday 12:25:31: Mean_reward=-0.83 +/- 0.15
2023-03-06 Monday 12:25:31: Mean_Stopped=90393.20 +/- 9183.35
2023-03-06 Monday 12:25:31: Mean_Stopped=90535.20 +/- 9198.46
2023-03-06 Monday 12:25:31: Mean_waiting_time=2001721.20 +/- 378126.06
2023-03-06 Monday 12:25:31: Mean_avg_speed=3333.75 +/- 116.48
2023-03-06 Monday 12:25:31: Mean_avg_speed_2=61939.67 +/- 2106.12
2023-03-06 Monday 12:25:31: Mean_avg_speed_cross_check=74961.00 +/- 1721.00
2023-03-06 Monday 12:25:31: ****************************************
2023-03-06 Monday 12:25:31: Calculation 1 - Overall 
2023-03-06 Monday 12:25:31: ****************************************
2023-03-06 Monday 12:25:31: Inner X Outer Loops Mean Reward= -0.000 +/- 0.846
2023-03-06 Monday 12:25:31: Inner X Outer Loops Mean Stopped= 9.038 +/- 3.889
2023-03-06 Monday 12:25:31: Inner X Outer Loops Mean Stopped Cross Check= 9.053 +/- 3.890
2023-03-06 Monday 12:25:31: Inner X Outer Loops Mean Waiting Time= 200.152 +/- 201.140
2023-03-06 Monday 12:25:31: Inner X Outer Loops Mean Avg Speed= 0.333 +/- 0.066
2023-03-06 Monday 12:25:31: Inner X Outer Loops Mean Avg Speed 2= 6.193 +/- 1.192
2023-03-06 Monday 12:25:31: Inner X Outer Loops Mean Avg Speed Cross Check= 7.495 +/- 0.927
2023-03-06 Monday 12:25:31: ****************************************
2023-03-06 Monday 12:25:31: Calculation 2 - Per Episode
2023-03-06 Monday 12:25:31: ****************************************
2023-03-06 Monday 12:25:31: Episode:0 Mean Reward= -0.000 +/- 0.987
2023-03-06 Monday 12:25:31: Episode:1 Mean Reward= -0.000 +/- 0.793
2023-03-06 Monday 12:25:31: Episode:2 Mean Reward= -0.000 +/- 0.813
2023-03-06 Monday 12:25:31: Episode:3 Mean Reward= -0.000 +/- 0.814
2023-03-06 Monday 12:25:31: Episode:4 Mean Reward= -0.000 +/- 0.806
2023-03-06 Monday 12:25:31: 1-Total Mean Reward= -0.000 +/- 0.000
2023-03-06 Monday 12:25:31: 2-Total Mean Reward= -0.000 +/- 0.843
2023-03-06 Monday 12:25:31: ****
2023-03-06 Monday 12:25:31: Episode:0 Mean Stopped= 10.816 +/- 5.983
2023-03-06 Monday 12:25:31: Episode:1 Mean Stopped= 8.240 +/- 2.999
2023-03-06 Monday 12:25:31: Episode:2 Mean Stopped= 8.958 +/- 3.087
2023-03-06 Monday 12:25:31: Episode:3 Mean Stopped= 8.515 +/- 2.876
2023-03-06 Monday 12:25:31: Episode:4 Mean Stopped= 8.663 +/- 2.971
2023-03-06 Monday 12:25:31: 1-Total Mean Stopped= 9.038 +/- 0.918
2023-03-06 Monday 12:25:31: 2-Total Mean Stopped= 9.038 +/- 3.583
2023-03-06 Monday 12:25:31: ****
2023-03-06 Monday 12:25:31: Episode:0 Mean Stopped Cross Check= 10.833 +/- 5.985
2023-03-06 Monday 12:25:31: Episode:1 Mean Stopped Cross Check= 8.253 +/- 3.000
2023-03-06 Monday 12:25:31: Episode:2 Mean Stopped Cross Check= 8.972 +/- 3.086
2023-03-06 Monday 12:25:31: Episode:3 Mean Stopped Cross Check= 8.529 +/- 2.876
2023-03-06 Monday 12:25:31: Episode:4 Mean Stopped Cross Check= 8.676 +/- 2.970
2023-03-06 Monday 12:25:31: 1-Total Mean Stopped Cross Check= 9.053 +/- 0.920
2023-03-06 Monday 12:25:31: 2-Total Mean Stopped Cross Check= 9.053 +/- 3.583
2023-03-06 Monday 12:25:31: ****
2023-03-06 Monday 12:25:31: Episode:0 Mean Waiting Time= 275.356 +/- 339.953
2023-03-06 Monday 12:25:31: Episode:1 Mean Waiting Time= 174.136 +/- 143.174
2023-03-06 Monday 12:25:31: Episode:2 Mean Waiting Time= 185.423 +/- 132.742
2023-03-06 Monday 12:25:31: Episode:3 Mean Waiting Time= 184.421 +/- 150.104
2023-03-06 Monday 12:25:31: Episode:4 Mean Waiting Time= 181.426 +/- 137.554
2023-03-06 Monday 12:25:31: 1-Total Mean Waiting Time= 200.152 +/- 37.809
2023-03-06 Monday 12:25:31: 2-Total Mean Waiting Time= 200.152 +/- 180.706
2023-03-06 Monday 12:25:31: Episode:0 Mean Avg Speed= 0.312 +/- 0.074
2023-03-06 Monday 12:25:31: Episode:1 Mean Avg Speed= 0.346 +/- 0.064
2023-03-06 Monday 12:25:31: Episode:2 Mean Avg Speed= 0.332 +/- 0.062
2023-03-06 Monday 12:25:31: Episode:3 Mean Avg Speed= 0.339 +/- 0.061
2023-03-06 Monday 12:25:31: Episode:4 Mean Avg Speed= 0.338 +/- 0.062
2023-03-06 Monday 12:25:31: 1-Total Mean Avg Speed= 0.333 +/- 0.012
2023-03-06 Monday 12:25:31: 2-Total Mean Avg Speed= 0.333 +/- 0.064
2023-03-06 Monday 12:25:31: Episode:0 Mean Avg Speed 2= 5.807 +/- 1.346
2023-03-06 Monday 12:25:31: Episode:1 Mean Avg Speed 2= 6.425 +/- 1.160
2023-03-06 Monday 12:25:31: Episode:2 Mean Avg Speed 2= 6.162 +/- 1.117
2023-03-06 Monday 12:25:31: Episode:3 Mean Avg Speed 2= 6.302 +/- 1.098
2023-03-06 Monday 12:25:31: Episode:4 Mean Avg Speed 2= 6.271 +/- 1.127
2023-03-06 Monday 12:25:31: 1-Total Mean Avg Speed 2= 6.193 +/- 0.211
2023-03-06 Monday 12:25:31: 2-Total Mean Avg Speed 2= 6.193 +/- 1.170
2023-03-06 Monday 12:25:31: Episode:0 Mean Avg Speed Cross Check= 7.175 +/- 1.121
2023-03-06 Monday 12:25:31: Episode:1 Mean Avg Speed Cross Check= 7.676 +/- 0.863
2023-03-06 Monday 12:25:31: Episode:2 Mean Avg Speed Cross Check= 7.480 +/- 0.852
2023-03-06 Monday 12:25:31: Episode:3 Mean Avg Speed Cross Check= 7.587 +/- 0.829
2023-03-06 Monday 12:25:31: Episode:4 Mean Avg Speed Cross Check= 7.559 +/- 0.859
2023-03-06 Monday 12:25:31: 1-Total Mean Avg Speed Cross Check= 7.495 +/- 0.172
2023-03-06 Monday 12:25:31: 2-Total Mean Avg Speed Cross Check= 7.495 +/- 0.905
2023-03-06 Monday 12:25:31: ****************************************
