2023-04-12 Wednesday 10:49:23 root:INFO:Run: 5 for Baseline experiment: DE-3 - route: ../nets/roundabout/input_routes_roundabout_auto_v1-3.rou.xml - first seed: 580 - alpha: 0.5 - gamma: 0.99 - epsilon: 0.2 - reward: diff-waiting-time
2023-04-12 Wednesday 11:09:45 root:INFO:Total Missing States: 0
2023-04-12 Wednesday 11:09:45 root:INFO:Mean Reward=-534699.00 +/- 0.00
2023-04-12 Wednesday 11:09:45 root:INFO:Mean Stopped=534699.00 +/- 0.00
2023-04-12 Wednesday 11:09:45 root:INFO:Mean_Stopped=534707.00 +/- 0.00
2023-04-12 Wednesday 11:09:45 root:INFO:Mean Waiting Time=12212093.00 +/- 0.00
2023-04-12 Wednesday 11:09:45 root:INFO:Mean_avg_speed=740.36 +/- 0.00
2023-04-12 Wednesday 11:09:45 root:INFO:Mean_avg_speed_2=13831.49 +/- 0.00
2023-04-12 Wednesday 11:09:45 root:INFO:Mean_avg_speed_cross_check=23853.67 +/- 0.00
2023-04-12 Wednesday 11:09:45 root:INFO:****************************************
2023-04-12 Wednesday 11:09:45 root:INFO:Calculation 1 - Overall 
2023-04-12 Wednesday 11:09:45 root:INFO:****************************************
2023-04-12 Wednesday 11:09:45 root:INFO:Inner X Outer Loops Mean Reward=-53.465 +/- 8.776
2023-04-12 Wednesday 11:09:45 root:INFO:Inner X Outer Loops Mean Stopped= 53.465 +/- 8.776
2023-04-12 Wednesday 11:09:45 root:INFO:Inner X Outer Loops Mean Stopped Cross Check= 53.465 +/- 8.776
2023-04-12 Wednesday 11:09:45 root:INFO:Inner X Outer Loops Mean Waiting Time= 1221.087 +/- 224.834
2023-04-12 Wednesday 11:09:45 root:INFO:Inner X Outer Loops Mean Avg Speed= 0.074 +/- 0.040
2023-04-12 Wednesday 11:09:45 root:INFO:Inner X Outer Loops Mean Avg Speed 2= 1.383 +/- 0.736
2023-04-12 Wednesday 11:09:45 root:INFO:Inner X Outer Loops Mean Avg Speed Cross Check= 2.385 +/- 0.760
2023-04-12 Wednesday 11:09:45 root:INFO:****************************************
2023-04-12 Wednesday 11:09:45 root:INFO:Calculation 2 - Per Episode
2023-04-12 Wednesday 11:09:45 root:INFO:****************************************
2023-04-12 Wednesday 11:09:45 root:INFO:Episode:0 Mean Waiting Time=-53.465 +/- 8.776
2023-04-12 Wednesday 11:09:45 root:INFO:1-Total Mean Reward= -53.465 +/- 0.000
2023-04-12 Wednesday 11:09:45 root:INFO:2-Total Mean Reward= -53.465 +/- 8.776
2023-04-12 Wednesday 11:09:45 root:INFO:****
2023-04-12 Wednesday 11:09:45 root:INFO:Episode:0 Mean Stopped= 53.465 +/- 8.776
2023-04-12 Wednesday 11:09:45 root:INFO:1-Total Mean Stopped= 53.465 +/- 0.000
2023-04-12 Wednesday 11:09:45 root:INFO:2-Total Mean Stopped= 53.465 +/- 8.776
2023-04-12 Wednesday 11:09:45 root:INFO:****
2023-04-12 Wednesday 11:09:45 root:INFO:Episode:0 Mean Stopped Cross Check= 53.465 +/- 8.776
2023-04-12 Wednesday 11:09:45 root:INFO:1-Total Mean Stopped Cross Check= 53.465 +/- 0.000
2023-04-12 Wednesday 11:09:45 root:INFO:2-Total Mean Stopped Cross Check= 53.465 +/- 8.776
2023-04-12 Wednesday 11:09:45 root:INFO:****
2023-04-12 Wednesday 11:09:45 root:INFO:Episode:0 Mean Waiting Time= 1221.087 +/- 224.834
2023-04-12 Wednesday 11:09:45 root:INFO:1-Total Mean Waiting Time= 1221.087 +/- 0.000
2023-04-12 Wednesday 11:09:45 root:INFO:2-Total Mean Waiting Time= 1221.087 +/- 224.834
2023-04-12 Wednesday 11:09:45 root:INFO:Episode:0 Mean Avg Speed= 0.074 +/- 0.040
2023-04-12 Wednesday 11:09:45 root:INFO:1-Total Mean Avg Speed= 0.074 +/- 0.000
2023-04-12 Wednesday 11:09:45 root:INFO:2-Total Mean Avg Speed= 0.074 +/- 0.040
2023-04-12 Wednesday 11:09:45 root:INFO:Episode:0 Mean Avg Speed 2= 1.383 +/- 0.736
2023-04-12 Wednesday 11:09:45 root:INFO:1-Total Mean Avg Speed 2= 1.383 +/- 0.000
2023-04-12 Wednesday 11:09:45 root:INFO:2-Total Mean Avg Speed 2= 1.383 +/- 0.736
2023-04-12 Wednesday 11:09:45 root:INFO:Episode:0 Mean Avg Speed Cross Check= 2.385 +/- 0.760
2023-04-12 Wednesday 11:09:45 root:INFO:1-Total Mean Avg Speed Cross Check= 2.385 +/- 0.000
2023-04-12 Wednesday 11:09:45 root:INFO:2-Total Mean Avg Speed Cross Check= 2.385 +/- 0.760
2023-04-12 Wednesday 11:09:45 root:INFO:****************************************
