2023-01-30 Monday 17:48:03 root:INFO:Total Missing States: 0
2023-01-30 Monday 17:48:03 root:INFO:Mean Reward=-698.33 +/- 4.68
2023-01-30 Monday 17:48:03 root:INFO:Mean Stopped=1439867.20 +/- 474.23
2023-01-30 Monday 17:48:03 root:INFO:Mean Waiting Time=642295634.20 +/- 191889.59
2023-01-30 Monday 17:48:03 root:INFO:****************************************
2023-01-30 Monday 17:48:03 root:INFO:Calculation 1 - Overall 
2023-01-30 Monday 17:48:03 root:INFO:****************************************
2023-01-30 Monday 17:48:03 root:INFO:Inner X Outer Loops Mean Reward=-0.070 +/- 5.061
2023-01-30 Monday 17:48:03 root:INFO:Inner X Outer Loops Mean Stopped= 143.972 +/- 24.762
2023-01-30 Monday 17:48:03 root:INFO:Inner X Outer Loops Mean Waiting Time= 64223.141 +/- 14289.176
2023-01-30 Monday 17:48:03 root:INFO:****************************************
2023-01-30 Monday 17:48:03 root:INFO:Calculation 2 - Per Episode
2023-01-30 Monday 17:48:03 root:INFO:****************************************
2023-01-30 Monday 17:48:03 root:INFO:Episode:0 Mean Waiting Time=-0.070 +/- 5.060
2023-01-30 Monday 17:48:03 root:INFO:Episode:1 Mean Waiting Time=-0.069 +/- 5.063
2023-01-30 Monday 17:48:03 root:INFO:Episode:2 Mean Waiting Time=-0.070 +/- 5.062
2023-01-30 Monday 17:48:03 root:INFO:Episode:3 Mean Waiting Time=-0.070 +/- 5.059
2023-01-30 Monday 17:48:03 root:INFO:Episode:4 Mean Waiting Time=-0.070 +/- 5.063
2023-01-30 Monday 17:48:03 root:INFO:1-Total Mean Reward= -0.070 +/- 0.000
2023-01-30 Monday 17:48:03 root:INFO:2-Total Mean Reward= -0.070 +/- 5.061
2023-01-30 Monday 17:48:03 root:INFO:****
2023-01-30 Monday 17:48:03 root:INFO:Episode:0 Mean Stopped= 144.037 +/- 24.798
2023-01-30 Monday 17:48:03 root:INFO:Episode:1 Mean Stopped= 143.964 +/- 24.652
2023-01-30 Monday 17:48:03 root:INFO:Episode:2 Mean Stopped= 143.962 +/- 24.809
2023-01-30 Monday 17:48:03 root:INFO:Episode:3 Mean Stopped= 144.004 +/- 24.798
2023-01-30 Monday 17:48:03 root:INFO:Episode:4 Mean Stopped= 143.896 +/- 24.751
2023-01-30 Monday 17:48:03 root:INFO:1-Total Mean Stopped= 143.972 +/- 0.047
2023-01-30 Monday 17:48:03 root:INFO:2-Total Mean Stopped= 143.972 +/- 24.762
2023-01-30 Monday 17:48:03 root:INFO:****
2023-01-30 Monday 17:48:03 root:INFO:Episode:0 Mean Waiting Time= 64256.166 +/- 14343.029
2023-01-30 Monday 17:48:03 root:INFO:Episode:1 Mean Waiting Time= 64230.596 +/- 14234.763
2023-01-30 Monday 17:48:03 root:INFO:Episode:2 Mean Waiting Time= 64201.096 +/- 14309.492
2023-01-30 Monday 17:48:03 root:INFO:Episode:3 Mean Waiting Time= 64218.315 +/- 14332.625
2023-01-30 Monday 17:48:03 root:INFO:Episode:4 Mean Waiting Time= 64209.532 +/- 14225.477
2023-01-30 Monday 17:48:03 root:INFO:1-Total Mean Waiting Time= 64223.141 +/- 19.187
2023-01-30 Monday 17:48:03 root:INFO:2-Total Mean Waiting Time= 64223.141 +/- 14289.077
2023-01-30 Monday 17:48:03 root:INFO:****************************************
