2023-04-10 Monday 07:30:14: Run: 2 for Training experiment: DE-1 - route: ../nets/roundabout/input_routes_roundabout_auto_v1-1.rou.xml - first seed: 270 - alpha: 0.5 - gamma: 0.99 - epsilon: 0.2 - reward: diff-waiting-time
2023-04-10 Monday 07:39:45: Run: 1 - First Epsilon: 0.2 - Last Epsilon: 0.2
2023-04-10 Monday 07:48:47: Run: 2 - First Epsilon: 0.2 - Last Epsilon: 0.2
2023-04-10 Monday 07:58:08: Run: 3 - First Epsilon: 0.2 - Last Epsilon: 0.2
2023-04-10 Monday 08:07:40: Run: 4 - First Epsilon: 0.2 - Last Epsilon: 0.2
2023-04-10 Monday 08:17:25: Run: 5 - First Epsilon: 0.2 - Last Epsilon: 0.2
2023-04-10 Monday 08:17:25: Q-Table Total Distinct States: 282
2023-04-10 Monday 08:17:25: Mean_reward=-2.73 +/- 2.37
2023-04-10 Monday 08:17:25: Mean_Stopped=75758.40 +/- 3727.63
2023-04-10 Monday 08:17:25: Mean_Stopped=75891.20 +/- 3753.67
2023-04-10 Monday 08:17:25: Mean_waiting_time=1982394.00 +/- 120655.81
2023-04-10 Monday 08:17:25: Mean_avg_speed=3581.90 +/- 78.00
2023-04-10 Monday 08:17:25: Mean_avg_speed_2=66583.87 +/- 1410.07
2023-04-10 Monday 08:17:25: Mean_avg_speed_cross_check=78546.01 +/- 1049.92
2023-04-10 Monday 08:17:25: ****************************************
2023-04-10 Monday 08:17:25: Calculation 1 - Overall 
2023-04-10 Monday 08:17:25: ****************************************
2023-04-10 Monday 08:17:25: Inner X Outer Loops Mean Reward= -0.000 +/- 0.855
2023-04-10 Monday 08:17:25: Inner X Outer Loops Mean Stopped= 7.575 +/- 2.615
2023-04-10 Monday 08:17:25: Inner X Outer Loops Mean Stopped Cross Check= 7.588 +/- 2.616
2023-04-10 Monday 08:17:25: Inner X Outer Loops Mean Waiting Time= 198.220 +/- 203.139
2023-04-10 Monday 08:17:25: Inner X Outer Loops Mean Avg Speed= 0.358 +/- 0.060
2023-04-10 Monday 08:17:25: Inner X Outer Loops Mean Avg Speed 2= 6.658 +/- 1.086
2023-04-10 Monday 08:17:25: Inner X Outer Loops Mean Avg Speed Cross Check= 7.854 +/- 0.786
2023-04-10 Monday 08:17:25: ****************************************
2023-04-10 Monday 08:17:25: Calculation 2 - Per Episode
2023-04-10 Monday 08:17:25: ****************************************
2023-04-10 Monday 08:17:25: Episode:0 Mean Reward= -0.000 +/- 0.851
2023-04-10 Monday 08:17:25: Episode:1 Mean Reward= -0.001 +/- 0.849
2023-04-10 Monday 08:17:25: Episode:2 Mean Reward= -0.000 +/- 0.823
2023-04-10 Monday 08:17:25: Episode:3 Mean Reward= -0.000 +/- 0.858
2023-04-10 Monday 08:17:25: Episode:4 Mean Reward= -0.001 +/- 0.893
2023-04-10 Monday 08:17:25: 1-Total Mean Reward= -0.000 +/- 0.000
2023-04-10 Monday 08:17:25: 2-Total Mean Reward= -0.000 +/- 0.855
2023-04-10 Monday 08:17:25: ****
2023-04-10 Monday 08:17:25: Episode:0 Mean Stopped= 7.418 +/- 2.277
2023-04-10 Monday 08:17:25: Episode:1 Mean Stopped= 7.891 +/- 3.609
2023-04-10 Monday 08:17:25: Episode:2 Mean Stopped= 7.036 +/- 2.122
2023-04-10 Monday 08:17:25: Episode:3 Mean Stopped= 7.443 +/- 2.255
2023-04-10 Monday 08:17:25: Episode:4 Mean Stopped= 8.087 +/- 2.387
2023-04-10 Monday 08:17:25: 1-Total Mean Stopped= 7.575 +/- 0.373
2023-04-10 Monday 08:17:25: 2-Total Mean Stopped= 7.575 +/- 2.530
2023-04-10 Monday 08:17:25: ****
2023-04-10 Monday 08:17:25: Episode:0 Mean Stopped Cross Check= 7.430 +/- 2.275
2023-04-10 Monday 08:17:25: Episode:1 Mean Stopped Cross Check= 7.904 +/- 3.613
2023-04-10 Monday 08:17:25: Episode:2 Mean Stopped Cross Check= 7.045 +/- 2.122
2023-04-10 Monday 08:17:25: Episode:3 Mean Stopped Cross Check= 7.456 +/- 2.255
2023-04-10 Monday 08:17:25: Episode:4 Mean Stopped Cross Check= 8.106 +/- 2.387
2023-04-10 Monday 08:17:25: 1-Total Mean Stopped Cross Check= 7.588 +/- 0.375
2023-04-10 Monday 08:17:25: 2-Total Mean Stopped Cross Check= 7.588 +/- 2.530
2023-04-10 Monday 08:17:25: ****
2023-04-10 Monday 08:17:25: Episode:0 Mean Waiting Time= 193.068 +/- 202.942
2023-04-10 Monday 08:17:25: Episode:1 Mean Waiting Time= 201.855 +/- 229.581
2023-04-10 Monday 08:17:25: Episode:2 Mean Waiting Time= 180.984 +/- 185.350
2023-04-10 Monday 08:17:25: Episode:3 Mean Waiting Time= 197.224 +/- 193.396
2023-04-10 Monday 08:17:25: Episode:4 Mean Waiting Time= 217.966 +/- 199.874
2023-04-10 Monday 08:17:25: 1-Total Mean Waiting Time= 198.220 +/- 12.064
2023-04-10 Monday 08:17:25: 2-Total Mean Waiting Time= 198.220 +/- 202.229
2023-04-10 Monday 08:17:25: Episode:0 Mean Avg Speed= 0.361 +/- 0.058
2023-04-10 Monday 08:17:25: Episode:1 Mean Avg Speed= 0.354 +/- 0.064
2023-04-10 Monday 08:17:25: Episode:2 Mean Avg Speed= 0.369 +/- 0.059
2023-04-10 Monday 08:17:25: Episode:3 Mean Avg Speed= 0.361 +/- 0.059
2023-04-10 Monday 08:17:25: Episode:4 Mean Avg Speed= 0.346 +/- 0.058
2023-04-10 Monday 08:17:25: 1-Total Mean Avg Speed= 0.358 +/- 0.008
2023-04-10 Monday 08:17:25: 2-Total Mean Avg Speed= 0.358 +/- 0.059
2023-04-10 Monday 08:17:25: Episode:0 Mean Avg Speed 2= 6.709 +/- 1.055
2023-04-10 Monday 08:17:25: Episode:1 Mean Avg Speed 2= 6.590 +/- 1.164
2023-04-10 Monday 08:17:25: Episode:2 Mean Avg Speed 2= 6.860 +/- 1.061
2023-04-10 Monday 08:17:25: Episode:3 Mean Avg Speed 2= 6.696 +/- 1.061
2023-04-10 Monday 08:17:25: Episode:4 Mean Avg Speed 2= 6.434 +/- 1.039
2023-04-10 Monday 08:17:25: 1-Total Mean Avg Speed 2= 6.658 +/- 0.141
2023-04-10 Monday 08:17:25: 2-Total Mean Avg Speed 2= 6.658 +/- 1.076
2023-04-10 Monday 08:17:25: Episode:0 Mean Avg Speed Cross Check= 7.903 +/- 0.760
2023-04-10 Monday 08:17:25: Episode:1 Mean Avg Speed Cross Check= 7.796 +/- 0.874
2023-04-10 Monday 08:17:25: Episode:2 Mean Avg Speed Cross Check= 8.001 +/- 0.742
2023-04-10 Monday 08:17:25: Episode:3 Mean Avg Speed Cross Check= 7.881 +/- 0.753
2023-04-10 Monday 08:17:25: Episode:4 Mean Avg Speed Cross Check= 7.689 +/- 0.758
2023-04-10 Monday 08:17:25: 1-Total Mean Avg Speed Cross Check= 7.854 +/- 0.105
2023-04-10 Monday 08:17:25: 2-Total Mean Avg Speed Cross Check= 7.854 +/- 0.777
2023-04-10 Monday 08:17:25: ****************************************
