2023-04-10 Monday 08:26:03 root:INFO:Run: 2 for Baseline experiment: DE-1 - route: ../nets/roundabout/input_routes_roundabout_auto_v1-1.rou.xml - first seed: 280 - alpha: 0.5 - gamma: 0.99 - epsilon: 0.2 - reward: diff-waiting-time
2023-04-10 Monday 09:13:04 root:INFO:Total Missing States: 0
2023-04-10 Monday 09:13:04 root:INFO:Mean Reward=-1440483.00 +/- 0.00
2023-04-10 Monday 09:13:04 root:INFO:Mean Stopped=1440483.00 +/- 0.00
2023-04-10 Monday 09:13:04 root:INFO:Mean_Stopped=1440488.00 +/- 0.00
2023-04-10 Monday 09:13:04 root:INFO:Mean Waiting Time=32408926.00 +/- 0.00
2023-04-10 Monday 09:13:04 root:INFO:Mean_avg_speed=381.67 +/- 0.00
2023-04-10 Monday 09:13:04 root:INFO:Mean_avg_speed_2=7092.51 +/- 0.00
2023-04-10 Monday 09:13:04 root:INFO:Mean_avg_speed_cross_check=12649.44 +/- 0.00
2023-04-10 Monday 09:13:04 root:INFO:****************************************
2023-04-10 Monday 09:13:04 root:INFO:Calculation 1 - Overall 
2023-04-10 Monday 09:13:04 root:INFO:****************************************
2023-04-10 Monday 09:13:04 root:INFO:Inner X Outer Loops Mean Reward=-144.034 +/- 24.800
2023-04-10 Monday 09:13:04 root:INFO:Inner X Outer Loops Mean Stopped= 144.034 +/- 24.800
2023-04-10 Monday 09:13:04 root:INFO:Inner X Outer Loops Mean Stopped Cross Check= 144.034 +/- 24.800
2023-04-10 Monday 09:13:04 root:INFO:Inner X Outer Loops Mean Waiting Time= 3240.569 +/- 586.587
2023-04-10 Monday 09:13:04 root:INFO:Inner X Outer Loops Mean Avg Speed= 0.038 +/- 0.034
2023-04-10 Monday 09:13:04 root:INFO:Inner X Outer Loops Mean Avg Speed 2= 0.709 +/- 0.625
2023-04-10 Monday 09:13:04 root:INFO:Inner X Outer Loops Mean Avg Speed Cross Check= 1.265 +/- 0.716
2023-04-10 Monday 09:13:04 root:INFO:****************************************
2023-04-10 Monday 09:13:04 root:INFO:Calculation 2 - Per Episode
2023-04-10 Monday 09:13:04 root:INFO:****************************************
2023-04-10 Monday 09:13:04 root:INFO:Episode:0 Mean Waiting Time=-144.034 +/- 24.800
2023-04-10 Monday 09:13:04 root:INFO:1-Total Mean Reward= -144.034 +/- 0.000
2023-04-10 Monday 09:13:04 root:INFO:2-Total Mean Reward= -144.034 +/- 24.800
2023-04-10 Monday 09:13:04 root:INFO:****
2023-04-10 Monday 09:13:04 root:INFO:Episode:0 Mean Stopped= 144.034 +/- 24.800
2023-04-10 Monday 09:13:04 root:INFO:1-Total Mean Stopped= 144.034 +/- 0.000
2023-04-10 Monday 09:13:04 root:INFO:2-Total Mean Stopped= 144.034 +/- 24.800
2023-04-10 Monday 09:13:04 root:INFO:****
2023-04-10 Monday 09:13:04 root:INFO:Episode:0 Mean Stopped Cross Check= 144.034 +/- 24.800
2023-04-10 Monday 09:13:04 root:INFO:1-Total Mean Stopped Cross Check= 144.034 +/- 0.000
2023-04-10 Monday 09:13:04 root:INFO:2-Total Mean Stopped Cross Check= 144.034 +/- 24.800
2023-04-10 Monday 09:13:04 root:INFO:****
2023-04-10 Monday 09:13:04 root:INFO:Episode:0 Mean Waiting Time= 3240.569 +/- 586.587
2023-04-10 Monday 09:13:04 root:INFO:1-Total Mean Waiting Time= 3240.569 +/- 0.000
2023-04-10 Monday 09:13:04 root:INFO:2-Total Mean Waiting Time= 3240.569 +/- 586.587
2023-04-10 Monday 09:13:04 root:INFO:Episode:0 Mean Avg Speed= 0.038 +/- 0.034
2023-04-10 Monday 09:13:04 root:INFO:1-Total Mean Avg Speed= 0.038 +/- 0.000
2023-04-10 Monday 09:13:04 root:INFO:2-Total Mean Avg Speed= 0.038 +/- 0.034
2023-04-10 Monday 09:13:04 root:INFO:Episode:0 Mean Avg Speed 2= 0.709 +/- 0.625
2023-04-10 Monday 09:13:04 root:INFO:1-Total Mean Avg Speed 2= 0.709 +/- 0.000
2023-04-10 Monday 09:13:04 root:INFO:2-Total Mean Avg Speed 2= 0.709 +/- 0.625
2023-04-10 Monday 09:13:04 root:INFO:Episode:0 Mean Avg Speed Cross Check= 1.265 +/- 0.716
2023-04-10 Monday 09:13:04 root:INFO:1-Total Mean Avg Speed Cross Check= 1.265 +/- 0.000
2023-04-10 Monday 09:13:04 root:INFO:2-Total Mean Avg Speed Cross Check= 1.265 +/- 0.716
2023-04-10 Monday 09:13:04 root:INFO:****************************************
