2023-03-08 Wednesday 15:44:16: Run: 3 for Training experiment: DoE-47 - first seed: 370 - alpha: 0.5 - gamma: 0.9 - epsilon: 0.4 - reward: diff-waiting-time
2023-03-08 Wednesday 15:51:31: Run: 1 - First Epsilon: 0.4 - Last Epsilon: 0.4
2023-03-08 Wednesday 15:56:55: Run: 2 - First Epsilon: 0.4 - Last Epsilon: 0.4
2023-03-08 Wednesday 16:02:25: Run: 3 - First Epsilon: 0.4 - Last Epsilon: 0.4
2023-03-08 Wednesday 16:07:54: Run: 4 - First Epsilon: 0.4 - Last Epsilon: 0.4
2023-03-08 Wednesday 16:13:21: Run: 5 - First Epsilon: 0.4 - Last Epsilon: 0.4
2023-03-08 Wednesday 16:13:21: Q-Table Total Distinct States: 768
2023-03-08 Wednesday 16:13:21: Mean_reward=-2.87 +/- 1.67
2023-03-08 Wednesday 16:13:21: Mean_Stopped=107440.60 +/- 35352.88
2023-03-08 Wednesday 16:13:21: Mean_Stopped=107595.40 +/- 35360.78
2023-03-08 Wednesday 16:13:21: Mean_waiting_time=2838064.00 +/- 1518152.19
2023-03-08 Wednesday 16:13:21: Mean_avg_speed=3230.16 +/- 204.38
2023-03-08 Wednesday 16:13:21: Mean_avg_speed_2=60013.89 +/- 3746.00
2023-03-08 Wednesday 16:13:21: Mean_avg_speed_cross_check=73102.90 +/- 3662.78
2023-03-08 Wednesday 16:13:21: ****************************************
2023-03-08 Wednesday 16:13:21: Calculation 1 - Overall 
2023-03-08 Wednesday 16:13:21: ****************************************
2023-03-08 Wednesday 16:13:21: Inner X Outer Loops Mean Reward= -0.000 +/- 0.986
2023-03-08 Wednesday 16:13:21: Inner X Outer Loops Mean Stopped= 10.743 +/- 9.448
2023-03-08 Wednesday 16:13:21: Inner X Outer Loops Mean Stopped Cross Check= 10.758 +/- 9.450
2023-03-08 Wednesday 16:13:21: Inner X Outer Loops Mean Waiting Time= 283.778 +/- 504.148
2023-03-08 Wednesday 16:13:21: Inner X Outer Loops Mean Avg Speed= 0.323 +/- 0.077
2023-03-08 Wednesday 16:13:21: Inner X Outer Loops Mean Avg Speed 2= 6.001 +/- 1.411
2023-03-08 Wednesday 16:13:21: Inner X Outer Loops Mean Avg Speed Cross Check= 7.310 +/- 1.214
2023-03-08 Wednesday 16:13:21: ****************************************
2023-03-08 Wednesday 16:13:21: Calculation 2 - Per Episode
2023-03-08 Wednesday 16:13:21: ****************************************
2023-03-08 Wednesday 16:13:21: Episode:0 Mean Reward= -0.001 +/- 1.361
2023-03-08 Wednesday 16:13:21: Episode:1 Mean Reward= -0.000 +/- 0.843
2023-03-08 Wednesday 16:13:21: Episode:2 Mean Reward= -0.000 +/- 0.863
2023-03-08 Wednesday 16:13:21: Episode:3 Mean Reward= -0.000 +/- 0.893
2023-03-08 Wednesday 16:13:21: Episode:4 Mean Reward= -0.000 +/- 0.867
2023-03-08 Wednesday 16:13:21: 1-Total Mean Reward= -0.000 +/- 0.000
2023-03-08 Wednesday 16:13:21: 2-Total Mean Reward= -0.000 +/- 0.965
2023-03-08 Wednesday 16:13:21: ****
2023-03-08 Wednesday 16:13:21: Episode:0 Mean Stopped= 17.798 +/- 18.435
2023-03-08 Wednesday 16:13:21: Episode:1 Mean Stopped= 8.549 +/- 3.138
2023-03-08 Wednesday 16:13:21: Episode:2 Mean Stopped= 9.196 +/- 3.717
2023-03-08 Wednesday 16:13:21: Episode:3 Mean Stopped= 9.150 +/- 3.222
2023-03-08 Wednesday 16:13:21: Episode:4 Mean Stopped= 9.022 +/- 3.152
2023-03-08 Wednesday 16:13:21: 1-Total Mean Stopped= 10.743 +/- 3.535
2023-03-08 Wednesday 16:13:21: 2-Total Mean Stopped= 10.743 +/- 6.333
2023-03-08 Wednesday 16:13:21: ****
2023-03-08 Wednesday 16:13:21: Episode:0 Mean Stopped Cross Check= 17.815 +/- 18.441
2023-03-08 Wednesday 16:13:21: Episode:1 Mean Stopped Cross Check= 8.563 +/- 3.138
2023-03-08 Wednesday 16:13:21: Episode:2 Mean Stopped Cross Check= 9.213 +/- 3.715
2023-03-08 Wednesday 16:13:21: Episode:3 Mean Stopped Cross Check= 9.164 +/- 3.223
2023-03-08 Wednesday 16:13:21: Episode:4 Mean Stopped Cross Check= 9.038 +/- 3.152
2023-03-08 Wednesday 16:13:21: 1-Total Mean Stopped Cross Check= 10.758 +/- 3.536
2023-03-08 Wednesday 16:13:21: 2-Total Mean Stopped Cross Check= 10.758 +/- 6.334
2023-03-08 Wednesday 16:13:21: ****
2023-03-08 Wednesday 16:13:21: Episode:0 Mean Waiting Time= 587.020 +/- 1021.341
2023-03-08 Wednesday 16:13:21: Episode:1 Mean Waiting Time= 195.712 +/- 155.713
2023-03-08 Wednesday 16:13:21: Episode:2 Mean Waiting Time= 209.333 +/- 170.749
2023-03-08 Wednesday 16:13:21: Episode:3 Mean Waiting Time= 218.906 +/- 181.213
2023-03-08 Wednesday 16:13:21: Episode:4 Mean Waiting Time= 207.918 +/- 161.965
2023-03-08 Wednesday 16:13:21: 1-Total Mean Waiting Time= 283.778 +/- 151.800
2023-03-08 Wednesday 16:13:21: 2-Total Mean Waiting Time= 283.778 +/- 338.196
2023-03-08 Wednesday 16:13:21: Episode:0 Mean Avg Speed= 0.283 +/- 0.108
2023-03-08 Wednesday 16:13:21: Episode:1 Mean Avg Speed= 0.341 +/- 0.064
2023-03-08 Wednesday 16:13:21: Episode:2 Mean Avg Speed= 0.330 +/- 0.066
2023-03-08 Wednesday 16:13:21: Episode:3 Mean Avg Speed= 0.330 +/- 0.062
2023-03-08 Wednesday 16:13:21: Episode:4 Mean Avg Speed= 0.332 +/- 0.062
2023-03-08 Wednesday 16:13:21: 1-Total Mean Avg Speed= 0.323 +/- 0.020
2023-03-08 Wednesday 16:13:21: 2-Total Mean Avg Speed= 0.323 +/- 0.072
2023-03-08 Wednesday 16:13:21: Episode:0 Mean Avg Speed 2= 5.267 +/- 1.994
2023-03-08 Wednesday 16:13:21: Episode:1 Mean Avg Speed 2= 6.327 +/- 1.153
2023-03-08 Wednesday 16:13:21: Episode:2 Mean Avg Speed 2= 6.135 +/- 1.195
2023-03-08 Wednesday 16:13:21: Episode:3 Mean Avg Speed 2= 6.124 +/- 1.121
2023-03-08 Wednesday 16:13:21: Episode:4 Mean Avg Speed 2= 6.152 +/- 1.124
2023-03-08 Wednesday 16:13:21: 1-Total Mean Avg Speed 2= 6.001 +/- 0.375
2023-03-08 Wednesday 16:13:21: 2-Total Mean Avg Speed 2= 6.001 +/- 1.318
2023-03-08 Wednesday 16:13:21: Episode:0 Mean Avg Speed Cross Check= 6.586 +/- 1.896
2023-03-08 Wednesday 16:13:21: Episode:1 Mean Avg Speed Cross Check= 7.598 +/- 0.868
2023-03-08 Wednesday 16:13:21: Episode:2 Mean Avg Speed Cross Check= 7.447 +/- 0.929
2023-03-08 Wednesday 16:13:21: Episode:3 Mean Avg Speed Cross Check= 7.448 +/- 0.869
2023-03-08 Wednesday 16:13:21: Episode:4 Mean Avg Speed Cross Check= 7.469 +/- 0.859
2023-03-08 Wednesday 16:13:21: 1-Total Mean Avg Speed Cross Check= 7.310 +/- 0.366
2023-03-08 Wednesday 16:13:21: 2-Total Mean Avg Speed Cross Check= 7.310 +/- 1.084
2023-03-08 Wednesday 16:13:21: ****************************************
