2023-04-12 Wednesday 21:03:51: Run: 5 for Training experiment: DE-8 - route: ../nets/roundabout/input_routes_roundabout_auto_v1-8.rou.xml - first seed: 570 - alpha: 0.5 - gamma: 0.99 - epsilon: 0.2 - reward: diff-waiting-time
2023-04-12 Wednesday 21:10:45: Run: 1 - First Epsilon: 0.2 - Last Epsilon: 0.2
2023-04-12 Wednesday 21:16:38: Run: 2 - First Epsilon: 0.2 - Last Epsilon: 0.2
2023-04-12 Wednesday 21:22:32: Run: 3 - First Epsilon: 0.2 - Last Epsilon: 0.2
2023-04-12 Wednesday 21:28:25: Run: 4 - First Epsilon: 0.2 - Last Epsilon: 0.2
2023-04-12 Wednesday 21:34:27: Run: 5 - First Epsilon: 0.2 - Last Epsilon: 0.2
2023-04-12 Wednesday 21:34:27: Q-Table Total Distinct States: 286
2023-04-12 Wednesday 21:34:27: Mean_reward=-0.77 +/- 0.67
2023-04-12 Wednesday 21:34:27: Mean_Stopped=35860.80 +/- 7761.72
2023-04-12 Wednesday 21:34:27: Mean_Stopped=35892.00 +/- 7761.07
2023-04-12 Wednesday 21:34:27: Mean_waiting_time=1145279.00 +/- 378160.36
2023-04-12 Wednesday 21:34:27: Mean_avg_speed=3911.86 +/- 91.39
2023-04-12 Wednesday 21:34:27: Mean_avg_speed_2=72461.12 +/- 1798.28
2023-04-12 Wednesday 21:34:27: Mean_avg_speed_cross_check=82503.06 +/- 1773.91
2023-04-12 Wednesday 21:34:27: ****************************************
2023-04-12 Wednesday 21:34:27: Calculation 1 - Overall 
2023-04-12 Wednesday 21:34:27: ****************************************
2023-04-12 Wednesday 21:34:27: Inner X Outer Loops Mean Reward= -0.000 +/- 0.661
2023-04-12 Wednesday 21:34:27: Inner X Outer Loops Mean Stopped= 3.586 +/- 3.582
2023-04-12 Wednesday 21:34:27: Inner X Outer Loops Mean Stopped Cross Check= 3.589 +/- 3.582
2023-04-12 Wednesday 21:34:27: Inner X Outer Loops Mean Waiting Time= 114.516 +/- 239.646
2023-04-12 Wednesday 21:34:27: Inner X Outer Loops Mean Avg Speed= 0.391 +/- 0.137
2023-04-12 Wednesday 21:34:28: Inner X Outer Loops Mean Avg Speed 2= 7.245 +/- 2.593
2023-04-12 Wednesday 21:34:28: Inner X Outer Loops Mean Avg Speed Cross Check= 8.249 +/- 1.715
2023-04-12 Wednesday 21:34:28: ****************************************
2023-04-12 Wednesday 21:34:28: Calculation 2 - Per Episode
2023-04-12 Wednesday 21:34:28: ****************************************
2023-04-12 Wednesday 21:34:28: Episode:0 Mean Reward= 0.000 +/- 0.838
2023-04-12 Wednesday 21:34:28: Episode:1 Mean Reward= -0.000 +/- 0.618
2023-04-12 Wednesday 21:34:28: Episode:2 Mean Reward= -0.000 +/- 0.632
2023-04-12 Wednesday 21:34:28: Episode:3 Mean Reward= -0.000 +/- 0.589
2023-04-12 Wednesday 21:34:28: Episode:4 Mean Reward= -0.000 +/- 0.596
2023-04-12 Wednesday 21:34:28: 1-Total Mean Reward= -0.000 +/- 0.000
2023-04-12 Wednesday 21:34:28: 2-Total Mean Reward= -0.000 +/- 0.655
2023-04-12 Wednesday 21:34:28: ****
2023-04-12 Wednesday 21:34:28: Episode:0 Mean Stopped= 5.133 +/- 7.092
2023-04-12 Wednesday 21:34:28: Episode:1 Mean Stopped= 3.088 +/- 1.655
2023-04-12 Wednesday 21:34:28: Episode:2 Mean Stopped= 3.234 +/- 1.641
2023-04-12 Wednesday 21:34:28: Episode:3 Mean Stopped= 3.204 +/- 1.620
2023-04-12 Wednesday 21:34:28: Episode:4 Mean Stopped= 3.268 +/- 1.669
2023-04-12 Wednesday 21:34:28: 1-Total Mean Stopped= 3.586 +/- 0.776
2023-04-12 Wednesday 21:34:28: 2-Total Mean Stopped= 3.586 +/- 2.736
2023-04-12 Wednesday 21:34:28: ****
2023-04-12 Wednesday 21:34:28: Episode:0 Mean Stopped Cross Check= 5.136 +/- 7.093
2023-04-12 Wednesday 21:34:28: Episode:1 Mean Stopped Cross Check= 3.093 +/- 1.655
2023-04-12 Wednesday 21:34:28: Episode:2 Mean Stopped Cross Check= 3.237 +/- 1.640
2023-04-12 Wednesday 21:34:28: Episode:3 Mean Stopped Cross Check= 3.207 +/- 1.618
2023-04-12 Wednesday 21:34:28: Episode:4 Mean Stopped Cross Check= 3.271 +/- 1.668
2023-04-12 Wednesday 21:34:28: 1-Total Mean Stopped Cross Check= 3.589 +/- 0.776
2023-04-12 Wednesday 21:34:28: 2-Total Mean Stopped Cross Check= 3.589 +/- 2.735
2023-04-12 Wednesday 21:34:28: ****
2023-04-12 Wednesday 21:34:28: Episode:0 Mean Waiting Time= 189.673 +/- 452.047
2023-04-12 Wednesday 21:34:28: Episode:1 Mean Waiting Time= 97.768 +/- 147.073
2023-04-12 Wednesday 21:34:28: Episode:2 Mean Waiting Time= 102.400 +/- 146.688
2023-04-12 Wednesday 21:34:28: Episode:3 Mean Waiting Time= 90.516 +/- 125.793
2023-04-12 Wednesday 21:34:28: Episode:4 Mean Waiting Time= 92.225 +/- 129.170
2023-04-12 Wednesday 21:34:28: 1-Total Mean Waiting Time= 114.516 +/- 37.812
2023-04-12 Wednesday 21:34:28: 2-Total Mean Waiting Time= 114.516 +/- 200.154
2023-04-12 Wednesday 21:34:28: Episode:0 Mean Avg Speed= 0.374 +/- 0.157
2023-04-12 Wednesday 21:34:28: Episode:1 Mean Avg Speed= 0.401 +/- 0.137
2023-04-12 Wednesday 21:34:28: Episode:2 Mean Avg Speed= 0.395 +/- 0.129
2023-04-12 Wednesday 21:34:28: Episode:3 Mean Avg Speed= 0.395 +/- 0.129
2023-04-12 Wednesday 21:34:28: Episode:4 Mean Avg Speed= 0.391 +/- 0.132
2023-04-12 Wednesday 21:34:28: 1-Total Mean Avg Speed= 0.391 +/- 0.009
2023-04-12 Wednesday 21:34:28: 2-Total Mean Avg Speed= 0.391 +/- 0.137
2023-04-12 Wednesday 21:34:28: Episode:0 Mean Avg Speed 2= 6.906 +/- 2.925
2023-04-12 Wednesday 21:34:28: Episode:1 Mean Avg Speed 2= 7.440 +/- 2.578
2023-04-12 Wednesday 21:34:28: Episode:2 Mean Avg Speed 2= 7.306 +/- 2.446
2023-04-12 Wednesday 21:34:28: Episode:3 Mean Avg Speed 2= 7.316 +/- 2.454
2023-04-12 Wednesday 21:34:28: Episode:4 Mean Avg Speed 2= 7.260 +/- 2.498
2023-04-12 Wednesday 21:34:28: 1-Total Mean Avg Speed 2= 7.245 +/- 0.180
2023-04-12 Wednesday 21:34:28: 2-Total Mean Avg Speed 2= 7.245 +/- 2.580
2023-04-12 Wednesday 21:34:28: Episode:0 Mean Avg Speed Cross Check= 7.906 +/- 2.139
2023-04-12 Wednesday 21:34:28: Episode:1 Mean Avg Speed Cross Check= 8.417 +/- 1.603
2023-04-12 Wednesday 21:34:28: Episode:2 Mean Avg Speed Cross Check= 8.305 +/- 1.567
2023-04-12 Wednesday 21:34:28: Episode:3 Mean Avg Speed Cross Check= 8.328 +/- 1.562
2023-04-12 Wednesday 21:34:28: Episode:4 Mean Avg Speed Cross Check= 8.292 +/- 1.584
2023-04-12 Wednesday 21:34:28: 1-Total Mean Avg Speed Cross Check= 8.249 +/- 0.177
2023-04-12 Wednesday 21:34:28: 2-Total Mean Avg Speed Cross Check= 8.249 +/- 1.691
2023-04-12 Wednesday 21:34:28: ****************************************
