2023-03-06 Monday 21:08:30: Run: 3 for Training experiment: DoE-14 - first seed: 370 - alpha: 0.1 - gamma: 0.99 - epsilon: 0.2 - reward: average-speed-2
2023-03-06 Monday 21:30:44: Run: 1 - First Epsilon: 0.2 - Last Epsilon: 0.2
2023-03-06 Monday 21:52:40: Run: 2 - First Epsilon: 0.2 - Last Epsilon: 0.2
2023-03-06 Monday 22:16:17: Run: 3 - First Epsilon: 0.2 - Last Epsilon: 0.2
2023-03-06 Monday 22:38:05: Run: 4 - First Epsilon: 0.2 - Last Epsilon: 0.2
2023-03-06 Monday 23:02:39: Run: 5 - First Epsilon: 0.2 - Last Epsilon: 0.2
2023-03-06 Monday 23:02:39: Q-Table Total Distinct States: 338
2023-03-06 Monday 23:02:39: Mean_reward=9182.17 +/- 913.96
2023-03-06 Monday 23:02:39: Mean_Stopped=1090090.40 +/- 44873.17
2023-03-06 Monday 23:02:39: Mean_Stopped=1090424.40 +/- 44803.36
2023-03-06 Monday 23:02:39: Mean_waiting_time=166288237.20 +/- 13554555.70
2023-03-06 Monday 23:02:39: Mean_avg_speed=494.26 +/- 49.27
2023-03-06 Monday 23:02:39: Mean_avg_speed_2=9182.17 +/- 913.96
2023-03-06 Monday 23:02:39: Mean_avg_speed_cross_check=16319.79 +/- 1563.45
2023-03-06 Monday 23:02:39: ****************************************
2023-03-06 Monday 23:02:39: Calculation 1 - Overall 
2023-03-06 Monday 23:02:39: ****************************************
2023-03-06 Monday 23:02:39: Inner X Outer Loops Mean Reward= 0.918 +/- 0.504
2023-03-06 Monday 23:02:39: Inner X Outer Loops Mean Stopped= 108.998 +/- 14.785
2023-03-06 Monday 23:02:39: Inner X Outer Loops Mean Stopped Cross Check= 109.032 +/- 14.773
2023-03-06 Monday 23:02:39: Inner X Outer Loops Mean Waiting Time= 16627.161 +/- 14147.952
2023-03-06 Monday 23:02:39: Inner X Outer Loops Mean Avg Speed= 0.049 +/- 0.027
2023-03-06 Monday 23:02:39: Inner X Outer Loops Mean Avg Speed 2= 0.918 +/- 0.504
2023-03-06 Monday 23:02:39: Inner X Outer Loops Mean Avg Speed Cross Check= 1.632 +/- 0.597
2023-03-06 Monday 23:02:39: ****************************************
2023-03-06 Monday 23:02:39: Calculation 2 - Per Episode
2023-03-06 Monday 23:02:39: ****************************************
2023-03-06 Monday 23:02:39: Episode:0 Mean Reward= 0.737 +/- 0.505
2023-03-06 Monday 23:02:39: Episode:1 Mean Reward= 0.947 +/- 0.525
2023-03-06 Monday 23:02:39: Episode:2 Mean Reward= 0.959 +/- 0.516
2023-03-06 Monday 23:02:39: Episode:3 Mean Reward= 0.975 +/- 0.462
2023-03-06 Monday 23:02:39: Episode:4 Mean Reward= 0.974 +/- 0.470
2023-03-06 Monday 23:02:39: 1-Total Mean Reward= 0.918 +/- 0.091
2023-03-06 Monday 23:02:39: 2-Total Mean Reward= 0.918 +/- 0.495
2023-03-06 Monday 23:02:39: ****
2023-03-06 Monday 23:02:39: Episode:0 Mean Stopped= 117.887 +/- 15.851
2023-03-06 Monday 23:02:39: Episode:1 Mean Stopped= 107.708 +/- 15.594
2023-03-06 Monday 23:02:39: Episode:2 Mean Stopped= 107.165 +/- 13.368
2023-03-06 Monday 23:02:39: Episode:3 Mean Stopped= 106.127 +/- 12.712
2023-03-06 Monday 23:02:39: Episode:4 Mean Stopped= 106.103 +/- 12.552
2023-03-06 Monday 23:02:39: 1-Total Mean Stopped= 108.998 +/- 4.487
2023-03-06 Monday 23:02:39: 2-Total Mean Stopped= 108.998 +/- 14.015
2023-03-06 Monday 23:02:39: ****
2023-03-06 Monday 23:02:39: Episode:0 Mean Stopped Cross Check= 117.907 +/- 15.834
2023-03-06 Monday 23:02:39: Episode:1 Mean Stopped Cross Check= 107.737 +/- 15.586
2023-03-06 Monday 23:02:39: Episode:2 Mean Stopped Cross Check= 107.209 +/- 13.358
2023-03-06 Monday 23:02:39: Episode:3 Mean Stopped Cross Check= 106.169 +/- 12.703
2023-03-06 Monday 23:02:39: Episode:4 Mean Stopped Cross Check= 106.135 +/- 12.545
2023-03-06 Monday 23:02:39: 1-Total Mean Stopped Cross Check= 109.032 +/- 4.480
2023-03-06 Monday 23:02:39: 2-Total Mean Stopped Cross Check= 109.032 +/- 14.005
2023-03-06 Monday 23:02:39: ****
2023-03-06 Monday 23:02:39: Episode:0 Mean Waiting Time= 16843.627 +/- 12000.955
2023-03-06 Monday 23:02:39: Episode:1 Mean Waiting Time= 16541.435 +/- 14161.622
2023-03-06 Monday 23:02:39: Episode:2 Mean Waiting Time= 17767.063 +/- 16156.536
2023-03-06 Monday 23:02:39: Episode:3 Mean Waiting Time= 14117.858 +/- 11851.720
2023-03-06 Monday 23:02:39: Episode:4 Mean Waiting Time= 17865.821 +/- 15670.575
2023-03-06 Monday 23:02:39: 1-Total Mean Waiting Time= 16627.161 +/- 1355.320
2023-03-06 Monday 23:02:39: 2-Total Mean Waiting Time= 16627.161 +/- 13968.282
2023-03-06 Monday 23:02:39: Episode:0 Mean Avg Speed= 0.040 +/- 0.026
2023-03-06 Monday 23:02:39: Episode:1 Mean Avg Speed= 0.051 +/- 0.028
2023-03-06 Monday 23:02:39: Episode:2 Mean Avg Speed= 0.052 +/- 0.027
2023-03-06 Monday 23:02:39: Episode:3 Mean Avg Speed= 0.052 +/- 0.024
2023-03-06 Monday 23:02:39: Episode:4 Mean Avg Speed= 0.053 +/- 0.025
2023-03-06 Monday 23:02:39: 1-Total Mean Avg Speed= 0.049 +/- 0.005
2023-03-06 Monday 23:02:39: 2-Total Mean Avg Speed= 0.049 +/- 0.026
2023-03-06 Monday 23:02:39: Episode:0 Mean Avg Speed 2= 0.737 +/- 0.505
2023-03-06 Monday 23:02:39: Episode:1 Mean Avg Speed 2= 0.947 +/- 0.525
2023-03-06 Monday 23:02:39: Episode:2 Mean Avg Speed 2= 0.959 +/- 0.516
2023-03-06 Monday 23:02:39: Episode:3 Mean Avg Speed 2= 0.975 +/- 0.462
2023-03-06 Monday 23:02:39: Episode:4 Mean Avg Speed 2= 0.974 +/- 0.470
2023-03-06 Monday 23:02:39: 1-Total Mean Avg Speed 2= 0.918 +/- 0.091
2023-03-06 Monday 23:02:39: 2-Total Mean Avg Speed 2= 0.918 +/- 0.495
2023-03-06 Monday 23:02:39: Episode:0 Mean Avg Speed Cross Check= 1.322 +/- 0.621
2023-03-06 Monday 23:02:39: Episode:1 Mean Avg Speed Cross Check= 1.676 +/- 0.626
2023-03-06 Monday 23:02:39: Episode:2 Mean Avg Speed Cross Check= 1.700 +/- 0.585
2023-03-06 Monday 23:02:39: Episode:3 Mean Avg Speed Cross Check= 1.732 +/- 0.520
2023-03-06 Monday 23:02:39: Episode:4 Mean Avg Speed Cross Check= 1.729 +/- 0.521
2023-03-06 Monday 23:02:39: 1-Total Mean Avg Speed Cross Check= 1.632 +/- 0.156
2023-03-06 Monday 23:02:39: 2-Total Mean Avg Speed Cross Check= 1.632 +/- 0.575
2023-03-06 Monday 23:02:39: ****************************************
