2023-04-12 Wednesday 05:10:09 root:INFO:Run: 4 for Baseline experiment: DE-7 - route: ../nets/roundabout/input_routes_roundabout_auto_v1-7.rou.xml - first seed: 480 - alpha: 0.5 - gamma: 0.99 - epsilon: 0.2 - reward: diff-waiting-time
2023-04-12 Wednesday 05:49:37 root:INFO:Total Missing States: 0
2023-04-12 Wednesday 05:49:37 root:INFO:Mean Reward=-1273523.00 +/- 0.00
2023-04-12 Wednesday 05:49:37 root:INFO:Mean Stopped=1273523.00 +/- 0.00
2023-04-12 Wednesday 05:49:37 root:INFO:Mean_Stopped=1273554.00 +/- 0.00
2023-04-12 Wednesday 05:49:37 root:INFO:Mean Waiting Time=29138278.00 +/- 0.00
2023-04-12 Wednesday 05:49:37 root:INFO:Mean_avg_speed=406.96 +/- 0.00
2023-04-12 Wednesday 05:49:37 root:INFO:Mean_avg_speed_2=7566.73 +/- 0.00
2023-04-12 Wednesday 05:49:37 root:INFO:Mean_avg_speed_cross_check=13542.23 +/- 0.00
2023-04-12 Wednesday 05:49:37 root:INFO:****************************************
2023-04-12 Wednesday 05:49:37 root:INFO:Calculation 1 - Overall 
2023-04-12 Wednesday 05:49:37 root:INFO:****************************************
2023-04-12 Wednesday 05:49:37 root:INFO:Inner X Outer Loops Mean Reward=-127.340 +/- 22.854
2023-04-12 Wednesday 05:49:37 root:INFO:Inner X Outer Loops Mean Stopped= 127.340 +/- 22.854
2023-04-12 Wednesday 05:49:37 root:INFO:Inner X Outer Loops Mean Stopped Cross Check= 127.343 +/- 22.854
2023-04-12 Wednesday 05:49:37 root:INFO:Inner X Outer Loops Mean Waiting Time= 2913.536 +/- 566.818
2023-04-12 Wednesday 05:49:37 root:INFO:Inner X Outer Loops Mean Avg Speed= 0.041 +/- 0.031
2023-04-12 Wednesday 05:49:37 root:INFO:Inner X Outer Loops Mean Avg Speed 2= 0.757 +/- 0.586
2023-04-12 Wednesday 05:49:37 root:INFO:Inner X Outer Loops Mean Avg Speed Cross Check= 1.354 +/- 0.654
2023-04-12 Wednesday 05:49:37 root:INFO:****************************************
2023-04-12 Wednesday 05:49:37 root:INFO:Calculation 2 - Per Episode
2023-04-12 Wednesday 05:49:37 root:INFO:****************************************
2023-04-12 Wednesday 05:49:37 root:INFO:Episode:0 Mean Waiting Time=-127.340 +/- 22.854
2023-04-12 Wednesday 05:49:37 root:INFO:1-Total Mean Reward= -127.340 +/- 0.000
2023-04-12 Wednesday 05:49:37 root:INFO:2-Total Mean Reward= -127.340 +/- 22.854
2023-04-12 Wednesday 05:49:37 root:INFO:****
2023-04-12 Wednesday 05:49:37 root:INFO:Episode:0 Mean Stopped= 127.340 +/- 22.854
2023-04-12 Wednesday 05:49:37 root:INFO:1-Total Mean Stopped= 127.340 +/- 0.000
2023-04-12 Wednesday 05:49:37 root:INFO:2-Total Mean Stopped= 127.340 +/- 22.854
2023-04-12 Wednesday 05:49:37 root:INFO:****
2023-04-12 Wednesday 05:49:37 root:INFO:Episode:0 Mean Stopped Cross Check= 127.343 +/- 22.854
2023-04-12 Wednesday 05:49:37 root:INFO:1-Total Mean Stopped Cross Check= 127.343 +/- 0.000
2023-04-12 Wednesday 05:49:37 root:INFO:2-Total Mean Stopped Cross Check= 127.343 +/- 22.854
2023-04-12 Wednesday 05:49:37 root:INFO:****
2023-04-12 Wednesday 05:49:37 root:INFO:Episode:0 Mean Waiting Time= 2913.536 +/- 566.818
2023-04-12 Wednesday 05:49:37 root:INFO:1-Total Mean Waiting Time= 2913.536 +/- 0.000
2023-04-12 Wednesday 05:49:37 root:INFO:2-Total Mean Waiting Time= 2913.536 +/- 566.818
2023-04-12 Wednesday 05:49:37 root:INFO:Episode:0 Mean Avg Speed= 0.041 +/- 0.031
2023-04-12 Wednesday 05:49:37 root:INFO:1-Total Mean Avg Speed= 0.041 +/- 0.000
2023-04-12 Wednesday 05:49:37 root:INFO:2-Total Mean Avg Speed= 0.041 +/- 0.031
2023-04-12 Wednesday 05:49:37 root:INFO:Episode:0 Mean Avg Speed 2= 0.757 +/- 0.586
2023-04-12 Wednesday 05:49:37 root:INFO:1-Total Mean Avg Speed 2= 0.757 +/- 0.000
2023-04-12 Wednesday 05:49:37 root:INFO:2-Total Mean Avg Speed 2= 0.757 +/- 0.586
2023-04-12 Wednesday 05:49:37 root:INFO:Episode:0 Mean Avg Speed Cross Check= 1.354 +/- 0.654
2023-04-12 Wednesday 05:49:37 root:INFO:1-Total Mean Avg Speed Cross Check= 1.354 +/- 0.000
2023-04-12 Wednesday 05:49:37 root:INFO:2-Total Mean Avg Speed Cross Check= 1.354 +/- 0.654
2023-04-12 Wednesday 05:49:37 root:INFO:****************************************
