2023-04-12 Wednesday 04:08:47: Run: 4 for Training experiment: DE-7 - route: ../nets/roundabout/input_routes_roundabout_auto_v1-7.rou.xml - first seed: 470 - alpha: 0.5 - gamma: 0.99 - epsilon: 0.2 - reward: diff-waiting-time
2023-04-12 Wednesday 04:23:21: Run: 1 - First Epsilon: 0.2 - Last Epsilon: 0.2
2023-04-12 Wednesday 04:32:30: Run: 2 - First Epsilon: 0.2 - Last Epsilon: 0.2
2023-04-12 Wednesday 04:41:36: Run: 3 - First Epsilon: 0.2 - Last Epsilon: 0.2
2023-04-12 Wednesday 04:51:17: Run: 4 - First Epsilon: 0.2 - Last Epsilon: 0.2
2023-04-12 Wednesday 05:00:50: Run: 5 - First Epsilon: 0.2 - Last Epsilon: 0.2
2023-04-12 Wednesday 05:00:51: Q-Table Total Distinct States: 716
2023-04-12 Wednesday 05:00:51: Mean_reward=-1.00 +/- 0.43
2023-04-12 Wednesday 05:00:51: Mean_Stopped=103222.80 +/- 56291.18
2023-04-12 Wednesday 05:00:51: Mean_Stopped=103365.40 +/- 56309.46
2023-04-12 Wednesday 05:00:51: Mean_waiting_time=2869667.40 +/- 1922826.59
2023-04-12 Wednesday 05:00:51: Mean_avg_speed=3389.65 +/- 409.39
2023-04-12 Wednesday 05:00:51: Mean_avg_speed_2=62973.52 +/- 7587.40
2023-04-12 Wednesday 05:00:51: Mean_avg_speed_cross_check=75093.41 +/- 7160.10
2023-04-12 Wednesday 05:00:51: ****************************************
2023-04-12 Wednesday 05:00:51: Calculation 1 - Overall 
2023-04-12 Wednesday 05:00:51: ****************************************
2023-04-12 Wednesday 05:00:51: Inner X Outer Loops Mean Reward= -0.000 +/- 0.985
2023-04-12 Wednesday 05:00:51: Inner X Outer Loops Mean Stopped= 10.321 +/- 10.019
2023-04-12 Wednesday 05:00:51: Inner X Outer Loops Mean Stopped Cross Check= 10.336 +/- 10.022
2023-04-12 Wednesday 05:00:51: Inner X Outer Loops Mean Waiting Time= 286.938 +/- 507.977
2023-04-12 Wednesday 05:00:51: Inner X Outer Loops Mean Avg Speed= 0.339 +/- 0.087
2023-04-12 Wednesday 05:00:51: Inner X Outer Loops Mean Avg Speed 2= 6.297 +/- 1.598
2023-04-12 Wednesday 05:00:51: Inner X Outer Loops Mean Avg Speed Cross Check= 7.509 +/- 1.382
2023-04-12 Wednesday 05:00:51: ****************************************
2023-04-12 Wednesday 05:00:51: Calculation 2 - Per Episode
2023-04-12 Wednesday 05:00:51: ****************************************
2023-04-12 Wednesday 05:00:51: Episode:0 Mean Reward= -0.000 +/- 1.425
2023-04-12 Wednesday 05:00:51: Episode:1 Mean Reward= -0.000 +/- 0.863
2023-04-12 Wednesday 05:00:51: Episode:2 Mean Reward= -0.000 +/- 0.865
2023-04-12 Wednesday 05:00:51: Episode:3 Mean Reward= -0.000 +/- 0.804
2023-04-12 Wednesday 05:00:51: Episode:4 Mean Reward= -0.000 +/- 0.826
2023-04-12 Wednesday 05:00:51: 1-Total Mean Reward= -0.000 +/- 0.000
2023-04-12 Wednesday 05:00:51: 2-Total Mean Reward= -0.000 +/- 0.957
2023-04-12 Wednesday 05:00:51: ****
2023-04-12 Wednesday 05:00:51: Episode:0 Mean Stopped= 21.577 +/- 17.913
2023-04-12 Wednesday 05:00:51: Episode:1 Mean Stopped= 7.574 +/- 2.473
2023-04-12 Wednesday 05:00:51: Episode:2 Mean Stopped= 7.503 +/- 2.258
2023-04-12 Wednesday 05:00:51: Episode:3 Mean Stopped= 7.588 +/- 2.614
2023-04-12 Wednesday 05:00:51: Episode:4 Mean Stopped= 7.364 +/- 2.144
2023-04-12 Wednesday 05:00:51: 1-Total Mean Stopped= 10.321 +/- 5.629
2023-04-12 Wednesday 05:00:51: 2-Total Mean Stopped= 10.321 +/- 5.480
2023-04-12 Wednesday 05:00:51: ****
2023-04-12 Wednesday 05:00:51: Episode:0 Mean Stopped Cross Check= 21.595 +/- 17.918
2023-04-12 Wednesday 05:00:51: Episode:1 Mean Stopped Cross Check= 7.587 +/- 2.474
2023-04-12 Wednesday 05:00:51: Episode:2 Mean Stopped Cross Check= 7.517 +/- 2.259
2023-04-12 Wednesday 05:00:51: Episode:3 Mean Stopped Cross Check= 7.602 +/- 2.617
2023-04-12 Wednesday 05:00:51: Episode:4 Mean Stopped Cross Check= 7.376 +/- 2.145
2023-04-12 Wednesday 05:00:51: 1-Total Mean Stopped Cross Check= 10.336 +/- 5.630
2023-04-12 Wednesday 05:00:51: 2-Total Mean Stopped Cross Check= 10.336 +/- 5.482
2023-04-12 Wednesday 05:00:51: ****
2023-04-12 Wednesday 05:00:51: Episode:0 Mean Waiting Time= 671.087 +/- 984.969
2023-04-12 Wednesday 05:00:51: Episode:1 Mean Waiting Time= 200.019 +/- 195.473
2023-04-12 Wednesday 05:00:51: Episode:2 Mean Waiting Time= 200.170 +/- 199.742
2023-04-12 Wednesday 05:00:51: Episode:3 Mean Waiting Time= 178.190 +/- 158.657
2023-04-12 Wednesday 05:00:51: Episode:4 Mean Waiting Time= 185.224 +/- 178.694
2023-04-12 Wednesday 05:00:51: 1-Total Mean Waiting Time= 286.938 +/- 192.263
2023-04-12 Wednesday 05:00:51: 2-Total Mean Waiting Time= 286.938 +/- 343.507
2023-04-12 Wednesday 05:00:51: Episode:0 Mean Avg Speed= 0.257 +/- 0.122
2023-04-12 Wednesday 05:00:51: Episode:1 Mean Avg Speed= 0.359 +/- 0.061
2023-04-12 Wednesday 05:00:51: Episode:2 Mean Avg Speed= 0.359 +/- 0.058
2023-04-12 Wednesday 05:00:51: Episode:3 Mean Avg Speed= 0.359 +/- 0.063
2023-04-12 Wednesday 05:00:51: Episode:4 Mean Avg Speed= 0.361 +/- 0.057
2023-04-12 Wednesday 05:00:51: 1-Total Mean Avg Speed= 0.339 +/- 0.041
2023-04-12 Wednesday 05:00:51: 2-Total Mean Avg Speed= 0.339 +/- 0.072
2023-04-12 Wednesday 05:00:51: Episode:0 Mean Avg Speed 2= 4.780 +/- 2.270
2023-04-12 Wednesday 05:00:51: Episode:1 Mean Avg Speed 2= 6.664 +/- 1.113
2023-04-12 Wednesday 05:00:51: Episode:2 Mean Avg Speed 2= 6.667 +/- 1.048
2023-04-12 Wednesday 05:00:51: Episode:3 Mean Avg Speed 2= 6.662 +/- 1.154
2023-04-12 Wednesday 05:00:51: Episode:4 Mean Avg Speed 2= 6.711 +/- 1.034
2023-04-12 Wednesday 05:00:51: 1-Total Mean Avg Speed 2= 6.297 +/- 0.759
2023-04-12 Wednesday 05:00:51: 2-Total Mean Avg Speed 2= 6.297 +/- 1.324
2023-04-12 Wednesday 05:00:51: Episode:0 Mean Avg Speed Cross Check= 6.077 +/- 2.138
2023-04-12 Wednesday 05:00:51: Episode:1 Mean Avg Speed Cross Check= 7.858 +/- 0.798
2023-04-12 Wednesday 05:00:51: Episode:2 Mean Avg Speed Cross Check= 7.864 +/- 0.749
2023-04-12 Wednesday 05:00:51: Episode:3 Mean Avg Speed Cross Check= 7.846 +/- 0.829
2023-04-12 Wednesday 05:00:51: Episode:4 Mean Avg Speed Cross Check= 7.897 +/- 0.733
2023-04-12 Wednesday 05:00:51: 1-Total Mean Avg Speed Cross Check= 7.509 +/- 0.716
2023-04-12 Wednesday 05:00:51: 2-Total Mean Avg Speed Cross Check= 7.509 +/- 1.049
2023-04-12 Wednesday 05:00:51: ****************************************
