2023-03-04 Saturday 09:59:51: Run: 2 for Training experiment: DoE-21 - first seed: 270 - alpha: 0.3 - gamma: 0.8 - epsilon: 0.3 - reward: diff-waiting-time
2023-03-04 Saturday 10:07:24: Run: 1 - First Epsilon: 0.3 - Last Epsilon: 0.3
2023-03-04 Saturday 10:12:46: Run: 2 - First Epsilon: 0.3 - Last Epsilon: 0.3
2023-03-04 Saturday 10:18:07: Run: 3 - First Epsilon: 0.3 - Last Epsilon: 0.3
2023-03-04 Saturday 10:23:24: Run: 4 - First Epsilon: 0.3 - Last Epsilon: 0.3
2023-03-04 Saturday 10:28:55: Run: 5 - First Epsilon: 0.3 - Last Epsilon: 0.3
2023-03-04 Saturday 10:28:55: Q-Table Total Distinct States: 820
2023-03-04 Saturday 10:28:55: Mean_reward=-2.10 +/- 0.60
2023-03-04 Saturday 10:28:55: Mean_Stopped=105647.80 +/- 55533.86
2023-03-04 Saturday 10:28:55: Mean_Stopped=105805.80 +/- 55543.33
2023-03-04 Saturday 10:28:55: Mean_waiting_time=2705511.00 +/- 2188973.20
2023-03-04 Saturday 10:28:55: Mean_avg_speed=3332.65 +/- 387.01
2023-03-04 Saturday 10:28:55: Mean_avg_speed_2=61963.04 +/- 7178.76
2023-03-04 Saturday 10:28:55: Mean_avg_speed_cross_check=74394.04 +/- 6743.13
2023-03-04 Saturday 10:28:55: ****************************************
2023-03-04 Saturday 10:28:55: Calculation 1 - Overall 
2023-03-04 Saturday 10:28:55: ****************************************
2023-03-04 Saturday 10:28:55: Inner X Outer Loops Mean Reward= -0.000 +/- 0.943
2023-03-04 Saturday 10:28:55: Inner X Outer Loops Mean Stopped= 10.564 +/- 10.415
2023-03-04 Saturday 10:28:55: Inner X Outer Loops Mean Stopped Cross Check= 10.580 +/- 10.415
2023-03-04 Saturday 10:28:55: Inner X Outer Loops Mean Waiting Time= 270.524 +/- 514.265
2023-03-04 Saturday 10:28:55: Inner X Outer Loops Mean Avg Speed= 0.333 +/- 0.084
2023-03-04 Saturday 10:28:55: Inner X Outer Loops Mean Avg Speed 2= 6.196 +/- 1.542
2023-03-04 Saturday 10:28:55: Inner X Outer Loops Mean Avg Speed Cross Check= 7.439 +/- 1.346
2023-03-04 Saturday 10:28:55: ****************************************
2023-03-04 Saturday 10:28:55: Calculation 2 - Per Episode
2023-03-04 Saturday 10:28:55: ****************************************
2023-03-04 Saturday 10:28:55: Episode:0 Mean Reward= -0.000 +/- 1.470
2023-03-04 Saturday 10:28:55: Episode:1 Mean Reward= -0.000 +/- 0.773
2023-03-04 Saturday 10:28:55: Episode:2 Mean Reward= -0.000 +/- 0.788
2023-03-04 Saturday 10:28:55: Episode:3 Mean Reward= -0.000 +/- 0.722
2023-03-04 Saturday 10:28:55: Episode:4 Mean Reward= -0.000 +/- 0.741
2023-03-04 Saturday 10:28:55: 1-Total Mean Reward= -0.000 +/- 0.000
2023-03-04 Saturday 10:28:55: 2-Total Mean Reward= -0.000 +/- 0.899
2023-03-04 Saturday 10:28:55: ****
2023-03-04 Saturday 10:28:55: Episode:0 Mean Stopped= 21.659 +/- 19.040
2023-03-04 Saturday 10:28:55: Episode:1 Mean Stopped= 7.967 +/- 2.864
2023-03-04 Saturday 10:28:55: Episode:2 Mean Stopped= 8.091 +/- 2.516
2023-03-04 Saturday 10:28:55: Episode:3 Mean Stopped= 7.701 +/- 2.485
2023-03-04 Saturday 10:28:55: Episode:4 Mean Stopped= 7.400 +/- 2.232
2023-03-04 Saturday 10:28:55: 1-Total Mean Stopped= 10.564 +/- 5.553
2023-03-04 Saturday 10:28:55: 2-Total Mean Stopped= 10.564 +/- 5.827
2023-03-04 Saturday 10:28:55: ****
2023-03-04 Saturday 10:28:55: Episode:0 Mean Stopped Cross Check= 21.677 +/- 19.038
2023-03-04 Saturday 10:28:55: Episode:1 Mean Stopped Cross Check= 7.981 +/- 2.865
2023-03-04 Saturday 10:28:55: Episode:2 Mean Stopped Cross Check= 8.109 +/- 2.516
2023-03-04 Saturday 10:28:55: Episode:3 Mean Stopped Cross Check= 7.717 +/- 2.486
2023-03-04 Saturday 10:28:55: Episode:4 Mean Stopped Cross Check= 7.413 +/- 2.231
2023-03-04 Saturday 10:28:55: 1-Total Mean Stopped Cross Check= 10.580 +/- 5.554
2023-03-04 Saturday 10:28:55: 2-Total Mean Stopped Cross Check= 10.580 +/- 5.827
2023-03-04 Saturday 10:28:55: ****
2023-03-04 Saturday 10:28:55: Episode:0 Mean Waiting Time= 707.919 +/- 1007.477
2023-03-04 Saturday 10:28:55: Episode:1 Mean Waiting Time= 167.795 +/- 149.188
2023-03-04 Saturday 10:28:55: Episode:2 Mean Waiting Time= 173.490 +/- 138.063
2023-03-04 Saturday 10:28:55: Episode:3 Mean Waiting Time= 149.036 +/- 106.391
2023-03-04 Saturday 10:28:55: Episode:4 Mean Waiting Time= 154.380 +/- 123.138
2023-03-04 Saturday 10:28:55: 1-Total Mean Waiting Time= 270.524 +/- 218.875
2023-03-04 Saturday 10:28:55: 2-Total Mean Waiting Time= 270.524 +/- 304.852
2023-03-04 Saturday 10:28:55: Episode:0 Mean Avg Speed= 0.256 +/- 0.115
2023-03-04 Saturday 10:28:55: Episode:1 Mean Avg Speed= 0.350 +/- 0.062
2023-03-04 Saturday 10:28:55: Episode:2 Mean Avg Speed= 0.346 +/- 0.059
2023-03-04 Saturday 10:28:55: Episode:3 Mean Avg Speed= 0.354 +/- 0.061
2023-03-04 Saturday 10:28:55: Episode:4 Mean Avg Speed= 0.360 +/- 0.058
2023-03-04 Saturday 10:28:55: 1-Total Mean Avg Speed= 0.333 +/- 0.039
2023-03-04 Saturday 10:28:55: 2-Total Mean Avg Speed= 0.333 +/- 0.071
2023-03-04 Saturday 10:28:55: Episode:0 Mean Avg Speed 2= 4.770 +/- 2.140
2023-03-04 Saturday 10:28:55: Episode:1 Mean Avg Speed 2= 6.510 +/- 1.136
2023-03-04 Saturday 10:28:55: Episode:2 Mean Avg Speed 2= 6.431 +/- 1.073
2023-03-04 Saturday 10:28:55: Episode:3 Mean Avg Speed 2= 6.577 +/- 1.094
2023-03-04 Saturday 10:28:55: Episode:4 Mean Avg Speed 2= 6.690 +/- 1.049
2023-03-04 Saturday 10:28:55: 1-Total Mean Avg Speed 2= 6.196 +/- 0.718
2023-03-04 Saturday 10:28:55: 2-Total Mean Avg Speed 2= 6.196 +/- 1.299
2023-03-04 Saturday 10:28:55: Episode:0 Mean Avg Speed Cross Check= 6.096 +/- 2.064
2023-03-04 Saturday 10:28:55: Episode:1 Mean Avg Speed Cross Check= 7.738 +/- 0.843
2023-03-04 Saturday 10:28:55: Episode:2 Mean Avg Speed Cross Check= 7.689 +/- 0.793
2023-03-04 Saturday 10:28:55: Episode:3 Mean Avg Speed Cross Check= 7.789 +/- 0.791
2023-03-04 Saturday 10:28:55: Episode:4 Mean Avg Speed Cross Check= 7.881 +/- 0.751
2023-03-04 Saturday 10:28:55: 1-Total Mean Avg Speed Cross Check= 7.439 +/- 0.674
2023-03-04 Saturday 10:28:55: 2-Total Mean Avg Speed Cross Check= 7.439 +/- 1.048
2023-03-04 Saturday 10:28:55: ****************************************
