2023-03-15 Wednesday 21:17:11: Run: 5 for Training experiment: DoE-27 - first seed: 570 - alpha: 0.3 - gamma: 0.9 - epsilon: 0.3 - reward: diff-waiting-time
2023-03-15 Wednesday 21:22:52: Run: 1 - First Epsilon: 0.3 - Last Epsilon: 0.3
2023-03-15 Wednesday 21:28:30: Run: 2 - First Epsilon: 0.3 - Last Epsilon: 0.3
2023-03-15 Wednesday 21:34:25: Run: 3 - First Epsilon: 0.3 - Last Epsilon: 0.3
2023-03-15 Wednesday 21:39:53: Run: 4 - First Epsilon: 0.3 - Last Epsilon: 0.3
2023-03-15 Wednesday 21:45:44: Run: 5 - First Epsilon: 0.3 - Last Epsilon: 0.3
2023-03-15 Wednesday 21:45:44: Q-Table Total Distinct States: 431
2023-03-15 Wednesday 21:45:44: Mean_reward=-3.67 +/- 3.71
2023-03-15 Wednesday 21:45:44: Mean_Stopped=82487.40 +/- 5482.39
2023-03-15 Wednesday 21:45:44: Mean_Stopped=82630.40 +/- 5513.23
2023-03-15 Wednesday 21:45:44: Mean_waiting_time=1813653.00 +/- 184564.56
2023-03-15 Wednesday 21:45:44: Mean_avg_speed=3463.69 +/- 107.23
2023-03-15 Wednesday 21:45:44: Mean_avg_speed_2=64363.87 +/- 1965.99
2023-03-15 Wednesday 21:45:44: Mean_avg_speed_cross_check=76779.04 +/- 1455.78
2023-03-15 Wednesday 21:45:44: ****************************************
2023-03-15 Wednesday 21:45:44: Calculation 1 - Overall 
2023-03-15 Wednesday 21:45:44: ****************************************
2023-03-15 Wednesday 21:45:44: Inner X Outer Loops Mean Reward= -0.000 +/- 0.804
2023-03-15 Wednesday 21:45:44: Inner X Outer Loops Mean Stopped= 8.248 +/- 3.277
2023-03-15 Wednesday 21:45:44: Inner X Outer Loops Mean Stopped Cross Check= 8.262 +/- 3.279
2023-03-15 Wednesday 21:45:44: Inner X Outer Loops Mean Waiting Time= 181.347 +/- 178.346
2023-03-15 Wednesday 21:45:44: Inner X Outer Loops Mean Avg Speed= 0.346 +/- 0.065
2023-03-15 Wednesday 21:45:44: Inner X Outer Loops Mean Avg Speed 2= 6.436 +/- 1.186
2023-03-15 Wednesday 21:45:44: Inner X Outer Loops Mean Avg Speed Cross Check= 7.677 +/- 0.887
2023-03-15 Wednesday 21:45:44: ****************************************
2023-03-15 Wednesday 21:45:44: Calculation 2 - Per Episode
2023-03-15 Wednesday 21:45:44: ****************************************
2023-03-15 Wednesday 21:45:44: Episode:0 Mean Reward= -0.000 +/- 0.785
2023-03-15 Wednesday 21:45:44: Episode:1 Mean Reward= -0.000 +/- 0.740
2023-03-15 Wednesday 21:45:44: Episode:2 Mean Reward= -0.000 +/- 0.844
2023-03-15 Wednesday 21:45:44: Episode:3 Mean Reward= -0.001 +/- 0.790
2023-03-15 Wednesday 21:45:44: Episode:4 Mean Reward= -0.000 +/- 0.856
2023-03-15 Wednesday 21:45:44: 1-Total Mean Reward= -0.000 +/- 0.000
2023-03-15 Wednesday 21:45:44: 2-Total Mean Reward= -0.000 +/- 0.803
2023-03-15 Wednesday 21:45:44: ****
2023-03-15 Wednesday 21:45:44: Episode:0 Mean Stopped= 7.900 +/- 3.403
2023-03-15 Wednesday 21:45:44: Episode:1 Mean Stopped= 7.468 +/- 2.329
2023-03-15 Wednesday 21:45:44: Episode:2 Mean Stopped= 9.016 +/- 3.240
2023-03-15 Wednesday 21:45:44: Episode:3 Mean Stopped= 8.185 +/- 3.816
2023-03-15 Wednesday 21:45:44: Episode:4 Mean Stopped= 8.670 +/- 3.185
2023-03-15 Wednesday 21:45:44: 1-Total Mean Stopped= 8.248 +/- 0.548
2023-03-15 Wednesday 21:45:44: 2-Total Mean Stopped= 8.248 +/- 3.194
2023-03-15 Wednesday 21:45:44: ****
2023-03-15 Wednesday 21:45:44: Episode:0 Mean Stopped Cross Check= 7.912 +/- 3.404
2023-03-15 Wednesday 21:45:44: Episode:1 Mean Stopped Cross Check= 7.478 +/- 2.328
2023-03-15 Wednesday 21:45:44: Episode:2 Mean Stopped Cross Check= 9.034 +/- 3.242
2023-03-15 Wednesday 21:45:44: Episode:3 Mean Stopped Cross Check= 8.198 +/- 3.817
2023-03-15 Wednesday 21:45:44: Episode:4 Mean Stopped Cross Check= 8.689 +/- 3.187
2023-03-15 Wednesday 21:45:44: 1-Total Mean Stopped Cross Check= 8.262 +/- 0.551
2023-03-15 Wednesday 21:45:44: 2-Total Mean Stopped Cross Check= 8.262 +/- 3.196
2023-03-15 Wednesday 21:45:44: ****
2023-03-15 Wednesday 21:45:44: Episode:0 Mean Waiting Time= 171.725 +/- 171.226
2023-03-15 Wednesday 21:45:44: Episode:1 Mean Waiting Time= 154.120 +/- 127.521
2023-03-15 Wednesday 21:45:44: Episode:2 Mean Waiting Time= 200.725 +/- 162.543
2023-03-15 Wednesday 21:45:44: Episode:3 Mean Waiting Time= 177.029 +/- 213.350
2023-03-15 Wednesday 21:45:44: Episode:4 Mean Waiting Time= 203.137 +/- 199.538
2023-03-15 Wednesday 21:45:44: 1-Total Mean Waiting Time= 181.347 +/- 18.455
2023-03-15 Wednesday 21:45:44: 2-Total Mean Waiting Time= 181.347 +/- 174.835
2023-03-15 Wednesday 21:45:44: Episode:0 Mean Avg Speed= 0.355 +/- 0.068
2023-03-15 Wednesday 21:45:44: Episode:1 Mean Avg Speed= 0.359 +/- 0.059
2023-03-15 Wednesday 21:45:44: Episode:2 Mean Avg Speed= 0.331 +/- 0.064
2023-03-15 Wednesday 21:45:44: Episode:3 Mean Avg Speed= 0.349 +/- 0.066
2023-03-15 Wednesday 21:45:44: Episode:4 Mean Avg Speed= 0.337 +/- 0.065
2023-03-15 Wednesday 21:45:44: 1-Total Mean Avg Speed= 0.346 +/- 0.011
2023-03-15 Wednesday 21:45:44: 2-Total Mean Avg Speed= 0.346 +/- 0.064
2023-03-15 Wednesday 21:45:44: Episode:0 Mean Avg Speed 2= 6.595 +/- 1.238
2023-03-15 Wednesday 21:45:44: Episode:1 Mean Avg Speed 2= 6.677 +/- 1.066
2023-03-15 Wednesday 21:45:44: Episode:2 Mean Avg Speed 2= 6.152 +/- 1.166
2023-03-15 Wednesday 21:45:44: Episode:3 Mean Avg Speed 2= 6.484 +/- 1.189
2023-03-15 Wednesday 21:45:44: Episode:4 Mean Avg Speed 2= 6.271 +/- 1.181
2023-03-15 Wednesday 21:45:44: 1-Total Mean Avg Speed 2= 6.436 +/- 0.197
2023-03-15 Wednesday 21:45:44: 2-Total Mean Avg Speed 2= 6.436 +/- 1.168
2023-03-15 Wednesday 21:45:44: Episode:0 Mean Avg Speed Cross Check= 7.783 +/- 0.921
2023-03-15 Wednesday 21:45:44: Episode:1 Mean Avg Speed Cross Check= 7.866 +/- 0.767
2023-03-15 Wednesday 21:45:44: Episode:2 Mean Avg Speed Cross Check= 7.468 +/- 0.882
2023-03-15 Wednesday 21:45:44: Episode:3 Mean Avg Speed Cross Check= 7.711 +/- 0.910
2023-03-15 Wednesday 21:45:44: Episode:4 Mean Avg Speed Cross Check= 7.557 +/- 0.885
2023-03-15 Wednesday 21:45:44: 1-Total Mean Avg Speed Cross Check= 7.677 +/- 0.146
2023-03-15 Wednesday 21:45:44: 2-Total Mean Avg Speed Cross Check= 7.677 +/- 0.873
2023-03-15 Wednesday 21:45:44: ****************************************
