2023-03-11 Saturday 01:30:56: Run: 4 for Training experiment: DoE-19 - first seed: 470 - alpha: 0.3 - gamma: 0.8 - epsilon: 0.2 - reward: diff-waiting-time
2023-03-11 Saturday 01:36:22: Run: 1 - First Epsilon: 0.2 - Last Epsilon: 0.2
2023-03-11 Saturday 01:41:37: Run: 2 - First Epsilon: 0.2 - Last Epsilon: 0.2
2023-03-11 Saturday 01:46:50: Run: 3 - First Epsilon: 0.2 - Last Epsilon: 0.2
2023-03-11 Saturday 01:52:01: Run: 4 - First Epsilon: 0.2 - Last Epsilon: 0.2
2023-03-11 Saturday 01:57:28: Run: 5 - First Epsilon: 0.2 - Last Epsilon: 0.2
2023-03-11 Saturday 01:57:28: Q-Table Total Distinct States: 199
2023-03-11 Saturday 01:57:28: Mean_reward=-2.41 +/- 3.03
2023-03-11 Saturday 01:57:28: Mean_Stopped=69650.80 +/- 2456.81
2023-03-11 Saturday 01:57:28: Mean_Stopped=69753.60 +/- 2463.67
2023-03-11 Saturday 01:57:28: Mean_waiting_time=1373041.60 +/- 128956.68
2023-03-11 Saturday 01:57:28: Mean_avg_speed=3698.80 +/- 50.96
2023-03-11 Saturday 01:57:28: Mean_avg_speed_2=68725.32 +/- 928.42
2023-03-11 Saturday 01:57:28: Mean_avg_speed_cross_check=80066.57 +/- 661.90
2023-03-11 Saturday 01:57:28: ****************************************
2023-03-11 Saturday 01:57:28: Calculation 1 - Overall 
2023-03-11 Saturday 01:57:28: ****************************************
2023-03-11 Saturday 01:57:28: Inner X Outer Loops Mean Reward= -0.000 +/- 0.699
2023-03-11 Saturday 01:57:28: Inner X Outer Loops Mean Stopped= 6.964 +/- 2.230
2023-03-11 Saturday 01:57:28: Inner X Outer Loops Mean Stopped Cross Check= 6.975 +/- 2.229
2023-03-11 Saturday 01:57:28: Inner X Outer Loops Mean Waiting Time= 137.290 +/- 134.964
2023-03-11 Saturday 01:57:28: Inner X Outer Loops Mean Avg Speed= 0.370 +/- 0.060
2023-03-11 Saturday 01:57:28: Inner X Outer Loops Mean Avg Speed 2= 6.872 +/- 1.097
2023-03-11 Saturday 01:57:28: Inner X Outer Loops Mean Avg Speed Cross Check= 8.006 +/- 0.768
2023-03-11 Saturday 01:57:28: ****************************************
2023-03-11 Saturday 01:57:28: Calculation 2 - Per Episode
2023-03-11 Saturday 01:57:28: ****************************************
2023-03-11 Saturday 01:57:28: Episode:0 Mean Reward= -0.000 +/- 0.750
2023-03-11 Saturday 01:57:28: Episode:1 Mean Reward= -0.001 +/- 0.731
2023-03-11 Saturday 01:57:28: Episode:2 Mean Reward= -0.000 +/- 0.684
2023-03-11 Saturday 01:57:28: Episode:3 Mean Reward= -0.000 +/- 0.651
2023-03-11 Saturday 01:57:28: Episode:4 Mean Reward= -0.000 +/- 0.672
2023-03-11 Saturday 01:57:28: 1-Total Mean Reward= -0.000 +/- 0.000
2023-03-11 Saturday 01:57:28: 2-Total Mean Reward= -0.000 +/- 0.698
2023-03-11 Saturday 01:57:28: ****
2023-03-11 Saturday 01:57:28: Episode:0 Mean Stopped= 7.091 +/- 2.299
2023-03-11 Saturday 01:57:28: Episode:1 Mean Stopped= 7.344 +/- 2.509
2023-03-11 Saturday 01:57:28: Episode:2 Mean Stopped= 6.989 +/- 2.083
2023-03-11 Saturday 01:57:28: Episode:3 Mean Stopped= 6.704 +/- 2.119
2023-03-11 Saturday 01:57:28: Episode:4 Mean Stopped= 6.694 +/- 2.037
2023-03-11 Saturday 01:57:28: 1-Total Mean Stopped= 6.964 +/- 0.246
2023-03-11 Saturday 01:57:28: 2-Total Mean Stopped= 6.964 +/- 2.209
2023-03-11 Saturday 01:57:28: ****
2023-03-11 Saturday 01:57:28: Episode:0 Mean Stopped Cross Check= 7.102 +/- 2.297
2023-03-11 Saturday 01:57:28: Episode:1 Mean Stopped Cross Check= 7.355 +/- 2.511
2023-03-11 Saturday 01:57:28: Episode:2 Mean Stopped Cross Check= 6.999 +/- 2.082
2023-03-11 Saturday 01:57:28: Episode:3 Mean Stopped Cross Check= 6.714 +/- 2.119
2023-03-11 Saturday 01:57:28: Episode:4 Mean Stopped Cross Check= 6.703 +/- 2.036
2023-03-11 Saturday 01:57:28: 1-Total Mean Stopped Cross Check= 6.975 +/- 0.246
2023-03-11 Saturday 01:57:28: 2-Total Mean Stopped Cross Check= 6.975 +/- 2.209
2023-03-11 Saturday 01:57:28: ****
2023-03-11 Saturday 01:57:28: Episode:0 Mean Waiting Time= 152.009 +/- 199.368
2023-03-11 Saturday 01:57:28: Episode:1 Mean Waiting Time= 152.731 +/- 134.537
2023-03-11 Saturday 01:57:28: Episode:2 Mean Waiting Time= 133.221 +/- 106.963
2023-03-11 Saturday 01:57:28: Episode:3 Mean Waiting Time= 121.131 +/- 95.726
2023-03-11 Saturday 01:57:28: Episode:4 Mean Waiting Time= 127.361 +/- 108.597
2023-03-11 Saturday 01:57:28: 1-Total Mean Waiting Time= 137.290 +/- 12.894
2023-03-11 Saturday 01:57:28: 2-Total Mean Waiting Time= 137.290 +/- 129.038
2023-03-11 Saturday 01:57:28: Episode:0 Mean Avg Speed= 0.367 +/- 0.060
2023-03-11 Saturday 01:57:28: Episode:1 Mean Avg Speed= 0.362 +/- 0.063
2023-03-11 Saturday 01:57:28: Episode:2 Mean Avg Speed= 0.368 +/- 0.058
2023-03-11 Saturday 01:57:28: Episode:3 Mean Avg Speed= 0.375 +/- 0.060
2023-03-11 Saturday 01:57:28: Episode:4 Mean Avg Speed= 0.376 +/- 0.059
2023-03-11 Saturday 01:57:28: 1-Total Mean Avg Speed= 0.370 +/- 0.005
2023-03-11 Saturday 01:57:28: 2-Total Mean Avg Speed= 0.370 +/- 0.060
2023-03-11 Saturday 01:57:28: Episode:0 Mean Avg Speed 2= 6.825 +/- 1.096
2023-03-11 Saturday 01:57:28: Episode:1 Mean Avg Speed 2= 6.735 +/- 1.144
2023-03-11 Saturday 01:57:28: Episode:2 Mean Avg Speed 2= 6.847 +/- 1.057
2023-03-11 Saturday 01:57:28: Episode:3 Mean Avg Speed 2= 6.973 +/- 1.096
2023-03-11 Saturday 01:57:28: Episode:4 Mean Avg Speed 2= 6.979 +/- 1.069
2023-03-11 Saturday 01:57:28: 1-Total Mean Avg Speed 2= 6.872 +/- 0.093
2023-03-11 Saturday 01:57:28: 2-Total Mean Avg Speed 2= 6.872 +/- 1.093
2023-03-11 Saturday 01:57:28: Episode:0 Mean Avg Speed Cross Check= 7.976 +/- 0.769
2023-03-11 Saturday 01:57:28: Episode:1 Mean Avg Speed Cross Check= 7.903 +/- 0.816
2023-03-11 Saturday 01:57:28: Episode:2 Mean Avg Speed Cross Check= 7.995 +/- 0.740
2023-03-11 Saturday 01:57:28: Episode:3 Mean Avg Speed Cross Check= 8.072 +/- 0.760
2023-03-11 Saturday 01:57:28: Episode:4 Mean Avg Speed Cross Check= 8.083 +/- 0.739
2023-03-11 Saturday 01:57:28: 1-Total Mean Avg Speed Cross Check= 8.006 +/- 0.066
2023-03-11 Saturday 01:57:28: 2-Total Mean Avg Speed Cross Check= 8.006 +/- 0.765
2023-03-11 Saturday 01:57:28: ****************************************
