2023-03-06 Monday 13:51:12: Run: 3 for Training experiment: DoE-7 - first seed: 370 - alpha: 0.1 - gamma: 0.9 - epsilon: 0.2 - reward: diff-waiting-time
2023-03-06 Monday 13:56:41: Run: 1 - First Epsilon: 0.2 - Last Epsilon: 0.2
2023-03-06 Monday 14:02:02: Run: 2 - First Epsilon: 0.2 - Last Epsilon: 0.2
2023-03-06 Monday 14:07:11: Run: 3 - First Epsilon: 0.2 - Last Epsilon: 0.2
2023-03-06 Monday 14:12:21: Run: 4 - First Epsilon: 0.2 - Last Epsilon: 0.2
2023-03-06 Monday 14:17:32: Run: 5 - First Epsilon: 0.2 - Last Epsilon: 0.2
2023-03-06 Monday 14:17:33: Q-Table Total Distinct States: 224
2023-03-06 Monday 14:17:33: Mean_reward=-0.61 +/- 0.26
2023-03-06 Monday 14:17:33: Mean_Stopped=68452.40 +/- 2250.60
2023-03-06 Monday 14:17:33: Mean_Stopped=68551.20 +/- 2253.52
2023-03-06 Monday 14:17:33: Mean_waiting_time=1311899.80 +/- 131059.46
2023-03-06 Monday 14:17:33: Mean_avg_speed=3730.85 +/- 44.47
2023-03-06 Monday 14:17:33: Mean_avg_speed_2=69316.77 +/- 791.48
2023-03-06 Monday 14:17:33: Mean_avg_speed_cross_check=80494.46 +/- 550.65
2023-03-06 Monday 14:17:33: ****************************************
2023-03-06 Monday 14:17:33: Calculation 1 - Overall 
2023-03-06 Monday 14:17:33: ****************************************
2023-03-06 Monday 14:17:33: Inner X Outer Loops Mean Reward= -0.000 +/- 0.685
2023-03-06 Monday 14:17:33: Inner X Outer Loops Mean Stopped= 6.845 +/- 2.321
2023-03-06 Monday 14:17:33: Inner X Outer Loops Mean Stopped Cross Check= 6.854 +/- 2.323
2023-03-06 Monday 14:17:33: Inner X Outer Loops Mean Waiting Time= 131.177 +/- 147.298
2023-03-06 Monday 14:17:33: Inner X Outer Loops Mean Avg Speed= 0.373 +/- 0.062
2023-03-06 Monday 14:17:33: Inner X Outer Loops Mean Avg Speed 2= 6.931 +/- 1.122
2023-03-06 Monday 14:17:33: Inner X Outer Loops Mean Avg Speed Cross Check= 8.049 +/- 0.785
2023-03-06 Monday 14:17:33: ****************************************
2023-03-06 Monday 14:17:33: Calculation 2 - Per Episode
2023-03-06 Monday 14:17:33: ****************************************
2023-03-06 Monday 14:17:33: Episode:0 Mean Reward= -0.000 +/- 0.753
2023-03-06 Monday 14:17:33: Episode:1 Mean Reward= -0.000 +/- 0.632
2023-03-06 Monday 14:17:33: Episode:2 Mean Reward= -0.000 +/- 0.684
2023-03-06 Monday 14:17:33: Episode:3 Mean Reward= -0.000 +/- 0.654
2023-03-06 Monday 14:17:33: Episode:4 Mean Reward= -0.000 +/- 0.694
2023-03-06 Monday 14:17:33: 1-Total Mean Reward= -0.000 +/- 0.000
2023-03-06 Monday 14:17:33: 2-Total Mean Reward= -0.000 +/- 0.683
2023-03-06 Monday 14:17:33: ****
2023-03-06 Monday 14:17:33: Episode:0 Mean Stopped= 7.154 +/- 2.778
2023-03-06 Monday 14:17:33: Episode:1 Mean Stopped= 6.475 +/- 2.035
2023-03-06 Monday 14:17:33: Episode:2 Mean Stopped= 6.756 +/- 2.123
2023-03-06 Monday 14:17:33: Episode:3 Mean Stopped= 6.886 +/- 2.261
2023-03-06 Monday 14:17:33: Episode:4 Mean Stopped= 6.952 +/- 2.283
2023-03-06 Monday 14:17:33: 1-Total Mean Stopped= 6.845 +/- 0.225
2023-03-06 Monday 14:17:33: 2-Total Mean Stopped= 6.845 +/- 2.296
2023-03-06 Monday 14:17:33: ****
2023-03-06 Monday 14:17:33: Episode:0 Mean Stopped Cross Check= 7.164 +/- 2.780
2023-03-06 Monday 14:17:33: Episode:1 Mean Stopped Cross Check= 6.483 +/- 2.037
2023-03-06 Monday 14:17:33: Episode:2 Mean Stopped Cross Check= 6.769 +/- 2.123
2023-03-06 Monday 14:17:33: Episode:3 Mean Stopped Cross Check= 6.894 +/- 2.262
2023-03-06 Monday 14:17:33: Episode:4 Mean Stopped Cross Check= 6.963 +/- 2.285
2023-03-06 Monday 14:17:33: 1-Total Mean Stopped Cross Check= 6.854 +/- 0.225
2023-03-06 Monday 14:17:33: 2-Total Mean Stopped Cross Check= 6.854 +/- 2.297
2023-03-06 Monday 14:17:33: ****
2023-03-06 Monday 14:17:33: Episode:0 Mean Waiting Time= 153.034 +/- 248.011
2023-03-06 Monday 14:17:33: Episode:1 Mean Waiting Time= 114.232 +/- 82.569
2023-03-06 Monday 14:17:33: Episode:2 Mean Waiting Time= 131.327 +/- 131.355
2023-03-06 Monday 14:17:33: Episode:3 Mean Waiting Time= 122.283 +/- 93.402
2023-03-06 Monday 14:17:33: Episode:4 Mean Waiting Time= 135.008 +/- 115.414
2023-03-06 Monday 14:17:33: 1-Total Mean Waiting Time= 131.177 +/- 13.105
2023-03-06 Monday 14:17:33: 2-Total Mean Waiting Time= 131.177 +/- 134.150
2023-03-06 Monday 14:17:33: Episode:0 Mean Avg Speed= 0.368 +/- 0.064
2023-03-06 Monday 14:17:33: Episode:1 Mean Avg Speed= 0.381 +/- 0.060
2023-03-06 Monday 14:17:33: Episode:2 Mean Avg Speed= 0.374 +/- 0.060
2023-03-06 Monday 14:17:33: Episode:3 Mean Avg Speed= 0.372 +/- 0.061
2023-03-06 Monday 14:17:33: Episode:4 Mean Avg Speed= 0.371 +/- 0.062
2023-03-06 Monday 14:17:33: 1-Total Mean Avg Speed= 0.373 +/- 0.004
2023-03-06 Monday 14:17:33: 2-Total Mean Avg Speed= 0.373 +/- 0.062
2023-03-06 Monday 14:17:33: Episode:0 Mean Avg Speed 2= 6.845 +/- 1.176
2023-03-06 Monday 14:17:33: Episode:1 Mean Avg Speed 2= 7.075 +/- 1.099
2023-03-06 Monday 14:17:33: Episode:2 Mean Avg Speed 2= 6.947 +/- 1.091
2023-03-06 Monday 14:17:33: Episode:3 Mean Avg Speed 2= 6.905 +/- 1.107
2023-03-06 Monday 14:17:33: Episode:4 Mean Avg Speed 2= 6.883 +/- 1.122
2023-03-06 Monday 14:17:33: 1-Total Mean Avg Speed 2= 6.931 +/- 0.079
2023-03-06 Monday 14:17:33: 2-Total Mean Avg Speed 2= 6.931 +/- 1.119
2023-03-06 Monday 14:17:33: Episode:0 Mean Avg Speed Cross Check= 7.989 +/- 0.841
2023-03-06 Monday 14:17:33: Episode:1 Mean Avg Speed Cross Check= 8.149 +/- 0.758
2023-03-06 Monday 14:17:33: Episode:2 Mean Avg Speed Cross Check= 8.059 +/- 0.754
2023-03-06 Monday 14:17:33: Episode:3 Mean Avg Speed Cross Check= 8.034 +/- 0.777
2023-03-06 Monday 14:17:33: Episode:4 Mean Avg Speed Cross Check= 8.012 +/- 0.780
2023-03-06 Monday 14:17:33: 1-Total Mean Avg Speed Cross Check= 8.049 +/- 0.055
2023-03-06 Monday 14:17:33: 2-Total Mean Avg Speed Cross Check= 8.049 +/- 0.782
2023-03-06 Monday 14:17:33: ****************************************
