2023-05-21 Sunday 02:02:21 root:INFO:Run: 2 for Baseline experiment: DE-Enhanced-S2-4 - route: ../nets/roundabout/input_routes_roundabout_auto_v1-4.rou.xml - first seed: 280 - alpha: 0.5 - gamma: 0.99 - epsilon: 0.2 - reward: diff-waiting-time
2023-05-21 Sunday 02:06:12 root:INFO:Total Missing States: 0
2023-05-21 Sunday 02:06:12 root:INFO:Mean Reward=-11900.00 +/- 0.00
2023-05-21 Sunday 02:06:12 root:INFO:Mean Stopped=11900.00 +/- 0.00
2023-05-21 Sunday 02:06:12 root:INFO:Mean_Stopped=11900.00 +/- 0.00
2023-05-21 Sunday 02:06:12 root:INFO:Mean Waiting Time=123336.00 +/- 0.00
2023-05-21 Sunday 02:06:12 root:INFO:Mean_avg_speed=4059.76 +/- 0.00
2023-05-21 Sunday 02:06:12 root:INFO:Mean_avg_speed_2=74573.30 +/- 0.00
2023-05-21 Sunday 02:06:12 root:INFO:Mean_avg_speed_cross_check=89595.86 +/- 0.00
2023-05-21 Sunday 02:06:12 root:INFO:Mean_average_co2_emission_tl=29638486.49 +/- 0.00
2023-05-21 Sunday 02:06:12 root:INFO:Mean_average_co_emission_tl=851819.60 +/- 0.00
2023-05-21 Sunday 02:06:12 root:INFO:Mean_average_fuel_consumption_tl=12740.63 +/- 0.00
2023-05-21 Sunday 02:06:12 root:INFO:Mean_average_noise_emission_tl=603298.90 +/- 0.00
2023-05-21 Sunday 02:06:12 root:INFO:Mean_average_co2_emission=27479995.26 +/- 0.00
2023-05-21 Sunday 02:06:12 root:INFO:Mean_average_co_emission=567087.82 +/- 0.00
2023-05-21 Sunday 02:06:12 root:INFO:Mean_average_fuel_consumptions=11812.74 +/- 0.00
2023-05-21 Sunday 02:06:12 root:INFO:Mean_average_noise_emissions=614985.79 +/- 0.00
2023-05-21 Sunday 02:06:12 root:INFO:****************************************
2023-05-21 Sunday 02:06:12 root:INFO:Calculation 1 - Overall 
2023-05-21 Sunday 02:06:12 root:INFO:****************************************
2023-05-21 Sunday 02:06:12 root:INFO:Inner X Outer Loops Mean Reward=-1.190 +/- 1.032
2023-05-21 Sunday 02:06:12 root:INFO:Inner X Outer Loops Mean Stopped= 1.190 +/- 1.032
2023-05-21 Sunday 02:06:12 root:INFO:Inner X Outer Loops Mean Stopped Cross Check= 1.190 +/- 1.032
2023-05-21 Sunday 02:06:12 root:INFO:Inner X Outer Loops Mean Waiting Time= 12.332 +/- 20.117
2023-05-21 Sunday 02:06:12 root:INFO:Inner X Outer Loops Mean Avg Speed= 0.406 +/- 0.345
2023-05-21 Sunday 02:06:12 root:INFO:Inner X Outer Loops Mean Avg Speed 2= 7.457 +/- 6.713
2023-05-21 Sunday 02:06:12 root:INFO:Inner X Outer Loops Mean Avg Speed Cross Check= 8.959 +/- 3.694
2023-05-21 Sunday 02:06:12 root:INFO:Inner X Outer Loops Mean Average CO2 Emission TL= 2963.552 +/- 1315.096
2023-05-21 Sunday 02:06:12 root:INFO:Inner X Outer Loops Mean Average CO Emission TL= 85.173 +/- 54.264
2023-05-21 Sunday 02:06:12 root:INFO:Inner X Outer Loops Mean Average Fuel Consumption TL= 1.274 +/- 0.565
2023-05-21 Sunday 02:06:12 root:INFO:Inner X Outer Loops Mean Average Noise Emission TL= 60.324 +/- 5.248
2023-05-21 Sunday 02:06:12 root:INFO:Inner X Outer Loops Mean Average CO2 Emission= 2747.725 +/- 768.721
2023-05-21 Sunday 02:06:12 root:INFO:Inner X Outer Loops Mean Average CO Emission= 56.703 +/- 28.728
2023-05-21 Sunday 02:06:12 root:INFO:Inner X Outer Loops Mean Average Fuel Consumptions= 1.181 +/- 0.330
2023-05-21 Sunday 02:06:12 root:INFO:Inner X Outer Loops Mean Average Noise Emissions= 61.492 +/- 2.820
2023-05-21 Sunday 02:06:12 root:INFO:****************************************
2023-05-21 Sunday 02:06:12 root:INFO:Calculation 2 - Per Episode
2023-05-21 Sunday 02:06:12 root:INFO:****************************************
2023-05-21 Sunday 02:06:12 root:INFO:Episode:0 Mean Waiting Time=-1.190 +/- 1.032
2023-05-21 Sunday 02:06:12 root:INFO:1-Total Mean Reward= -1.190 +/- 0.000
2023-05-21 Sunday 02:06:12 root:INFO:2-Total Mean Reward= -1.190 +/- 1.032
2023-05-21 Sunday 02:06:12 root:INFO:****
2023-05-21 Sunday 02:06:12 root:INFO:Episode:0 Mean Stopped= 1.190 +/- 1.032
2023-05-21 Sunday 02:06:12 root:INFO:1-Total Mean Stopped= 1.190 +/- 0.000
2023-05-21 Sunday 02:06:12 root:INFO:2-Total Mean Stopped= 1.190 +/- 1.032
2023-05-21 Sunday 02:06:12 root:INFO:****
2023-05-21 Sunday 02:06:12 root:INFO:Episode:0 Mean Stopped Cross Check= 1.190 +/- 1.032
2023-05-21 Sunday 02:06:12 root:INFO:1-Total Mean Stopped Cross Check= 1.190 +/- 0.000
2023-05-21 Sunday 02:06:12 root:INFO:2-Total Mean Stopped Cross Check= 1.190 +/- 1.032
2023-05-21 Sunday 02:06:12 root:INFO:****
2023-05-21 Sunday 02:06:12 root:INFO:Episode:0 Mean Waiting Time= 12.332 +/- 20.117
2023-05-21 Sunday 02:06:12 root:INFO:1-Total Mean Waiting Time= 12.332 +/- 0.000
2023-05-21 Sunday 02:06:12 root:INFO:2-Total Mean Waiting Time= 12.332 +/- 20.117
2023-05-21 Sunday 02:06:12 root:INFO:Episode:0 Mean Avg Speed= 0.406 +/- 0.345
2023-05-21 Sunday 02:06:12 root:INFO:1-Total Mean Avg Speed= 0.406 +/- 0.000
2023-05-21 Sunday 02:06:12 root:INFO:2-Total Mean Avg Speed= 0.406 +/- 0.345
2023-05-21 Sunday 02:06:12 root:INFO:Episode:0 Mean Avg Speed 2= 7.457 +/- 6.713
2023-05-21 Sunday 02:06:12 root:INFO:1-Total Mean Avg Speed 2= 7.457 +/- 0.000
2023-05-21 Sunday 02:06:12 root:INFO:2-Total Mean Avg Speed 2= 7.457 +/- 6.713
2023-05-21 Sunday 02:06:12 root:INFO:Episode:0 Mean Avg Speed Cross Check= 8.959 +/- 3.694
2023-05-21 Sunday 02:06:12 root:INFO:1-Total Mean Avg Speed Cross Check= 8.959 +/- 0.000
2023-05-21 Sunday 02:06:12 root:INFO:2-Total Mean Avg Speed Cross Check= 8.959 +/- 3.694
2023-05-21 Sunday 02:06:12 root:INFO:Episode:0 Mean Average CO2 Emission TL= 2963.552 +/- 1315.096
2023-05-21 Sunday 02:06:12 root:INFO:1-Total Mean Average CO2 Emission TL= 2963.552 +/- 0.000
2023-05-21 Sunday 02:06:12 root:INFO:2-Total Mean Average CO2 Emission TL= 2963.552 +/- 1315.096
2023-05-21 Sunday 02:06:12 root:INFO:Episode:0 Mean Average CO Emission TL= 85.173 +/- 54.264
2023-05-21 Sunday 02:06:12 root:INFO:1-Total Mean Average CO Emission TL= 85.173 +/- 0.000
2023-05-21 Sunday 02:06:12 root:INFO:2-Total Mean Average CO Emission TL= 85.173 +/- 54.264
2023-05-21 Sunday 02:06:12 root:INFO:Episode:0 Mean Average Fuel Consumption TL= 1.274 +/- 0.565
2023-05-21 Sunday 02:06:12 root:INFO:1-Total Mean Average Fuel Consumption TL= 1.274 +/- 0.000
2023-05-21 Sunday 02:06:12 root:INFO:2-Total Mean Average Fuel Consumption TL= 1.274 +/- 0.565
2023-05-21 Sunday 02:06:12 root:INFO:Episode:0 Mean Average Noise Emission TL= 60.324 +/- 5.248
2023-05-21 Sunday 02:06:12 root:INFO:1-Total Mean Average Noise Emission TL= 60.324 +/- 0.000
2023-05-21 Sunday 02:06:12 root:INFO:2-Total Mean Average Noise Emission TL= 60.324 +/- 5.248
2023-05-21 Sunday 02:06:12 root:INFO:Episode:0 Mean Average CO2 Emission= 2747.725 +/- 768.721
2023-05-21 Sunday 02:06:12 root:INFO:1-Total Mean Average CO2 Emission= 2747.725 +/- 0.000
2023-05-21 Sunday 02:06:12 root:INFO:2-Total Mean Average CO2 Emission= 2747.725 +/- 768.721
2023-05-21 Sunday 02:06:12 root:INFO:Episode:0 Mean Average CO Emission= 56.703 +/- 28.728
2023-05-21 Sunday 02:06:12 root:INFO:1-Total Mean Average CO Emission= 56.703 +/- 0.000
2023-05-21 Sunday 02:06:12 root:INFO:2-Total Mean Average CO Emission= 56.703 +/- 28.728
2023-05-21 Sunday 02:06:12 root:INFO:Episode:0 Mean Average Fuel Consumption= 1.181 +/- 0.330
2023-05-21 Sunday 02:06:12 root:INFO:1-Total Mean Average Fuel Consumption= 1.181 +/- 0.000
2023-05-21 Sunday 02:06:12 root:INFO:2-Total Mean Average Fuel Consumption= 1.181 +/- 0.330
2023-05-21 Sunday 02:06:12 root:INFO:Episode:0 Mean Average Noise Emission= 61.492 +/- 2.820
2023-05-21 Sunday 02:06:12 root:INFO:1-Total Mean Average Noise Emission= 61.492 +/- 0.000
2023-05-21 Sunday 02:06:12 root:INFO:2-Total Mean Average Noise Emission= 61.492 +/- 2.820
2023-05-21 Sunday 02:06:12 root:INFO:****************************************
