2023-04-15 Saturday 05:35:04 root:INFO:Run: 2 for Baseline experiment: DE-Enhanced-5 - route: ../nets/roundabout/input_routes_roundabout_auto_v1-5.rou.xml - first seed: 280 - alpha: 0.5 - gamma: 0.99 - epsilon: 0.2 - reward: diff-waiting-time
2023-04-15 Saturday 06:37:14 root:INFO:Total Missing States: 0
2023-04-15 Saturday 06:37:14 root:INFO:Mean Reward=-2016609.00 +/- 0.00
2023-04-15 Saturday 06:37:14 root:INFO:Mean Stopped=2016609.00 +/- 0.00
2023-04-15 Saturday 06:37:14 root:INFO:Mean_Stopped=2017440.00 +/- 0.00
2023-04-15 Saturday 06:37:14 root:INFO:Mean Waiting Time=45883522.00 +/- 0.00
2023-04-15 Saturday 06:37:14 root:INFO:Mean_avg_speed=267.49 +/- 0.00
2023-04-15 Saturday 06:37:14 root:INFO:Mean_avg_speed_2=4954.82 +/- 0.00
2023-04-15 Saturday 06:37:14 root:INFO:Mean_avg_speed_cross_check=8912.44 +/- 0.00
2023-04-15 Saturday 06:37:14 root:INFO:Mean_average_co2_emission_tl=25192302.24 +/- 0.00
2023-04-15 Saturday 06:37:14 root:INFO:Mean_average_co_emission_tl=1490229.81 +/- 0.00
2023-04-15 Saturday 06:37:14 root:INFO:Mean_average_fuel_consumption_tl=10829.78 +/- 0.00
2023-04-15 Saturday 06:37:14 root:INFO:Mean_average_noise_emission_tl=561920.98 +/- 0.00
2023-04-15 Saturday 06:37:14 root:INFO:Mean_average_co2_emission=25025687.58 +/- 0.00
2023-04-15 Saturday 06:37:14 root:INFO:Mean_average_co_emission=1437999.18 +/- 0.00
2023-04-15 Saturday 06:37:14 root:INFO:Mean_average_fuel_consumptions=10758.13 +/- 0.00
2023-04-15 Saturday 06:37:14 root:INFO:Mean_average_noise_emissions=564520.66 +/- 0.00
2023-04-15 Saturday 06:37:14 root:INFO:****************************************
2023-04-15 Saturday 06:37:14 root:INFO:Calculation 1 - Overall 
2023-04-15 Saturday 06:37:14 root:INFO:****************************************
2023-04-15 Saturday 06:37:14 root:INFO:Inner X Outer Loops Mean Reward=-201.641 +/- 24.355
2023-04-15 Saturday 06:37:14 root:INFO:Inner X Outer Loops Mean Stopped= 201.641 +/- 24.355
2023-04-15 Saturday 06:37:14 root:INFO:Inner X Outer Loops Mean Stopped Cross Check= 201.724 +/- 24.350
2023-04-15 Saturday 06:37:14 root:INFO:Inner X Outer Loops Mean Waiting Time= 4587.893 +/- 572.712
2023-04-15 Saturday 06:37:14 root:INFO:Inner X Outer Loops Mean Avg Speed= 0.027 +/- 0.026
2023-04-15 Saturday 06:37:14 root:INFO:Inner X Outer Loops Mean Avg Speed 2= 0.495 +/- 0.496
2023-04-15 Saturday 06:37:14 root:INFO:Inner X Outer Loops Mean Avg Speed Cross Check= 0.891 +/- 0.543
2023-04-15 Saturday 06:37:14 root:INFO:Inner X Outer Loops Mean Average CO2 Emission TL= 2518.978 +/- 57.304
2023-04-15 Saturday 06:37:14 root:INFO:Inner X Outer Loops Mean Average CO Emission TL= 149.008 +/- 4.366
2023-04-15 Saturday 06:37:14 root:INFO:Inner X Outer Loops Mean Average Fuel Consumption TL= 1.083 +/- 0.025
2023-04-15 Saturday 06:37:14 root:INFO:Inner X Outer Loops Mean Average Noise Emission TL= 56.186 +/- 0.370
2023-04-15 Saturday 06:37:14 root:INFO:Inner X Outer Loops Mean Average CO2 Emission= 2502.319 +/- 51.752
2023-04-15 Saturday 06:37:14 root:INFO:Inner X Outer Loops Mean Average CO Emission= 143.786 +/- 5.346
2023-04-15 Saturday 06:37:14 root:INFO:Inner X Outer Loops Mean Average Fuel Consumptions= 1.076 +/- 0.022
2023-04-15 Saturday 06:37:14 root:INFO:Inner X Outer Loops Mean Average Noise Emissions= 56.446 +/- 0.394
2023-04-15 Saturday 06:37:14 root:INFO:****************************************
2023-04-15 Saturday 06:37:14 root:INFO:Calculation 2 - Per Episode
2023-04-15 Saturday 06:37:14 root:INFO:****************************************
2023-04-15 Saturday 06:37:14 root:INFO:Episode:0 Mean Waiting Time=-201.641 +/- 24.355
2023-04-15 Saturday 06:37:14 root:INFO:1-Total Mean Reward= -201.641 +/- 0.000
2023-04-15 Saturday 06:37:14 root:INFO:2-Total Mean Reward= -201.641 +/- 24.355
2023-04-15 Saturday 06:37:14 root:INFO:****
2023-04-15 Saturday 06:37:14 root:INFO:Episode:0 Mean Stopped= 201.641 +/- 24.355
2023-04-15 Saturday 06:37:14 root:INFO:1-Total Mean Stopped= 201.641 +/- 0.000
2023-04-15 Saturday 06:37:14 root:INFO:2-Total Mean Stopped= 201.641 +/- 24.355
2023-04-15 Saturday 06:37:14 root:INFO:****
2023-04-15 Saturday 06:37:14 root:INFO:Episode:0 Mean Stopped Cross Check= 201.724 +/- 24.350
2023-04-15 Saturday 06:37:14 root:INFO:1-Total Mean Stopped Cross Check= 201.724 +/- 0.000
2023-04-15 Saturday 06:37:14 root:INFO:2-Total Mean Stopped Cross Check= 201.724 +/- 24.350
2023-04-15 Saturday 06:37:14 root:INFO:****
2023-04-15 Saturday 06:37:14 root:INFO:Episode:0 Mean Waiting Time= 4587.893 +/- 572.712
2023-04-15 Saturday 06:37:14 root:INFO:1-Total Mean Waiting Time= 4587.893 +/- 0.000
2023-04-15 Saturday 06:37:14 root:INFO:2-Total Mean Waiting Time= 4587.893 +/- 572.712
2023-04-15 Saturday 06:37:14 root:INFO:Episode:0 Mean Avg Speed= 0.027 +/- 0.026
2023-04-15 Saturday 06:37:14 root:INFO:1-Total Mean Avg Speed= 0.027 +/- 0.000
2023-04-15 Saturday 06:37:14 root:INFO:2-Total Mean Avg Speed= 0.027 +/- 0.026
2023-04-15 Saturday 06:37:14 root:INFO:Episode:0 Mean Avg Speed 2= 0.495 +/- 0.496
2023-04-15 Saturday 06:37:14 root:INFO:1-Total Mean Avg Speed 2= 0.495 +/- 0.000
2023-04-15 Saturday 06:37:14 root:INFO:2-Total Mean Avg Speed 2= 0.495 +/- 0.496
2023-04-15 Saturday 06:37:14 root:INFO:Episode:0 Mean Avg Speed Cross Check= 0.891 +/- 0.543
2023-04-15 Saturday 06:37:14 root:INFO:1-Total Mean Avg Speed Cross Check= 0.891 +/- 0.000
2023-04-15 Saturday 06:37:14 root:INFO:2-Total Mean Avg Speed Cross Check= 0.891 +/- 0.543
2023-04-15 Saturday 06:37:14 root:INFO:Episode:0 Mean Average CO2 Emission TL= 2518.978 +/- 57.304
2023-04-15 Saturday 06:37:14 root:INFO:1-Total Mean Average CO2 Emission TL= 2518.978 +/- 0.000
2023-04-15 Saturday 06:37:14 root:INFO:2-Total Mean Average CO2 Emission TL= 2518.978 +/- 57.304
2023-04-15 Saturday 06:37:14 root:INFO:Episode:0 Mean Average CO Emission TL= 149.008 +/- 4.366
2023-04-15 Saturday 06:37:14 root:INFO:1-Total Mean Average CO Emission TL= 149.008 +/- 0.000
2023-04-15 Saturday 06:37:14 root:INFO:2-Total Mean Average CO Emission TL= 149.008 +/- 4.366
2023-04-15 Saturday 06:37:14 root:INFO:Episode:0 Mean Average Fuel Consumption TL= 1.083 +/- 0.025
2023-04-15 Saturday 06:37:14 root:INFO:1-Total Mean Average Fuel Consumption TL= 1.083 +/- 0.000
2023-04-15 Saturday 06:37:14 root:INFO:2-Total Mean Average Fuel Consumption TL= 1.083 +/- 0.025
2023-04-15 Saturday 06:37:14 root:INFO:Episode:0 Mean Average Noise Emission TL= 56.186 +/- 0.370
2023-04-15 Saturday 06:37:14 root:INFO:1-Total Mean Average Noise Emission TL= 56.186 +/- 0.000
2023-04-15 Saturday 06:37:14 root:INFO:2-Total Mean Average Noise Emission TL= 56.186 +/- 0.370
2023-04-15 Saturday 06:37:14 root:INFO:Episode:0 Mean Average CO2 Emission= 2502.319 +/- 51.752
2023-04-15 Saturday 06:37:14 root:INFO:1-Total Mean Average CO2 Emission= 2502.319 +/- 0.000
2023-04-15 Saturday 06:37:14 root:INFO:2-Total Mean Average CO2 Emission= 2502.319 +/- 51.752
2023-04-15 Saturday 06:37:14 root:INFO:Episode:0 Mean Average CO Emission= 143.786 +/- 5.346
2023-04-15 Saturday 06:37:14 root:INFO:1-Total Mean Average CO Emission= 143.786 +/- 0.000
2023-04-15 Saturday 06:37:14 root:INFO:2-Total Mean Average CO Emission= 143.786 +/- 5.346
2023-04-15 Saturday 06:37:14 root:INFO:Episode:0 Mean Average Fuel Consumption= 1.076 +/- 0.022
2023-04-15 Saturday 06:37:14 root:INFO:1-Total Mean Average Fuel Consumption= 1.076 +/- 0.000
2023-04-15 Saturday 06:37:14 root:INFO:2-Total Mean Average Fuel Consumption= 1.076 +/- 0.022
2023-04-15 Saturday 06:37:14 root:INFO:Episode:0 Mean Average Noise Emission= 56.446 +/- 0.394
2023-04-15 Saturday 06:37:14 root:INFO:1-Total Mean Average Noise Emission= 56.446 +/- 0.000
2023-04-15 Saturday 06:37:14 root:INFO:2-Total Mean Average Noise Emission= 56.446 +/- 0.394
2023-04-15 Saturday 06:37:14 root:INFO:****************************************
