2023-04-15 Saturday 00:45:10: Run: 2 for Training experiment: DE-Enhanced-5 - route: ../nets/roundabout/input_routes_roundabout_auto_v1-5.rou.xml - first seed: 270 - alpha: 0.5 - gamma: 0.99 - epsilon: 0.2 - reward: diff-waiting-time
2023-04-15 Saturday 01:39:10: Run: 1 - First Epsilon: 0.2 - Last Epsilon: 0.2
2023-04-15 Saturday 02:26:50: Run: 2 - First Epsilon: 0.2 - Last Epsilon: 0.2
2023-04-15 Saturday 03:22:30: Run: 3 - First Epsilon: 0.2 - Last Epsilon: 0.2
2023-04-15 Saturday 04:23:44: Run: 4 - First Epsilon: 0.2 - Last Epsilon: 0.2
2023-04-15 Saturday 05:14:43: Run: 5 - First Epsilon: 0.2 - Last Epsilon: 0.2
2023-04-15 Saturday 05:14:43: Q-Table Total Distinct States: 1224
2023-04-15 Saturday 05:14:43: Mean_reward=-48.02 +/- 11.20
2023-04-15 Saturday 05:14:43: Mean_Stopped=1504729.60 +/- 135007.31
2023-04-15 Saturday 05:14:43: Mean_Stopped=1505043.60 +/- 135033.47
2023-04-15 Saturday 05:14:43: Mean_waiting_time=63212250.80 +/- 6973494.94
2023-04-15 Saturday 05:14:43: Mean_avg_speed=479.53 +/- 42.25
2023-04-15 Saturday 05:14:43: Mean_avg_speed_2=8924.18 +/- 786.74
2023-04-15 Saturday 05:14:43: Mean_avg_speed_cross_check=15906.38 +/- 1300.92
2023-04-15 Saturday 05:14:43: Mean_average_co2_emission_tl=25792816.03 +/- 95795.29
2023-04-15 Saturday 05:14:43: Mean_average_co_emission_tl=1468165.22 +/- 6375.55
2023-04-15 Saturday 05:14:43: Mean_average_fuel_consumption_tl=11087.89 +/- 41.17
2023-04-15 Saturday 05:14:43: Mean_average_noise_emission_tl=564793.47 +/- 567.83
2023-04-15 Saturday 05:14:43: Mean_average_co2_emission=25135553.77 +/- 32027.93
2023-04-15 Saturday 05:14:43: Mean_average_co_emission=1370185.94 +/- 13871.76
2023-04-15 Saturday 05:14:43: Mean_average_fuel_consumptions=10805.33 +/- 13.76
2023-04-15 Saturday 05:14:43: Mean_average_noise_emissions=569264.45 +/- 892.79
2023-04-15 Saturday 05:14:43: ****************************************
2023-04-15 Saturday 05:14:43: Calculation 1 - Overall 
2023-04-15 Saturday 05:14:43: ****************************************
2023-04-15 Saturday 05:14:43: Inner X Outer Loops Mean Reward= -0.005 +/- 3.654
2023-04-15 Saturday 05:14:43: Inner X Outer Loops Mean Stopped= 150.458 +/- 26.982
2023-04-15 Saturday 05:14:43: Inner X Outer Loops Mean Stopped Cross Check= 150.489 +/- 26.988
2023-04-15 Saturday 05:14:43: Inner X Outer Loops Mean Waiting Time= 6320.593 +/- 3573.679
2023-04-15 Saturday 05:14:43: Inner X Outer Loops Mean Avg Speed= 0.048 +/- 0.029
2023-04-15 Saturday 05:14:43: Inner X Outer Loops Mean Avg Speed 2= 0.892 +/- 0.542
2023-04-15 Saturday 05:14:43: Inner X Outer Loops Mean Avg Speed Cross Check= 1.590 +/- 0.607
2023-04-15 Saturday 05:14:43: Inner X Outer Loops Mean Average CO2 Emission TL= 2579.024 +/- 67.125
2023-04-15 Saturday 05:14:44: Inner X Outer Loops Mean Average CO Emission TL= 146.802 +/- 5.253
2023-04-15 Saturday 05:14:44: Inner X Outer Loops Mean Average Fuel Consumption TL= 1.109 +/- 0.029
2023-04-15 Saturday 05:14:44: Inner X Outer Loops Mean Average Noise Emission TL= 56.474 +/- 0.400
2023-04-15 Saturday 05:14:44: Inner X Outer Loops Mean Average CO2 Emission= 2513.304 +/- 59.176
2023-04-15 Saturday 05:14:44: Inner X Outer Loops Mean Average CO Emission= 137.005 +/- 6.478
2023-04-15 Saturday 05:14:44: Inner X Outer Loops Mean Average Fuel Consumptions= 1.080 +/- 0.025
2023-04-15 Saturday 05:14:44: Inner X Outer Loops Mean Average Noise Emissions= 56.921 +/- 0.432
2023-04-15 Saturday 05:14:44: ****************************************
2023-04-15 Saturday 05:14:44: Calculation 2 - Per Episode
2023-04-15 Saturday 05:14:44: ****************************************
2023-04-15 Saturday 05:14:44: Episode:0 Mean Reward= -0.004 +/- 3.920
2023-04-15 Saturday 05:14:44: Episode:1 Mean Reward= -0.006 +/- 3.632
2023-04-15 Saturday 05:14:44: Episode:2 Mean Reward= -0.006 +/- 3.749
2023-04-15 Saturday 05:14:44: Episode:3 Mean Reward= -0.004 +/- 3.656
2023-04-15 Saturday 05:14:44: Episode:4 Mean Reward= -0.003 +/- 3.282
2023-04-15 Saturday 05:14:44: 1-Total Mean Reward= -0.005 +/- 0.001
2023-04-15 Saturday 05:14:44: 2-Total Mean Reward= -0.005 +/- 3.648
2023-04-15 Saturday 05:14:44: ****
2023-04-15 Saturday 05:14:44: Episode:0 Mean Stopped= 156.175 +/- 18.968
2023-04-15 Saturday 05:14:44: Episode:1 Mean Stopped= 133.774 +/- 22.751
2023-04-15 Saturday 05:14:44: Episode:2 Mean Stopped= 159.464 +/- 28.200
2023-04-15 Saturday 05:14:44: Episode:3 Mean Stopped= 167.518 +/- 25.284
2023-04-15 Saturday 05:14:44: Episode:4 Mean Stopped= 135.359 +/- 20.422
2023-04-15 Saturday 05:14:44: 1-Total Mean Stopped= 150.458 +/- 13.499
2023-04-15 Saturday 05:14:44: 2-Total Mean Stopped= 150.458 +/- 23.125
2023-04-15 Saturday 05:14:44: ****
2023-04-15 Saturday 05:14:44: Episode:0 Mean Stopped Cross Check= 156.208 +/- 18.975
2023-04-15 Saturday 05:14:44: Episode:1 Mean Stopped Cross Check= 133.803 +/- 22.758
2023-04-15 Saturday 05:14:44: Episode:2 Mean Stopped Cross Check= 159.499 +/- 28.204
2023-04-15 Saturday 05:14:44: Episode:3 Mean Stopped Cross Check= 167.550 +/- 25.290
2023-04-15 Saturday 05:14:44: Episode:4 Mean Stopped Cross Check= 135.386 +/- 20.425
2023-04-15 Saturday 05:14:44: 1-Total Mean Stopped Cross Check= 150.489 +/- 13.502
2023-04-15 Saturday 05:14:44: 2-Total Mean Stopped Cross Check= 150.489 +/- 23.130
2023-04-15 Saturday 05:14:44: ****
2023-04-15 Saturday 05:14:44: Episode:0 Mean Waiting Time= 6871.538 +/- 3890.731
2023-04-15 Saturday 05:14:44: Episode:1 Mean Waiting Time= 5747.323 +/- 3544.520
2023-04-15 Saturday 05:14:44: Episode:2 Mean Waiting Time= 6833.188 +/- 3722.088
2023-04-15 Saturday 05:14:44: Episode:3 Mean Waiting Time= 6916.850 +/- 3534.725
2023-04-15 Saturday 05:14:44: Episode:4 Mean Waiting Time= 5234.066 +/- 2715.748
2023-04-15 Saturday 05:14:44: 1-Total Mean Waiting Time= 6320.593 +/- 697.280
2023-04-15 Saturday 05:14:44: 2-Total Mean Waiting Time= 6320.593 +/- 3481.562
2023-04-15 Saturday 05:14:44: Episode:0 Mean Avg Speed= 0.045 +/- 0.024
2023-04-15 Saturday 05:14:44: Episode:1 Mean Avg Speed= 0.053 +/- 0.026
2023-04-15 Saturday 05:14:44: Episode:2 Mean Avg Speed= 0.046 +/- 0.030
2023-04-15 Saturday 05:14:44: Episode:3 Mean Avg Speed= 0.043 +/- 0.028
2023-04-15 Saturday 05:14:44: Episode:4 Mean Avg Speed= 0.053 +/- 0.033
2023-04-15 Saturday 05:14:44: 1-Total Mean Avg Speed= 0.048 +/- 0.004
2023-04-15 Saturday 05:14:44: 2-Total Mean Avg Speed= 0.048 +/- 0.028
2023-04-15 Saturday 05:14:44: Episode:0 Mean Avg Speed 2= 0.834 +/- 0.461
2023-04-15 Saturday 05:14:44: Episode:1 Mean Avg Speed 2= 0.978 +/- 0.491
2023-04-15 Saturday 05:14:44: Episode:2 Mean Avg Speed 2= 0.849 +/- 0.572
2023-04-15 Saturday 05:14:44: Episode:3 Mean Avg Speed 2= 0.805 +/- 0.531
2023-04-15 Saturday 05:14:44: Episode:4 Mean Avg Speed 2= 0.995 +/- 0.614
2023-04-15 Saturday 05:14:44: 1-Total Mean Avg Speed 2= 0.892 +/- 0.079
2023-04-15 Saturday 05:14:44: 2-Total Mean Avg Speed 2= 0.892 +/- 0.534
2023-04-15 Saturday 05:14:44: Episode:0 Mean Avg Speed Cross Check= 1.501 +/- 0.497
2023-04-15 Saturday 05:14:44: Episode:1 Mean Avg Speed Cross Check= 1.739 +/- 0.538
2023-04-15 Saturday 05:14:44: Episode:2 Mean Avg Speed Cross Check= 1.514 +/- 0.652
2023-04-15 Saturday 05:14:44: Episode:3 Mean Avg Speed Cross Check= 1.443 +/- 0.587
2023-04-15 Saturday 05:14:44: Episode:4 Mean Avg Speed Cross Check= 1.755 +/- 0.673
2023-04-15 Saturday 05:14:44: 1-Total Mean Avg Speed Cross Check= 1.590 +/- 0.130
2023-04-15 Saturday 05:14:44: 2-Total Mean Avg Speed Cross Check= 1.590 +/- 0.589
2023-04-15 Saturday 05:14:44: Episode:0 Mean Average CO2 Emission TL= 2572.487 +/- 60.191
2023-04-15 Saturday 05:14:44: Episode:1 Mean Average CO2 Emission TL= 2589.952 +/- 65.467
2023-04-15 Saturday 05:14:44: Episode:2 Mean Average CO2 Emission TL= 2573.104 +/- 69.297
2023-04-15 Saturday 05:14:44: Episode:3 Mean Average CO2 Emission TL= 2568.378 +/- 65.202
2023-04-15 Saturday 05:14:44: Episode:4 Mean Average CO2 Emission TL= 2591.198 +/- 71.468
2023-04-15 Saturday 05:14:44: 1-Total Mean Average CO2 Emission TL= 2579.024 +/- 9.579
2023-04-15 Saturday 05:14:44: 2-Total Mean Average CO2 Emission TL= 2579.024 +/- 66.325
2023-04-15 Saturday 05:14:44: Episode:0 Mean Average CO Emission TL= 147.411 +/- 4.407
2023-04-15 Saturday 05:14:44: Episode:1 Mean Average CO Emission TL= 146.222 +/- 5.112
2023-04-15 Saturday 05:14:44: Episode:2 Mean Average CO Emission TL= 147.069 +/- 5.383
2023-04-15 Saturday 05:14:44: Episode:3 Mean Average CO Emission TL= 147.431 +/- 4.954
2023-04-15 Saturday 05:14:44: Episode:4 Mean Average CO Emission TL= 145.876 +/- 6.073
2023-04-15 Saturday 05:14:44: 1-Total Mean Average CO Emission TL= 146.802 +/- 0.637
2023-04-15 Saturday 05:14:44: 2-Total Mean Average CO Emission TL= 146.802 +/- 5.186
2023-04-15 Saturday 05:14:44: Episode:0 Mean Average Fuel Consumption TL= 1.106 +/- 0.026
2023-04-15 Saturday 05:14:44: Episode:1 Mean Average Fuel Consumption TL= 1.113 +/- 0.028
2023-04-15 Saturday 05:14:44: Episode:2 Mean Average Fuel Consumption TL= 1.106 +/- 0.030
2023-04-15 Saturday 05:14:44: Episode:3 Mean Average Fuel Consumption TL= 1.104 +/- 0.028
2023-04-15 Saturday 05:14:44: Episode:4 Mean Average Fuel Consumption TL= 1.114 +/- 0.031
2023-04-15 Saturday 05:14:44: 1-Total Mean Average Fuel Consumption TL= 1.109 +/- 0.004
2023-04-15 Saturday 05:14:44: 2-Total Mean Average Fuel Consumption TL= 1.109 +/- 0.029
2023-04-15 Saturday 05:14:44: Episode:0 Mean Average Noise Emission TL= 56.432 +/- 0.344
2023-04-15 Saturday 05:14:44: Episode:1 Mean Average Noise Emission TL= 56.537 +/- 0.365
2023-04-15 Saturday 05:14:44: Episode:2 Mean Average Noise Emission TL= 56.443 +/- 0.421
2023-04-15 Saturday 05:14:44: Episode:3 Mean Average Noise Emission TL= 56.410 +/- 0.388
2023-04-15 Saturday 05:14:44: Episode:4 Mean Average Noise Emission TL= 56.547 +/- 0.452
2023-04-15 Saturday 05:14:44: 1-Total Mean Average Noise Emission TL= 56.474 +/- 0.057
2023-04-15 Saturday 05:14:44: 2-Total Mean Average Noise Emission TL= 56.474 +/- 0.394
2023-04-15 Saturday 05:14:44: Episode:0 Mean Average CO2 Emission= 2511.679 +/- 56.849
2023-04-15 Saturday 05:14:44: Episode:1 Mean Average CO2 Emission= 2517.544 +/- 62.246
2023-04-15 Saturday 05:14:44: Episode:2 Mean Average CO2 Emission= 2511.889 +/- 59.232
2023-04-15 Saturday 05:14:44: Episode:3 Mean Average CO2 Emission= 2508.967 +/- 55.868
2023-04-15 Saturday 05:14:44: Episode:4 Mean Average CO2 Emission= 2516.441 +/- 61.006
2023-04-15 Saturday 05:14:44: 1-Total Mean Average CO2 Emission= 2513.304 +/- 3.202
2023-04-15 Saturday 05:14:44: 2-Total Mean Average CO2 Emission= 2513.304 +/- 59.040
2023-04-15 Saturday 05:14:44: Episode:0 Mean Average CO Emission= 138.108 +/- 5.043
2023-04-15 Saturday 05:14:44: Episode:1 Mean Average CO Emission= 135.512 +/- 5.856
2023-04-15 Saturday 05:14:44: Episode:2 Mean Average CO Emission= 137.752 +/- 6.883
2023-04-15 Saturday 05:14:44: Episode:3 Mean Average CO Emission= 138.493 +/- 6.094
2023-04-15 Saturday 05:14:44: Episode:4 Mean Average CO Emission= 135.160 +/- 7.482
2023-04-15 Saturday 05:14:44: 1-Total Mean Average CO Emission= 137.005 +/- 1.387
2023-04-15 Saturday 05:14:44: 2-Total Mean Average CO Emission= 137.005 +/- 6.272
2023-04-15 Saturday 05:14:44: Episode:0 Mean Average Fuel Consumption= 1.080 +/- 0.024
2023-04-15 Saturday 05:14:44: Episode:1 Mean Average Fuel Consumption= 1.082 +/- 0.027
2023-04-15 Saturday 05:14:44: Episode:2 Mean Average Fuel Consumption= 1.080 +/- 0.025
2023-04-15 Saturday 05:14:44: Episode:3 Mean Average Fuel Consumption= 1.079 +/- 0.024
2023-04-15 Saturday 05:14:44: Episode:4 Mean Average Fuel Consumption= 1.082 +/- 0.026
2023-04-15 Saturday 05:14:44: 1-Total Mean Average Fuel Consumption= 1.080 +/- 0.001
2023-04-15 Saturday 05:14:44: 2-Total Mean Average Fuel Consumption= 1.080 +/- 0.025
2023-04-15 Saturday 05:14:44: Episode:0 Mean Average Noise Emission= 56.860 +/- 0.360
2023-04-15 Saturday 05:14:44: Episode:1 Mean Average Noise Emission= 57.024 +/- 0.389
2023-04-15 Saturday 05:14:44: Episode:2 Mean Average Noise Emission= 56.869 +/- 0.463
2023-04-15 Saturday 05:14:44: Episode:3 Mean Average Noise Emission= 56.819 +/- 0.416
2023-04-15 Saturday 05:14:44: Episode:4 Mean Average Noise Emission= 57.032 +/- 0.475
2023-04-15 Saturday 05:14:44: 1-Total Mean Average Noise Emission= 56.921 +/- 0.089
2023-04-15 Saturday 05:14:44: 2-Total Mean Average Noise Emission= 56.921 +/- 0.421
2023-04-15 Saturday 05:14:44: ****************************************
