2023-03-07 Tuesday 09:38:27: Run: 3 for Training experiment: DoE-23 - first seed: 370 - alpha: 0.3 - gamma: 0.8 - epsilon: 0.4 - reward: diff-waiting-time
2023-03-07 Tuesday 09:44:24: Run: 1 - First Epsilon: 0.4 - Last Epsilon: 0.4
2023-03-07 Tuesday 09:50:13: Run: 2 - First Epsilon: 0.4 - Last Epsilon: 0.4
2023-03-07 Tuesday 09:56:12: Run: 3 - First Epsilon: 0.4 - Last Epsilon: 0.4
2023-03-07 Tuesday 10:02:03: Run: 4 - First Epsilon: 0.4 - Last Epsilon: 0.4
2023-03-07 Tuesday 10:07:54: Run: 5 - First Epsilon: 0.4 - Last Epsilon: 0.4
2023-03-07 Tuesday 10:07:54: Q-Table Total Distinct States: 416
2023-03-07 Tuesday 10:07:54: Mean_reward=-1.68 +/- 1.19
2023-03-07 Tuesday 10:07:54: Mean_Stopped=91844.80 +/- 3858.78
2023-03-07 Tuesday 10:07:54: Mean_Stopped=92006.00 +/- 3864.55
2023-03-07 Tuesday 10:07:54: Mean_waiting_time=2080194.80 +/- 153292.96
2023-03-07 Tuesday 10:07:54: Mean_avg_speed=3297.80 +/- 60.71
2023-03-07 Tuesday 10:07:54: Mean_avg_speed_2=61284.10 +/- 1084.82
2023-03-07 Tuesday 10:07:54: Mean_avg_speed_cross_check=74473.71 +/- 858.23
2023-03-07 Tuesday 10:07:54: ****************************************
2023-03-07 Tuesday 10:07:54: Calculation 1 - Overall 
2023-03-07 Tuesday 10:07:54: ****************************************
2023-03-07 Tuesday 10:07:54: Inner X Outer Loops Mean Reward= -0.000 +/- 0.862
2023-03-07 Tuesday 10:07:54: Inner X Outer Loops Mean Stopped= 9.184 +/- 3.517
2023-03-07 Tuesday 10:07:54: Inner X Outer Loops Mean Stopped Cross Check= 9.200 +/- 3.518
2023-03-07 Tuesday 10:07:54: Inner X Outer Loops Mean Waiting Time= 207.999 +/- 182.573
2023-03-07 Tuesday 10:07:54: Inner X Outer Loops Mean Avg Speed= 0.330 +/- 0.065
2023-03-07 Tuesday 10:07:54: Inner X Outer Loops Mean Avg Speed 2= 6.128 +/- 1.181
2023-03-07 Tuesday 10:07:54: Inner X Outer Loops Mean Avg Speed Cross Check= 7.447 +/- 0.912
2023-03-07 Tuesday 10:07:54: ****************************************
2023-03-07 Tuesday 10:07:54: Calculation 2 - Per Episode
2023-03-07 Tuesday 10:07:54: ****************************************
2023-03-07 Tuesday 10:07:54: Episode:0 Mean Reward= -0.000 +/- 0.914
2023-03-07 Tuesday 10:07:54: Episode:1 Mean Reward= -0.000 +/- 0.846
2023-03-07 Tuesday 10:07:54: Episode:2 Mean Reward= -0.000 +/- 0.889
2023-03-07 Tuesday 10:07:54: Episode:3 Mean Reward= -0.000 +/- 0.832
2023-03-07 Tuesday 10:07:54: Episode:4 Mean Reward= -0.000 +/- 0.827
2023-03-07 Tuesday 10:07:54: 1-Total Mean Reward= -0.000 +/- 0.000
2023-03-07 Tuesday 10:07:54: 2-Total Mean Reward= -0.000 +/- 0.862
2023-03-07 Tuesday 10:07:54: ****
2023-03-07 Tuesday 10:07:54: Episode:0 Mean Stopped= 9.604 +/- 4.022
2023-03-07 Tuesday 10:07:54: Episode:1 Mean Stopped= 8.706 +/- 3.044
2023-03-07 Tuesday 10:07:54: Episode:2 Mean Stopped= 9.678 +/- 3.594
2023-03-07 Tuesday 10:07:54: Episode:3 Mean Stopped= 8.975 +/- 3.520
2023-03-07 Tuesday 10:07:54: Episode:4 Mean Stopped= 8.955 +/- 3.219
2023-03-07 Tuesday 10:07:54: 1-Total Mean Stopped= 9.184 +/- 0.386
2023-03-07 Tuesday 10:07:54: 2-Total Mean Stopped= 9.184 +/- 3.480
2023-03-07 Tuesday 10:07:54: ****
2023-03-07 Tuesday 10:07:54: Episode:0 Mean Stopped Cross Check= 9.618 +/- 4.024
2023-03-07 Tuesday 10:07:54: Episode:1 Mean Stopped Cross Check= 8.719 +/- 3.044
2023-03-07 Tuesday 10:07:54: Episode:2 Mean Stopped Cross Check= 9.696 +/- 3.596
2023-03-07 Tuesday 10:07:54: Episode:3 Mean Stopped Cross Check= 8.991 +/- 3.521
2023-03-07 Tuesday 10:07:54: Episode:4 Mean Stopped Cross Check= 8.974 +/- 3.219
2023-03-07 Tuesday 10:07:54: 1-Total Mean Stopped Cross Check= 9.200 +/- 0.386
2023-03-07 Tuesday 10:07:54: 2-Total Mean Stopped Cross Check= 9.200 +/- 3.481
2023-03-07 Tuesday 10:07:54: ****
2023-03-07 Tuesday 10:07:54: Episode:0 Mean Waiting Time= 231.041 +/- 243.450
2023-03-07 Tuesday 10:07:54: Episode:1 Mean Waiting Time= 198.204 +/- 162.423
2023-03-07 Tuesday 10:07:54: Episode:2 Mean Waiting Time= 221.513 +/- 177.927
2023-03-07 Tuesday 10:07:54: Episode:3 Mean Waiting Time= 196.502 +/- 162.815
2023-03-07 Tuesday 10:07:54: Episode:4 Mean Waiting Time= 192.734 +/- 147.223
2023-03-07 Tuesday 10:07:54: 1-Total Mean Waiting Time= 207.999 +/- 15.328
2023-03-07 Tuesday 10:07:54: 2-Total Mean Waiting Time= 207.999 +/- 178.768
2023-03-07 Tuesday 10:07:54: Episode:0 Mean Avg Speed= 0.324 +/- 0.067
2023-03-07 Tuesday 10:07:54: Episode:1 Mean Avg Speed= 0.337 +/- 0.062
2023-03-07 Tuesday 10:07:54: Episode:2 Mean Avg Speed= 0.321 +/- 0.065
2023-03-07 Tuesday 10:07:54: Episode:3 Mean Avg Speed= 0.334 +/- 0.066
2023-03-07 Tuesday 10:07:54: Episode:4 Mean Avg Speed= 0.333 +/- 0.064
2023-03-07 Tuesday 10:07:54: 1-Total Mean Avg Speed= 0.330 +/- 0.006
2023-03-07 Tuesday 10:07:54: 2-Total Mean Avg Speed= 0.330 +/- 0.065
2023-03-07 Tuesday 10:07:54: Episode:0 Mean Avg Speed 2= 6.037 +/- 1.217
2023-03-07 Tuesday 10:07:54: Episode:1 Mean Avg Speed 2= 6.257 +/- 1.124
2023-03-07 Tuesday 10:07:54: Episode:2 Mean Avg Speed 2= 5.967 +/- 1.175
2023-03-07 Tuesday 10:07:54: Episode:3 Mean Avg Speed 2= 6.202 +/- 1.195
2023-03-07 Tuesday 10:07:54: Episode:4 Mean Avg Speed 2= 6.177 +/- 1.166
2023-03-07 Tuesday 10:07:54: 1-Total Mean Avg Speed 2= 6.128 +/- 0.108
2023-03-07 Tuesday 10:07:54: 2-Total Mean Avg Speed 2= 6.128 +/- 1.175
2023-03-07 Tuesday 10:07:54: Episode:0 Mean Avg Speed Cross Check= 7.376 +/- 0.960
2023-03-07 Tuesday 10:07:54: Episode:1 Mean Avg Speed Cross Check= 7.553 +/- 0.857
2023-03-07 Tuesday 10:07:54: Episode:2 Mean Avg Speed Cross Check= 7.319 +/- 0.920
2023-03-07 Tuesday 10:07:54: Episode:3 Mean Avg Speed Cross Check= 7.501 +/- 0.914
2023-03-07 Tuesday 10:07:54: Episode:4 Mean Avg Speed Cross Check= 7.484 +/- 0.884
2023-03-07 Tuesday 10:07:54: 1-Total Mean Avg Speed Cross Check= 7.447 +/- 0.086
2023-03-07 Tuesday 10:07:54: 2-Total Mean Avg Speed Cross Check= 7.447 +/- 0.907
2023-03-07 Tuesday 10:07:54: ****************************************
