2023-03-07 Tuesday 05:39:06: Run: 3 for Training experiment: DoE-19 - first seed: 370 - alpha: 0.3 - gamma: 0.8 - epsilon: 0.2 - reward: diff-waiting-time
2023-03-07 Tuesday 05:44:22: Run: 1 - First Epsilon: 0.2 - Last Epsilon: 0.2
2023-03-07 Tuesday 05:49:36: Run: 2 - First Epsilon: 0.2 - Last Epsilon: 0.2
2023-03-07 Tuesday 05:55:01: Run: 3 - First Epsilon: 0.2 - Last Epsilon: 0.2
2023-03-07 Tuesday 06:00:26: Run: 4 - First Epsilon: 0.2 - Last Epsilon: 0.2
2023-03-07 Tuesday 06:05:38: Run: 5 - First Epsilon: 0.2 - Last Epsilon: 0.2
2023-03-07 Tuesday 06:05:38: Q-Table Total Distinct States: 265
2023-03-07 Tuesday 06:05:38: Mean_reward=-1.04 +/- 0.77
2023-03-07 Tuesday 06:05:38: Mean_Stopped=70718.60 +/- 3661.58
2023-03-07 Tuesday 06:05:38: Mean_Stopped=70826.40 +/- 3682.50
2023-03-07 Tuesday 06:05:38: Mean_waiting_time=1426587.40 +/- 168353.68
2023-03-07 Tuesday 06:05:38: Mean_avg_speed=3688.82 +/- 61.94
2023-03-07 Tuesday 06:05:38: Mean_avg_speed_2=68544.70 +/- 1100.96
2023-03-07 Tuesday 06:05:38: Mean_avg_speed_cross_check=79907.82 +/- 838.86
2023-03-07 Tuesday 06:05:38: ****************************************
2023-03-07 Tuesday 06:05:38: Calculation 1 - Overall 
2023-03-07 Tuesday 06:05:38: ****************************************
2023-03-07 Tuesday 06:05:38: Inner X Outer Loops Mean Reward= -0.000 +/- 0.713
2023-03-07 Tuesday 06:05:38: Inner X Outer Loops Mean Stopped= 7.071 +/- 2.507
2023-03-07 Tuesday 06:05:38: Inner X Outer Loops Mean Stopped Cross Check= 7.082 +/- 2.508
2023-03-07 Tuesday 06:05:38: Inner X Outer Loops Mean Waiting Time= 142.644 +/- 142.438
2023-03-07 Tuesday 06:05:38: Inner X Outer Loops Mean Avg Speed= 0.369 +/- 0.063
2023-03-07 Tuesday 06:05:38: Inner X Outer Loops Mean Avg Speed 2= 6.854 +/- 1.137
2023-03-07 Tuesday 06:05:38: Inner X Outer Loops Mean Avg Speed Cross Check= 7.990 +/- 0.807
2023-03-07 Tuesday 06:05:38: ****************************************
2023-03-07 Tuesday 06:05:38: Calculation 2 - Per Episode
2023-03-07 Tuesday 06:05:38: ****************************************
2023-03-07 Tuesday 06:05:38: Episode:0 Mean Reward= -0.000 +/- 0.782
2023-03-07 Tuesday 06:05:38: Episode:1 Mean Reward= -0.000 +/- 0.746
2023-03-07 Tuesday 06:05:38: Episode:2 Mean Reward= -0.000 +/- 0.675
2023-03-07 Tuesday 06:05:38: Episode:3 Mean Reward= 0.000 +/- 0.665
2023-03-07 Tuesday 06:05:38: Episode:4 Mean Reward= -0.000 +/- 0.689
2023-03-07 Tuesday 06:05:38: 1-Total Mean Reward= -0.000 +/- 0.000
2023-03-07 Tuesday 06:05:38: 2-Total Mean Reward= -0.000 +/- 0.711
2023-03-07 Tuesday 06:05:38: ****
2023-03-07 Tuesday 06:05:38: Episode:0 Mean Stopped= 7.723 +/- 3.448
2023-03-07 Tuesday 06:05:38: Episode:1 Mean Stopped= 7.168 +/- 2.407
2023-03-07 Tuesday 06:05:38: Episode:2 Mean Stopped= 6.771 +/- 2.011
2023-03-07 Tuesday 06:05:38: Episode:3 Mean Stopped= 6.696 +/- 2.014
2023-03-07 Tuesday 06:05:38: Episode:4 Mean Stopped= 6.999 +/- 2.228
2023-03-07 Tuesday 06:05:38: 1-Total Mean Stopped= 7.071 +/- 0.366
2023-03-07 Tuesday 06:05:38: 2-Total Mean Stopped= 7.071 +/- 2.422
2023-03-07 Tuesday 06:05:38: ****
2023-03-07 Tuesday 06:05:38: Episode:0 Mean Stopped Cross Check= 7.736 +/- 3.448
2023-03-07 Tuesday 06:05:38: Episode:1 Mean Stopped Cross Check= 7.180 +/- 2.410
2023-03-07 Tuesday 06:05:38: Episode:2 Mean Stopped Cross Check= 6.781 +/- 2.011
2023-03-07 Tuesday 06:05:38: Episode:3 Mean Stopped Cross Check= 6.702 +/- 2.015
2023-03-07 Tuesday 06:05:38: Episode:4 Mean Stopped Cross Check= 7.010 +/- 2.229
2023-03-07 Tuesday 06:05:38: 1-Total Mean Stopped Cross Check= 7.082 +/- 0.368
2023-03-07 Tuesday 06:05:38: 2-Total Mean Stopped Cross Check= 7.082 +/- 2.423
2023-03-07 Tuesday 06:05:38: ****
2023-03-07 Tuesday 06:05:38: Episode:0 Mean Waiting Time= 170.238 +/- 197.338
2023-03-07 Tuesday 06:05:38: Episode:1 Mean Waiting Time= 153.301 +/- 161.736
2023-03-07 Tuesday 06:05:38: Episode:2 Mean Waiting Time= 129.567 +/- 105.498
2023-03-07 Tuesday 06:05:38: Episode:3 Mean Waiting Time= 124.859 +/- 105.021
2023-03-07 Tuesday 06:05:38: Episode:4 Mean Waiting Time= 135.258 +/- 112.984
2023-03-07 Tuesday 06:05:38: 1-Total Mean Waiting Time= 142.644 +/- 16.834
2023-03-07 Tuesday 06:05:38: 2-Total Mean Waiting Time= 142.644 +/- 136.515
2023-03-07 Tuesday 06:05:38: Episode:0 Mean Avg Speed= 0.358 +/- 0.071
2023-03-07 Tuesday 06:05:38: Episode:1 Mean Avg Speed= 0.367 +/- 0.062
2023-03-07 Tuesday 06:05:38: Episode:2 Mean Avg Speed= 0.374 +/- 0.059
2023-03-07 Tuesday 06:05:38: Episode:3 Mean Avg Speed= 0.376 +/- 0.059
2023-03-07 Tuesday 06:05:38: Episode:4 Mean Avg Speed= 0.370 +/- 0.061
2023-03-07 Tuesday 06:05:38: 1-Total Mean Avg Speed= 0.369 +/- 0.006
2023-03-07 Tuesday 06:05:38: 2-Total Mean Avg Speed= 0.369 +/- 0.062
2023-03-07 Tuesday 06:05:38: Episode:0 Mean Avg Speed 2= 6.670 +/- 1.285
2023-03-07 Tuesday 06:05:38: Episode:1 Mean Avg Speed 2= 6.810 +/- 1.128
2023-03-07 Tuesday 06:05:38: Episode:2 Mean Avg Speed 2= 6.947 +/- 1.061
2023-03-07 Tuesday 06:05:38: Episode:3 Mean Avg Speed 2= 6.982 +/- 1.068
2023-03-07 Tuesday 06:05:38: Episode:4 Mean Avg Speed 2= 6.860 +/- 1.099
2023-03-07 Tuesday 06:05:38: 1-Total Mean Avg Speed 2= 6.854 +/- 0.110
2023-03-07 Tuesday 06:05:38: 2-Total Mean Avg Speed 2= 6.854 +/- 1.128
2023-03-07 Tuesday 06:05:38: Episode:0 Mean Avg Speed Cross Check= 7.848 +/- 0.944
2023-03-07 Tuesday 06:05:38: Episode:1 Mean Avg Speed Cross Check= 7.962 +/- 0.802
2023-03-07 Tuesday 06:05:38: Episode:2 Mean Avg Speed Cross Check= 8.064 +/- 0.738
2023-03-07 Tuesday 06:05:38: Episode:3 Mean Avg Speed Cross Check= 8.083 +/- 0.737
2023-03-07 Tuesday 06:05:38: Episode:4 Mean Avg Speed Cross Check= 7.993 +/- 0.771
2023-03-07 Tuesday 06:05:38: 1-Total Mean Avg Speed Cross Check= 7.990 +/- 0.084
2023-03-07 Tuesday 06:05:38: 2-Total Mean Avg Speed Cross Check= 7.990 +/- 0.798
2023-03-07 Tuesday 06:05:38: ****************************************
