2023-03-08 Wednesday 13:48:48: Run: 3 for Training experiment: DoE-45 - first seed: 370 - alpha: 0.5 - gamma: 0.9 - epsilon: 0.3 - reward: diff-waiting-time
2023-03-08 Wednesday 13:58:50: Run: 1 - First Epsilon: 0.3 - Last Epsilon: 0.3
2023-03-08 Wednesday 14:04:25: Run: 2 - First Epsilon: 0.3 - Last Epsilon: 0.3
2023-03-08 Wednesday 14:10:03: Run: 3 - First Epsilon: 0.3 - Last Epsilon: 0.3
2023-03-08 Wednesday 14:15:36: Run: 4 - First Epsilon: 0.3 - Last Epsilon: 0.3
2023-03-08 Wednesday 14:21:11: Run: 5 - First Epsilon: 0.3 - Last Epsilon: 0.3
2023-03-08 Wednesday 14:21:11: Q-Table Total Distinct States: 1070
2023-03-08 Wednesday 14:21:11: Mean_reward=-0.94 +/- 0.26
2023-03-08 Wednesday 14:21:11: Mean_Stopped=132518.20 +/- 104952.60
2023-03-08 Wednesday 14:21:11: Mean_Stopped=132680.00 +/- 104966.77
2023-03-08 Wednesday 14:21:11: Mean_waiting_time=3891063.60 +/- 4099540.79
2023-03-08 Wednesday 14:21:11: Mean_avg_speed=3234.35 +/- 519.83
2023-03-08 Wednesday 14:21:11: Mean_avg_speed_2=60085.68 +/- 9613.13
2023-03-08 Wednesday 14:21:11: Mean_avg_speed_cross_check=72429.32 +/- 9598.07
2023-03-08 Wednesday 14:21:11: ****************************************
2023-03-08 Wednesday 14:21:11: Calculation 1 - Overall 
2023-03-08 Wednesday 14:21:11: ****************************************
2023-03-08 Wednesday 14:21:11: Inner X Outer Loops Mean Reward= -0.000 +/- 1.103
2023-03-08 Wednesday 14:21:11: Inner X Outer Loops Mean Stopped= 13.250 +/- 17.306
2023-03-08 Wednesday 14:21:11: Inner X Outer Loops Mean Stopped Cross Check= 13.267 +/- 17.307
2023-03-08 Wednesday 14:21:11: Inner X Outer Loops Mean Waiting Time= 389.067 +/- 802.543
2023-03-08 Wednesday 14:21:11: Inner X Outer Loops Mean Avg Speed= 0.323 +/- 0.096
2023-03-08 Wednesday 14:21:11: Inner X Outer Loops Mean Avg Speed 2= 6.008 +/- 1.762
2023-03-08 Wednesday 14:21:11: Inner X Outer Loops Mean Avg Speed Cross Check= 7.242 +/- 1.639
2023-03-08 Wednesday 14:21:11: ****************************************
2023-03-08 Wednesday 14:21:11: Calculation 2 - Per Episode
2023-03-08 Wednesday 14:21:11: ****************************************
2023-03-08 Wednesday 14:21:11: Episode:0 Mean Reward= -0.000 +/- 1.849
2023-03-08 Wednesday 14:21:11: Episode:1 Mean Reward= -0.000 +/- 0.862
2023-03-08 Wednesday 14:21:11: Episode:2 Mean Reward= -0.000 +/- 0.805
2023-03-08 Wednesday 14:21:11: Episode:3 Mean Reward= -0.000 +/- 0.801
2023-03-08 Wednesday 14:21:11: Episode:4 Mean Reward= -0.000 +/- 0.791
2023-03-08 Wednesday 14:21:11: 1-Total Mean Reward= -0.000 +/- 0.000
2023-03-08 Wednesday 14:21:11: 2-Total Mean Reward= -0.000 +/- 1.022
2023-03-08 Wednesday 14:21:11: ****
2023-03-08 Wednesday 14:21:11: Episode:0 Mean Stopped= 34.237 +/- 30.302
2023-03-08 Wednesday 14:21:11: Episode:1 Mean Stopped= 8.113 +/- 2.685
2023-03-08 Wednesday 14:21:11: Episode:2 Mean Stopped= 8.182 +/- 2.874
2023-03-08 Wednesday 14:21:11: Episode:3 Mean Stopped= 7.784 +/- 2.599
2023-03-08 Wednesday 14:21:11: Episode:4 Mean Stopped= 7.937 +/- 2.529
2023-03-08 Wednesday 14:21:11: 1-Total Mean Stopped= 13.250 +/- 10.494
2023-03-08 Wednesday 14:21:11: 2-Total Mean Stopped= 13.250 +/- 8.198
2023-03-08 Wednesday 14:21:11: ****
2023-03-08 Wednesday 14:21:11: Episode:0 Mean Stopped Cross Check= 34.256 +/- 30.303
2023-03-08 Wednesday 14:21:11: Episode:1 Mean Stopped Cross Check= 8.127 +/- 2.687
2023-03-08 Wednesday 14:21:11: Episode:2 Mean Stopped Cross Check= 8.199 +/- 2.875
2023-03-08 Wednesday 14:21:11: Episode:3 Mean Stopped Cross Check= 7.799 +/- 2.597
2023-03-08 Wednesday 14:21:11: Episode:4 Mean Stopped Cross Check= 7.952 +/- 2.530
2023-03-08 Wednesday 14:21:11: 1-Total Mean Stopped Cross Check= 13.267 +/- 10.496
2023-03-08 Wednesday 14:21:11: 2-Total Mean Stopped Cross Check= 13.267 +/- 8.199
2023-03-08 Wednesday 14:21:11: ****
2023-03-08 Wednesday 14:21:11: Episode:0 Mean Waiting Time= 1208.683 +/- 1506.447
2023-03-08 Wednesday 14:21:11: Episode:1 Mean Waiting Time= 201.467 +/- 199.229
2023-03-08 Wednesday 14:21:11: Episode:2 Mean Waiting Time= 182.886 +/- 154.215
2023-03-08 Wednesday 14:21:11: Episode:3 Mean Waiting Time= 177.177 +/- 171.134
2023-03-08 Wednesday 14:21:11: Episode:4 Mean Waiting Time= 175.124 +/- 134.506
2023-03-08 Wednesday 14:21:11: 1-Total Mean Waiting Time= 389.067 +/- 409.913
2023-03-08 Wednesday 14:21:11: 2-Total Mean Waiting Time= 389.067 +/- 433.106
2023-03-08 Wednesday 14:21:11: Episode:0 Mean Avg Speed= 0.220 +/- 0.131
2023-03-08 Wednesday 14:21:11: Episode:1 Mean Avg Speed= 0.347 +/- 0.062
2023-03-08 Wednesday 14:21:11: Episode:2 Mean Avg Speed= 0.346 +/- 0.064
2023-03-08 Wednesday 14:21:11: Episode:3 Mean Avg Speed= 0.354 +/- 0.061
2023-03-08 Wednesday 14:21:11: Episode:4 Mean Avg Speed= 0.351 +/- 0.061
2023-03-08 Wednesday 14:21:11: 1-Total Mean Avg Speed= 0.323 +/- 0.052
2023-03-08 Wednesday 14:21:11: 2-Total Mean Avg Speed= 0.323 +/- 0.076
2023-03-08 Wednesday 14:21:11: Episode:0 Mean Avg Speed 2= 4.088 +/- 2.431
2023-03-08 Wednesday 14:21:11: Episode:1 Mean Avg Speed 2= 6.450 +/- 1.112
2023-03-08 Wednesday 14:21:11: Episode:2 Mean Avg Speed 2= 6.428 +/- 1.158
2023-03-08 Wednesday 14:21:11: Episode:3 Mean Avg Speed 2= 6.568 +/- 1.103
2023-03-08 Wednesday 14:21:11: Episode:4 Mean Avg Speed 2= 6.506 +/- 1.099
2023-03-08 Wednesday 14:21:11: 1-Total Mean Avg Speed 2= 6.008 +/- 0.961
2023-03-08 Wednesday 14:21:11: 2-Total Mean Avg Speed 2= 6.008 +/- 1.381
2023-03-08 Wednesday 14:21:11: Episode:0 Mean Avg Speed Cross Check= 5.324 +/- 2.476
2023-03-08 Wednesday 14:21:11: Episode:1 Mean Avg Speed Cross Check= 7.693 +/- 0.819
2023-03-08 Wednesday 14:21:11: Episode:2 Mean Avg Speed Cross Check= 7.676 +/- 0.856
2023-03-08 Wednesday 14:21:11: Episode:3 Mean Avg Speed Cross Check= 7.780 +/- 0.801
2023-03-08 Wednesday 14:21:11: Episode:4 Mean Avg Speed Cross Check= 7.737 +/- 0.805
2023-03-08 Wednesday 14:21:11: 1-Total Mean Avg Speed Cross Check= 7.242 +/- 0.960
2023-03-08 Wednesday 14:21:11: 2-Total Mean Avg Speed Cross Check= 7.242 +/- 1.151
2023-03-08 Wednesday 14:21:11: ****************************************
