2023-03-03 Friday 12:57:38: Run: 2 for Training experiment: DoE-15 - first seed: 270 - alpha: 0.1 - gamma: 0.99 - epsilon: 0.3 - reward: diff-waiting-time
2023-03-03 Friday 13:02:53: Run: 1 - First Epsilon: 0.3 - Last Epsilon: 0.3
2023-03-03 Friday 13:08:04: Run: 2 - First Epsilon: 0.3 - Last Epsilon: 0.3
2023-03-03 Friday 13:13:34: Run: 3 - First Epsilon: 0.3 - Last Epsilon: 0.3
2023-03-03 Friday 13:19:05: Run: 4 - First Epsilon: 0.3 - Last Epsilon: 0.3
2023-03-03 Friday 13:24:32: Run: 5 - First Epsilon: 0.3 - Last Epsilon: 0.3
2023-03-03 Friday 13:24:32: Q-Table Total Distinct States: 273
2023-03-03 Friday 13:24:32: Mean_reward=-0.91 +/- 0.53
2023-03-03 Friday 13:24:32: Mean_Stopped=75196.20 +/- 2479.83
2023-03-03 Friday 13:24:32: Mean_Stopped=75331.60 +/- 2472.19
2023-03-03 Friday 13:24:32: Mean_waiting_time=1593047.80 +/- 69484.89
2023-03-03 Friday 13:24:32: Mean_avg_speed=3593.34 +/- 35.47
2023-03-03 Friday 13:24:32: Mean_avg_speed_2=66799.34 +/- 642.58
2023-03-03 Friday 13:24:32: Mean_avg_speed_cross_check=78667.72 +/- 501.69
2023-03-03 Friday 13:24:32: ****************************************
2023-03-03 Friday 13:24:32: Calculation 1 - Overall 
2023-03-03 Friday 13:24:32: ****************************************
2023-03-03 Friday 13:24:32: Inner X Outer Loops Mean Reward= -0.000 +/- 0.755
2023-03-03 Friday 13:24:32: Inner X Outer Loops Mean Stopped= 7.519 +/- 2.677
2023-03-03 Friday 13:24:32: Inner X Outer Loops Mean Stopped Cross Check= 7.532 +/- 2.677
2023-03-03 Friday 13:24:32: Inner X Outer Loops Mean Waiting Time= 159.289 +/- 144.799
2023-03-03 Friday 13:24:32: Inner X Outer Loops Mean Avg Speed= 0.359 +/- 0.062
2023-03-03 Friday 13:24:32: Inner X Outer Loops Mean Avg Speed 2= 6.679 +/- 1.129
2023-03-03 Friday 13:24:32: Inner X Outer Loops Mean Avg Speed Cross Check= 7.866 +/- 0.820
2023-03-03 Friday 13:24:32: ****************************************
2023-03-03 Friday 13:24:32: Calculation 2 - Per Episode
2023-03-03 Friday 13:24:32: ****************************************
2023-03-03 Friday 13:24:32: Episode:0 Mean Reward= -0.000 +/- 0.778
2023-03-03 Friday 13:24:32: Episode:1 Mean Reward= -0.000 +/- 0.748
2023-03-03 Friday 13:24:32: Episode:2 Mean Reward= -0.000 +/- 0.739
2023-03-03 Friday 13:24:32: Episode:3 Mean Reward= -0.000 +/- 0.770
2023-03-03 Friday 13:24:32: Episode:4 Mean Reward= -0.000 +/- 0.741
2023-03-03 Friday 13:24:32: 1-Total Mean Reward= -0.000 +/- 0.000
2023-03-03 Friday 13:24:32: 2-Total Mean Reward= -0.000 +/- 0.755
2023-03-03 Friday 13:24:32: ****
2023-03-03 Friday 13:24:32: Episode:0 Mean Stopped= 7.994 +/- 3.543
2023-03-03 Friday 13:24:32: Episode:1 Mean Stopped= 7.422 +/- 2.411
2023-03-03 Friday 13:24:32: Episode:2 Mean Stopped= 7.499 +/- 2.391
2023-03-03 Friday 13:24:32: Episode:3 Mean Stopped= 7.401 +/- 2.429
2023-03-03 Friday 13:24:32: Episode:4 Mean Stopped= 7.277 +/- 2.354
2023-03-03 Friday 13:24:32: 1-Total Mean Stopped= 7.519 +/- 0.248
2023-03-03 Friday 13:24:32: 2-Total Mean Stopped= 7.519 +/- 2.626
2023-03-03 Friday 13:24:32: ****
2023-03-03 Friday 13:24:32: Episode:0 Mean Stopped Cross Check= 8.005 +/- 3.542
2023-03-03 Friday 13:24:32: Episode:1 Mean Stopped Cross Check= 7.435 +/- 2.413
2023-03-03 Friday 13:24:32: Episode:2 Mean Stopped Cross Check= 7.516 +/- 2.390
2023-03-03 Friday 13:24:32: Episode:3 Mean Stopped Cross Check= 7.416 +/- 2.429
2023-03-03 Friday 13:24:32: Episode:4 Mean Stopped Cross Check= 7.290 +/- 2.355
2023-03-03 Friday 13:24:32: 1-Total Mean Stopped Cross Check= 7.532 +/- 0.247
2023-03-03 Friday 13:24:32: 2-Total Mean Stopped Cross Check= 7.532 +/- 2.626
2023-03-03 Friday 13:24:32: ****
2023-03-03 Friday 13:24:32: Episode:0 Mean Waiting Time= 169.689 +/- 170.582
2023-03-03 Friday 13:24:32: Episode:1 Mean Waiting Time= 155.555 +/- 144.949
2023-03-03 Friday 13:24:32: Episode:2 Mean Waiting Time= 153.847 +/- 119.624
2023-03-03 Friday 13:24:32: Episode:3 Mean Waiting Time= 165.344 +/- 150.971
2023-03-03 Friday 13:24:32: Episode:4 Mean Waiting Time= 152.010 +/- 131.840
2023-03-03 Friday 13:24:32: 1-Total Mean Waiting Time= 159.289 +/- 6.948
2023-03-03 Friday 13:24:32: 2-Total Mean Waiting Time= 159.289 +/- 143.593
2023-03-03 Friday 13:24:32: Episode:0 Mean Avg Speed= 0.353 +/- 0.068
2023-03-03 Friday 13:24:32: Episode:1 Mean Avg Speed= 0.361 +/- 0.061
2023-03-03 Friday 13:24:32: Episode:2 Mean Avg Speed= 0.358 +/- 0.060
2023-03-03 Friday 13:24:32: Episode:3 Mean Avg Speed= 0.361 +/- 0.060
2023-03-03 Friday 13:24:32: Episode:4 Mean Avg Speed= 0.364 +/- 0.061
2023-03-03 Friday 13:24:32: 1-Total Mean Avg Speed= 0.359 +/- 0.004
2023-03-03 Friday 13:24:32: 2-Total Mean Avg Speed= 0.359 +/- 0.062
2023-03-03 Friday 13:24:32: Episode:0 Mean Avg Speed 2= 6.569 +/- 1.249
2023-03-03 Friday 13:24:32: Episode:1 Mean Avg Speed 2= 6.704 +/- 1.108
2023-03-03 Friday 13:24:32: Episode:2 Mean Avg Speed 2= 6.657 +/- 1.082
2023-03-03 Friday 13:24:32: Episode:3 Mean Avg Speed 2= 6.706 +/- 1.087
2023-03-03 Friday 13:24:32: Episode:4 Mean Avg Speed 2= 6.761 +/- 1.103
2023-03-03 Friday 13:24:32: 1-Total Mean Avg Speed 2= 6.679 +/- 0.064
2023-03-03 Friday 13:24:32: 2-Total Mean Avg Speed 2= 6.679 +/- 1.126
2023-03-03 Friday 13:24:32: Episode:0 Mean Avg Speed Cross Check= 7.780 +/- 0.934
2023-03-03 Friday 13:24:32: Episode:1 Mean Avg Speed Cross Check= 7.890 +/- 0.795
2023-03-03 Friday 13:24:32: Episode:2 Mean Avg Speed Cross Check= 7.847 +/- 0.781
2023-03-03 Friday 13:24:32: Episode:3 Mean Avg Speed Cross Check= 7.886 +/- 0.785
2023-03-03 Friday 13:24:32: Episode:4 Mean Avg Speed Cross Check= 7.928 +/- 0.789
2023-03-03 Friday 13:24:32: 1-Total Mean Avg Speed Cross Check= 7.866 +/- 0.050
2023-03-03 Friday 13:24:32: 2-Total Mean Avg Speed Cross Check= 7.866 +/- 0.817
2023-03-03 Friday 13:24:32: ****************************************
