2023-04-11 Tuesday 16:40:39 root:INFO:Run: 4 for Baseline experiment: DE-1 - route: ../nets/roundabout/input_routes_roundabout_auto_v1-1.rou.xml - first seed: 480 - alpha: 0.5 - gamma: 0.99 - epsilon: 0.2 - reward: diff-waiting-time
2023-04-11 Tuesday 17:28:04 root:INFO:Total Missing States: 0
2023-04-11 Tuesday 17:28:04 root:INFO:Mean Reward=-1439623.00 +/- 0.00
2023-04-11 Tuesday 17:28:04 root:INFO:Mean Stopped=1439623.00 +/- 0.00
2023-04-11 Tuesday 17:28:04 root:INFO:Mean_Stopped=1439632.00 +/- 0.00
2023-04-11 Tuesday 17:28:04 root:INFO:Mean Waiting Time=32387521.00 +/- 0.00
2023-04-11 Tuesday 17:28:04 root:INFO:Mean_avg_speed=381.80 +/- 0.00
2023-04-11 Tuesday 17:28:04 root:INFO:Mean_avg_speed_2=7097.24 +/- 0.00
2023-04-11 Tuesday 17:28:04 root:INFO:Mean_avg_speed_cross_check=12652.79 +/- 0.00
2023-04-11 Tuesday 17:28:04 root:INFO:****************************************
2023-04-11 Tuesday 17:28:04 root:INFO:Calculation 1 - Overall 
2023-04-11 Tuesday 17:28:04 root:INFO:****************************************
2023-04-11 Tuesday 17:28:04 root:INFO:Inner X Outer Loops Mean Reward=-143.948 +/- 24.820
2023-04-11 Tuesday 17:28:04 root:INFO:Inner X Outer Loops Mean Stopped= 143.948 +/- 24.820
2023-04-11 Tuesday 17:28:04 root:INFO:Inner X Outer Loops Mean Stopped Cross Check= 143.949 +/- 24.820
2023-04-11 Tuesday 17:28:04 root:INFO:Inner X Outer Loops Mean Waiting Time= 3238.428 +/- 587.128
2023-04-11 Tuesday 17:28:04 root:INFO:Inner X Outer Loops Mean Avg Speed= 0.038 +/- 0.034
2023-04-11 Tuesday 17:28:04 root:INFO:Inner X Outer Loops Mean Avg Speed 2= 0.710 +/- 0.626
2023-04-11 Tuesday 17:28:04 root:INFO:Inner X Outer Loops Mean Avg Speed Cross Check= 1.265 +/- 0.716
2023-04-11 Tuesday 17:28:04 root:INFO:****************************************
2023-04-11 Tuesday 17:28:04 root:INFO:Calculation 2 - Per Episode
2023-04-11 Tuesday 17:28:04 root:INFO:****************************************
2023-04-11 Tuesday 17:28:04 root:INFO:Episode:0 Mean Waiting Time=-143.948 +/- 24.820
2023-04-11 Tuesday 17:28:04 root:INFO:1-Total Mean Reward= -143.948 +/- 0.000
2023-04-11 Tuesday 17:28:04 root:INFO:2-Total Mean Reward= -143.948 +/- 24.820
2023-04-11 Tuesday 17:28:04 root:INFO:****
2023-04-11 Tuesday 17:28:04 root:INFO:Episode:0 Mean Stopped= 143.948 +/- 24.820
2023-04-11 Tuesday 17:28:04 root:INFO:1-Total Mean Stopped= 143.948 +/- 0.000
2023-04-11 Tuesday 17:28:04 root:INFO:2-Total Mean Stopped= 143.948 +/- 24.820
2023-04-11 Tuesday 17:28:04 root:INFO:****
2023-04-11 Tuesday 17:28:04 root:INFO:Episode:0 Mean Stopped Cross Check= 143.949 +/- 24.820
2023-04-11 Tuesday 17:28:04 root:INFO:1-Total Mean Stopped Cross Check= 143.949 +/- 0.000
2023-04-11 Tuesday 17:28:04 root:INFO:2-Total Mean Stopped Cross Check= 143.949 +/- 24.820
2023-04-11 Tuesday 17:28:04 root:INFO:****
2023-04-11 Tuesday 17:28:04 root:INFO:Episode:0 Mean Waiting Time= 3238.428 +/- 587.128
2023-04-11 Tuesday 17:28:04 root:INFO:1-Total Mean Waiting Time= 3238.428 +/- 0.000
2023-04-11 Tuesday 17:28:04 root:INFO:2-Total Mean Waiting Time= 3238.428 +/- 587.128
2023-04-11 Tuesday 17:28:04 root:INFO:Episode:0 Mean Avg Speed= 0.038 +/- 0.034
2023-04-11 Tuesday 17:28:04 root:INFO:1-Total Mean Avg Speed= 0.038 +/- 0.000
2023-04-11 Tuesday 17:28:04 root:INFO:2-Total Mean Avg Speed= 0.038 +/- 0.034
2023-04-11 Tuesday 17:28:04 root:INFO:Episode:0 Mean Avg Speed 2= 0.710 +/- 0.626
2023-04-11 Tuesday 17:28:04 root:INFO:1-Total Mean Avg Speed 2= 0.710 +/- 0.000
2023-04-11 Tuesday 17:28:04 root:INFO:2-Total Mean Avg Speed 2= 0.710 +/- 0.626
2023-04-11 Tuesday 17:28:04 root:INFO:Episode:0 Mean Avg Speed Cross Check= 1.265 +/- 0.716
2023-04-11 Tuesday 17:28:04 root:INFO:1-Total Mean Avg Speed Cross Check= 1.265 +/- 0.000
2023-04-11 Tuesday 17:28:04 root:INFO:2-Total Mean Avg Speed Cross Check= 1.265 +/- 0.716
2023-04-11 Tuesday 17:28:04 root:INFO:****************************************
