2023-04-11 Tuesday 15:43:33: Run: 4 for Training experiment: DE-1 - route: ../nets/roundabout/input_routes_roundabout_auto_v1-1.rou.xml - first seed: 470 - alpha: 0.5 - gamma: 0.99 - epsilon: 0.2 - reward: diff-waiting-time
2023-04-11 Tuesday 15:54:24: Run: 1 - First Epsilon: 0.2 - Last Epsilon: 0.2
2023-04-11 Tuesday 16:03:22: Run: 2 - First Epsilon: 0.2 - Last Epsilon: 0.2
2023-04-11 Tuesday 16:12:27: Run: 3 - First Epsilon: 0.2 - Last Epsilon: 0.2
2023-04-11 Tuesday 16:21:59: Run: 4 - First Epsilon: 0.2 - Last Epsilon: 0.2
2023-04-11 Tuesday 16:31:15: Run: 5 - First Epsilon: 0.2 - Last Epsilon: 0.2
2023-04-11 Tuesday 16:31:16: Q-Table Total Distinct States: 543
2023-04-11 Tuesday 16:31:16: Mean_reward=-1.20 +/- 0.50
2023-04-11 Tuesday 16:31:16: Mean_Stopped=88132.80 +/- 25159.80
2023-04-11 Tuesday 16:31:16: Mean_Stopped=88283.60 +/- 25155.63
2023-04-11 Tuesday 16:31:16: Mean_waiting_time=2484416.60 +/- 944586.91
2023-04-11 Tuesday 16:31:16: Mean_avg_speed=3508.24 +/- 176.31
2023-04-11 Tuesday 16:31:16: Mean_avg_speed_2=65174.35 +/- 3265.91
2023-04-11 Tuesday 16:31:16: Mean_avg_speed_cross_check=77093.31 +/- 3059.74
2023-04-11 Tuesday 16:31:16: ****************************************
2023-04-11 Tuesday 16:31:16: Calculation 1 - Overall 
2023-04-11 Tuesday 16:31:16: ****************************************
2023-04-11 Tuesday 16:31:16: Inner X Outer Loops Mean Reward= -0.000 +/- 0.946
2023-04-11 Tuesday 16:31:16: Inner X Outer Loops Mean Stopped= 8.812 +/- 7.302
2023-04-11 Tuesday 16:31:16: Inner X Outer Loops Mean Stopped Cross Check= 8.827 +/- 7.304
2023-04-11 Tuesday 16:31:16: Inner X Outer Loops Mean Waiting Time= 248.417 +/- 373.346
2023-04-11 Tuesday 16:31:16: Inner X Outer Loops Mean Avg Speed= 0.351 +/- 0.075
2023-04-11 Tuesday 16:31:16: Inner X Outer Loops Mean Avg Speed 2= 6.517 +/- 1.380
2023-04-11 Tuesday 16:31:16: Inner X Outer Loops Mean Avg Speed Cross Check= 7.709 +/- 1.124
2023-04-11 Tuesday 16:31:16: ****************************************
2023-04-11 Tuesday 16:31:16: Calculation 2 - Per Episode
2023-04-11 Tuesday 16:31:16: ****************************************
2023-04-11 Tuesday 16:31:16: Episode:0 Mean Reward= -0.000 +/- 1.216
2023-04-11 Tuesday 16:31:16: Episode:1 Mean Reward= -0.000 +/- 0.848
2023-04-11 Tuesday 16:31:16: Episode:2 Mean Reward= -0.000 +/- 0.905
2023-04-11 Tuesday 16:31:16: Episode:3 Mean Reward= -0.000 +/- 0.836
2023-04-11 Tuesday 16:31:16: Episode:4 Mean Reward= -0.000 +/- 0.871
2023-04-11 Tuesday 16:31:16: 1-Total Mean Reward= -0.000 +/- 0.000
2023-04-11 Tuesday 16:31:16: 2-Total Mean Reward= -0.000 +/- 0.935
2023-04-11 Tuesday 16:31:16: ****
2023-04-11 Tuesday 16:31:16: Episode:0 Mean Stopped= 13.804 +/- 14.444
2023-04-11 Tuesday 16:31:16: Episode:1 Mean Stopped= 7.177 +/- 2.238
2023-04-11 Tuesday 16:31:16: Episode:2 Mean Stopped= 7.675 +/- 2.654
2023-04-11 Tuesday 16:31:16: Episode:3 Mean Stopped= 7.317 +/- 2.601
2023-04-11 Tuesday 16:31:16: Episode:4 Mean Stopped= 8.088 +/- 2.738
2023-04-11 Tuesday 16:31:16: 1-Total Mean Stopped= 8.812 +/- 2.516
2023-04-11 Tuesday 16:31:16: 2-Total Mean Stopped= 8.812 +/- 4.935
2023-04-11 Tuesday 16:31:16: ****
2023-04-11 Tuesday 16:31:16: Episode:0 Mean Stopped Cross Check= 13.818 +/- 14.447
2023-04-11 Tuesday 16:31:16: Episode:1 Mean Stopped Cross Check= 7.188 +/- 2.240
2023-04-11 Tuesday 16:31:16: Episode:2 Mean Stopped Cross Check= 7.693 +/- 2.657
2023-04-11 Tuesday 16:31:16: Episode:3 Mean Stopped Cross Check= 7.330 +/- 2.605
2023-04-11 Tuesday 16:31:16: Episode:4 Mean Stopped Cross Check= 8.109 +/- 2.743
2023-04-11 Tuesday 16:31:16: 1-Total Mean Stopped Cross Check= 8.827 +/- 2.515
2023-04-11 Tuesday 16:31:16: 2-Total Mean Stopped Cross Check= 8.827 +/- 4.938
2023-04-11 Tuesday 16:31:16: ****
2023-04-11 Tuesday 16:31:16: Episode:0 Mean Waiting Time= 436.069 +/- 698.061
2023-04-11 Tuesday 16:31:16: Episode:1 Mean Waiting Time= 192.012 +/- 197.222
2023-04-11 Tuesday 16:31:16: Episode:2 Mean Waiting Time= 218.657 +/- 216.084
2023-04-11 Tuesday 16:31:16: Episode:3 Mean Waiting Time= 188.369 +/- 200.875
2023-04-11 Tuesday 16:31:16: Episode:4 Mean Waiting Time= 206.977 +/- 197.744
2023-04-11 Tuesday 16:31:16: 1-Total Mean Waiting Time= 248.417 +/- 94.449
2023-04-11 Tuesday 16:31:16: 2-Total Mean Waiting Time= 248.417 +/- 301.997
2023-04-11 Tuesday 16:31:16: Episode:0 Mean Avg Speed= 0.318 +/- 0.108
2023-04-11 Tuesday 16:31:16: Episode:1 Mean Avg Speed= 0.367 +/- 0.059
2023-04-11 Tuesday 16:31:16: Episode:2 Mean Avg Speed= 0.357 +/- 0.063
2023-04-11 Tuesday 16:31:16: Episode:3 Mean Avg Speed= 0.365 +/- 0.062
2023-04-11 Tuesday 16:31:16: Episode:4 Mean Avg Speed= 0.348 +/- 0.062
2023-04-11 Tuesday 16:31:16: 1-Total Mean Avg Speed= 0.351 +/- 0.018
2023-04-11 Tuesday 16:31:16: 2-Total Mean Avg Speed= 0.351 +/- 0.071
2023-04-11 Tuesday 16:31:16: Episode:0 Mean Avg Speed 2= 5.912 +/- 2.001
2023-04-11 Tuesday 16:31:16: Episode:1 Mean Avg Speed 2= 6.809 +/- 1.071
2023-04-11 Tuesday 16:31:16: Episode:2 Mean Avg Speed 2= 6.635 +/- 1.138
2023-04-11 Tuesday 16:31:16: Episode:3 Mean Avg Speed 2= 6.770 +/- 1.132
2023-04-11 Tuesday 16:31:16: Episode:4 Mean Avg Speed 2= 6.457 +/- 1.125
2023-04-11 Tuesday 16:31:16: 1-Total Mean Avg Speed 2= 6.517 +/- 0.327
2023-04-11 Tuesday 16:31:16: 2-Total Mean Avg Speed 2= 6.517 +/- 1.293
2023-04-11 Tuesday 16:31:16: Episode:0 Mean Avg Speed Cross Check= 7.125 +/- 1.814
2023-04-11 Tuesday 16:31:16: Episode:1 Mean Avg Speed Cross Check= 7.966 +/- 0.751
2023-04-11 Tuesday 16:31:16: Episode:2 Mean Avg Speed Cross Check= 7.829 +/- 0.822
2023-04-11 Tuesday 16:31:16: Episode:3 Mean Avg Speed Cross Check= 7.923 +/- 0.804
2023-04-11 Tuesday 16:31:16: Episode:4 Mean Avg Speed Cross Check= 7.700 +/- 0.819
2023-04-11 Tuesday 16:31:16: 1-Total Mean Avg Speed Cross Check= 7.709 +/- 0.306
2023-04-11 Tuesday 16:31:16: 2-Total Mean Avg Speed Cross Check= 7.709 +/- 1.002
2023-04-11 Tuesday 16:31:16: ****************************************
