2023-03-04 Saturday 13:59:29: Run: 2 for Training experiment: DoE-25 - first seed: 270 - alpha: 0.3 - gamma: 0.9 - epsilon: 0.2 - reward: diff-waiting-time
2023-03-04 Saturday 14:05:02: Run: 1 - First Epsilon: 0.2 - Last Epsilon: 0.2
2023-03-04 Saturday 14:10:29: Run: 2 - First Epsilon: 0.2 - Last Epsilon: 0.2
2023-03-04 Saturday 14:16:14: Run: 3 - First Epsilon: 0.2 - Last Epsilon: 0.2
2023-03-04 Saturday 14:21:29: Run: 4 - First Epsilon: 0.2 - Last Epsilon: 0.2
2023-03-04 Saturday 14:27:02: Run: 5 - First Epsilon: 0.2 - Last Epsilon: 0.2
2023-03-04 Saturday 14:27:02: Q-Table Total Distinct States: 386
2023-03-04 Saturday 14:27:02: Mean_reward=-1.38 +/- 1.30
2023-03-04 Saturday 14:27:02: Mean_Stopped=75667.40 +/- 5441.71
2023-03-04 Saturday 14:27:02: Mean_Stopped=75809.20 +/- 5456.90
2023-03-04 Saturday 14:27:02: Mean_waiting_time=1583678.40 +/- 187122.07
2023-03-04 Saturday 14:27:02: Mean_avg_speed=3592.48 +/- 82.76
2023-03-04 Saturday 14:27:02: Mean_avg_speed_2=66792.81 +/- 1537.15
2023-03-04 Saturday 14:27:02: Mean_avg_speed_cross_check=78625.94 +/- 1199.72
2023-03-04 Saturday 14:27:02: ****************************************
2023-03-04 Saturday 14:27:02: Calculation 1 - Overall 
2023-03-04 Saturday 14:27:02: ****************************************
2023-03-04 Saturday 14:27:02: Inner X Outer Loops Mean Reward= -0.000 +/- 0.747
2023-03-04 Saturday 14:27:02: Inner X Outer Loops Mean Stopped= 7.566 +/- 3.180
2023-03-04 Saturday 14:27:02: Inner X Outer Loops Mean Stopped Cross Check= 7.580 +/- 3.182
2023-03-04 Saturday 14:27:02: Inner X Outer Loops Mean Waiting Time= 158.352 +/- 178.739
2023-03-04 Saturday 14:27:02: Inner X Outer Loops Mean Avg Speed= 0.359 +/- 0.064
2023-03-04 Saturday 14:27:02: Inner X Outer Loops Mean Avg Speed 2= 6.679 +/- 1.168
2023-03-04 Saturday 14:27:02: Inner X Outer Loops Mean Avg Speed Cross Check= 7.862 +/- 0.858
2023-03-04 Saturday 14:27:02: ****************************************
2023-03-04 Saturday 14:27:02: Calculation 2 - Per Episode
2023-03-04 Saturday 14:27:02: ****************************************
2023-03-04 Saturday 14:27:02: Episode:0 Mean Reward= -0.000 +/- 0.753
2023-03-04 Saturday 14:27:02: Episode:1 Mean Reward= -0.000 +/- 0.708
2023-03-04 Saturday 14:27:02: Episode:2 Mean Reward= -0.000 +/- 0.824
2023-03-04 Saturday 14:27:02: Episode:3 Mean Reward= -0.000 +/- 0.729
2023-03-04 Saturday 14:27:02: Episode:4 Mean Reward= -0.000 +/- 0.715
2023-03-04 Saturday 14:27:02: 1-Total Mean Reward= -0.000 +/- 0.000
2023-03-04 Saturday 14:27:02: 2-Total Mean Reward= -0.000 +/- 0.746
2023-03-04 Saturday 14:27:02: ****
2023-03-04 Saturday 14:27:02: Episode:0 Mean Stopped= 7.648 +/- 2.477
2023-03-04 Saturday 14:27:02: Episode:1 Mean Stopped= 6.907 +/- 2.267
2023-03-04 Saturday 14:27:02: Episode:2 Mean Stopped= 8.545 +/- 5.006
2023-03-04 Saturday 14:27:02: Episode:3 Mean Stopped= 7.377 +/- 2.490
2023-03-04 Saturday 14:27:02: Episode:4 Mean Stopped= 7.353 +/- 2.561
2023-03-04 Saturday 14:27:02: 1-Total Mean Stopped= 7.566 +/- 0.544
2023-03-04 Saturday 14:27:02: 2-Total Mean Stopped= 7.566 +/- 2.960
2023-03-04 Saturday 14:27:02: ****
2023-03-04 Saturday 14:27:02: Episode:0 Mean Stopped Cross Check= 7.663 +/- 2.476
2023-03-04 Saturday 14:27:02: Episode:1 Mean Stopped Cross Check= 6.919 +/- 2.266
2023-03-04 Saturday 14:27:02: Episode:2 Mean Stopped Cross Check= 8.561 +/- 5.007
2023-03-04 Saturday 14:27:02: Episode:3 Mean Stopped Cross Check= 7.390 +/- 2.494
2023-03-04 Saturday 14:27:02: Episode:4 Mean Stopped Cross Check= 7.367 +/- 2.562
2023-03-04 Saturday 14:27:02: 1-Total Mean Stopped Cross Check= 7.580 +/- 0.546
2023-03-04 Saturday 14:27:02: 2-Total Mean Stopped Cross Check= 7.580 +/- 2.961
2023-03-04 Saturday 14:27:02: ****
2023-03-04 Saturday 14:27:02: Episode:0 Mean Waiting Time= 158.738 +/- 159.232
2023-03-04 Saturday 14:27:02: Episode:1 Mean Waiting Time= 143.456 +/- 143.180
2023-03-04 Saturday 14:27:02: Episode:2 Mean Waiting Time= 194.256 +/- 280.346
2023-03-04 Saturday 14:27:02: Episode:3 Mean Waiting Time= 149.937 +/- 136.226
2023-03-04 Saturday 14:27:02: Episode:4 Mean Waiting Time= 145.374 +/- 122.393
2023-03-04 Saturday 14:27:02: 1-Total Mean Waiting Time= 158.352 +/- 18.710
2023-03-04 Saturday 14:27:02: 2-Total Mean Waiting Time= 158.352 +/- 168.275
2023-03-04 Saturday 14:27:02: Episode:0 Mean Avg Speed= 0.354 +/- 0.059
2023-03-04 Saturday 14:27:02: Episode:1 Mean Avg Speed= 0.372 +/- 0.061
2023-03-04 Saturday 14:27:02: Episode:2 Mean Avg Speed= 0.347 +/- 0.072
2023-03-04 Saturday 14:27:02: Episode:3 Mean Avg Speed= 0.362 +/- 0.062
2023-03-04 Saturday 14:27:02: Episode:4 Mean Avg Speed= 0.362 +/- 0.063
2023-03-04 Saturday 14:27:02: 1-Total Mean Avg Speed= 0.359 +/- 0.008
2023-03-04 Saturday 14:27:02: 2-Total Mean Avg Speed= 0.359 +/- 0.064
2023-03-04 Saturday 14:27:02: Episode:0 Mean Avg Speed 2= 6.592 +/- 1.069
2023-03-04 Saturday 14:27:02: Episode:1 Mean Avg Speed 2= 6.908 +/- 1.114
2023-03-04 Saturday 14:27:02: Episode:2 Mean Avg Speed 2= 6.446 +/- 1.319
2023-03-04 Saturday 14:27:02: Episode:3 Mean Avg Speed 2= 6.718 +/- 1.130
2023-03-04 Saturday 14:27:02: Episode:4 Mean Avg Speed 2= 6.729 +/- 1.139
2023-03-04 Saturday 14:27:02: 1-Total Mean Avg Speed 2= 6.679 +/- 0.154
2023-03-04 Saturday 14:27:02: 2-Total Mean Avg Speed 2= 6.679 +/- 1.154
2023-03-04 Saturday 14:27:02: Episode:0 Mean Avg Speed Cross Check= 7.814 +/- 0.773
2023-03-04 Saturday 14:27:02: Episode:1 Mean Avg Speed Cross Check= 8.031 +/- 0.786
2023-03-04 Saturday 14:27:02: Episode:2 Mean Avg Speed Cross Check= 7.666 +/- 1.032
2023-03-04 Saturday 14:27:02: Episode:3 Mean Avg Speed Cross Check= 7.894 +/- 0.806
2023-03-04 Saturday 14:27:02: Episode:4 Mean Avg Speed Cross Check= 7.904 +/- 0.821
2023-03-04 Saturday 14:27:02: 1-Total Mean Avg Speed Cross Check= 7.862 +/- 0.120
2023-03-04 Saturday 14:27:02: 2-Total Mean Avg Speed Cross Check= 7.862 +/- 0.844
2023-03-04 Saturday 14:27:02: ****************************************
