2023-03-04 Saturday 18:08:27: Run: 2 for Training experiment: DoE-29 - first seed: 270 - alpha: 0.3 - gamma: 0.9 - epsilon: 0.4 - reward: diff-waiting-time
2023-03-04 Saturday 18:14:14: Run: 1 - First Epsilon: 0.4 - Last Epsilon: 0.4
2023-03-04 Saturday 18:20:01: Run: 2 - First Epsilon: 0.4 - Last Epsilon: 0.4
2023-03-04 Saturday 18:25:32: Run: 3 - First Epsilon: 0.4 - Last Epsilon: 0.4
2023-03-04 Saturday 18:31:18: Run: 4 - First Epsilon: 0.4 - Last Epsilon: 0.4
2023-03-04 Saturday 18:37:13: Run: 5 - First Epsilon: 0.4 - Last Epsilon: 0.4
2023-03-04 Saturday 18:37:13: Q-Table Total Distinct States: 438
2023-03-04 Saturday 18:37:14: Mean_reward=-3.43 +/- 3.48
2023-03-04 Saturday 18:37:14: Mean_Stopped=94756.60 +/- 6881.89
2023-03-04 Saturday 18:37:14: Mean_Stopped=94942.60 +/- 6892.47
2023-03-04 Saturday 18:37:14: Mean_waiting_time=2244709.60 +/- 256110.24
2023-03-04 Saturday 18:37:14: Mean_avg_speed=3246.37 +/- 90.38
2023-03-04 Saturday 18:37:14: Mean_avg_speed_2=60352.87 +/- 1639.89
2023-03-04 Saturday 18:37:14: Mean_avg_speed_cross_check=73740.40 +/- 1341.47
2023-03-04 Saturday 18:37:14: ****************************************
2023-03-04 Saturday 18:37:14: Calculation 1 - Overall 
2023-03-04 Saturday 18:37:14: ****************************************
2023-03-04 Saturday 18:37:14: Inner X Outer Loops Mean Reward= -0.000 +/- 0.899
2023-03-04 Saturday 18:37:14: Inner X Outer Loops Mean Stopped= 9.475 +/- 3.626
2023-03-04 Saturday 18:37:14: Inner X Outer Loops Mean Stopped Cross Check= 9.493 +/- 3.628
2023-03-04 Saturday 18:37:14: Inner X Outer Loops Mean Waiting Time= 224.449 +/- 200.199
2023-03-04 Saturday 18:37:14: Inner X Outer Loops Mean Avg Speed= 0.325 +/- 0.064
2023-03-04 Saturday 18:37:14: Inner X Outer Loops Mean Avg Speed 2= 6.035 +/- 1.173
2023-03-04 Saturday 18:37:14: Inner X Outer Loops Mean Avg Speed Cross Check= 7.373 +/- 0.914
2023-03-04 Saturday 18:37:14: ****************************************
2023-03-04 Saturday 18:37:14: Calculation 2 - Per Episode
2023-03-04 Saturday 18:37:14: ****************************************
2023-03-04 Saturday 18:37:14: Episode:0 Mean Reward= -0.000 +/- 0.991
2023-03-04 Saturday 18:37:14: Episode:1 Mean Reward= -0.000 +/- 0.878
2023-03-04 Saturday 18:37:14: Episode:2 Mean Reward= -0.000 +/- 0.864
2023-03-04 Saturday 18:37:14: Episode:3 Mean Reward= -0.001 +/- 0.842
2023-03-04 Saturday 18:37:14: Episode:4 Mean Reward= -0.001 +/- 0.913
2023-03-04 Saturday 18:37:14: 1-Total Mean Reward= -0.000 +/- 0.000
2023-03-04 Saturday 18:37:14: 2-Total Mean Reward= -0.000 +/- 0.898
2023-03-04 Saturday 18:37:14: ****
2023-03-04 Saturday 18:37:14: Episode:0 Mean Stopped= 10.720 +/- 4.686
2023-03-04 Saturday 18:37:14: Episode:1 Mean Stopped= 8.979 +/- 3.018
2023-03-04 Saturday 18:37:14: Episode:2 Mean Stopped= 9.076 +/- 3.150
2023-03-04 Saturday 18:37:14: Episode:3 Mean Stopped= 8.880 +/- 3.101
2023-03-04 Saturday 18:37:14: Episode:4 Mean Stopped= 9.719 +/- 3.573
2023-03-04 Saturday 18:37:14: 1-Total Mean Stopped= 9.475 +/- 0.688
2023-03-04 Saturday 18:37:14: 2-Total Mean Stopped= 9.475 +/- 3.506
2023-03-04 Saturday 18:37:14: ****
2023-03-04 Saturday 18:37:14: Episode:0 Mean Stopped Cross Check= 10.740 +/- 4.688
2023-03-04 Saturday 18:37:14: Episode:1 Mean Stopped Cross Check= 8.994 +/- 3.019
2023-03-04 Saturday 18:37:14: Episode:2 Mean Stopped Cross Check= 9.093 +/- 3.151
2023-03-04 Saturday 18:37:14: Episode:3 Mean Stopped Cross Check= 8.901 +/- 3.103
2023-03-04 Saturday 18:37:14: Episode:4 Mean Stopped Cross Check= 9.738 +/- 3.576
2023-03-04 Saturday 18:37:14: 1-Total Mean Stopped Cross Check= 9.493 +/- 0.689
2023-03-04 Saturday 18:37:14: 2-Total Mean Stopped Cross Check= 9.493 +/- 3.507
2023-03-04 Saturday 18:37:14: ****
2023-03-04 Saturday 18:37:14: Episode:0 Mean Waiting Time= 270.961 +/- 258.417
2023-03-04 Saturday 18:37:14: Episode:1 Mean Waiting Time= 212.167 +/- 176.886
2023-03-04 Saturday 18:37:14: Episode:2 Mean Waiting Time= 207.371 +/- 161.638
2023-03-04 Saturday 18:37:14: Episode:3 Mean Waiting Time= 199.655 +/- 158.039
2023-03-04 Saturday 18:37:14: Episode:4 Mean Waiting Time= 232.089 +/- 218.972
2023-03-04 Saturday 18:37:14: 1-Total Mean Waiting Time= 224.449 +/- 25.608
2023-03-04 Saturday 18:37:14: 2-Total Mean Waiting Time= 224.449 +/- 194.790
2023-03-04 Saturday 18:37:14: Episode:0 Mean Avg Speed= 0.309 +/- 0.070
2023-03-04 Saturday 18:37:14: Episode:1 Mean Avg Speed= 0.331 +/- 0.061
2023-03-04 Saturday 18:37:14: Episode:2 Mean Avg Speed= 0.330 +/- 0.062
2023-03-04 Saturday 18:37:14: Episode:3 Mean Avg Speed= 0.333 +/- 0.062
2023-03-04 Saturday 18:37:14: Episode:4 Mean Avg Speed= 0.320 +/- 0.064
2023-03-04 Saturday 18:37:14: 1-Total Mean Avg Speed= 0.325 +/- 0.009
2023-03-04 Saturday 18:37:14: 2-Total Mean Avg Speed= 0.325 +/- 0.064
2023-03-04 Saturday 18:37:14: Episode:0 Mean Avg Speed 2= 5.752 +/- 1.285
2023-03-04 Saturday 18:37:14: Episode:1 Mean Avg Speed 2= 6.159 +/- 1.105
2023-03-04 Saturday 18:37:14: Episode:2 Mean Avg Speed 2= 6.132 +/- 1.119
2023-03-04 Saturday 18:37:14: Episode:3 Mean Avg Speed 2= 6.183 +/- 1.119
2023-03-04 Saturday 18:37:14: Episode:4 Mean Avg Speed 2= 5.948 +/- 1.171
2023-03-04 Saturday 18:37:14: 1-Total Mean Avg Speed 2= 6.035 +/- 0.164
2023-03-04 Saturday 18:37:14: 2-Total Mean Avg Speed 2= 6.035 +/- 1.160
2023-03-04 Saturday 18:37:14: Episode:0 Mean Avg Speed Cross Check= 7.141 +/- 1.036
2023-03-04 Saturday 18:37:14: Episode:1 Mean Avg Speed Cross Check= 7.479 +/- 0.840
2023-03-04 Saturday 18:37:14: Episode:2 Mean Avg Speed Cross Check= 7.455 +/- 0.863
2023-03-04 Saturday 18:37:14: Episode:3 Mean Avg Speed Cross Check= 7.489 +/- 0.857
2023-03-04 Saturday 18:37:14: Episode:4 Mean Avg Speed Cross Check= 7.303 +/- 0.912
2023-03-04 Saturday 18:37:14: 1-Total Mean Avg Speed Cross Check= 7.373 +/- 0.134
2023-03-04 Saturday 18:37:14: 2-Total Mean Avg Speed Cross Check= 7.373 +/- 0.901
2023-03-04 Saturday 18:37:14: ****************************************
