2023-02-25 Saturday 18:56:34: Run: 1 for Training experiment: DoE-9 - first seed: 170 - alpha: 0.1 - gamma: 0.9 - epsilon: 0.3 - reward: diff-waiting-time
2023-02-25 Saturday 19:02:18: Run: 1 - First Epsilon: 0.3 - Last Epsilon: 0.3
2023-02-25 Saturday 19:07:33: Run: 2 - First Epsilon: 0.3 - Last Epsilon: 0.3
2023-02-25 Saturday 19:12:53: Run: 3 - First Epsilon: 0.3 - Last Epsilon: 0.3
2023-02-25 Saturday 19:18:33: Run: 4 - First Epsilon: 0.3 - Last Epsilon: 0.3
2023-02-25 Saturday 19:23:50: Run: 5 - First Epsilon: 0.3 - Last Epsilon: 0.3
2023-02-25 Saturday 19:23:50: Q-Table Total Distinct States: 291
2023-02-25 Saturday 19:23:51: Mean_reward=-2.03 +/- 1.01
2023-02-25 Saturday 19:23:51: Mean_Stopped=78110.80 +/- 3868.59
2023-02-25 Saturday 19:23:51: Mean_Stopped=78242.60 +/- 3878.59
2023-02-25 Saturday 19:23:51: Mean_waiting_time=1561177.60 +/- 164548.92
2023-02-25 Saturday 19:23:51: Mean_avg_speed=3534.23 +/- 63.56
2023-02-25 Saturday 19:23:51: Mean_avg_speed_2=65661.28 +/- 1177.67
2023-02-25 Saturday 19:23:51: Mean_avg_speed_cross_check=77809.71 +/- 930.55
2023-02-25 Saturday 19:23:51: ****************************************
2023-02-25 Saturday 19:23:51: Calculation 1 - Overall 
2023-02-25 Saturday 19:23:51: ****************************************
2023-02-25 Saturday 19:23:51: Inner X Outer Loops Mean Reward= -0.000 +/- 0.742
2023-02-25 Saturday 19:23:51: Inner X Outer Loops Mean Stopped= 7.810 +/- 2.779
2023-02-25 Saturday 19:23:51: Inner X Outer Loops Mean Stopped Cross Check= 7.823 +/- 2.779
2023-02-25 Saturday 19:23:51: Inner X Outer Loops Mean Waiting Time= 156.102 +/- 131.000
2023-02-25 Saturday 19:23:51: Inner X Outer Loops Mean Avg Speed= 0.353 +/- 0.062
2023-02-25 Saturday 19:23:51: Inner X Outer Loops Mean Avg Speed 2= 6.565 +/- 1.127
2023-02-25 Saturday 19:23:51: Inner X Outer Loops Mean Avg Speed Cross Check= 7.780 +/- 0.827
2023-02-25 Saturday 19:23:51: ****************************************
2023-02-25 Saturday 19:23:51: Calculation 2 - Per Episode
2023-02-25 Saturday 19:23:51: ****************************************
2023-02-25 Saturday 19:23:51: Episode:0 Mean Reward= -0.000 +/- 0.815
2023-02-25 Saturday 19:23:51: Episode:1 Mean Reward= -0.000 +/- 0.702
2023-02-25 Saturday 19:23:51: Episode:2 Mean Reward= -0.000 +/- 0.735
2023-02-25 Saturday 19:23:51: Episode:3 Mean Reward= -0.000 +/- 0.731
2023-02-25 Saturday 19:23:51: Episode:4 Mean Reward= -0.000 +/- 0.723
2023-02-25 Saturday 19:23:51: 1-Total Mean Reward= -0.000 +/- 0.000
2023-02-25 Saturday 19:23:51: 2-Total Mean Reward= -0.000 +/- 0.741
2023-02-25 Saturday 19:23:51: ****
2023-02-25 Saturday 19:23:51: Episode:0 Mean Stopped= 8.499 +/- 3.620
2023-02-25 Saturday 19:23:51: Episode:1 Mean Stopped= 7.331 +/- 2.336
2023-02-25 Saturday 19:23:51: Episode:2 Mean Stopped= 7.865 +/- 2.629
2023-02-25 Saturday 19:23:51: Episode:3 Mean Stopped= 7.733 +/- 2.475
2023-02-25 Saturday 19:23:51: Episode:4 Mean Stopped= 7.624 +/- 2.501
2023-02-25 Saturday 19:23:51: 1-Total Mean Stopped= 7.810 +/- 0.387
2023-02-25 Saturday 19:23:51: 2-Total Mean Stopped= 7.810 +/- 2.712
2023-02-25 Saturday 19:23:51: ****
2023-02-25 Saturday 19:23:51: Episode:0 Mean Stopped Cross Check= 8.514 +/- 3.620
2023-02-25 Saturday 19:23:51: Episode:1 Mean Stopped Cross Check= 7.344 +/- 2.336
2023-02-25 Saturday 19:23:51: Episode:2 Mean Stopped Cross Check= 7.879 +/- 2.629
2023-02-25 Saturday 19:23:51: Episode:3 Mean Stopped Cross Check= 7.745 +/- 2.474
2023-02-25 Saturday 19:23:51: Episode:4 Mean Stopped Cross Check= 7.635 +/- 2.501
2023-02-25 Saturday 19:23:51: 1-Total Mean Stopped Cross Check= 7.823 +/- 0.388
2023-02-25 Saturday 19:23:51: 2-Total Mean Stopped Cross Check= 7.823 +/- 2.712
2023-02-25 Saturday 19:23:51: ****
2023-02-25 Saturday 19:23:51: Episode:0 Mean Waiting Time= 187.718 +/- 176.075
2023-02-25 Saturday 19:23:51: Episode:1 Mean Waiting Time= 140.004 +/- 107.715
2023-02-25 Saturday 19:23:51: Episode:2 Mean Waiting Time= 153.351 +/- 115.934
2023-02-25 Saturday 19:23:51: Episode:3 Mean Waiting Time= 151.423 +/- 117.718
2023-02-25 Saturday 19:23:51: Episode:4 Mean Waiting Time= 148.016 +/- 120.619
2023-02-25 Saturday 19:23:51: 1-Total Mean Waiting Time= 156.102 +/- 16.453
2023-02-25 Saturday 19:23:51: 2-Total Mean Waiting Time= 156.102 +/- 127.612
2023-02-25 Saturday 19:23:51: Episode:0 Mean Avg Speed= 0.343 +/- 0.066
2023-02-25 Saturday 19:23:51: Episode:1 Mean Avg Speed= 0.362 +/- 0.060
2023-02-25 Saturday 19:23:51: Episode:2 Mean Avg Speed= 0.351 +/- 0.062
2023-02-25 Saturday 19:23:51: Episode:3 Mean Avg Speed= 0.354 +/- 0.060
2023-02-25 Saturday 19:23:51: Episode:4 Mean Avg Speed= 0.357 +/- 0.061
2023-02-25 Saturday 19:23:51: 1-Total Mean Avg Speed= 0.353 +/- 0.006
2023-02-25 Saturday 19:23:51: 2-Total Mean Avg Speed= 0.353 +/- 0.062
2023-02-25 Saturday 19:23:51: Episode:0 Mean Avg Speed 2= 6.371 +/- 1.201
2023-02-25 Saturday 19:23:51: Episode:1 Mean Avg Speed 2= 6.730 +/- 1.094
2023-02-25 Saturday 19:23:51: Episode:2 Mean Avg Speed 2= 6.532 +/- 1.115
2023-02-25 Saturday 19:23:51: Episode:3 Mean Avg Speed 2= 6.572 +/- 1.088
2023-02-25 Saturday 19:23:51: Episode:4 Mean Avg Speed 2= 6.622 +/- 1.101
2023-02-25 Saturday 19:23:51: 1-Total Mean Avg Speed 2= 6.565 +/- 0.118
2023-02-25 Saturday 19:23:51: 2-Total Mean Avg Speed 2= 6.565 +/- 1.120
2023-02-25 Saturday 19:23:51: Episode:0 Mean Avg Speed Cross Check= 7.625 +/- 0.911
2023-02-25 Saturday 19:23:51: Episode:1 Mean Avg Speed Cross Check= 7.908 +/- 0.791
2023-02-25 Saturday 19:23:51: Episode:2 Mean Avg Speed Cross Check= 7.755 +/- 0.815
2023-02-25 Saturday 19:23:51: Episode:3 Mean Avg Speed Cross Check= 7.787 +/- 0.790
2023-02-25 Saturday 19:23:51: Episode:4 Mean Avg Speed Cross Check= 7.826 +/- 0.793
2023-02-25 Saturday 19:23:51: 1-Total Mean Avg Speed Cross Check= 7.780 +/- 0.093
2023-02-25 Saturday 19:23:51: 2-Total Mean Avg Speed Cross Check= 7.780 +/- 0.820
2023-02-25 Saturday 19:23:51: ****************************************
