2023-03-05 Sunday 20:22:42: Run: 2 for Training experiment: DoE-51 - first seed: 270 - alpha: 0.5 - gamma: 0.99 - epsilon: 0.3 - reward: diff-waiting-time
2023-03-05 Sunday 20:28:00: Run: 1 - First Epsilon: 0.3 - Last Epsilon: 0.3
2023-03-05 Sunday 20:33:15: Run: 2 - First Epsilon: 0.3 - Last Epsilon: 0.3
2023-03-05 Sunday 20:38:30: Run: 3 - First Epsilon: 0.3 - Last Epsilon: 0.3
2023-03-05 Sunday 20:44:05: Run: 4 - First Epsilon: 0.3 - Last Epsilon: 0.3
2023-03-05 Sunday 20:51:43: Run: 5 - First Epsilon: 0.3 - Last Epsilon: 0.3
2023-03-05 Sunday 20:51:44: Q-Table Total Distinct States: 336
2023-03-05 Sunday 20:51:44: Mean_reward=-0.81 +/- 0.39
2023-03-05 Sunday 20:51:44: Mean_Stopped=77707.00 +/- 1960.56
2023-03-05 Sunday 20:51:44: Mean_Stopped=77841.00 +/- 1958.74
2023-03-05 Sunday 20:51:44: Mean_waiting_time=1942787.80 +/- 204890.30
2023-03-05 Sunday 20:51:44: Mean_avg_speed=3551.07 +/- 19.55
2023-03-05 Sunday 20:51:44: Mean_avg_speed_2=66007.15 +/- 317.29
2023-03-05 Sunday 20:51:44: Mean_avg_speed_cross_check=78060.10 +/- 244.52
2023-03-05 Sunday 20:51:44: ****************************************
2023-03-05 Sunday 20:51:44: Calculation 1 - Overall 
2023-03-05 Sunday 20:51:44: ****************************************
2023-03-05 Sunday 20:51:44: Inner X Outer Loops Mean Reward= -0.000 +/- 0.847
2023-03-05 Sunday 20:51:44: Inner X Outer Loops Mean Stopped= 7.770 +/- 2.874
2023-03-05 Sunday 20:51:44: Inner X Outer Loops Mean Stopped Cross Check= 7.783 +/- 2.875
2023-03-05 Sunday 20:51:44: Inner X Outer Loops Mean Waiting Time= 194.259 +/- 204.665
2023-03-05 Sunday 20:51:44: Inner X Outer Loops Mean Avg Speed= 0.355 +/- 0.062
2023-03-05 Sunday 20:51:44: Inner X Outer Loops Mean Avg Speed 2= 6.600 +/- 1.120
2023-03-05 Sunday 20:51:44: Inner X Outer Loops Mean Avg Speed Cross Check= 7.805 +/- 0.828
2023-03-05 Sunday 20:51:44: ****************************************
2023-03-05 Sunday 20:51:44: Calculation 2 - Per Episode
2023-03-05 Sunday 20:51:44: ****************************************
2023-03-05 Sunday 20:51:44: Episode:0 Mean Reward= -0.000 +/- 0.944
2023-03-05 Sunday 20:51:44: Episode:1 Mean Reward= -0.000 +/- 0.839
2023-03-05 Sunday 20:51:44: Episode:2 Mean Reward= -0.000 +/- 0.824
2023-03-05 Sunday 20:51:44: Episode:3 Mean Reward= -0.000 +/- 0.807
2023-03-05 Sunday 20:51:44: Episode:4 Mean Reward= -0.000 +/- 0.814
2023-03-05 Sunday 20:51:44: 1-Total Mean Reward= -0.000 +/- 0.000
2023-03-05 Sunday 20:51:44: 2-Total Mean Reward= -0.000 +/- 0.845
2023-03-05 Sunday 20:51:44: ****
2023-03-05 Sunday 20:51:44: Episode:0 Mean Stopped= 8.105 +/- 4.066
2023-03-05 Sunday 20:51:44: Episode:1 Mean Stopped= 7.757 +/- 2.577
2023-03-05 Sunday 20:51:44: Episode:2 Mean Stopped= 7.637 +/- 2.423
2023-03-05 Sunday 20:51:44: Episode:3 Mean Stopped= 7.527 +/- 2.294
2023-03-05 Sunday 20:51:44: Episode:4 Mean Stopped= 7.823 +/- 2.609
2023-03-05 Sunday 20:51:44: 1-Total Mean Stopped= 7.770 +/- 0.196
2023-03-05 Sunday 20:51:44: 2-Total Mean Stopped= 7.770 +/- 2.794
2023-03-05 Sunday 20:51:44: ****
2023-03-05 Sunday 20:51:44: Episode:0 Mean Stopped Cross Check= 8.118 +/- 4.067
2023-03-05 Sunday 20:51:44: Episode:1 Mean Stopped Cross Check= 7.772 +/- 2.579
2023-03-05 Sunday 20:51:44: Episode:2 Mean Stopped Cross Check= 7.650 +/- 2.422
2023-03-05 Sunday 20:51:44: Episode:3 Mean Stopped Cross Check= 7.540 +/- 2.292
2023-03-05 Sunday 20:51:44: Episode:4 Mean Stopped Cross Check= 7.837 +/- 2.611
2023-03-05 Sunday 20:51:44: 1-Total Mean Stopped Cross Check= 7.783 +/- 0.196
2023-03-05 Sunday 20:51:44: 2-Total Mean Stopped Cross Check= 7.783 +/- 2.794
2023-03-05 Sunday 20:51:44: ****
2023-03-05 Sunday 20:51:44: Episode:0 Mean Waiting Time= 234.205 +/- 310.413
2023-03-05 Sunday 20:51:44: Episode:1 Mean Waiting Time= 192.372 +/- 179.253
2023-03-05 Sunday 20:51:44: Episode:2 Mean Waiting Time= 184.080 +/- 164.520
2023-03-05 Sunday 20:51:44: Episode:3 Mean Waiting Time= 178.432 +/- 158.263
2023-03-05 Sunday 20:51:44: Episode:4 Mean Waiting Time= 182.208 +/- 163.520
2023-03-05 Sunday 20:51:44: 1-Total Mean Waiting Time= 194.259 +/- 20.487
2023-03-05 Sunday 20:51:44: 2-Total Mean Waiting Time= 194.259 +/- 195.194
2023-03-05 Sunday 20:51:44: Episode:0 Mean Avg Speed= 0.353 +/- 0.067
2023-03-05 Sunday 20:51:44: Episode:1 Mean Avg Speed= 0.355 +/- 0.061
2023-03-05 Sunday 20:51:44: Episode:2 Mean Avg Speed= 0.356 +/- 0.060
2023-03-05 Sunday 20:51:44: Episode:3 Mean Avg Speed= 0.358 +/- 0.058
2023-03-05 Sunday 20:51:44: Episode:4 Mean Avg Speed= 0.353 +/- 0.061
2023-03-05 Sunday 20:51:44: 1-Total Mean Avg Speed= 0.355 +/- 0.002
2023-03-05 Sunday 20:51:44: 2-Total Mean Avg Speed= 0.355 +/- 0.062
2023-03-05 Sunday 20:51:44: Episode:0 Mean Avg Speed 2= 6.575 +/- 1.229
2023-03-05 Sunday 20:51:44: Episode:1 Mean Avg Speed 2= 6.591 +/- 1.118
2023-03-05 Sunday 20:51:44: Episode:2 Mean Avg Speed 2= 6.622 +/- 1.086
2023-03-05 Sunday 20:51:44: Episode:3 Mean Avg Speed 2= 6.649 +/- 1.057
2023-03-05 Sunday 20:51:44: Episode:4 Mean Avg Speed 2= 6.563 +/- 1.100
2023-03-05 Sunday 20:51:44: 1-Total Mean Avg Speed 2= 6.600 +/- 0.032
2023-03-05 Sunday 20:51:44: 2-Total Mean Avg Speed 2= 6.600 +/- 1.118
2023-03-05 Sunday 20:51:44: Episode:0 Mean Avg Speed Cross Check= 7.780 +/- 0.943
2023-03-05 Sunday 20:51:44: Episode:1 Mean Avg Speed Cross Check= 7.798 +/- 0.819
2023-03-05 Sunday 20:51:44: Episode:2 Mean Avg Speed Cross Check= 7.823 +/- 0.789
2023-03-05 Sunday 20:51:44: Episode:3 Mean Avg Speed Cross Check= 7.843 +/- 0.765
2023-03-05 Sunday 20:51:44: Episode:4 Mean Avg Speed Cross Check= 7.782 +/- 0.811
2023-03-05 Sunday 20:51:44: 1-Total Mean Avg Speed Cross Check= 7.805 +/- 0.024
2023-03-05 Sunday 20:51:44: 2-Total Mean Avg Speed Cross Check= 7.805 +/- 0.825
2023-03-05 Sunday 20:51:44: ****************************************
