2023-03-17 Friday 10:52:08: Run: 5 for Training experiment: DoE-51 - first seed: 570 - alpha: 0.5 - gamma: 0.99 - epsilon: 0.3 - reward: diff-waiting-time
2023-03-17 Friday 11:01:44: Run: 1 - First Epsilon: 0.3 - Last Epsilon: 0.3
2023-03-17 Friday 11:07:15: Run: 2 - First Epsilon: 0.3 - Last Epsilon: 0.3
2023-03-17 Friday 11:12:48: Run: 3 - First Epsilon: 0.3 - Last Epsilon: 0.3
2023-03-17 Friday 11:18:23: Run: 4 - First Epsilon: 0.3 - Last Epsilon: 0.3
2023-03-17 Friday 11:23:49: Run: 5 - First Epsilon: 0.3 - Last Epsilon: 0.3
2023-03-17 Friday 11:23:49: Q-Table Total Distinct States: 1045
2023-03-17 Friday 11:23:49: Mean_reward=-3.01 +/- 1.63
2023-03-17 Friday 11:23:49: Mean_Stopped=128796.00 +/- 86414.83
2023-03-17 Friday 11:23:49: Mean_Stopped=128988.20 +/- 86427.41
2023-03-17 Friday 11:23:49: Mean_waiting_time=3905351.40 +/- 3250618.32
2023-03-17 Friday 11:23:49: Mean_avg_speed=3166.14 +/- 451.59
2023-03-17 Friday 11:23:49: Mean_avg_speed_2=58827.66 +/- 8427.87
2023-03-17 Friday 11:23:49: Mean_avg_speed_cross_check=71631.33 +/- 8475.41
2023-03-17 Friday 11:23:49: ****************************************
2023-03-17 Friday 11:23:49: Calculation 1 - Overall 
2023-03-17 Friday 11:23:49: ****************************************
2023-03-17 Friday 11:23:49: Inner X Outer Loops Mean Reward= -0.000 +/- 1.118
2023-03-17 Friday 11:23:49: Inner X Outer Loops Mean Stopped= 12.878 +/- 14.741
2023-03-17 Friday 11:23:49: Inner X Outer Loops Mean Stopped Cross Check= 12.898 +/- 14.741
2023-03-17 Friday 11:23:49: Inner X Outer Loops Mean Waiting Time= 390.496 +/- 703.380
2023-03-17 Friday 11:23:49: Inner X Outer Loops Mean Avg Speed= 0.317 +/- 0.090
2023-03-17 Friday 11:23:49: Inner X Outer Loops Mean Avg Speed 2= 5.882 +/- 1.665
2023-03-17 Friday 11:23:49: Inner X Outer Loops Mean Avg Speed Cross Check= 7.162 +/- 1.532
2023-03-17 Friday 11:23:49: ****************************************
2023-03-17 Friday 11:23:49: Calculation 2 - Per Episode
2023-03-17 Friday 11:23:49: ****************************************
2023-03-17 Friday 11:23:49: Episode:0 Mean Reward= -0.000 +/- 1.700
2023-03-17 Friday 11:23:49: Episode:1 Mean Reward= -0.000 +/- 0.918
2023-03-17 Friday 11:23:49: Episode:2 Mean Reward= -0.000 +/- 0.909
2023-03-17 Friday 11:23:49: Episode:3 Mean Reward= -0.001 +/- 0.962
2023-03-17 Friday 11:23:49: Episode:4 Mean Reward= -0.000 +/- 0.876
2023-03-17 Friday 11:23:49: 1-Total Mean Reward= -0.000 +/- 0.000
2023-03-17 Friday 11:23:49: 2-Total Mean Reward= -0.000 +/- 1.073
2023-03-17 Friday 11:23:49: ****
2023-03-17 Friday 11:23:49: Episode:0 Mean Stopped= 30.150 +/- 26.078
2023-03-17 Friday 11:23:49: Episode:1 Mean Stopped= 8.529 +/- 2.868
2023-03-17 Friday 11:23:49: Episode:2 Mean Stopped= 8.597 +/- 2.644
2023-03-17 Friday 11:23:49: Episode:3 Mean Stopped= 9.011 +/- 3.153
2023-03-17 Friday 11:23:49: Episode:4 Mean Stopped= 8.105 +/- 2.808
2023-03-17 Friday 11:23:49: 1-Total Mean Stopped= 12.878 +/- 8.641
2023-03-17 Friday 11:23:49: 2-Total Mean Stopped= 12.878 +/- 7.510
2023-03-17 Friday 11:23:49: ****
2023-03-17 Friday 11:23:49: Episode:0 Mean Stopped Cross Check= 30.172 +/- 26.078
2023-03-17 Friday 11:23:49: Episode:1 Mean Stopped Cross Check= 8.547 +/- 2.872
2023-03-17 Friday 11:23:49: Episode:2 Mean Stopped Cross Check= 8.619 +/- 2.645
2023-03-17 Friday 11:23:49: Episode:3 Mean Stopped Cross Check= 9.029 +/- 3.155
2023-03-17 Friday 11:23:49: Episode:4 Mean Stopped Cross Check= 8.121 +/- 2.808
2023-03-17 Friday 11:23:49: 1-Total Mean Stopped Cross Check= 12.898 +/- 8.642
2023-03-17 Friday 11:23:49: 2-Total Mean Stopped Cross Check= 12.898 +/- 7.512
2023-03-17 Friday 11:23:49: ****
2023-03-17 Friday 11:23:49: Episode:0 Mean Waiting Time= 1040.002 +/- 1334.679
2023-03-17 Friday 11:23:49: Episode:1 Mean Waiting Time= 229.058 +/- 200.967
2023-03-17 Friday 11:23:49: Episode:2 Mean Waiting Time= 225.849 +/- 187.126
2023-03-17 Friday 11:23:49: Episode:3 Mean Waiting Time= 249.896 +/- 222.690
2023-03-17 Friday 11:23:49: Episode:4 Mean Waiting Time= 207.675 +/- 197.815
2023-03-17 Friday 11:23:49: 1-Total Mean Waiting Time= 390.496 +/- 325.029
2023-03-17 Friday 11:23:49: 2-Total Mean Waiting Time= 390.496 +/- 428.655
2023-03-17 Friday 11:23:49: Episode:0 Mean Avg Speed= 0.227 +/- 0.127
2023-03-17 Friday 11:23:49: Episode:1 Mean Avg Speed= 0.339 +/- 0.061
2023-03-17 Friday 11:23:49: Episode:2 Mean Avg Speed= 0.337 +/- 0.058
2023-03-17 Friday 11:23:49: Episode:3 Mean Avg Speed= 0.332 +/- 0.062
2023-03-17 Friday 11:23:49: Episode:4 Mean Avg Speed= 0.348 +/- 0.061
2023-03-17 Friday 11:23:49: 1-Total Mean Avg Speed= 0.317 +/- 0.045
2023-03-17 Friday 11:23:49: 2-Total Mean Avg Speed= 0.317 +/- 0.074
2023-03-17 Friday 11:23:49: Episode:0 Mean Avg Speed 2= 4.208 +/- 2.339
2023-03-17 Friday 11:23:49: Episode:1 Mean Avg Speed 2= 6.311 +/- 1.107
2023-03-17 Friday 11:23:49: Episode:2 Mean Avg Speed 2= 6.258 +/- 1.050
2023-03-17 Friday 11:23:49: Episode:3 Mean Avg Speed 2= 6.167 +/- 1.120
2023-03-17 Friday 11:23:49: Episode:4 Mean Avg Speed 2= 6.466 +/- 1.119
2023-03-17 Friday 11:23:49: 1-Total Mean Avg Speed 2= 5.882 +/- 0.843
2023-03-17 Friday 11:23:49: 2-Total Mean Avg Speed 2= 5.882 +/- 1.347
2023-03-17 Friday 11:23:49: Episode:0 Mean Avg Speed Cross Check= 5.474 +/- 2.332
2023-03-17 Friday 11:23:49: Episode:1 Mean Avg Speed Cross Check= 7.589 +/- 0.830
2023-03-17 Friday 11:23:49: Episode:2 Mean Avg Speed Cross Check= 7.558 +/- 0.786
2023-03-17 Friday 11:23:49: Episode:3 Mean Avg Speed Cross Check= 7.479 +/- 0.847
2023-03-17 Friday 11:23:49: Episode:4 Mean Avg Speed Cross Check= 7.712 +/- 0.830
2023-03-17 Friday 11:23:49: 1-Total Mean Avg Speed Cross Check= 7.162 +/- 0.847
2023-03-17 Friday 11:23:49: 2-Total Mean Avg Speed Cross Check= 7.162 +/- 1.125
2023-03-17 Friday 11:23:49: ****************************************
