2023-03-17 Friday 00:08:45: Run: 5 for Training experiment: DoE-41 - first seed: 570 - alpha: 0.5 - gamma: 0.8 - epsilon: 0.4 - reward: diff-waiting-time
2023-03-17 Friday 00:15:03: Run: 1 - First Epsilon: 0.4 - Last Epsilon: 0.4
2023-03-17 Friday 00:20:37: Run: 2 - First Epsilon: 0.4 - Last Epsilon: 0.4
2023-03-17 Friday 00:26:09: Run: 3 - First Epsilon: 0.4 - Last Epsilon: 0.4
2023-03-17 Friday 00:31:53: Run: 4 - First Epsilon: 0.4 - Last Epsilon: 0.4
2023-03-17 Friday 00:37:27: Run: 5 - First Epsilon: 0.4 - Last Epsilon: 0.4
2023-03-17 Friday 00:37:27: Q-Table Total Distinct States: 591
2023-03-17 Friday 00:37:27: Mean_reward=-2.68 +/- 1.89
2023-03-17 Friday 00:37:27: Mean_Stopped=96282.20 +/- 8787.77
2023-03-17 Friday 00:37:27: Mean_Stopped=96453.00 +/- 8787.19
2023-03-17 Friday 00:37:27: Mean_waiting_time=2301340.80 +/- 428922.83
2023-03-17 Friday 00:37:27: Mean_avg_speed=3260.00 +/- 76.82
2023-03-17 Friday 00:37:27: Mean_avg_speed_2=60575.98 +/- 1467.36
2023-03-17 Friday 00:37:27: Mean_avg_speed_cross_check=73790.30 +/- 1347.20
2023-03-17 Friday 00:37:27: ****************************************
2023-03-17 Friday 00:37:27: Calculation 1 - Overall 
2023-03-17 Friday 00:37:27: ****************************************
2023-03-17 Friday 00:37:27: Inner X Outer Loops Mean Reward= -0.000 +/- 0.906
2023-03-17 Friday 00:37:27: Inner X Outer Loops Mean Stopped= 9.627 +/- 4.667
2023-03-17 Friday 00:37:27: Inner X Outer Loops Mean Stopped Cross Check= 9.644 +/- 4.668
2023-03-17 Friday 00:37:27: Inner X Outer Loops Mean Waiting Time= 230.111 +/- 235.063
2023-03-17 Friday 00:37:27: Inner X Outer Loops Mean Avg Speed= 0.326 +/- 0.069
2023-03-17 Friday 00:37:27: Inner X Outer Loops Mean Avg Speed 2= 6.057 +/- 1.260
2023-03-17 Friday 00:37:27: Inner X Outer Loops Mean Avg Speed Cross Check= 7.378 +/- 1.005
2023-03-17 Friday 00:37:27: ****************************************
2023-03-17 Friday 00:37:27: Calculation 2 - Per Episode
2023-03-17 Friday 00:37:27: ****************************************
2023-03-17 Friday 00:37:27: Episode:0 Mean Reward= -0.000 +/- 1.057
2023-03-17 Friday 00:37:27: Episode:1 Mean Reward= -0.000 +/- 0.857
2023-03-17 Friday 00:37:27: Episode:2 Mean Reward= -0.001 +/- 0.848
2023-03-17 Friday 00:37:27: Episode:3 Mean Reward= -0.000 +/- 0.897
2023-03-17 Friday 00:37:27: Episode:4 Mean Reward= -0.000 +/- 0.854
2023-03-17 Friday 00:37:27: 1-Total Mean Reward= -0.000 +/- 0.000
2023-03-17 Friday 00:37:27: 2-Total Mean Reward= -0.000 +/- 0.903
2023-03-17 Friday 00:37:27: ****
2023-03-17 Friday 00:37:27: Episode:0 Mean Stopped= 11.232 +/- 7.543
2023-03-17 Friday 00:37:27: Episode:1 Mean Stopped= 9.079 +/- 3.509
2023-03-17 Friday 00:37:27: Episode:2 Mean Stopped= 8.934 +/- 3.096
2023-03-17 Friday 00:37:27: Episode:3 Mean Stopped= 9.913 +/- 3.854
2023-03-17 Friday 00:37:27: Episode:4 Mean Stopped= 8.978 +/- 3.375
2023-03-17 Friday 00:37:27: 1-Total Mean Stopped= 9.627 +/- 0.879
2023-03-17 Friday 00:37:27: 2-Total Mean Stopped= 9.627 +/- 4.275
2023-03-17 Friday 00:37:27: ****
2023-03-17 Friday 00:37:27: Episode:0 Mean Stopped Cross Check= 11.249 +/- 7.543
2023-03-17 Friday 00:37:27: Episode:1 Mean Stopped Cross Check= 9.098 +/- 3.511
2023-03-17 Friday 00:37:27: Episode:2 Mean Stopped Cross Check= 8.949 +/- 3.098
2023-03-17 Friday 00:37:27: Episode:3 Mean Stopped Cross Check= 9.931 +/- 3.858
2023-03-17 Friday 00:37:27: Episode:4 Mean Stopped Cross Check= 8.994 +/- 3.377
2023-03-17 Friday 00:37:27: 1-Total Mean Stopped Cross Check= 9.644 +/- 0.879
2023-03-17 Friday 00:37:27: 2-Total Mean Stopped Cross Check= 9.644 +/- 4.277
2023-03-17 Friday 00:37:27: ****
2023-03-17 Friday 00:37:27: Episode:0 Mean Waiting Time= 313.708 +/- 392.809
2023-03-17 Friday 00:37:27: Episode:1 Mean Waiting Time= 205.475 +/- 165.778
2023-03-17 Friday 00:37:27: Episode:2 Mean Waiting Time= 200.582 +/- 159.230
2023-03-17 Friday 00:37:27: Episode:3 Mean Waiting Time= 227.570 +/- 180.954
2023-03-17 Friday 00:37:27: Episode:4 Mean Waiting Time= 203.221 +/- 164.914
2023-03-17 Friday 00:37:27: 1-Total Mean Waiting Time= 230.111 +/- 42.888
2023-03-17 Friday 00:37:27: 2-Total Mean Waiting Time= 230.111 +/- 212.737
2023-03-17 Friday 00:37:27: Episode:0 Mean Avg Speed= 0.315 +/- 0.083
2023-03-17 Friday 00:37:27: Episode:1 Mean Avg Speed= 0.331 +/- 0.066
2023-03-17 Friday 00:37:27: Episode:2 Mean Avg Speed= 0.332 +/- 0.063
2023-03-17 Friday 00:37:27: Episode:3 Mean Avg Speed= 0.318 +/- 0.066
2023-03-17 Friday 00:37:27: Episode:4 Mean Avg Speed= 0.333 +/- 0.064
2023-03-17 Friday 00:37:27: 1-Total Mean Avg Speed= 0.326 +/- 0.008
2023-03-17 Friday 00:37:27: 2-Total Mean Avg Speed= 0.326 +/- 0.068
2023-03-17 Friday 00:37:27: Episode:0 Mean Avg Speed 2= 5.845 +/- 1.520
2023-03-17 Friday 00:37:27: Episode:1 Mean Avg Speed 2= 6.162 +/- 1.206
2023-03-17 Friday 00:37:27: Episode:2 Mean Avg Speed 2= 6.179 +/- 1.134
2023-03-17 Friday 00:37:27: Episode:3 Mean Avg Speed 2= 5.914 +/- 1.198
2023-03-17 Friday 00:37:27: Episode:4 Mean Avg Speed 2= 6.185 +/- 1.160
2023-03-17 Friday 00:37:27: 1-Total Mean Avg Speed 2= 6.057 +/- 0.147
2023-03-17 Friday 00:37:27: 2-Total Mean Avg Speed 2= 6.057 +/- 1.244
2023-03-17 Friday 00:37:27: Episode:0 Mean Avg Speed Cross Check= 7.165 +/- 1.289
2023-03-17 Friday 00:37:27: Episode:1 Mean Avg Speed Cross Check= 7.468 +/- 0.927
2023-03-17 Friday 00:37:27: Episode:2 Mean Avg Speed Cross Check= 7.491 +/- 0.859
2023-03-17 Friday 00:37:27: Episode:3 Mean Avg Speed Cross Check= 7.273 +/- 0.950
2023-03-17 Friday 00:37:27: Episode:4 Mean Avg Speed Cross Check= 7.494 +/- 0.892
2023-03-17 Friday 00:37:27: 1-Total Mean Avg Speed Cross Check= 7.378 +/- 0.135
2023-03-17 Friday 00:37:27: 2-Total Mean Avg Speed Cross Check= 7.378 +/- 0.984
2023-03-17 Friday 00:37:27: ****************************************
