2023-02-03 Friday 15:15:04 root:INFO:Total Missing States: 0
2023-02-03 Friday 15:15:04 root:INFO:Mean Reward=-701.41 +/- 1.74
2023-02-03 Friday 15:15:04 root:INFO:Mean Stopped=1440890.80 +/- 380.83
2023-02-03 Friday 15:15:04 root:INFO:Mean Waiting Time=642973238.80 +/- 337804.54
2023-02-03 Friday 15:15:04 root:INFO:****************************************
2023-02-03 Friday 15:15:04 root:INFO:Calculation 1 - Overall 
2023-02-03 Friday 15:15:04 root:INFO:****************************************
2023-02-03 Friday 15:15:04 root:INFO:Inner X Outer Loops Mean Reward=-0.070 +/- 5.086
2023-02-03 Friday 15:15:04 root:INFO:Inner X Outer Loops Mean Stopped= 144.075 +/- 24.612
2023-02-03 Friday 15:15:04 root:INFO:Inner X Outer Loops Mean Waiting Time= 64290.895 +/- 14267.262
2023-02-03 Friday 15:15:04 root:INFO:****************************************
2023-02-03 Friday 15:15:04 root:INFO:Calculation 2 - Per Episode
2023-02-03 Friday 15:15:04 root:INFO:****************************************
2023-02-03 Friday 15:15:04 root:INFO:Episode:0 Mean Waiting Time=-0.070 +/- 5.087
2023-02-03 Friday 15:15:04 root:INFO:Episode:1 Mean Waiting Time=-0.070 +/- 5.084
2023-02-03 Friday 15:15:04 root:INFO:Episode:2 Mean Waiting Time=-0.070 +/- 5.090
2023-02-03 Friday 15:15:04 root:INFO:Episode:3 Mean Waiting Time=-0.070 +/- 5.087
2023-02-03 Friday 15:15:04 root:INFO:Episode:4 Mean Waiting Time=-0.070 +/- 5.084
2023-02-03 Friday 15:15:04 root:INFO:1-Total Mean Reward= -0.070 +/- 0.000
2023-02-03 Friday 15:15:04 root:INFO:2-Total Mean Reward= -0.070 +/- 5.086
2023-02-03 Friday 15:15:04 root:INFO:****
2023-02-03 Friday 15:15:04 root:INFO:Episode:0 Mean Stopped= 144.110 +/- 24.628
2023-02-03 Friday 15:15:04 root:INFO:Episode:1 Mean Stopped= 144.065 +/- 24.622
2023-02-03 Friday 15:15:04 root:INFO:Episode:2 Mean Stopped= 144.100 +/- 24.370
2023-02-03 Friday 15:15:04 root:INFO:Episode:3 Mean Stopped= 144.094 +/- 24.640
2023-02-03 Friday 15:15:04 root:INFO:Episode:4 Mean Stopped= 144.004 +/- 24.801
2023-02-03 Friday 15:15:04 root:INFO:1-Total Mean Stopped= 144.075 +/- 0.038
2023-02-03 Friday 15:15:04 root:INFO:2-Total Mean Stopped= 144.075 +/- 24.612
2023-02-03 Friday 15:15:04 root:INFO:****
2023-02-03 Friday 15:15:04 root:INFO:Episode:0 Mean Waiting Time= 64311.022 +/- 14287.417
2023-02-03 Friday 15:15:04 root:INFO:Episode:1 Mean Waiting Time= 64268.779 +/- 14272.171
2023-02-03 Friday 15:15:04 root:INFO:Episode:2 Mean Waiting Time= 64318.525 +/- 14153.370
2023-02-03 Friday 15:15:04 root:INFO:Episode:3 Mean Waiting Time= 64321.190 +/- 14286.723
2023-02-03 Friday 15:15:04 root:INFO:Episode:4 Mean Waiting Time= 64234.958 +/- 14335.781
2023-02-03 Friday 15:15:04 root:INFO:1-Total Mean Waiting Time= 64290.895 +/- 33.777
2023-02-03 Friday 15:15:04 root:INFO:2-Total Mean Waiting Time= 64290.895 +/- 14267.092
2023-02-03 Friday 15:15:04 root:INFO:****************************************
