2023-03-08 Wednesday 11:58:09: Run: 3 for Training experiment: DoE-43 - first seed: 370 - alpha: 0.5 - gamma: 0.9 - epsilon: 0.2 - reward: diff-waiting-time
2023-03-08 Wednesday 12:03:34: Run: 1 - First Epsilon: 0.2 - Last Epsilon: 0.2
2023-03-08 Wednesday 12:08:41: Run: 2 - First Epsilon: 0.2 - Last Epsilon: 0.2
2023-03-08 Wednesday 12:13:47: Run: 3 - First Epsilon: 0.2 - Last Epsilon: 0.2
2023-03-08 Wednesday 12:18:59: Run: 4 - First Epsilon: 0.2 - Last Epsilon: 0.2
2023-03-08 Wednesday 12:24:29: Run: 5 - First Epsilon: 0.2 - Last Epsilon: 0.2
2023-03-08 Wednesday 12:24:29: Q-Table Total Distinct States: 229
2023-03-08 Wednesday 12:24:29: Mean_reward=-1.49 +/- 1.07
2023-03-08 Wednesday 12:24:29: Mean_Stopped=72139.40 +/- 1918.63
2023-03-08 Wednesday 12:24:29: Mean_Stopped=72272.20 +/- 1935.99
2023-03-08 Wednesday 12:24:29: Mean_waiting_time=1580355.00 +/- 85118.22
2023-03-08 Wednesday 12:24:29: Mean_avg_speed=3643.85 +/- 37.86
2023-03-08 Wednesday 12:24:29: Mean_avg_speed_2=67713.61 +/- 743.76
2023-03-08 Wednesday 12:24:29: Mean_avg_speed_cross_check=79366.40 +/- 577.31
2023-03-08 Wednesday 12:24:29: ****************************************
2023-03-08 Wednesday 12:24:29: Calculation 1 - Overall 
2023-03-08 Wednesday 12:24:29: ****************************************
2023-03-08 Wednesday 12:24:30: Inner X Outer Loops Mean Reward= -0.000 +/- 0.755
2023-03-08 Wednesday 12:24:30: Inner X Outer Loops Mean Stopped= 7.213 +/- 2.287
2023-03-08 Wednesday 12:24:30: Inner X Outer Loops Mean Stopped Cross Check= 7.226 +/- 2.288
2023-03-08 Wednesday 12:24:30: Inner X Outer Loops Mean Waiting Time= 158.020 +/- 157.203
2023-03-08 Wednesday 12:24:30: Inner X Outer Loops Mean Avg Speed= 0.364 +/- 0.060
2023-03-08 Wednesday 12:24:30: Inner X Outer Loops Mean Avg Speed 2= 6.771 +/- 1.085
2023-03-08 Wednesday 12:24:30: Inner X Outer Loops Mean Avg Speed Cross Check= 7.936 +/- 0.772
2023-03-08 Wednesday 12:24:30: ****************************************
2023-03-08 Wednesday 12:24:30: Calculation 2 - Per Episode
2023-03-08 Wednesday 12:24:30: ****************************************
2023-03-08 Wednesday 12:24:30: Episode:0 Mean Reward= -0.000 +/- 0.785
2023-03-08 Wednesday 12:24:30: Episode:1 Mean Reward= -0.000 +/- 0.718
2023-03-08 Wednesday 12:24:30: Episode:2 Mean Reward= -0.000 +/- 0.742
2023-03-08 Wednesday 12:24:30: Episode:3 Mean Reward= -0.000 +/- 0.775
2023-03-08 Wednesday 12:24:30: Episode:4 Mean Reward= -0.000 +/- 0.754
2023-03-08 Wednesday 12:24:30: 1-Total Mean Reward= -0.000 +/- 0.000
2023-03-08 Wednesday 12:24:30: 2-Total Mean Reward= -0.000 +/- 0.755
2023-03-08 Wednesday 12:24:30: ****
2023-03-08 Wednesday 12:24:30: Episode:0 Mean Stopped= 7.112 +/- 2.230
2023-03-08 Wednesday 12:24:30: Episode:1 Mean Stopped= 7.035 +/- 2.140
2023-03-08 Wednesday 12:24:30: Episode:2 Mean Stopped= 7.032 +/- 2.115
2023-03-08 Wednesday 12:24:30: Episode:3 Mean Stopped= 7.479 +/- 2.489
2023-03-08 Wednesday 12:24:30: Episode:4 Mean Stopped= 7.409 +/- 2.398
2023-03-08 Wednesday 12:24:30: 1-Total Mean Stopped= 7.213 +/- 0.192
2023-03-08 Wednesday 12:24:30: 2-Total Mean Stopped= 7.213 +/- 2.274
2023-03-08 Wednesday 12:24:30: ****
2023-03-08 Wednesday 12:24:30: Episode:0 Mean Stopped Cross Check= 7.125 +/- 2.229
2023-03-08 Wednesday 12:24:30: Episode:1 Mean Stopped Cross Check= 7.046 +/- 2.141
2023-03-08 Wednesday 12:24:30: Episode:2 Mean Stopped Cross Check= 7.042 +/- 2.115
2023-03-08 Wednesday 12:24:30: Episode:3 Mean Stopped Cross Check= 7.494 +/- 2.491
2023-03-08 Wednesday 12:24:30: Episode:4 Mean Stopped Cross Check= 7.424 +/- 2.399
2023-03-08 Wednesday 12:24:30: 1-Total Mean Stopped Cross Check= 7.226 +/- 0.194
2023-03-08 Wednesday 12:24:30: 2-Total Mean Stopped Cross Check= 7.226 +/- 2.275
2023-03-08 Wednesday 12:24:30: ****
2023-03-08 Wednesday 12:24:30: Episode:0 Mean Waiting Time= 166.277 +/- 198.915
2023-03-08 Wednesday 12:24:30: Episode:1 Mean Waiting Time= 144.351 +/- 127.323
2023-03-08 Wednesday 12:24:30: Episode:2 Mean Waiting Time= 152.924 +/- 145.074
2023-03-08 Wednesday 12:24:30: Episode:3 Mean Waiting Time= 166.879 +/- 158.482
2023-03-08 Wednesday 12:24:30: Episode:4 Mean Waiting Time= 159.667 +/- 145.811
2023-03-08 Wednesday 12:24:30: 1-Total Mean Waiting Time= 158.020 +/- 8.511
2023-03-08 Wednesday 12:24:30: 2-Total Mean Waiting Time= 158.020 +/- 155.121
2023-03-08 Wednesday 12:24:30: Episode:0 Mean Avg Speed= 0.366 +/- 0.060
2023-03-08 Wednesday 12:24:30: Episode:1 Mean Avg Speed= 0.368 +/- 0.059
2023-03-08 Wednesday 12:24:30: Episode:2 Mean Avg Speed= 0.368 +/- 0.059
2023-03-08 Wednesday 12:24:30: Episode:3 Mean Avg Speed= 0.360 +/- 0.061
2023-03-08 Wednesday 12:24:30: Episode:4 Mean Avg Speed= 0.360 +/- 0.060
2023-03-08 Wednesday 12:24:30: 1-Total Mean Avg Speed= 0.364 +/- 0.004
2023-03-08 Wednesday 12:24:30: 2-Total Mean Avg Speed= 0.364 +/- 0.060
2023-03-08 Wednesday 12:24:30: Episode:0 Mean Avg Speed 2= 6.814 +/- 1.081
2023-03-08 Wednesday 12:24:30: Episode:1 Mean Avg Speed 2= 6.839 +/- 1.066
2023-03-08 Wednesday 12:24:30: Episode:2 Mean Avg Speed 2= 6.839 +/- 1.069
2023-03-08 Wednesday 12:24:30: Episode:3 Mean Avg Speed 2= 6.677 +/- 1.102
2023-03-08 Wednesday 12:24:30: Episode:4 Mean Avg Speed 2= 6.684 +/- 1.093
2023-03-08 Wednesday 12:24:30: 1-Total Mean Avg Speed 2= 6.771 +/- 0.074
2023-03-08 Wednesday 12:24:30: 2-Total Mean Avg Speed 2= 6.771 +/- 1.082
2023-03-08 Wednesday 12:24:30: Episode:0 Mean Avg Speed Cross Check= 7.975 +/- 0.768
2023-03-08 Wednesday 12:24:30: Episode:1 Mean Avg Speed Cross Check= 7.986 +/- 0.745
2023-03-08 Wednesday 12:24:30: Episode:2 Mean Avg Speed Cross Check= 7.988 +/- 0.753
2023-03-08 Wednesday 12:24:30: Episode:3 Mean Avg Speed Cross Check= 7.863 +/- 0.794
2023-03-08 Wednesday 12:24:30: Episode:4 Mean Avg Speed Cross Check= 7.867 +/- 0.787
2023-03-08 Wednesday 12:24:30: 1-Total Mean Avg Speed Cross Check= 7.936 +/- 0.058
2023-03-08 Wednesday 12:24:30: 2-Total Mean Avg Speed Cross Check= 7.936 +/- 0.769
2023-03-08 Wednesday 12:24:30: ****************************************
