2023-03-17 Friday 05:08:05: Run: 5 for Training experiment: DoE-46 - first seed: 570 - alpha: 0.5 - gamma: 0.9 - epsilon: 0.3 - reward: average-speed-2
2023-03-17 Friday 05:22:21: Run: 1 - First Epsilon: 0.3 - Last Epsilon: 0.3
2023-03-17 Friday 05:35:43: Run: 2 - First Epsilon: 0.3 - Last Epsilon: 0.3
2023-03-17 Friday 05:48:07: Run: 3 - First Epsilon: 0.3 - Last Epsilon: 0.3
2023-03-17 Friday 06:00:22: Run: 4 - First Epsilon: 0.3 - Last Epsilon: 0.3
2023-03-17 Friday 06:11:15: Run: 5 - First Epsilon: 0.3 - Last Epsilon: 0.3
2023-03-17 Friday 06:11:15: Q-Table Total Distinct States: 1029
2023-03-17 Friday 06:11:15: Mean_reward=18356.74 +/- 1758.79
2023-03-17 Friday 06:11:15: Mean_Stopped=548722.20 +/- 62412.00
2023-03-17 Friday 06:11:15: Mean_Stopped=548973.80 +/- 62423.07
2023-03-17 Friday 06:11:15: Mean_waiting_time=22214090.80 +/- 3365685.85
2023-03-17 Friday 06:11:15: Mean_avg_speed=988.22 +/- 94.50
2023-03-17 Friday 06:11:15: Mean_avg_speed_2=18356.74 +/- 1758.79
2023-03-17 Friday 06:11:15: Mean_avg_speed_cross_check=30371.78 +/- 2467.62
2023-03-17 Friday 06:11:15: ****************************************
2023-03-17 Friday 06:11:15: Calculation 1 - Overall 
2023-03-17 Friday 06:11:15: ****************************************
2023-03-17 Friday 06:11:15: Inner X Outer Loops Mean Reward= 1.835 +/- 0.599
2023-03-17 Friday 06:11:15: Inner X Outer Loops Mean Stopped= 54.867 +/- 12.748
2023-03-17 Friday 06:11:15: Inner X Outer Loops Mean Stopped Cross Check= 54.892 +/- 12.740
2023-03-17 Friday 06:11:15: Inner X Outer Loops Mean Waiting Time= 2221.187 +/- 2249.282
2023-03-17 Friday 06:11:15: Inner X Outer Loops Mean Avg Speed= 0.099 +/- 0.032
2023-03-17 Friday 06:11:15: Inner X Outer Loops Mean Avg Speed 2= 1.835 +/- 0.599
2023-03-17 Friday 06:11:15: Inner X Outer Loops Mean Avg Speed Cross Check= 3.037 +/- 0.679
2023-03-17 Friday 06:11:15: ****************************************
2023-03-17 Friday 06:11:15: Calculation 2 - Per Episode
2023-03-17 Friday 06:11:15: ****************************************
2023-03-17 Friday 06:11:15: Episode:0 Mean Reward= 1.567 +/- 0.518
2023-03-17 Friday 06:11:15: Episode:1 Mean Reward= 1.718 +/- 0.572
2023-03-17 Friday 06:11:15: Episode:2 Mean Reward= 1.884 +/- 0.579
2023-03-17 Friday 06:11:15: Episode:3 Mean Reward= 1.936 +/- 0.594
2023-03-17 Friday 06:11:15: Episode:4 Mean Reward= 2.073 +/- 0.594
2023-03-17 Friday 06:11:15: 1-Total Mean Reward= 1.835 +/- 0.176
2023-03-17 Friday 06:11:15: 2-Total Mean Reward= 1.835 +/- 0.572
2023-03-17 Friday 06:11:15: ****
2023-03-17 Friday 06:11:15: Episode:0 Mean Stopped= 64.824 +/- 11.188
2023-03-17 Friday 06:11:15: Episode:1 Mean Stopped= 58.649 +/- 10.842
2023-03-17 Friday 06:11:15: Episode:2 Mean Stopped= 52.551 +/- 9.808
2023-03-17 Friday 06:11:15: Episode:3 Mean Stopped= 51.463 +/- 12.514
2023-03-17 Friday 06:11:15: Episode:4 Mean Stopped= 46.846 +/- 11.060
2023-03-17 Friday 06:11:15: 1-Total Mean Stopped= 54.867 +/- 6.241
2023-03-17 Friday 06:11:15: 2-Total Mean Stopped= 54.867 +/- 11.082
2023-03-17 Friday 06:11:15: ****
2023-03-17 Friday 06:11:15: Episode:0 Mean Stopped Cross Check= 64.853 +/- 11.173
2023-03-17 Friday 06:11:15: Episode:1 Mean Stopped Cross Check= 58.673 +/- 10.833
2023-03-17 Friday 06:11:15: Episode:2 Mean Stopped Cross Check= 52.572 +/- 9.798
2023-03-17 Friday 06:11:15: Episode:3 Mean Stopped Cross Check= 51.490 +/- 12.505
2023-03-17 Friday 06:11:15: Episode:4 Mean Stopped Cross Check= 46.872 +/- 11.054
2023-03-17 Friday 06:11:15: 1-Total Mean Stopped Cross Check= 54.892 +/- 6.242
2023-03-17 Friday 06:11:15: 2-Total Mean Stopped Cross Check= 54.892 +/- 11.073
2023-03-17 Friday 06:11:15: ****
2023-03-17 Friday 06:11:15: Episode:0 Mean Waiting Time= 2696.358 +/- 2790.059
2023-03-17 Friday 06:11:15: Episode:1 Mean Waiting Time= 2549.450 +/- 2604.533
2023-03-17 Friday 06:11:15: Episode:2 Mean Waiting Time= 2010.455 +/- 1787.430
2023-03-17 Friday 06:11:15: Episode:3 Mean Waiting Time= 2004.453 +/- 1710.246
2023-03-17 Friday 06:11:15: Episode:4 Mean Waiting Time= 1845.218 +/- 2010.522
2023-03-17 Friday 06:11:15: 1-Total Mean Waiting Time= 2221.187 +/- 336.535
2023-03-17 Friday 06:11:15: 2-Total Mean Waiting Time= 2221.187 +/- 2180.558
2023-03-17 Friday 06:11:15: Episode:0 Mean Avg Speed= 0.084 +/- 0.028
2023-03-17 Friday 06:11:15: Episode:1 Mean Avg Speed= 0.092 +/- 0.031
2023-03-17 Friday 06:11:15: Episode:2 Mean Avg Speed= 0.101 +/- 0.031
2023-03-17 Friday 06:11:15: Episode:3 Mean Avg Speed= 0.104 +/- 0.032
2023-03-17 Friday 06:11:15: Episode:4 Mean Avg Speed= 0.112 +/- 0.032
2023-03-17 Friday 06:11:15: 1-Total Mean Avg Speed= 0.099 +/- 0.009
2023-03-17 Friday 06:11:15: 2-Total Mean Avg Speed= 0.099 +/- 0.031
2023-03-17 Friday 06:11:15: Episode:0 Mean Avg Speed 2= 1.567 +/- 0.518
2023-03-17 Friday 06:11:15: Episode:1 Mean Avg Speed 2= 1.718 +/- 0.572
2023-03-17 Friday 06:11:15: Episode:2 Mean Avg Speed 2= 1.884 +/- 0.579
2023-03-17 Friday 06:11:15: Episode:3 Mean Avg Speed 2= 1.936 +/- 0.594
2023-03-17 Friday 06:11:15: Episode:4 Mean Avg Speed 2= 2.073 +/- 0.594
2023-03-17 Friday 06:11:15: 1-Total Mean Avg Speed 2= 1.835 +/- 0.176
2023-03-17 Friday 06:11:15: 2-Total Mean Avg Speed 2= 1.835 +/- 0.572
2023-03-17 Friday 06:11:15: Episode:0 Mean Avg Speed Cross Check= 2.657 +/- 0.568
2023-03-17 Friday 06:11:15: Episode:1 Mean Avg Speed Cross Check= 2.875 +/- 0.619
2023-03-17 Friday 06:11:15: Episode:2 Mean Avg Speed Cross Check= 3.108 +/- 0.637
2023-03-17 Friday 06:11:15: Episode:3 Mean Avg Speed Cross Check= 3.177 +/- 0.675
2023-03-17 Friday 06:11:15: Episode:4 Mean Avg Speed Cross Check= 3.367 +/- 0.657
2023-03-17 Friday 06:11:15: 1-Total Mean Avg Speed Cross Check= 3.037 +/- 0.247
2023-03-17 Friday 06:11:15: 2-Total Mean Avg Speed Cross Check= 3.037 +/- 0.631
2023-03-17 Friday 06:11:15: ****************************************
