2023-04-12 Wednesday 17:03:49: Run: 5 for Training experiment: DE-6 - route: ../nets/roundabout/input_routes_roundabout_auto_v1-6.rou.xml - first seed: 570 - alpha: 0.5 - gamma: 0.99 - epsilon: 0.2 - reward: diff-waiting-time
2023-04-12 Wednesday 17:31:29: Run: 1 - First Epsilon: 0.2 - Last Epsilon: 0.2
2023-04-12 Wednesday 17:43:38: Run: 2 - First Epsilon: 0.2 - Last Epsilon: 0.2
2023-04-12 Wednesday 17:53:09: Run: 3 - First Epsilon: 0.2 - Last Epsilon: 0.2
2023-04-12 Wednesday 18:02:09: Run: 4 - First Epsilon: 0.2 - Last Epsilon: 0.2
2023-04-12 Wednesday 18:11:03: Run: 5 - First Epsilon: 0.2 - Last Epsilon: 0.2
2023-04-12 Wednesday 18:11:03: Q-Table Total Distinct States: 1322
2023-04-12 Wednesday 18:11:03: Mean_reward=-4.61 +/- 6.32
2023-04-12 Wednesday 18:11:03: Mean_Stopped=213234.40 +/- 243164.61
2023-04-12 Wednesday 18:11:03: Mean_Stopped=213374.00 +/- 243209.02
2023-04-12 Wednesday 18:11:03: Mean_waiting_time=6462692.00 +/- 8126966.45
2023-04-12 Wednesday 18:11:03: Mean_avg_speed=2934.57 +/- 1109.49
2023-04-12 Wednesday 18:11:03: Mean_avg_speed_2=54486.71 +/- 20601.93
2023-04-12 Wednesday 18:11:03: Mean_avg_speed_cross_check=66126.65 +/- 21023.62
2023-04-12 Wednesday 18:11:03: ****************************************
2023-04-12 Wednesday 18:11:03: Calculation 1 - Overall 
2023-04-12 Wednesday 18:11:03: ****************************************
2023-04-12 Wednesday 18:11:03: Inner X Outer Loops Mean Reward= -0.000 +/- 1.313
2023-04-12 Wednesday 18:11:03: Inner X Outer Loops Mean Stopped= 21.321 +/- 25.850
2023-04-12 Wednesday 18:11:03: Inner X Outer Loops Mean Stopped Cross Check= 21.335 +/- 25.854
2023-04-12 Wednesday 18:11:03: Inner X Outer Loops Mean Waiting Time= 646.205 +/- 1112.662
2023-04-12 Wednesday 18:11:03: Inner X Outer Loops Mean Avg Speed= 0.293 +/- 0.130
2023-04-12 Wednesday 18:11:03: Inner X Outer Loops Mean Avg Speed 2= 5.448 +/- 2.406
2023-04-12 Wednesday 18:11:03: Inner X Outer Loops Mean Avg Speed Cross Check= 6.612 +/- 2.343
2023-04-12 Wednesday 18:11:03: ****************************************
2023-04-12 Wednesday 18:11:03: Calculation 2 - Per Episode
2023-04-12 Wednesday 18:11:03: ****************************************
2023-04-12 Wednesday 18:11:03: Episode:0 Mean Reward= -0.002 +/- 2.292
2023-04-12 Wednesday 18:11:03: Episode:1 Mean Reward= -0.000 +/- 1.216
2023-04-12 Wednesday 18:11:03: Episode:2 Mean Reward= -0.000 +/- 0.825
2023-04-12 Wednesday 18:11:03: Episode:3 Mean Reward= -0.000 +/- 0.794
2023-04-12 Wednesday 18:11:03: Episode:4 Mean Reward= -0.000 +/- 0.762
2023-04-12 Wednesday 18:11:03: 1-Total Mean Reward= -0.000 +/- 0.001
2023-04-12 Wednesday 18:11:03: 2-Total Mean Reward= -0.000 +/- 1.178
2023-04-12 Wednesday 18:11:03: ****
2023-04-12 Wednesday 18:11:03: Episode:0 Mean Stopped= 69.510 +/- 14.330
2023-04-12 Wednesday 18:11:03: Episode:1 Mean Stopped= 15.581 +/- 12.866
2023-04-12 Wednesday 18:11:03: Episode:2 Mean Stopped= 7.294 +/- 2.249
2023-04-12 Wednesday 18:11:03: Episode:3 Mean Stopped= 7.286 +/- 2.260
2023-04-12 Wednesday 18:11:03: Episode:4 Mean Stopped= 6.935 +/- 2.066
2023-04-12 Wednesday 18:11:03: 1-Total Mean Stopped= 21.321 +/- 24.314
2023-04-12 Wednesday 18:11:03: 2-Total Mean Stopped= 21.321 +/- 6.754
2023-04-12 Wednesday 18:11:03: ****
2023-04-12 Wednesday 18:11:03: Episode:0 Mean Stopped Cross Check= 69.533 +/- 14.325
2023-04-12 Wednesday 18:11:03: Episode:1 Mean Stopped Cross Check= 15.596 +/- 12.869
2023-04-12 Wednesday 18:11:03: Episode:2 Mean Stopped Cross Check= 7.305 +/- 2.248
2023-04-12 Wednesday 18:11:03: Episode:3 Mean Stopped Cross Check= 7.298 +/- 2.259
2023-04-12 Wednesday 18:11:03: Episode:4 Mean Stopped Cross Check= 6.945 +/- 2.064
2023-04-12 Wednesday 18:11:03: 1-Total Mean Stopped Cross Check= 21.335 +/- 24.318
2023-04-12 Wednesday 18:11:03: 2-Total Mean Stopped Cross Check= 21.335 +/- 6.753
2023-04-12 Wednesday 18:11:03: ****
2023-04-12 Wednesday 18:11:03: Episode:0 Mean Waiting Time= 2256.268 +/- 1545.648
2023-04-12 Wednesday 18:11:03: Episode:1 Mean Waiting Time= 457.623 +/- 645.459
2023-04-12 Wednesday 18:11:03: Episode:2 Mean Waiting Time= 184.786 +/- 174.184
2023-04-12 Wednesday 18:11:03: Episode:3 Mean Waiting Time= 172.700 +/- 167.101
2023-04-12 Wednesday 18:11:03: Episode:4 Mean Waiting Time= 159.646 +/- 156.402
2023-04-12 Wednesday 18:11:03: 1-Total Mean Waiting Time= 646.205 +/- 812.615
2023-04-12 Wednesday 18:11:03: 2-Total Mean Waiting Time= 646.205 +/- 537.759
2023-04-12 Wednesday 18:11:03: Episode:0 Mean Avg Speed= 0.080 +/- 0.030
2023-04-12 Wednesday 18:11:03: Episode:1 Mean Avg Speed= 0.288 +/- 0.108
2023-04-12 Wednesday 18:11:03: Episode:2 Mean Avg Speed= 0.364 +/- 0.059
2023-04-12 Wednesday 18:11:03: Episode:3 Mean Avg Speed= 0.364 +/- 0.059
2023-04-12 Wednesday 18:11:03: Episode:4 Mean Avg Speed= 0.371 +/- 0.059
2023-04-12 Wednesday 18:11:03: 1-Total Mean Avg Speed= 0.293 +/- 0.111
2023-04-12 Wednesday 18:11:03: 2-Total Mean Avg Speed= 0.293 +/- 0.063
2023-04-12 Wednesday 18:11:03: Episode:0 Mean Avg Speed 2= 1.486 +/- 0.551
2023-04-12 Wednesday 18:11:03: Episode:1 Mean Avg Speed 2= 5.351 +/- 1.996
2023-04-12 Wednesday 18:11:03: Episode:2 Mean Avg Speed 2= 6.763 +/- 1.065
2023-04-12 Wednesday 18:11:03: Episode:3 Mean Avg Speed 2= 6.746 +/- 1.076
2023-04-12 Wednesday 18:11:03: Episode:4 Mean Avg Speed 2= 6.895 +/- 1.065
2023-04-12 Wednesday 18:11:03: 1-Total Mean Avg Speed 2= 5.448 +/- 2.060
2023-04-12 Wednesday 18:11:03: 2-Total Mean Avg Speed 2= 5.448 +/- 1.151
2023-04-12 Wednesday 18:11:03: Episode:0 Mean Avg Speed Cross Check= 2.530 +/- 0.634
2023-04-12 Wednesday 18:11:03: Episode:1 Mean Avg Speed Cross Check= 6.662 +/- 1.796
2023-04-12 Wednesday 18:11:03: Episode:2 Mean Avg Speed Cross Check= 7.927 +/- 0.763
2023-04-12 Wednesday 18:11:03: Episode:3 Mean Avg Speed Cross Check= 7.915 +/- 0.766
2023-04-12 Wednesday 18:11:03: Episode:4 Mean Avg Speed Cross Check= 8.026 +/- 0.746
2023-04-12 Wednesday 18:11:03: 1-Total Mean Avg Speed Cross Check= 6.612 +/- 2.102
2023-04-12 Wednesday 18:11:03: 2-Total Mean Avg Speed Cross Check= 6.612 +/- 0.941
2023-04-12 Wednesday 18:11:03: ****************************************
