2023-04-12 Wednesday 18:20:51 root:INFO:Run: 5 for Baseline experiment: DE-6 - route: ../nets/roundabout/input_routes_roundabout_auto_v1-6.rou.xml - first seed: 580 - alpha: 0.5 - gamma: 0.99 - epsilon: 0.2 - reward: diff-waiting-time
2023-04-12 Wednesday 19:08:37 root:INFO:Total Missing States: 0
2023-04-12 Wednesday 19:08:37 root:INFO:Mean Reward=-1430989.00 +/- 0.00
2023-04-12 Wednesday 19:08:37 root:INFO:Mean Stopped=1430989.00 +/- 0.00
2023-04-12 Wednesday 19:08:37 root:INFO:Mean_Stopped=1431010.00 +/- 0.00
2023-04-12 Wednesday 19:08:37 root:INFO:Mean Waiting Time=32220740.00 +/- 0.00
2023-04-12 Wednesday 19:08:37 root:INFO:Mean_avg_speed=379.08 +/- 0.00
2023-04-12 Wednesday 19:08:37 root:INFO:Mean_avg_speed_2=7046.22 +/- 0.00
2023-04-12 Wednesday 19:08:37 root:INFO:Mean_avg_speed_cross_check=12624.53 +/- 0.00
2023-04-12 Wednesday 19:08:37 root:INFO:****************************************
2023-04-12 Wednesday 19:08:37 root:INFO:Calculation 1 - Overall 
2023-04-12 Wednesday 19:08:37 root:INFO:****************************************
2023-04-12 Wednesday 19:08:37 root:INFO:Inner X Outer Loops Mean Reward=-143.085 +/- 24.234
2023-04-12 Wednesday 19:08:37 root:INFO:Inner X Outer Loops Mean Stopped= 143.085 +/- 24.234
2023-04-12 Wednesday 19:08:37 root:INFO:Inner X Outer Loops Mean Stopped Cross Check= 143.087 +/- 24.226
2023-04-12 Wednesday 19:08:37 root:INFO:Inner X Outer Loops Mean Waiting Time= 3221.752 +/- 576.429
2023-04-12 Wednesday 19:08:37 root:INFO:Inner X Outer Loops Mean Avg Speed= 0.038 +/- 0.032
2023-04-12 Wednesday 19:08:37 root:INFO:Inner X Outer Loops Mean Avg Speed 2= 0.705 +/- 0.592
2023-04-12 Wednesday 19:08:37 root:INFO:Inner X Outer Loops Mean Avg Speed Cross Check= 1.262 +/- 0.672
2023-04-12 Wednesday 19:08:37 root:INFO:****************************************
2023-04-12 Wednesday 19:08:37 root:INFO:Calculation 2 - Per Episode
2023-04-12 Wednesday 19:08:37 root:INFO:****************************************
2023-04-12 Wednesday 19:08:37 root:INFO:Episode:0 Mean Waiting Time=-143.085 +/- 24.234
2023-04-12 Wednesday 19:08:37 root:INFO:1-Total Mean Reward= -143.085 +/- 0.000
2023-04-12 Wednesday 19:08:37 root:INFO:2-Total Mean Reward= -143.085 +/- 24.234
2023-04-12 Wednesday 19:08:37 root:INFO:****
2023-04-12 Wednesday 19:08:37 root:INFO:Episode:0 Mean Stopped= 143.085 +/- 24.234
2023-04-12 Wednesday 19:08:37 root:INFO:1-Total Mean Stopped= 143.085 +/- 0.000
2023-04-12 Wednesday 19:08:37 root:INFO:2-Total Mean Stopped= 143.085 +/- 24.234
2023-04-12 Wednesday 19:08:37 root:INFO:****
2023-04-12 Wednesday 19:08:37 root:INFO:Episode:0 Mean Stopped Cross Check= 143.087 +/- 24.226
2023-04-12 Wednesday 19:08:37 root:INFO:1-Total Mean Stopped Cross Check= 143.087 +/- 0.000
2023-04-12 Wednesday 19:08:37 root:INFO:2-Total Mean Stopped Cross Check= 143.087 +/- 24.226
2023-04-12 Wednesday 19:08:37 root:INFO:****
2023-04-12 Wednesday 19:08:37 root:INFO:Episode:0 Mean Waiting Time= 3221.752 +/- 576.429
2023-04-12 Wednesday 19:08:37 root:INFO:1-Total Mean Waiting Time= 3221.752 +/- 0.000
2023-04-12 Wednesday 19:08:37 root:INFO:2-Total Mean Waiting Time= 3221.752 +/- 576.429
2023-04-12 Wednesday 19:08:37 root:INFO:Episode:0 Mean Avg Speed= 0.038 +/- 0.032
2023-04-12 Wednesday 19:08:37 root:INFO:1-Total Mean Avg Speed= 0.038 +/- 0.000
2023-04-12 Wednesday 19:08:37 root:INFO:2-Total Mean Avg Speed= 0.038 +/- 0.032
2023-04-12 Wednesday 19:08:37 root:INFO:Episode:0 Mean Avg Speed 2= 0.705 +/- 0.592
2023-04-12 Wednesday 19:08:37 root:INFO:1-Total Mean Avg Speed 2= 0.705 +/- 0.000
2023-04-12 Wednesday 19:08:37 root:INFO:2-Total Mean Avg Speed 2= 0.705 +/- 0.592
2023-04-12 Wednesday 19:08:37 root:INFO:Episode:0 Mean Avg Speed Cross Check= 1.262 +/- 0.672
2023-04-12 Wednesday 19:08:37 root:INFO:1-Total Mean Avg Speed Cross Check= 1.262 +/- 0.000
2023-04-12 Wednesday 19:08:37 root:INFO:2-Total Mean Avg Speed Cross Check= 1.262 +/- 0.672
2023-04-12 Wednesday 19:08:37 root:INFO:****************************************
