2023-04-15 Saturday 20:25:49 root:INFO:Run: 3 for Baseline experiment: DE-Enhanced-5 - route: ../nets/roundabout/input_routes_roundabout_auto_v1-5.rou.xml - first seed: 380 - alpha: 0.5 - gamma: 0.99 - epsilon: 0.2 - reward: diff-waiting-time
2023-04-15 Saturday 21:30:24 root:INFO:Total Missing States: 0
2023-04-15 Saturday 21:30:24 root:INFO:Mean Reward=-2016397.00 +/- 0.00
2023-04-15 Saturday 21:30:24 root:INFO:Mean Stopped=2016397.00 +/- 0.00
2023-04-15 Saturday 21:30:24 root:INFO:Mean_Stopped=2017228.00 +/- 0.00
2023-04-15 Saturday 21:30:24 root:INFO:Mean Waiting Time=45878898.00 +/- 0.00
2023-04-15 Saturday 21:30:24 root:INFO:Mean_avg_speed=267.13 +/- 0.00
2023-04-15 Saturday 21:30:24 root:INFO:Mean_avg_speed_2=4952.74 +/- 0.00
2023-04-15 Saturday 21:30:24 root:INFO:Mean_avg_speed_cross_check=8911.75 +/- 0.00
2023-04-15 Saturday 21:30:24 root:INFO:Mean_average_co2_emission_tl=25191720.58 +/- 0.00
2023-04-15 Saturday 21:30:24 root:INFO:Mean_average_co_emission_tl=1490239.71 +/- 0.00
2023-04-15 Saturday 21:30:24 root:INFO:Mean_average_fuel_consumption_tl=10829.53 +/- 0.00
2023-04-15 Saturday 21:30:24 root:INFO:Mean_average_noise_emission_tl=561919.65 +/- 0.00
2023-04-15 Saturday 21:30:24 root:INFO:Mean_average_co2_emission=25025012.20 +/- 0.00
2023-04-15 Saturday 21:30:24 root:INFO:Mean_average_co_emission=1437984.59 +/- 0.00
2023-04-15 Saturday 21:30:24 root:INFO:Mean_average_fuel_consumptions=10757.84 +/- 0.00
2023-04-15 Saturday 21:30:24 root:INFO:Mean_average_noise_emissions=564520.99 +/- 0.00
2023-04-15 Saturday 21:30:24 root:INFO:****************************************
2023-04-15 Saturday 21:30:24 root:INFO:Calculation 1 - Overall 
2023-04-15 Saturday 21:30:24 root:INFO:****************************************
2023-04-15 Saturday 21:30:24 root:INFO:Inner X Outer Loops Mean Reward=-201.620 +/- 24.327
2023-04-15 Saturday 21:30:24 root:INFO:Inner X Outer Loops Mean Stopped= 201.620 +/- 24.327
2023-04-15 Saturday 21:30:24 root:INFO:Inner X Outer Loops Mean Stopped Cross Check= 201.703 +/- 24.322
2023-04-15 Saturday 21:30:24 root:INFO:Inner X Outer Loops Mean Waiting Time= 4587.431 +/- 572.386
2023-04-15 Saturday 21:30:24 root:INFO:Inner X Outer Loops Mean Avg Speed= 0.027 +/- 0.026
2023-04-15 Saturday 21:30:24 root:INFO:Inner X Outer Loops Mean Avg Speed 2= 0.495 +/- 0.495
2023-04-15 Saturday 21:30:24 root:INFO:Inner X Outer Loops Mean Avg Speed Cross Check= 0.891 +/- 0.541
2023-04-15 Saturday 21:30:24 root:INFO:Inner X Outer Loops Mean Average CO2 Emission TL= 2518.920 +/- 55.860
2023-04-15 Saturday 21:30:24 root:INFO:Inner X Outer Loops Mean Average CO Emission TL= 149.009 +/- 4.334
2023-04-15 Saturday 21:30:24 root:INFO:Inner X Outer Loops Mean Average Fuel Consumption TL= 1.083 +/- 0.024
2023-04-15 Saturday 21:30:24 root:INFO:Inner X Outer Loops Mean Average Noise Emission TL= 56.186 +/- 0.369
2023-04-15 Saturday 21:30:24 root:INFO:Inner X Outer Loops Mean Average CO2 Emission= 2502.251 +/- 51.425
2023-04-15 Saturday 21:30:24 root:INFO:Inner X Outer Loops Mean Average CO Emission= 143.784 +/- 5.283
2023-04-15 Saturday 21:30:24 root:INFO:Inner X Outer Loops Mean Average Fuel Consumptions= 1.076 +/- 0.022
2023-04-15 Saturday 21:30:24 root:INFO:Inner X Outer Loops Mean Average Noise Emissions= 56.446 +/- 0.395
2023-04-15 Saturday 21:30:24 root:INFO:****************************************
2023-04-15 Saturday 21:30:24 root:INFO:Calculation 2 - Per Episode
2023-04-15 Saturday 21:30:24 root:INFO:****************************************
2023-04-15 Saturday 21:30:24 root:INFO:Episode:0 Mean Waiting Time=-201.620 +/- 24.327
2023-04-15 Saturday 21:30:24 root:INFO:1-Total Mean Reward= -201.620 +/- 0.000
2023-04-15 Saturday 21:30:24 root:INFO:2-Total Mean Reward= -201.620 +/- 24.327
2023-04-15 Saturday 21:30:24 root:INFO:****
2023-04-15 Saturday 21:30:24 root:INFO:Episode:0 Mean Stopped= 201.620 +/- 24.327
2023-04-15 Saturday 21:30:24 root:INFO:1-Total Mean Stopped= 201.620 +/- 0.000
2023-04-15 Saturday 21:30:24 root:INFO:2-Total Mean Stopped= 201.620 +/- 24.327
2023-04-15 Saturday 21:30:24 root:INFO:****
2023-04-15 Saturday 21:30:24 root:INFO:Episode:0 Mean Stopped Cross Check= 201.703 +/- 24.322
2023-04-15 Saturday 21:30:24 root:INFO:1-Total Mean Stopped Cross Check= 201.703 +/- 0.000
2023-04-15 Saturday 21:30:24 root:INFO:2-Total Mean Stopped Cross Check= 201.703 +/- 24.322
2023-04-15 Saturday 21:30:24 root:INFO:****
2023-04-15 Saturday 21:30:24 root:INFO:Episode:0 Mean Waiting Time= 4587.431 +/- 572.386
2023-04-15 Saturday 21:30:24 root:INFO:1-Total Mean Waiting Time= 4587.431 +/- 0.000
2023-04-15 Saturday 21:30:24 root:INFO:2-Total Mean Waiting Time= 4587.431 +/- 572.386
2023-04-15 Saturday 21:30:24 root:INFO:Episode:0 Mean Avg Speed= 0.027 +/- 0.026
2023-04-15 Saturday 21:30:24 root:INFO:1-Total Mean Avg Speed= 0.027 +/- 0.000
2023-04-15 Saturday 21:30:24 root:INFO:2-Total Mean Avg Speed= 0.027 +/- 0.026
2023-04-15 Saturday 21:30:24 root:INFO:Episode:0 Mean Avg Speed 2= 0.495 +/- 0.495
2023-04-15 Saturday 21:30:24 root:INFO:1-Total Mean Avg Speed 2= 0.495 +/- 0.000
2023-04-15 Saturday 21:30:24 root:INFO:2-Total Mean Avg Speed 2= 0.495 +/- 0.495
2023-04-15 Saturday 21:30:24 root:INFO:Episode:0 Mean Avg Speed Cross Check= 0.891 +/- 0.541
2023-04-15 Saturday 21:30:24 root:INFO:1-Total Mean Avg Speed Cross Check= 0.891 +/- 0.000
2023-04-15 Saturday 21:30:24 root:INFO:2-Total Mean Avg Speed Cross Check= 0.891 +/- 0.541
2023-04-15 Saturday 21:30:24 root:INFO:Episode:0 Mean Average CO2 Emission TL= 2518.920 +/- 55.860
2023-04-15 Saturday 21:30:24 root:INFO:1-Total Mean Average CO2 Emission TL= 2518.920 +/- 0.000
2023-04-15 Saturday 21:30:24 root:INFO:2-Total Mean Average CO2 Emission TL= 2518.920 +/- 55.860
2023-04-15 Saturday 21:30:24 root:INFO:Episode:0 Mean Average CO Emission TL= 149.009 +/- 4.334
2023-04-15 Saturday 21:30:24 root:INFO:1-Total Mean Average CO Emission TL= 149.009 +/- 0.000
2023-04-15 Saturday 21:30:24 root:INFO:2-Total Mean Average CO Emission TL= 149.009 +/- 4.334
2023-04-15 Saturday 21:30:24 root:INFO:Episode:0 Mean Average Fuel Consumption TL= 1.083 +/- 0.024
2023-04-15 Saturday 21:30:24 root:INFO:1-Total Mean Average Fuel Consumption TL= 1.083 +/- 0.000
2023-04-15 Saturday 21:30:24 root:INFO:2-Total Mean Average Fuel Consumption TL= 1.083 +/- 0.024
2023-04-15 Saturday 21:30:24 root:INFO:Episode:0 Mean Average Noise Emission TL= 56.186 +/- 0.369
2023-04-15 Saturday 21:30:24 root:INFO:1-Total Mean Average Noise Emission TL= 56.186 +/- 0.000
2023-04-15 Saturday 21:30:24 root:INFO:2-Total Mean Average Noise Emission TL= 56.186 +/- 0.369
2023-04-15 Saturday 21:30:24 root:INFO:Episode:0 Mean Average CO2 Emission= 2502.251 +/- 51.425
2023-04-15 Saturday 21:30:24 root:INFO:1-Total Mean Average CO2 Emission= 2502.251 +/- 0.000
2023-04-15 Saturday 21:30:24 root:INFO:2-Total Mean Average CO2 Emission= 2502.251 +/- 51.425
2023-04-15 Saturday 21:30:24 root:INFO:Episode:0 Mean Average CO Emission= 143.784 +/- 5.283
2023-04-15 Saturday 21:30:24 root:INFO:1-Total Mean Average CO Emission= 143.784 +/- 0.000
2023-04-15 Saturday 21:30:24 root:INFO:2-Total Mean Average CO Emission= 143.784 +/- 5.283
2023-04-15 Saturday 21:30:24 root:INFO:Episode:0 Mean Average Fuel Consumption= 1.076 +/- 0.022
2023-04-15 Saturday 21:30:24 root:INFO:1-Total Mean Average Fuel Consumption= 1.076 +/- 0.000
2023-04-15 Saturday 21:30:24 root:INFO:2-Total Mean Average Fuel Consumption= 1.076 +/- 0.022
2023-04-15 Saturday 21:30:24 root:INFO:Episode:0 Mean Average Noise Emission= 56.446 +/- 0.395
2023-04-15 Saturday 21:30:24 root:INFO:1-Total Mean Average Noise Emission= 56.446 +/- 0.000
2023-04-15 Saturday 21:30:24 root:INFO:2-Total Mean Average Noise Emission= 56.446 +/- 0.395
2023-04-15 Saturday 21:30:24 root:INFO:****************************************
