2023-04-11 Tuesday 15:30:49 root:INFO:Run: 3 for Baseline experiment: DE-8 - route: ../nets/roundabout/input_routes_roundabout_auto_v1-8.rou.xml - first seed: 380 - alpha: 0.5 - gamma: 0.99 - epsilon: 0.2 - reward: diff-waiting-time
2023-04-11 Tuesday 15:36:02 root:INFO:Total Missing States: 0
2023-04-11 Tuesday 15:36:02 root:INFO:Mean Reward=-28069.00 +/- 0.00
2023-04-11 Tuesday 15:36:02 root:INFO:Mean Stopped=28069.00 +/- 0.00
2023-04-11 Tuesday 15:36:02 root:INFO:Mean_Stopped=28069.00 +/- 0.00
2023-04-11 Tuesday 15:36:02 root:INFO:Mean Waiting Time=362925.00 +/- 0.00
2023-04-11 Tuesday 15:36:02 root:INFO:Mean_avg_speed=4020.98 +/- 0.00
2023-04-11 Tuesday 15:36:02 root:INFO:Mean_avg_speed_2=74336.69 +/- 0.00
2023-04-11 Tuesday 15:36:02 root:INFO:Mean_avg_speed_cross_check=85803.01 +/- 0.00
2023-04-11 Tuesday 15:36:02 root:INFO:****************************************
2023-04-11 Tuesday 15:36:02 root:INFO:Calculation 1 - Overall 
2023-04-11 Tuesday 15:36:02 root:INFO:****************************************
2023-04-11 Tuesday 15:36:02 root:INFO:Inner X Outer Loops Mean Reward=-2.807 +/- 1.506
2023-04-11 Tuesday 15:36:02 root:INFO:Inner X Outer Loops Mean Stopped= 2.807 +/- 1.506
2023-04-11 Tuesday 15:36:02 root:INFO:Inner X Outer Loops Mean Stopped Cross Check= 2.807 +/- 1.506
2023-04-11 Tuesday 15:36:02 root:INFO:Inner X Outer Loops Mean Waiting Time= 36.289 +/- 40.951
2023-04-11 Tuesday 15:36:02 root:INFO:Inner X Outer Loops Mean Avg Speed= 0.402 +/- 0.153
2023-04-11 Tuesday 15:36:02 root:INFO:Inner X Outer Loops Mean Avg Speed 2= 7.433 +/- 2.774
2023-04-11 Tuesday 15:36:02 root:INFO:Inner X Outer Loops Mean Avg Speed Cross Check= 8.579 +/- 1.530
2023-04-11 Tuesday 15:36:02 root:INFO:****************************************
2023-04-11 Tuesday 15:36:02 root:INFO:Calculation 2 - Per Episode
2023-04-11 Tuesday 15:36:02 root:INFO:****************************************
2023-04-11 Tuesday 15:36:02 root:INFO:Episode:0 Mean Waiting Time=-2.807 +/- 1.506
2023-04-11 Tuesday 15:36:02 root:INFO:1-Total Mean Reward= -2.807 +/- 0.000
2023-04-11 Tuesday 15:36:02 root:INFO:2-Total Mean Reward= -2.807 +/- 1.506
2023-04-11 Tuesday 15:36:02 root:INFO:****
2023-04-11 Tuesday 15:36:02 root:INFO:Episode:0 Mean Stopped= 2.807 +/- 1.506
2023-04-11 Tuesday 15:36:02 root:INFO:1-Total Mean Stopped= 2.807 +/- 0.000
2023-04-11 Tuesday 15:36:02 root:INFO:2-Total Mean Stopped= 2.807 +/- 1.506
2023-04-11 Tuesday 15:36:02 root:INFO:****
2023-04-11 Tuesday 15:36:02 root:INFO:Episode:0 Mean Stopped Cross Check= 2.807 +/- 1.506
2023-04-11 Tuesday 15:36:02 root:INFO:1-Total Mean Stopped Cross Check= 2.807 +/- 0.000
2023-04-11 Tuesday 15:36:02 root:INFO:2-Total Mean Stopped Cross Check= 2.807 +/- 1.506
2023-04-11 Tuesday 15:36:02 root:INFO:****
2023-04-11 Tuesday 15:36:02 root:INFO:Episode:0 Mean Waiting Time= 36.289 +/- 40.951
2023-04-11 Tuesday 15:36:02 root:INFO:1-Total Mean Waiting Time= 36.289 +/- 0.000
2023-04-11 Tuesday 15:36:02 root:INFO:2-Total Mean Waiting Time= 36.289 +/- 40.951
2023-04-11 Tuesday 15:36:02 root:INFO:Episode:0 Mean Avg Speed= 0.402 +/- 0.153
2023-04-11 Tuesday 15:36:02 root:INFO:1-Total Mean Avg Speed= 0.402 +/- 0.000
2023-04-11 Tuesday 15:36:02 root:INFO:2-Total Mean Avg Speed= 0.402 +/- 0.153
2023-04-11 Tuesday 15:36:02 root:INFO:Episode:0 Mean Avg Speed 2= 7.433 +/- 2.774
2023-04-11 Tuesday 15:36:02 root:INFO:1-Total Mean Avg Speed 2= 7.433 +/- 0.000
2023-04-11 Tuesday 15:36:02 root:INFO:2-Total Mean Avg Speed 2= 7.433 +/- 2.774
2023-04-11 Tuesday 15:36:02 root:INFO:Episode:0 Mean Avg Speed Cross Check= 8.579 +/- 1.530
2023-04-11 Tuesday 15:36:02 root:INFO:1-Total Mean Avg Speed Cross Check= 8.579 +/- 0.000
2023-04-11 Tuesday 15:36:02 root:INFO:2-Total Mean Avg Speed Cross Check= 8.579 +/- 1.530
2023-04-11 Tuesday 15:36:02 root:INFO:****************************************
