2023-03-17 Friday 06:22:00: Run: 5 for Training experiment: DoE-47 - first seed: 570 - alpha: 0.5 - gamma: 0.9 - epsilon: 0.4 - reward: diff-waiting-time
2023-03-17 Friday 06:27:51: Run: 1 - First Epsilon: 0.4 - Last Epsilon: 0.4
2023-03-17 Friday 06:33:43: Run: 2 - First Epsilon: 0.4 - Last Epsilon: 0.4
2023-03-17 Friday 06:39:42: Run: 3 - First Epsilon: 0.4 - Last Epsilon: 0.4
2023-03-17 Friday 06:45:20: Run: 4 - First Epsilon: 0.4 - Last Epsilon: 0.4
2023-03-17 Friday 06:51:02: Run: 5 - First Epsilon: 0.4 - Last Epsilon: 0.4
2023-03-17 Friday 06:51:02: Q-Table Total Distinct States: 460
2023-03-17 Friday 06:51:02: Mean_reward=-3.55 +/- 5.21
2023-03-17 Friday 06:51:02: Mean_Stopped=94663.00 +/- 6636.07
2023-03-17 Friday 06:51:02: Mean_Stopped=94830.40 +/- 6643.52
2023-03-17 Friday 06:51:02: Mean_waiting_time=2249498.40 +/- 299998.01
2023-03-17 Friday 06:51:02: Mean_avg_speed=3261.04 +/- 71.79
2023-03-17 Friday 06:51:02: Mean_avg_speed_2=60587.66 +/- 1359.04
2023-03-17 Friday 06:51:02: Mean_avg_speed_cross_check=73881.01 +/- 1184.31
2023-03-17 Friday 06:51:02: ****************************************
2023-03-17 Friday 06:51:02: Calculation 1 - Overall 
2023-03-17 Friday 06:51:02: ****************************************
2023-03-17 Friday 06:51:02: Inner X Outer Loops Mean Reward= -0.000 +/- 0.899
2023-03-17 Friday 06:51:02: Inner X Outer Loops Mean Stopped= 9.465 +/- 3.985
2023-03-17 Friday 06:51:02: Inner X Outer Loops Mean Stopped Cross Check= 9.482 +/- 3.985
2023-03-17 Friday 06:51:02: Inner X Outer Loops Mean Waiting Time= 224.927 +/- 197.760
2023-03-17 Friday 06:51:02: Inner X Outer Loops Mean Avg Speed= 0.326 +/- 0.065
2023-03-17 Friday 06:51:02: Inner X Outer Loops Mean Avg Speed 2= 6.058 +/- 1.187
2023-03-17 Friday 06:51:02: Inner X Outer Loops Mean Avg Speed Cross Check= 7.387 +/- 0.934
2023-03-17 Friday 06:51:02: ****************************************
2023-03-17 Friday 06:51:02: Calculation 2 - Per Episode
2023-03-17 Friday 06:51:02: ****************************************
2023-03-17 Friday 06:51:02: Episode:0 Mean Reward= -0.001 +/- 1.003
2023-03-17 Friday 06:51:02: Episode:1 Mean Reward= -0.000 +/- 0.840
2023-03-17 Friday 06:51:02: Episode:2 Mean Reward= -0.000 +/- 0.897
2023-03-17 Friday 06:51:02: Episode:3 Mean Reward= -0.000 +/- 0.866
2023-03-17 Friday 06:51:02: Episode:4 Mean Reward= -0.000 +/- 0.881
2023-03-17 Friday 06:51:02: 1-Total Mean Reward= -0.000 +/- 0.001
2023-03-17 Friday 06:51:02: 2-Total Mean Reward= -0.000 +/- 0.897
2023-03-17 Friday 06:51:02: ****
2023-03-17 Friday 06:51:02: Episode:0 Mean Stopped= 10.700 +/- 5.852
2023-03-17 Friday 06:51:02: Episode:1 Mean Stopped= 8.691 +/- 2.861
2023-03-17 Friday 06:51:02: Episode:2 Mean Stopped= 9.375 +/- 3.449
2023-03-17 Friday 06:51:02: Episode:3 Mean Stopped= 9.294 +/- 3.485
2023-03-17 Friday 06:51:02: Episode:4 Mean Stopped= 9.267 +/- 3.272
2023-03-17 Friday 06:51:02: 1-Total Mean Stopped= 9.465 +/- 0.664
2023-03-17 Friday 06:51:02: 2-Total Mean Stopped= 9.465 +/- 3.784
2023-03-17 Friday 06:51:02: ****
2023-03-17 Friday 06:51:02: Episode:0 Mean Stopped Cross Check= 10.718 +/- 5.852
2023-03-17 Friday 06:51:02: Episode:1 Mean Stopped Cross Check= 8.706 +/- 2.861
2023-03-17 Friday 06:51:02: Episode:2 Mean Stopped Cross Check= 9.391 +/- 3.449
2023-03-17 Friday 06:51:02: Episode:3 Mean Stopped Cross Check= 9.312 +/- 3.486
2023-03-17 Friday 06:51:02: Episode:4 Mean Stopped Cross Check= 9.284 +/- 3.272
2023-03-17 Friday 06:51:02: 1-Total Mean Stopped Cross Check= 9.482 +/- 0.664
2023-03-17 Friday 06:51:02: 2-Total Mean Stopped Cross Check= 9.482 +/- 3.784
2023-03-17 Friday 06:51:02: ****
2023-03-17 Friday 06:51:02: Episode:0 Mean Waiting Time= 282.349 +/- 285.544
2023-03-17 Friday 06:51:02: Episode:1 Mean Waiting Time= 195.359 +/- 145.284
2023-03-17 Friday 06:51:02: Episode:2 Mean Waiting Time= 221.697 +/- 183.122
2023-03-17 Friday 06:51:02: Episode:3 Mean Waiting Time= 209.981 +/- 169.167
2023-03-17 Friday 06:51:02: Episode:4 Mean Waiting Time= 215.250 +/- 162.023
2023-03-17 Friday 06:51:02: 1-Total Mean Waiting Time= 224.927 +/- 29.997
2023-03-17 Friday 06:51:02: 2-Total Mean Waiting Time= 224.927 +/- 189.028
2023-03-17 Friday 06:51:02: Episode:0 Mean Avg Speed= 0.313 +/- 0.073
2023-03-17 Friday 06:51:02: Episode:1 Mean Avg Speed= 0.336 +/- 0.060
2023-03-17 Friday 06:51:02: Episode:2 Mean Avg Speed= 0.326 +/- 0.063
2023-03-17 Friday 06:51:02: Episode:3 Mean Avg Speed= 0.328 +/- 0.065
2023-03-17 Friday 06:51:02: Episode:4 Mean Avg Speed= 0.327 +/- 0.063
2023-03-17 Friday 06:51:02: 1-Total Mean Avg Speed= 0.326 +/- 0.007
2023-03-17 Friday 06:51:02: 2-Total Mean Avg Speed= 0.326 +/- 0.065
2023-03-17 Friday 06:51:02: Episode:0 Mean Avg Speed 2= 5.819 +/- 1.330
2023-03-17 Friday 06:51:02: Episode:1 Mean Avg Speed 2= 6.241 +/- 1.090
2023-03-17 Friday 06:51:02: Episode:2 Mean Avg Speed 2= 6.059 +/- 1.143
2023-03-17 Friday 06:51:02: Episode:3 Mean Avg Speed 2= 6.091 +/- 1.178
2023-03-17 Friday 06:51:02: Episode:4 Mean Avg Speed 2= 6.081 +/- 1.142
2023-03-17 Friday 06:51:02: 1-Total Mean Avg Speed 2= 6.058 +/- 0.136
2023-03-17 Friday 06:51:02: 2-Total Mean Avg Speed 2= 6.058 +/- 1.177
2023-03-17 Friday 06:51:02: Episode:0 Mean Avg Speed Cross Check= 7.175 +/- 1.099
2023-03-17 Friday 06:51:02: Episode:1 Mean Avg Speed Cross Check= 7.541 +/- 0.821
2023-03-17 Friday 06:51:02: Episode:2 Mean Avg Speed Cross Check= 7.394 +/- 0.890
2023-03-17 Friday 06:51:02: Episode:3 Mean Avg Speed Cross Check= 7.414 +/- 0.913
2023-03-17 Friday 06:51:02: Episode:4 Mean Avg Speed Cross Check= 7.413 +/- 0.888
2023-03-17 Friday 06:51:02: 1-Total Mean Avg Speed Cross Check= 7.387 +/- 0.118
2023-03-17 Friday 06:51:02: 2-Total Mean Avg Speed Cross Check= 7.387 +/- 0.922
2023-03-17 Friday 06:51:02: ****************************************
