2023-02-27 Monday 17:37:38: Run: 1 for Training experiment: DoE-29 - first seed: 170 - alpha: 0.3 - gamma: 0.9 - epsilon: 0.4 - reward: diff-waiting-time
2023-02-27 Monday 17:43:32: Run: 1 - First Epsilon: 0.4 - Last Epsilon: 0.4
2023-02-27 Monday 17:49:12: Run: 2 - First Epsilon: 0.4 - Last Epsilon: 0.4
2023-02-27 Monday 17:54:43: Run: 3 - First Epsilon: 0.4 - Last Epsilon: 0.4
2023-02-27 Monday 18:00:17: Run: 4 - First Epsilon: 0.4 - Last Epsilon: 0.4
2023-02-27 Monday 18:06:02: Run: 5 - First Epsilon: 0.4 - Last Epsilon: 0.4
2023-02-27 Monday 18:06:02: Q-Table Total Distinct States: 353
2023-02-27 Monday 18:06:02: Mean_reward=-2.46 +/- 1.88
2023-02-27 Monday 18:06:02: Mean_Stopped=86883.60 +/- 4211.04
2023-02-27 Monday 18:06:02: Mean_Stopped=87028.60 +/- 4223.63
2023-02-27 Monday 18:06:02: Mean_waiting_time=1931945.40 +/- 169957.09
2023-02-27 Monday 18:06:02: Mean_avg_speed=3383.80 +/- 64.68
2023-02-27 Monday 18:06:02: Mean_avg_speed_2=62854.81 +/- 1201.83
2023-02-27 Monday 18:06:02: Mean_avg_speed_cross_check=75671.56 +/- 955.84
2023-02-27 Monday 18:06:02: ****************************************
2023-02-27 Monday 18:06:02: Calculation 1 - Overall 
2023-02-27 Monday 18:06:02: ****************************************
2023-02-27 Monday 18:06:02: Inner X Outer Loops Mean Reward= -0.000 +/- 0.834
2023-02-27 Monday 18:06:02: Inner X Outer Loops Mean Stopped= 8.687 +/- 3.261
2023-02-27 Monday 18:06:02: Inner X Outer Loops Mean Stopped Cross Check= 8.702 +/- 3.262
2023-02-27 Monday 18:06:02: Inner X Outer Loops Mean Waiting Time= 193.175 +/- 163.758
2023-02-27 Monday 18:06:02: Inner X Outer Loops Mean Avg Speed= 0.338 +/- 0.064
2023-02-27 Monday 18:06:02: Inner X Outer Loops Mean Avg Speed 2= 6.285 +/- 1.161
2023-02-27 Monday 18:06:02: Inner X Outer Loops Mean Avg Speed Cross Check= 7.566 +/- 0.886
2023-02-27 Monday 18:06:02: ****************************************
2023-02-27 Monday 18:06:02: Calculation 2 - Per Episode
2023-02-27 Monday 18:06:02: ****************************************
2023-02-27 Monday 18:06:02: Episode:0 Mean Reward= -0.000 +/- 0.903
2023-02-27 Monday 18:06:02: Episode:1 Mean Reward= -0.001 +/- 0.800
2023-02-27 Monday 18:06:02: Episode:2 Mean Reward= -0.000 +/- 0.809
2023-02-27 Monday 18:06:02: Episode:3 Mean Reward= -0.000 +/- 0.840
2023-02-27 Monday 18:06:02: Episode:4 Mean Reward= -0.000 +/- 0.817
2023-02-27 Monday 18:06:02: 1-Total Mean Reward= -0.000 +/- 0.000
2023-02-27 Monday 18:06:02: 2-Total Mean Reward= -0.000 +/- 0.834
2023-02-27 Monday 18:06:02: ****
2023-02-27 Monday 18:06:02: Episode:0 Mean Stopped= 9.404 +/- 3.756
2023-02-27 Monday 18:06:02: Episode:1 Mean Stopped= 8.138 +/- 2.730
2023-02-27 Monday 18:06:02: Episode:2 Mean Stopped= 8.627 +/- 3.036
2023-02-27 Monday 18:06:02: Episode:3 Mean Stopped= 8.811 +/- 3.441
2023-02-27 Monday 18:06:02: Episode:4 Mean Stopped= 8.457 +/- 3.107
2023-02-27 Monday 18:06:02: 1-Total Mean Stopped= 8.687 +/- 0.421
2023-02-27 Monday 18:06:02: 2-Total Mean Stopped= 8.687 +/- 3.214
2023-02-27 Monday 18:06:02: ****
2023-02-27 Monday 18:06:02: Episode:0 Mean Stopped Cross Check= 9.421 +/- 3.756
2023-02-27 Monday 18:06:02: Episode:1 Mean Stopped Cross Check= 8.151 +/- 2.731
2023-02-27 Monday 18:06:02: Episode:2 Mean Stopped Cross Check= 8.640 +/- 3.037
2023-02-27 Monday 18:06:02: Episode:3 Mean Stopped Cross Check= 8.826 +/- 3.443
2023-02-27 Monday 18:06:02: Episode:4 Mean Stopped Cross Check= 8.472 +/- 3.107
2023-02-27 Monday 18:06:02: 1-Total Mean Stopped Cross Check= 8.702 +/- 0.422
2023-02-27 Monday 18:06:02: 2-Total Mean Stopped Cross Check= 8.702 +/- 3.215
2023-02-27 Monday 18:06:02: ****
2023-02-27 Monday 18:06:02: Episode:0 Mean Waiting Time= 224.806 +/- 206.689
2023-02-27 Monday 18:06:02: Episode:1 Mean Waiting Time= 177.399 +/- 142.676
2023-02-27 Monday 18:06:02: Episode:2 Mean Waiting Time= 183.363 +/- 135.293
2023-02-27 Monday 18:06:02: Episode:3 Mean Waiting Time= 196.479 +/- 168.817
2023-02-27 Monday 18:06:02: Episode:4 Mean Waiting Time= 183.828 +/- 150.861
2023-02-27 Monday 18:06:02: 1-Total Mean Waiting Time= 193.175 +/- 16.994
2023-02-27 Monday 18:06:02: 2-Total Mean Waiting Time= 193.175 +/- 160.867
2023-02-27 Monday 18:06:02: Episode:0 Mean Avg Speed= 0.327 +/- 0.066
2023-02-27 Monday 18:06:02: Episode:1 Mean Avg Speed= 0.347 +/- 0.061
2023-02-27 Monday 18:06:02: Episode:2 Mean Avg Speed= 0.338 +/- 0.063
2023-02-27 Monday 18:06:02: Episode:3 Mean Avg Speed= 0.337 +/- 0.065
2023-02-27 Monday 18:06:02: Episode:4 Mean Avg Speed= 0.342 +/- 0.064
2023-02-27 Monday 18:06:02: 1-Total Mean Avg Speed= 0.338 +/- 0.006
2023-02-27 Monday 18:06:02: 2-Total Mean Avg Speed= 0.338 +/- 0.064
2023-02-27 Monday 18:06:02: Episode:0 Mean Avg Speed 2= 6.085 +/- 1.207
2023-02-27 Monday 18:06:02: Episode:1 Mean Avg Speed 2= 6.447 +/- 1.112
2023-02-27 Monday 18:06:02: Episode:2 Mean Avg Speed 2= 6.291 +/- 1.137
2023-02-27 Monday 18:06:02: Episode:3 Mean Avg Speed 2= 6.249 +/- 1.165
2023-02-27 Monday 18:06:02: Episode:4 Mean Avg Speed 2= 6.353 +/- 1.153
2023-02-27 Monday 18:06:02: 1-Total Mean Avg Speed 2= 6.285 +/- 0.120
2023-02-27 Monday 18:06:02: 2-Total Mean Avg Speed 2= 6.285 +/- 1.155
2023-02-27 Monday 18:06:02: Episode:0 Mean Avg Speed Cross Check= 7.408 +/- 0.938
2023-02-27 Monday 18:06:02: Episode:1 Mean Avg Speed Cross Check= 7.698 +/- 0.830
2023-02-27 Monday 18:06:02: Episode:2 Mean Avg Speed Cross Check= 7.574 +/- 0.864
2023-02-27 Monday 18:06:02: Episode:3 Mean Avg Speed Cross Check= 7.536 +/- 0.894
2023-02-27 Monday 18:06:02: Episode:4 Mean Avg Speed Cross Check= 7.616 +/- 0.874
2023-02-27 Monday 18:06:02: 1-Total Mean Avg Speed Cross Check= 7.566 +/- 0.096
2023-02-27 Monday 18:06:02: 2-Total Mean Avg Speed Cross Check= 7.566 +/- 0.880
2023-02-27 Monday 18:06:02: ****************************************
