2023-04-10 Monday 19:23:34: Run: 2 for Training experiment: DE-7 - route: ../nets/roundabout/input_routes_roundabout_auto_v1-7.rou.xml - first seed: 270 - alpha: 0.5 - gamma: 0.99 - epsilon: 0.2 - reward: diff-waiting-time
2023-04-10 Monday 19:37:19: Run: 1 - First Epsilon: 0.2 - Last Epsilon: 0.2
2023-04-10 Monday 19:46:10: Run: 2 - First Epsilon: 0.2 - Last Epsilon: 0.2
2023-04-10 Monday 19:55:35: Run: 3 - First Epsilon: 0.2 - Last Epsilon: 0.2
2023-04-10 Monday 20:04:39: Run: 4 - First Epsilon: 0.2 - Last Epsilon: 0.2
2023-04-10 Monday 20:16:00: Run: 5 - First Epsilon: 0.2 - Last Epsilon: 0.2
2023-04-10 Monday 20:16:01: Q-Table Total Distinct States: 675
2023-04-10 Monday 20:16:01: Mean_reward=-1.50 +/- 2.01
2023-04-10 Monday 20:16:01: Mean_Stopped=104135.00 +/- 64194.40
2023-04-10 Monday 20:16:01: Mean_Stopped=104268.60 +/- 64194.85
2023-04-10 Monday 20:16:01: Mean_waiting_time=2831151.60 +/- 2169403.87
2023-04-10 Monday 20:16:01: Mean_avg_speed=3424.85 +/- 462.90
2023-04-10 Monday 20:16:01: Mean_avg_speed_2=63655.14 +/- 8591.20
2023-04-10 Monday 20:16:01: Mean_avg_speed_cross_check=75487.12 +/- 8088.95
2023-04-10 Monday 20:16:01: ****************************************
2023-04-10 Monday 20:16:01: Calculation 1 - Overall 
2023-04-10 Monday 20:16:01: ****************************************
2023-04-10 Monday 20:16:01: Inner X Outer Loops Mean Reward= -0.000 +/- 0.970
2023-04-10 Monday 20:16:01: Inner X Outer Loops Mean Stopped= 10.412 +/- 10.771
2023-04-10 Monday 20:16:01: Inner X Outer Loops Mean Stopped Cross Check= 10.426 +/- 10.773
2023-04-10 Monday 20:16:01: Inner X Outer Loops Mean Waiting Time= 283.087 +/- 510.966
2023-04-10 Monday 20:16:01: Inner X Outer Loops Mean Avg Speed= 0.342 +/- 0.091
2023-04-10 Monday 20:16:01: Inner X Outer Loops Mean Avg Speed 2= 6.365 +/- 1.669
2023-04-10 Monday 20:16:01: Inner X Outer Loops Mean Avg Speed Cross Check= 7.548 +/- 1.453
2023-04-10 Monday 20:16:01: ****************************************
2023-04-10 Monday 20:16:01: Calculation 2 - Per Episode
2023-04-10 Monday 20:16:01: ****************************************
2023-04-10 Monday 20:16:01: Episode:0 Mean Reward= -0.000 +/- 1.466
2023-04-10 Monday 20:16:01: Episode:1 Mean Reward= -0.000 +/- 0.775
2023-04-10 Monday 20:16:01: Episode:2 Mean Reward= -0.000 +/- 0.770
2023-04-10 Monday 20:16:01: Episode:3 Mean Reward= -0.000 +/- 0.833
2023-04-10 Monday 20:16:01: Episode:4 Mean Reward= 0.000 +/- 0.819
2023-04-10 Monday 20:16:01: 1-Total Mean Reward= -0.000 +/- 0.000
2023-04-10 Monday 20:16:01: 2-Total Mean Reward= -0.000 +/- 0.933
2023-04-10 Monday 20:16:01: ****
2023-04-10 Monday 20:16:01: Episode:0 Mean Stopped= 23.239 +/- 18.810
2023-04-10 Monday 20:16:01: Episode:1 Mean Stopped= 6.900 +/- 2.056
2023-04-10 Monday 20:16:01: Episode:2 Mean Stopped= 6.932 +/- 2.170
2023-04-10 Monday 20:16:01: Episode:3 Mean Stopped= 7.562 +/- 2.490
2023-04-10 Monday 20:16:01: Episode:4 Mean Stopped= 7.429 +/- 2.268
2023-04-10 Monday 20:16:01: 1-Total Mean Stopped= 10.412 +/- 6.419
2023-04-10 Monday 20:16:01: 2-Total Mean Stopped= 10.412 +/- 5.559
2023-04-10 Monday 20:16:01: ****
2023-04-10 Monday 20:16:01: Episode:0 Mean Stopped Cross Check= 23.253 +/- 18.815
2023-04-10 Monday 20:16:01: Episode:1 Mean Stopped Cross Check= 6.909 +/- 2.056
2023-04-10 Monday 20:16:01: Episode:2 Mean Stopped Cross Check= 6.946 +/- 2.169
2023-04-10 Monday 20:16:01: Episode:3 Mean Stopped Cross Check= 7.578 +/- 2.491
2023-04-10 Monday 20:16:01: Episode:4 Mean Stopped Cross Check= 7.445 +/- 2.271
2023-04-10 Monday 20:16:01: 1-Total Mean Stopped Cross Check= 10.426 +/- 6.419
2023-04-10 Monday 20:16:01: 2-Total Mean Stopped Cross Check= 10.426 +/- 5.561
2023-04-10 Monday 20:16:01: ****
2023-04-10 Monday 20:16:01: Episode:0 Mean Waiting Time= 716.396 +/- 974.314
2023-04-10 Monday 20:16:01: Episode:1 Mean Waiting Time= 164.084 +/- 173.524
2023-04-10 Monday 20:16:01: Episode:2 Mean Waiting Time= 161.858 +/- 172.833
2023-04-10 Monday 20:16:01: Episode:3 Mean Waiting Time= 189.236 +/- 179.368
2023-04-10 Monday 20:16:01: Episode:4 Mean Waiting Time= 183.861 +/- 169.470
2023-04-10 Monday 20:16:01: 1-Total Mean Waiting Time= 283.087 +/- 216.919
2023-04-10 Monday 20:16:01: 2-Total Mean Waiting Time= 283.087 +/- 333.902
2023-04-10 Monday 20:16:01: Episode:0 Mean Avg Speed= 0.251 +/- 0.128
2023-04-10 Monday 20:16:01: Episode:1 Mean Avg Speed= 0.372 +/- 0.058
2023-04-10 Monday 20:16:01: Episode:2 Mean Avg Speed= 0.371 +/- 0.059
2023-04-10 Monday 20:16:01: Episode:3 Mean Avg Speed= 0.359 +/- 0.061
2023-04-10 Monday 20:16:01: Episode:4 Mean Avg Speed= 0.360 +/- 0.059
2023-04-10 Monday 20:16:01: 1-Total Mean Avg Speed= 0.342 +/- 0.046
2023-04-10 Monday 20:16:01: 2-Total Mean Avg Speed= 0.342 +/- 0.073
2023-04-10 Monday 20:16:01: Episode:0 Mean Avg Speed 2= 4.659 +/- 2.369
2023-04-10 Monday 20:16:01: Episode:1 Mean Avg Speed 2= 6.913 +/- 1.050
2023-04-10 Monday 20:16:01: Episode:2 Mean Avg Speed 2= 6.892 +/- 1.067
2023-04-10 Monday 20:16:01: Episode:3 Mean Avg Speed 2= 6.660 +/- 1.115
2023-04-10 Monday 20:16:01: Episode:4 Mean Avg Speed 2= 6.700 +/- 1.072
2023-04-10 Monday 20:16:01: 1-Total Mean Avg Speed 2= 6.365 +/- 0.859
2023-04-10 Monday 20:16:01: 2-Total Mean Avg Speed 2= 6.365 +/- 1.334
2023-04-10 Monday 20:16:01: Episode:0 Mean Avg Speed Cross Check= 5.937 +/- 2.231
2023-04-10 Monday 20:16:01: Episode:1 Mean Avg Speed Cross Check= 8.043 +/- 0.730
2023-04-10 Monday 20:16:01: Episode:2 Mean Avg Speed Cross Check= 8.021 +/- 0.746
2023-04-10 Monday 20:16:01: Episode:3 Mean Avg Speed Cross Check= 7.850 +/- 0.799
2023-04-10 Monday 20:16:01: Episode:4 Mean Avg Speed Cross Check= 7.888 +/- 0.762
2023-04-10 Monday 20:16:01: 1-Total Mean Avg Speed Cross Check= 7.548 +/- 0.809
2023-04-10 Monday 20:16:01: 2-Total Mean Avg Speed Cross Check= 7.548 +/- 1.054
2023-04-10 Monday 20:16:01: ****************************************
