2023-03-14 Tuesday 03:52:21: Run: 5 for Training experiment: DoE-2 - first seed: 570 - alpha: 0.1 - gamma: 0.8 - epsilon: 0.2 - reward: average-speed-2
2023-03-14 Tuesday 04:11:00: Run: 1 - First Epsilon: 0.2 - Last Epsilon: 0.2
2023-03-14 Tuesday 04:29:08: Run: 2 - First Epsilon: 0.2 - Last Epsilon: 0.2
2023-03-14 Tuesday 04:46:07: Run: 3 - First Epsilon: 0.2 - Last Epsilon: 0.2
2023-03-14 Tuesday 05:02:52: Run: 4 - First Epsilon: 0.2 - Last Epsilon: 0.2
2023-03-14 Tuesday 05:20:31: Run: 5 - First Epsilon: 0.2 - Last Epsilon: 0.2
2023-03-14 Tuesday 05:20:31: Q-Table Total Distinct States: 470
2023-03-14 Tuesday 05:20:31: Mean_reward=11506.07 +/- 601.50
2023-03-14 Tuesday 05:20:31: Mean_Stopped=923077.60 +/- 33577.32
2023-03-14 Tuesday 05:20:31: Mean_Stopped=923290.80 +/- 33512.96
2023-03-14 Tuesday 05:20:31: Mean_waiting_time=49856323.40 +/- 13834960.01
2023-03-14 Tuesday 05:20:31: Mean_avg_speed=619.38 +/- 31.83
2023-03-14 Tuesday 05:20:31: Mean_avg_speed_2=11506.07 +/- 601.50
2023-03-14 Tuesday 05:20:31: Mean_avg_speed_cross_check=20179.74 +/- 981.13
2023-03-14 Tuesday 05:20:31: ****************************************
2023-03-14 Tuesday 05:20:31: Calculation 1 - Overall 
2023-03-14 Tuesday 05:20:31: ****************************************
2023-03-14 Tuesday 05:20:31: Inner X Outer Loops Mean Reward= 1.150 +/- 0.473
2023-03-14 Tuesday 05:20:31: Inner X Outer Loops Mean Stopped= 92.299 +/- 12.524
2023-03-14 Tuesday 05:20:31: Inner X Outer Loops Mean Stopped Cross Check= 92.320 +/- 12.513
2023-03-14 Tuesday 05:20:31: Inner X Outer Loops Mean Waiting Time= 4985.134 +/- 5516.745
2023-03-14 Tuesday 05:20:31: Inner X Outer Loops Mean Avg Speed= 0.062 +/- 0.025
2023-03-14 Tuesday 05:20:31: Inner X Outer Loops Mean Avg Speed 2= 1.150 +/- 0.473
2023-03-14 Tuesday 05:20:31: Inner X Outer Loops Mean Avg Speed Cross Check= 2.018 +/- 0.526
2023-03-14 Tuesday 05:20:31: ****************************************
2023-03-14 Tuesday 05:20:31: Calculation 2 - Per Episode
2023-03-14 Tuesday 05:20:31: ****************************************
2023-03-14 Tuesday 05:20:31: Episode:0 Mean Reward= 1.035 +/- 0.479
2023-03-14 Tuesday 05:20:31: Episode:1 Mean Reward= 1.159 +/- 0.426
2023-03-14 Tuesday 05:20:31: Episode:2 Mean Reward= 1.164 +/- 0.436
2023-03-14 Tuesday 05:20:31: Episode:3 Mean Reward= 1.188 +/- 0.486
2023-03-14 Tuesday 05:20:31: Episode:4 Mean Reward= 1.206 +/- 0.512
2023-03-14 Tuesday 05:20:31: 1-Total Mean Reward= 1.150 +/- 0.060
2023-03-14 Tuesday 05:20:31: 2-Total Mean Reward= 1.150 +/- 0.468
2023-03-14 Tuesday 05:20:31: ****
2023-03-14 Tuesday 05:20:31: Episode:0 Mean Stopped= 98.812 +/- 14.024
2023-03-14 Tuesday 05:20:31: Episode:1 Mean Stopped= 91.873 +/- 9.998
2023-03-14 Tuesday 05:20:31: Episode:2 Mean Stopped= 91.160 +/- 11.034
2023-03-14 Tuesday 05:20:32: Episode:3 Mean Stopped= 90.151 +/- 12.690
2023-03-14 Tuesday 05:20:32: Episode:4 Mean Stopped= 89.497 +/- 12.183
2023-03-14 Tuesday 05:20:32: 1-Total Mean Stopped= 92.299 +/- 3.357
2023-03-14 Tuesday 05:20:32: 2-Total Mean Stopped= 92.299 +/- 11.986
2023-03-14 Tuesday 05:20:32: ****
2023-03-14 Tuesday 05:20:32: Episode:0 Mean Stopped Cross Check= 98.824 +/- 14.016
2023-03-14 Tuesday 05:20:32: Episode:1 Mean Stopped Cross Check= 91.888 +/- 9.989
2023-03-14 Tuesday 05:20:32: Episode:2 Mean Stopped Cross Check= 91.179 +/- 11.025
2023-03-14 Tuesday 05:20:32: Episode:3 Mean Stopped Cross Check= 90.171 +/- 12.682
2023-03-14 Tuesday 05:20:32: Episode:4 Mean Stopped Cross Check= 89.537 +/- 12.169
2023-03-14 Tuesday 05:20:32: 1-Total Mean Stopped Cross Check= 92.320 +/- 3.351
2023-03-14 Tuesday 05:20:32: 2-Total Mean Stopped Cross Check= 92.320 +/- 11.976
2023-03-14 Tuesday 05:20:32: ****
2023-03-14 Tuesday 05:20:32: Episode:0 Mean Waiting Time= 7280.223 +/- 7716.872
2023-03-14 Tuesday 05:20:32: Episode:1 Mean Waiting Time= 3387.185 +/- 1879.415
2023-03-14 Tuesday 05:20:32: Episode:2 Mean Waiting Time= 3738.337 +/- 2972.210
2023-03-14 Tuesday 05:20:32: Episode:3 Mean Waiting Time= 5404.793 +/- 6996.504
2023-03-14 Tuesday 05:20:32: Episode:4 Mean Waiting Time= 5115.131 +/- 4662.248
2023-03-14 Tuesday 05:20:32: 1-Total Mean Waiting Time= 4985.134 +/- 1383.358
2023-03-14 Tuesday 05:20:32: 2-Total Mean Waiting Time= 4985.134 +/- 4845.450
2023-03-14 Tuesday 05:20:32: Episode:0 Mean Avg Speed= 0.056 +/- 0.026
2023-03-14 Tuesday 05:20:32: Episode:1 Mean Avg Speed= 0.062 +/- 0.022
2023-03-14 Tuesday 05:20:32: Episode:2 Mean Avg Speed= 0.063 +/- 0.023
2023-03-14 Tuesday 05:20:32: Episode:3 Mean Avg Speed= 0.064 +/- 0.026
2023-03-14 Tuesday 05:20:32: Episode:4 Mean Avg Speed= 0.065 +/- 0.027
2023-03-14 Tuesday 05:20:32: 1-Total Mean Avg Speed= 0.062 +/- 0.003
2023-03-14 Tuesday 05:20:32: 2-Total Mean Avg Speed= 0.062 +/- 0.025
2023-03-14 Tuesday 05:20:32: Episode:0 Mean Avg Speed 2= 1.035 +/- 0.479
2023-03-14 Tuesday 05:20:32: Episode:1 Mean Avg Speed 2= 1.159 +/- 0.426
2023-03-14 Tuesday 05:20:32: Episode:2 Mean Avg Speed 2= 1.164 +/- 0.436
2023-03-14 Tuesday 05:20:32: Episode:3 Mean Avg Speed 2= 1.188 +/- 0.486
2023-03-14 Tuesday 05:20:32: Episode:4 Mean Avg Speed 2= 1.206 +/- 0.512
2023-03-14 Tuesday 05:20:32: 1-Total Mean Avg Speed 2= 1.150 +/- 0.060
2023-03-14 Tuesday 05:20:32: 2-Total Mean Avg Speed 2= 1.150 +/- 0.468
2023-03-14 Tuesday 05:20:32: Episode:0 Mean Avg Speed Cross Check= 1.827 +/- 0.554
2023-03-14 Tuesday 05:20:32: Episode:1 Mean Avg Speed Cross Check= 2.036 +/- 0.444
2023-03-14 Tuesday 05:20:32: Episode:2 Mean Avg Speed Cross Check= 2.045 +/- 0.463
2023-03-14 Tuesday 05:20:32: Episode:3 Mean Avg Speed Cross Check= 2.078 +/- 0.541
2023-03-14 Tuesday 05:20:32: Episode:4 Mean Avg Speed Cross Check= 2.103 +/- 0.570
2023-03-14 Tuesday 05:20:32: 1-Total Mean Avg Speed Cross Check= 2.018 +/- 0.098
2023-03-14 Tuesday 05:20:32: 2-Total Mean Avg Speed Cross Check= 2.018 +/- 0.515
2023-03-14 Tuesday 05:20:32: ****************************************
