2023-03-04 Saturday 12:04:49: Run: 2 for Training experiment: DoE-23 - first seed: 270 - alpha: 0.3 - gamma: 0.8 - epsilon: 0.4 - reward: diff-waiting-time
2023-03-04 Saturday 12:11:18: Run: 1 - First Epsilon: 0.4 - Last Epsilon: 0.4
2023-03-04 Saturday 12:17:04: Run: 2 - First Epsilon: 0.4 - Last Epsilon: 0.4
2023-03-04 Saturday 12:22:51: Run: 3 - First Epsilon: 0.4 - Last Epsilon: 0.4
2023-03-04 Saturday 12:28:19: Run: 4 - First Epsilon: 0.4 - Last Epsilon: 0.4
2023-03-04 Saturday 12:33:42: Run: 5 - First Epsilon: 0.4 - Last Epsilon: 0.4
2023-03-04 Saturday 12:33:43: Q-Table Total Distinct States: 771
2023-03-04 Saturday 12:33:43: Mean_reward=-1.41 +/- 0.44
2023-03-04 Saturday 12:33:43: Mean_Stopped=100995.00 +/- 23845.76
2023-03-04 Saturday 12:33:43: Mean_Stopped=101159.60 +/- 23849.13
2023-03-04 Saturday 12:33:43: Mean_waiting_time=2469325.20 +/- 963382.07
2023-03-04 Saturday 12:33:43: Mean_avg_speed=3241.87 +/- 184.72
2023-03-04 Saturday 12:33:43: Mean_avg_speed_2=60263.56 +/- 3417.10
2023-03-04 Saturday 12:33:43: Mean_avg_speed_cross_check=73415.30 +/- 3210.85
2023-03-04 Saturday 12:33:43: ****************************************
2023-03-04 Saturday 12:33:43: Calculation 1 - Overall 
2023-03-04 Saturday 12:33:43: ****************************************
2023-03-04 Saturday 12:33:43: Inner X Outer Loops Mean Reward= -0.000 +/- 0.932
2023-03-04 Saturday 12:33:43: Inner X Outer Loops Mean Stopped= 10.098 +/- 6.493
2023-03-04 Saturday 12:33:43: Inner X Outer Loops Mean Stopped Cross Check= 10.115 +/- 6.494
2023-03-04 Saturday 12:33:43: Inner X Outer Loops Mean Waiting Time= 246.908 +/- 349.744
2023-03-04 Saturday 12:33:43: Inner X Outer Loops Mean Avg Speed= 0.324 +/- 0.074
2023-03-04 Saturday 12:33:43: Inner X Outer Loops Mean Avg Speed 2= 6.026 +/- 1.353
2023-03-04 Saturday 12:33:43: Inner X Outer Loops Mean Avg Speed Cross Check= 7.341 +/- 1.119
2023-03-04 Saturday 12:33:43: ****************************************
2023-03-04 Saturday 12:33:43: Calculation 2 - Per Episode
2023-03-04 Saturday 12:33:43: ****************************************
2023-03-04 Saturday 12:33:43: Episode:0 Mean Reward= -0.000 +/- 1.223
2023-03-04 Saturday 12:33:43: Episode:1 Mean Reward= -0.000 +/- 0.864
2023-03-04 Saturday 12:33:43: Episode:2 Mean Reward= -0.000 +/- 0.848
2023-03-04 Saturday 12:33:43: Episode:3 Mean Reward= -0.000 +/- 0.834
2023-03-04 Saturday 12:33:43: Episode:4 Mean Reward= -0.000 +/- 0.829
2023-03-04 Saturday 12:33:43: 1-Total Mean Reward= -0.000 +/- 0.000
2023-03-04 Saturday 12:33:43: 2-Total Mean Reward= -0.000 +/- 0.920
2023-03-04 Saturday 12:33:43: ****
2023-03-04 Saturday 12:33:43: Episode:0 Mean Stopped= 14.851 +/- 11.848
2023-03-04 Saturday 12:33:43: Episode:1 Mean Stopped= 9.093 +/- 3.328
2023-03-04 Saturday 12:33:43: Episode:2 Mean Stopped= 9.030 +/- 3.446
2023-03-04 Saturday 12:33:43: Episode:3 Mean Stopped= 8.976 +/- 3.123
2023-03-04 Saturday 12:33:43: Episode:4 Mean Stopped= 8.542 +/- 3.048
2023-03-04 Saturday 12:33:43: 1-Total Mean Stopped= 10.098 +/- 2.384
2023-03-04 Saturday 12:33:43: 2-Total Mean Stopped= 10.098 +/- 4.958
2023-03-04 Saturday 12:33:43: ****
2023-03-04 Saturday 12:33:43: Episode:0 Mean Stopped Cross Check= 14.869 +/- 11.850
2023-03-04 Saturday 12:33:43: Episode:1 Mean Stopped Cross Check= 9.109 +/- 3.329
2023-03-04 Saturday 12:33:43: Episode:2 Mean Stopped Cross Check= 9.048 +/- 3.448
2023-03-04 Saturday 12:33:43: Episode:3 Mean Stopped Cross Check= 8.991 +/- 3.125
2023-03-04 Saturday 12:33:43: Episode:4 Mean Stopped Cross Check= 8.558 +/- 3.050
2023-03-04 Saturday 12:33:43: 1-Total Mean Stopped Cross Check= 10.115 +/- 2.385
2023-03-04 Saturday 12:33:43: 2-Total Mean Stopped Cross Check= 10.115 +/- 4.960
2023-03-04 Saturday 12:33:43: ****
2023-03-04 Saturday 12:33:43: Episode:0 Mean Waiting Time= 439.250 +/- 676.598
2023-03-04 Saturday 12:33:43: Episode:1 Mean Waiting Time= 206.629 +/- 191.141
2023-03-04 Saturday 12:33:43: Episode:2 Mean Waiting Time= 202.198 +/- 161.262
2023-03-04 Saturday 12:33:43: Episode:3 Mean Waiting Time= 196.124 +/- 151.556
2023-03-04 Saturday 12:33:43: Episode:4 Mean Waiting Time= 190.338 +/- 148.029
2023-03-04 Saturday 12:33:43: 1-Total Mean Waiting Time= 246.908 +/- 96.329
2023-03-04 Saturday 12:33:43: 2-Total Mean Waiting Time= 246.908 +/- 265.717
2023-03-04 Saturday 12:33:43: Episode:0 Mean Avg Speed= 0.288 +/- 0.098
2023-03-04 Saturday 12:33:43: Episode:1 Mean Avg Speed= 0.330 +/- 0.063
2023-03-04 Saturday 12:33:43: Episode:2 Mean Avg Speed= 0.332 +/- 0.065
2023-03-04 Saturday 12:33:43: Episode:3 Mean Avg Speed= 0.332 +/- 0.062
2023-03-04 Saturday 12:33:43: Episode:4 Mean Avg Speed= 0.339 +/- 0.063
2023-03-04 Saturday 12:33:43: 1-Total Mean Avg Speed= 0.324 +/- 0.018
2023-03-04 Saturday 12:33:43: 2-Total Mean Avg Speed= 0.324 +/- 0.070
2023-03-04 Saturday 12:33:43: Episode:0 Mean Avg Speed 2= 5.354 +/- 1.813
2023-03-04 Saturday 12:33:43: Episode:1 Mean Avg Speed 2= 6.139 +/- 1.138
2023-03-04 Saturday 12:33:43: Episode:2 Mean Avg Speed 2= 6.165 +/- 1.174
2023-03-04 Saturday 12:33:43: Episode:3 Mean Avg Speed 2= 6.158 +/- 1.136
2023-03-04 Saturday 12:33:43: Episode:4 Mean Avg Speed 2= 6.313 +/- 1.145
2023-03-04 Saturday 12:33:43: 1-Total Mean Avg Speed 2= 6.026 +/- 0.342
2023-03-04 Saturday 12:33:43: 2-Total Mean Avg Speed 2= 6.026 +/- 1.281
2023-03-04 Saturday 12:33:43: Episode:0 Mean Avg Speed Cross Check= 6.706 +/- 1.639
2023-03-04 Saturday 12:33:43: Episode:1 Mean Avg Speed Cross Check= 7.460 +/- 0.877
2023-03-04 Saturday 12:33:43: Episode:2 Mean Avg Speed Cross Check= 7.472 +/- 0.903
2023-03-04 Saturday 12:33:43: Episode:3 Mean Avg Speed Cross Check= 7.470 +/- 0.862
2023-03-04 Saturday 12:33:43: Episode:4 Mean Avg Speed Cross Check= 7.595 +/- 0.854
2023-03-04 Saturday 12:33:43: 1-Total Mean Avg Speed Cross Check= 7.341 +/- 0.321
2023-03-04 Saturday 12:33:43: 2-Total Mean Avg Speed Cross Check= 7.341 +/- 1.027
2023-03-04 Saturday 12:33:43: ****************************************
