2023-02-04 Saturday 01:08:46 root:INFO:Total Missing States: 0
2023-02-04 Saturday 01:08:46 root:INFO:Mean Reward=-45.24 +/- 1.72
2023-02-04 Saturday 01:08:46 root:INFO:Mean Stopped=2040049.40 +/- 2400.79
2023-02-04 Saturday 01:08:46 root:INFO:Mean Waiting Time=45551373.20 +/- 1807620.78
2023-02-04 Saturday 01:08:46 root:INFO:****************************************
2023-02-04 Saturday 01:08:46 root:INFO:Calculation 1 - Overall 
2023-02-04 Saturday 01:08:46 root:INFO:****************************************
2023-02-04 Saturday 01:08:46 root:INFO:Inner X Outer Loops Mean Reward=-0.005 +/- 1.028
2023-02-04 Saturday 01:08:46 root:INFO:Inner X Outer Loops Mean Stopped= 203.985 +/- 13.261
2023-02-04 Saturday 01:08:46 root:INFO:Inner X Outer Loops Mean Waiting Time= 4554.682 +/- 365.791
2023-02-04 Saturday 01:08:46 root:INFO:****************************************
2023-02-04 Saturday 01:08:46 root:INFO:Calculation 2 - Per Episode
2023-02-04 Saturday 01:08:46 root:INFO:****************************************
2023-02-04 Saturday 01:08:46 root:INFO:Episode:0 Mean Waiting Time=-0.005 +/- 1.079
2023-02-04 Saturday 01:08:46 root:INFO:Episode:1 Mean Waiting Time=-0.005 +/- 1.079
2023-02-04 Saturday 01:08:46 root:INFO:Episode:2 Mean Waiting Time=-0.005 +/- 1.079
2023-02-04 Saturday 01:08:46 root:INFO:Episode:3 Mean Waiting Time=-0.005 +/- 1.079
2023-02-04 Saturday 01:08:46 root:INFO:Episode:4 Mean Waiting Time=-0.004 +/- 0.792
2023-02-04 Saturday 01:08:46 root:INFO:1-Total Mean Reward= -0.005 +/- 0.000
2023-02-04 Saturday 01:08:46 root:INFO:2-Total Mean Reward= -0.005 +/- 1.022
2023-02-04 Saturday 01:08:46 root:INFO:****
2023-02-04 Saturday 01:08:46 root:INFO:Episode:0 Mean Stopped= 204.068 +/- 13.251
2023-02-04 Saturday 01:08:46 root:INFO:Episode:1 Mean Stopped= 204.117 +/- 13.337
2023-02-04 Saturday 01:08:46 root:INFO:Episode:2 Mean Stopped= 204.121 +/- 13.302
2023-02-04 Saturday 01:08:46 root:INFO:Episode:3 Mean Stopped= 204.111 +/- 13.371
2023-02-04 Saturday 01:08:46 root:INFO:Episode:4 Mean Stopped= 203.506 +/- 13.031
2023-02-04 Saturday 01:08:46 root:INFO:1-Total Mean Stopped= 203.985 +/- 0.240
2023-02-04 Saturday 01:08:46 root:INFO:2-Total Mean Stopped= 203.985 +/- 13.259
2023-02-04 Saturday 01:08:46 root:INFO:****
2023-02-04 Saturday 01:08:46 root:INFO:Episode:0 Mean Waiting Time= 4644.782 +/- 322.813
2023-02-04 Saturday 01:08:46 root:INFO:Episode:1 Mean Waiting Time= 4645.153 +/- 326.378
2023-02-04 Saturday 01:08:46 root:INFO:Episode:2 Mean Waiting Time= 4645.250 +/- 325.640
2023-02-04 Saturday 01:08:46 root:INFO:Episode:3 Mean Waiting Time= 4645.030 +/- 327.108
2023-02-04 Saturday 01:08:46 root:INFO:Episode:4 Mean Waiting Time= 4193.194 +/- 286.185
2023-02-04 Saturday 01:08:46 root:INFO:1-Total Mean Waiting Time= 4554.682 +/- 180.744
2023-02-04 Saturday 01:08:46 root:INFO:2-Total Mean Waiting Time= 4554.682 +/- 317.625
2023-02-04 Saturday 01:08:46 root:INFO:****************************************
