2023-03-02 Thursday 13:06:14: Run: 1 for Training experiment: DoE-49 - first seed: 170 - alpha: 0.5 - gamma: 0.99 - epsilon: 0.2 - reward: diff-waiting-time
2023-03-02 Thursday 13:11:33: Run: 1 - First Epsilon: 0.2 - Last Epsilon: 0.2
2023-03-02 Thursday 13:16:39: Run: 2 - First Epsilon: 0.2 - Last Epsilon: 0.2
2023-03-02 Thursday 13:21:51: Run: 3 - First Epsilon: 0.2 - Last Epsilon: 0.2
2023-03-02 Thursday 13:27:20: Run: 4 - First Epsilon: 0.2 - Last Epsilon: 0.2
2023-03-02 Thursday 13:32:48: Run: 5 - First Epsilon: 0.2 - Last Epsilon: 0.2
2023-03-02 Thursday 13:32:48: Q-Table Total Distinct States: 256
2023-03-02 Thursday 13:32:48: Mean_reward=-1.87 +/- 1.40
2023-03-02 Thursday 13:32:48: Mean_Stopped=75779.40 +/- 4549.21
2023-03-02 Thursday 13:32:48: Mean_Stopped=75937.80 +/- 4566.73
2023-03-02 Thursday 13:32:48: Mean_waiting_time=1880209.40 +/- 199925.80
2023-03-02 Thursday 13:32:48: Mean_avg_speed=3573.44 +/- 88.29
2023-03-02 Thursday 13:32:48: Mean_avg_speed_2=66397.86 +/- 1627.89
2023-03-02 Thursday 13:32:48: Mean_avg_speed_cross_check=78412.29 +/- 1245.84
2023-03-02 Thursday 13:32:48: ****************************************
2023-03-02 Thursday 13:32:48: Calculation 1 - Overall 
2023-03-02 Thursday 13:32:48: ****************************************
2023-03-02 Thursday 13:32:48: Inner X Outer Loops Mean Reward= -0.000 +/- 0.828
2023-03-02 Thursday 13:32:48: Inner X Outer Loops Mean Stopped= 7.577 +/- 2.439
2023-03-02 Thursday 13:32:48: Inner X Outer Loops Mean Stopped Cross Check= 7.593 +/- 2.440
2023-03-02 Thursday 13:32:48: Inner X Outer Loops Mean Waiting Time= 188.002 +/- 183.964
2023-03-02 Thursday 13:32:48: Inner X Outer Loops Mean Avg Speed= 0.357 +/- 0.060
2023-03-02 Thursday 13:32:48: Inner X Outer Loops Mean Avg Speed 2= 6.639 +/- 1.091
2023-03-02 Thursday 13:32:48: Inner X Outer Loops Mean Avg Speed Cross Check= 7.840 +/- 0.786
2023-03-02 Thursday 13:32:48: ****************************************
2023-03-02 Thursday 13:32:48: Calculation 2 - Per Episode
2023-03-02 Thursday 13:32:48: ****************************************
2023-03-02 Thursday 13:32:48: Episode:0 Mean Reward= -0.000 +/- 0.906
2023-03-02 Thursday 13:32:48: Episode:1 Mean Reward= -0.000 +/- 0.820
2023-03-02 Thursday 13:32:48: Episode:2 Mean Reward= -0.000 +/- 0.818
2023-03-02 Thursday 13:32:48: Episode:3 Mean Reward= -0.000 +/- 0.762
2023-03-02 Thursday 13:32:48: Episode:4 Mean Reward= -0.000 +/- 0.828
2023-03-02 Thursday 13:32:48: 1-Total Mean Reward= -0.000 +/- 0.000
2023-03-02 Thursday 13:32:48: 2-Total Mean Reward= -0.000 +/- 0.827
2023-03-02 Thursday 13:32:48: ****
2023-03-02 Thursday 13:32:48: Episode:0 Mean Stopped= 8.406 +/- 2.884
2023-03-02 Thursday 13:32:48: Episode:1 Mean Stopped= 7.030 +/- 2.048
2023-03-02 Thursday 13:32:48: Episode:2 Mean Stopped= 7.595 +/- 2.263
2023-03-02 Thursday 13:32:48: Episode:3 Mean Stopped= 7.472 +/- 2.423
2023-03-02 Thursday 13:32:48: Episode:4 Mean Stopped= 7.383 +/- 2.279
2023-03-02 Thursday 13:32:48: 1-Total Mean Stopped= 7.577 +/- 0.455
2023-03-02 Thursday 13:32:48: 2-Total Mean Stopped= 7.577 +/- 2.379
2023-03-02 Thursday 13:32:48: ****
2023-03-02 Thursday 13:32:48: Episode:0 Mean Stopped Cross Check= 8.425 +/- 2.886
2023-03-02 Thursday 13:32:48: Episode:1 Mean Stopped Cross Check= 7.045 +/- 2.047
2023-03-02 Thursday 13:32:48: Episode:2 Mean Stopped Cross Check= 7.612 +/- 2.265
2023-03-02 Thursday 13:32:48: Episode:3 Mean Stopped Cross Check= 7.487 +/- 2.424
2023-03-02 Thursday 13:32:48: Episode:4 Mean Stopped Cross Check= 7.397 +/- 2.278
2023-03-02 Thursday 13:32:48: 1-Total Mean Stopped Cross Check= 7.593 +/- 0.457
2023-03-02 Thursday 13:32:48: 2-Total Mean Stopped Cross Check= 7.593 +/- 2.380
2023-03-02 Thursday 13:32:48: ****
2023-03-02 Thursday 13:32:48: Episode:0 Mean Waiting Time= 224.533 +/- 221.548
2023-03-02 Thursday 13:32:48: Episode:1 Mean Waiting Time= 180.705 +/- 189.065
2023-03-02 Thursday 13:32:48: Episode:2 Mean Waiting Time= 185.595 +/- 169.642
2023-03-02 Thursday 13:32:48: Episode:3 Mean Waiting Time= 163.526 +/- 145.788
2023-03-02 Thursday 13:32:48: Episode:4 Mean Waiting Time= 185.652 +/- 179.872
2023-03-02 Thursday 13:32:48: 1-Total Mean Waiting Time= 188.002 +/- 19.991
2023-03-02 Thursday 13:32:48: 2-Total Mean Waiting Time= 188.002 +/- 181.183
2023-03-02 Thursday 13:32:48: Episode:0 Mean Avg Speed= 0.341 +/- 0.061
2023-03-02 Thursday 13:32:48: Episode:1 Mean Avg Speed= 0.368 +/- 0.057
2023-03-02 Thursday 13:32:48: Episode:2 Mean Avg Speed= 0.356 +/- 0.059
2023-03-02 Thursday 13:32:48: Episode:3 Mean Avg Speed= 0.359 +/- 0.060
2023-03-02 Thursday 13:32:48: Episode:4 Mean Avg Speed= 0.362 +/- 0.059
2023-03-02 Thursday 13:32:48: 1-Total Mean Avg Speed= 0.357 +/- 0.009
2023-03-02 Thursday 13:32:48: 2-Total Mean Avg Speed= 0.357 +/- 0.059
2023-03-02 Thursday 13:32:48: Episode:0 Mean Avg Speed 2= 6.346 +/- 1.116
2023-03-02 Thursday 13:32:48: Episode:1 Mean Avg Speed 2= 6.834 +/- 1.043
2023-03-02 Thursday 13:32:48: Episode:2 Mean Avg Speed 2= 6.618 +/- 1.073
2023-03-02 Thursday 13:32:48: Episode:3 Mean Avg Speed 2= 6.677 +/- 1.091
2023-03-02 Thursday 13:32:48: Episode:4 Mean Avg Speed 2= 6.721 +/- 1.070
2023-03-02 Thursday 13:32:48: 1-Total Mean Avg Speed 2= 6.639 +/- 0.163
2023-03-02 Thursday 13:32:48: 2-Total Mean Avg Speed 2= 6.639 +/- 1.078
2023-03-02 Thursday 13:32:48: Episode:0 Mean Avg Speed Cross Check= 7.614 +/- 0.836
2023-03-02 Thursday 13:32:48: Episode:1 Mean Avg Speed Cross Check= 7.987 +/- 0.729
2023-03-02 Thursday 13:32:48: Episode:2 Mean Avg Speed Cross Check= 7.829 +/- 0.765
2023-03-02 Thursday 13:32:48: Episode:3 Mean Avg Speed Cross Check= 7.868 +/- 0.787
2023-03-02 Thursday 13:32:48: Episode:4 Mean Avg Speed Cross Check= 7.905 +/- 0.760
2023-03-02 Thursday 13:32:48: 1-Total Mean Avg Speed Cross Check= 7.840 +/- 0.125
2023-03-02 Thursday 13:32:48: 2-Total Mean Avg Speed Cross Check= 7.840 +/- 0.775
2023-03-02 Thursday 13:32:48: ****************************************
