2023-01-30 Monday 20:07:05 root:INFO:Total Missing States: 0
2023-01-30 Monday 20:07:05 root:INFO:Mean Reward=-697.31 +/- 5.05
2023-01-30 Monday 20:07:05 root:INFO:Mean Stopped=1440665.00 +/- 582.18
2023-01-30 Monday 20:07:05 root:INFO:Mean Waiting Time=642661557.60 +/- 274891.35
2023-01-30 Monday 20:07:05 root:INFO:****************************************
2023-01-30 Monday 20:07:05 root:INFO:Calculation 1 - Overall 
2023-01-30 Monday 20:07:05 root:INFO:****************************************
2023-01-30 Monday 20:07:05 root:INFO:Inner X Outer Loops Mean Reward=-0.070 +/- 5.064
2023-01-30 Monday 20:07:05 root:INFO:Inner X Outer Loops Mean Stopped= 144.052 +/- 24.550
2023-01-30 Monday 20:07:05 root:INFO:Inner X Outer Loops Mean Waiting Time= 64259.730 +/- 14202.050
2023-01-30 Monday 20:07:05 root:INFO:****************************************
2023-01-30 Monday 20:07:05 root:INFO:Calculation 2 - Per Episode
2023-01-30 Monday 20:07:05 root:INFO:****************************************
2023-01-30 Monday 20:07:05 root:INFO:Episode:0 Mean Waiting Time=-0.069 +/- 5.067
2023-01-30 Monday 20:07:05 root:INFO:Episode:1 Mean Waiting Time=-0.070 +/- 5.062
2023-01-30 Monday 20:07:05 root:INFO:Episode:2 Mean Waiting Time=-0.069 +/- 5.066
2023-01-30 Monday 20:07:05 root:INFO:Episode:3 Mean Waiting Time=-0.070 +/- 5.062
2023-01-30 Monday 20:07:05 root:INFO:Episode:4 Mean Waiting Time=-0.070 +/- 5.061
2023-01-30 Monday 20:07:05 root:INFO:1-Total Mean Reward= -0.070 +/- 0.001
2023-01-30 Monday 20:07:05 root:INFO:2-Total Mean Reward= -0.070 +/- 5.064
2023-01-30 Monday 20:07:05 root:INFO:****
2023-01-30 Monday 20:07:05 root:INFO:Episode:0 Mean Stopped= 144.090 +/- 24.184
2023-01-30 Monday 20:07:05 root:INFO:Episode:1 Mean Stopped= 144.094 +/- 24.624
2023-01-30 Monday 20:07:05 root:INFO:Episode:2 Mean Stopped= 143.952 +/- 24.628
2023-01-30 Monday 20:07:05 root:INFO:Episode:3 Mean Stopped= 144.021 +/- 24.694
2023-01-30 Monday 20:07:05 root:INFO:Episode:4 Mean Stopped= 144.104 +/- 24.616
2023-01-30 Monday 20:07:05 root:INFO:1-Total Mean Stopped= 144.052 +/- 0.058
2023-01-30 Monday 20:07:05 root:INFO:2-Total Mean Stopped= 144.052 +/- 24.549
2023-01-30 Monday 20:07:05 root:INFO:****
2023-01-30 Monday 20:07:05 root:INFO:Episode:0 Mean Waiting Time= 64294.076 +/- 13969.844
2023-01-30 Monday 20:07:05 root:INFO:Episode:1 Mean Waiting Time= 64278.827 +/- 14276.429
2023-01-30 Monday 20:07:05 root:INFO:Episode:2 Mean Waiting Time= 64213.338 +/- 14204.577
2023-01-30 Monday 20:07:05 root:INFO:Episode:3 Mean Waiting Time= 64250.909 +/- 14286.109
2023-01-30 Monday 20:07:05 root:INFO:Episode:4 Mean Waiting Time= 64261.499 +/- 14270.652
2023-01-30 Monday 20:07:05 root:INFO:1-Total Mean Waiting Time= 64259.730 +/- 27.486
2023-01-30 Monday 20:07:05 root:INFO:2-Total Mean Waiting Time= 64259.730 +/- 14201.522
2023-01-30 Monday 20:07:05 root:INFO:****************************************
