2023-02-03 Friday 21:30:01 root:INFO:Total Missing States: 0
2023-02-03 Friday 21:30:01 root:INFO:Mean Reward=-34.64 +/- 0.60
2023-02-03 Friday 21:30:01 root:INFO:Mean Stopped=1440429.40 +/- 566.77
2023-02-03 Friday 21:30:01 root:INFO:Mean Waiting Time=32407063.60 +/- 13042.14
2023-02-03 Friday 21:30:01 root:INFO:****************************************
2023-02-03 Friday 21:30:01 root:INFO:Calculation 1 - Overall 
2023-02-03 Friday 21:30:01 root:INFO:****************************************
2023-02-03 Friday 21:30:01 root:INFO:Inner X Outer Loops Mean Reward=-0.003 +/- 1.146
2023-02-03 Friday 21:30:01 root:INFO:Inner X Outer Loops Mean Stopped= 144.029 +/- 24.740
2023-02-03 Friday 21:30:01 root:INFO:Inner X Outer Loops Mean Waiting Time= 3240.382 +/- 585.256
2023-02-03 Friday 21:30:01 root:INFO:****************************************
2023-02-03 Friday 21:30:01 root:INFO:Calculation 2 - Per Episode
2023-02-03 Friday 21:30:01 root:INFO:****************************************
2023-02-03 Friday 21:30:01 root:INFO:Episode:0 Mean Waiting Time=-0.004 +/- 1.147
2023-02-03 Friday 21:30:01 root:INFO:Episode:1 Mean Waiting Time=-0.003 +/- 1.147
2023-02-03 Friday 21:30:01 root:INFO:Episode:2 Mean Waiting Time=-0.003 +/- 1.146
2023-02-03 Friday 21:30:01 root:INFO:Episode:3 Mean Waiting Time=-0.003 +/- 1.145
2023-02-03 Friday 21:30:01 root:INFO:Episode:4 Mean Waiting Time=-0.004 +/- 1.146
2023-02-03 Friday 21:30:01 root:INFO:1-Total Mean Reward= -0.003 +/- 0.000
2023-02-03 Friday 21:30:01 root:INFO:2-Total Mean Reward= -0.003 +/- 1.146
2023-02-03 Friday 21:30:01 root:INFO:****
2023-02-03 Friday 21:30:01 root:INFO:Episode:0 Mean Stopped= 144.013 +/- 24.806
2023-02-03 Friday 21:30:01 root:INFO:Episode:1 Mean Stopped= 144.014 +/- 24.794
2023-02-03 Friday 21:30:01 root:INFO:Episode:2 Mean Stopped= 143.949 +/- 24.870
2023-02-03 Friday 21:30:01 root:INFO:Episode:3 Mean Stopped= 144.123 +/- 24.425
2023-02-03 Friday 21:30:01 root:INFO:Episode:4 Mean Stopped= 144.044 +/- 24.802
2023-02-03 Friday 21:30:01 root:INFO:1-Total Mean Stopped= 144.029 +/- 0.057
2023-02-03 Friday 21:30:01 root:INFO:2-Total Mean Stopped= 144.029 +/- 24.740
2023-02-03 Friday 21:30:01 root:INFO:****
2023-02-03 Friday 21:30:01 root:INFO:Episode:0 Mean Waiting Time= 3240.066 +/- 586.739
2023-02-03 Friday 21:30:01 root:INFO:Episode:1 Mean Waiting Time= 3239.780 +/- 586.504
2023-02-03 Friday 21:30:01 root:INFO:Episode:2 Mean Waiting Time= 3238.659 +/- 588.149
2023-02-03 Friday 21:30:01 root:INFO:Episode:3 Mean Waiting Time= 3242.593 +/- 578.232
2023-02-03 Friday 21:30:01 root:INFO:Episode:4 Mean Waiting Time= 3240.814 +/- 586.596
2023-02-03 Friday 21:30:01 root:INFO:1-Total Mean Waiting Time= 3240.382 +/- 1.304
2023-02-03 Friday 21:30:01 root:INFO:2-Total Mean Waiting Time= 3240.382 +/- 585.244
2023-02-03 Friday 21:30:01 root:INFO:****************************************
