2023-03-02 Thursday 09:32:25: Run: 1 for Training experiment: DoE-45 - first seed: 170 - alpha: 0.5 - gamma: 0.9 - epsilon: 0.3 - reward: diff-waiting-time
2023-03-02 Thursday 09:37:43: Run: 1 - First Epsilon: 0.3 - Last Epsilon: 0.3
2023-03-02 Thursday 09:43:18: Run: 2 - First Epsilon: 0.3 - Last Epsilon: 0.3
2023-03-02 Thursday 09:48:50: Run: 3 - First Epsilon: 0.3 - Last Epsilon: 0.3
2023-03-02 Thursday 09:54:28: Run: 4 - First Epsilon: 0.3 - Last Epsilon: 0.3
2023-03-02 Thursday 10:00:03: Run: 5 - First Epsilon: 0.3 - Last Epsilon: 0.3
2023-03-02 Thursday 10:00:03: Q-Table Total Distinct States: 379
2023-03-02 Thursday 10:00:03: Mean_reward=-1.17 +/- 0.66
2023-03-02 Thursday 10:00:03: Mean_Stopped=81011.80 +/- 2241.79
2023-03-02 Thursday 10:00:03: Mean_Stopped=81171.40 +/- 2250.17
2023-03-02 Thursday 10:00:03: Mean_waiting_time=1840749.60 +/- 183107.20
2023-03-02 Thursday 10:00:03: Mean_avg_speed=3487.32 +/- 29.92
2023-03-02 Thursday 10:00:03: Mean_avg_speed_2=64786.99 +/- 578.51
2023-03-02 Thursday 10:00:03: Mean_avg_speed_cross_check=77139.35 +/- 459.73
2023-03-02 Thursday 10:00:03: ****************************************
2023-03-02 Thursday 10:00:03: Calculation 1 - Overall 
2023-03-02 Thursday 10:00:03: ****************************************
2023-03-02 Thursday 10:00:03: Inner X Outer Loops Mean Reward= -0.000 +/- 0.815
2023-03-02 Thursday 10:00:03: Inner X Outer Loops Mean Stopped= 8.100 +/- 3.118
2023-03-02 Thursday 10:00:03: Inner X Outer Loops Mean Stopped Cross Check= 8.116 +/- 3.120
2023-03-02 Thursday 10:00:03: Inner X Outer Loops Mean Waiting Time= 184.057 +/- 187.302
2023-03-02 Thursday 10:00:04: Inner X Outer Loops Mean Avg Speed= 0.349 +/- 0.063
2023-03-02 Thursday 10:00:04: Inner X Outer Loops Mean Avg Speed 2= 6.478 +/- 1.147
2023-03-02 Thursday 10:00:04: Inner X Outer Loops Mean Avg Speed Cross Check= 7.713 +/- 0.855
2023-03-02 Thursday 10:00:04: ****************************************
2023-03-02 Thursday 10:00:04: Calculation 2 - Per Episode
2023-03-02 Thursday 10:00:04: ****************************************
2023-03-02 Thursday 10:00:04: Episode:0 Mean Reward= -0.000 +/- 0.892
2023-03-02 Thursday 10:00:04: Episode:1 Mean Reward= -0.000 +/- 0.788
2023-03-02 Thursday 10:00:04: Episode:2 Mean Reward= -0.000 +/- 0.773
2023-03-02 Thursday 10:00:04: Episode:3 Mean Reward= -0.000 +/- 0.837
2023-03-02 Thursday 10:00:04: Episode:4 Mean Reward= -0.000 +/- 0.777
2023-03-02 Thursday 10:00:04: 1-Total Mean Reward= -0.000 +/- 0.000
2023-03-02 Thursday 10:00:04: 2-Total Mean Reward= -0.000 +/- 0.813
2023-03-02 Thursday 10:00:04: ****
2023-03-02 Thursday 10:00:04: Episode:0 Mean Stopped= 8.398 +/- 4.208
2023-03-02 Thursday 10:00:04: Episode:1 Mean Stopped= 7.978 +/- 3.001
2023-03-02 Thursday 10:00:04: Episode:2 Mean Stopped= 7.782 +/- 2.483
2023-03-02 Thursday 10:00:04: Episode:3 Mean Stopped= 8.307 +/- 2.888
2023-03-02 Thursday 10:00:04: Episode:4 Mean Stopped= 8.037 +/- 2.673
2023-03-02 Thursday 10:00:04: 1-Total Mean Stopped= 8.100 +/- 0.224
2023-03-02 Thursday 10:00:04: 2-Total Mean Stopped= 8.100 +/- 3.051
2023-03-02 Thursday 10:00:04: ****
2023-03-02 Thursday 10:00:04: Episode:0 Mean Stopped Cross Check= 8.413 +/- 4.208
2023-03-02 Thursday 10:00:04: Episode:1 Mean Stopped Cross Check= 7.992 +/- 3.003
2023-03-02 Thursday 10:00:04: Episode:2 Mean Stopped Cross Check= 7.798 +/- 2.484
2023-03-02 Thursday 10:00:04: Episode:3 Mean Stopped Cross Check= 8.326 +/- 2.890
2023-03-02 Thursday 10:00:04: Episode:4 Mean Stopped Cross Check= 8.053 +/- 2.675
2023-03-02 Thursday 10:00:04: 1-Total Mean Stopped Cross Check= 8.116 +/- 0.225
2023-03-02 Thursday 10:00:04: 2-Total Mean Stopped Cross Check= 8.116 +/- 3.052
2023-03-02 Thursday 10:00:04: ****
2023-03-02 Thursday 10:00:04: Episode:0 Mean Waiting Time= 215.864 +/- 291.533
2023-03-02 Thursday 10:00:04: Episode:1 Mean Waiting Time= 173.918 +/- 151.726
2023-03-02 Thursday 10:00:04: Episode:2 Mean Waiting Time= 167.508 +/- 139.815
2023-03-02 Thursday 10:00:04: Episode:3 Mean Waiting Time= 193.214 +/- 170.359
2023-03-02 Thursday 10:00:04: Episode:4 Mean Waiting Time= 169.779 +/- 130.964
2023-03-02 Thursday 10:00:04: 1-Total Mean Waiting Time= 184.057 +/- 18.309
2023-03-02 Thursday 10:00:04: 2-Total Mean Waiting Time= 184.057 +/- 176.879
2023-03-02 Thursday 10:00:04: Episode:0 Mean Avg Speed= 0.348 +/- 0.068
2023-03-02 Thursday 10:00:04: Episode:1 Mean Avg Speed= 0.351 +/- 0.064
2023-03-02 Thursday 10:00:04: Episode:2 Mean Avg Speed= 0.353 +/- 0.060
2023-03-02 Thursday 10:00:04: Episode:3 Mean Avg Speed= 0.344 +/- 0.062
2023-03-02 Thursday 10:00:04: Episode:4 Mean Avg Speed= 0.348 +/- 0.061
2023-03-02 Thursday 10:00:04: 1-Total Mean Avg Speed= 0.349 +/- 0.003
2023-03-02 Thursday 10:00:04: 2-Total Mean Avg Speed= 0.349 +/- 0.063
2023-03-02 Thursday 10:00:04: Episode:0 Mean Avg Speed 2= 6.462 +/- 1.248
2023-03-02 Thursday 10:00:04: Episode:1 Mean Avg Speed 2= 6.522 +/- 1.161
2023-03-02 Thursday 10:00:04: Episode:2 Mean Avg Speed 2= 6.556 +/- 1.080
2023-03-02 Thursday 10:00:04: Episode:3 Mean Avg Speed 2= 6.388 +/- 1.134
2023-03-02 Thursday 10:00:04: Episode:4 Mean Avg Speed 2= 6.462 +/- 1.098
2023-03-02 Thursday 10:00:04: 1-Total Mean Avg Speed 2= 6.478 +/- 0.058
2023-03-02 Thursday 10:00:04: 2-Total Mean Avg Speed 2= 6.478 +/- 1.144
2023-03-02 Thursday 10:00:04: Episode:0 Mean Avg Speed Cross Check= 7.686 +/- 0.967
2023-03-02 Thursday 10:00:04: Episode:1 Mean Avg Speed Cross Check= 7.743 +/- 0.858
2023-03-02 Thursday 10:00:04: Episode:2 Mean Avg Speed Cross Check= 7.780 +/- 0.784
2023-03-02 Thursday 10:00:04: Episode:3 Mean Avg Speed Cross Check= 7.646 +/- 0.841
2023-03-02 Thursday 10:00:04: Episode:4 Mean Avg Speed Cross Check= 7.712 +/- 0.808
2023-03-02 Thursday 10:00:04: 1-Total Mean Avg Speed Cross Check= 7.713 +/- 0.046
2023-03-02 Thursday 10:00:04: 2-Total Mean Avg Speed Cross Check= 7.713 +/- 0.852
2023-03-02 Thursday 10:00:04: ****************************************
