2023-03-12 Sunday 22:03:57: Run: 4 for Training experiment: DoE-34 - first seed: 470 - alpha: 0.3 - gamma: 0.99 - epsilon: 0.3 - reward: average-speed-2
2023-03-12 Sunday 22:20:24: Run: 1 - First Epsilon: 0.3 - Last Epsilon: 0.3
2023-03-12 Sunday 22:40:03: Run: 2 - First Epsilon: 0.3 - Last Epsilon: 0.3
2023-03-12 Sunday 22:58:11: Run: 3 - First Epsilon: 0.3 - Last Epsilon: 0.3
2023-03-12 Sunday 23:14:07: Run: 4 - First Epsilon: 0.3 - Last Epsilon: 0.3
2023-03-12 Sunday 23:29:57: Run: 5 - First Epsilon: 0.3 - Last Epsilon: 0.3
2023-03-12 Sunday 23:29:58: Q-Table Total Distinct States: 691
2023-03-12 Sunday 23:29:58: Mean_reward=11741.15 +/- 1270.65
2023-03-12 Sunday 23:29:58: Mean_Stopped=896997.20 +/- 99146.80
2023-03-12 Sunday 23:29:58: Mean_Stopped=897231.40 +/- 99183.39
2023-03-12 Sunday 23:29:58: Mean_waiting_time=66238809.60 +/- 26927432.21
2023-03-12 Sunday 23:29:58: Mean_avg_speed=632.00 +/- 68.49
2023-03-12 Sunday 23:29:58: Mean_avg_speed_2=11741.15 +/- 1270.65
2023-03-12 Sunday 23:29:58: Mean_avg_speed_cross_check=20489.93 +/- 2014.22
2023-03-12 Sunday 23:29:58: ****************************************
2023-03-12 Sunday 23:29:58: Calculation 1 - Overall 
2023-03-12 Sunday 23:29:58: ****************************************
2023-03-12 Sunday 23:29:58: Inner X Outer Loops Mean Reward= 1.174 +/- 0.532
2023-03-12 Sunday 23:29:58: Inner X Outer Loops Mean Stopped= 89.691 +/- 17.936
2023-03-12 Sunday 23:29:58: Inner X Outer Loops Mean Stopped Cross Check= 89.714 +/- 17.937
2023-03-12 Sunday 23:29:58: Inner X Outer Loops Mean Waiting Time= 6623.219 +/- 7477.615
2023-03-12 Sunday 23:29:58: Inner X Outer Loops Mean Avg Speed= 0.063 +/- 0.028
2023-03-12 Sunday 23:29:58: Inner X Outer Loops Mean Avg Speed 2= 1.174 +/- 0.532
2023-03-12 Sunday 23:29:58: Inner X Outer Loops Mean Avg Speed Cross Check= 2.049 +/- 0.620
2023-03-12 Sunday 23:29:58: ****************************************
2023-03-12 Sunday 23:29:58: Calculation 2 - Per Episode
2023-03-12 Sunday 23:29:58: ****************************************
2023-03-12 Sunday 23:29:58: Episode:0 Mean Reward= 1.109 +/- 0.505
2023-03-12 Sunday 23:29:58: Episode:1 Mean Reward= 0.992 +/- 0.462
2023-03-12 Sunday 23:29:58: Episode:2 Mean Reward= 1.140 +/- 0.548
2023-03-12 Sunday 23:29:58: Episode:3 Mean Reward= 1.277 +/- 0.547
2023-03-12 Sunday 23:29:58: Episode:4 Mean Reward= 1.352 +/- 0.516
2023-03-12 Sunday 23:29:58: 1-Total Mean Reward= 1.174 +/- 0.127
2023-03-12 Sunday 23:29:58: 2-Total Mean Reward= 1.174 +/- 0.516
2023-03-12 Sunday 23:29:58: ****
2023-03-12 Sunday 23:29:58: Episode:0 Mean Stopped= 91.897 +/- 18.678
2023-03-12 Sunday 23:29:58: Episode:1 Mean Stopped= 105.114 +/- 11.775
2023-03-12 Sunday 23:29:58: Episode:2 Mean Stopped= 93.543 +/- 17.146
2023-03-12 Sunday 23:29:58: Episode:3 Mean Stopped= 80.197 +/- 12.932
2023-03-12 Sunday 23:29:58: Episode:4 Mean Stopped= 77.703 +/- 12.973
2023-03-12 Sunday 23:29:58: 1-Total Mean Stopped= 89.691 +/- 9.914
2023-03-12 Sunday 23:29:58: 2-Total Mean Stopped= 89.691 +/- 14.701
2023-03-12 Sunday 23:29:58: ****
2023-03-12 Sunday 23:29:58: Episode:0 Mean Stopped Cross Check= 91.922 +/- 18.676
2023-03-12 Sunday 23:29:58: Episode:1 Mean Stopped Cross Check= 105.144 +/- 11.768
2023-03-12 Sunday 23:29:58: Episode:2 Mean Stopped Cross Check= 93.565 +/- 17.149
2023-03-12 Sunday 23:29:58: Episode:3 Mean Stopped Cross Check= 80.217 +/- 12.936
2023-03-12 Sunday 23:29:58: Episode:4 Mean Stopped Cross Check= 77.723 +/- 12.971
2023-03-12 Sunday 23:29:58: 1-Total Mean Stopped Cross Check= 89.714 +/- 9.917
2023-03-12 Sunday 23:29:58: 2-Total Mean Stopped Cross Check= 89.714 +/- 14.700
2023-03-12 Sunday 23:29:58: ****
2023-03-12 Sunday 23:29:58: Episode:0 Mean Waiting Time= 7026.333 +/- 7795.581
2023-03-12 Sunday 23:29:58: Episode:1 Mean Waiting Time= 11290.258 +/- 9664.263
2023-03-12 Sunday 23:29:58: Episode:2 Mean Waiting Time= 6721.855 +/- 7825.366
2023-03-12 Sunday 23:29:58: Episode:3 Mean Waiting Time= 4722.712 +/- 4410.394
2023-03-12 Sunday 23:29:58: Episode:4 Mean Waiting Time= 3354.936 +/- 2910.253
2023-03-12 Sunday 23:29:58: 1-Total Mean Waiting Time= 6623.219 +/- 2692.474
2023-03-12 Sunday 23:29:58: 2-Total Mean Waiting Time= 6623.219 +/- 6521.172
2023-03-12 Sunday 23:29:58: Episode:0 Mean Avg Speed= 0.060 +/- 0.027
2023-03-12 Sunday 23:29:58: Episode:1 Mean Avg Speed= 0.053 +/- 0.025
2023-03-12 Sunday 23:29:58: Episode:2 Mean Avg Speed= 0.061 +/- 0.029
2023-03-12 Sunday 23:29:58: Episode:3 Mean Avg Speed= 0.069 +/- 0.029
2023-03-12 Sunday 23:29:58: Episode:4 Mean Avg Speed= 0.073 +/- 0.027
2023-03-12 Sunday 23:29:58: 1-Total Mean Avg Speed= 0.063 +/- 0.007
2023-03-12 Sunday 23:29:58: 2-Total Mean Avg Speed= 0.063 +/- 0.027
2023-03-12 Sunday 23:29:58: Episode:0 Mean Avg Speed 2= 1.109 +/- 0.505
2023-03-12 Sunday 23:29:58: Episode:1 Mean Avg Speed 2= 0.992 +/- 0.462
2023-03-12 Sunday 23:29:58: Episode:2 Mean Avg Speed 2= 1.140 +/- 0.548
2023-03-12 Sunday 23:29:58: Episode:3 Mean Avg Speed 2= 1.277 +/- 0.547
2023-03-12 Sunday 23:29:58: Episode:4 Mean Avg Speed 2= 1.352 +/- 0.516
2023-03-12 Sunday 23:29:58: 1-Total Mean Avg Speed 2= 1.174 +/- 0.127
2023-03-12 Sunday 23:29:58: 2-Total Mean Avg Speed 2= 1.174 +/- 0.516
2023-03-12 Sunday 23:29:58: Episode:0 Mean Avg Speed Cross Check= 1.946 +/- 0.606
2023-03-12 Sunday 23:29:58: Episode:1 Mean Avg Speed Cross Check= 1.761 +/- 0.502
2023-03-12 Sunday 23:29:58: Episode:2 Mean Avg Speed Cross Check= 1.995 +/- 0.630
2023-03-12 Sunday 23:29:58: Episode:3 Mean Avg Speed Cross Check= 2.213 +/- 0.605
2023-03-12 Sunday 23:29:58: Episode:4 Mean Avg Speed Cross Check= 2.330 +/- 0.579
2023-03-12 Sunday 23:29:58: 1-Total Mean Avg Speed Cross Check= 2.049 +/- 0.201
2023-03-12 Sunday 23:29:58: 2-Total Mean Avg Speed Cross Check= 2.049 +/- 0.584
2023-03-12 Sunday 23:29:58: ****************************************
