2023-03-15 Wednesday 06:23:31: Run: 5 for Training experiment: DoE-19 - first seed: 570 - alpha: 0.3 - gamma: 0.8 - epsilon: 0.2 - reward: diff-waiting-time
2023-03-15 Wednesday 06:28:57: Run: 1 - First Epsilon: 0.2 - Last Epsilon: 0.2
2023-03-15 Wednesday 06:34:03: Run: 2 - First Epsilon: 0.2 - Last Epsilon: 0.2
2023-03-15 Wednesday 06:39:10: Run: 3 - First Epsilon: 0.2 - Last Epsilon: 0.2
2023-03-15 Wednesday 06:44:36: Run: 4 - First Epsilon: 0.2 - Last Epsilon: 0.2
2023-03-15 Wednesday 06:50:04: Run: 5 - First Epsilon: 0.2 - Last Epsilon: 0.2
2023-03-15 Wednesday 06:50:04: Q-Table Total Distinct States: 163
2023-03-15 Wednesday 06:50:04: Mean_reward=-1.27 +/- 0.65
2023-03-15 Wednesday 06:50:04: Mean_Stopped=68314.20 +/- 1224.92
2023-03-15 Wednesday 06:50:04: Mean_Stopped=68412.20 +/- 1232.00
2023-03-15 Wednesday 06:50:04: Mean_waiting_time=1313944.40 +/- 32020.82
2023-03-15 Wednesday 06:50:04: Mean_avg_speed=3727.40 +/- 27.13
2023-03-15 Wednesday 06:50:04: Mean_avg_speed_2=69253.75 +/- 517.38
2023-03-15 Wednesday 06:50:04: Mean_avg_speed_cross_check=80439.98 +/- 375.84
2023-03-15 Wednesday 06:50:04: ****************************************
2023-03-15 Wednesday 06:50:04: Calculation 1 - Overall 
2023-03-15 Wednesday 06:50:04: ****************************************
2023-03-15 Wednesday 06:50:04: Inner X Outer Loops Mean Reward= -0.000 +/- 0.682
2023-03-15 Wednesday 06:50:04: Inner X Outer Loops Mean Stopped= 6.831 +/- 2.097
2023-03-15 Wednesday 06:50:04: Inner X Outer Loops Mean Stopped Cross Check= 6.841 +/- 2.097
2023-03-15 Wednesday 06:50:04: Inner X Outer Loops Mean Waiting Time= 131.381 +/- 113.756
2023-03-15 Wednesday 06:50:04: Inner X Outer Loops Mean Avg Speed= 0.373 +/- 0.060
2023-03-15 Wednesday 06:50:04: Inner X Outer Loops Mean Avg Speed 2= 6.925 +/- 1.078
2023-03-15 Wednesday 06:50:04: Inner X Outer Loops Mean Avg Speed Cross Check= 8.043 +/- 0.748
2023-03-15 Wednesday 06:50:04: ****************************************
2023-03-15 Wednesday 06:50:04: Calculation 2 - Per Episode
2023-03-15 Wednesday 06:50:04: ****************************************
2023-03-15 Wednesday 06:50:04: Episode:0 Mean Reward= -0.000 +/- 0.696
2023-03-15 Wednesday 06:50:04: Episode:1 Mean Reward= -0.000 +/- 0.671
2023-03-15 Wednesday 06:50:04: Episode:2 Mean Reward= -0.000 +/- 0.675
2023-03-15 Wednesday 06:50:04: Episode:3 Mean Reward= -0.000 +/- 0.678
2023-03-15 Wednesday 06:50:04: Episode:4 Mean Reward= -0.000 +/- 0.688
2023-03-15 Wednesday 06:50:04: 1-Total Mean Reward= -0.000 +/- 0.000
2023-03-15 Wednesday 06:50:04: 2-Total Mean Reward= -0.000 +/- 0.682
2023-03-15 Wednesday 06:50:04: ****
2023-03-15 Wednesday 06:50:04: Episode:0 Mean Stopped= 6.994 +/- 2.173
2023-03-15 Wednesday 06:50:04: Episode:1 Mean Stopped= 6.678 +/- 2.045
2023-03-15 Wednesday 06:50:04: Episode:2 Mean Stopped= 6.800 +/- 2.075
2023-03-15 Wednesday 06:50:04: Episode:3 Mean Stopped= 6.731 +/- 2.051
2023-03-15 Wednesday 06:50:04: Episode:4 Mean Stopped= 6.950 +/- 2.118
2023-03-15 Wednesday 06:50:04: 1-Total Mean Stopped= 6.831 +/- 0.122
2023-03-15 Wednesday 06:50:04: 2-Total Mean Stopped= 6.831 +/- 2.092
2023-03-15 Wednesday 06:50:04: ****
2023-03-15 Wednesday 06:50:04: Episode:0 Mean Stopped Cross Check= 7.006 +/- 2.172
2023-03-15 Wednesday 06:50:04: Episode:1 Mean Stopped Cross Check= 6.686 +/- 2.045
2023-03-15 Wednesday 06:50:04: Episode:2 Mean Stopped Cross Check= 6.809 +/- 2.077
2023-03-15 Wednesday 06:50:04: Episode:3 Mean Stopped Cross Check= 6.742 +/- 2.051
2023-03-15 Wednesday 06:50:04: Episode:4 Mean Stopped Cross Check= 6.959 +/- 2.118
2023-03-15 Wednesday 06:50:04: 1-Total Mean Stopped Cross Check= 6.841 +/- 0.123
2023-03-15 Wednesday 06:50:04: 2-Total Mean Stopped Cross Check= 6.841 +/- 2.093
2023-03-15 Wednesday 06:50:04: ****
2023-03-15 Wednesday 06:50:04: Episode:0 Mean Waiting Time= 135.954 +/- 118.719
2023-03-15 Wednesday 06:50:04: Episode:1 Mean Waiting Time= 127.037 +/- 113.227
2023-03-15 Wednesday 06:50:04: Episode:2 Mean Waiting Time= 129.630 +/- 107.737
2023-03-15 Wednesday 06:50:04: Episode:3 Mean Waiting Time= 130.239 +/- 121.340
2023-03-15 Wednesday 06:50:04: Episode:4 Mean Waiting Time= 134.046 +/- 106.797
2023-03-15 Wednesday 06:50:04: 1-Total Mean Waiting Time= 131.381 +/- 3.202
2023-03-15 Wednesday 06:50:04: 2-Total Mean Waiting Time= 131.381 +/- 113.564
2023-03-15 Wednesday 06:50:04: Episode:0 Mean Avg Speed= 0.369 +/- 0.060
2023-03-15 Wednesday 06:50:04: Episode:1 Mean Avg Speed= 0.376 +/- 0.059
2023-03-15 Wednesday 06:50:04: Episode:2 Mean Avg Speed= 0.373 +/- 0.060
2023-03-15 Wednesday 06:50:04: Episode:3 Mean Avg Speed= 0.375 +/- 0.059
2023-03-15 Wednesday 06:50:04: Episode:4 Mean Avg Speed= 0.370 +/- 0.059
2023-03-15 Wednesday 06:50:04: 1-Total Mean Avg Speed= 0.373 +/- 0.003
2023-03-15 Wednesday 06:50:04: 2-Total Mean Avg Speed= 0.373 +/- 0.060
2023-03-15 Wednesday 06:50:04: Episode:0 Mean Avg Speed 2= 6.855 +/- 1.079
2023-03-15 Wednesday 06:50:04: Episode:1 Mean Avg Speed 2= 6.992 +/- 1.069
2023-03-15 Wednesday 06:50:04: Episode:2 Mean Avg Speed 2= 6.939 +/- 1.087
2023-03-15 Wednesday 06:50:04: Episode:3 Mean Avg Speed 2= 6.962 +/- 1.075
2023-03-15 Wednesday 06:50:04: Episode:4 Mean Avg Speed 2= 6.875 +/- 1.075
2023-03-15 Wednesday 06:50:04: 1-Total Mean Avg Speed 2= 6.925 +/- 0.052
2023-03-15 Wednesday 06:50:04: 2-Total Mean Avg Speed 2= 6.925 +/- 1.077
2023-03-15 Wednesday 06:50:04: Episode:0 Mean Avg Speed Cross Check= 7.990 +/- 0.753
2023-03-15 Wednesday 06:50:04: Episode:1 Mean Avg Speed Cross Check= 8.093 +/- 0.737
2023-03-15 Wednesday 06:50:04: Episode:2 Mean Avg Speed Cross Check= 8.052 +/- 0.748
2023-03-15 Wednesday 06:50:04: Episode:3 Mean Avg Speed Cross Check= 8.069 +/- 0.746
2023-03-15 Wednesday 06:50:04: Episode:4 Mean Avg Speed Cross Check= 8.012 +/- 0.753
2023-03-15 Wednesday 06:50:04: 1-Total Mean Avg Speed Cross Check= 8.043 +/- 0.038
2023-03-15 Wednesday 06:50:04: 2-Total Mean Avg Speed Cross Check= 8.043 +/- 0.747
2023-03-15 Wednesday 06:50:04: ****************************************
