2023-04-10 Monday 02:30:18: Run: 1 for Training experiment: DE-7 - route: ../nets/roundabout/input_routes_roundabout_auto_v1-7.rou.xml - first seed: 170 - alpha: 0.5 - gamma: 0.99 - epsilon: 0.2 - reward: diff-waiting-time
2023-04-10 Monday 02:48:45: Run: 1 - First Epsilon: 0.2 - Last Epsilon: 0.2
2023-04-10 Monday 02:58:14: Run: 2 - First Epsilon: 0.2 - Last Epsilon: 0.2
2023-04-10 Monday 03:07:13: Run: 3 - First Epsilon: 0.2 - Last Epsilon: 0.2
2023-04-10 Monday 03:16:12: Run: 4 - First Epsilon: 0.2 - Last Epsilon: 0.2
2023-04-10 Monday 03:25:36: Run: 5 - First Epsilon: 0.2 - Last Epsilon: 0.2
2023-04-10 Monday 03:25:37: Q-Table Total Distinct States: 721
2023-04-10 Monday 03:25:37: Mean_reward=-1.32 +/- 0.68
2023-04-10 Monday 03:25:37: Mean_Stopped=127786.20 +/- 111340.33
2023-04-10 Monday 03:25:37: Mean_Stopped=127920.00 +/- 111363.91
2023-04-10 Monday 03:25:37: Mean_waiting_time=3522643.00 +/- 3608297.35
2023-04-10 Monday 03:25:37: Mean_avg_speed=3267.51 +/- 774.95
2023-04-10 Monday 03:25:37: Mean_avg_speed_2=60694.16 +/- 14382.02
2023-04-10 Monday 03:25:37: Mean_avg_speed_cross_check=72627.34 +/- 13755.29
2023-04-10 Monday 03:25:37: ****************************************
2023-04-10 Monday 03:25:37: Calculation 1 - Overall 
2023-04-10 Monday 03:25:37: ****************************************
2023-04-10 Monday 03:25:37: Inner X Outer Loops Mean Reward= -0.000 +/- 1.059
2023-04-10 Monday 03:25:37: Inner X Outer Loops Mean Stopped= 12.777 +/- 13.772
2023-04-10 Monday 03:25:37: Inner X Outer Loops Mean Stopped Cross Check= 12.791 +/- 13.776
2023-04-10 Monday 03:25:37: Inner X Outer Loops Mean Waiting Time= 352.229 +/- 647.840
2023-04-10 Monday 03:25:37: Inner X Outer Loops Mean Avg Speed= 0.327 +/- 0.105
2023-04-10 Monday 03:25:37: Inner X Outer Loops Mean Avg Speed 2= 6.069 +/- 1.939
2023-04-10 Monday 03:25:37: Inner X Outer Loops Mean Avg Speed Cross Check= 7.262 +/- 1.755
2023-04-10 Monday 03:25:37: ****************************************
2023-04-10 Monday 03:25:37: Calculation 2 - Per Episode
2023-04-10 Monday 03:25:37: ****************************************
2023-04-10 Monday 03:25:37: Episode:0 Mean Reward= -0.000 +/- 1.758
2023-04-10 Monday 03:25:37: Episode:1 Mean Reward= -0.000 +/- 0.860
2023-04-10 Monday 03:25:37: Episode:2 Mean Reward= -0.000 +/- 0.771
2023-04-10 Monday 03:25:37: Episode:3 Mean Reward= -0.000 +/- 0.765
2023-04-10 Monday 03:25:37: Episode:4 Mean Reward= -0.000 +/- 0.773
2023-04-10 Monday 03:25:37: 1-Total Mean Reward= -0.000 +/- 0.000
2023-04-10 Monday 03:25:37: 2-Total Mean Reward= -0.000 +/- 0.985
2023-04-10 Monday 03:25:37: ****
2023-04-10 Monday 03:25:37: Episode:0 Mean Stopped= 35.043 +/- 17.571
2023-04-10 Monday 03:25:37: Episode:1 Mean Stopped= 7.237 +/- 2.217
2023-04-10 Monday 03:25:37: Episode:2 Mean Stopped= 7.287 +/- 2.320
2023-04-10 Monday 03:25:37: Episode:3 Mean Stopped= 7.248 +/- 2.244
2023-04-10 Monday 03:25:37: Episode:4 Mean Stopped= 7.072 +/- 2.137
2023-04-10 Monday 03:25:37: 1-Total Mean Stopped= 12.777 +/- 11.133
2023-04-10 Monday 03:25:37: 2-Total Mean Stopped= 12.777 +/- 5.298
2023-04-10 Monday 03:25:37: ****
2023-04-10 Monday 03:25:37: Episode:0 Mean Stopped Cross Check= 35.061 +/- 17.578
2023-04-10 Monday 03:25:37: Episode:1 Mean Stopped Cross Check= 7.250 +/- 2.218
2023-04-10 Monday 03:25:37: Episode:2 Mean Stopped Cross Check= 7.300 +/- 2.321
2023-04-10 Monday 03:25:37: Episode:3 Mean Stopped Cross Check= 7.258 +/- 2.243
2023-04-10 Monday 03:25:37: Episode:4 Mean Stopped Cross Check= 7.085 +/- 2.140
2023-04-10 Monday 03:25:37: 1-Total Mean Stopped Cross Check= 12.791 +/- 11.135
2023-04-10 Monday 03:25:37: 2-Total Mean Stopped Cross Check= 12.791 +/- 5.300
2023-04-10 Monday 03:25:37: ****
2023-04-10 Monday 03:25:37: Episode:0 Mean Waiting Time= 1073.347 +/- 1156.266
2023-04-10 Monday 03:25:37: Episode:1 Mean Waiting Time= 197.045 +/- 201.880
2023-04-10 Monday 03:25:37: Episode:2 Mean Waiting Time= 164.862 +/- 154.967
2023-04-10 Monday 03:25:37: Episode:3 Mean Waiting Time= 161.405 +/- 144.002
2023-04-10 Monday 03:25:37: Episode:4 Mean Waiting Time= 164.487 +/- 158.639
2023-04-10 Monday 03:25:37: 1-Total Mean Waiting Time= 352.229 +/- 360.794
2023-04-10 Monday 03:25:37: 2-Total Mean Waiting Time= 352.229 +/- 363.151
2023-04-10 Monday 03:25:37: Episode:0 Mean Avg Speed= 0.172 +/- 0.106
2023-04-10 Monday 03:25:37: Episode:1 Mean Avg Speed= 0.365 +/- 0.059
2023-04-10 Monday 03:25:37: Episode:2 Mean Avg Speed= 0.363 +/- 0.060
2023-04-10 Monday 03:25:37: Episode:3 Mean Avg Speed= 0.365 +/- 0.059
2023-04-10 Monday 03:25:37: Episode:4 Mean Avg Speed= 0.368 +/- 0.059
2023-04-10 Monday 03:25:37: 1-Total Mean Avg Speed= 0.327 +/- 0.077
2023-04-10 Monday 03:25:37: 2-Total Mean Avg Speed= 0.327 +/- 0.068
2023-04-10 Monday 03:25:37: Episode:0 Mean Avg Speed 2= 3.193 +/- 1.962
2023-04-10 Monday 03:25:37: Episode:1 Mean Avg Speed 2= 6.789 +/- 1.072
2023-04-10 Monday 03:25:37: Episode:2 Mean Avg Speed 2= 6.753 +/- 1.086
2023-04-10 Monday 03:25:37: Episode:3 Mean Avg Speed 2= 6.771 +/- 1.064
2023-04-10 Monday 03:25:37: Episode:4 Mean Avg Speed 2= 6.838 +/- 1.070
2023-04-10 Monday 03:25:37: 1-Total Mean Avg Speed 2= 6.069 +/- 1.438
2023-04-10 Monday 03:25:37: 2-Total Mean Avg Speed 2= 6.069 +/- 1.251
2023-04-10 Monday 03:25:37: Episode:0 Mean Avg Speed Cross Check= 4.511 +/- 1.905
2023-04-10 Monday 03:25:37: Episode:1 Mean Avg Speed Cross Check= 7.950 +/- 0.759
2023-04-10 Monday 03:25:37: Episode:2 Mean Avg Speed Cross Check= 7.928 +/- 0.767
2023-04-10 Monday 03:25:37: Episode:3 Mean Avg Speed Cross Check= 7.936 +/- 0.757
2023-04-10 Monday 03:25:37: Episode:4 Mean Avg Speed Cross Check= 7.984 +/- 0.757
2023-04-10 Monday 03:25:37: 1-Total Mean Avg Speed Cross Check= 7.262 +/- 1.375
2023-04-10 Monday 03:25:37: 2-Total Mean Avg Speed Cross Check= 7.262 +/- 0.989
2023-04-10 Monday 03:25:37: ****************************************
